06:12:49 INFO     Docling disponível
06:12:49 WARNING  OCR fallback indisponível (IndentationError: unexpected indent (ptd_ocr_fallback.py, line 45))
06:12:51 INFO     Ignorado (guia/template/norma): ABNT-NBR-17225-Acessibilidade-Digital.pdf
06:12:51 INFO     Ignorado (guia/template/norma): cgrep-guia10passos-ptd-orgao.pdf
06:12:51 INFO     Ignorado (guia/template/norma): ABNT-NBR-17225-Acessibilidade-Digital.pdf
06:12:51 INFO     Scraping: 132 PDFs únicos | entregas: 68 | diretivos: 61
06:12:51 INFO     Baixando 132 PDFs únicos...
06:12:53 INFO     ✓ [  1/132] abin_ptd_anexo_de_entregas_assinado_pelo_orgao_ass   293.3KB
06:12:58 INFO     ✓ [  2/132] aeb_ptd_2025_2027_docdiretivo_aprovado_assinado-1_  1033.7KB
06:13:00 INFO     ✓ [  3/132] aeb_ptd_2025_2027_anexo_de_entregas_aprovado_assin   154.5KB
06:13:08 INFO     ✓ [  4/132] agu_ptd_2025_2027_docdiretivo_assinado_assinado_as  2860.3KB
06:13:11 INFO     ✓ [  5/132] agu_ptd_2025_2027_anexo_de_entregas_assinado_assin   525.5KB
06:13:14 INFO     ✓ [  6/132] ana_ptd_2025_2027_docdiretivo_assinado_assinado_as   477.2KB
06:13:17 INFO     ✓ [  7/132] ana_ptd_2025_2027_anexoentregas_assinado_assinado_   170.9KB
06:13:21 INFO     ✓ [  8/132] anac_ptd_2025_2026_docdiretivo_se_assinado_tarjado  1036.3KB
06:13:23 INFO     ✓ [  9/132] anac_ptd_2025_2026_anexo_de_entregas_se_assinado.p   215.2KB
06:13:27 INFO     ✓ [ 10/132] anatel_ptd_docdiretivo_assinado_2025_2026_assinado  1006.0KB
06:13:29 INFO     ✓ [ 11/132] anatel_ptd_2025_2026_anexo_de_entregas_do_ptd_publ    71.9KB
06:13:34 INFO     ✓ [ 12/132] ancine_ptd_2024_2026_docdiretivo_assinado-2_assina   961.8KB
06:13:37 INFO     ✓ [ 13/132] ancine_ptd_2024_2026_-_anexo_de_entregas_aprovado_   613.2KB
06:13:41 INFO     ✓ [ 14/132] ptd_aneel_2025-2027_docdiretivo_assinado_tarjado.p   779.6KB
06:13:43 INFO     ✓ [ 15/132] ptd_aneel_2025-2027_anexo_de_entregas_assinado.pdf   111.9KB
06:13:47 INFO     ✓ [ 16/132] anm_ptd_2025_2027_docdiretivo_assinadopeloorgao_ta  1092.5KB
06:13:51 INFO     ✓ [ 17/132] anm_ptd_2025_2027_anexo_entregas_assinadopeloorgao  1140.4KB
06:13:55 INFO     ✓ [ 18/132] anpd_ptd_2025_2027_docdiretivo_assinado_assinado_a  1044.3KB
06:13:58 INFO     ✓ [ 19/132] anpd_ptd_2025_2027_anexo_de_entregas_assinado_assi   166.5KB
06:14:02 INFO     ✓ [ 20/132] ans-plano_de_transformacao_digital_assinado-copia_  1023.4KB
06:14:04 INFO     ✓ [ 21/132] ans_ptd_2025_2026_anexo_de_entregas_assinado_assin   124.1KB
06:14:08 INFO     ✓ [ 22/132] antaq_ptd_2025_2027_docdiretivo_assinado_assinado_  1039.8KB
06:14:11 INFO     ✓ [ 23/132] antaq_ptd_2025_2027_anexoentregas_assinado_assinad   145.1KB
06:14:13 INFO     ✓ [ 24/132] mt_anexo_de_entregas_-_assinado_assinado_assinado_   143.6KB
06:14:25 INFO     ✓ [ 25/132] anvisa_ptd_docdiretivo_2025-2026_assinado_assinado  5771.2KB
06:14:28 INFO     ✓ [ 26/132] anvisa_ptd_anexo_de_entregas_2025_2026_assinado_as   239.0KB
06:14:31 INFO     ✓ [ 27/132] bcb_documento_diretivo_assinado_assinado_assinado-   713.7KB
06:14:34 INFO     ✓ [ 28/132] bcb_anexo_de_entregas_ptd_25_26-1_assinado_assinad   134.8KB
06:14:38 INFO     ✓ [ 29/132] cade_ptd_docdiretivo_2025_2026_assinado-2_assinado   810.4KB
06:14:41 INFO     ✓ [ 30/132] cade_ptd_anexo_de_entregas_2025_2026_assinado_copi   504.0KB
06:14:45 INFO     ✓ [ 31/132] mec_ptd_docdiretivo_2025-2026_sei_mec-5566673_copi   863.1KB
06:14:48 INFO     ✓ [ 32/132] mec_ptd_anexo-de-entregas_sei_mec-5576401_copia_ta   495.7KB
06:14:53 INFO     ✓ [ 33/132] mec_ptd_docdiretivo-versao-comunicacao_copia_tarja  1616.5KB
06:14:56 INFO     ✓ [ 34/132] md_ptd_2026_2027_anexo_de_entregas_assinado_assina   579.4KB
06:14:59 INFO     ✓ [ 35/132] md_ptd_2026_2027_anexo_de_entregas_assinado_assina   186.8KB
06:15:02 INFO     ✓ [ 36/132] md_ptd_temp_copia_tarjada.pdf                        741.9KB
06:15:06 INFO     ✓ [ 37/132] cgu_ptd_docdiretivo_assinado_assinado_assinado-cop  1085.4KB
06:15:10 INFO     ✓ [ 38/132] cgu_ptd_anexo_de_entregas_pactuadas_assinado_assin   514.1KB
06:15:13 INFO     ✓ [ 39/132] cnpq_ptd_2025_2027_docdiretivo_assinado_assinado_a   342.9KB
06:15:15 INFO     ✓ [ 40/132] cnpq_ptd_2025_2027_anexo_de_entregas_assinado_assi   136.1KB
06:15:19 INFO     ✓ [ 41/132] coaf_ptd_2025_2026_documento_diretivo_assinado_ass  1068.0KB
06:15:27 INFO     ✓ [ 42/132] coaf_ptd_2025_2026_anexo_de_entregas-2_assinado_as  3184.5KB
06:15:35 INFO     ✓ [ 43/132] ptd_midr-docdiretivo_aprovado_assinado_tarjado.pdf  3864.1KB
06:15:39 INFO     ✓ [ 44/132] ptd_midr_-_anexo_de_entregas_-_aprovado_assinado.p  1122.0KB
06:15:43 INFO     ✓ [ 45/132] mda-documento-diretivo-assinado_ptd-2025-207-copia   955.8KB
06:15:46 INFO     ✓ [ 46/132] cvm_ptd_2025_2027_docdiretivo_assinado_assinado_as   270.5KB
06:15:49 INFO     ✓ [ 47/132] cvm_ptd_2025_2027_anexoentregas_assinado_assinado_   409.0KB
06:15:53 INFO     ✓ [ 48/132] dnocs_ptd_doc_diretivo_2025_2026_assinado_orgao-2_   891.1KB
06:15:55 INFO     ✓ [ 49/132] dnocs_anexo_de_entregas_repactuado_2025_2026_assin   272.3KB
06:16:03 INFO     ✓ [ 50/132] fbn_ptd_2025_2027_docdiretivo_assinado-1_tarjado.p  2921.6KB
06:16:05 INFO     ✓ [ 51/132] fbn_ptd_2025_2027_anexo_de_entregas_assinado-1.pdf   162.3KB
06:16:10 INFO     ✓ [ 52/132] fcp_ptd_2025_2027_docdiretivo_assinado-1_tarjado.p  1612.0KB
06:16:12 INFO     ✓ [ 53/132] fcp_ptd_2025_2027_anexo_de_entregas_assinado-1.pdf   118.8KB
06:16:16 INFO     ✓ [ 54/132] fcrb_ptd_2025_2026_docdiretivo_aprovado_assinado-1   998.2KB
06:16:19 INFO     ✓ [ 55/132] fcrb_ptd_2025_2026_anexo_de_entregas_aprovado_assi   313.5KB
06:16:23 INFO     ✓ [ 56/132] fiocruz_novo-ptd_2-1_docdiretivo_repactuacao_2024-  1318.1KB
06:16:26 INFO     ✓ [ 57/132] fiocruz_ptd_anexo_de_entregas_assinado_v1_assinado   257.1KB
06:16:31 INFO     ✓ [ 58/132] fiocruz-ptd-06_2024-copia_tarjada.pdf               1693.8KB
06:16:36 INFO     ✓ [ 59/132] funai_ptd_2025_2027_docdiretivo_assinado-1_tarjado  1842.1KB
06:16:39 INFO     ✓ [ 60/132] funai_anexo_de_entregas_repactuado_2026_2027_assin   435.7KB
06:16:43 INFO     ✓ [ 61/132] funarte_ptd_docdiretivo_assinado_21_01_2025_assina   965.7KB
06:16:47 INFO     ✓ [ 62/132] funarte_ptd_anexo_de_entregas_assinado_v1_assinado   683.6KB
06:16:50 INFO     ✓ [ 63/132] fundacentro_ptd_2025_2027_docdiretivo_assinado_ass   826.6KB
06:16:54 INFO     ✓ [ 64/132] fundacentro_ptd_2025_2027_anexo_de_entregas_assina   635.5KB
06:16:57 INFO     ✓ [ 65/132] mma_ptd_docdiretivo_assinado_2025_2026-1_assinado_   949.3KB
06:17:00 INFO     ✓ [ 66/132] mma_ptd_anexo_de_entregas_aprovado_final_assinado_   174.8KB
06:17:04 INFO     ✓ [ 67/132] ibge_docdiretivo_2025_assinado_assinado_assinado-c  1167.3KB
06:17:07 INFO     ✓ [ 68/132] ibge_ptd_25_26_anexo_de_entregas_modelo_v2-1_assin   143.7KB
06:17:20 INFO     ✓ [ 69/132] incra_ptd_docdiretivo__assinado-1_assinado_assinad  7182.0KB
06:17:25 INFO     ✓ [ 70/132] incra_anexo_de_entregas_assinado-1_assinado_assina  1818.6KB
06:17:33 INFO     ✓ [ 71/132] inpi_ptd_docdiretivo_assinado_2025_2026_assinado_a  3322.4KB
06:17:40 INFO     ✓ [ 72/132] inpi_ptd_anexo_de_entregas_assinado_v1_assinado_as  3078.1KB
06:17:44 INFO     ✓ [ 73/132] inss_ptd_2025_2027_docdiretivo-assinado-copia_tarj  1173.3KB
06:17:46 INFO     ✓ [ 74/132] inss_ptd_2025_2027_anexo_de_entregas-assinado-copi   110.8KB
06:17:50 INFO     ✓ [ 75/132] iphan_ptd_docdiretivo_assinado_2025_2026_assinado_   885.7KB
06:17:53 INFO     ✓ [ 76/132] iphan_ptd_anexo_de_entregas_assinado_v1_assinado_a   310.9KB
06:18:03 INFO     ✓ [ 77/132] iti_doc_diretivo_assinado-1_tarjado.pdf             4905.1KB
06:18:06 INFO     ✓ [ 78/132] iti_anexo_de_entregas_assinado.pdf                   556.4KB
06:18:12 INFO     ✓ [ 79/132] mapa_ptd_2025_2027_docdiretivo_assinado-1_tarjado.  1740.9KB
06:18:14 INFO     ✓ [ 80/132] mapa_ptd_2025_2027_anexo_de_entregas_assinado-1.pd   261.9KB
06:18:24 INFO     ✓ [ 81/132] documento-diretivo-mcom-_-ptd-25_27-copia_tarjada.  4451.9KB
06:18:28 INFO     ✓ [ 82/132] anexo-de-entregas-mcom_ptd-25_27-copia_tarjada.pdf  1213.8KB
06:18:35 INFO     ✓ [ 83/132] ptd_21_24_mcom-copia_tarjada.pdf                    3040.7KB
06:18:39 INFO     ✓ [ 84/132] mcti_ptd_2025-2027_docdiretivo_assinado-copia_tarj  1030.7KB
06:18:41 INFO     ✓ [ 85/132] mcti_ptd_2025-2027_anexo-de-entregas_assinado-copi   145.8KB
06:18:44 INFO     ✓ [ 86/132] mda-anexo-entregas-assinado_ptd-2025-2027-copia-ta   284.6KB
06:18:48 INFO     ✓ [ 87/132] mdhc_ptd_2025_2027_docdiretivo_assinado_assinado_a   753.4KB
06:18:51 INFO     ✓ [ 88/132] mdhc_ptd_2025_2027_anexoentregas_assinado_assinado   186.8KB
06:18:53 INFO     ✓ [ 89/132] mdic_ptd_anexo_de_entregas_assinado_v1_assinado_as   176.6KB
06:18:58 INFO     ✓ [ 90/132] memp_ptd_2025_2026_docdiretivo_assinado_assinado_a  1030.1KB
06:19:00 INFO     ✓ [ 91/132] memp_ptd_2025_2026_anexo_de_entregas_assinado_assi   161.5KB
06:19:05 INFO     ✓ [ 92/132] mesp_ptd_2025_2027_docdiretivo_assinado_assinado_2  1147.7KB
06:19:07 INFO     ✓ [ 93/132] mesp_ptd_2025_2027_anexo_de_entregas_assinado_assi   226.6KB
06:19:11 INFO     ✓ [ 94/132] mf_ptd_2026_2027_documentodiretivo_assinado_assina   955.1KB
06:19:14 INFO     ✓ [ 95/132] mf_ptd_2026_2027_anexo_de_entregas_1_mf_se_assinad   241.2KB
06:19:17 INFO     ✓ [ 96/132] mgi_ptd_2025_2027_docdiretivo_assinado_assinado_as   375.2KB
06:19:20 INFO     ✓ [ 97/132] mgi_ptd_2025_2027_anexo_de_entregas_assinado_assin   256.1KB
06:19:24 INFO     ✓ [ 98/132] minc_ptd_2025_2027_docdiretivo_assinado-1_assinado   863.6KB
06:19:27 INFO     ✓ [ 99/132] minc_ptd_2025_2027_anexo_de_entregas_assinado-1_as   276.7KB
06:19:31 INFO     ✓ [100/132] mjsp_ptd_docdiretivo_assinado_2025_2026_assinado_a   954.0KB
06:19:34 INFO     ✓ [101/132] mjsp_ptd_anexo_de_entregas_assinado_v1_assinado_as   253.9KB
06:19:38 INFO     ✓ [102/132] mme_ptd_2025_2027_docdiretivo_assinado-copia_tarja   664.5KB
06:19:40 INFO     ✓ [103/132] mme_ptd_2025_2027_anexo_de_entregas_assinado__1_-c   111.1KB
06:19:44 INFO     ✓ [104/132] mmulheres_ptd_2025_2027_docdiretivo_assinado_assin  1078.3KB
06:19:47 INFO     ✓ [105/132] mmulheres_ptd_2025_2027_anexo_de_entregas_assinado   216.9KB
06:19:51 INFO     ✓ [106/132] mpi_ptd_2025_2027_docdiretivo_ministerio_dos_povos   947.9KB
06:19:53 INFO     ✓ [107/132] mpi_ptd_anexo_de_entregas_do_plano_de_tranformacao   191.9KB
06:19:57 INFO     ✓ [108/132] mpo_ptd_docdiretivo_assinado_2025_2026_assinado_as   806.3KB
06:20:00 INFO     ✓ [109/132] mpo_ptd_anexo_de_entregas_assinado_v1_assinado_ass   323.2KB
06:20:04 INFO     ✓ [110/132] mpor_ptd_2025_2027_docdiretivo_assinado_assinado_a   876.5KB
06:20:07 INFO     ✓ [111/132] mpor_ptd_2025_2027_anexo_de_entregas_assinado_assi   175.1KB
06:20:11 INFO     ✓ [112/132] mps_ptd_2025-2026_docdiretivo_final_assinado-1_ass  1024.4KB
06:20:13 INFO     ✓ [113/132] mps_ptd_2025-2026_anexo_de_entregas_final_assinado   165.0KB
06:20:17 INFO     ✓ [114/132] mre_ptd_docdiretivo_assinado_2025_2026_assinado_as   760.9KB
06:20:20 INFO     ✓ [115/132] mre_ptd_anexo_de_entregas_assinado_v1_assinado_ass   233.2KB
06:20:24 INFO     ✓ [116/132] mte_ptd_2025_2026_docdiretivo_assinado_assinado_as   729.6KB
06:20:27 INFO     ✓ [117/132] mte_ptd_anexo_de_entregas_assinado_v1__281_29_assi   459.5KB
06:20:31 INFO     ✓ [118/132] mtur_ptd_docdiretiv_assinado_30_01_2025_assinado_a  1050.4KB
06:20:33 INFO     ✓ [119/132] mtur_ptd_anexo_de_entregas_assinado_30_01_2025_ass   118.8KB
06:20:37 INFO     ✓ [120/132] pf_ptd_docdiretivo_2025_2027_assinado-copia_tarjad   964.3KB
06:20:39 INFO     ✓ [121/132] pf_ptd_anexo_de_entregas_2025_2027_assinado-copia_    62.5KB
06:20:43 INFO     ✓ [122/132] mf_ptd_2026_2027_anexo_de_entregas_4_mf_pgfn_assin   466.8KB
06:20:56 INFO     ✓ [123/132] previc_plano_de_transformacao_digital_2025_2026_29  6652.7KB
06:20:58 INFO     ✓ [124/132] previc_ptd_repactuacao_2025-2026_assinado_assinado   182.9KB
06:21:01 INFO     ✓ [125/132] prf_documentodiretivo_ptd_2026-2027_assinado_tarja   535.9KB
06:21:04 INFO     ✓ [126/132] prf_anexo_de_entregas_do_ptd__2026_2027___ptd___en   157.7KB
06:21:07 INFO     ✓ [127/132] mf_ptd_2026_2027_anexo_de_entregas_2_mf_rfb_assina   253.7KB
06:21:11 INFO     ✓ [128/132] sgpr_ptd_2026_2027_docdiretivo_assinado-copia_tarj   791.2KB
06:21:15 INFO     ✓ [129/132] sgpr_ptd_2025_2027_anexo_de_entregas_assinado-copi   897.9KB
06:21:17 INFO     ✓ [130/132] mf_ptd_2026_2027_anexo_de_entregas_3_mf_stn_assina   467.8KB
06:21:21 INFO     ✓ [131/132] susep_ptd_2025_2027_docdiretivo-assinado-copia_tar  1030.1KB
06:21:24 INFO     ✓ [132/132] susep_ptd_2025-2026_anexo_de_entregas_final_assina   221.9KB
06:21:25 INFO     132 OK | 0 erros | 123.3 MB total
06:21:31 INFO     Sanity: 132 PDFs | 113 texto | 19 imagem/OCR | 0 duplicatas
06:21:31 INFO     --siglas (debug): 15 PDFs de ['AGU', 'FIOCRUZ', 'FUNAI', 'FUNDACENTRO', 'INCRA', 'ITI', 'MCOM', 'SGPR']
06:21:31 INFO     DocumentConverter instanciado (singleton × 2: plain + OCR)
06:21:31 INFO     [1/15] → agu_ptd_2025_2027_anexo_de_entregas_assinado_assinado_assinado-copia_tarjada.pdf
06:21:31 INFO     detected formats: [<InputFormat.PDF: 'pdf'>]
06:21:31 INFO     Going to convert document batch...
06:21:31 INFO     Initializing pipeline for StandardPdfPipeline with options hash bc6794697da537796efc497178f9263f
06:21:31 INFO     Loading plugin 'docling_defaults'
06:21:31 INFO     Registered picture descriptions: ['picture_description_vlm_engine', 'vlm', 'api']
06:21:31 INFO     Loading plugin 'docling_defaults'
06:21:31 INFO     Registered ocr engines: ['auto', 'easyocr', 'kserve_v2_ocr', 'ocrmac', 'rapidocr', 'tesserocr', 'tesseract']
06:21:31 INFO     command: tesseract --list-langs
06:21:31 INFO     Loading plugin 'docling_defaults'
06:21:31 INFO     Registered layout engines: ['layout_object_detection', 'docling_layout_default', 'docling_experimental_table_crops_layout']
06:21:31 INFO     Accelerator device: 'cpu'
06:21:31 INFO     HTTP Request: GET https://huggingface.co/api/models/docling-project/docling-layout-heron/revision/main "HTTP/1.1 200 OK"
06:21:31 INFO     HTTP Request: HEAD https://huggingface.co/docling-project/docling-layout-heron/resolve/8f39ad3c0b4c58e9c2d2c84a38465abf757272d8/README.md "HTTP/1.1 307 Temporary Redirect"
06:21:31 WARNING  Warning: You are sending unauthenticated requests to the HF Hub. Please set a HF_TOKEN to enable higher rate limits and faster downloads.
06:21:31 INFO     HTTP Request: HEAD https://huggingface.co/api/resolve-cache/models/docling-project/docling-layout-heron/8f39ad3c0b4c58e9c2d2c84a38465abf757272d8/README.md "HTTP/1.1 200 OK"
06:21:31 INFO     HTTP Request: HEAD https://huggingface.co/docling-project/docling-layout-heron/resolve/8f39ad3c0b4c58e9c2d2c84a38465abf757272d8/.gitattributes "HTTP/1.1 307 Temporary Redirect"
06:21:31 INFO     HTTP Request: HEAD https://huggingface.co/docling-project/docling-layout-heron/resolve/8f39ad3c0b4c58e9c2d2c84a38465abf757272d8/docling_heron_400.png "HTTP/1.1 307 Temporary Redirect"
06:21:31 INFO     HTTP Request: HEAD https://huggingface.co/docling-project/docling-layout-heron/resolve/8f39ad3c0b4c58e9c2d2c84a38465abf757272d8/model.safetensors "HTTP/1.1 302 Found"
06:21:31 INFO     HTTP Request: HEAD https://huggingface.co/docling-project/docling-layout-heron/resolve/8f39ad3c0b4c58e9c2d2c84a38465abf757272d8/config.json "HTTP/1.1 307 Temporary Redirect"
06:21:31 INFO     HTTP Request: HEAD https://huggingface.co/docling-project/docling-layout-heron/resolve/8f39ad3c0b4c58e9c2d2c84a38465abf757272d8/preprocessor_config.json "HTTP/1.1 307 Temporary Redirect"
06:21:31 INFO     HTTP Request: GET https://huggingface.co/api/resolve-cache/models/docling-project/docling-layout-heron/8f39ad3c0b4c58e9c2d2c84a38465abf757272d8/README.md "HTTP/1.1 200 OK"
06:21:31 INFO     HTTP Request: HEAD https://huggingface.co/api/resolve-cache/models/docling-project/docling-layout-heron/8f39ad3c0b4c58e9c2d2c84a38465abf757272d8/.gitattributes "HTTP/1.1 200 OK"
06:21:31 INFO     HTTP Request: HEAD https://huggingface.co/api/resolve-cache/models/docling-project/docling-layout-heron/8f39ad3c0b4c58e9c2d2c84a38465abf757272d8/docling_heron_400.png "HTTP/1.1 200 OK"
06:21:32 INFO     HTTP Request: HEAD https://huggingface.co/api/resolve-cache/models/docling-project/docling-layout-heron/8f39ad3c0b4c58e9c2d2c84a38465abf757272d8/preprocessor_config.json "HTTP/1.1 200 OK"
06:21:32 INFO     HTTP Request: HEAD https://huggingface.co/api/resolve-cache/models/docling-project/docling-layout-heron/8f39ad3c0b4c58e9c2d2c84a38465abf757272d8/config.json "HTTP/1.1 200 OK"
06:21:32 INFO     HTTP Request: GET https://huggingface.co/api/resolve-cache/models/docling-project/docling-layout-heron/8f39ad3c0b4c58e9c2d2c84a38465abf757272d8/preprocessor_config.json "HTTP/1.1 200 OK"
06:21:32 INFO     HTTP Request: GET https://huggingface.co/api/resolve-cache/models/docling-project/docling-layout-heron/8f39ad3c0b4c58e9c2d2c84a38465abf757272d8/docling_heron_400.png "HTTP/1.1 200 OK"
06:21:32 INFO     HTTP Request: GET https://huggingface.co/api/resolve-cache/models/docling-project/docling-layout-heron/8f39ad3c0b4c58e9c2d2c84a38465abf757272d8/.gitattributes "HTTP/1.1 200 OK"
06:21:32 INFO     HTTP Request: GET https://huggingface.co/api/resolve-cache/models/docling-project/docling-layout-heron/8f39ad3c0b4c58e9c2d2c84a38465abf757272d8/config.json "HTTP/1.1 200 OK"
06:21:32 INFO     HTTP Request: GET https://huggingface.co/api/models/docling-project/docling-layout-heron/xet-read-token/8f39ad3c0b4c58e9c2d2c84a38465abf757272d8 "HTTP/1.1 200 OK"
06:21:33 INFO     Loading plugin 'docling_defaults'
06:21:33 INFO     Registered table structure engines: ['docling_tableformer', 'docling_tableformer_v2']
06:21:33 INFO     HTTP Request: GET https://huggingface.co/api/models/docling-project/docling-models/revision/v2.3.0 "HTTP/1.1 200 OK"
06:21:33 INFO     HTTP Request: HEAD https://huggingface.co/docling-project/docling-models/resolve/fc0f2d45e2218ea24bce5045f58a389aed16dc23/.gitattributes "HTTP/1.1 307 Temporary Redirect"
06:21:33 INFO     HTTP Request: HEAD https://huggingface.co/docling-project/docling-models/resolve/fc0f2d45e2218ea24bce5045f58a389aed16dc23/.gitignore "HTTP/1.1 307 Temporary Redirect"
06:21:33 INFO     HTTP Request: HEAD https://huggingface.co/docling-project/docling-models/resolve/fc0f2d45e2218ea24bce5045f58a389aed16dc23/model_artifacts/tableformer/accurate/tm_config.json "HTTP/1.1 307 Temporary Redirect"
06:21:33 INFO     HTTP Request: HEAD https://huggingface.co/docling-project/docling-models/resolve/fc0f2d45e2218ea24bce5045f58a389aed16dc23/config.json "HTTP/1.1 307 Temporary Redirect"
06:21:33 INFO     HTTP Request: HEAD https://huggingface.co/api/resolve-cache/models/docling-project/docling-models/fc0f2d45e2218ea24bce5045f58a389aed16dc23/.gitattributes "HTTP/1.1 200 OK"
06:21:33 INFO     HTTP Request: HEAD https://huggingface.co/docling-project/docling-models/resolve/fc0f2d45e2218ea24bce5045f58a389aed16dc23/README.md "HTTP/1.1 307 Temporary Redirect"
06:21:33 INFO     HTTP Request: HEAD https://huggingface.co/api/resolve-cache/models/docling-project/docling-models/fc0f2d45e2218ea24bce5045f58a389aed16dc23/model_artifacts%2Ftableformer%2Faccurate%2Ftm_config.json "HTTP/1.1 200 OK"
06:21:33 INFO     HTTP Request: HEAD https://huggingface.co/api/resolve-cache/models/docling-project/docling-models/fc0f2d45e2218ea24bce5045f58a389aed16dc23/.gitignore "HTTP/1.1 200 OK"
06:21:33 INFO     HTTP Request: HEAD https://huggingface.co/api/resolve-cache/models/docling-project/docling-models/fc0f2d45e2218ea24bce5045f58a389aed16dc23/config.json "HTTP/1.1 200 OK"
06:21:33 INFO     HTTP Request: HEAD https://huggingface.co/docling-project/docling-models/resolve/fc0f2d45e2218ea24bce5045f58a389aed16dc23/model_artifacts/tableformer/fast/tableformer_fast.safetensors "HTTP/1.1 302 Found"
06:21:33 INFO     HTTP Request: GET https://huggingface.co/api/resolve-cache/models/docling-project/docling-models/fc0f2d45e2218ea24bce5045f58a389aed16dc23/.gitattributes "HTTP/1.1 200 OK"
06:21:33 INFO     HTTP Request: HEAD https://huggingface.co/api/resolve-cache/models/docling-project/docling-models/fc0f2d45e2218ea24bce5045f58a389aed16dc23/README.md "HTTP/1.1 200 OK"
06:21:33 INFO     HTTP Request: HEAD https://huggingface.co/docling-project/docling-models/resolve/fc0f2d45e2218ea24bce5045f58a389aed16dc23/model_artifacts/tableformer/fast/tm_config.json "HTTP/1.1 307 Temporary Redirect"
06:21:33 INFO     HTTP Request: GET https://huggingface.co/api/resolve-cache/models/docling-project/docling-models/fc0f2d45e2218ea24bce5045f58a389aed16dc23/.gitignore "HTTP/1.1 200 OK"
06:21:33 INFO     HTTP Request: HEAD https://huggingface.co/api/resolve-cache/models/docling-project/docling-models/fc0f2d45e2218ea24bce5045f58a389aed16dc23/model_artifacts%2Ftableformer%2Ffast%2Ftm_config.json "HTTP/1.1 200 OK"
06:21:33 INFO     HTTP Request: GET https://huggingface.co/api/resolve-cache/models/docling-project/docling-models/fc0f2d45e2218ea24bce5045f58a389aed16dc23/config.json "HTTP/1.1 200 OK"
06:21:33 INFO     HTTP Request: GET https://huggingface.co/api/resolve-cache/models/docling-project/docling-models/fc0f2d45e2218ea24bce5045f58a389aed16dc23/model_artifacts%2Ftableformer%2Faccurate%2Ftm_config.json "HTTP/1.1 200 OK"
06:21:33 INFO     HTTP Request: HEAD https://huggingface.co/docling-project/docling-models/resolve/fc0f2d45e2218ea24bce5045f58a389aed16dc23/model_artifacts/tableformer/accurate/tableformer_accurate.safetensors "HTTP/1.1 302 Found"
06:21:33 INFO     HTTP Request: GET https://huggingface.co/api/resolve-cache/models/docling-project/docling-models/fc0f2d45e2218ea24bce5045f58a389aed16dc23/README.md "HTTP/1.1 200 OK"
06:21:33 INFO     HTTP Request: GET https://huggingface.co/api/resolve-cache/models/docling-project/docling-models/fc0f2d45e2218ea24bce5045f58a389aed16dc23/model_artifacts%2Ftableformer%2Ffast%2Ftm_config.json "HTTP/1.1 200 OK"
06:21:33 INFO     HTTP Request: GET https://huggingface.co/api/models/docling-project/docling-models/xet-read-token/fc0f2d45e2218ea24bce5045f58a389aed16dc23 "HTTP/1.1 200 OK"
06:21:33 INFO     HTTP Request: GET https://huggingface.co/api/models/docling-project/docling-models/xet-read-token/fc0f2d45e2218ea24bce5045f58a389aed16dc23 "HTTP/1.1 200 OK"
06:21:35 INFO     Accelerator device: 'cpu'
06:21:35 INFO     Processing document agu_ptd_2025_2027_anexo_de_entregas_assinado_assinado_assinado-copia_tarjada.pdf
06:21:36 INFO     command: tesseract --psm 0 -l osd /tmp/tmpext9fu7a.png stdout
06:21:36 INFO     command: tesseract -l por /tmp/tmpext9fu7a.png stdout tsv
06:21:40 INFO     command: tesseract --psm 0 -l osd /tmp/tmpr1gds8w3.png stdout
06:21:41 INFO     command: tesseract -l por /tmp/tmpr1gds8w3.png stdout tsv
06:21:58 INFO     Finished converting document agu_ptd_2025_2027_anexo_de_entregas_assinado_assinado_assinado-copia_tarjada.pdf in 27.13 sec.
06:21:58 INFO       pixel_budget (Docling) agu_ptd_2025_2027_anexo_de_entregas_assinado_assinado_assinado-copia_tarjada.pdf: 45.8% (área tabelas/1001817 px²)
06:21:58 INFO     [1/15] ✓ AGU       :   33 entregas | 27.1s | ETA ~6min
06:21:58 INFO     [2/15] → agu_ptd_2025_2027_docdiretivo_assinado_assinado_assinado-copia_tarjada.pdf
06:21:58 INFO     detected formats: [<InputFormat.PDF: 'pdf'>]
06:21:58 INFO     Going to convert document batch...
06:21:58 INFO     Processing document agu_ptd_2025_2027_docdiretivo_assinado_assinado_assinado-copia_tarjada.pdf
06:21:59 INFO     command: tesseract --psm 0 -l osd /tmp/tmp5x21x524.png stdout
06:21:59 INFO     command: tesseract -l por /tmp/tmp5x21x524.png stdout tsv
06:22:01 INFO     command: tesseract --psm 0 -l osd /tmp/tmpjv_x7zo4.png stdout
06:22:03 INFO     command: tesseract -l por /tmp/tmpjv_x7zo4.png stdout tsv
06:22:07 INFO     command: tesseract --psm 0 -l osd /tmp/tmpxqia9gum.png stdout
06:22:07 INFO     command: tesseract -l por /tmp/tmpxqia9gum.png stdout tsv
06:22:10 INFO     command: tesseract --psm 0 -l osd /tmp/tmprpwd8jjz.png stdout
06:22:10 INFO     command: tesseract -l por /tmp/tmprpwd8jjz.png stdout tsv
06:22:13 INFO     command: tesseract --psm 0 -l osd /tmp/tmpirbd2j6u.png stdout
06:22:13 INFO     command: tesseract -l por /tmp/tmpirbd2j6u.png stdout tsv
06:22:16 INFO     command: tesseract --psm 0 -l osd /tmp/tmpr0nvzd5r.png stdout
06:22:17 INFO     command: tesseract -l por /tmp/tmpr0nvzd5r.png stdout tsv
06:22:27 INFO     command: tesseract --psm 0 -l osd /tmp/tmpyw7nofjh.png stdout
06:22:28 INFO     command: tesseract -l por /tmp/tmpyw7nofjh.png stdout tsv
06:22:30 INFO     command: tesseract --psm 0 -l osd /tmp/tmplpkydhgc.png stdout
06:22:31 INFO     command: tesseract -l por /tmp/tmplpkydhgc.png stdout tsv
06:22:33 INFO     command: tesseract --psm 0 -l osd /tmp/tmp5tn4s7zb.png stdout
06:22:34 INFO     command: tesseract -l por /tmp/tmp5tn4s7zb.png stdout tsv
06:22:37 INFO     command: tesseract --psm 0 -l osd /tmp/tmpng4gkzrs.png stdout
06:22:38 INFO     command: tesseract -l por /tmp/tmpng4gkzrs.png stdout tsv
06:22:54 INFO     command: tesseract --psm 0 -l osd /tmp/tmp2go2p7q0.png stdout
06:22:54 INFO     command: tesseract -l por /tmp/tmp2go2p7q0.png stdout tsv
06:22:58 INFO     Finished converting document agu_ptd_2025_2027_docdiretivo_assinado_assinado_assinado-copia_tarjada.pdf in 59.48 sec.
06:22:58 INFO       pixel_budget (Docling) agu_ptd_2025_2027_docdiretivo_assinado_assinado_assinado-copia_tarjada.pdf: 2.1% (área tabelas/5513330 px²)
06:22:58 INFO     [2/15] ✓ AGU       :    6 entregas | 59.5s | ETA ~9min
06:22:58 INFO     [3/15] → anexo-de-entregas-mcom_ptd-25_27-copia_tarjada.pdf
06:22:58 INFO     detected formats: [<InputFormat.PDF: 'pdf'>]
06:22:58 INFO     Going to convert document batch...
06:22:58 INFO     Processing document anexo-de-entregas-mcom_ptd-25_27-copia_tarjada.pdf
06:22:59 INFO     command: tesseract --psm 0 -l osd /tmp/tmpqjv1jnzv.png stdout
06:23:00 INFO     command: tesseract -l por /tmp/tmpqjv1jnzv.png stdout tsv
06:23:02 INFO     command: tesseract --psm 0 -l osd /tmp/tmpfv92dnzi.png stdout
06:23:04 INFO     command: tesseract -l por /tmp/tmpfv92dnzi.png stdout tsv
06:23:12 INFO     command: tesseract --psm 0 -l osd /tmp/tmp0rmr5p7q.png stdout
06:23:14 INFO     command: tesseract -l por /tmp/tmp0rmr5p7q.png stdout tsv
06:23:33 INFO     Finished converting document anexo-de-entregas-mcom_ptd-25_27-copia_tarjada.pdf in 35.70 sec.
06:23:34 INFO       pixel_budget (Docling) anexo-de-entregas-mcom_ptd-25_27-copia_tarjada.pdf: 55.2% (área tabelas/1503636 px²)
06:23:34 INFO     [3/15] ✓ MCOM      :   55 entregas | 35.7s | ETA ~8min
06:23:34 INFO     [4/15] → documento-diretivo-mcom-_-ptd-25_27-copia_tarjada.pdf
06:23:34 INFO     detected formats: [<InputFormat.PDF: 'pdf'>]
06:23:34 INFO     Going to convert document batch...
06:23:34 INFO     Processing document documento-diretivo-mcom-_-ptd-25_27-copia_tarjada.pdf
06:23:34 INFO     command: tesseract --psm 0 -l osd /tmp/tmppjojcica.png stdout
06:23:35 INFO     command: tesseract -l por /tmp/tmppjojcica.png stdout tsv
06:23:37 INFO     command: tesseract --psm 0 -l osd /tmp/tmprc71utge.png stdout
06:23:38 INFO     command: tesseract -l por /tmp/tmprc71utge.png stdout tsv
06:23:45 INFO     command: tesseract --psm 0 -l osd /tmp/tmpavg75qpy.png stdout
06:23:46 INFO     command: tesseract -l por /tmp/tmpavg75qpy.png stdout tsv
06:23:47 INFO     command: tesseract --psm 0 -l osd /tmp/tmpmc39awiw.png stdout
06:23:47 INFO     command: tesseract -l por /tmp/tmpmc39awiw.png stdout tsv
06:23:49 INFO     command: tesseract --psm 0 -l osd /tmp/tmpi9edkw28.png stdout
06:23:50 INFO     command: tesseract -l por /tmp/tmpi9edkw28.png stdout tsv
06:23:53 INFO     command: tesseract --psm 0 -l osd /tmp/tmpxnftazks.png stdout
06:23:54 INFO     command: tesseract -l por /tmp/tmpxnftazks.png stdout tsv
06:24:06 INFO     command: tesseract --psm 0 -l osd /tmp/tmp6znr71vj.png stdout
06:24:07 INFO     command: tesseract -l por /tmp/tmp6znr71vj.png stdout tsv
06:24:11 INFO     command: tesseract --psm 0 -l osd /tmp/tmp1uh7vw5i.png stdout
06:24:12 INFO     command: tesseract -l por /tmp/tmp1uh7vw5i.png stdout tsv
06:24:14 INFO     command: tesseract --psm 0 -l osd /tmp/tmp01gkyjgy.png stdout
06:24:15 INFO     command: tesseract -l por /tmp/tmp01gkyjgy.png stdout tsv
06:24:17 INFO     command: tesseract --psm 0 -l osd /tmp/tmpvp33s58e.png stdout
06:24:18 INFO     command: tesseract -l por /tmp/tmpvp33s58e.png stdout tsv
06:24:31 INFO     command: tesseract --psm 0 -l osd /tmp/tmp6pa1grbm.png stdout
06:24:32 INFO     command: tesseract -l por /tmp/tmp6pa1grbm.png stdout tsv
06:24:33 INFO     command: tesseract --psm 0 -l osd /tmp/tmpqtgo8_ej.png stdout
06:24:34 INFO     command: tesseract -l por /tmp/tmpqtgo8_ej.png stdout tsv
06:24:36 INFO     command: tesseract --psm 0 -l osd /tmp/tmpazxpx2si.png stdout
06:24:37 INFO     command: tesseract -l por /tmp/tmpazxpx2si.png stdout tsv
06:24:39 INFO     command: tesseract --psm 0 -l osd /tmp/tmpcsgz7cse.png stdout
06:24:40 INFO     command: tesseract -l por /tmp/tmpcsgz7cse.png stdout tsv
06:24:46 INFO     Finished converting document documento-diretivo-mcom-_-ptd-25_27-copia_tarjada.pdf in 72.23 sec.
06:24:46 INFO       pixel_budget (Docling) documento-diretivo-mcom-_-ptd-25_27-copia_tarjada.pdf: 10.8% (área tabelas/7016966 px²)
06:24:46 WARNING  [4/15] ⚠ MCOM      :    0 entregas | 72.2s | ETA ~8min
06:24:46 INFO     [5/15] → fiocruz-ptd-06_2024-copia_tarjada.pdf
06:24:46 INFO     detected formats: [<InputFormat.PDF: 'pdf'>]
06:24:46 INFO     Going to convert document batch...
06:24:46 INFO     Initializing pipeline for StandardPdfPipeline with options hash d18651824ca6fe56cf3ccb20424ac2c8
06:24:46 INFO     Accelerator device: 'cpu'
06:24:46 INFO     HTTP Request: GET https://huggingface.co/api/models/docling-project/docling-layout-heron/revision/main "HTTP/1.1 200 OK"
06:24:47 INFO     HTTP Request: GET https://huggingface.co/api/models/docling-project/docling-models/revision/v2.3.0 "HTTP/1.1 200 OK"
06:24:47 INFO     Accelerator device: 'cpu'
06:24:47 INFO     Processing document fiocruz-ptd-06_2024-copia_tarjada.pdf
06:25:56 INFO     Finished converting document fiocruz-ptd-06_2024-copia_tarjada.pdf in 69.76 sec.
06:25:56 INFO       pixel_budget (Docling) fiocruz-ptd-06_2024-copia_tarjada.pdf: 36.4% (área tabelas/7518178 px²)
06:25:56 WARNING  [5/15] ⚠ FIOCRUZ   :    0 entregas | 69.8s | ETA ~8min
06:25:56 INFO     [6/15] → fiocruz_novo-ptd_2-1_docdiretivo_repactuacao_2024-2026_assinado_assinado-copia_tarjada.pdf
06:25:56 INFO     detected formats: [<InputFormat.PDF: 'pdf'>]
06:25:56 INFO     Going to convert document batch...
06:25:56 INFO     Processing document fiocruz_novo-ptd_2-1_docdiretivo_repactuacao_2024-2026_assinado_assinado-copia_tarjada.pdf
06:26:14 INFO     Finished converting document fiocruz_novo-ptd_2-1_docdiretivo_repactuacao_2024-2026_assinado_assinado-copia_tarjada.pdf in 18.08 sec.
06:26:14 INFO       pixel_budget (Docling) fiocruz_novo-ptd_2-1_docdiretivo_repactuacao_2024-2026_assinado_assinado-copia_tarjada.pdf: 11.3% (área tabelas/5012118 px²)
06:26:14 WARNING  [6/15] ⚠ FIOCRUZ   :    0 entregas | 18.1s | ETA ~7min
06:26:14 INFO     [7/15] → fiocruz_ptd_anexo_de_entregas_assinado_v1_assinado_assinado-1-copia_tarjada.pdf
06:26:14 INFO     detected formats: [<InputFormat.PDF: 'pdf'>]
06:26:14 INFO     Going to convert document batch...
06:26:14 INFO     Processing document fiocruz_ptd_anexo_de_entregas_assinado_v1_assinado_assinado-1-copia_tarjada.pdf
06:26:46 INFO     Finished converting document fiocruz_ptd_anexo_de_entregas_assinado_v1_assinado_assinado-1-copia_tarjada.pdf in 32.28 sec.
06:26:46 INFO       pixel_budget (Docling) fiocruz_ptd_anexo_de_entregas_assinado_v1_assinado_assinado-1-copia_tarjada.pdf: 54.7% (área tabelas/2004847 px²)
06:26:46 INFO     [7/15] ✓ FIOCRUZ   :   61 entregas | 32.3s | ETA ~5min
06:26:46 INFO     [8/15] → funai_anexo_de_entregas_repactuado_2026_2027_assinado_assinado_assinado.pdf
06:26:46 INFO     detected formats: [<InputFormat.PDF: 'pdf'>]
06:26:46 INFO     Going to convert document batch...
06:26:46 INFO     Processing document funai_anexo_de_entregas_repactuado_2026_2027_assinado_assinado_assinado.pdf
06:26:47 INFO     command: tesseract --psm 0 -l osd /tmp/tmp8xgymbbv.png stdout
06:26:48 INFO     command: tesseract -l por /tmp/tmp8xgymbbv.png stdout tsv
06:27:01 INFO     Finished converting document funai_anexo_de_entregas_repactuado_2026_2027_assinado_assinado_assinado.pdf in 15.07 sec.
06:27:01 INFO       pixel_budget (Docling) funai_anexo_de_entregas_repactuado_2026_2027_assinado_assinado_assinado.pdf: 49.8% (área tabelas/501212 px²)
06:27:01 INFO     [8/15] ✓ FUNAI     :   21 entregas | 15.1s | ETA ~4min
06:27:01 INFO     [9/15] → funai_ptd_2025_2027_docdiretivo_assinado-1_tarjado.pdf
06:27:01 INFO     detected formats: [<InputFormat.PDF: 'pdf'>]
06:27:01 INFO     Going to convert document batch...
06:27:01 INFO     Processing document funai_ptd_2025_2027_docdiretivo_assinado-1_tarjado.pdf
06:27:02 INFO     command: tesseract --psm 0 -l osd /tmp/tmpaiwprn9t.png stdout
06:27:03 INFO     command: tesseract -l por /tmp/tmpaiwprn9t.png stdout tsv
06:27:04 INFO     command: tesseract --psm 0 -l osd /tmp/tmpqzmdb5a_.png stdout
06:27:06 INFO     command: tesseract -l por /tmp/tmpqzmdb5a_.png stdout tsv
06:27:08 INFO     command: tesseract --psm 0 -l osd /tmp/tmpnyjt4qx7.png stdout
06:27:09 INFO     command: tesseract -l por /tmp/tmpnyjt4qx7.png stdout tsv
06:27:11 INFO     command: tesseract --psm 0 -l osd /tmp/tmpqsav61zu.png stdout
06:27:12 INFO     command: tesseract -l por /tmp/tmpqsav61zu.png stdout tsv
06:27:13 INFO     command: tesseract --psm 0 -l osd /tmp/tmp27kb0iwc.png stdout
06:27:14 INFO     command: tesseract -l por /tmp/tmp27kb0iwc.png stdout tsv
06:27:16 INFO     command: tesseract --psm 0 -l osd /tmp/tmpq_uupu2x.png stdout
06:27:18 INFO     command: tesseract -l por /tmp/tmpq_uupu2x.png stdout tsv
06:27:28 INFO     command: tesseract --psm 0 -l osd /tmp/tmpytwo2xj_.png stdout
06:27:29 INFO     command: tesseract -l por /tmp/tmpytwo2xj_.png stdout tsv
06:27:30 INFO     command: tesseract --psm 0 -l osd /tmp/tmpp6chghr0.png stdout
06:27:31 INFO     command: tesseract -l por /tmp/tmpp6chghr0.png stdout tsv
06:27:32 INFO     command: tesseract --psm 0 -l osd /tmp/tmp_yip1bpo.png stdout
06:27:33 INFO     command: tesseract -l por /tmp/tmp_yip1bpo.png stdout tsv
06:27:35 INFO     command: tesseract --psm 0 -l osd /tmp/tmpef4dkzef.png stdout
06:27:37 INFO     command: tesseract -l por /tmp/tmpef4dkzef.png stdout tsv
06:27:45 INFO     command: tesseract --psm 0 -l osd /tmp/tmp5zaz4_jb.png stdout
06:27:46 INFO     command: tesseract -l por /tmp/tmp5zaz4_jb.png stdout tsv
06:27:53 INFO     command: tesseract --psm 0 -l osd /tmp/tmprbjgwc69.png stdout
06:27:54 INFO     command: tesseract -l por /tmp/tmprbjgwc69.png stdout tsv
06:27:56 INFO     command: tesseract --psm 0 -l osd /tmp/tmp47fhe1d6.png stdout
06:27:57 INFO     command: tesseract -l por /tmp/tmp47fhe1d6.png stdout tsv
06:28:04 INFO     Finished converting document funai_ptd_2025_2027_docdiretivo_assinado-1_tarjado.pdf in 62.52 sec.
06:28:04 INFO       pixel_budget (Docling) funai_ptd_2025_2027_docdiretivo_assinado-1_tarjado.pdf: 16.4% (área tabelas/6515754 px²)
06:28:04 INFO     [9/15] ✓ FUNAI     :    8 entregas | 62.5s | ETA ~4min
06:28:04 INFO     [10/15] → incra_anexo_de_entregas_assinado-1_assinado_assinado-copia_tarjada.pdf
06:28:04 INFO     detected formats: [<InputFormat.PDF: 'pdf'>]
06:28:04 INFO     Going to convert document batch...
06:28:04 INFO     Processing document incra_anexo_de_entregas_assinado-1_assinado_assinado-copia_tarjada.pdf
06:28:05 INFO     command: tesseract --psm 0 -l osd /tmp/tmp_qdsheed.png stdout
06:28:06 INFO     command: tesseract -l por /tmp/tmp_qdsheed.png stdout tsv
06:28:08 INFO     command: tesseract --psm 0 -l osd /tmp/tmp_tkq36r_.png stdout
06:28:10 INFO     command: tesseract -l por /tmp/tmp_tkq36r_.png stdout tsv
06:28:17 INFO     command: tesseract --psm 0 -l osd /tmp/tmp8ttzxtv8.png stdout
06:28:18 INFO     command: tesseract -l por /tmp/tmp8ttzxtv8.png stdout tsv
06:28:20 INFO     command: tesseract --psm 0 -l osd /tmp/tmpr8ag5sor.png stdout
06:28:21 INFO     command: tesseract -l por /tmp/tmpr8ag5sor.png stdout tsv
06:28:23 INFO     command: tesseract --psm 0 -l osd /tmp/tmp3k7i_7vb.png stdout
06:28:24 INFO     command: tesseract -l por /tmp/tmp3k7i_7vb.png stdout tsv
06:29:55 INFO     Finished converting document incra_anexo_de_entregas_assinado-1_assinado_assinado-copia_tarjada.pdf in 111.15 sec.
06:29:55 INFO       pixel_budget (Docling) incra_anexo_de_entregas_assinado-1_assinado_assinado-copia_tarjada.pdf: 30.0% (área tabelas/2423520 px²)
06:29:55 INFO     [10/15] ✓ INCRA     :   10 entregas | 111.2s | ETA ~4min
06:29:55 INFO     [11/15] → incra_ptd_docdiretivo__assinado-1_assinado_assinado-copia_tarjada.pdf
06:29:55 INFO     detected formats: [<InputFormat.PDF: 'pdf'>]
06:29:55 INFO     Going to convert document batch...
06:29:55 INFO     Processing document incra_ptd_docdiretivo__assinado-1_assinado_assinado-copia_tarjada.pdf
06:29:56 INFO     command: tesseract --psm 0 -l osd /tmp/tmpaf3wevkq.png stdout
06:29:56 INFO     command: tesseract -l por /tmp/tmpaf3wevkq.png stdout tsv
06:29:58 INFO     command: tesseract --psm 0 -l osd /tmp/tmpmioyvjzj.png stdout
06:30:00 INFO     command: tesseract -l por /tmp/tmpmioyvjzj.png stdout tsv
06:30:06 INFO     command: tesseract --psm 0 -l osd /tmp/tmpky_wqm4s.png stdout
06:30:06 INFO     command: tesseract -l por /tmp/tmpky_wqm4s.png stdout tsv
06:30:08 INFO     command: tesseract --psm 0 -l osd /tmp/tmpxfts4ee3.png stdout
06:30:09 INFO     command: tesseract -l por /tmp/tmpxfts4ee3.png stdout tsv
06:30:11 INFO     command: tesseract --psm 0 -l osd /tmp/tmpdq_ta4au.png stdout
06:30:11 INFO     command: tesseract -l por /tmp/tmpdq_ta4au.png stdout tsv
06:30:14 INFO     command: tesseract --psm 0 -l osd /tmp/tmp3t0dbn8y.png stdout
06:30:15 INFO     command: tesseract -l por /tmp/tmp3t0dbn8y.png stdout tsv
06:30:32 INFO     command: tesseract --psm 0 -l osd /tmp/tmpa6moaiji.png stdout
06:30:33 INFO     command: tesseract -l por /tmp/tmpa6moaiji.png stdout tsv
06:30:34 INFO     command: tesseract --psm 0 -l osd /tmp/tmpbkg0jbyg.png stdout
06:30:35 INFO     command: tesseract -l por /tmp/tmpbkg0jbyg.png stdout tsv
06:30:37 INFO     command: tesseract --psm 0 -l osd /tmp/tmpxd2tmqyr.png stdout
06:30:38 INFO     command: tesseract -l por /tmp/tmpxd2tmqyr.png stdout tsv
06:30:40 INFO     command: tesseract --psm 0 -l osd /tmp/tmpaq473h_o.png stdout
06:30:41 INFO     command: tesseract -l por /tmp/tmpaq473h_o.png stdout tsv
06:30:45 INFO     command: tesseract --psm 0 -l osd /tmp/tmpqmkqgyne.png stdout
06:30:46 INFO     command: tesseract -l por /tmp/tmpqmkqgyne.png stdout tsv
06:30:52 INFO     command: tesseract --psm 0 -l osd /tmp/tmpus4vk26a.png stdout
06:30:53 INFO     command: tesseract -l por /tmp/tmpus4vk26a.png stdout tsv
06:30:59 INFO     command: tesseract --psm 0 -l osd /tmp/tmpbyelwgxz.png stdout
06:30:59 INFO     command: tesseract -l por /tmp/tmpbyelwgxz.png stdout tsv
06:31:07 INFO     Finished converting document incra_ptd_docdiretivo__assinado-1_assinado_assinado-copia_tarjada.pdf in 72.46 sec.
06:31:07 INFO       pixel_budget (Docling) incra_ptd_docdiretivo__assinado-1_assinado_assinado-copia_tarjada.pdf: 20.2% (área tabelas/6515754 px²)
06:31:07 INFO     [11/15] ✓ INCRA     :    9 entregas | 72.5s | ETA ~3min
06:31:07 INFO     [12/15] → iti_anexo_de_entregas_assinado.pdf
06:31:07 INFO     detected formats: [<InputFormat.PDF: 'pdf'>]
06:31:07 INFO     Going to convert document batch...
06:31:07 INFO     Processing document iti_anexo_de_entregas_assinado.pdf
06:31:08 INFO     command: tesseract --psm 0 -l osd /tmp/tmpyckzdt9y.png stdout
06:31:09 INFO     command: tesseract -l por /tmp/tmpyckzdt9y.png stdout tsv
06:31:25 INFO     Finished converting document iti_anexo_de_entregas_assinado.pdf in 17.53 sec.
06:31:25 INFO       pixel_budget (Docling) iti_anexo_de_entregas_assinado.pdf: 57.2% (área tabelas/501212 px²)
06:31:25 INFO     [12/15] ✓ ITI       :   31 entregas | 17.5s | ETA ~2min
06:31:25 INFO     [13/15] → iti_doc_diretivo_assinado-1_tarjado.pdf
06:31:25 INFO     detected formats: [<InputFormat.PDF: 'pdf'>]
06:31:25 INFO     Going to convert document batch...
06:31:25 INFO     Processing document iti_doc_diretivo_assinado-1_tarjado.pdf
06:31:26 INFO     command: tesseract --psm 0 -l osd /tmp/tmpz00vvvun.png stdout
06:31:26 INFO     command: tesseract -l por /tmp/tmpz00vvvun.png stdout tsv
06:31:28 INFO     command: tesseract --psm 0 -l osd /tmp/tmpbwqmq5bb.png stdout
06:31:30 INFO     command: tesseract -l por /tmp/tmpbwqmq5bb.png stdout tsv
06:31:33 INFO     command: tesseract --psm 0 -l osd /tmp/tmp1i_kjifr.png stdout
06:31:33 INFO     command: tesseract -l por /tmp/tmp1i_kjifr.png stdout tsv
06:31:35 INFO     command: tesseract --psm 0 -l osd /tmp/tmp45vzj9_o.png stdout
06:31:36 INFO     command: tesseract -l por /tmp/tmp45vzj9_o.png stdout tsv
06:31:38 INFO     command: tesseract --psm 0 -l osd /tmp/tmpjxzyb85u.png stdout
06:31:38 INFO     command: tesseract -l por /tmp/tmpjxzyb85u.png stdout tsv
06:31:41 INFO     command: tesseract --psm 0 -l osd /tmp/tmpwhngw9b1.png stdout
06:31:42 INFO     command: tesseract -l por /tmp/tmpwhngw9b1.png stdout tsv
06:31:53 INFO     command: tesseract --psm 0 -l osd /tmp/tmpre1l7gfx.png stdout
06:31:54 INFO     command: tesseract -l por /tmp/tmpre1l7gfx.png stdout tsv
06:31:57 INFO     command: tesseract --psm 0 -l osd /tmp/tmp1v1gxl7g.png stdout
06:31:58 INFO     command: tesseract -l por /tmp/tmp1v1gxl7g.png stdout tsv
06:32:00 INFO     command: tesseract --psm 0 -l osd /tmp/tmpwt__wsaa.png stdout
06:32:01 INFO     command: tesseract -l por /tmp/tmpwt__wsaa.png stdout tsv
06:32:03 INFO     command: tesseract --psm 0 -l osd /tmp/tmp5x7ykjs1.png stdout
06:32:04 INFO     command: tesseract -l por /tmp/tmp5x7ykjs1.png stdout tsv
06:32:14 INFO     command: tesseract --psm 0 -l osd /tmp/tmpxiiyj2sy.png stdout
06:32:15 INFO     command: tesseract -l por /tmp/tmpxiiyj2sy.png stdout tsv
06:32:21 INFO     Finished converting document iti_doc_diretivo_assinado-1_tarjado.pdf in 55.99 sec.
06:32:21 INFO       pixel_budget (Docling) iti_doc_diretivo_assinado-1_tarjado.pdf: 8.0% (área tabelas/5516339 px²)
06:32:21 INFO     [13/15] ✓ ITI       :    6 entregas | 56.0s | ETA ~1min
06:32:21 INFO     [14/15] → sgpr_ptd_2025_2027_anexo_de_entregas_assinado-copia_tarjada.pdf
06:32:21 INFO     detected formats: [<InputFormat.PDF: 'pdf'>]
06:32:21 INFO     Going to convert document batch...
06:32:21 INFO     Processing document sgpr_ptd_2025_2027_anexo_de_entregas_assinado-copia_tarjada.pdf
06:32:22 INFO     command: tesseract --psm 0 -l osd /tmp/tmpuvoen1ai.png stdout
06:32:23 INFO     command: tesseract -l por /tmp/tmpuvoen1ai.png stdout tsv
06:32:25 INFO     command: tesseract --psm 0 -l osd /tmp/tmptz4i505p.png stdout
06:32:27 INFO     command: tesseract -l por /tmp/tmptz4i505p.png stdout tsv
06:32:40 INFO     Finished converting document sgpr_ptd_2025_2027_anexo_de_entregas_assinado-copia_tarjada.pdf in 18.94 sec.
06:32:40 INFO       pixel_budget (Docling) sgpr_ptd_2025_2027_anexo_de_entregas_assinado-copia_tarjada.pdf: 29.5% (área tabelas/1002424 px²)
06:32:40 INFO     [14/15] ✓ SGPR      :   15 entregas | 19.0s | ETA ~48s
06:32:40 INFO     [15/15] → sgpr_ptd_2026_2027_docdiretivo_assinado-copia_tarjada.pdf
06:32:40 INFO     detected formats: [<InputFormat.PDF: 'pdf'>]
06:32:40 INFO     Going to convert document batch...
06:32:40 INFO     Processing document sgpr_ptd_2026_2027_docdiretivo_assinado-copia_tarjada.pdf
06:33:00 INFO     Finished converting document sgpr_ptd_2026_2027_docdiretivo_assinado-copia_tarjada.pdf in 19.95 sec.
06:33:00 INFO       pixel_budget (Docling) sgpr_ptd_2026_2027_docdiretivo_assinado-copia_tarjada.pdf: 8.2% (área tabelas/5513330 px²)
06:33:00 WARNING  [15/15] ⚠ SGPR      :    0 entregas | 20.0s | ETA ~0s
06:33:00 INFO     255 registros | 7 órgãos
06:33:00 INFO     ╔══════════════════════════════════════════════════════════════╗
06:33:00 INFO     ║                  ENTREGAS — fase concluída                   ║
06:33:00 INFO     ║  Processados: 15    |  ✓ 11  ⚠ 4                             ║
06:33:00 INFO     ║  Duração: 11.5 min                                           ║
06:33:00 INFO     ║  255 registros | 7 órgãos                                    ║
06:33:00 INFO     ╚══════════════════════════════════════════════════════════════╝
06:33:00 INFO     [1/7] → agu_ptd_2025_2027_docdiretivo_assinado_assinado_assinado-copia_tarjada.pdf
06:33:00 INFO     detected formats: [<InputFormat.PDF: 'pdf'>]
06:33:00 INFO     Going to convert document batch...
06:33:00 INFO     Processing document agu_ptd_2025_2027_docdiretivo_assinado_assinado_assinado-copia_tarjada.pdf
06:33:00 INFO     command: tesseract --psm 0 -l osd /tmp/tmpckbjjg_r.png stdout
06:33:01 INFO     command: tesseract -l por /tmp/tmpckbjjg_r.png stdout tsv
06:33:03 INFO     command: tesseract --psm 0 -l osd /tmp/tmpvj6xnhgr.png stdout
06:33:04 INFO     command: tesseract -l por /tmp/tmpvj6xnhgr.png stdout tsv
06:33:08 INFO     command: tesseract --psm 0 -l osd /tmp/tmph9k61fs_.png stdout
06:33:09 INFO     command: tesseract -l por /tmp/tmph9k61fs_.png stdout tsv
06:33:11 INFO     command: tesseract --psm 0 -l osd /tmp/tmp3wf146o0.png stdout
06:33:12 INFO     command: tesseract -l por /tmp/tmp3wf146o0.png stdout tsv
06:33:14 INFO     command: tesseract --psm 0 -l osd /tmp/tmpbfwhqhw4.png stdout
06:33:15 INFO     command: tesseract -l por /tmp/tmpbfwhqhw4.png stdout tsv
06:33:17 INFO     command: tesseract --psm 0 -l osd /tmp/tmpvotdvc_s.png stdout
06:33:18 INFO     command: tesseract -l por /tmp/tmpvotdvc_s.png stdout tsv
06:33:28 INFO     command: tesseract --psm 0 -l osd /tmp/tmpi7fod7gx.png stdout
06:33:29 INFO     command: tesseract -l por /tmp/tmpi7fod7gx.png stdout tsv
06:33:31 INFO     command: tesseract --psm 0 -l osd /tmp/tmpn011ektz.png stdout
06:33:32 INFO     command: tesseract -l por /tmp/tmpn011ektz.png stdout tsv
06:33:34 INFO     command: tesseract --psm 0 -l osd /tmp/tmpmdq3k2yl.png stdout
06:33:35 INFO     command: tesseract -l por /tmp/tmpmdq3k2yl.png stdout tsv
06:33:37 INFO     command: tesseract --psm 0 -l osd /tmp/tmposxhzm69.png stdout
06:33:38 INFO     command: tesseract -l por /tmp/tmposxhzm69.png stdout tsv
06:33:53 INFO     command: tesseract --psm 0 -l osd /tmp/tmpydjm31it.png stdout
06:33:54 INFO     command: tesseract -l por /tmp/tmpydjm31it.png stdout tsv
06:33:57 INFO     Finished converting document agu_ptd_2025_2027_docdiretivo_assinado_assinado_assinado-copia_tarjada.pdf in 57.42 sec.
06:33:57 INFO     [1/7] ✓ AGU       :   7 riscos | 57.4s | ETA ~5min
06:33:57 INFO     [2/7] → documento-diretivo-mcom-_-ptd-25_27-copia_tarjada.pdf
06:33:57 INFO     detected formats: [<InputFormat.PDF: 'pdf'>]
06:33:57 INFO     Going to convert document batch...
06:33:57 INFO     Processing document documento-diretivo-mcom-_-ptd-25_27-copia_tarjada.pdf
06:33:58 INFO     command: tesseract --psm 0 -l osd /tmp/tmprkak4qqw.png stdout
06:33:58 INFO     command: tesseract -l por /tmp/tmprkak4qqw.png stdout tsv
06:34:01 INFO     command: tesseract --psm 0 -l osd /tmp/tmp7yewpodo.png stdout
06:34:02 INFO     command: tesseract -l por /tmp/tmp7yewpodo.png stdout tsv
06:34:09 INFO     command: tesseract --psm 0 -l osd /tmp/tmp04mvyi9s.png stdout
06:34:09 INFO     command: tesseract -l por /tmp/tmp04mvyi9s.png stdout tsv
06:34:11 INFO     command: tesseract --psm 0 -l osd /tmp/tmp9byp67vm.png stdout
06:34:11 INFO     command: tesseract -l por /tmp/tmp9byp67vm.png stdout tsv
06:34:13 INFO     command: tesseract --psm 0 -l osd /tmp/tmptxcpw_x3.png stdout
06:34:14 INFO     command: tesseract -l por /tmp/tmptxcpw_x3.png stdout tsv
06:34:16 INFO     command: tesseract --psm 0 -l osd /tmp/tmpe7p5z4v_.png stdout
06:34:18 INFO     command: tesseract -l por /tmp/tmpe7p5z4v_.png stdout tsv
06:34:36 INFO     command: tesseract --psm 0 -l osd /tmp/tmp2x6fq7p6.png stdout
06:34:36 INFO     command: tesseract -l por /tmp/tmp2x6fq7p6.png stdout tsv
06:34:38 INFO     command: tesseract --psm 0 -l osd /tmp/tmpiud7jrl0.png stdout
06:34:39 INFO     command: tesseract -l por /tmp/tmpiud7jrl0.png stdout tsv
06:34:41 INFO     command: tesseract --psm 0 -l osd /tmp/tmpq454u3vm.png stdout
06:34:42 INFO     command: tesseract -l por /tmp/tmpq454u3vm.png stdout tsv
06:34:44 INFO     command: tesseract --psm 0 -l osd /tmp/tmpisisg2pk.png stdout
06:34:46 INFO     command: tesseract -l por /tmp/tmpisisg2pk.png stdout tsv
06:34:49 INFO     command: tesseract --psm 0 -l osd /tmp/tmp_rgmbhop.png stdout
06:34:50 INFO     command: tesseract -l por /tmp/tmp_rgmbhop.png stdout tsv
06:34:57 INFO     command: tesseract --psm 0 -l osd /tmp/tmp7pzlctir.png stdout
06:34:58 INFO     command: tesseract -l por /tmp/tmp7pzlctir.png stdout tsv
06:35:00 INFO     command: tesseract --psm 0 -l osd /tmp/tmpdegeebs1.png stdout
06:35:01 INFO     command: tesseract -l por /tmp/tmpdegeebs1.png stdout tsv
06:35:03 INFO     command: tesseract --psm 0 -l osd /tmp/tmp1rx_fvbk.png stdout
06:35:04 INFO     command: tesseract -l por /tmp/tmp1rx_fvbk.png stdout tsv
06:35:10 INFO     Finished converting document documento-diretivo-mcom-_-ptd-25_27-copia_tarjada.pdf in 73.04 sec.
06:35:10 INFO     [2/7] ✓ MCOM      :  14 riscos | 73.0s | ETA ~5min
06:35:10 INFO     [3/7] → fiocruz_novo-ptd_2-1_docdiretivo_repactuacao_2024-2026_assinado_assinado-copia_tarjada.pdf
06:35:10 INFO     detected formats: [<InputFormat.PDF: 'pdf'>]
06:35:10 INFO     Going to convert document batch...
06:35:10 INFO     Processing document fiocruz_novo-ptd_2-1_docdiretivo_repactuacao_2024-2026_assinado_assinado-copia_tarjada.pdf
06:35:28 INFO     Finished converting document fiocruz_novo-ptd_2-1_docdiretivo_repactuacao_2024-2026_assinado_assinado-copia_tarjada.pdf in 18.16 sec.
06:35:28 INFO     [3/7] ✓ FIOCRUZ   :   6 riscos | 18.2s | ETA ~3min
06:35:28 INFO     [4/7] → funai_ptd_2025_2027_docdiretivo_assinado-1_tarjado.pdf
06:35:28 INFO     detected formats: [<InputFormat.PDF: 'pdf'>]
06:35:28 INFO     Going to convert document batch...
06:35:28 INFO     Processing document funai_ptd_2025_2027_docdiretivo_assinado-1_tarjado.pdf
06:35:30 INFO     command: tesseract --psm 0 -l osd /tmp/tmphfkkz6hu.png stdout
06:35:30 INFO     command: tesseract -l por /tmp/tmphfkkz6hu.png stdout tsv
06:35:32 INFO     command: tesseract --psm 0 -l osd /tmp/tmpxg3xlddo.png stdout
06:35:33 INFO     command: tesseract -l por /tmp/tmpxg3xlddo.png stdout tsv
06:35:35 INFO     command: tesseract --psm 0 -l osd /tmp/tmpkqkr26xm.png stdout
06:35:36 INFO     command: tesseract -l por /tmp/tmpkqkr26xm.png stdout tsv
06:35:38 INFO     command: tesseract --psm 0 -l osd /tmp/tmpe2xvk_0t.png stdout
06:35:38 INFO     command: tesseract -l por /tmp/tmpe2xvk_0t.png stdout tsv
06:35:40 INFO     command: tesseract --psm 0 -l osd /tmp/tmplsy9z3f5.png stdout
06:35:41 INFO     command: tesseract -l por /tmp/tmplsy9z3f5.png stdout tsv
06:35:43 INFO     command: tesseract --psm 0 -l osd /tmp/tmpvot68szo.png stdout
06:35:45 INFO     command: tesseract -l por /tmp/tmpvot68szo.png stdout tsv
06:35:55 INFO     command: tesseract --psm 0 -l osd /tmp/tmpbtqlat09.png stdout
06:35:56 INFO     command: tesseract -l por /tmp/tmpbtqlat09.png stdout tsv
06:35:57 INFO     command: tesseract --psm 0 -l osd /tmp/tmp63eg05z_.png stdout
06:35:58 INFO     command: tesseract -l por /tmp/tmp63eg05z_.png stdout tsv
06:35:59 INFO     command: tesseract --psm 0 -l osd /tmp/tmpgu_6zwxf.png stdout
06:36:00 INFO     command: tesseract -l por /tmp/tmpgu_6zwxf.png stdout tsv
06:36:02 INFO     command: tesseract --psm 0 -l osd /tmp/tmpews2t686.png stdout
06:36:03 INFO     command: tesseract -l por /tmp/tmpews2t686.png stdout tsv
06:36:14 INFO     command: tesseract --psm 0 -l osd /tmp/tmpp2z1as_0.png stdout
06:36:15 INFO     command: tesseract -l por /tmp/tmpp2z1as_0.png stdout tsv
06:36:23 INFO     command: tesseract --psm 0 -l osd /tmp/tmpbj9pbvl4.png stdout
06:36:24 INFO     command: tesseract -l por /tmp/tmpbj9pbvl4.png stdout tsv
06:36:26 INFO     command: tesseract --psm 0 -l osd /tmp/tmp5mmhqorh.png stdout
06:36:26 INFO     command: tesseract -l por /tmp/tmp5mmhqorh.png stdout tsv
06:36:33 INFO     Finished converting document funai_ptd_2025_2027_docdiretivo_assinado-1_tarjado.pdf in 64.47 sec.
06:36:33 INFO     [4/7] ✓ FUNAI     :  15 riscos | 64.5s | ETA ~2min
06:36:33 INFO     [5/7] → incra_ptd_docdiretivo__assinado-1_assinado_assinado-copia_tarjada.pdf
06:36:33 INFO     detected formats: [<InputFormat.PDF: 'pdf'>]
06:36:33 INFO     Going to convert document batch...
06:36:33 INFO     Processing document incra_ptd_docdiretivo__assinado-1_assinado_assinado-copia_tarjada.pdf
06:36:34 INFO     command: tesseract --psm 0 -l osd /tmp/tmpfny33le0.png stdout
06:36:35 INFO     command: tesseract -l por /tmp/tmpfny33le0.png stdout tsv
06:36:37 INFO     command: tesseract --psm 0 -l osd /tmp/tmpytr7pp_y.png stdout
06:36:38 INFO     command: tesseract -l por /tmp/tmpytr7pp_y.png stdout tsv
06:36:44 INFO     command: tesseract --psm 0 -l osd /tmp/tmp5wu7a6lm.png stdout
06:36:45 INFO     command: tesseract -l por /tmp/tmp5wu7a6lm.png stdout tsv
06:36:47 INFO     command: tesseract --psm 0 -l osd /tmp/tmpwa4ihdof.png stdout
06:36:47 INFO     command: tesseract -l por /tmp/tmpwa4ihdof.png stdout tsv
06:36:49 INFO     command: tesseract --psm 0 -l osd /tmp/tmp72i3hw9s.png stdout
06:36:50 INFO     command: tesseract -l por /tmp/tmp72i3hw9s.png stdout tsv
06:36:52 INFO     command: tesseract --psm 0 -l osd /tmp/tmptsfkmn5t.png stdout
06:36:53 INFO     command: tesseract -l por /tmp/tmptsfkmn5t.png stdout tsv
06:37:11 INFO     command: tesseract --psm 0 -l osd /tmp/tmp5_iryte9.png stdout
06:37:12 INFO     command: tesseract -l por /tmp/tmp5_iryte9.png stdout tsv
06:37:13 INFO     command: tesseract --psm 0 -l osd /tmp/tmpvxkrhxd0.png stdout
06:37:14 INFO     command: tesseract -l por /tmp/tmpvxkrhxd0.png stdout tsv
06:37:15 INFO     command: tesseract --psm 0 -l osd /tmp/tmprhi5lru2.png stdout
06:37:16 INFO     command: tesseract -l por /tmp/tmprhi5lru2.png stdout tsv
06:37:18 INFO     command: tesseract --psm 0 -l osd /tmp/tmp7hmioc_q.png stdout
06:37:20 INFO     command: tesseract -l por /tmp/tmp7hmioc_q.png stdout tsv
06:37:25 INFO     command: tesseract --psm 0 -l osd /tmp/tmp6xwh3k_q.png stdout
06:37:26 INFO     command: tesseract -l por /tmp/tmp6xwh3k_q.png stdout tsv
06:37:32 INFO     command: tesseract --psm 0 -l osd /tmp/tmp53z58802.png stdout
06:37:34 INFO     command: tesseract -l por /tmp/tmp53z58802.png stdout tsv
06:37:37 INFO     command: tesseract --psm 0 -l osd /tmp/tmpoihq4scc.png stdout
06:37:38 INFO     command: tesseract -l por /tmp/tmpoihq4scc.png stdout tsv
06:37:46 INFO     Finished converting document incra_ptd_docdiretivo__assinado-1_assinado_assinado-copia_tarjada.pdf in 73.13 sec.
06:37:46 INFO     [5/7] ✓ INCRA     :  15 riscos | 73.1s | ETA ~1min
06:37:46 INFO     [6/7] → iti_doc_diretivo_assinado-1_tarjado.pdf
06:37:46 INFO     detected formats: [<InputFormat.PDF: 'pdf'>]
06:37:46 INFO     Going to convert document batch...
06:37:46 INFO     Processing document iti_doc_diretivo_assinado-1_tarjado.pdf
06:37:47 INFO     command: tesseract --psm 0 -l osd /tmp/tmpb343i_wf.png stdout
06:37:47 INFO     command: tesseract -l por /tmp/tmpb343i_wf.png stdout tsv
06:37:50 INFO     command: tesseract --psm 0 -l osd /tmp/tmp3xbjk9fm.png stdout
06:37:51 INFO     command: tesseract -l por /tmp/tmp3xbjk9fm.png stdout tsv
06:37:56 INFO     command: tesseract --psm 0 -l osd /tmp/tmpvs_c1ujb.png stdout
06:37:57 INFO     command: tesseract -l por /tmp/tmpvs_c1ujb.png stdout tsv
06:37:59 INFO     command: tesseract --psm 0 -l osd /tmp/tmpvlv4uhbf.png stdout
06:37:59 INFO     command: tesseract -l por /tmp/tmpvlv4uhbf.png stdout tsv
06:38:01 INFO     command: tesseract --psm 0 -l osd /tmp/tmp34x_inpg.png stdout
06:38:02 INFO     command: tesseract -l por /tmp/tmp34x_inpg.png stdout tsv
06:38:04 INFO     command: tesseract --psm 0 -l osd /tmp/tmp2etmaq6n.png stdout
06:38:05 INFO     command: tesseract -l por /tmp/tmp2etmaq6n.png stdout tsv
06:38:21 INFO     command: tesseract --psm 0 -l osd /tmp/tmpruy8czv5.png stdout
06:38:21 INFO     command: tesseract -l por /tmp/tmpruy8czv5.png stdout tsv
06:38:24 INFO     command: tesseract --psm 0 -l osd /tmp/tmpfmmasx5o.png stdout
06:38:24 INFO     command: tesseract -l por /tmp/tmpfmmasx5o.png stdout tsv
06:38:27 INFO     command: tesseract --psm 0 -l osd /tmp/tmpfxccdg39.png stdout
06:38:27 INFO     command: tesseract -l por /tmp/tmpfxccdg39.png stdout tsv
06:38:29 INFO     command: tesseract --psm 0 -l osd /tmp/tmpofjb8k5d.png stdout
06:38:31 INFO     command: tesseract -l por /tmp/tmpofjb8k5d.png stdout tsv
06:38:41 INFO     command: tesseract --psm 0 -l osd /tmp/tmp6tg56aak.png stdout
06:38:42 INFO     command: tesseract -l por /tmp/tmp6tg56aak.png stdout tsv
06:38:47 INFO     Finished converting document iti_doc_diretivo_assinado-1_tarjado.pdf in 61.42 sec.
06:38:47 INFO     [6/7] ✓ ITI       :  14 riscos | 61.4s | ETA ~58s
06:38:47 INFO     [7/7] → sgpr_ptd_2026_2027_docdiretivo_assinado-copia_tarjada.pdf
06:38:47 INFO     detected formats: [<InputFormat.PDF: 'pdf'>]
06:38:47 INFO     Going to convert document batch...
06:38:47 INFO     Processing document sgpr_ptd_2026_2027_docdiretivo_assinado-copia_tarjada.pdf
06:39:08 INFO     Finished converting document sgpr_ptd_2026_2027_docdiretivo_assinado-copia_tarjada.pdf in 20.26 sec.
06:39:08 INFO     [7/7] ✓ SGPR      :  10 riscos | 20.3s | ETA ~0s
06:39:08 INFO     ╔══════════════════════════════════════════════════════════════╗
06:39:08 INFO     ║                   RISCOS — fase concluída                    ║
06:39:08 INFO     ║  Processados: 7     |  ✓ 7  ⚠ 0                              ║
06:39:08 INFO     ║  Duração: 6.1 min                                            ║
06:39:08 INFO     ║  81 riscos | 7 órgãos                                        ║
06:39:08 INFO     ╚══════════════════════════════════════════════════════════════╝
06:39:08 INFO     81 riscos | 0 ações | 135 relações
06:39:08 INFO     ptd_corpus_raw                     : 255 linhas
06:39:08 INFO     ptd_pivot_eixos                    : 7 linhas
06:39:11 INFO     ptd_datas_assinatura               : 132 linhas
06:39:11 INFO     ptd_riscos                         : 81 linhas
06:39:11 INFO     ptd_riscos_acoes                   : 135 linhas
06:39:11 INFO     Manifesto salvo: pipeline_manifest.json | SHA-256 de 132 PDFs
06:39:11 INFO     ==================================================
06:39:11 INFO     PTD-BR v3.0-melhorado — PIPELINE CONCLUÍDO
06:39:11 INFO     ==================================================
06:39:11 INFO     ptd_corpus_raw.csv                        155 KB
06:39:11 INFO     ptd_pivot_eixos.csv                         0 KB
06:39:11 INFO     ptd_datas_assinatura.csv                    9 KB
06:39:11 INFO     ptd_riscos.csv                             23 KB
06:39:11 INFO     ptd_riscos_acoes.csv                        2 KB
06:39:11 INFO     proveniencia.json                           0 KB
06:39:11 INFO     pipeline_manifest.json                     20 KB
06:39:11 INFO     📦 Artefatos: https://github.com/freirelucas/teste/actions/runs/23972920775
06:39:11 INFO     ==================================================
