13:14:19 INFO     Docling disponível
13:14:19 WARNING  OCR fallback indisponível (IndentationError: unexpected indent (ptd_ocr_fallback.py, line 45))
13:14:20 INFO     Ignorado (guia/template/norma): ABNT-NBR-17225-Acessibilidade-Digital.pdf
13:14:20 INFO     Ignorado (guia/template/norma): cgrep-guia10passos-ptd-orgao.pdf
13:14:20 INFO     Ignorado (guia/template/norma): ABNT-NBR-17225-Acessibilidade-Digital.pdf
13:14:20 INFO     Scraping: 132 PDFs únicos | entregas: 68 | diretivos: 61
13:14:20 INFO     Baixando 132 PDFs únicos...
13:14:21 INFO     ✓ [  1/132] abin_ptd_anexo_de_entregas_assinado_pelo_orgao_ass   293.3KB
13:14:24 INFO     ✓ [  2/132] aeb_ptd_2025_2027_docdiretivo_aprovado_assinado-1_  1033.7KB
13:14:27 INFO     ✓ [  3/132] aeb_ptd_2025_2027_anexo_de_entregas_aprovado_assin   154.5KB
13:14:32 INFO     ✓ [  4/132] agu_ptd_2025_2027_docdiretivo_assinado_assinado_as  2860.3KB
13:14:35 INFO     ✓ [  5/132] agu_ptd_2025_2027_anexo_de_entregas_assinado_assin   525.5KB
13:14:37 INFO     ✓ [  6/132] ana_ptd_2025_2027_docdiretivo_assinado_assinado_as   477.2KB
13:14:39 INFO     ✓ [  7/132] ana_ptd_2025_2027_anexoentregas_assinado_assinado_   170.9KB
13:14:43 INFO     ✓ [  8/132] anac_ptd_2025_2026_docdiretivo_se_assinado_tarjado  1036.3KB
13:14:45 INFO     ✓ [  9/132] anac_ptd_2025_2026_anexo_de_entregas_se_assinado.p   215.2KB
13:14:48 INFO     ✓ [ 10/132] anatel_ptd_docdiretivo_assinado_2025_2026_assinado  1006.0KB
13:14:50 INFO     ✓ [ 11/132] anatel_ptd_2025_2026_anexo_de_entregas_do_ptd_publ    71.9KB
13:14:53 INFO     ✓ [ 12/132] ancine_ptd_2024_2026_docdiretivo_assinado-2_assina   961.8KB
13:14:56 INFO     ✓ [ 13/132] ancine_ptd_2024_2026_-_anexo_de_entregas_aprovado_   613.2KB
13:14:59 INFO     ✓ [ 14/132] ptd_aneel_2025-2027_docdiretivo_assinado_tarjado.p   779.6KB
13:15:01 INFO     ✓ [ 15/132] ptd_aneel_2025-2027_anexo_de_entregas_assinado.pdf   111.9KB
13:15:04 INFO     ✓ [ 16/132] anm_ptd_2025_2027_docdiretivo_assinadopeloorgao_ta  1092.5KB
13:15:07 INFO     ✓ [ 17/132] anm_ptd_2025_2027_anexo_entregas_assinadopeloorgao  1140.4KB
13:15:10 INFO     ✓ [ 18/132] anpd_ptd_2025_2027_docdiretivo_assinado_assinado_a  1044.3KB
13:15:12 INFO     ✓ [ 19/132] anpd_ptd_2025_2027_anexo_de_entregas_assinado_assi   166.5KB
13:15:16 INFO     ✓ [ 20/132] ans-plano_de_transformacao_digital_assinado-copia_  1023.4KB
13:15:18 INFO     ✓ [ 21/132] ans_ptd_2025_2026_anexo_de_entregas_assinado_assin   124.1KB
13:15:21 INFO     ✓ [ 22/132] antaq_ptd_2025_2027_docdiretivo_assinado_assinado_  1039.8KB
13:15:23 INFO     ✓ [ 23/132] antaq_ptd_2025_2027_anexoentregas_assinado_assinad   145.1KB
13:15:25 INFO     ✓ [ 24/132] mt_anexo_de_entregas_-_assinado_assinado_assinado_   143.6KB
13:15:34 INFO     ✓ [ 25/132] anvisa_ptd_docdiretivo_2025-2026_assinado_assinado  5771.2KB
13:15:36 INFO     ✓ [ 26/132] anvisa_ptd_anexo_de_entregas_2025_2026_assinado_as   239.0KB
13:15:39 INFO     ✓ [ 27/132] bcb_documento_diretivo_assinado_assinado_assinado-   713.7KB
13:15:41 INFO     ✓ [ 28/132] bcb_anexo_de_entregas_ptd_25_26-1_assinado_assinad   134.8KB
13:15:44 INFO     ✓ [ 29/132] cade_ptd_docdiretivo_2025_2026_assinado-2_assinado   810.4KB
13:15:47 INFO     ✓ [ 30/132] cade_ptd_anexo_de_entregas_2025_2026_assinado_copi   504.0KB
13:15:50 INFO     ✓ [ 31/132] mec_ptd_docdiretivo_2025-2026_sei_mec-5566673_copi   863.1KB
13:15:52 INFO     ✓ [ 32/132] mec_ptd_anexo-de-entregas_sei_mec-5576401_copia_ta   495.7KB
13:15:56 INFO     ✓ [ 33/132] mec_ptd_docdiretivo-versao-comunicacao_copia_tarja  1616.5KB
13:15:59 INFO     ✓ [ 34/132] md_ptd_2026_2027_anexo_de_entregas_assinado_assina   579.4KB
13:16:01 INFO     ✓ [ 35/132] md_ptd_2026_2027_anexo_de_entregas_assinado_assina   186.8KB
13:16:04 INFO     ✓ [ 36/132] md_ptd_temp_copia_tarjada.pdf                        741.9KB
13:16:07 INFO     ✓ [ 37/132] cgu_ptd_docdiretivo_assinado_assinado_assinado-cop  1085.4KB
13:16:10 INFO     ✓ [ 38/132] cgu_ptd_anexo_de_entregas_pactuadas_assinado_assin   514.1KB
13:16:12 INFO     ✓ [ 39/132] cnpq_ptd_2025_2027_docdiretivo_assinado_assinado_a   342.9KB
13:16:14 INFO     ✓ [ 40/132] cnpq_ptd_2025_2027_anexo_de_entregas_assinado_assi   136.1KB
13:16:18 INFO     ✓ [ 41/132] coaf_ptd_2025_2026_documento_diretivo_assinado_ass  1068.0KB
13:16:23 INFO     ✓ [ 42/132] coaf_ptd_2025_2026_anexo_de_entregas-2_assinado_as  3184.5KB
13:16:29 INFO     ✓ [ 43/132] ptd_midr-docdiretivo_aprovado_assinado_tarjado.pdf  3864.1KB
13:16:32 INFO     ✓ [ 44/132] ptd_midr_-_anexo_de_entregas_-_aprovado_assinado.p  1122.0KB
13:16:35 INFO     ✓ [ 45/132] mda-documento-diretivo-assinado_ptd-2025-207-copia   955.8KB
13:16:38 INFO     ✓ [ 46/132] cvm_ptd_2025_2027_docdiretivo_assinado_assinado_as   270.5KB
13:16:40 INFO     ✓ [ 47/132] cvm_ptd_2025_2027_anexoentregas_assinado_assinado_   409.0KB
13:16:43 INFO     ✓ [ 48/132] dnocs_ptd_doc_diretivo_2025_2026_assinado_orgao-2_   891.1KB
13:16:46 INFO     ✓ [ 49/132] dnocs_anexo_de_entregas_repactuado_2025_2026_assin   272.3KB
13:16:51 INFO     ✓ [ 50/132] fbn_ptd_2025_2027_docdiretivo_assinado-1_tarjado.p  2921.6KB
13:16:53 INFO     ✓ [ 51/132] fbn_ptd_2025_2027_anexo_de_entregas_assinado-1.pdf   162.3KB
13:16:57 INFO     ✓ [ 52/132] fcp_ptd_2025_2027_docdiretivo_assinado-1_tarjado.p  1612.0KB
13:16:59 INFO     ✓ [ 53/132] fcp_ptd_2025_2027_anexo_de_entregas_assinado-1.pdf   118.8KB
13:17:02 INFO     ✓ [ 54/132] fcrb_ptd_2025_2026_docdiretivo_aprovado_assinado-1   998.2KB
13:17:04 INFO     ✓ [ 55/132] fcrb_ptd_2025_2026_anexo_de_entregas_aprovado_assi   313.5KB
13:17:08 INFO     ✓ [ 56/132] fiocruz_novo-ptd_2-1_docdiretivo_repactuacao_2024-  1318.1KB
13:17:10 INFO     ✓ [ 57/132] fiocruz_ptd_anexo_de_entregas_assinado_v1_assinado   257.1KB
13:17:14 INFO     ✓ [ 58/132] fiocruz-ptd-06_2024-copia_tarjada.pdf               1693.8KB
13:17:18 INFO     ✓ [ 59/132] funai_ptd_2025_2027_docdiretivo_assinado-1_tarjado  1842.1KB
13:17:20 INFO     ✓ [ 60/132] funai_anexo_de_entregas_repactuado_2026_2027_assin   435.7KB
13:17:23 INFO     ✓ [ 61/132] funarte_ptd_docdiretivo_assinado_21_01_2025_assina   965.7KB
13:17:26 INFO     ✓ [ 62/132] funarte_ptd_anexo_de_entregas_assinado_v1_assinado   683.6KB
13:17:29 INFO     ✓ [ 63/132] fundacentro_ptd_2025_2027_docdiretivo_assinado_ass   826.6KB
13:17:32 INFO     ✓ [ 64/132] fundacentro_ptd_2025_2027_anexo_de_entregas_assina   635.5KB
13:17:35 INFO     ✓ [ 65/132] mma_ptd_docdiretivo_assinado_2025_2026-1_assinado_   949.3KB
13:17:37 INFO     ✓ [ 66/132] mma_ptd_anexo_de_entregas_aprovado_final_assinado_   174.8KB
13:17:41 INFO     ✓ [ 67/132] ibge_docdiretivo_2025_assinado_assinado_assinado-c  1167.3KB
13:17:43 INFO     ✓ [ 68/132] ibge_ptd_25_26_anexo_de_entregas_modelo_v2-1_assin   143.7KB
13:17:53 INFO     ✓ [ 69/132] incra_ptd_docdiretivo__assinado-1_assinado_assinad  7182.0KB
13:17:57 INFO     ✓ [ 70/132] incra_anexo_de_entregas_assinado-1_assinado_assina  1818.6KB
13:18:02 INFO     ✓ [ 71/132] inpi_ptd_docdiretivo_assinado_2025_2026_assinado_a  3322.4KB
13:18:07 INFO     ✓ [ 72/132] inpi_ptd_anexo_de_entregas_assinado_v1_assinado_as  3078.1KB
13:18:11 INFO     ✓ [ 73/132] inss_ptd_2025_2027_docdiretivo-assinado-copia_tarj  1173.3KB
13:18:13 INFO     ✓ [ 74/132] inss_ptd_2025_2027_anexo_de_entregas-assinado-copi   110.8KB
13:18:16 INFO     ✓ [ 75/132] iphan_ptd_docdiretivo_assinado_2025_2026_assinado_   885.7KB
13:18:18 INFO     ✓ [ 76/132] iphan_ptd_anexo_de_entregas_assinado_v1_assinado_a   310.9KB
13:18:25 INFO     ✓ [ 77/132] iti_doc_diretivo_assinado-1_tarjado.pdf             4905.1KB
13:18:28 INFO     ✓ [ 78/132] iti_anexo_de_entregas_assinado.pdf                   556.4KB
13:18:32 INFO     ✓ [ 79/132] mapa_ptd_2025_2027_docdiretivo_assinado-1_tarjado.  1740.9KB
13:18:34 INFO     ✓ [ 80/132] mapa_ptd_2025_2027_anexo_de_entregas_assinado-1.pd   261.9KB
13:18:41 INFO     ✓ [ 81/132] documento-diretivo-mcom-_-ptd-25_27-copia_tarjada.  4451.9KB
13:18:44 INFO     ✓ [ 82/132] anexo-de-entregas-mcom_ptd-25_27-copia_tarjada.pdf  1213.8KB
13:18:50 INFO     ✓ [ 83/132] ptd_21_24_mcom-copia_tarjada.pdf                    3040.7KB
13:18:53 INFO     ✓ [ 84/132] mcti_ptd_2025-2027_docdiretivo_assinado-copia_tarj  1030.7KB
13:18:55 INFO     ✓ [ 85/132] mcti_ptd_2025-2027_anexo-de-entregas_assinado-copi   145.8KB
13:18:57 INFO     ✓ [ 86/132] mda-anexo-entregas-assinado_ptd-2025-2027-copia-ta   284.6KB
13:19:00 INFO     ✓ [ 87/132] mdhc_ptd_2025_2027_docdiretivo_assinado_assinado_a   753.4KB
13:19:02 INFO     ✓ [ 88/132] mdhc_ptd_2025_2027_anexoentregas_assinado_assinado   186.8KB
13:19:05 INFO     ✓ [ 89/132] mdic_ptd_anexo_de_entregas_assinado_v1_assinado_as   176.6KB
13:19:08 INFO     ✓ [ 90/132] memp_ptd_2025_2026_docdiretivo_assinado_assinado_a  1030.1KB
13:19:10 INFO     ✓ [ 91/132] memp_ptd_2025_2026_anexo_de_entregas_assinado_assi   161.5KB
13:19:13 INFO     ✓ [ 92/132] mesp_ptd_2025_2027_docdiretivo_assinado_assinado_2  1147.7KB
13:19:16 INFO     ✓ [ 93/132] mesp_ptd_2025_2027_anexo_de_entregas_assinado_assi   226.6KB
13:19:19 INFO     ✓ [ 94/132] mf_ptd_2026_2027_documentodiretivo_assinado_assina   955.1KB
13:19:21 INFO     ✓ [ 95/132] mf_ptd_2026_2027_anexo_de_entregas_1_mf_se_assinad   241.2KB
13:19:23 INFO     ✓ [ 96/132] mgi_ptd_2025_2027_docdiretivo_assinado_assinado_as   375.2KB
13:19:26 INFO     ✓ [ 97/132] mgi_ptd_2025_2027_anexo_de_entregas_assinado_assin   256.1KB
13:19:29 INFO     ✓ [ 98/132] minc_ptd_2025_2027_docdiretivo_assinado-1_assinado   863.6KB
13:19:31 INFO     ✓ [ 99/132] minc_ptd_2025_2027_anexo_de_entregas_assinado-1_as   276.7KB
13:19:34 INFO     ✓ [100/132] mjsp_ptd_docdiretivo_assinado_2025_2026_assinado_a   954.0KB
13:19:37 INFO     ✓ [101/132] mjsp_ptd_anexo_de_entregas_assinado_v1_assinado_as   253.9KB
13:19:40 INFO     ✓ [102/132] mme_ptd_2025_2027_docdiretivo_assinado-copia_tarja   664.5KB
13:19:42 INFO     ✓ [103/132] mme_ptd_2025_2027_anexo_de_entregas_assinado__1_-c   111.1KB
13:19:45 INFO     ✓ [104/132] mmulheres_ptd_2025_2027_docdiretivo_assinado_assin  1078.3KB
13:19:47 INFO     ✓ [105/132] mmulheres_ptd_2025_2027_anexo_de_entregas_assinado   216.9KB
13:19:50 INFO     ✓ [106/132] mpi_ptd_2025_2027_docdiretivo_ministerio_dos_povos   947.9KB
13:19:53 INFO     ✓ [107/132] mpi_ptd_anexo_de_entregas_do_plano_de_tranformacao   191.9KB
13:19:56 INFO     ✓ [108/132] mpo_ptd_docdiretivo_assinado_2025_2026_assinado_as   806.3KB
13:19:58 INFO     ✓ [109/132] mpo_ptd_anexo_de_entregas_assinado_v1_assinado_ass   323.2KB
13:20:01 INFO     ✓ [110/132] mpor_ptd_2025_2027_docdiretivo_assinado_assinado_a   876.5KB
13:20:03 INFO     ✓ [111/132] mpor_ptd_2025_2027_anexo_de_entregas_assinado_assi   175.1KB
13:20:06 INFO     ✓ [112/132] mps_ptd_2025-2026_docdiretivo_final_assinado-1_ass  1024.4KB
13:20:09 INFO     ✓ [113/132] mps_ptd_2025-2026_anexo_de_entregas_final_assinado   165.0KB
13:20:11 INFO     ✓ [114/132] mre_ptd_docdiretivo_assinado_2025_2026_assinado_as   760.9KB
13:20:14 INFO     ✓ [115/132] mre_ptd_anexo_de_entregas_assinado_v1_assinado_ass   233.2KB
13:20:17 INFO     ✓ [116/132] mte_ptd_2025_2026_docdiretivo_assinado_assinado_as   729.6KB
13:20:19 INFO     ✓ [117/132] mte_ptd_anexo_de_entregas_assinado_v1__281_29_assi   459.5KB
13:20:22 INFO     ✓ [118/132] mtur_ptd_docdiretiv_assinado_30_01_2025_assinado_a  1050.4KB
13:20:25 INFO     ✓ [119/132] mtur_ptd_anexo_de_entregas_assinado_30_01_2025_ass   118.8KB
13:20:28 INFO     ✓ [120/132] pf_ptd_docdiretivo_2025_2027_assinado-copia_tarjad   964.3KB
13:20:30 INFO     ✓ [121/132] pf_ptd_anexo_de_entregas_2025_2027_assinado-copia_    62.5KB
13:20:32 INFO     ✓ [122/132] mf_ptd_2026_2027_anexo_de_entregas_4_mf_pgfn_assin   466.8KB
13:20:41 INFO     ✓ [123/132] previc_plano_de_transformacao_digital_2025_2026_29  6652.7KB
13:20:43 INFO     ✓ [124/132] previc_ptd_repactuacao_2025-2026_assinado_assinado   182.9KB
13:20:46 INFO     ✓ [125/132] prf_documentodiretivo_ptd_2026-2027_assinado_tarja   535.9KB
13:20:48 INFO     ✓ [126/132] prf_anexo_de_entregas_do_ptd__2026_2027___ptd___en   157.7KB
13:20:50 INFO     ✓ [127/132] mf_ptd_2026_2027_anexo_de_entregas_2_mf_rfb_assina   253.7KB
13:20:53 INFO     ✓ [128/132] sgpr_ptd_2026_2027_docdiretivo_assinado-copia_tarj   791.2KB
13:20:57 INFO     ✓ [129/132] sgpr_ptd_2025_2027_anexo_de_entregas_assinado-copi   897.9KB
13:20:59 INFO     ✓ [130/132] mf_ptd_2026_2027_anexo_de_entregas_3_mf_stn_assina   467.8KB
13:21:03 INFO     ✓ [131/132] susep_ptd_2025_2027_docdiretivo-assinado-copia_tar  1030.1KB
13:21:05 INFO     ✓ [132/132] susep_ptd_2025-2026_anexo_de_entregas_final_assina   221.9KB
13:21:06 INFO     132 OK | 0 erros | 123.3 MB total
13:21:12 INFO     Sanity: 132 PDFs | 113 texto | 19 imagem/OCR | 0 duplicatas
13:21:12 INFO     --siglas (debug): 13 PDFs de ['AGU', 'FIOCRUZ', 'FUNAI', 'FUNDACENTRO', 'INCRA', 'ITI', 'MCOM', 'SGPR']
13:21:12 INFO     DocumentConverter instanciado (singleton × 2: plain + OCR)
13:21:12 INFO     [1/13] → agu_ptd_2025_2027_anexo_de_entregas_assinado_assinado_assinado-copia_tarjada.pdf
13:21:12 INFO     detected formats: [<InputFormat.PDF: 'pdf'>]
13:21:12 INFO     Going to convert document batch...
13:21:12 INFO     Initializing pipeline for StandardPdfPipeline with options hash bc6794697da537796efc497178f9263f
13:21:12 INFO     Loading plugin 'docling_defaults'
13:21:12 INFO     Registered picture descriptions: ['picture_description_vlm_engine', 'vlm', 'api']
13:21:12 INFO     Loading plugin 'docling_defaults'
13:21:12 INFO     Registered ocr engines: ['auto', 'easyocr', 'kserve_v2_ocr', 'ocrmac', 'rapidocr', 'tesserocr', 'tesseract']
13:21:12 INFO     command: tesseract --list-langs
13:21:12 INFO     Loading plugin 'docling_defaults'
13:21:12 INFO     Registered layout engines: ['layout_object_detection', 'docling_layout_default', 'docling_experimental_table_crops_layout']
13:21:12 INFO     Accelerator device: 'cpu'
13:21:12 INFO     HTTP Request: GET https://huggingface.co/api/models/docling-project/docling-layout-heron/revision/main "HTTP/1.1 200 OK"
13:21:12 INFO     HTTP Request: HEAD https://huggingface.co/docling-project/docling-layout-heron/resolve/8f39ad3c0b4c58e9c2d2c84a38465abf757272d8/.gitattributes "HTTP/1.1 307 Temporary Redirect"
13:21:12 INFO     HTTP Request: HEAD https://huggingface.co/api/resolve-cache/models/docling-project/docling-layout-heron/8f39ad3c0b4c58e9c2d2c84a38465abf757272d8/.gitattributes "HTTP/1.1 200 OK"
13:21:12 INFO     HTTP Request: GET https://huggingface.co/api/resolve-cache/models/docling-project/docling-layout-heron/8f39ad3c0b4c58e9c2d2c84a38465abf757272d8/.gitattributes "HTTP/1.1 200 OK"
13:21:12 INFO     HTTP Request: HEAD https://huggingface.co/docling-project/docling-layout-heron/resolve/8f39ad3c0b4c58e9c2d2c84a38465abf757272d8/config.json "HTTP/1.1 307 Temporary Redirect"
13:21:12 INFO     HTTP Request: HEAD https://huggingface.co/docling-project/docling-layout-heron/resolve/8f39ad3c0b4c58e9c2d2c84a38465abf757272d8/docling_heron_400.png "HTTP/1.1 307 Temporary Redirect"
13:21:12 INFO     HTTP Request: HEAD https://huggingface.co/docling-project/docling-layout-heron/resolve/8f39ad3c0b4c58e9c2d2c84a38465abf757272d8/README.md "HTTP/1.1 307 Temporary Redirect"
13:21:12 INFO     HTTP Request: HEAD https://huggingface.co/docling-project/docling-layout-heron/resolve/8f39ad3c0b4c58e9c2d2c84a38465abf757272d8/model.safetensors "HTTP/1.1 302 Found"
13:21:12 INFO     HTTP Request: HEAD https://huggingface.co/api/resolve-cache/models/docling-project/docling-layout-heron/8f39ad3c0b4c58e9c2d2c84a38465abf757272d8/config.json "HTTP/1.1 200 OK"
13:21:12 INFO     HTTP Request: HEAD https://huggingface.co/docling-project/docling-layout-heron/resolve/8f39ad3c0b4c58e9c2d2c84a38465abf757272d8/preprocessor_config.json "HTTP/1.1 307 Temporary Redirect"
13:21:12 INFO     HTTP Request: HEAD https://huggingface.co/api/resolve-cache/models/docling-project/docling-layout-heron/8f39ad3c0b4c58e9c2d2c84a38465abf757272d8/docling_heron_400.png "HTTP/1.1 200 OK"
13:21:12 INFO     HTTP Request: HEAD https://huggingface.co/api/resolve-cache/models/docling-project/docling-layout-heron/8f39ad3c0b4c58e9c2d2c84a38465abf757272d8/README.md "HTTP/1.1 200 OK"
13:21:12 INFO     HTTP Request: HEAD https://huggingface.co/api/resolve-cache/models/docling-project/docling-layout-heron/8f39ad3c0b4c58e9c2d2c84a38465abf757272d8/preprocessor_config.json "HTTP/1.1 200 OK"
13:21:12 INFO     HTTP Request: GET https://huggingface.co/api/resolve-cache/models/docling-project/docling-layout-heron/8f39ad3c0b4c58e9c2d2c84a38465abf757272d8/config.json "HTTP/1.1 200 OK"
13:21:12 INFO     HTTP Request: GET https://huggingface.co/api/resolve-cache/models/docling-project/docling-layout-heron/8f39ad3c0b4c58e9c2d2c84a38465abf757272d8/README.md "HTTP/1.1 200 OK"
13:21:12 INFO     HTTP Request: GET https://huggingface.co/api/resolve-cache/models/docling-project/docling-layout-heron/8f39ad3c0b4c58e9c2d2c84a38465abf757272d8/docling_heron_400.png "HTTP/1.1 200 OK"
13:21:12 INFO     HTTP Request: GET https://huggingface.co/api/resolve-cache/models/docling-project/docling-layout-heron/8f39ad3c0b4c58e9c2d2c84a38465abf757272d8/preprocessor_config.json "HTTP/1.1 200 OK"
13:21:12 INFO     HTTP Request: GET https://huggingface.co/api/models/docling-project/docling-layout-heron/xet-read-token/8f39ad3c0b4c58e9c2d2c84a38465abf757272d8 "HTTP/1.1 200 OK"
13:21:14 INFO     Loading plugin 'docling_defaults'
13:21:14 INFO     Registered table structure engines: ['docling_tableformer', 'docling_tableformer_v2']
13:21:14 INFO     HTTP Request: GET https://huggingface.co/api/models/docling-project/docling-models/revision/v2.3.0 "HTTP/1.1 200 OK"
13:21:14 INFO     HTTP Request: HEAD https://huggingface.co/docling-project/docling-models/resolve/fc0f2d45e2218ea24bce5045f58a389aed16dc23/.gitattributes "HTTP/1.1 307 Temporary Redirect"
13:21:14 INFO     HTTP Request: HEAD https://huggingface.co/docling-project/docling-models/resolve/fc0f2d45e2218ea24bce5045f58a389aed16dc23/model_artifacts/tableformer/accurate/tm_config.json "HTTP/1.1 307 Temporary Redirect"
13:21:14 WARNING  Warning: You are sending unauthenticated requests to the HF Hub. Please set a HF_TOKEN to enable higher rate limits and faster downloads.
13:21:14 INFO     HTTP Request: HEAD https://huggingface.co/docling-project/docling-models/resolve/fc0f2d45e2218ea24bce5045f58a389aed16dc23/README.md "HTTP/1.1 307 Temporary Redirect"
13:21:14 INFO     HTTP Request: HEAD https://huggingface.co/docling-project/docling-models/resolve/fc0f2d45e2218ea24bce5045f58a389aed16dc23/model_artifacts/tableformer/accurate/tableformer_accurate.safetensors "HTTP/1.1 302 Found"
13:21:14 INFO     HTTP Request: HEAD https://huggingface.co/docling-project/docling-models/resolve/fc0f2d45e2218ea24bce5045f58a389aed16dc23/.gitignore "HTTP/1.1 307 Temporary Redirect"
13:21:14 INFO     HTTP Request: HEAD https://huggingface.co/api/resolve-cache/models/docling-project/docling-models/fc0f2d45e2218ea24bce5045f58a389aed16dc23/.gitattributes "HTTP/1.1 200 OK"
13:21:14 INFO     HTTP Request: HEAD https://huggingface.co/api/resolve-cache/models/docling-project/docling-models/fc0f2d45e2218ea24bce5045f58a389aed16dc23/README.md "HTTP/1.1 200 OK"
13:21:14 INFO     HTTP Request: HEAD https://huggingface.co/api/resolve-cache/models/docling-project/docling-models/fc0f2d45e2218ea24bce5045f58a389aed16dc23/model_artifacts%2Ftableformer%2Faccurate%2Ftm_config.json "HTTP/1.1 200 OK"
13:21:14 INFO     HTTP Request: HEAD https://huggingface.co/docling-project/docling-models/resolve/fc0f2d45e2218ea24bce5045f58a389aed16dc23/config.json "HTTP/1.1 307 Temporary Redirect"
13:21:14 INFO     HTTP Request: HEAD https://huggingface.co/api/resolve-cache/models/docling-project/docling-models/fc0f2d45e2218ea24bce5045f58a389aed16dc23/.gitignore "HTTP/1.1 200 OK"
13:21:14 INFO     HTTP Request: GET https://huggingface.co/api/resolve-cache/models/docling-project/docling-models/fc0f2d45e2218ea24bce5045f58a389aed16dc23/.gitattributes "HTTP/1.1 200 OK"
13:21:14 INFO     HTTP Request: HEAD https://huggingface.co/docling-project/docling-models/resolve/fc0f2d45e2218ea24bce5045f58a389aed16dc23/model_artifacts/tableformer/fast/tableformer_fast.safetensors "HTTP/1.1 302 Found"
13:21:14 INFO     HTTP Request: HEAD https://huggingface.co/docling-project/docling-models/resolve/fc0f2d45e2218ea24bce5045f58a389aed16dc23/model_artifacts/tableformer/fast/tm_config.json "HTTP/1.1 307 Temporary Redirect"
13:21:14 INFO     HTTP Request: HEAD https://huggingface.co/api/resolve-cache/models/docling-project/docling-models/fc0f2d45e2218ea24bce5045f58a389aed16dc23/config.json "HTTP/1.1 200 OK"
13:21:14 INFO     HTTP Request: GET https://huggingface.co/api/resolve-cache/models/docling-project/docling-models/fc0f2d45e2218ea24bce5045f58a389aed16dc23/README.md "HTTP/1.1 200 OK"
13:21:14 INFO     HTTP Request: GET https://huggingface.co/api/models/docling-project/docling-models/xet-read-token/fc0f2d45e2218ea24bce5045f58a389aed16dc23 "HTTP/1.1 200 OK"
13:21:14 INFO     HTTP Request: GET https://huggingface.co/api/resolve-cache/models/docling-project/docling-models/fc0f2d45e2218ea24bce5045f58a389aed16dc23/model_artifacts%2Ftableformer%2Faccurate%2Ftm_config.json "HTTP/1.1 200 OK"
13:21:14 INFO     HTTP Request: HEAD https://huggingface.co/api/resolve-cache/models/docling-project/docling-models/fc0f2d45e2218ea24bce5045f58a389aed16dc23/model_artifacts%2Ftableformer%2Ffast%2Ftm_config.json "HTTP/1.1 200 OK"
13:21:14 INFO     HTTP Request: GET https://huggingface.co/api/resolve-cache/models/docling-project/docling-models/fc0f2d45e2218ea24bce5045f58a389aed16dc23/.gitignore "HTTP/1.1 200 OK"
13:21:14 INFO     HTTP Request: GET https://huggingface.co/api/resolve-cache/models/docling-project/docling-models/fc0f2d45e2218ea24bce5045f58a389aed16dc23/config.json "HTTP/1.1 200 OK"
13:21:14 INFO     HTTP Request: GET https://huggingface.co/api/resolve-cache/models/docling-project/docling-models/fc0f2d45e2218ea24bce5045f58a389aed16dc23/model_artifacts%2Ftableformer%2Ffast%2Ftm_config.json "HTTP/1.1 200 OK"
13:21:15 INFO     Accelerator device: 'cpu'
13:21:15 INFO     Processing document agu_ptd_2025_2027_anexo_de_entregas_assinado_assinado_assinado-copia_tarjada.pdf
13:21:16 INFO     command: tesseract --psm 0 -l osd /tmp/tmp4iu2vaxg.png stdout
13:21:17 INFO     command: tesseract -l por /tmp/tmp4iu2vaxg.png stdout tsv
13:21:20 INFO     command: tesseract --psm 0 -l osd /tmp/tmp2b2u2h58.png stdout
13:21:21 INFO     command: tesseract -l por /tmp/tmp2b2u2h58.png stdout tsv
13:21:40 INFO     Finished converting document agu_ptd_2025_2027_anexo_de_entregas_assinado_assinado_assinado-copia_tarjada.pdf in 28.02 sec.
13:21:40 INFO       pixel_budget (Docling) agu_ptd_2025_2027_anexo_de_entregas_assinado_assinado_assinado-copia_tarjada.pdf: 45.8% (área tabelas/1001817 px²)
13:21:40 INFO     [1/13] ✓ AGU       :   33 entregas | 28.0s | ETA ~5min
13:21:40 INFO     [2/13] → agu_ptd_2025_2027_docdiretivo_assinado_assinado_assinado-copia_tarjada.pdf
13:21:40 INFO     detected formats: [<InputFormat.PDF: 'pdf'>]
13:21:40 INFO     Going to convert document batch...
13:21:40 INFO     Processing document agu_ptd_2025_2027_docdiretivo_assinado_assinado_assinado-copia_tarjada.pdf
13:21:40 INFO     command: tesseract --psm 0 -l osd /tmp/tmpcmr57czj.png stdout
13:21:41 INFO     command: tesseract -l por /tmp/tmpcmr57czj.png stdout tsv
13:21:43 INFO     command: tesseract --psm 0 -l osd /tmp/tmpniopp0vp.png stdout
13:21:44 INFO     command: tesseract -l por /tmp/tmpniopp0vp.png stdout tsv
13:21:49 INFO     command: tesseract --psm 0 -l osd /tmp/tmp0npd76zh.png stdout
13:21:50 INFO     command: tesseract -l por /tmp/tmp0npd76zh.png stdout tsv
13:21:52 INFO     command: tesseract --psm 0 -l osd /tmp/tmp265h204c.png stdout
13:21:53 INFO     command: tesseract -l por /tmp/tmp265h204c.png stdout tsv
13:21:55 INFO     command: tesseract --psm 0 -l osd /tmp/tmppdkzxaja.png stdout
13:21:55 INFO     command: tesseract -l por /tmp/tmppdkzxaja.png stdout tsv
13:21:58 INFO     command: tesseract --psm 0 -l osd /tmp/tmp5n0t5jsv.png stdout
13:21:59 INFO     command: tesseract -l por /tmp/tmp5n0t5jsv.png stdout tsv
13:22:09 INFO     command: tesseract --psm 0 -l osd /tmp/tmp8xsmhos2.png stdout
13:22:10 INFO     command: tesseract -l por /tmp/tmp8xsmhos2.png stdout tsv
13:22:12 INFO     command: tesseract --psm 0 -l osd /tmp/tmpdmexd3n2.png stdout
13:22:13 INFO     command: tesseract -l por /tmp/tmpdmexd3n2.png stdout tsv
13:22:15 INFO     command: tesseract --psm 0 -l osd /tmp/tmpwr9as10u.png stdout
13:22:16 INFO     command: tesseract -l por /tmp/tmpwr9as10u.png stdout tsv
13:22:18 INFO     command: tesseract --psm 0 -l osd /tmp/tmp9z4qly94.png stdout
13:22:19 INFO     command: tesseract -l por /tmp/tmp9z4qly94.png stdout tsv
13:22:32 INFO     command: tesseract --psm 0 -l osd /tmp/tmpmj4feal5.png stdout
13:22:33 INFO     command: tesseract -l por /tmp/tmpmj4feal5.png stdout tsv
13:22:36 INFO     Finished converting document agu_ptd_2025_2027_docdiretivo_assinado_assinado_assinado-copia_tarjada.pdf in 56.23 sec.
13:22:36 INFO       pixel_budget (Docling) agu_ptd_2025_2027_docdiretivo_assinado_assinado_assinado-copia_tarjada.pdf: 2.1% (área tabelas/5513330 px²)
13:22:36 INFO     [2/13] ✓ AGU       :    6 entregas | 56.2s | ETA ~7min
13:22:36 INFO     [3/13] → fiocruz-ptd-06_2024-copia_tarjada.pdf
13:22:36 INFO     detected formats: [<InputFormat.PDF: 'pdf'>]
13:22:36 INFO     Going to convert document batch...
13:22:36 INFO     Initializing pipeline for StandardPdfPipeline with options hash d18651824ca6fe56cf3ccb20424ac2c8
13:22:36 INFO     Accelerator device: 'cpu'
13:22:36 INFO     HTTP Request: GET https://huggingface.co/api/models/docling-project/docling-layout-heron/revision/main "HTTP/1.1 200 OK"
13:22:37 INFO     HTTP Request: GET https://huggingface.co/api/models/docling-project/docling-models/revision/v2.3.0 "HTTP/1.1 200 OK"
13:22:37 INFO     Accelerator device: 'cpu'
13:22:37 INFO     Processing document fiocruz-ptd-06_2024-copia_tarjada.pdf
13:23:44 INFO     Finished converting document fiocruz-ptd-06_2024-copia_tarjada.pdf in 68.07 sec.
13:23:44 INFO       pixel_budget (Docling) fiocruz-ptd-06_2024-copia_tarjada.pdf: 36.4% (área tabelas/7518178 px²)
13:23:44 WARNING  [3/13] ⚠ FIOCRUZ   :    0 entregas | 68.1s | ETA ~8min
13:23:44 INFO     [4/13] → fiocruz_novo-ptd_2-1_docdiretivo_repactuacao_2024-2026_assinado_assinado-copia_tarjada.pdf
13:23:44 INFO     detected formats: [<InputFormat.PDF: 'pdf'>]
13:23:44 INFO     Going to convert document batch...
13:23:44 INFO     Processing document fiocruz_novo-ptd_2-1_docdiretivo_repactuacao_2024-2026_assinado_assinado-copia_tarjada.pdf
13:24:02 INFO     Finished converting document fiocruz_novo-ptd_2-1_docdiretivo_repactuacao_2024-2026_assinado_assinado-copia_tarjada.pdf in 17.68 sec.
13:24:02 INFO       pixel_budget (Docling) fiocruz_novo-ptd_2-1_docdiretivo_repactuacao_2024-2026_assinado_assinado-copia_tarjada.pdf: 11.3% (área tabelas/5012118 px²)
13:24:02 WARNING  [4/13] ⚠ FIOCRUZ   :    0 entregas | 17.7s | ETA ~6min
13:24:02 INFO     [5/13] → fiocruz_ptd_anexo_de_entregas_assinado_v1_assinado_assinado-1-copia_tarjada.pdf
13:24:02 INFO     detected formats: [<InputFormat.PDF: 'pdf'>]
13:24:02 INFO     Going to convert document batch...
13:24:02 INFO     Processing document fiocruz_ptd_anexo_de_entregas_assinado_v1_assinado_assinado-1-copia_tarjada.pdf
13:24:34 INFO     Finished converting document fiocruz_ptd_anexo_de_entregas_assinado_v1_assinado_assinado-1-copia_tarjada.pdf in 31.61 sec.
13:24:34 INFO       pixel_budget (Docling) fiocruz_ptd_anexo_de_entregas_assinado_v1_assinado_assinado-1-copia_tarjada.pdf: 54.7% (área tabelas/2004847 px²)
13:24:34 INFO     [5/13] ✓ FIOCRUZ   :   61 entregas | 31.6s | ETA ~5min
13:24:34 INFO     [6/13] → funai_anexo_de_entregas_repactuado_2026_2027_assinado_assinado_assinado.pdf
13:24:34 INFO     detected formats: [<InputFormat.PDF: 'pdf'>]
13:24:34 INFO     Going to convert document batch...
13:24:34 INFO     Processing document funai_anexo_de_entregas_repactuado_2026_2027_assinado_assinado_assinado.pdf
13:24:34 INFO     command: tesseract --psm 0 -l osd /tmp/tmpjiq9srj2.png stdout
13:24:35 INFO     command: tesseract -l por /tmp/tmpjiq9srj2.png stdout tsv
13:24:48 INFO     Finished converting document funai_anexo_de_entregas_repactuado_2026_2027_assinado_assinado_assinado.pdf in 14.82 sec.
13:24:48 INFO       pixel_budget (Docling) funai_anexo_de_entregas_repactuado_2026_2027_assinado_assinado_assinado.pdf: 49.8% (área tabelas/501212 px²)
13:24:48 INFO     [6/13] ✓ FUNAI     :   21 entregas | 14.8s | ETA ~4min
13:24:48 INFO     [7/13] → funai_ptd_2025_2027_docdiretivo_assinado-1_tarjado.pdf
13:24:48 INFO     detected formats: [<InputFormat.PDF: 'pdf'>]
13:24:48 INFO     Going to convert document batch...
13:24:48 INFO     Processing document funai_ptd_2025_2027_docdiretivo_assinado-1_tarjado.pdf
13:24:50 INFO     command: tesseract --psm 0 -l osd /tmp/tmp7xqj_j11.png stdout
13:24:50 INFO     command: tesseract -l por /tmp/tmp7xqj_j11.png stdout tsv
13:24:52 INFO     command: tesseract --psm 0 -l osd /tmp/tmp832k16gm.png stdout
13:24:53 INFO     command: tesseract -l por /tmp/tmp832k16gm.png stdout tsv
13:24:55 INFO     command: tesseract --psm 0 -l osd /tmp/tmp6ypht8ru.png stdout
13:24:56 INFO     command: tesseract -l por /tmp/tmp6ypht8ru.png stdout tsv
13:24:58 INFO     command: tesseract --psm 0 -l osd /tmp/tmpwf79ks3r.png stdout
13:24:58 INFO     command: tesseract -l por /tmp/tmpwf79ks3r.png stdout tsv
13:25:00 INFO     command: tesseract --psm 0 -l osd /tmp/tmp11xuoehl.png stdout
13:25:01 INFO     command: tesseract -l por /tmp/tmp11xuoehl.png stdout tsv
13:25:03 INFO     command: tesseract --psm 0 -l osd /tmp/tmpfi_l7icl.png stdout
13:25:04 INFO     command: tesseract -l por /tmp/tmpfi_l7icl.png stdout tsv
13:25:15 INFO     command: tesseract --psm 0 -l osd /tmp/tmpp03ylwv_.png stdout
13:25:16 INFO     command: tesseract -l por /tmp/tmpp03ylwv_.png stdout tsv
13:25:17 INFO     command: tesseract --psm 0 -l osd /tmp/tmps275ogq8.png stdout
13:25:18 INFO     command: tesseract -l por /tmp/tmps275ogq8.png stdout tsv
13:25:19 INFO     command: tesseract --psm 0 -l osd /tmp/tmpaomzqu_5.png stdout
13:25:20 INFO     command: tesseract -l por /tmp/tmpaomzqu_5.png stdout tsv
13:25:22 INFO     command: tesseract --psm 0 -l osd /tmp/tmpjrzcq4d4.png stdout
13:25:23 INFO     command: tesseract -l por /tmp/tmpjrzcq4d4.png stdout tsv
13:25:33 INFO     command: tesseract --psm 0 -l osd /tmp/tmpkmxq9nnb.png stdout
13:25:34 INFO     command: tesseract -l por /tmp/tmpkmxq9nnb.png stdout tsv
13:25:38 INFO     command: tesseract --psm 0 -l osd /tmp/tmpy2gamc4r.png stdout
13:25:39 INFO     command: tesseract -l por /tmp/tmpy2gamc4r.png stdout tsv
13:25:42 INFO     command: tesseract --psm 0 -l osd /tmp/tmpkk32eh2q.png stdout
13:25:43 INFO     command: tesseract -l por /tmp/tmpkk32eh2q.png stdout tsv
13:25:49 INFO     Finished converting document funai_ptd_2025_2027_docdiretivo_assinado-1_tarjado.pdf in 60.90 sec.
13:25:49 INFO       pixel_budget (Docling) funai_ptd_2025_2027_docdiretivo_assinado-1_tarjado.pdf: 16.4% (área tabelas/6515754 px²)
13:25:49 INFO     [7/13] ✓ FUNAI     :    8 entregas | 60.9s | ETA ~3min
13:25:49 INFO     [8/13] → incra_anexo_de_entregas_assinado-1_assinado_assinado-copia_tarjada.pdf
13:25:49 INFO     detected formats: [<InputFormat.PDF: 'pdf'>]
13:25:49 INFO     Going to convert document batch...
13:25:49 INFO     Processing document incra_anexo_de_entregas_assinado-1_assinado_assinado-copia_tarjada.pdf
13:25:50 INFO     command: tesseract --psm 0 -l osd /tmp/tmpmto59bu0.png stdout
13:25:51 INFO     command: tesseract -l por /tmp/tmpmto59bu0.png stdout tsv
13:25:54 INFO     command: tesseract --psm 0 -l osd /tmp/tmpk91rl82e.png stdout
13:25:56 INFO     command: tesseract -l por /tmp/tmpk91rl82e.png stdout tsv
13:26:02 INFO     command: tesseract --psm 0 -l osd /tmp/tmphx0ft905.png stdout
13:26:03 INFO     command: tesseract -l por /tmp/tmphx0ft905.png stdout tsv
13:26:05 INFO     command: tesseract --psm 0 -l osd /tmp/tmp2jgmfjhx.png stdout
13:26:06 INFO     command: tesseract -l por /tmp/tmp2jgmfjhx.png stdout tsv
13:26:08 INFO     command: tesseract --psm 0 -l osd /tmp/tmpw69q6b8e.png stdout
13:26:09 INFO     command: tesseract -l por /tmp/tmpw69q6b8e.png stdout tsv
13:27:38 INFO     Finished converting document incra_anexo_de_entregas_assinado-1_assinado_assinado-copia_tarjada.pdf in 108.75 sec.
13:27:38 INFO       pixel_budget (Docling) incra_anexo_de_entregas_assinado-1_assinado_assinado-copia_tarjada.pdf: 30.0% (área tabelas/2423520 px²)
13:27:38 INFO     [8/13] ✓ INCRA     :   10 entregas | 108.8s | ETA ~4min
13:27:38 INFO     [9/13] → incra_ptd_docdiretivo__assinado-1_assinado_assinado-copia_tarjada.pdf
13:27:38 INFO     detected formats: [<InputFormat.PDF: 'pdf'>]
13:27:38 INFO     Going to convert document batch...
13:27:38 INFO     Processing document incra_ptd_docdiretivo__assinado-1_assinado_assinado-copia_tarjada.pdf
13:27:39 INFO     command: tesseract --psm 0 -l osd /tmp/tmptz_3exw3.png stdout
13:27:40 INFO     command: tesseract -l por /tmp/tmptz_3exw3.png stdout tsv
13:27:42 INFO     command: tesseract --psm 0 -l osd /tmp/tmpa65bg6n_.png stdout
13:27:44 INFO     command: tesseract -l por /tmp/tmpa65bg6n_.png stdout tsv
13:27:49 INFO     command: tesseract --psm 0 -l osd /tmp/tmp7o4si5e8.png stdout
13:27:49 INFO     command: tesseract -l por /tmp/tmp7o4si5e8.png stdout tsv
13:27:51 INFO     command: tesseract --psm 0 -l osd /tmp/tmphp7ioyxw.png stdout
13:27:52 INFO     command: tesseract -l por /tmp/tmphp7ioyxw.png stdout tsv
13:27:54 INFO     command: tesseract --psm 0 -l osd /tmp/tmprb_rphj2.png stdout
13:27:54 INFO     command: tesseract -l por /tmp/tmprb_rphj2.png stdout tsv
13:27:57 INFO     command: tesseract --psm 0 -l osd /tmp/tmploz7jdt5.png stdout
13:27:58 INFO     command: tesseract -l por /tmp/tmploz7jdt5.png stdout tsv
13:28:13 INFO     command: tesseract --psm 0 -l osd /tmp/tmpvm388v3f.png stdout
13:28:14 INFO     command: tesseract -l por /tmp/tmpvm388v3f.png stdout tsv
13:28:15 INFO     command: tesseract --psm 0 -l osd /tmp/tmpy2gfczdr.png stdout
13:28:16 INFO     command: tesseract -l por /tmp/tmpy2gfczdr.png stdout tsv
13:28:18 INFO     command: tesseract --psm 0 -l osd /tmp/tmpzh5co92q.png stdout
13:28:19 INFO     command: tesseract -l por /tmp/tmpzh5co92q.png stdout tsv
13:28:21 INFO     command: tesseract --psm 0 -l osd /tmp/tmpns63m6k3.png stdout
13:28:22 INFO     command: tesseract -l por /tmp/tmpns63m6k3.png stdout tsv
13:28:28 INFO     command: tesseract --psm 0 -l osd /tmp/tmp82q3kczf.png stdout
13:28:28 INFO     command: tesseract -l por /tmp/tmp82q3kczf.png stdout tsv
13:28:37 INFO     command: tesseract --psm 0 -l osd /tmp/tmp3ebgy1_o.png stdout
13:28:37 INFO     command: tesseract -l por /tmp/tmp3ebgy1_o.png stdout tsv
13:28:39 INFO     command: tesseract --psm 0 -l osd /tmp/tmp5bah55y9.png stdout
13:28:40 INFO     command: tesseract -l por /tmp/tmp5bah55y9.png stdout tsv
13:28:48 INFO     Finished converting document incra_ptd_docdiretivo__assinado-1_assinado_assinado-copia_tarjada.pdf in 69.52 sec.
13:28:48 INFO       pixel_budget (Docling) incra_ptd_docdiretivo__assinado-1_assinado_assinado-copia_tarjada.pdf: 20.2% (área tabelas/6515754 px²)
13:28:48 INFO     [9/13] ✓ INCRA     :    9 entregas | 69.5s | ETA ~3min
13:28:48 INFO     [10/13] → iti_anexo_de_entregas_assinado.pdf
13:28:48 INFO     detected formats: [<InputFormat.PDF: 'pdf'>]
13:28:48 INFO     Going to convert document batch...
13:28:48 INFO     Processing document iti_anexo_de_entregas_assinado.pdf
13:28:48 INFO     command: tesseract --psm 0 -l osd /tmp/tmpe18ewcl1.png stdout
13:28:49 INFO     command: tesseract -l por /tmp/tmpe18ewcl1.png stdout tsv
13:29:05 INFO     Finished converting document iti_anexo_de_entregas_assinado.pdf in 17.24 sec.
13:29:05 INFO       pixel_budget (Docling) iti_anexo_de_entregas_assinado.pdf: 57.2% (área tabelas/501212 px²)
13:29:05 INFO     [10/13] ✓ ITI       :   31 entregas | 17.4s | ETA ~2min
13:29:05 INFO     [11/13] → iti_doc_diretivo_assinado-1_tarjado.pdf
13:29:05 INFO     detected formats: [<InputFormat.PDF: 'pdf'>]
13:29:05 INFO     Going to convert document batch...
13:29:05 INFO     Processing document iti_doc_diretivo_assinado-1_tarjado.pdf
13:29:06 INFO     command: tesseract --psm 0 -l osd /tmp/tmp993u8m7r.png stdout
13:29:06 INFO     command: tesseract -l por /tmp/tmp993u8m7r.png stdout tsv
13:29:09 INFO     command: tesseract --psm 0 -l osd /tmp/tmpz9dkbw9g.png stdout
13:29:10 INFO     command: tesseract -l por /tmp/tmpz9dkbw9g.png stdout tsv
13:29:15 INFO     command: tesseract --psm 0 -l osd /tmp/tmp20s_gie3.png stdout
13:29:16 INFO     command: tesseract -l por /tmp/tmp20s_gie3.png stdout tsv
13:29:18 INFO     command: tesseract --psm 0 -l osd /tmp/tmpsdlv1y31.png stdout
13:29:18 INFO     command: tesseract -l por /tmp/tmpsdlv1y31.png stdout tsv
13:29:20 INFO     command: tesseract --psm 0 -l osd /tmp/tmpm6dhjd24.png stdout
13:29:21 INFO     command: tesseract -l por /tmp/tmpm6dhjd24.png stdout tsv
13:29:23 INFO     command: tesseract --psm 0 -l osd /tmp/tmpck0t9jef.png stdout
13:29:24 INFO     command: tesseract -l por /tmp/tmpck0t9jef.png stdout tsv
13:29:40 INFO     command: tesseract --psm 0 -l osd /tmp/tmpnen9viy8.png stdout
13:29:41 INFO     command: tesseract -l por /tmp/tmpnen9viy8.png stdout tsv
13:29:43 INFO     command: tesseract --psm 0 -l osd /tmp/tmpn_r5jt6j.png stdout
13:29:44 INFO     command: tesseract -l por /tmp/tmpn_r5jt6j.png stdout tsv
13:29:46 INFO     command: tesseract --psm 0 -l osd /tmp/tmpviex1edr.png stdout
13:29:47 INFO     command: tesseract -l por /tmp/tmpviex1edr.png stdout tsv
13:29:49 INFO     command: tesseract --psm 0 -l osd /tmp/tmpeh8ctz26.png stdout
13:29:50 INFO     command: tesseract -l por /tmp/tmpeh8ctz26.png stdout tsv
13:29:59 INFO     command: tesseract --psm 0 -l osd /tmp/tmpvmha2sk3.png stdout
13:30:00 INFO     command: tesseract -l por /tmp/tmpvmha2sk3.png stdout tsv
13:30:06 INFO     Finished converting document iti_doc_diretivo_assinado-1_tarjado.pdf in 61.35 sec.
13:30:06 INFO       pixel_budget (Docling) iti_doc_diretivo_assinado-1_tarjado.pdf: 8.0% (área tabelas/5516339 px²)
13:30:06 INFO     [11/13] ✓ ITI       :    6 entregas | 61.4s | ETA ~1min
13:30:06 INFO     [12/13] → sgpr_ptd_2025_2027_anexo_de_entregas_assinado-copia_tarjada.pdf
13:30:06 INFO     detected formats: [<InputFormat.PDF: 'pdf'>]
13:30:06 INFO     Going to convert document batch...
13:30:06 INFO     Processing document sgpr_ptd_2025_2027_anexo_de_entregas_assinado-copia_tarjada.pdf
13:30:07 INFO     command: tesseract --psm 0 -l osd /tmp/tmpwl4m4ehv.png stdout
13:30:08 INFO     command: tesseract -l por /tmp/tmpwl4m4ehv.png stdout tsv
13:30:11 INFO     command: tesseract --psm 0 -l osd /tmp/tmp9ncma8s9.png stdout
13:30:12 INFO     command: tesseract -l por /tmp/tmp9ncma8s9.png stdout tsv
13:30:24 INFO     Finished converting document sgpr_ptd_2025_2027_anexo_de_entregas_assinado-copia_tarjada.pdf in 17.77 sec.
13:30:24 INFO       pixel_budget (Docling) sgpr_ptd_2025_2027_anexo_de_entregas_assinado-copia_tarjada.pdf: 29.5% (área tabelas/1002424 px²)
13:30:24 INFO     [12/13] ✓ SGPR      :   15 entregas | 17.8s | ETA ~46s
13:30:24 INFO     [13/13] → sgpr_ptd_2026_2027_docdiretivo_assinado-copia_tarjada.pdf
13:30:24 INFO     detected formats: [<InputFormat.PDF: 'pdf'>]
13:30:24 INFO     Going to convert document batch...
13:30:24 INFO     Processing document sgpr_ptd_2026_2027_docdiretivo_assinado-copia_tarjada.pdf
13:30:44 INFO     Finished converting document sgpr_ptd_2026_2027_docdiretivo_assinado-copia_tarjada.pdf in 19.64 sec.
13:30:44 INFO       pixel_budget (Docling) sgpr_ptd_2026_2027_docdiretivo_assinado-copia_tarjada.pdf: 8.2% (área tabelas/5513330 px²)
13:30:44 WARNING  [13/13] ⚠ SGPR      :    0 entregas | 19.6s | ETA ~0s
13:30:44 INFO     200 registros | 6 órgãos
13:30:44 INFO     ╔══════════════════════════════════════════════════════════════╗
13:30:44 INFO     ║                  ENTREGAS — fase concluída                   ║
13:30:44 INFO     ║  Processados: 13    |  ✓ 10  ⚠ 3                             ║
13:30:44 INFO     ║  Duração: 9.5 min                                            ║
13:30:44 INFO     ║  200 registros | 6 órgãos                                    ║
13:30:44 INFO     ╚══════════════════════════════════════════════════════════════╝
13:30:44 INFO     [1/6] → agu_ptd_2025_2027_docdiretivo_assinado_assinado_assinado-copia_tarjada.pdf
13:30:44 INFO     detected formats: [<InputFormat.PDF: 'pdf'>]
13:30:44 INFO     Going to convert document batch...
13:30:44 INFO     Processing document agu_ptd_2025_2027_docdiretivo_assinado_assinado_assinado-copia_tarjada.pdf
13:30:44 INFO     command: tesseract --psm 0 -l osd /tmp/tmpg4iacydj.png stdout
13:30:45 INFO     command: tesseract -l por /tmp/tmpg4iacydj.png stdout tsv
13:30:46 INFO     command: tesseract --psm 0 -l osd /tmp/tmp07vy24sh.png stdout
13:30:48 INFO     command: tesseract -l por /tmp/tmp07vy24sh.png stdout tsv
13:30:53 INFO     command: tesseract --psm 0 -l osd /tmp/tmpd6_zfav4.png stdout
13:30:54 INFO     command: tesseract -l por /tmp/tmpd6_zfav4.png stdout tsv
13:30:56 INFO     command: tesseract --psm 0 -l osd /tmp/tmpbo66p8j1.png stdout
13:30:57 INFO     command: tesseract -l por /tmp/tmpbo66p8j1.png stdout tsv
13:30:59 INFO     command: tesseract --psm 0 -l osd /tmp/tmprsllnvyh.png stdout
13:31:00 INFO     command: tesseract -l por /tmp/tmprsllnvyh.png stdout tsv
13:31:02 INFO     command: tesseract --psm 0 -l osd /tmp/tmpp7gkem_a.png stdout
13:31:03 INFO     command: tesseract -l por /tmp/tmpp7gkem_a.png stdout tsv
13:31:12 INFO     command: tesseract --psm 0 -l osd /tmp/tmprh1h7o1b.png stdout
13:31:13 INFO     command: tesseract -l por /tmp/tmprh1h7o1b.png stdout tsv
13:31:15 INFO     command: tesseract --psm 0 -l osd /tmp/tmpckzilaty.png stdout
13:31:16 INFO     command: tesseract -l por /tmp/tmpckzilaty.png stdout tsv
13:31:18 INFO     command: tesseract --psm 0 -l osd /tmp/tmp5hmasq0u.png stdout
13:31:19 INFO     command: tesseract -l por /tmp/tmp5hmasq0u.png stdout tsv
13:31:21 INFO     command: tesseract --psm 0 -l osd /tmp/tmprwgcfpdk.png stdout
13:31:23 INFO     command: tesseract -l por /tmp/tmprwgcfpdk.png stdout tsv
13:31:38 INFO     command: tesseract --psm 0 -l osd /tmp/tmpbm22qjvn.png stdout
13:31:39 INFO     command: tesseract -l por /tmp/tmpbm22qjvn.png stdout tsv
13:31:42 INFO     Finished converting document agu_ptd_2025_2027_docdiretivo_assinado_assinado_assinado-copia_tarjada.pdf in 58.01 sec.
13:31:42 INFO     [1/6] ✓ AGU       :   7 riscos | 58.0s | ETA ~4min
13:31:42 INFO     [2/6] → fiocruz_novo-ptd_2-1_docdiretivo_repactuacao_2024-2026_assinado_assinado-copia_tarjada.pdf
13:31:42 INFO     detected formats: [<InputFormat.PDF: 'pdf'>]
13:31:42 INFO     Going to convert document batch...
13:31:42 INFO     Processing document fiocruz_novo-ptd_2-1_docdiretivo_repactuacao_2024-2026_assinado_assinado-copia_tarjada.pdf
13:32:00 INFO     Finished converting document fiocruz_novo-ptd_2-1_docdiretivo_repactuacao_2024-2026_assinado_assinado-copia_tarjada.pdf in 17.68 sec.
13:32:00 INFO     [2/6] ✓ FIOCRUZ   :   6 riscos | 17.7s | ETA ~2min
13:32:00 INFO     [3/6] → funai_ptd_2025_2027_docdiretivo_assinado-1_tarjado.pdf
13:32:00 INFO     detected formats: [<InputFormat.PDF: 'pdf'>]
13:32:00 INFO     Going to convert document batch...
13:32:00 INFO     Processing document funai_ptd_2025_2027_docdiretivo_assinado-1_tarjado.pdf
13:32:01 INFO     command: tesseract --psm 0 -l osd /tmp/tmpl_rnfqic.png stdout
13:32:02 INFO     command: tesseract -l por /tmp/tmpl_rnfqic.png stdout tsv
13:32:03 INFO     command: tesseract --psm 0 -l osd /tmp/tmp2l1o1jym.png stdout
13:32:04 INFO     command: tesseract -l por /tmp/tmp2l1o1jym.png stdout tsv
13:32:08 INFO     command: tesseract --psm 0 -l osd /tmp/tmp1edr7g9w.png stdout
13:32:08 INFO     command: tesseract -l por /tmp/tmp1edr7g9w.png stdout tsv
13:32:10 INFO     command: tesseract --psm 0 -l osd /tmp/tmpbk3ehdm8.png stdout
13:32:11 INFO     command: tesseract -l por /tmp/tmpbk3ehdm8.png stdout tsv
13:32:13 INFO     command: tesseract --psm 0 -l osd /tmp/tmpaabwxbwd.png stdout
13:32:13 INFO     command: tesseract -l por /tmp/tmpaabwxbwd.png stdout tsv
13:32:16 INFO     command: tesseract --psm 0 -l osd /tmp/tmpcbwyuwp6.png stdout
13:32:17 INFO     command: tesseract -l por /tmp/tmpcbwyuwp6.png stdout tsv
13:32:28 INFO     command: tesseract --psm 0 -l osd /tmp/tmp6ml47e_1.png stdout
13:32:29 INFO     command: tesseract -l por /tmp/tmp6ml47e_1.png stdout tsv
13:32:30 INFO     command: tesseract --psm 0 -l osd /tmp/tmporbmjgji.png stdout
13:32:31 INFO     command: tesseract -l por /tmp/tmporbmjgji.png stdout tsv
13:32:32 INFO     command: tesseract --psm 0 -l osd /tmp/tmphpizalmp.png stdout
13:32:33 INFO     command: tesseract -l por /tmp/tmphpizalmp.png stdout tsv
13:32:35 INFO     command: tesseract --psm 0 -l osd /tmp/tmpgqfvwujc.png stdout
13:32:36 INFO     command: tesseract -l por /tmp/tmpgqfvwujc.png stdout tsv
13:32:48 INFO     command: tesseract --psm 0 -l osd /tmp/tmp6_rqm53p.png stdout
13:32:49 INFO     command: tesseract -l por /tmp/tmp6_rqm53p.png stdout tsv
13:32:51 INFO     command: tesseract --psm 0 -l osd /tmp/tmpnqsimh10.png stdout
13:32:52 INFO     command: tesseract -l por /tmp/tmpnqsimh10.png stdout tsv
13:32:55 INFO     command: tesseract --psm 0 -l osd /tmp/tmp9pf7vsf6.png stdout
13:32:56 INFO     command: tesseract -l por /tmp/tmp9pf7vsf6.png stdout tsv
13:33:02 INFO     Finished converting document funai_ptd_2025_2027_docdiretivo_assinado-1_tarjado.pdf in 62.73 sec.
13:33:02 INFO     [3/6] ✓ FUNAI     :  15 riscos | 62.7s | ETA ~2min
13:33:02 INFO     [4/6] → incra_ptd_docdiretivo__assinado-1_assinado_assinado-copia_tarjada.pdf
13:33:02 INFO     detected formats: [<InputFormat.PDF: 'pdf'>]
13:33:02 INFO     Going to convert document batch...
13:33:02 INFO     Processing document incra_ptd_docdiretivo__assinado-1_assinado_assinado-copia_tarjada.pdf
13:33:04 INFO     command: tesseract --psm 0 -l osd /tmp/tmps1ibeysi.png stdout
13:33:04 INFO     command: tesseract -l por /tmp/tmps1ibeysi.png stdout tsv
13:33:06 INFO     command: tesseract --psm 0 -l osd /tmp/tmpp23tz3gf.png stdout
13:33:08 INFO     command: tesseract -l por /tmp/tmpp23tz3gf.png stdout tsv
13:33:14 INFO     command: tesseract --psm 0 -l osd /tmp/tmpy29_waco.png stdout
13:33:15 INFO     command: tesseract -l por /tmp/tmpy29_waco.png stdout tsv
13:33:17 INFO     command: tesseract --psm 0 -l osd /tmp/tmpcb29o35z.png stdout
13:33:18 INFO     command: tesseract -l por /tmp/tmpcb29o35z.png stdout tsv
13:33:20 INFO     command: tesseract --psm 0 -l osd /tmp/tmpup55pz6f.png stdout
13:33:20 INFO     command: tesseract -l por /tmp/tmpup55pz6f.png stdout tsv
13:33:22 INFO     command: tesseract --psm 0 -l osd /tmp/tmpl0mq8kgc.png stdout
13:33:24 INFO     command: tesseract -l por /tmp/tmpl0mq8kgc.png stdout tsv
13:33:40 INFO     command: tesseract --psm 0 -l osd /tmp/tmpu_vgtdk6.png stdout
13:33:40 INFO     command: tesseract -l por /tmp/tmpu_vgtdk6.png stdout tsv
13:33:42 INFO     command: tesseract --psm 0 -l osd /tmp/tmpfd__adea.png stdout
13:33:43 INFO     command: tesseract -l por /tmp/tmpfd__adea.png stdout tsv
13:33:44 INFO     command: tesseract --psm 0 -l osd /tmp/tmp3ejmofu8.png stdout
13:33:45 INFO     command: tesseract -l por /tmp/tmp3ejmofu8.png stdout tsv
13:33:47 INFO     command: tesseract --psm 0 -l osd /tmp/tmp58gfmas2.png stdout
13:33:48 INFO     command: tesseract -l por /tmp/tmp58gfmas2.png stdout tsv
13:33:53 INFO     command: tesseract --psm 0 -l osd /tmp/tmpttg_6_hb.png stdout
13:33:54 INFO     command: tesseract -l por /tmp/tmpttg_6_hb.png stdout tsv
13:34:06 INFO     command: tesseract --psm 0 -l osd /tmp/tmplvm3c1xj.png stdout
13:34:07 INFO     command: tesseract -l por /tmp/tmplvm3c1xj.png stdout tsv
13:34:08 INFO     command: tesseract --psm 0 -l osd /tmp/tmpwgxc6yab.png stdout
13:34:09 INFO     command: tesseract -l por /tmp/tmpwgxc6yab.png stdout tsv
13:34:17 INFO     Finished converting document incra_ptd_docdiretivo__assinado-1_assinado_assinado-copia_tarjada.pdf in 74.20 sec.
13:34:17 INFO     [4/6] ✓ INCRA     :  15 riscos | 74.2s | ETA ~1min
13:34:17 INFO     [5/6] → iti_doc_diretivo_assinado-1_tarjado.pdf
13:34:17 INFO     detected formats: [<InputFormat.PDF: 'pdf'>]
13:34:17 INFO     Going to convert document batch...
13:34:17 INFO     Processing document iti_doc_diretivo_assinado-1_tarjado.pdf
13:34:17 INFO     command: tesseract --psm 0 -l osd /tmp/tmpv8n2wrgl.png stdout
13:34:18 INFO     command: tesseract -l por /tmp/tmpv8n2wrgl.png stdout tsv
13:34:20 INFO     command: tesseract --psm 0 -l osd /tmp/tmpekmrqn7k.png stdout
13:34:22 INFO     command: tesseract -l por /tmp/tmpekmrqn7k.png stdout tsv
13:34:24 INFO     command: tesseract --psm 0 -l osd /tmp/tmpc7v3xo9d.png stdout
13:34:24 INFO     command: tesseract -l por /tmp/tmpc7v3xo9d.png stdout tsv
13:34:26 INFO     command: tesseract --psm 0 -l osd /tmp/tmpfy9dedmb.png stdout
13:34:27 INFO     command: tesseract -l por /tmp/tmpfy9dedmb.png stdout tsv
13:34:29 INFO     command: tesseract --psm 0 -l osd /tmp/tmph34278je.png stdout
13:34:29 INFO     command: tesseract -l por /tmp/tmph34278je.png stdout tsv
13:34:31 INFO     command: tesseract --psm 0 -l osd /tmp/tmpj2vc3r_u.png stdout
13:34:33 INFO     command: tesseract -l por /tmp/tmpj2vc3r_u.png stdout tsv
13:34:47 INFO     command: tesseract --psm 0 -l osd /tmp/tmptdrsfn0t.png stdout
13:34:48 INFO     command: tesseract -l por /tmp/tmptdrsfn0t.png stdout tsv
13:34:50 INFO     command: tesseract --psm 0 -l osd /tmp/tmpbm25br28.png stdout
13:34:50 INFO     command: tesseract -l por /tmp/tmpbm25br28.png stdout tsv
13:34:53 INFO     command: tesseract --psm 0 -l osd /tmp/tmp9kkd7_21.png stdout
13:34:53 INFO     command: tesseract -l por /tmp/tmp9kkd7_21.png stdout tsv
13:34:56 INFO     command: tesseract --psm 0 -l osd /tmp/tmpxihyfedw.png stdout
13:34:57 INFO     command: tesseract -l por /tmp/tmpxihyfedw.png stdout tsv
13:35:02 INFO     command: tesseract --psm 0 -l osd /tmp/tmpihrpuwjm.png stdout
13:35:03 INFO     command: tesseract -l por /tmp/tmpihrpuwjm.png stdout tsv
13:35:11 INFO     Finished converting document iti_doc_diretivo_assinado-1_tarjado.pdf in 54.81 sec.
13:35:11 INFO     [5/6] ✓ ITI       :  14 riscos | 54.8s | ETA ~53s
13:35:11 INFO     [6/6] → sgpr_ptd_2026_2027_docdiretivo_assinado-copia_tarjada.pdf
13:35:11 INFO     detected formats: [<InputFormat.PDF: 'pdf'>]
13:35:11 INFO     Going to convert document batch...
13:35:11 INFO     Processing document sgpr_ptd_2026_2027_docdiretivo_assinado-copia_tarjada.pdf
13:35:31 INFO     Finished converting document sgpr_ptd_2026_2027_docdiretivo_assinado-copia_tarjada.pdf in 19.58 sec.
13:35:31 INFO     [6/6] ✓ SGPR      :  10 riscos | 19.6s | ETA ~0s
13:35:31 INFO     ╔══════════════════════════════════════════════════════════════╗
13:35:31 INFO     ║                   RISCOS — fase concluída                    ║
13:35:31 INFO     ║  Processados: 6     |  ✓ 6  ⚠ 0                              ║
13:35:31 INFO     ║  Duração: 4.8 min                                            ║
13:35:31 INFO     ║  67 riscos | 6 órgãos                                        ║
13:35:31 INFO     ╚══════════════════════════════════════════════════════════════╝
13:35:31 INFO     67 riscos | 0 ações | 109 relações
13:35:31 INFO     ptd_corpus_raw                     : 200 linhas
13:35:31 INFO     ptd_pivot_eixos                    : 6 linhas
13:35:34 INFO     ptd_datas_assinatura               : 132 linhas
13:35:34 INFO     ptd_riscos                         : 67 linhas
13:35:34 INFO     ptd_riscos_acoes                   : 109 linhas
13:35:34 INFO     Manifesto salvo: pipeline_manifest.json | SHA-256 de 132 PDFs
13:35:34 INFO     ==================================================
13:35:34 INFO     PTD-BR v3.0-melhorado — PIPELINE CONCLUÍDO
13:35:34 INFO     ==================================================
13:35:34 INFO     ptd_corpus_raw.csv                        125 KB
13:35:34 INFO     ptd_pivot_eixos.csv                         0 KB
13:35:34 INFO     ptd_datas_assinatura.csv                    9 KB
13:35:34 INFO     ptd_riscos.csv                             19 KB
13:35:34 INFO     ptd_riscos_acoes.csv                        2 KB
13:35:34 INFO     proveniencia.json                           0 KB
13:35:34 INFO     pipeline_manifest.json                     20 KB
13:35:34 INFO     📦 Artefatos: https://github.com/freirelucas/teste/actions/runs/23947381556
13:35:34 INFO     ==================================================
