09:03:11 INFO     Docling disponível
09:03:11 WARNING  OCR fallback indisponível (IndentationError: unexpected indent (ptd_ocr_fallback.py, line 45))
09:03:12 INFO     Ignorado (guia/template/norma): ABNT-NBR-17225-Acessibilidade-Digital.pdf
09:03:12 INFO     Ignorado (guia/template/norma): cgrep-guia10passos-ptd-orgao.pdf
09:03:12 INFO     Ignorado (guia/template/norma): ABNT-NBR-17225-Acessibilidade-Digital.pdf
09:03:12 INFO     Scraping: 132 PDFs únicos | entregas: 68 | diretivos: 61
09:03:12 INFO     Baixando 132 PDFs únicos...
09:03:14 INFO     ✓ [  1/132] abin_ptd_anexo_de_entregas_assinado_pelo_orgao_ass   293.3KB
09:03:17 INFO     ✓ [  2/132] aeb_ptd_2025_2027_docdiretivo_aprovado_assinado-1_  1033.7KB
09:03:20 INFO     ✓ [  3/132] aeb_ptd_2025_2027_anexo_de_entregas_aprovado_assin   154.5KB
09:03:25 INFO     ✓ [  4/132] agu_ptd_2025_2027_docdiretivo_assinado_assinado_as  2860.3KB
09:03:28 INFO     ✓ [  5/132] agu_ptd_2025_2027_anexo_de_entregas_assinado_assin   525.5KB
09:03:30 INFO     ✓ [  6/132] ana_ptd_2025_2027_docdiretivo_assinado_assinado_as   477.2KB
09:03:32 INFO     ✓ [  7/132] ana_ptd_2025_2027_anexoentregas_assinado_assinado_   170.9KB
09:03:36 INFO     ✓ [  8/132] anac_ptd_2025_2026_docdiretivo_se_assinado_tarjado  1036.3KB
09:03:38 INFO     ✓ [  9/132] anac_ptd_2025_2026_anexo_de_entregas_se_assinado.p   215.2KB
09:03:41 INFO     ✓ [ 10/132] anatel_ptd_docdiretivo_assinado_2025_2026_assinado  1006.0KB
09:03:43 INFO     ✓ [ 11/132] anatel_ptd_2025_2026_anexo_de_entregas_do_ptd_publ    71.9KB
09:03:46 INFO     ✓ [ 12/132] ancine_ptd_2024_2026_docdiretivo_assinado-2_assina   961.8KB
09:03:49 INFO     ✓ [ 13/132] ancine_ptd_2024_2026_-_anexo_de_entregas_aprovado_   613.2KB
09:03:52 INFO     ✓ [ 14/132] ptd_aneel_2025-2027_docdiretivo_assinado_tarjado.p   779.6KB
09:03:54 INFO     ✓ [ 15/132] ptd_aneel_2025-2027_anexo_de_entregas_assinado.pdf   111.9KB
09:03:57 INFO     ✓ [ 16/132] anm_ptd_2025_2027_docdiretivo_assinadopeloorgao_ta  1092.5KB
09:04:00 INFO     ✓ [ 17/132] anm_ptd_2025_2027_anexo_entregas_assinadopeloorgao  1140.4KB
09:04:04 INFO     ✓ [ 18/132] anpd_ptd_2025_2027_docdiretivo_assinado_assinado_a  1044.3KB
09:04:06 INFO     ✓ [ 19/132] anpd_ptd_2025_2027_anexo_de_entregas_assinado_assi   166.5KB
09:04:09 INFO     ✓ [ 20/132] ans-plano_de_transformacao_digital_assinado-copia_  1023.4KB
09:04:11 INFO     ✓ [ 21/132] ans_ptd_2025_2026_anexo_de_entregas_assinado_assin   124.1KB
09:04:14 INFO     ✓ [ 22/132] antaq_ptd_2025_2027_docdiretivo_assinado_assinado_  1039.8KB
09:04:16 INFO     ✓ [ 23/132] antaq_ptd_2025_2027_anexoentregas_assinado_assinad   145.1KB
09:04:18 INFO     ✓ [ 24/132] mt_anexo_de_entregas_-_assinado_assinado_assinado_   143.6KB
09:04:27 INFO     ✓ [ 25/132] anvisa_ptd_docdiretivo_2025-2026_assinado_assinado  5771.2KB
09:04:29 INFO     ✓ [ 26/132] anvisa_ptd_anexo_de_entregas_2025_2026_assinado_as   239.0KB
09:04:32 INFO     ✓ [ 27/132] bcb_documento_diretivo_assinado_assinado_assinado-   713.7KB
09:04:34 INFO     ✓ [ 28/132] bcb_anexo_de_entregas_ptd_25_26-1_assinado_assinad   134.8KB
09:04:37 INFO     ✓ [ 29/132] cade_ptd_docdiretivo_2025_2026_assinado-2_assinado   810.4KB
09:04:40 INFO     ✓ [ 30/132] cade_ptd_anexo_de_entregas_2025_2026_assinado_copi   504.0KB
09:04:43 INFO     ✓ [ 31/132] mec_ptd_docdiretivo_2025-2026_sei_mec-5566673_copi   863.1KB
09:04:45 INFO     ✓ [ 32/132] mec_ptd_anexo-de-entregas_sei_mec-5576401_copia_ta   495.7KB
09:04:49 INFO     ✓ [ 33/132] mec_ptd_docdiretivo-versao-comunicacao_copia_tarja  1616.5KB
09:04:51 INFO     ✓ [ 34/132] md_ptd_2026_2027_anexo_de_entregas_assinado_assina   579.4KB
09:04:54 INFO     ✓ [ 35/132] md_ptd_2026_2027_anexo_de_entregas_assinado_assina   186.8KB
09:04:57 INFO     ✓ [ 36/132] md_ptd_temp_copia_tarjada.pdf                        741.9KB
09:05:00 INFO     ✓ [ 37/132] cgu_ptd_docdiretivo_assinado_assinado_assinado-cop  1085.4KB
09:05:02 INFO     ✓ [ 38/132] cgu_ptd_anexo_de_entregas_pactuadas_assinado_assin   514.1KB
09:05:05 INFO     ✓ [ 39/132] cnpq_ptd_2025_2027_docdiretivo_assinado_assinado_a   342.9KB
09:05:07 INFO     ✓ [ 40/132] cnpq_ptd_2025_2027_anexo_de_entregas_assinado_assi   136.1KB
09:05:10 INFO     ✓ [ 41/132] coaf_ptd_2025_2026_documento_diretivo_assinado_ass  1068.0KB
09:05:15 INFO     ✓ [ 42/132] coaf_ptd_2025_2026_anexo_de_entregas-2_assinado_as  3184.5KB
09:05:22 INFO     ✓ [ 43/132] ptd_midr-docdiretivo_aprovado_assinado_tarjado.pdf  3864.1KB
09:05:25 INFO     ✓ [ 44/132] ptd_midr_-_anexo_de_entregas_-_aprovado_assinado.p  1122.0KB
09:05:28 INFO     ✓ [ 45/132] mda-documento-diretivo-assinado_ptd-2025-207-copia   955.8KB
09:05:30 INFO     ✓ [ 46/132] cvm_ptd_2025_2027_docdiretivo_assinado_assinado_as   270.5KB
09:05:33 INFO     ✓ [ 47/132] cvm_ptd_2025_2027_anexoentregas_assinado_assinado_   409.0KB
09:05:36 INFO     ✓ [ 48/132] dnocs_ptd_doc_diretivo_2025_2026_assinado_orgao-2_   891.1KB
09:05:38 INFO     ✓ [ 49/132] dnocs_anexo_de_entregas_repactuado_2025_2026_assin   272.3KB
09:05:43 INFO     ✓ [ 50/132] fbn_ptd_2025_2027_docdiretivo_assinado-1_tarjado.p  2921.6KB
09:05:46 INFO     ✓ [ 51/132] fbn_ptd_2025_2027_anexo_de_entregas_assinado-1.pdf   162.3KB
09:05:49 INFO     ✓ [ 52/132] fcp_ptd_2025_2027_docdiretivo_assinado-1_tarjado.p  1612.0KB
09:05:51 INFO     ✓ [ 53/132] fcp_ptd_2025_2027_anexo_de_entregas_assinado-1.pdf   118.8KB
09:05:55 INFO     ✓ [ 54/132] fcrb_ptd_2025_2026_docdiretivo_aprovado_assinado-1   998.2KB
09:05:57 INFO     ✓ [ 55/132] fcrb_ptd_2025_2026_anexo_de_entregas_aprovado_assi   313.5KB
09:06:01 INFO     ✓ [ 56/132] fiocruz_novo-ptd_2-1_docdiretivo_repactuacao_2024-  1318.1KB
09:06:03 INFO     ✓ [ 57/132] fiocruz_ptd_anexo_de_entregas_assinado_v1_assinado   257.1KB
09:06:07 INFO     ✓ [ 58/132] fiocruz-ptd-06_2024-copia_tarjada.pdf               1693.8KB
09:06:11 INFO     ✓ [ 59/132] funai_ptd_2025_2027_docdiretivo_assinado-1_tarjado  1842.1KB
09:06:13 INFO     ✓ [ 60/132] funai_anexo_de_entregas_repactuado_2026_2027_assin   435.7KB
09:06:16 INFO     ✓ [ 61/132] funarte_ptd_docdiretivo_assinado_21_01_2025_assina   965.7KB
09:06:19 INFO     ✓ [ 62/132] funarte_ptd_anexo_de_entregas_assinado_v1_assinado   683.6KB
09:06:22 INFO     ✓ [ 63/132] fundacentro_ptd_2025_2027_docdiretivo_assinado_ass   826.6KB
09:06:24 INFO     ✓ [ 64/132] fundacentro_ptd_2025_2027_anexo_de_entregas_assina   635.5KB
09:06:27 INFO     ✓ [ 65/132] mma_ptd_docdiretivo_assinado_2025_2026-1_assinado_   949.3KB
09:06:30 INFO     ✓ [ 66/132] mma_ptd_anexo_de_entregas_aprovado_final_assinado_   174.8KB
09:06:33 INFO     ✓ [ 67/132] ibge_docdiretivo_2025_assinado_assinado_assinado-c  1167.3KB
09:06:35 INFO     ✓ [ 68/132] ibge_ptd_25_26_anexo_de_entregas_modelo_v2-1_assin   143.7KB
09:06:44 INFO     ✓ [ 69/132] incra_ptd_docdiretivo__assinado-1_assinado_assinad  7182.0KB
09:06:48 INFO     ✓ [ 70/132] incra_anexo_de_entregas_assinado-1_assinado_assina  1818.6KB
09:06:54 INFO     ✓ [ 71/132] inpi_ptd_docdiretivo_assinado_2025_2026_assinado_a  3322.4KB
09:06:59 INFO     ✓ [ 72/132] inpi_ptd_anexo_de_entregas_assinado_v1_assinado_as  3078.1KB
09:07:02 INFO     ✓ [ 73/132] inss_ptd_2025_2027_docdiretivo-assinado-copia_tarj  1173.3KB
09:07:05 INFO     ✓ [ 74/132] inss_ptd_2025_2027_anexo_de_entregas-assinado-copi   110.8KB
09:07:08 INFO     ✓ [ 75/132] iphan_ptd_docdiretivo_assinado_2025_2026_assinado_   885.7KB
09:07:10 INFO     ✓ [ 76/132] iphan_ptd_anexo_de_entregas_assinado_v1_assinado_a   310.9KB
09:07:17 INFO     ✓ [ 77/132] iti_doc_diretivo_assinado-1_tarjado.pdf             4905.1KB
09:07:20 INFO     ✓ [ 78/132] iti_anexo_de_entregas_assinado.pdf                   556.4KB
09:07:24 INFO     ✓ [ 79/132] mapa_ptd_2025_2027_docdiretivo_assinado-1_tarjado.  1740.9KB
09:07:26 INFO     ✓ [ 80/132] mapa_ptd_2025_2027_anexo_de_entregas_assinado-1.pd   261.9KB
09:07:32 INFO     ✓ [ 81/132] documento-diretivo-mcom-_-ptd-25_27-copia_tarjada.  4451.9KB
09:07:36 INFO     ✓ [ 82/132] anexo-de-entregas-mcom_ptd-25_27-copia_tarjada.pdf  1213.8KB
09:07:41 INFO     ✓ [ 83/132] ptd_21_24_mcom-copia_tarjada.pdf                    3040.7KB
09:07:44 INFO     ✓ [ 84/132] mcti_ptd_2025-2027_docdiretivo_assinado-copia_tarj  1030.7KB
09:07:46 INFO     ✓ [ 85/132] mcti_ptd_2025-2027_anexo-de-entregas_assinado-copi   145.8KB
09:07:49 INFO     ✓ [ 86/132] mda-anexo-entregas-assinado_ptd-2025-2027-copia-ta   284.6KB
09:07:52 INFO     ✓ [ 87/132] mdhc_ptd_2025_2027_docdiretivo_assinado_assinado_a   753.4KB
09:07:54 INFO     ✓ [ 88/132] mdhc_ptd_2025_2027_anexoentregas_assinado_assinado   186.8KB
09:07:56 INFO     ✓ [ 89/132] mdic_ptd_anexo_de_entregas_assinado_v1_assinado_as   176.6KB
09:07:59 INFO     ✓ [ 90/132] memp_ptd_2025_2026_docdiretivo_assinado_assinado_a  1030.1KB
09:08:01 INFO     ✓ [ 91/132] memp_ptd_2025_2026_anexo_de_entregas_assinado_assi   161.5KB
09:08:05 INFO     ✓ [ 92/132] mesp_ptd_2025_2027_docdiretivo_assinado_assinado_2  1147.7KB
09:08:07 INFO     ✓ [ 93/132] mesp_ptd_2025_2027_anexo_de_entregas_assinado_assi   226.6KB
09:08:10 INFO     ✓ [ 94/132] mf_ptd_2026_2027_documentodiretivo_assinado_assina   955.1KB
09:08:12 INFO     ✓ [ 95/132] mf_ptd_2026_2027_anexo_de_entregas_1_mf_se_assinad   241.2KB
09:08:15 INFO     ✓ [ 96/132] mgi_ptd_2025_2027_docdiretivo_assinado_assinado_as   375.2KB
09:08:17 INFO     ✓ [ 97/132] mgi_ptd_2025_2027_anexo_de_entregas_assinado_assin   256.1KB
09:08:20 INFO     ✓ [ 98/132] minc_ptd_2025_2027_docdiretivo_assinado-1_assinado   863.6KB
09:08:23 INFO     ✓ [ 99/132] minc_ptd_2025_2027_anexo_de_entregas_assinado-1_as   276.7KB
09:08:26 INFO     ✓ [100/132] mjsp_ptd_docdiretivo_assinado_2025_2026_assinado_a   954.0KB
09:08:28 INFO     ✓ [101/132] mjsp_ptd_anexo_de_entregas_assinado_v1_assinado_as   253.9KB
09:08:31 INFO     ✓ [102/132] mme_ptd_2025_2027_docdiretivo_assinado-copia_tarja   664.5KB
09:08:33 INFO     ✓ [103/132] mme_ptd_2025_2027_anexo_de_entregas_assinado__1_-c   111.1KB
09:08:36 INFO     ✓ [104/132] mmulheres_ptd_2025_2027_docdiretivo_assinado_assin  1078.3KB
09:08:38 INFO     ✓ [105/132] mmulheres_ptd_2025_2027_anexo_de_entregas_assinado   216.9KB
09:08:41 INFO     ✓ [106/132] mpi_ptd_2025_2027_docdiretivo_ministerio_dos_povos   947.9KB
09:08:43 INFO     ✓ [107/132] mpi_ptd_anexo_de_entregas_do_plano_de_tranformacao   191.9KB
09:08:46 INFO     ✓ [108/132] mpo_ptd_docdiretivo_assinado_2025_2026_assinado_as   806.3KB
09:08:49 INFO     ✓ [109/132] mpo_ptd_anexo_de_entregas_assinado_v1_assinado_ass   323.2KB
09:08:52 INFO     ✓ [110/132] mpor_ptd_2025_2027_docdiretivo_assinado_assinado_a   876.5KB
09:08:54 INFO     ✓ [111/132] mpor_ptd_2025_2027_anexo_de_entregas_assinado_assi   175.1KB
09:08:57 INFO     ✓ [112/132] mps_ptd_2025-2026_docdiretivo_final_assinado-1_ass  1024.4KB
09:08:59 INFO     ✓ [113/132] mps_ptd_2025-2026_anexo_de_entregas_final_assinado   165.0KB
09:09:02 INFO     ✓ [114/132] mre_ptd_docdiretivo_assinado_2025_2026_assinado_as   760.9KB
09:09:04 INFO     ✓ [115/132] mre_ptd_anexo_de_entregas_assinado_v1_assinado_ass   233.2KB
09:09:07 INFO     ✓ [116/132] mte_ptd_2025_2026_docdiretivo_assinado_assinado_as   729.6KB
09:09:10 INFO     ✓ [117/132] mte_ptd_anexo_de_entregas_assinado_v1__281_29_assi   459.5KB
09:09:13 INFO     ✓ [118/132] mtur_ptd_docdiretiv_assinado_30_01_2025_assinado_a  1050.4KB
09:09:15 INFO     ✓ [119/132] mtur_ptd_anexo_de_entregas_assinado_30_01_2025_ass   118.8KB
09:09:18 INFO     ✓ [120/132] pf_ptd_docdiretivo_2025_2027_assinado-copia_tarjad   964.3KB
09:09:20 INFO     ✓ [121/132] pf_ptd_anexo_de_entregas_2025_2027_assinado-copia_    62.5KB
09:09:23 INFO     ✓ [122/132] mf_ptd_2026_2027_anexo_de_entregas_4_mf_pgfn_assin   466.8KB
09:09:32 INFO     ✓ [123/132] previc_plano_de_transformacao_digital_2025_2026_29  6652.7KB
09:09:34 INFO     ✓ [124/132] previc_ptd_repactuacao_2025-2026_assinado_assinado   182.9KB
09:09:37 INFO     ✓ [125/132] prf_documentodiretivo_ptd_2026-2027_assinado_tarja   535.9KB
09:09:39 INFO     ✓ [126/132] prf_anexo_de_entregas_do_ptd__2026_2027___ptd___en   157.7KB
09:09:42 INFO     ✓ [127/132] mf_ptd_2026_2027_anexo_de_entregas_2_mf_rfb_assina   253.7KB
09:09:45 INFO     ✓ [128/132] sgpr_ptd_2026_2027_docdiretivo_assinado-copia_tarj   791.2KB
09:09:48 INFO     ✓ [129/132] sgpr_ptd_2025_2027_anexo_de_entregas_assinado-copi   897.9KB
09:09:51 INFO     ✓ [130/132] mf_ptd_2026_2027_anexo_de_entregas_3_mf_stn_assina   467.8KB
09:09:54 INFO     ✓ [131/132] susep_ptd_2025_2027_docdiretivo-assinado-copia_tar  1030.1KB
09:09:56 INFO     ✓ [132/132] susep_ptd_2025-2026_anexo_de_entregas_final_assina   221.9KB
09:09:57 INFO     132 OK | 0 erros | 123.3 MB total
09:10:03 INFO     Sanity: 132 PDFs | 113 texto | 19 imagem/OCR | 0 duplicatas
09:10:03 INFO     --siglas (debug): 15 PDFs de ['AGU', 'FIOCRUZ', 'FUNAI', 'FUNDACENTRO', 'INCRA', 'ITI', 'MCOM', 'SGPR']
09:10:03 INFO     DocumentConverter instanciado (singleton × 2: plain + OCR)
09:10:03 INFO     [1/15] → agu_ptd_2025_2027_anexo_de_entregas_assinado_assinado_assinado-copia_tarjada.pdf
09:10:03 INFO     detected formats: [<InputFormat.PDF: 'pdf'>]
09:10:03 INFO     Going to convert document batch...
09:10:03 INFO     Initializing pipeline for StandardPdfPipeline with options hash bc6794697da537796efc497178f9263f
09:10:03 INFO     Loading plugin 'docling_defaults'
09:10:03 INFO     Registered picture descriptions: ['picture_description_vlm_engine', 'vlm', 'api']
09:10:03 INFO     Loading plugin 'docling_defaults'
09:10:03 INFO     Registered ocr engines: ['auto', 'easyocr', 'kserve_v2_ocr', 'ocrmac', 'rapidocr', 'tesserocr', 'tesseract']
09:10:03 INFO     command: tesseract --list-langs
09:10:03 INFO     Loading plugin 'docling_defaults'
09:10:03 INFO     Registered layout engines: ['layout_object_detection', 'docling_layout_default', 'docling_experimental_table_crops_layout']
09:10:03 INFO     Accelerator device: 'cpu'
09:10:03 INFO     HTTP Request: GET https://huggingface.co/api/models/docling-project/docling-layout-heron/revision/main "HTTP/1.1 200 OK"
09:10:03 INFO     HTTP Request: HEAD https://huggingface.co/docling-project/docling-layout-heron/resolve/8f39ad3c0b4c58e9c2d2c84a38465abf757272d8/README.md "HTTP/1.1 307 Temporary Redirect"
09:10:03 WARNING  Warning: You are sending unauthenticated requests to the HF Hub. Please set a HF_TOKEN to enable higher rate limits and faster downloads.
09:10:03 INFO     HTTP Request: HEAD https://huggingface.co/api/resolve-cache/models/docling-project/docling-layout-heron/8f39ad3c0b4c58e9c2d2c84a38465abf757272d8/README.md "HTTP/1.1 200 OK"
09:10:03 INFO     HTTP Request: HEAD https://huggingface.co/docling-project/docling-layout-heron/resolve/8f39ad3c0b4c58e9c2d2c84a38465abf757272d8/config.json "HTTP/1.1 307 Temporary Redirect"
09:10:03 INFO     HTTP Request: HEAD https://huggingface.co/docling-project/docling-layout-heron/resolve/8f39ad3c0b4c58e9c2d2c84a38465abf757272d8/docling_heron_400.png "HTTP/1.1 307 Temporary Redirect"
09:10:03 INFO     HTTP Request: GET https://huggingface.co/api/resolve-cache/models/docling-project/docling-layout-heron/8f39ad3c0b4c58e9c2d2c84a38465abf757272d8/README.md "HTTP/1.1 200 OK"
09:10:03 INFO     HTTP Request: HEAD https://huggingface.co/docling-project/docling-layout-heron/resolve/8f39ad3c0b4c58e9c2d2c84a38465abf757272d8/model.safetensors "HTTP/1.1 302 Found"
09:10:03 INFO     HTTP Request: HEAD https://huggingface.co/api/resolve-cache/models/docling-project/docling-layout-heron/8f39ad3c0b4c58e9c2d2c84a38465abf757272d8/config.json "HTTP/1.1 200 OK"
09:10:03 INFO     HTTP Request: HEAD https://huggingface.co/api/resolve-cache/models/docling-project/docling-layout-heron/8f39ad3c0b4c58e9c2d2c84a38465abf757272d8/docling_heron_400.png "HTTP/1.1 200 OK"
09:10:03 INFO     HTTP Request: HEAD https://huggingface.co/docling-project/docling-layout-heron/resolve/8f39ad3c0b4c58e9c2d2c84a38465abf757272d8/preprocessor_config.json "HTTP/1.1 307 Temporary Redirect"
09:10:03 INFO     HTTP Request: GET https://huggingface.co/api/resolve-cache/models/docling-project/docling-layout-heron/8f39ad3c0b4c58e9c2d2c84a38465abf757272d8/config.json "HTTP/1.1 200 OK"
09:10:03 INFO     HTTP Request: GET https://huggingface.co/api/resolve-cache/models/docling-project/docling-layout-heron/8f39ad3c0b4c58e9c2d2c84a38465abf757272d8/docling_heron_400.png "HTTP/1.1 200 OK"
09:10:03 INFO     HTTP Request: HEAD https://huggingface.co/api/resolve-cache/models/docling-project/docling-layout-heron/8f39ad3c0b4c58e9c2d2c84a38465abf757272d8/preprocessor_config.json "HTTP/1.1 200 OK"
09:10:03 INFO     HTTP Request: GET https://huggingface.co/api/resolve-cache/models/docling-project/docling-layout-heron/8f39ad3c0b4c58e9c2d2c84a38465abf757272d8/preprocessor_config.json "HTTP/1.1 200 OK"
09:10:03 INFO     HTTP Request: HEAD https://huggingface.co/docling-project/docling-layout-heron/resolve/8f39ad3c0b4c58e9c2d2c84a38465abf757272d8/.gitattributes "HTTP/1.1 307 Temporary Redirect"
09:10:03 INFO     HTTP Request: GET https://huggingface.co/api/models/docling-project/docling-layout-heron/xet-read-token/8f39ad3c0b4c58e9c2d2c84a38465abf757272d8 "HTTP/1.1 200 OK"
09:10:03 INFO     HTTP Request: HEAD https://huggingface.co/api/resolve-cache/models/docling-project/docling-layout-heron/8f39ad3c0b4c58e9c2d2c84a38465abf757272d8/.gitattributes "HTTP/1.1 200 OK"
09:10:03 INFO     HTTP Request: GET https://huggingface.co/api/resolve-cache/models/docling-project/docling-layout-heron/8f39ad3c0b4c58e9c2d2c84a38465abf757272d8/.gitattributes "HTTP/1.1 200 OK"
09:10:05 INFO     Loading plugin 'docling_defaults'
09:10:05 INFO     Registered table structure engines: ['docling_tableformer', 'docling_tableformer_v2']
09:10:05 INFO     HTTP Request: GET https://huggingface.co/api/models/docling-project/docling-models/revision/v2.3.0 "HTTP/1.1 200 OK"
09:10:05 INFO     HTTP Request: HEAD https://huggingface.co/docling-project/docling-models/resolve/fc0f2d45e2218ea24bce5045f58a389aed16dc23/.gitattributes "HTTP/1.1 307 Temporary Redirect"
09:10:05 INFO     HTTP Request: HEAD https://huggingface.co/docling-project/docling-models/resolve/fc0f2d45e2218ea24bce5045f58a389aed16dc23/model_artifacts/tableformer/accurate/tm_config.json "HTTP/1.1 307 Temporary Redirect"
09:10:05 INFO     HTTP Request: HEAD https://huggingface.co/docling-project/docling-models/resolve/fc0f2d45e2218ea24bce5045f58a389aed16dc23/README.md "HTTP/1.1 307 Temporary Redirect"
09:10:05 INFO     HTTP Request: HEAD https://huggingface.co/docling-project/docling-models/resolve/fc0f2d45e2218ea24bce5045f58a389aed16dc23/model_artifacts/tableformer/accurate/tableformer_accurate.safetensors "HTTP/1.1 302 Found"
09:10:05 INFO     HTTP Request: HEAD https://huggingface.co/docling-project/docling-models/resolve/fc0f2d45e2218ea24bce5045f58a389aed16dc23/.gitignore "HTTP/1.1 307 Temporary Redirect"
09:10:05 INFO     HTTP Request: HEAD https://huggingface.co/api/resolve-cache/models/docling-project/docling-models/fc0f2d45e2218ea24bce5045f58a389aed16dc23/.gitattributes "HTTP/1.1 200 OK"
09:10:05 INFO     HTTP Request: HEAD https://huggingface.co/api/resolve-cache/models/docling-project/docling-models/fc0f2d45e2218ea24bce5045f58a389aed16dc23/model_artifacts%2Ftableformer%2Faccurate%2Ftm_config.json "HTTP/1.1 200 OK"
09:10:05 INFO     HTTP Request: HEAD https://huggingface.co/api/resolve-cache/models/docling-project/docling-models/fc0f2d45e2218ea24bce5045f58a389aed16dc23/README.md "HTTP/1.1 200 OK"
09:10:05 INFO     HTTP Request: HEAD https://huggingface.co/docling-project/docling-models/resolve/fc0f2d45e2218ea24bce5045f58a389aed16dc23/config.json "HTTP/1.1 307 Temporary Redirect"
09:10:05 INFO     HTTP Request: HEAD https://huggingface.co/api/resolve-cache/models/docling-project/docling-models/fc0f2d45e2218ea24bce5045f58a389aed16dc23/.gitignore "HTTP/1.1 200 OK"
09:10:05 INFO     HTTP Request: HEAD https://huggingface.co/docling-project/docling-models/resolve/fc0f2d45e2218ea24bce5045f58a389aed16dc23/model_artifacts/tableformer/fast/tableformer_fast.safetensors "HTTP/1.1 302 Found"
09:10:05 INFO     HTTP Request: GET https://huggingface.co/api/resolve-cache/models/docling-project/docling-models/fc0f2d45e2218ea24bce5045f58a389aed16dc23/.gitattributes "HTTP/1.1 200 OK"
09:10:05 INFO     HTTP Request: HEAD https://huggingface.co/docling-project/docling-models/resolve/fc0f2d45e2218ea24bce5045f58a389aed16dc23/model_artifacts/tableformer/fast/tm_config.json "HTTP/1.1 307 Temporary Redirect"
09:10:05 INFO     HTTP Request: HEAD https://huggingface.co/api/resolve-cache/models/docling-project/docling-models/fc0f2d45e2218ea24bce5045f58a389aed16dc23/config.json "HTTP/1.1 200 OK"
09:10:05 INFO     HTTP Request: GET https://huggingface.co/api/resolve-cache/models/docling-project/docling-models/fc0f2d45e2218ea24bce5045f58a389aed16dc23/model_artifacts%2Ftableformer%2Faccurate%2Ftm_config.json "HTTP/1.1 200 OK"
09:10:05 INFO     HTTP Request: GET https://huggingface.co/api/models/docling-project/docling-models/xet-read-token/fc0f2d45e2218ea24bce5045f58a389aed16dc23 "HTTP/1.1 200 OK"
09:10:05 INFO     HTTP Request: GET https://huggingface.co/api/resolve-cache/models/docling-project/docling-models/fc0f2d45e2218ea24bce5045f58a389aed16dc23/README.md "HTTP/1.1 200 OK"
09:10:05 INFO     HTTP Request: HEAD https://huggingface.co/api/resolve-cache/models/docling-project/docling-models/fc0f2d45e2218ea24bce5045f58a389aed16dc23/model_artifacts%2Ftableformer%2Ffast%2Ftm_config.json "HTTP/1.1 200 OK"
09:10:05 INFO     HTTP Request: GET https://huggingface.co/api/resolve-cache/models/docling-project/docling-models/fc0f2d45e2218ea24bce5045f58a389aed16dc23/.gitignore "HTTP/1.1 200 OK"
09:10:05 INFO     HTTP Request: GET https://huggingface.co/api/resolve-cache/models/docling-project/docling-models/fc0f2d45e2218ea24bce5045f58a389aed16dc23/config.json "HTTP/1.1 200 OK"
09:10:05 INFO     HTTP Request: GET https://huggingface.co/api/resolve-cache/models/docling-project/docling-models/fc0f2d45e2218ea24bce5045f58a389aed16dc23/model_artifacts%2Ftableformer%2Ffast%2Ftm_config.json "HTTP/1.1 200 OK"
09:10:05 INFO     HTTP Request: GET https://huggingface.co/api/models/docling-project/docling-models/xet-read-token/fc0f2d45e2218ea24bce5045f58a389aed16dc23 "HTTP/1.1 200 OK"
09:10:07 INFO     Accelerator device: 'cpu'
09:10:07 INFO     Processing document agu_ptd_2025_2027_anexo_de_entregas_assinado_assinado_assinado-copia_tarjada.pdf
09:10:08 INFO     command: tesseract --psm 0 -l osd /tmp/tmpp5axv9ob.png stdout
09:10:09 INFO     command: tesseract -l por /tmp/tmpp5axv9ob.png stdout tsv
09:10:12 INFO     command: tesseract --psm 0 -l osd /tmp/tmp3igivjft.png stdout
09:10:13 INFO     command: tesseract -l por /tmp/tmp3igivjft.png stdout tsv
09:10:32 INFO     Finished converting document agu_ptd_2025_2027_anexo_de_entregas_assinado_assinado_assinado-copia_tarjada.pdf in 29.15 sec.
09:10:32 INFO       pixel_budget (Docling) agu_ptd_2025_2027_anexo_de_entregas_assinado_assinado_assinado-copia_tarjada.pdf: 45.8% (área tabelas/1001817 px²)
09:10:32 INFO     [1/15] ✓ AGU       :   33 entregas | 29.2s | ETA ~6min
09:10:32 INFO     [2/15] → agu_ptd_2025_2027_docdiretivo_assinado_assinado_assinado-copia_tarjada.pdf
09:10:32 INFO     detected formats: [<InputFormat.PDF: 'pdf'>]
09:10:32 INFO     Going to convert document batch...
09:10:32 INFO     Processing document agu_ptd_2025_2027_docdiretivo_assinado_assinado_assinado-copia_tarjada.pdf
09:10:33 INFO     command: tesseract --psm 0 -l osd /tmp/tmpoyv56e2c.png stdout
09:10:33 INFO     command: tesseract -l por /tmp/tmpoyv56e2c.png stdout tsv
09:10:35 INFO     command: tesseract --psm 0 -l osd /tmp/tmp2fugvri_.png stdout
09:10:37 INFO     command: tesseract -l por /tmp/tmp2fugvri_.png stdout tsv
09:10:39 INFO     command: tesseract --psm 0 -l osd /tmp/tmpi4ifhj4f.png stdout
09:10:40 INFO     command: tesseract -l por /tmp/tmpi4ifhj4f.png stdout tsv
09:10:42 INFO     command: tesseract --psm 0 -l osd /tmp/tmpvlw9nrhx.png stdout
09:10:43 INFO     command: tesseract -l por /tmp/tmpvlw9nrhx.png stdout tsv
09:10:45 INFO     command: tesseract --psm 0 -l osd /tmp/tmp_rphv_n9.png stdout
09:10:46 INFO     command: tesseract -l por /tmp/tmp_rphv_n9.png stdout tsv
09:10:48 INFO     command: tesseract --psm 0 -l osd /tmp/tmp3_boy5fz.png stdout
09:10:49 INFO     command: tesseract -l por /tmp/tmp3_boy5fz.png stdout tsv
09:10:59 INFO     command: tesseract --psm 0 -l osd /tmp/tmpnq2rs8t2.png stdout
09:11:00 INFO     command: tesseract -l por /tmp/tmpnq2rs8t2.png stdout tsv
09:11:02 INFO     command: tesseract --psm 0 -l osd /tmp/tmpo6_02qai.png stdout
09:11:03 INFO     command: tesseract -l por /tmp/tmpo6_02qai.png stdout tsv
09:11:05 INFO     command: tesseract --psm 0 -l osd /tmp/tmpjt_tf4qf.png stdout
09:11:06 INFO     command: tesseract -l por /tmp/tmpjt_tf4qf.png stdout tsv
09:11:08 INFO     command: tesseract --psm 0 -l osd /tmp/tmpq3oyhgrq.png stdout
09:11:09 INFO     command: tesseract -l por /tmp/tmpq3oyhgrq.png stdout tsv
09:11:26 INFO     command: tesseract --psm 0 -l osd /tmp/tmpnb35l7w8.png stdout
09:11:26 INFO     command: tesseract -l por /tmp/tmpnb35l7w8.png stdout tsv
09:11:30 INFO     Finished converting document agu_ptd_2025_2027_docdiretivo_assinado_assinado_assinado-copia_tarjada.pdf in 57.36 sec.
09:11:30 INFO       pixel_budget (Docling) agu_ptd_2025_2027_docdiretivo_assinado_assinado_assinado-copia_tarjada.pdf: 2.1% (área tabelas/5513330 px²)
09:11:30 INFO     [2/15] ✓ AGU       :    6 entregas | 57.4s | ETA ~9min
09:11:30 INFO     [3/15] → anexo-de-entregas-mcom_ptd-25_27-copia_tarjada.pdf
09:11:30 INFO     detected formats: [<InputFormat.PDF: 'pdf'>]
09:11:30 INFO     Going to convert document batch...
09:11:30 INFO     Processing document anexo-de-entregas-mcom_ptd-25_27-copia_tarjada.pdf
09:11:31 INFO     command: tesseract --psm 0 -l osd /tmp/tmpxql_qw6e.png stdout
09:11:32 INFO     command: tesseract -l por /tmp/tmpxql_qw6e.png stdout tsv
09:11:34 INFO     command: tesseract --psm 0 -l osd /tmp/tmpne97vypf.png stdout
09:11:36 INFO     command: tesseract -l por /tmp/tmpne97vypf.png stdout tsv
09:11:47 INFO     command: tesseract --psm 0 -l osd /tmp/tmp9pafjlu6.png stdout
09:11:48 INFO     command: tesseract -l por /tmp/tmp9pafjlu6.png stdout tsv
09:12:08 INFO     Finished converting document anexo-de-entregas-mcom_ptd-25_27-copia_tarjada.pdf in 38.03 sec.
09:12:08 INFO       pixel_budget (Docling) anexo-de-entregas-mcom_ptd-25_27-copia_tarjada.pdf: 55.2% (área tabelas/1503636 px²)
09:12:08 INFO     [3/15] ✓ MCOM      :   55 entregas | 38.0s | ETA ~8min
09:12:08 INFO     [4/15] → documento-diretivo-mcom-_-ptd-25_27-copia_tarjada.pdf
09:12:08 INFO     detected formats: [<InputFormat.PDF: 'pdf'>]
09:12:08 INFO     Going to convert document batch...
09:12:08 INFO     Processing document documento-diretivo-mcom-_-ptd-25_27-copia_tarjada.pdf
09:12:08 INFO     command: tesseract --psm 0 -l osd /tmp/tmpdz4n8vch.png stdout
09:12:09 INFO     command: tesseract -l por /tmp/tmpdz4n8vch.png stdout tsv
09:12:11 INFO     command: tesseract --psm 0 -l osd /tmp/tmp9ggp18nj.png stdout
09:12:13 INFO     command: tesseract -l por /tmp/tmp9ggp18nj.png stdout tsv
09:12:18 INFO     command: tesseract --psm 0 -l osd /tmp/tmpdsknu40t.png stdout
09:12:18 INFO     command: tesseract -l por /tmp/tmpdsknu40t.png stdout tsv
09:12:19 INFO     command: tesseract --psm 0 -l osd /tmp/tmpsg0psn5h.png stdout
09:12:20 INFO     command: tesseract -l por /tmp/tmpsg0psn5h.png stdout tsv
09:12:22 INFO     command: tesseract --psm 0 -l osd /tmp/tmpthx9grsp.png stdout
09:12:23 INFO     command: tesseract -l por /tmp/tmpthx9grsp.png stdout tsv
09:12:25 INFO     command: tesseract --psm 0 -l osd /tmp/tmpjygqf1_b.png stdout
09:12:27 INFO     command: tesseract -l por /tmp/tmpjygqf1_b.png stdout tsv
09:12:45 INFO     command: tesseract --psm 0 -l osd /tmp/tmprgi3qqvj.png stdout
09:12:45 INFO     command: tesseract -l por /tmp/tmprgi3qqvj.png stdout tsv
09:12:47 INFO     command: tesseract --psm 0 -l osd /tmp/tmpd1cg3xbi.png stdout
09:12:48 INFO     command: tesseract -l por /tmp/tmpd1cg3xbi.png stdout tsv
09:12:50 INFO     command: tesseract --psm 0 -l osd /tmp/tmpkgg2b2kd.png stdout
09:12:51 INFO     command: tesseract -l por /tmp/tmpkgg2b2kd.png stdout tsv
09:12:53 INFO     command: tesseract --psm 0 -l osd /tmp/tmpvgv4ripd.png stdout
09:12:54 INFO     command: tesseract -l por /tmp/tmpvgv4ripd.png stdout tsv
09:12:58 INFO     command: tesseract --psm 0 -l osd /tmp/tmpnmoqr0xi.png stdout
09:12:59 INFO     command: tesseract -l por /tmp/tmpnmoqr0xi.png stdout tsv
09:13:05 INFO     command: tesseract --psm 0 -l osd /tmp/tmpk0zhcjo8.png stdout
09:13:06 INFO     command: tesseract -l por /tmp/tmpk0zhcjo8.png stdout tsv
09:13:08 INFO     command: tesseract --psm 0 -l osd /tmp/tmplj8t5oaj.png stdout
09:13:09 INFO     command: tesseract -l por /tmp/tmplj8t5oaj.png stdout tsv
09:13:11 INFO     command: tesseract --psm 0 -l osd /tmp/tmpf3qtehcl.png stdout
09:13:12 INFO     command: tesseract -l por /tmp/tmpf3qtehcl.png stdout tsv
09:13:18 INFO     Finished converting document documento-diretivo-mcom-_-ptd-25_27-copia_tarjada.pdf in 70.46 sec.
09:13:18 INFO       pixel_budget (Docling) documento-diretivo-mcom-_-ptd-25_27-copia_tarjada.pdf: 10.8% (área tabelas/7016966 px²)
09:13:18 WARNING  [4/15] ⚠ MCOM      :    0 entregas | 70.5s | ETA ~8min
09:13:18 INFO     [5/15] → fiocruz-ptd-06_2024-copia_tarjada.pdf
09:13:18 INFO     detected formats: [<InputFormat.PDF: 'pdf'>]
09:13:18 INFO     Going to convert document batch...
09:13:18 INFO     Initializing pipeline for StandardPdfPipeline with options hash d18651824ca6fe56cf3ccb20424ac2c8
09:13:18 INFO     Accelerator device: 'cpu'
09:13:18 INFO     HTTP Request: GET https://huggingface.co/api/models/docling-project/docling-layout-heron/revision/main "HTTP/1.1 200 OK"
09:13:19 INFO     HTTP Request: GET https://huggingface.co/api/models/docling-project/docling-models/revision/v2.3.0 "HTTP/1.1 200 OK"
09:13:19 INFO     Accelerator device: 'cpu'
09:13:19 INFO     Processing document fiocruz-ptd-06_2024-copia_tarjada.pdf
09:14:26 INFO     Finished converting document fiocruz-ptd-06_2024-copia_tarjada.pdf in 67.95 sec.
09:14:26 INFO       pixel_budget (Docling) fiocruz-ptd-06_2024-copia_tarjada.pdf: 36.4% (área tabelas/7518178 px²)
09:14:26 WARNING  [5/15] ⚠ FIOCRUZ   :    0 entregas | 68.0s | ETA ~8min
09:14:26 INFO     [6/15] → fiocruz_novo-ptd_2-1_docdiretivo_repactuacao_2024-2026_assinado_assinado-copia_tarjada.pdf
09:14:26 INFO     detected formats: [<InputFormat.PDF: 'pdf'>]
09:14:26 INFO     Going to convert document batch...
09:14:26 INFO     Processing document fiocruz_novo-ptd_2-1_docdiretivo_repactuacao_2024-2026_assinado_assinado-copia_tarjada.pdf
09:14:44 INFO     Finished converting document fiocruz_novo-ptd_2-1_docdiretivo_repactuacao_2024-2026_assinado_assinado-copia_tarjada.pdf in 17.72 sec.
09:14:44 INFO       pixel_budget (Docling) fiocruz_novo-ptd_2-1_docdiretivo_repactuacao_2024-2026_assinado_assinado-copia_tarjada.pdf: 11.3% (área tabelas/5012118 px²)
09:14:44 WARNING  [6/15] ⚠ FIOCRUZ   :    0 entregas | 17.7s | ETA ~7min
09:14:44 INFO     [7/15] → fiocruz_ptd_anexo_de_entregas_assinado_v1_assinado_assinado-1-copia_tarjada.pdf
09:14:44 INFO     detected formats: [<InputFormat.PDF: 'pdf'>]
09:14:44 INFO     Going to convert document batch...
09:14:44 INFO     Processing document fiocruz_ptd_anexo_de_entregas_assinado_v1_assinado_assinado-1-copia_tarjada.pdf
09:15:16 INFO     Finished converting document fiocruz_ptd_anexo_de_entregas_assinado_v1_assinado_assinado-1-copia_tarjada.pdf in 31.96 sec.
09:15:16 INFO       pixel_budget (Docling) fiocruz_ptd_anexo_de_entregas_assinado_v1_assinado_assinado-1-copia_tarjada.pdf: 54.7% (área tabelas/2004847 px²)
09:15:16 INFO     [7/15] ✓ FIOCRUZ   :   62 entregas | 32.0s | ETA ~5min
09:15:16 INFO     [8/15] → funai_anexo_de_entregas_repactuado_2026_2027_assinado_assinado_assinado.pdf
09:15:16 INFO     detected formats: [<InputFormat.PDF: 'pdf'>]
09:15:16 INFO     Going to convert document batch...
09:15:16 INFO     Processing document funai_anexo_de_entregas_repactuado_2026_2027_assinado_assinado_assinado.pdf
09:15:17 INFO     command: tesseract --psm 0 -l osd /tmp/tmpo5tdrtl3.png stdout
09:15:18 INFO     command: tesseract -l por /tmp/tmpo5tdrtl3.png stdout tsv
09:15:31 INFO     Finished converting document funai_anexo_de_entregas_repactuado_2026_2027_assinado_assinado_assinado.pdf in 14.85 sec.
09:15:31 INFO       pixel_budget (Docling) funai_anexo_de_entregas_repactuado_2026_2027_assinado_assinado_assinado.pdf: 49.8% (área tabelas/501212 px²)
09:15:31 INFO     [8/15] ✓ FUNAI     :   22 entregas | 14.9s | ETA ~4min
09:15:31 INFO     [9/15] → funai_ptd_2025_2027_docdiretivo_assinado-1_tarjado.pdf
09:15:31 INFO     detected formats: [<InputFormat.PDF: 'pdf'>]
09:15:31 INFO     Going to convert document batch...
09:15:31 INFO     Processing document funai_ptd_2025_2027_docdiretivo_assinado-1_tarjado.pdf
09:15:32 INFO     command: tesseract --psm 0 -l osd /tmp/tmp7razxm86.png stdout
09:15:33 INFO     command: tesseract -l por /tmp/tmp7razxm86.png stdout tsv
09:15:34 INFO     command: tesseract --psm 0 -l osd /tmp/tmpr7eozrhu.png stdout
09:15:35 INFO     command: tesseract -l por /tmp/tmpr7eozrhu.png stdout tsv
09:15:39 INFO     command: tesseract --psm 0 -l osd /tmp/tmp6lflrfbo.png stdout
09:15:40 INFO     command: tesseract -l por /tmp/tmp6lflrfbo.png stdout tsv
09:15:42 INFO     command: tesseract --psm 0 -l osd /tmp/tmprplu_we2.png stdout
09:15:42 INFO     command: tesseract -l por /tmp/tmprplu_we2.png stdout tsv
09:15:44 INFO     command: tesseract --psm 0 -l osd /tmp/tmpy2d35m41.png stdout
09:15:45 INFO     command: tesseract -l por /tmp/tmpy2d35m41.png stdout tsv
09:15:47 INFO     command: tesseract --psm 0 -l osd /tmp/tmpa3m5ne5r.png stdout
09:15:48 INFO     command: tesseract -l por /tmp/tmpa3m5ne5r.png stdout tsv
09:15:59 INFO     command: tesseract --psm 0 -l osd /tmp/tmpadqlvkm1.png stdout
09:16:00 INFO     command: tesseract -l por /tmp/tmpadqlvkm1.png stdout tsv
09:16:01 INFO     command: tesseract --psm 0 -l osd /tmp/tmpkyzmmkg0.png stdout
09:16:02 INFO     command: tesseract -l por /tmp/tmpkyzmmkg0.png stdout tsv
09:16:03 INFO     command: tesseract --psm 0 -l osd /tmp/tmp3ows1snc.png stdout
09:16:04 INFO     command: tesseract -l por /tmp/tmp3ows1snc.png stdout tsv
09:16:06 INFO     command: tesseract --psm 0 -l osd /tmp/tmpbvn27a2y.png stdout
09:16:07 INFO     command: tesseract -l por /tmp/tmpbvn27a2y.png stdout tsv
09:16:22 INFO     command: tesseract --psm 0 -l osd /tmp/tmp5i4_dnm1.png stdout
09:16:23 INFO     command: tesseract -l por /tmp/tmp5i4_dnm1.png stdout tsv
09:16:28 INFO     command: tesseract --psm 0 -l osd /tmp/tmpmpu20ltx.png stdout
09:16:29 INFO     command: tesseract -l por /tmp/tmpmpu20ltx.png stdout tsv
09:16:31 INFO     command: tesseract --psm 0 -l osd /tmp/tmp3midolec.png stdout
09:16:31 INFO     command: tesseract -l por /tmp/tmp3midolec.png stdout tsv
09:16:38 INFO     Finished converting document funai_ptd_2025_2027_docdiretivo_assinado-1_tarjado.pdf in 67.02 sec.
09:16:38 INFO       pixel_budget (Docling) funai_ptd_2025_2027_docdiretivo_assinado-1_tarjado.pdf: 16.4% (área tabelas/6515754 px²)
09:16:38 INFO     [9/15] ✓ FUNAI     :    8 entregas | 67.0s | ETA ~4min
09:16:38 INFO     [10/15] → incra_anexo_de_entregas_assinado-1_assinado_assinado-copia_tarjada.pdf
09:16:38 INFO     detected formats: [<InputFormat.PDF: 'pdf'>]
09:16:38 INFO     Going to convert document batch...
09:16:38 INFO     Processing document incra_anexo_de_entregas_assinado-1_assinado_assinado-copia_tarjada.pdf
09:16:39 INFO     command: tesseract --psm 0 -l osd /tmp/tmp5oqnvc9k.png stdout
09:16:40 INFO     command: tesseract -l por /tmp/tmp5oqnvc9k.png stdout tsv
09:16:42 INFO     command: tesseract --psm 0 -l osd /tmp/tmp96nuvzol.png stdout
09:16:44 INFO     command: tesseract -l por /tmp/tmp96nuvzol.png stdout tsv
09:16:49 INFO     command: tesseract --psm 0 -l osd /tmp/tmpqf4bm62o.png stdout
09:16:50 INFO     command: tesseract -l por /tmp/tmpqf4bm62o.png stdout tsv
09:16:52 INFO     command: tesseract --psm 0 -l osd /tmp/tmprs_sri8v.png stdout
09:16:53 INFO     command: tesseract -l por /tmp/tmprs_sri8v.png stdout tsv
09:16:55 INFO     command: tesseract --psm 0 -l osd /tmp/tmpm9782xcv.png stdout
09:16:56 INFO     command: tesseract -l por /tmp/tmpm9782xcv.png stdout tsv
09:18:25 INFO     Finished converting document incra_anexo_de_entregas_assinado-1_assinado_assinado-copia_tarjada.pdf in 107.15 sec.
09:18:25 INFO       pixel_budget (Docling) incra_anexo_de_entregas_assinado-1_assinado_assinado-copia_tarjada.pdf: 30.0% (área tabelas/2423520 px²)
09:18:25 INFO     [10/15] ✓ INCRA     :   11 entregas | 107.2s | ETA ~4min
09:18:25 INFO     [11/15] → incra_ptd_docdiretivo__assinado-1_assinado_assinado-copia_tarjada.pdf
09:18:25 INFO     detected formats: [<InputFormat.PDF: 'pdf'>]
09:18:25 INFO     Going to convert document batch...
09:18:25 INFO     Processing document incra_ptd_docdiretivo__assinado-1_assinado_assinado-copia_tarjada.pdf
09:18:26 INFO     command: tesseract --psm 0 -l osd /tmp/tmp57scmxdc.png stdout
09:18:27 INFO     command: tesseract -l por /tmp/tmp57scmxdc.png stdout tsv
09:18:28 INFO     command: tesseract --psm 0 -l osd /tmp/tmp1t87iwvw.png stdout
09:18:30 INFO     command: tesseract -l por /tmp/tmp1t87iwvw.png stdout tsv
09:18:35 INFO     command: tesseract --psm 0 -l osd /tmp/tmpfpm_jh26.png stdout
09:18:36 INFO     command: tesseract -l por /tmp/tmpfpm_jh26.png stdout tsv
09:18:38 INFO     command: tesseract --psm 0 -l osd /tmp/tmp4h0_m8bc.png stdout
09:18:38 INFO     command: tesseract -l por /tmp/tmp4h0_m8bc.png stdout tsv
09:18:40 INFO     command: tesseract --psm 0 -l osd /tmp/tmpu82ll1wr.png stdout
09:18:41 INFO     command: tesseract -l por /tmp/tmpu82ll1wr.png stdout tsv
09:18:43 INFO     command: tesseract --psm 0 -l osd /tmp/tmp7md6xy_5.png stdout
09:18:44 INFO     command: tesseract -l por /tmp/tmp7md6xy_5.png stdout tsv
09:18:56 INFO     command: tesseract --psm 0 -l osd /tmp/tmpm1yd_4lp.png stdout
09:18:57 INFO     command: tesseract -l por /tmp/tmpm1yd_4lp.png stdout tsv
09:18:59 INFO     command: tesseract --psm 0 -l osd /tmp/tmpkqgcuybx.png stdout
09:18:59 INFO     command: tesseract -l por /tmp/tmpkqgcuybx.png stdout tsv
09:19:01 INFO     command: tesseract --psm 0 -l osd /tmp/tmp5pdlimbc.png stdout
09:19:02 INFO     command: tesseract -l por /tmp/tmp5pdlimbc.png stdout tsv
09:19:04 INFO     command: tesseract --psm 0 -l osd /tmp/tmpd3rk19c1.png stdout
09:19:05 INFO     command: tesseract -l por /tmp/tmpd3rk19c1.png stdout tsv
09:19:09 INFO     command: tesseract --psm 0 -l osd /tmp/tmpm7pz8pxu.png stdout
09:19:10 INFO     command: tesseract -l por /tmp/tmpm7pz8pxu.png stdout tsv
09:19:23 INFO     command: tesseract --psm 0 -l osd /tmp/tmpsi81e5c3.png stdout
09:19:23 INFO     command: tesseract -l por /tmp/tmpsi81e5c3.png stdout tsv
09:19:25 INFO     command: tesseract --psm 0 -l osd /tmp/tmpptx96pec.png stdout
09:19:26 INFO     command: tesseract -l por /tmp/tmpptx96pec.png stdout tsv
09:19:33 INFO     Finished converting document incra_ptd_docdiretivo__assinado-1_assinado_assinado-copia_tarjada.pdf in 68.33 sec.
09:19:33 INFO       pixel_budget (Docling) incra_ptd_docdiretivo__assinado-1_assinado_assinado-copia_tarjada.pdf: 20.2% (área tabelas/6515754 px²)
09:19:33 INFO     [11/15] ✓ INCRA     :    9 entregas | 68.4s | ETA ~3min
09:19:33 INFO     [12/15] → iti_anexo_de_entregas_assinado.pdf
09:19:33 INFO     detected formats: [<InputFormat.PDF: 'pdf'>]
09:19:33 INFO     Going to convert document batch...
09:19:33 INFO     Processing document iti_anexo_de_entregas_assinado.pdf
09:19:34 INFO     command: tesseract --psm 0 -l osd /tmp/tmptbquw8qw.png stdout
09:19:35 INFO     command: tesseract -l por /tmp/tmptbquw8qw.png stdout tsv
09:19:51 INFO     Finished converting document iti_anexo_de_entregas_assinado.pdf in 17.19 sec.
09:19:51 INFO       pixel_budget (Docling) iti_anexo_de_entregas_assinado.pdf: 57.2% (área tabelas/501212 px²)
09:19:51 INFO     [12/15] ✓ ITI       :   31 entregas | 17.2s | ETA ~2min
09:19:51 INFO     [13/15] → iti_doc_diretivo_assinado-1_tarjado.pdf
09:19:51 INFO     detected formats: [<InputFormat.PDF: 'pdf'>]
09:19:51 INFO     Going to convert document batch...
09:19:51 INFO     Processing document iti_doc_diretivo_assinado-1_tarjado.pdf
09:19:52 INFO     command: tesseract --psm 0 -l osd /tmp/tmpyi5jp65z.png stdout
09:19:52 INFO     command: tesseract -l por /tmp/tmpyi5jp65z.png stdout tsv
09:19:54 INFO     command: tesseract --psm 0 -l osd /tmp/tmpjrvowgcj.png stdout
09:19:56 INFO     command: tesseract -l por /tmp/tmpjrvowgcj.png stdout tsv
09:20:00 INFO     command: tesseract --psm 0 -l osd /tmp/tmph8k96orp.png stdout
09:20:01 INFO     command: tesseract -l por /tmp/tmph8k96orp.png stdout tsv
09:20:03 INFO     command: tesseract --psm 0 -l osd /tmp/tmpv40bzsvk.png stdout
09:20:03 INFO     command: tesseract -l por /tmp/tmpv40bzsvk.png stdout tsv
09:20:05 INFO     command: tesseract --psm 0 -l osd /tmp/tmpu120uqq1.png stdout
09:20:06 INFO     command: tesseract -l por /tmp/tmpu120uqq1.png stdout tsv
09:20:08 INFO     command: tesseract --psm 0 -l osd /tmp/tmpzyh3blgf.png stdout
09:20:09 INFO     command: tesseract -l por /tmp/tmpzyh3blgf.png stdout tsv
09:20:26 INFO     command: tesseract --psm 0 -l osd /tmp/tmpizpqujyw.png stdout
09:20:27 INFO     command: tesseract -l por /tmp/tmpizpqujyw.png stdout tsv
09:20:29 INFO     command: tesseract --psm 0 -l osd /tmp/tmpbf9h3c53.png stdout
09:20:30 INFO     command: tesseract -l por /tmp/tmpbf9h3c53.png stdout tsv
09:20:32 INFO     command: tesseract --psm 0 -l osd /tmp/tmptqcyqmom.png stdout
09:20:33 INFO     command: tesseract -l por /tmp/tmptqcyqmom.png stdout tsv
09:20:35 INFO     command: tesseract --psm 0 -l osd /tmp/tmp2tlbo6_s.png stdout
09:20:36 INFO     command: tesseract -l por /tmp/tmp2tlbo6_s.png stdout tsv
09:20:45 INFO     command: tesseract --psm 0 -l osd /tmp/tmpzza11546.png stdout
09:20:46 INFO     command: tesseract -l por /tmp/tmpzza11546.png stdout tsv
09:20:52 INFO     Finished converting document iti_doc_diretivo_assinado-1_tarjado.pdf in 61.65 sec.
09:20:52 INFO       pixel_budget (Docling) iti_doc_diretivo_assinado-1_tarjado.pdf: 8.0% (área tabelas/5516339 px²)
09:20:52 INFO     [13/15] ✓ ITI       :    6 entregas | 61.7s | ETA ~1min
09:20:52 INFO     [14/15] → sgpr_ptd_2025_2027_anexo_de_entregas_assinado-copia_tarjada.pdf
09:20:52 INFO     detected formats: [<InputFormat.PDF: 'pdf'>]
09:20:52 INFO     Going to convert document batch...
09:20:52 INFO     Processing document sgpr_ptd_2025_2027_anexo_de_entregas_assinado-copia_tarjada.pdf
09:20:53 INFO     command: tesseract --psm 0 -l osd /tmp/tmpiarhseto.png stdout
09:20:54 INFO     command: tesseract -l por /tmp/tmpiarhseto.png stdout tsv
09:20:57 INFO     command: tesseract --psm 0 -l osd /tmp/tmpmunfe570.png stdout
09:20:58 INFO     command: tesseract -l por /tmp/tmpmunfe570.png stdout tsv
09:21:10 INFO     Finished converting document sgpr_ptd_2025_2027_anexo_de_entregas_assinado-copia_tarjada.pdf in 17.33 sec.
09:21:10 INFO       pixel_budget (Docling) sgpr_ptd_2025_2027_anexo_de_entregas_assinado-copia_tarjada.pdf: 29.5% (área tabelas/1002424 px²)
09:21:10 INFO     [14/15] ✓ SGPR      :   18 entregas | 17.3s | ETA ~48s
09:21:10 INFO     [15/15] → sgpr_ptd_2026_2027_docdiretivo_assinado-copia_tarjada.pdf
09:21:10 INFO     detected formats: [<InputFormat.PDF: 'pdf'>]
09:21:10 INFO     Going to convert document batch...
09:21:10 INFO     Processing document sgpr_ptd_2026_2027_docdiretivo_assinado-copia_tarjada.pdf
09:21:29 INFO     Finished converting document sgpr_ptd_2026_2027_docdiretivo_assinado-copia_tarjada.pdf in 19.59 sec.
09:21:29 INFO       pixel_budget (Docling) sgpr_ptd_2026_2027_docdiretivo_assinado-copia_tarjada.pdf: 8.2% (área tabelas/5513330 px²)
09:21:29 WARNING  [15/15] ⚠ SGPR      :    0 entregas | 19.6s | ETA ~0s
09:21:29 INFO     261 registros | 7 órgãos
09:21:29 INFO     ╔══════════════════════════════════════════════════════════════╗
09:21:29 INFO     ║                  ENTREGAS — fase concluída                   ║
09:21:29 INFO     ║  Processados: 15    |  ✓ 11  ⚠ 4                             ║
09:21:29 INFO     ║  Duração: 11.4 min                                           ║
09:21:29 INFO     ║  261 registros | 7 órgãos                                    ║
09:21:29 INFO     ╚══════════════════════════════════════════════════════════════╝
09:21:29 INFO     [1/7] → agu_ptd_2025_2027_docdiretivo_assinado_assinado_assinado-copia_tarjada.pdf
09:21:29 INFO     detected formats: [<InputFormat.PDF: 'pdf'>]
09:21:29 INFO     Going to convert document batch...
09:21:29 INFO     Processing document agu_ptd_2025_2027_docdiretivo_assinado_assinado_assinado-copia_tarjada.pdf
09:21:30 INFO     command: tesseract --psm 0 -l osd /tmp/tmpj6asxixw.png stdout
09:21:30 INFO     command: tesseract -l por /tmp/tmpj6asxixw.png stdout tsv
09:21:33 INFO     command: tesseract --psm 0 -l osd /tmp/tmpqh1g18nl.png stdout
09:21:34 INFO     command: tesseract -l por /tmp/tmpqh1g18nl.png stdout tsv
09:21:36 INFO     command: tesseract --psm 0 -l osd /tmp/tmpntfur7wr.png stdout
09:21:37 INFO     command: tesseract -l por /tmp/tmpntfur7wr.png stdout tsv
09:21:39 INFO     command: tesseract --psm 0 -l osd /tmp/tmp5ytxou4b.png stdout
09:21:40 INFO     command: tesseract -l por /tmp/tmp5ytxou4b.png stdout tsv
09:21:42 INFO     command: tesseract --psm 0 -l osd /tmp/tmp_b5lokt2.png stdout
09:21:43 INFO     command: tesseract -l por /tmp/tmp_b5lokt2.png stdout tsv
09:21:45 INFO     command: tesseract --psm 0 -l osd /tmp/tmpdcwic8i3.png stdout
09:21:46 INFO     command: tesseract -l por /tmp/tmpdcwic8i3.png stdout tsv
09:21:57 INFO     command: tesseract --psm 0 -l osd /tmp/tmpsfang9es.png stdout
09:21:57 INFO     command: tesseract -l por /tmp/tmpsfang9es.png stdout tsv
09:22:00 INFO     command: tesseract --psm 0 -l osd /tmp/tmpsi0c32hi.png stdout
09:22:00 INFO     command: tesseract -l por /tmp/tmpsi0c32hi.png stdout tsv
09:22:03 INFO     command: tesseract --psm 0 -l osd /tmp/tmpppmtfp5e.png stdout
09:22:03 INFO     command: tesseract -l por /tmp/tmpppmtfp5e.png stdout tsv
09:22:06 INFO     command: tesseract --psm 0 -l osd /tmp/tmpzyurcd0n.png stdout
09:22:07 INFO     command: tesseract -l por /tmp/tmpzyurcd0n.png stdout tsv
09:22:22 INFO     command: tesseract --psm 0 -l osd /tmp/tmp3437wi_a.png stdout
09:22:23 INFO     command: tesseract -l por /tmp/tmp3437wi_a.png stdout tsv
09:22:27 INFO     Finished converting document agu_ptd_2025_2027_docdiretivo_assinado_assinado_assinado-copia_tarjada.pdf in 57.50 sec.
09:22:27 INFO     [1/7] ✓ AGU       :   7 riscos | 57.5s | ETA ~5min
09:22:27 INFO     [2/7] → documento-diretivo-mcom-_-ptd-25_27-copia_tarjada.pdf
09:22:27 INFO     detected formats: [<InputFormat.PDF: 'pdf'>]
09:22:27 INFO     Going to convert document batch...
09:22:27 INFO     Processing document documento-diretivo-mcom-_-ptd-25_27-copia_tarjada.pdf
09:22:27 INFO     command: tesseract --psm 0 -l osd /tmp/tmp8_fvvr7q.png stdout
09:22:28 INFO     command: tesseract -l por /tmp/tmp8_fvvr7q.png stdout tsv
09:22:31 INFO     command: tesseract --psm 0 -l osd /tmp/tmp5sdgthya.png stdout
09:22:32 INFO     command: tesseract -l por /tmp/tmp5sdgthya.png stdout tsv
09:22:38 INFO     command: tesseract --psm 0 -l osd /tmp/tmp9jq8kqlj.png stdout
09:22:39 INFO     command: tesseract -l por /tmp/tmp9jq8kqlj.png stdout tsv
09:22:40 INFO     command: tesseract --psm 0 -l osd /tmp/tmpl1l_9l57.png stdout
09:22:40 INFO     command: tesseract -l por /tmp/tmpl1l_9l57.png stdout tsv
09:22:42 INFO     command: tesseract --psm 0 -l osd /tmp/tmpd8nudedr.png stdout
09:22:43 INFO     command: tesseract -l por /tmp/tmpd8nudedr.png stdout tsv
09:22:46 INFO     command: tesseract --psm 0 -l osd /tmp/tmp3q1wpk6w.png stdout
09:22:47 INFO     command: tesseract -l por /tmp/tmp3q1wpk6w.png stdout tsv
09:23:04 INFO     command: tesseract --psm 0 -l osd /tmp/tmpl3vfm8rk.png stdout
09:23:05 INFO     command: tesseract -l por /tmp/tmpl3vfm8rk.png stdout tsv
09:23:07 INFO     command: tesseract --psm 0 -l osd /tmp/tmp4db1d82i.png stdout
09:23:08 INFO     command: tesseract -l por /tmp/tmp4db1d82i.png stdout tsv
09:23:10 INFO     command: tesseract --psm 0 -l osd /tmp/tmp9vw1g7ay.png stdout
09:23:11 INFO     command: tesseract -l por /tmp/tmp9vw1g7ay.png stdout tsv
09:23:13 INFO     command: tesseract --psm 0 -l osd /tmp/tmp4g0qikiw.png stdout
09:23:14 INFO     command: tesseract -l por /tmp/tmp4g0qikiw.png stdout tsv
09:23:18 INFO     command: tesseract --psm 0 -l osd /tmp/tmpdrb75zu5.png stdout
09:23:19 INFO     command: tesseract -l por /tmp/tmpdrb75zu5.png stdout tsv
09:23:25 INFO     command: tesseract --psm 0 -l osd /tmp/tmpcpxym6hj.png stdout
09:23:26 INFO     command: tesseract -l por /tmp/tmpcpxym6hj.png stdout tsv
09:23:28 INFO     command: tesseract --psm 0 -l osd /tmp/tmprkf6f2n8.png stdout
09:23:29 INFO     command: tesseract -l por /tmp/tmprkf6f2n8.png stdout tsv
09:23:31 INFO     command: tesseract --psm 0 -l osd /tmp/tmp29ur4kq8.png stdout
09:23:31 INFO     command: tesseract -l por /tmp/tmp29ur4kq8.png stdout tsv
09:23:37 INFO     Finished converting document documento-diretivo-mcom-_-ptd-25_27-copia_tarjada.pdf in 70.59 sec.
09:23:37 INFO     [2/7] ✓ MCOM      :  14 riscos | 70.6s | ETA ~5min
09:23:37 INFO     [3/7] → fiocruz_novo-ptd_2-1_docdiretivo_repactuacao_2024-2026_assinado_assinado-copia_tarjada.pdf
09:23:37 INFO     detected formats: [<InputFormat.PDF: 'pdf'>]
09:23:37 INFO     Going to convert document batch...
09:23:37 INFO     Processing document fiocruz_novo-ptd_2-1_docdiretivo_repactuacao_2024-2026_assinado_assinado-copia_tarjada.pdf
09:23:55 INFO     Finished converting document fiocruz_novo-ptd_2-1_docdiretivo_repactuacao_2024-2026_assinado_assinado-copia_tarjada.pdf in 17.44 sec.
09:23:55 INFO     [3/7] ✓ FIOCRUZ   :   6 riscos | 17.4s | ETA ~3min
09:23:55 INFO     [4/7] → funai_ptd_2025_2027_docdiretivo_assinado-1_tarjado.pdf
09:23:55 INFO     detected formats: [<InputFormat.PDF: 'pdf'>]
09:23:55 INFO     Going to convert document batch...
09:23:55 INFO     Processing document funai_ptd_2025_2027_docdiretivo_assinado-1_tarjado.pdf
09:23:56 INFO     command: tesseract --psm 0 -l osd /tmp/tmp4ec_l6ad.png stdout
09:23:57 INFO     command: tesseract -l por /tmp/tmp4ec_l6ad.png stdout tsv
09:23:58 INFO     command: tesseract --psm 0 -l osd /tmp/tmph5i7xm31.png stdout
09:23:59 INFO     command: tesseract -l por /tmp/tmph5i7xm31.png stdout tsv
09:24:03 INFO     command: tesseract --psm 0 -l osd /tmp/tmpsfwzffqd.png stdout
09:24:04 INFO     command: tesseract -l por /tmp/tmpsfwzffqd.png stdout tsv
09:24:05 INFO     command: tesseract --psm 0 -l osd /tmp/tmptrae3ogh.png stdout
09:24:06 INFO     command: tesseract -l por /tmp/tmptrae3ogh.png stdout tsv
09:24:08 INFO     command: tesseract --psm 0 -l osd /tmp/tmphpufgvvn.png stdout
09:24:09 INFO     command: tesseract -l por /tmp/tmphpufgvvn.png stdout tsv
09:24:11 INFO     command: tesseract --psm 0 -l osd /tmp/tmpr_31fb0u.png stdout
09:24:12 INFO     command: tesseract -l por /tmp/tmpr_31fb0u.png stdout tsv
09:24:21 INFO     command: tesseract --psm 0 -l osd /tmp/tmpgdj49lo9.png stdout
09:24:22 INFO     command: tesseract -l por /tmp/tmpgdj49lo9.png stdout tsv
09:24:23 INFO     command: tesseract --psm 0 -l osd /tmp/tmp_p914g1a.png stdout
09:24:24 INFO     command: tesseract -l por /tmp/tmp_p914g1a.png stdout tsv
09:24:26 INFO     command: tesseract --psm 0 -l osd /tmp/tmp_0ejpp9f.png stdout
09:24:26 INFO     command: tesseract -l por /tmp/tmp_0ejpp9f.png stdout tsv
09:24:28 INFO     command: tesseract --psm 0 -l osd /tmp/tmp722sxbsi.png stdout
09:24:29 INFO     command: tesseract -l por /tmp/tmp722sxbsi.png stdout tsv
09:24:37 INFO     command: tesseract --psm 0 -l osd /tmp/tmpcz8ifroo.png stdout
09:24:38 INFO     command: tesseract -l por /tmp/tmpcz8ifroo.png stdout tsv
09:24:47 INFO     command: tesseract --psm 0 -l osd /tmp/tmp1e7dn6eh.png stdout
09:24:48 INFO     command: tesseract -l por /tmp/tmp1e7dn6eh.png stdout tsv
09:24:50 INFO     command: tesseract --psm 0 -l osd /tmp/tmpgcj_99ee.png stdout
09:24:51 INFO     command: tesseract -l por /tmp/tmpgcj_99ee.png stdout tsv
09:24:57 INFO     Finished converting document funai_ptd_2025_2027_docdiretivo_assinado-1_tarjado.pdf in 62.33 sec.
09:24:57 INFO     [4/7] ✓ FUNAI     :  15 riscos | 62.3s | ETA ~2min
09:24:57 INFO     [5/7] → incra_ptd_docdiretivo__assinado-1_assinado_assinado-copia_tarjada.pdf
09:24:57 INFO     detected formats: [<InputFormat.PDF: 'pdf'>]
09:24:57 INFO     Going to convert document batch...
09:24:57 INFO     Processing document incra_ptd_docdiretivo__assinado-1_assinado_assinado-copia_tarjada.pdf
09:24:58 INFO     command: tesseract --psm 0 -l osd /tmp/tmpmpm1j4i_.png stdout
09:24:59 INFO     command: tesseract -l por /tmp/tmpmpm1j4i_.png stdout tsv
09:25:01 INFO     command: tesseract --psm 0 -l osd /tmp/tmpgu4xtp_m.png stdout
09:25:02 INFO     command: tesseract -l por /tmp/tmpgu4xtp_m.png stdout tsv
09:25:09 INFO     command: tesseract --psm 0 -l osd /tmp/tmpt8f_7ymd.png stdout
09:25:09 INFO     command: tesseract -l por /tmp/tmpt8f_7ymd.png stdout tsv
09:25:11 INFO     command: tesseract --psm 0 -l osd /tmp/tmpgbot4vqb.png stdout
09:25:12 INFO     command: tesseract -l por /tmp/tmpgbot4vqb.png stdout tsv
09:25:14 INFO     command: tesseract --psm 0 -l osd /tmp/tmpiyitt172.png stdout
09:25:14 INFO     command: tesseract -l por /tmp/tmpiyitt172.png stdout tsv
09:25:17 INFO     command: tesseract --psm 0 -l osd /tmp/tmpc2mjps0d.png stdout
09:25:18 INFO     command: tesseract -l por /tmp/tmpc2mjps0d.png stdout tsv
09:25:35 INFO     command: tesseract --psm 0 -l osd /tmp/tmpynu3uml2.png stdout
09:25:35 INFO     command: tesseract -l por /tmp/tmpynu3uml2.png stdout tsv
09:25:37 INFO     command: tesseract --psm 0 -l osd /tmp/tmpdk5ydzxr.png stdout
09:25:38 INFO     command: tesseract -l por /tmp/tmpdk5ydzxr.png stdout tsv
09:25:39 INFO     command: tesseract --psm 0 -l osd /tmp/tmp_vtz6ra5.png stdout
09:25:40 INFO     command: tesseract -l por /tmp/tmp_vtz6ra5.png stdout tsv
09:25:42 INFO     command: tesseract --psm 0 -l osd /tmp/tmp666ziyp2.png stdout
09:25:43 INFO     command: tesseract -l por /tmp/tmp666ziyp2.png stdout tsv
09:25:49 INFO     command: tesseract --psm 0 -l osd /tmp/tmpqy4hzq1f.png stdout
09:25:50 INFO     command: tesseract -l por /tmp/tmpqy4hzq1f.png stdout tsv
09:25:58 INFO     command: tesseract --psm 0 -l osd /tmp/tmpbuf3zo_2.png stdout
09:25:59 INFO     command: tesseract -l por /tmp/tmpbuf3zo_2.png stdout tsv
09:26:01 INFO     command: tesseract --psm 0 -l osd /tmp/tmpgm6jxnqm.png stdout
09:26:02 INFO     command: tesseract -l por /tmp/tmpgm6jxnqm.png stdout tsv
09:26:09 INFO     Finished converting document incra_ptd_docdiretivo__assinado-1_assinado_assinado-copia_tarjada.pdf in 72.33 sec.
09:26:09 INFO     [5/7] ✓ INCRA     :  15 riscos | 72.3s | ETA ~1min
09:26:09 INFO     [6/7] → iti_doc_diretivo_assinado-1_tarjado.pdf
09:26:09 INFO     detected formats: [<InputFormat.PDF: 'pdf'>]
09:26:09 INFO     Going to convert document batch...
09:26:09 INFO     Processing document iti_doc_diretivo_assinado-1_tarjado.pdf
09:26:10 INFO     command: tesseract --psm 0 -l osd /tmp/tmpxptyyw1c.png stdout
09:26:10 INFO     command: tesseract -l por /tmp/tmpxptyyw1c.png stdout tsv
09:26:13 INFO     command: tesseract --psm 0 -l osd /tmp/tmpxjn066wv.png stdout
09:26:15 INFO     command: tesseract -l por /tmp/tmpxjn066wv.png stdout tsv
09:26:18 INFO     command: tesseract --psm 0 -l osd /tmp/tmp2hkh3leo.png stdout
09:26:19 INFO     command: tesseract -l por /tmp/tmp2hkh3leo.png stdout tsv
09:26:20 INFO     command: tesseract --psm 0 -l osd /tmp/tmp7fottbgg.png stdout
09:26:21 INFO     command: tesseract -l por /tmp/tmp7fottbgg.png stdout tsv
09:26:23 INFO     command: tesseract --psm 0 -l osd /tmp/tmp3hga7slw.png stdout
09:26:24 INFO     command: tesseract -l por /tmp/tmp3hga7slw.png stdout tsv
09:26:26 INFO     command: tesseract --psm 0 -l osd /tmp/tmpmpxn6r58.png stdout
09:26:27 INFO     command: tesseract -l por /tmp/tmpmpxn6r58.png stdout tsv
09:26:44 INFO     command: tesseract --psm 0 -l osd /tmp/tmp2x53wtkw.png stdout
09:26:45 INFO     command: tesseract -l por /tmp/tmp2x53wtkw.png stdout tsv
09:26:47 INFO     command: tesseract --psm 0 -l osd /tmp/tmp3dom4bx_.png stdout
09:26:47 INFO     command: tesseract -l por /tmp/tmp3dom4bx_.png stdout tsv
09:26:50 INFO     command: tesseract --psm 0 -l osd /tmp/tmp4058jrdp.png stdout
09:26:50 INFO     command: tesseract -l por /tmp/tmp4058jrdp.png stdout tsv
09:26:53 INFO     command: tesseract --psm 0 -l osd /tmp/tmpkwr2sg0x.png stdout
09:26:54 INFO     command: tesseract -l por /tmp/tmpkwr2sg0x.png stdout tsv
09:27:07 INFO     command: tesseract --psm 0 -l osd /tmp/tmp4bm8hja4.png stdout
09:27:08 INFO     command: tesseract -l por /tmp/tmp4bm8hja4.png stdout tsv
09:27:11 INFO     Finished converting document iti_doc_diretivo_assinado-1_tarjado.pdf in 61.89 sec.
09:27:11 INFO     [6/7] ✓ ITI       :  14 riscos | 61.9s | ETA ~57s
09:27:11 INFO     [7/7] → sgpr_ptd_2026_2027_docdiretivo_assinado-copia_tarjada.pdf
09:27:11 INFO     detected formats: [<InputFormat.PDF: 'pdf'>]
09:27:11 INFO     Going to convert document batch...
09:27:11 INFO     Processing document sgpr_ptd_2026_2027_docdiretivo_assinado-copia_tarjada.pdf
09:27:31 INFO     Finished converting document sgpr_ptd_2026_2027_docdiretivo_assinado-copia_tarjada.pdf in 19.69 sec.
09:27:31 INFO     [7/7] ✓ SGPR      :  10 riscos | 19.7s | ETA ~0s
09:27:31 INFO     ╔══════════════════════════════════════════════════════════════╗
09:27:31 INFO     ║                   RISCOS — fase concluída                    ║
09:27:31 INFO     ║  Processados: 7     |  ✓ 7  ⚠ 0                              ║
09:27:31 INFO     ║  Duração: 6.0 min                                            ║
09:27:31 INFO     ║  81 riscos | 7 órgãos                                        ║
09:27:31 INFO     ╚══════════════════════════════════════════════════════════════╝
09:27:31 INFO     81 riscos | 0 ações | 135 relações
09:27:31 INFO     ptd_corpus_raw                     : 261 linhas
09:27:31 INFO     ptd_pivot_eixos                    : 7 linhas
09:27:34 INFO     ptd_datas_assinatura               : 132 linhas
09:27:34 INFO     ptd_riscos                         : 81 linhas
09:27:34 INFO     ptd_riscos_acoes                   : 135 linhas
09:27:34 INFO     Manifesto salvo: pipeline_manifest.json | SHA-256 de 132 PDFs
09:27:34 INFO     ==================================================
09:27:34 INFO     PTD-BR v3.0-melhorado — PIPELINE CONCLUÍDO
09:27:34 INFO     ==================================================
09:27:34 INFO     ptd_corpus_raw.csv                        160 KB
09:27:34 INFO     ptd_pivot_eixos.csv                         0 KB
09:27:34 INFO     ptd_datas_assinatura.csv                    9 KB
09:27:34 INFO     ptd_riscos.csv                             23 KB
09:27:34 INFO     ptd_riscos_acoes.csv                        2 KB
09:27:34 INFO     proveniencia.json                           0 KB
09:27:34 INFO     pipeline_manifest.json                     20 KB
09:27:34 INFO     📦 Artefatos: https://github.com/freirelucas/teste/actions/runs/23975705805
09:27:34 INFO     ==================================================
