12:10:52 INFO     Docling disponível
12:10:52 WARNING  OCR fallback indisponível (IndentationError: unexpected indent (ptd_ocr_fallback.py, line 45))
12:10:53 INFO     Ignorado (guia/template/norma): ABNT-NBR-17225-Acessibilidade-Digital.pdf
12:10:53 INFO     Ignorado (guia/template/norma): cgrep-guia10passos-ptd-orgao.pdf
12:10:53 INFO     Ignorado (guia/template/norma): ABNT-NBR-17225-Acessibilidade-Digital.pdf
12:10:53 INFO     Scraping: 132 PDFs únicos | entregas: 68 | diretivos: 61
12:10:53 INFO     Baixando 132 PDFs únicos...
12:10:55 INFO     ✓ [  1/132] abin_ptd_anexo_de_entregas_assinado_pelo_orgao_ass   293.3KB
12:11:00 INFO     ✓ [  2/132] aeb_ptd_2025_2027_docdiretivo_aprovado_assinado-1_  1033.7KB
12:11:02 INFO     ✓ [  3/132] aeb_ptd_2025_2027_anexo_de_entregas_aprovado_assin   154.5KB
12:11:08 INFO     ✓ [  4/132] agu_ptd_2025_2027_docdiretivo_assinado_assinado_as  2860.3KB
12:11:10 INFO     ✓ [  5/132] agu_ptd_2025_2027_anexo_de_entregas_assinado_assin   525.5KB
12:11:13 INFO     ✓ [  6/132] ana_ptd_2025_2027_docdiretivo_assinado_assinado_as   477.2KB
12:11:15 INFO     ✓ [  7/132] ana_ptd_2025_2027_anexoentregas_assinado_assinado_   170.9KB
12:11:19 INFO     ✓ [  8/132] anac_ptd_2025_2026_docdiretivo_se_assinado_tarjado  1036.3KB
12:11:21 INFO     ✓ [  9/132] anac_ptd_2025_2026_anexo_de_entregas_se_assinado.p   215.2KB
12:11:24 INFO     ✓ [ 10/132] anatel_ptd_docdiretivo_assinado_2025_2026_assinado  1006.0KB
12:11:26 INFO     ✓ [ 11/132] anatel_ptd_2025_2026_anexo_de_entregas_do_ptd_publ    71.9KB
12:11:29 INFO     ✓ [ 12/132] ancine_ptd_2024_2026_docdiretivo_assinado-2_assina   961.8KB
12:11:32 INFO     ✓ [ 13/132] ancine_ptd_2024_2026_-_anexo_de_entregas_aprovado_   613.2KB
12:11:35 INFO     ✓ [ 14/132] ptd_aneel_2025-2027_docdiretivo_assinado_tarjado.p   779.6KB
12:11:37 INFO     ✓ [ 15/132] ptd_aneel_2025-2027_anexo_de_entregas_assinado.pdf   111.9KB
12:11:40 INFO     ✓ [ 16/132] anm_ptd_2025_2027_docdiretivo_assinadopeloorgao_ta  1092.5KB
12:11:44 INFO     ✓ [ 17/132] anm_ptd_2025_2027_anexo_entregas_assinadopeloorgao  1140.4KB
12:11:47 INFO     ✓ [ 18/132] anpd_ptd_2025_2027_docdiretivo_assinado_assinado_a  1044.3KB
12:11:49 INFO     ✓ [ 19/132] anpd_ptd_2025_2027_anexo_de_entregas_assinado_assi   166.5KB
12:11:52 INFO     ✓ [ 20/132] ans-plano_de_transformacao_digital_assinado-copia_  1023.4KB
12:11:54 INFO     ✓ [ 21/132] ans_ptd_2025_2026_anexo_de_entregas_assinado_assin   124.1KB
12:11:58 INFO     ✓ [ 22/132] antaq_ptd_2025_2027_docdiretivo_assinado_assinado_  1039.8KB
12:12:00 INFO     ✓ [ 23/132] antaq_ptd_2025_2027_anexoentregas_assinado_assinad   145.1KB
12:12:02 INFO     ✓ [ 24/132] mt_anexo_de_entregas_-_assinado_assinado_assinado_   143.6KB
12:12:10 INFO     ✓ [ 25/132] anvisa_ptd_docdiretivo_2025-2026_assinado_assinado  5771.2KB
12:12:12 INFO     ✓ [ 26/132] anvisa_ptd_anexo_de_entregas_2025_2026_assinado_as   239.0KB
12:12:15 INFO     ✓ [ 27/132] bcb_documento_diretivo_assinado_assinado_assinado-   713.7KB
12:12:17 INFO     ✓ [ 28/132] bcb_anexo_de_entregas_ptd_25_26-1_assinado_assinad   134.8KB
12:12:21 INFO     ✓ [ 29/132] cade_ptd_docdiretivo_2025_2026_assinado-2_assinado   810.4KB
12:12:23 INFO     ✓ [ 30/132] cade_ptd_anexo_de_entregas_2025_2026_assinado_copi   504.0KB
12:12:26 INFO     ✓ [ 31/132] mec_ptd_docdiretivo_2025-2026_sei_mec-5566673_copi   863.1KB
12:12:29 INFO     ✓ [ 32/132] mec_ptd_anexo-de-entregas_sei_mec-5576401_copia_ta   495.7KB
12:12:33 INFO     ✓ [ 33/132] mec_ptd_docdiretivo-versao-comunicacao_copia_tarja  1616.5KB
12:12:36 INFO     ✓ [ 34/132] md_ptd_2026_2027_anexo_de_entregas_assinado_assina   579.4KB
12:12:38 INFO     ✓ [ 35/132] md_ptd_2026_2027_anexo_de_entregas_assinado_assina   186.8KB
12:12:41 INFO     ✓ [ 36/132] md_ptd_temp_copia_tarjada.pdf                        741.9KB
12:12:44 INFO     ✓ [ 37/132] cgu_ptd_docdiretivo_assinado_assinado_assinado-cop  1085.4KB
12:12:47 INFO     ✓ [ 38/132] cgu_ptd_anexo_de_entregas_pactuadas_assinado_assin   514.1KB
12:12:49 INFO     ✓ [ 39/132] cnpq_ptd_2025_2027_docdiretivo_assinado_assinado_a   342.9KB
12:12:51 INFO     ✓ [ 40/132] cnpq_ptd_2025_2027_anexo_de_entregas_assinado_assi   136.1KB
12:12:54 INFO     ✓ [ 41/132] coaf_ptd_2025_2026_documento_diretivo_assinado_ass  1068.0KB
12:13:00 INFO     ✓ [ 42/132] coaf_ptd_2025_2026_anexo_de_entregas-2_assinado_as  3184.5KB
12:13:06 INFO     ✓ [ 43/132] ptd_midr-docdiretivo_aprovado_assinado_tarjado.pdf  3864.1KB
12:13:09 INFO     ✓ [ 44/132] ptd_midr_-_anexo_de_entregas_-_aprovado_assinado.p  1122.0KB
12:13:12 INFO     ✓ [ 45/132] mda-documento-diretivo-assinado_ptd-2025-207-copia   955.8KB
12:13:14 INFO     ✓ [ 46/132] cvm_ptd_2025_2027_docdiretivo_assinado_assinado_as   270.5KB
12:13:17 INFO     ✓ [ 47/132] cvm_ptd_2025_2027_anexoentregas_assinado_assinado_   409.0KB
12:13:20 INFO     ✓ [ 48/132] dnocs_ptd_doc_diretivo_2025_2026_assinado_orgao-2_   891.1KB
12:13:22 INFO     ✓ [ 49/132] dnocs_anexo_de_entregas_repactuado_2025_2026_assin   272.3KB
12:13:27 INFO     ✓ [ 50/132] fbn_ptd_2025_2027_docdiretivo_assinado-1_tarjado.p  2921.6KB
12:13:30 INFO     ✓ [ 51/132] fbn_ptd_2025_2027_anexo_de_entregas_assinado-1.pdf   162.3KB
12:13:33 INFO     ✓ [ 52/132] fcp_ptd_2025_2027_docdiretivo_assinado-1_tarjado.p  1612.0KB
12:13:36 INFO     ✓ [ 53/132] fcp_ptd_2025_2027_anexo_de_entregas_assinado-1.pdf   118.8KB
12:13:39 INFO     ✓ [ 54/132] fcrb_ptd_2025_2026_docdiretivo_aprovado_assinado-1   998.2KB
12:13:41 INFO     ✓ [ 55/132] fcrb_ptd_2025_2026_anexo_de_entregas_aprovado_assi   313.5KB
12:13:44 INFO     ✓ [ 56/132] fiocruz_novo-ptd_2-1_docdiretivo_repactuacao_2024-  1318.1KB
12:13:47 INFO     ✓ [ 57/132] fiocruz_ptd_anexo_de_entregas_assinado_v1_assinado   257.1KB
12:13:51 INFO     ✓ [ 58/132] fiocruz-ptd-06_2024-copia_tarjada.pdf               1693.8KB
12:13:55 INFO     ✓ [ 59/132] funai_ptd_2025_2027_docdiretivo_assinado-1_tarjado  1842.1KB
12:13:57 INFO     ✓ [ 60/132] funai_anexo_de_entregas_repactuado_2026_2027_assin   435.7KB
12:14:00 INFO     ✓ [ 61/132] funarte_ptd_docdiretivo_assinado_21_01_2025_assina   965.7KB
12:14:03 INFO     ✓ [ 62/132] funarte_ptd_anexo_de_entregas_assinado_v1_assinado   683.6KB
12:14:06 INFO     ✓ [ 63/132] fundacentro_ptd_2025_2027_docdiretivo_assinado_ass   826.6KB
12:14:09 INFO     ✓ [ 64/132] fundacentro_ptd_2025_2027_anexo_de_entregas_assina   635.5KB
12:14:12 INFO     ✓ [ 65/132] mma_ptd_docdiretivo_assinado_2025_2026-1_assinado_   949.3KB
12:14:14 INFO     ✓ [ 66/132] mma_ptd_anexo_de_entregas_aprovado_final_assinado_   174.8KB
12:14:17 INFO     ✓ [ 67/132] ibge_docdiretivo_2025_assinado_assinado_assinado-c  1167.3KB
12:14:20 INFO     ✓ [ 68/132] ibge_ptd_25_26_anexo_de_entregas_modelo_v2-1_assin   143.7KB
12:14:29 INFO     ✓ [ 69/132] incra_ptd_docdiretivo__assinado-1_assinado_assinad  7182.0KB
12:14:33 INFO     ✓ [ 70/132] incra_anexo_de_entregas_assinado-1_assinado_assina  1818.6KB
12:14:39 INFO     ✓ [ 71/132] inpi_ptd_docdiretivo_assinado_2025_2026_assinado_a  3322.4KB
12:14:44 INFO     ✓ [ 72/132] inpi_ptd_anexo_de_entregas_assinado_v1_assinado_as  3078.1KB
12:14:48 INFO     ✓ [ 73/132] inss_ptd_2025_2027_docdiretivo-assinado-copia_tarj  1173.3KB
12:14:50 INFO     ✓ [ 74/132] inss_ptd_2025_2027_anexo_de_entregas-assinado-copi   110.8KB
12:14:53 INFO     ✓ [ 75/132] iphan_ptd_docdiretivo_assinado_2025_2026_assinado_   885.7KB
12:14:55 INFO     ✓ [ 76/132] iphan_ptd_anexo_de_entregas_assinado_v1_assinado_a   310.9KB
12:15:02 INFO     ✓ [ 77/132] iti_doc_diretivo_assinado-1_tarjado.pdf             4905.1KB
12:15:05 INFO     ✓ [ 78/132] iti_anexo_de_entregas_assinado.pdf                   556.4KB
12:15:09 INFO     ✓ [ 79/132] mapa_ptd_2025_2027_docdiretivo_assinado-1_tarjado.  1740.9KB
12:15:11 INFO     ✓ [ 80/132] mapa_ptd_2025_2027_anexo_de_entregas_assinado-1.pd   261.9KB
12:15:18 INFO     ✓ [ 81/132] documento-diretivo-mcom-_-ptd-25_27-copia_tarjada.  4451.9KB
12:15:21 INFO     ✓ [ 82/132] anexo-de-entregas-mcom_ptd-25_27-copia_tarjada.pdf  1213.8KB
12:15:27 INFO     ✓ [ 83/132] ptd_21_24_mcom-copia_tarjada.pdf                    3040.7KB
12:15:30 INFO     ✓ [ 84/132] mcti_ptd_2025-2027_docdiretivo_assinado-copia_tarj  1030.7KB
12:15:32 INFO     ✓ [ 85/132] mcti_ptd_2025-2027_anexo-de-entregas_assinado-copi   145.8KB
12:15:34 INFO     ✓ [ 86/132] mda-anexo-entregas-assinado_ptd-2025-2027-copia-ta   284.6KB
12:15:37 INFO     ✓ [ 87/132] mdhc_ptd_2025_2027_docdiretivo_assinado_assinado_a   753.4KB
12:15:39 INFO     ✓ [ 88/132] mdhc_ptd_2025_2027_anexoentregas_assinado_assinado   186.8KB
12:15:41 INFO     ✓ [ 89/132] mdic_ptd_anexo_de_entregas_assinado_v1_assinado_as   176.6KB
12:15:45 INFO     ✓ [ 90/132] memp_ptd_2025_2026_docdiretivo_assinado_assinado_a  1030.1KB
12:15:47 INFO     ✓ [ 91/132] memp_ptd_2025_2026_anexo_de_entregas_assinado_assi   161.5KB
12:15:51 INFO     ✓ [ 92/132] mesp_ptd_2025_2027_docdiretivo_assinado_assinado_2  1147.7KB
12:15:53 INFO     ✓ [ 93/132] mesp_ptd_2025_2027_anexo_de_entregas_assinado_assi   226.6KB
12:15:56 INFO     ✓ [ 94/132] mf_ptd_2026_2027_documentodiretivo_assinado_assina   955.1KB
12:15:58 INFO     ✓ [ 95/132] mf_ptd_2026_2027_anexo_de_entregas_1_mf_se_assinad   241.2KB
12:16:01 INFO     ✓ [ 96/132] mgi_ptd_2025_2027_docdiretivo_assinado_assinado_as   375.2KB
12:16:03 INFO     ✓ [ 97/132] mgi_ptd_2025_2027_anexo_de_entregas_assinado_assin   256.1KB
12:16:06 INFO     ✓ [ 98/132] minc_ptd_2025_2027_docdiretivo_assinado-1_assinado   863.6KB
12:16:09 INFO     ✓ [ 99/132] minc_ptd_2025_2027_anexo_de_entregas_assinado-1_as   276.7KB
12:16:12 INFO     ✓ [100/132] mjsp_ptd_docdiretivo_assinado_2025_2026_assinado_a   954.0KB
12:16:14 INFO     ✓ [101/132] mjsp_ptd_anexo_de_entregas_assinado_v1_assinado_as   253.9KB
12:16:17 INFO     ✓ [102/132] mme_ptd_2025_2027_docdiretivo_assinado-copia_tarja   664.5KB
12:16:19 INFO     ✓ [103/132] mme_ptd_2025_2027_anexo_de_entregas_assinado__1_-c   111.1KB
12:16:22 INFO     ✓ [104/132] mmulheres_ptd_2025_2027_docdiretivo_assinado_assin  1078.3KB
12:16:24 INFO     ✓ [105/132] mmulheres_ptd_2025_2027_anexo_de_entregas_assinado   216.9KB
12:16:28 INFO     ✓ [106/132] mpi_ptd_2025_2027_docdiretivo_ministerio_dos_povos   947.9KB
12:16:30 INFO     ✓ [107/132] mpi_ptd_anexo_de_entregas_do_plano_de_tranformacao   191.9KB
12:16:33 INFO     ✓ [108/132] mpo_ptd_docdiretivo_assinado_2025_2026_assinado_as   806.3KB
12:16:35 INFO     ✓ [109/132] mpo_ptd_anexo_de_entregas_assinado_v1_assinado_ass   323.2KB
12:16:39 INFO     ✓ [110/132] mpor_ptd_2025_2027_docdiretivo_assinado_assinado_a   876.5KB
12:16:41 INFO     ✓ [111/132] mpor_ptd_2025_2027_anexo_de_entregas_assinado_assi   175.1KB
12:16:44 INFO     ✓ [112/132] mps_ptd_2025-2026_docdiretivo_final_assinado-1_ass  1024.4KB
12:16:46 INFO     ✓ [113/132] mps_ptd_2025-2026_anexo_de_entregas_final_assinado   165.0KB
12:16:50 INFO     ✓ [114/132] mre_ptd_docdiretivo_assinado_2025_2026_assinado_as   760.9KB
12:16:52 INFO     ✓ [115/132] mre_ptd_anexo_de_entregas_assinado_v1_assinado_ass   233.2KB
12:16:55 INFO     ✓ [116/132] mte_ptd_2025_2026_docdiretivo_assinado_assinado_as   729.6KB
12:16:57 INFO     ✓ [117/132] mte_ptd_anexo_de_entregas_assinado_v1__281_29_assi   459.5KB
12:17:01 INFO     ✓ [118/132] mtur_ptd_docdiretiv_assinado_30_01_2025_assinado_a  1050.4KB
12:17:03 INFO     ✓ [119/132] mtur_ptd_anexo_de_entregas_assinado_30_01_2025_ass   118.8KB
12:17:06 INFO     ✓ [120/132] pf_ptd_docdiretivo_2025_2027_assinado-copia_tarjad   964.3KB
12:17:08 INFO     ✓ [121/132] pf_ptd_anexo_de_entregas_2025_2027_assinado-copia_    62.5KB
12:17:11 INFO     ✓ [122/132] mf_ptd_2026_2027_anexo_de_entregas_4_mf_pgfn_assin   466.8KB
12:17:20 INFO     ✓ [123/132] previc_plano_de_transformacao_digital_2025_2026_29  6652.7KB
12:17:22 INFO     ✓ [124/132] previc_ptd_repactuacao_2025-2026_assinado_assinado   182.9KB
12:17:25 INFO     ✓ [125/132] prf_documentodiretivo_ptd_2026-2027_assinado_tarja   535.9KB
12:17:27 INFO     ✓ [126/132] prf_anexo_de_entregas_do_ptd__2026_2027___ptd___en   157.7KB
12:17:30 INFO     ✓ [127/132] mf_ptd_2026_2027_anexo_de_entregas_2_mf_rfb_assina   253.7KB
12:17:33 INFO     ✓ [128/132] sgpr_ptd_2026_2027_docdiretivo_assinado-copia_tarj   791.2KB
12:17:36 INFO     ✓ [129/132] sgpr_ptd_2025_2027_anexo_de_entregas_assinado-copi   897.9KB
12:17:38 INFO     ✓ [130/132] mf_ptd_2026_2027_anexo_de_entregas_3_mf_stn_assina   467.8KB
12:17:42 INFO     ✓ [131/132] susep_ptd_2025_2027_docdiretivo-assinado-copia_tar  1030.1KB
12:17:44 INFO     ✓ [132/132] susep_ptd_2025-2026_anexo_de_entregas_final_assina   221.9KB
12:17:45 INFO     132 OK | 0 erros | 123.3 MB total
12:17:51 INFO     Sanity: 132 PDFs | 113 texto | 19 imagem/OCR | 0 duplicatas
12:17:51 INFO     --siglas (debug): 15 PDFs de ['AGU', 'FIOCRUZ', 'FUNAI', 'FUNDACENTRO', 'INCRA', 'ITI', 'MCOM', 'SGPR']
12:17:51 INFO     DocumentConverter instanciado (singleton × 2: plain + OCR)
12:17:51 INFO     [1/15] → agu_ptd_2025_2027_anexo_de_entregas_assinado_assinado_assinado-copia_tarjada.pdf
12:17:51 INFO     detected formats: [<InputFormat.PDF: 'pdf'>]
12:17:51 INFO     Going to convert document batch...
12:17:51 INFO     Initializing pipeline for StandardPdfPipeline with options hash bc6794697da537796efc497178f9263f
12:17:51 INFO     Loading plugin 'docling_defaults'
12:17:51 INFO     Registered picture descriptions: ['picture_description_vlm_engine', 'vlm', 'api']
12:17:51 INFO     Loading plugin 'docling_defaults'
12:17:51 INFO     Registered ocr engines: ['auto', 'easyocr', 'kserve_v2_ocr', 'ocrmac', 'rapidocr', 'tesserocr', 'tesseract']
12:17:51 INFO     command: tesseract --list-langs
12:17:51 INFO     Loading plugin 'docling_defaults'
12:17:51 INFO     Registered layout engines: ['layout_object_detection', 'docling_layout_default', 'docling_experimental_table_crops_layout']
12:17:51 INFO     Accelerator device: 'cpu'
12:17:51 INFO     HTTP Request: GET https://huggingface.co/api/models/docling-project/docling-layout-heron/revision/main "HTTP/1.1 200 OK"
12:17:51 INFO     HTTP Request: HEAD https://huggingface.co/docling-project/docling-layout-heron/resolve/8f39ad3c0b4c58e9c2d2c84a38465abf757272d8/README.md "HTTP/1.1 307 Temporary Redirect"
12:17:51 WARNING  Warning: You are sending unauthenticated requests to the HF Hub. Please set a HF_TOKEN to enable higher rate limits and faster downloads.
12:17:51 INFO     HTTP Request: HEAD https://huggingface.co/api/resolve-cache/models/docling-project/docling-layout-heron/8f39ad3c0b4c58e9c2d2c84a38465abf757272d8/README.md "HTTP/1.1 200 OK"
12:17:51 INFO     HTTP Request: HEAD https://huggingface.co/docling-project/docling-layout-heron/resolve/8f39ad3c0b4c58e9c2d2c84a38465abf757272d8/config.json "HTTP/1.1 307 Temporary Redirect"
12:17:51 INFO     HTTP Request: HEAD https://huggingface.co/docling-project/docling-layout-heron/resolve/8f39ad3c0b4c58e9c2d2c84a38465abf757272d8/model.safetensors "HTTP/1.1 302 Found"
12:17:51 INFO     HTTP Request: HEAD https://huggingface.co/docling-project/docling-layout-heron/resolve/8f39ad3c0b4c58e9c2d2c84a38465abf757272d8/preprocessor_config.json "HTTP/1.1 307 Temporary Redirect"
12:17:51 INFO     HTTP Request: HEAD https://huggingface.co/docling-project/docling-layout-heron/resolve/8f39ad3c0b4c58e9c2d2c84a38465abf757272d8/.gitattributes "HTTP/1.1 307 Temporary Redirect"
12:17:51 INFO     HTTP Request: HEAD https://huggingface.co/docling-project/docling-layout-heron/resolve/8f39ad3c0b4c58e9c2d2c84a38465abf757272d8/docling_heron_400.png "HTTP/1.1 307 Temporary Redirect"
12:17:51 INFO     HTTP Request: GET https://huggingface.co/api/resolve-cache/models/docling-project/docling-layout-heron/8f39ad3c0b4c58e9c2d2c84a38465abf757272d8/README.md "HTTP/1.1 200 OK"
12:17:51 INFO     HTTP Request: HEAD https://huggingface.co/api/resolve-cache/models/docling-project/docling-layout-heron/8f39ad3c0b4c58e9c2d2c84a38465abf757272d8/config.json "HTTP/1.1 200 OK"
12:17:51 INFO     HTTP Request: HEAD https://huggingface.co/api/resolve-cache/models/docling-project/docling-layout-heron/8f39ad3c0b4c58e9c2d2c84a38465abf757272d8/preprocessor_config.json "HTTP/1.1 200 OK"
12:17:51 INFO     HTTP Request: HEAD https://huggingface.co/api/resolve-cache/models/docling-project/docling-layout-heron/8f39ad3c0b4c58e9c2d2c84a38465abf757272d8/.gitattributes "HTTP/1.1 200 OK"
12:17:51 INFO     HTTP Request: HEAD https://huggingface.co/api/resolve-cache/models/docling-project/docling-layout-heron/8f39ad3c0b4c58e9c2d2c84a38465abf757272d8/docling_heron_400.png "HTTP/1.1 200 OK"
12:17:51 INFO     HTTP Request: GET https://huggingface.co/api/resolve-cache/models/docling-project/docling-layout-heron/8f39ad3c0b4c58e9c2d2c84a38465abf757272d8/config.json "HTTP/1.1 200 OK"
12:17:51 INFO     HTTP Request: GET https://huggingface.co/api/resolve-cache/models/docling-project/docling-layout-heron/8f39ad3c0b4c58e9c2d2c84a38465abf757272d8/preprocessor_config.json "HTTP/1.1 200 OK"
12:17:51 INFO     HTTP Request: GET https://huggingface.co/api/resolve-cache/models/docling-project/docling-layout-heron/8f39ad3c0b4c58e9c2d2c84a38465abf757272d8/.gitattributes "HTTP/1.1 200 OK"
12:17:51 INFO     HTTP Request: GET https://huggingface.co/api/resolve-cache/models/docling-project/docling-layout-heron/8f39ad3c0b4c58e9c2d2c84a38465abf757272d8/docling_heron_400.png "HTTP/1.1 200 OK"
12:17:51 INFO     HTTP Request: GET https://huggingface.co/api/models/docling-project/docling-layout-heron/xet-read-token/8f39ad3c0b4c58e9c2d2c84a38465abf757272d8 "HTTP/1.1 200 OK"
12:17:53 INFO     Loading plugin 'docling_defaults'
12:17:53 INFO     Registered table structure engines: ['docling_tableformer', 'docling_tableformer_v2']
12:17:53 INFO     HTTP Request: GET https://huggingface.co/api/models/docling-project/docling-models/revision/v2.3.0 "HTTP/1.1 200 OK"
12:17:53 INFO     HTTP Request: HEAD https://huggingface.co/docling-project/docling-models/resolve/fc0f2d45e2218ea24bce5045f58a389aed16dc23/model_artifacts/tableformer/accurate/tableformer_accurate.safetensors "HTTP/1.1 302 Found"
12:17:53 INFO     HTTP Request: HEAD https://huggingface.co/docling-project/docling-models/resolve/fc0f2d45e2218ea24bce5045f58a389aed16dc23/.gitattributes "HTTP/1.1 307 Temporary Redirect"
12:17:53 INFO     HTTP Request: HEAD https://huggingface.co/docling-project/docling-models/resolve/fc0f2d45e2218ea24bce5045f58a389aed16dc23/config.json "HTTP/1.1 307 Temporary Redirect"
12:17:53 INFO     HTTP Request: HEAD https://huggingface.co/docling-project/docling-models/resolve/fc0f2d45e2218ea24bce5045f58a389aed16dc23/README.md "HTTP/1.1 307 Temporary Redirect"
12:17:53 INFO     HTTP Request: HEAD https://huggingface.co/docling-project/docling-models/resolve/fc0f2d45e2218ea24bce5045f58a389aed16dc23/.gitignore "HTTP/1.1 307 Temporary Redirect"
12:17:53 INFO     HTTP Request: HEAD https://huggingface.co/api/resolve-cache/models/docling-project/docling-models/fc0f2d45e2218ea24bce5045f58a389aed16dc23/.gitattributes "HTTP/1.1 200 OK"
12:17:53 INFO     HTTP Request: HEAD https://huggingface.co/api/resolve-cache/models/docling-project/docling-models/fc0f2d45e2218ea24bce5045f58a389aed16dc23/config.json "HTTP/1.1 200 OK"
12:17:53 INFO     HTTP Request: HEAD https://huggingface.co/api/resolve-cache/models/docling-project/docling-models/fc0f2d45e2218ea24bce5045f58a389aed16dc23/README.md "HTTP/1.1 200 OK"
12:17:53 INFO     HTTP Request: GET https://huggingface.co/api/resolve-cache/models/docling-project/docling-models/fc0f2d45e2218ea24bce5045f58a389aed16dc23/.gitattributes "HTTP/1.1 200 OK"
12:17:53 INFO     HTTP Request: HEAD https://huggingface.co/api/resolve-cache/models/docling-project/docling-models/fc0f2d45e2218ea24bce5045f58a389aed16dc23/.gitignore "HTTP/1.1 200 OK"
12:17:53 INFO     HTTP Request: GET https://huggingface.co/api/models/docling-project/docling-models/xet-read-token/fc0f2d45e2218ea24bce5045f58a389aed16dc23 "HTTP/1.1 200 OK"
12:17:53 INFO     HTTP Request: GET https://huggingface.co/api/resolve-cache/models/docling-project/docling-models/fc0f2d45e2218ea24bce5045f58a389aed16dc23/config.json "HTTP/1.1 200 OK"
12:17:53 INFO     HTTP Request: HEAD https://huggingface.co/docling-project/docling-models/resolve/fc0f2d45e2218ea24bce5045f58a389aed16dc23/model_artifacts/tableformer/fast/tableformer_fast.safetensors "HTTP/1.1 302 Found"
12:17:53 INFO     HTTP Request: GET https://huggingface.co/api/resolve-cache/models/docling-project/docling-models/fc0f2d45e2218ea24bce5045f58a389aed16dc23/README.md "HTTP/1.1 200 OK"
12:17:53 INFO     HTTP Request: HEAD https://huggingface.co/docling-project/docling-models/resolve/fc0f2d45e2218ea24bce5045f58a389aed16dc23/model_artifacts/tableformer/fast/tm_config.json "HTTP/1.1 307 Temporary Redirect"
12:17:53 INFO     HTTP Request: HEAD https://huggingface.co/docling-project/docling-models/resolve/fc0f2d45e2218ea24bce5045f58a389aed16dc23/model_artifacts/tableformer/accurate/tm_config.json "HTTP/1.1 307 Temporary Redirect"
12:17:53 INFO     HTTP Request: GET https://huggingface.co/api/resolve-cache/models/docling-project/docling-models/fc0f2d45e2218ea24bce5045f58a389aed16dc23/.gitignore "HTTP/1.1 200 OK"
12:17:53 INFO     HTTP Request: HEAD https://huggingface.co/api/resolve-cache/models/docling-project/docling-models/fc0f2d45e2218ea24bce5045f58a389aed16dc23/model_artifacts%2Ftableformer%2Ffast%2Ftm_config.json "HTTP/1.1 200 OK"
12:17:53 INFO     HTTP Request: HEAD https://huggingface.co/api/resolve-cache/models/docling-project/docling-models/fc0f2d45e2218ea24bce5045f58a389aed16dc23/model_artifacts%2Ftableformer%2Faccurate%2Ftm_config.json "HTTP/1.1 200 OK"
12:17:53 INFO     HTTP Request: GET https://huggingface.co/api/resolve-cache/models/docling-project/docling-models/fc0f2d45e2218ea24bce5045f58a389aed16dc23/model_artifacts%2Ftableformer%2Ffast%2Ftm_config.json "HTTP/1.1 200 OK"
12:17:53 INFO     HTTP Request: GET https://huggingface.co/api/resolve-cache/models/docling-project/docling-models/fc0f2d45e2218ea24bce5045f58a389aed16dc23/model_artifacts%2Ftableformer%2Faccurate%2Ftm_config.json "HTTP/1.1 200 OK"
12:17:55 INFO     Accelerator device: 'cpu'
12:17:55 INFO     Processing document agu_ptd_2025_2027_anexo_de_entregas_assinado_assinado_assinado-copia_tarjada.pdf
12:17:55 INFO     command: tesseract --psm 0 -l osd /tmp/tmpp66uy95h.png stdout
12:17:56 INFO     command: tesseract -l por /tmp/tmpp66uy95h.png stdout tsv
12:17:59 INFO     command: tesseract --psm 0 -l osd /tmp/tmps320zhpp.png stdout
12:18:00 INFO     command: tesseract -l por /tmp/tmps320zhpp.png stdout tsv
12:18:20 INFO     Finished converting document agu_ptd_2025_2027_anexo_de_entregas_assinado_assinado_assinado-copia_tarjada.pdf in 28.79 sec.
12:18:20 INFO       pixel_budget (Docling) agu_ptd_2025_2027_anexo_de_entregas_assinado_assinado_assinado-copia_tarjada.pdf: 45.8% (área tabelas/1001817 px²)
12:18:20 INFO     [1/15] ✓ AGU       :   33 entregas | 28.8s | ETA ~6min
12:18:20 INFO     [2/15] → agu_ptd_2025_2027_docdiretivo_assinado_assinado_assinado-copia_tarjada.pdf
12:18:20 INFO     detected formats: [<InputFormat.PDF: 'pdf'>]
12:18:20 INFO     Going to convert document batch...
12:18:20 INFO     Processing document agu_ptd_2025_2027_docdiretivo_assinado_assinado_assinado-copia_tarjada.pdf
12:18:20 INFO     command: tesseract --psm 0 -l osd /tmp/tmpro3nitu2.png stdout
12:18:21 INFO     command: tesseract -l por /tmp/tmpro3nitu2.png stdout tsv
12:18:23 INFO     command: tesseract --psm 0 -l osd /tmp/tmppom9g9sf.png stdout
12:18:24 INFO     command: tesseract -l por /tmp/tmppom9g9sf.png stdout tsv
12:18:26 INFO     command: tesseract --psm 0 -l osd /tmp/tmp82ubgogb.png stdout
12:18:27 INFO     command: tesseract -l por /tmp/tmp82ubgogb.png stdout tsv
12:18:29 INFO     command: tesseract --psm 0 -l osd /tmp/tmpys7d3vvn.png stdout
12:18:30 INFO     command: tesseract -l por /tmp/tmpys7d3vvn.png stdout tsv
12:18:32 INFO     command: tesseract --psm 0 -l osd /tmp/tmp9aea90oo.png stdout
12:18:33 INFO     command: tesseract -l por /tmp/tmp9aea90oo.png stdout tsv
12:18:35 INFO     command: tesseract --psm 0 -l osd /tmp/tmp52zyyrea.png stdout
12:18:37 INFO     command: tesseract -l por /tmp/tmp52zyyrea.png stdout tsv
12:18:48 INFO     command: tesseract --psm 0 -l osd /tmp/tmpi6dibexk.png stdout
12:18:49 INFO     command: tesseract -l por /tmp/tmpi6dibexk.png stdout tsv
12:18:51 INFO     command: tesseract --psm 0 -l osd /tmp/tmpbvtsa3mx.png stdout
12:18:51 INFO     command: tesseract -l por /tmp/tmpbvtsa3mx.png stdout tsv
12:18:54 INFO     command: tesseract --psm 0 -l osd /tmp/tmppidh5h04.png stdout
12:18:55 INFO     command: tesseract -l por /tmp/tmppidh5h04.png stdout tsv
12:18:57 INFO     command: tesseract --psm 0 -l osd /tmp/tmptgsqz771.png stdout
12:18:58 INFO     command: tesseract -l por /tmp/tmptgsqz771.png stdout tsv
12:19:14 INFO     command: tesseract --psm 0 -l osd /tmp/tmpa4cgl6on.png stdout
12:19:14 INFO     command: tesseract -l por /tmp/tmpa4cgl6on.png stdout tsv
12:19:17 INFO     Finished converting document agu_ptd_2025_2027_docdiretivo_assinado_assinado_assinado-copia_tarjada.pdf in 57.53 sec.
12:19:17 INFO       pixel_budget (Docling) agu_ptd_2025_2027_docdiretivo_assinado_assinado_assinado-copia_tarjada.pdf: 2.1% (área tabelas/5513330 px²)
12:19:17 INFO     [2/15] ✓ AGU       :    6 entregas | 57.5s | ETA ~9min
12:19:17 INFO     [3/15] → anexo-de-entregas-mcom_ptd-25_27-copia_tarjada.pdf
12:19:17 INFO     detected formats: [<InputFormat.PDF: 'pdf'>]
12:19:17 INFO     Going to convert document batch...
12:19:17 INFO     Processing document anexo-de-entregas-mcom_ptd-25_27-copia_tarjada.pdf
12:19:19 INFO     command: tesseract --psm 0 -l osd /tmp/tmpkx2sw764.png stdout
12:19:19 INFO     command: tesseract -l por /tmp/tmpkx2sw764.png stdout tsv
12:19:22 INFO     command: tesseract --psm 0 -l osd /tmp/tmpzmzet3ms.png stdout
12:19:23 INFO     command: tesseract -l por /tmp/tmpzmzet3ms.png stdout tsv
12:19:37 INFO     command: tesseract --psm 0 -l osd /tmp/tmpqu_k2gsx.png stdout
12:19:38 INFO     command: tesseract -l por /tmp/tmpqu_k2gsx.png stdout tsv
12:19:58 INFO     Finished converting document anexo-de-entregas-mcom_ptd-25_27-copia_tarjada.pdf in 40.77 sec.
12:19:58 INFO       pixel_budget (Docling) anexo-de-entregas-mcom_ptd-25_27-copia_tarjada.pdf: 55.2% (área tabelas/1503636 px²)
12:19:58 INFO     [3/15] ✓ MCOM      :   55 entregas | 40.8s | ETA ~8min
12:19:58 INFO     [4/15] → documento-diretivo-mcom-_-ptd-25_27-copia_tarjada.pdf
12:19:58 INFO     detected formats: [<InputFormat.PDF: 'pdf'>]
12:19:58 INFO     Going to convert document batch...
12:19:58 INFO     Processing document documento-diretivo-mcom-_-ptd-25_27-copia_tarjada.pdf
12:19:59 INFO     command: tesseract --psm 0 -l osd /tmp/tmpqwn579fv.png stdout
12:19:59 INFO     command: tesseract -l por /tmp/tmpqwn579fv.png stdout tsv
12:20:03 INFO     command: tesseract --psm 0 -l osd /tmp/tmppv2tk3j9.png stdout
12:20:04 INFO     command: tesseract -l por /tmp/tmppv2tk3j9.png stdout tsv
12:20:10 INFO     command: tesseract --psm 0 -l osd /tmp/tmpausg06jo.png stdout
12:20:10 INFO     command: tesseract -l por /tmp/tmpausg06jo.png stdout tsv
12:20:11 INFO     command: tesseract --psm 0 -l osd /tmp/tmpnzcl48w3.png stdout
12:20:12 INFO     command: tesseract -l por /tmp/tmpnzcl48w3.png stdout tsv
12:20:14 INFO     command: tesseract --psm 0 -l osd /tmp/tmp1ez4xft2.png stdout
12:20:15 INFO     command: tesseract -l por /tmp/tmp1ez4xft2.png stdout tsv
12:20:17 INFO     command: tesseract --psm 0 -l osd /tmp/tmp400b9db8.png stdout
12:20:19 INFO     command: tesseract -l por /tmp/tmp400b9db8.png stdout tsv
12:20:30 INFO     command: tesseract --psm 0 -l osd /tmp/tmpd6lqm9xw.png stdout
12:20:31 INFO     command: tesseract -l por /tmp/tmpd6lqm9xw.png stdout tsv
12:20:35 INFO     command: tesseract --psm 0 -l osd /tmp/tmp8k6etx7a.png stdout
12:20:35 INFO     command: tesseract -l por /tmp/tmp8k6etx7a.png stdout tsv
12:20:38 INFO     command: tesseract --psm 0 -l osd /tmp/tmpco65xg2s.png stdout
12:20:39 INFO     command: tesseract -l por /tmp/tmpco65xg2s.png stdout tsv
12:20:40 INFO     command: tesseract --psm 0 -l osd /tmp/tmphyhs39_6.png stdout
12:20:42 INFO     command: tesseract -l por /tmp/tmphyhs39_6.png stdout tsv
12:20:52 INFO     command: tesseract --psm 0 -l osd /tmp/tmpxtm8ms9i.png stdout
12:20:53 INFO     command: tesseract -l por /tmp/tmpxtm8ms9i.png stdout tsv
12:20:55 INFO     command: tesseract --psm 0 -l osd /tmp/tmphamsxzj5.png stdout
12:20:55 INFO     command: tesseract -l por /tmp/tmphamsxzj5.png stdout tsv
12:20:57 INFO     command: tesseract --psm 0 -l osd /tmp/tmponotrru7.png stdout
12:20:58 INFO     command: tesseract -l por /tmp/tmponotrru7.png stdout tsv
12:21:00 INFO     command: tesseract --psm 0 -l osd /tmp/tmpx04ti_yu.png stdout
12:21:01 INFO     command: tesseract -l por /tmp/tmpx04ti_yu.png stdout tsv
12:21:07 INFO     Finished converting document documento-diretivo-mcom-_-ptd-25_27-copia_tarjada.pdf in 68.52 sec.
12:21:07 INFO       pixel_budget (Docling) documento-diretivo-mcom-_-ptd-25_27-copia_tarjada.pdf: 10.8% (área tabelas/7016966 px²)
12:21:07 WARNING  [4/15] ⚠ MCOM      :    0 entregas | 68.5s | ETA ~8min
12:21:07 INFO     [5/15] → fiocruz-ptd-06_2024-copia_tarjada.pdf
12:21:07 INFO     detected formats: [<InputFormat.PDF: 'pdf'>]
12:21:07 INFO     Going to convert document batch...
12:21:07 INFO     Initializing pipeline for StandardPdfPipeline with options hash d18651824ca6fe56cf3ccb20424ac2c8
12:21:07 INFO     Accelerator device: 'cpu'
12:21:07 INFO     HTTP Request: GET https://huggingface.co/api/models/docling-project/docling-layout-heron/revision/main "HTTP/1.1 200 OK"
12:21:07 INFO     HTTP Request: GET https://huggingface.co/api/models/docling-project/docling-models/revision/v2.3.0 "HTTP/1.1 200 OK"
12:21:07 INFO     Accelerator device: 'cpu'
12:21:08 INFO     Processing document fiocruz-ptd-06_2024-copia_tarjada.pdf
12:22:16 INFO     Finished converting document fiocruz-ptd-06_2024-copia_tarjada.pdf in 68.76 sec.
12:22:16 INFO       pixel_budget (Docling) fiocruz-ptd-06_2024-copia_tarjada.pdf: 36.4% (área tabelas/7518178 px²)
12:22:16 WARNING  [5/15] ⚠ FIOCRUZ   :    0 entregas | 68.8s | ETA ~8min
12:22:16 INFO     [6/15] → fiocruz_novo-ptd_2-1_docdiretivo_repactuacao_2024-2026_assinado_assinado-copia_tarjada.pdf
12:22:16 INFO     detected formats: [<InputFormat.PDF: 'pdf'>]
12:22:16 INFO     Going to convert document batch...
12:22:16 INFO     Processing document fiocruz_novo-ptd_2-1_docdiretivo_repactuacao_2024-2026_assinado_assinado-copia_tarjada.pdf
12:22:34 INFO     Finished converting document fiocruz_novo-ptd_2-1_docdiretivo_repactuacao_2024-2026_assinado_assinado-copia_tarjada.pdf in 18.10 sec.
12:22:34 INFO       pixel_budget (Docling) fiocruz_novo-ptd_2-1_docdiretivo_repactuacao_2024-2026_assinado_assinado-copia_tarjada.pdf: 11.3% (área tabelas/5012118 px²)
12:22:34 WARNING  [6/15] ⚠ FIOCRUZ   :    0 entregas | 18.1s | ETA ~7min
12:22:34 INFO     [7/15] → fiocruz_ptd_anexo_de_entregas_assinado_v1_assinado_assinado-1-copia_tarjada.pdf
12:22:34 INFO     detected formats: [<InputFormat.PDF: 'pdf'>]
12:22:34 INFO     Going to convert document batch...
12:22:34 INFO     Processing document fiocruz_ptd_anexo_de_entregas_assinado_v1_assinado_assinado-1-copia_tarjada.pdf
12:23:05 INFO     Finished converting document fiocruz_ptd_anexo_de_entregas_assinado_v1_assinado_assinado-1-copia_tarjada.pdf in 31.78 sec.
12:23:06 INFO       pixel_budget (Docling) fiocruz_ptd_anexo_de_entregas_assinado_v1_assinado_assinado-1-copia_tarjada.pdf: 54.7% (área tabelas/2004847 px²)
12:23:06 INFO     [7/15] ✓ FIOCRUZ   :   62 entregas | 31.8s | ETA ~5min
12:23:06 INFO     [8/15] → funai_anexo_de_entregas_repactuado_2026_2027_assinado_assinado_assinado.pdf
12:23:06 INFO     detected formats: [<InputFormat.PDF: 'pdf'>]
12:23:06 INFO     Going to convert document batch...
12:23:06 INFO     Processing document funai_anexo_de_entregas_repactuado_2026_2027_assinado_assinado_assinado.pdf
12:23:06 INFO     command: tesseract --psm 0 -l osd /tmp/tmpeu5yiday.png stdout
12:23:07 INFO     command: tesseract -l por /tmp/tmpeu5yiday.png stdout tsv
12:23:21 INFO     Finished converting document funai_anexo_de_entregas_repactuado_2026_2027_assinado_assinado_assinado.pdf in 15.07 sec.
12:23:21 INFO       pixel_budget (Docling) funai_anexo_de_entregas_repactuado_2026_2027_assinado_assinado_assinado.pdf: 49.8% (área tabelas/501212 px²)
12:23:21 INFO     [8/15] ✓ FUNAI     :   22 entregas | 15.1s | ETA ~4min
12:23:21 INFO     [9/15] → funai_ptd_2025_2027_docdiretivo_assinado-1_tarjado.pdf
12:23:21 INFO     detected formats: [<InputFormat.PDF: 'pdf'>]
12:23:21 INFO     Going to convert document batch...
12:23:21 INFO     Processing document funai_ptd_2025_2027_docdiretivo_assinado-1_tarjado.pdf
12:23:22 INFO     command: tesseract --psm 0 -l osd /tmp/tmp0yx70s2p.png stdout
12:23:23 INFO     command: tesseract -l por /tmp/tmp0yx70s2p.png stdout tsv
12:23:24 INFO     command: tesseract --psm 0 -l osd /tmp/tmp7zyqlufq.png stdout
12:23:25 INFO     command: tesseract -l por /tmp/tmp7zyqlufq.png stdout tsv
12:23:28 INFO     command: tesseract --psm 0 -l osd /tmp/tmp2jx6xocn.png stdout
12:23:29 INFO     command: tesseract -l por /tmp/tmp2jx6xocn.png stdout tsv
12:23:31 INFO     command: tesseract --psm 0 -l osd /tmp/tmpp2qfriee.png stdout
12:23:32 INFO     command: tesseract -l por /tmp/tmpp2qfriee.png stdout tsv
12:23:33 INFO     command: tesseract --psm 0 -l osd /tmp/tmp0bvvapru.png stdout
12:23:34 INFO     command: tesseract -l por /tmp/tmp0bvvapru.png stdout tsv
12:23:36 INFO     command: tesseract --psm 0 -l osd /tmp/tmp_pxbv2ur.png stdout
12:23:38 INFO     command: tesseract -l por /tmp/tmp_pxbv2ur.png stdout tsv
12:23:48 INFO     command: tesseract --psm 0 -l osd /tmp/tmpead0zoj5.png stdout
12:23:49 INFO     command: tesseract -l por /tmp/tmpead0zoj5.png stdout tsv
12:23:51 INFO     command: tesseract --psm 0 -l osd /tmp/tmpeqhpvuxa.png stdout
12:23:51 INFO     command: tesseract -l por /tmp/tmpeqhpvuxa.png stdout tsv
12:23:53 INFO     command: tesseract --psm 0 -l osd /tmp/tmp_8asilpt.png stdout
12:23:53 INFO     command: tesseract -l por /tmp/tmp_8asilpt.png stdout tsv
12:23:55 INFO     command: tesseract --psm 0 -l osd /tmp/tmp56uex2ei.png stdout
12:23:56 INFO     command: tesseract -l por /tmp/tmp56uex2ei.png stdout tsv
12:24:13 INFO     command: tesseract --psm 0 -l osd /tmp/tmp_ccbvqn3.png stdout
12:24:14 INFO     command: tesseract -l por /tmp/tmp_ccbvqn3.png stdout tsv
12:24:18 INFO     command: tesseract --psm 0 -l osd /tmp/tmpqmcx82g7.png stdout
12:24:19 INFO     command: tesseract -l por /tmp/tmpqmcx82g7.png stdout tsv
12:24:21 INFO     command: tesseract --psm 0 -l osd /tmp/tmp2hpus3z6.png stdout
12:24:22 INFO     command: tesseract -l por /tmp/tmp2hpus3z6.png stdout tsv
12:24:28 INFO     Finished converting document funai_ptd_2025_2027_docdiretivo_assinado-1_tarjado.pdf in 67.60 sec.
12:24:28 INFO       pixel_budget (Docling) funai_ptd_2025_2027_docdiretivo_assinado-1_tarjado.pdf: 16.4% (área tabelas/6515754 px²)
12:24:28 INFO     [9/15] ✓ FUNAI     :    8 entregas | 67.6s | ETA ~4min
12:24:28 INFO     [10/15] → incra_anexo_de_entregas_assinado-1_assinado_assinado-copia_tarjada.pdf
12:24:28 INFO     detected formats: [<InputFormat.PDF: 'pdf'>]
12:24:28 INFO     Going to convert document batch...
12:24:28 INFO     Processing document incra_anexo_de_entregas_assinado-1_assinado_assinado-copia_tarjada.pdf
12:24:29 INFO     command: tesseract --psm 0 -l osd /tmp/tmphvqfu760.png stdout
12:24:30 INFO     command: tesseract -l por /tmp/tmphvqfu760.png stdout tsv
12:24:33 INFO     command: tesseract --psm 0 -l osd /tmp/tmpjrbbdo0h.png stdout
12:24:34 INFO     command: tesseract -l por /tmp/tmpjrbbdo0h.png stdout tsv
12:24:46 INFO     command: tesseract --psm 0 -l osd /tmp/tmp0w3un647.png stdout
12:24:47 INFO     command: tesseract -l por /tmp/tmp0w3un647.png stdout tsv
12:24:48 INFO     command: tesseract --psm 0 -l osd /tmp/tmpmkb2sply.png stdout
12:24:49 INFO     command: tesseract -l por /tmp/tmpmkb2sply.png stdout tsv
12:24:51 INFO     command: tesseract --psm 0 -l osd /tmp/tmptu48bgqb.png stdout
12:24:52 INFO     command: tesseract -l por /tmp/tmptu48bgqb.png stdout tsv
12:26:22 INFO     Finished converting document incra_anexo_de_entregas_assinado-1_assinado_assinado-copia_tarjada.pdf in 113.53 sec.
12:26:22 INFO       pixel_budget (Docling) incra_anexo_de_entregas_assinado-1_assinado_assinado-copia_tarjada.pdf: 30.0% (área tabelas/2423520 px²)
12:26:22 INFO     [10/15] ✓ INCRA     :   11 entregas | 113.5s | ETA ~4min
12:26:22 INFO     [11/15] → incra_ptd_docdiretivo__assinado-1_assinado_assinado-copia_tarjada.pdf
12:26:22 INFO     detected formats: [<InputFormat.PDF: 'pdf'>]
12:26:22 INFO     Going to convert document batch...
12:26:22 INFO     Processing document incra_ptd_docdiretivo__assinado-1_assinado_assinado-copia_tarjada.pdf
12:26:23 INFO     command: tesseract --psm 0 -l osd /tmp/tmp4lvz2ov0.png stdout
12:26:23 INFO     command: tesseract -l por /tmp/tmp4lvz2ov0.png stdout tsv
12:26:25 INFO     command: tesseract --psm 0 -l osd /tmp/tmpupo7h6ch.png stdout
12:26:27 INFO     command: tesseract -l por /tmp/tmpupo7h6ch.png stdout tsv
12:26:33 INFO     command: tesseract --psm 0 -l osd /tmp/tmpf4vt2zpg.png stdout
12:26:34 INFO     command: tesseract -l por /tmp/tmpf4vt2zpg.png stdout tsv
12:26:36 INFO     command: tesseract --psm 0 -l osd /tmp/tmpc6aptdlj.png stdout
12:26:36 INFO     command: tesseract -l por /tmp/tmpc6aptdlj.png stdout tsv
12:26:38 INFO     command: tesseract --psm 0 -l osd /tmp/tmpjf5jjd58.png stdout
12:26:39 INFO     command: tesseract -l por /tmp/tmpjf5jjd58.png stdout tsv
12:26:41 INFO     command: tesseract --psm 0 -l osd /tmp/tmpkl8eorr9.png stdout
12:26:42 INFO     command: tesseract -l por /tmp/tmpkl8eorr9.png stdout tsv
12:26:57 INFO     command: tesseract --psm 0 -l osd /tmp/tmpvutnzmsc.png stdout
12:26:57 INFO     command: tesseract -l por /tmp/tmpvutnzmsc.png stdout tsv
12:26:59 INFO     command: tesseract --psm 0 -l osd /tmp/tmpskecuy8p.png stdout
12:27:00 INFO     command: tesseract -l por /tmp/tmpskecuy8p.png stdout tsv
12:27:01 INFO     command: tesseract --psm 0 -l osd /tmp/tmp0y7h8w_f.png stdout
12:27:02 INFO     command: tesseract -l por /tmp/tmp0y7h8w_f.png stdout tsv
12:27:04 INFO     command: tesseract --psm 0 -l osd /tmp/tmp6ondq49d.png stdout
12:27:05 INFO     command: tesseract -l por /tmp/tmp6ondq49d.png stdout tsv
12:27:09 INFO     command: tesseract --psm 0 -l osd /tmp/tmp9472ccm6.png stdout
12:27:10 INFO     command: tesseract -l por /tmp/tmp9472ccm6.png stdout tsv
12:27:19 INFO     command: tesseract --psm 0 -l osd /tmp/tmpbyf063xo.png stdout
12:27:20 INFO     command: tesseract -l por /tmp/tmpbyf063xo.png stdout tsv
12:27:22 INFO     command: tesseract --psm 0 -l osd /tmp/tmpff2se87i.png stdout
12:27:23 INFO     command: tesseract -l por /tmp/tmpff2se87i.png stdout tsv
12:27:31 INFO     Finished converting document incra_ptd_docdiretivo__assinado-1_assinado_assinado-copia_tarjada.pdf in 68.79 sec.
12:27:31 INFO       pixel_budget (Docling) incra_ptd_docdiretivo__assinado-1_assinado_assinado-copia_tarjada.pdf: 20.2% (área tabelas/6515754 px²)
12:27:31 INFO     [11/15] ✓ INCRA     :    9 entregas | 68.8s | ETA ~3min
12:27:31 INFO     [12/15] → iti_anexo_de_entregas_assinado.pdf
12:27:31 INFO     detected formats: [<InputFormat.PDF: 'pdf'>]
12:27:31 INFO     Going to convert document batch...
12:27:31 INFO     Processing document iti_anexo_de_entregas_assinado.pdf
12:27:31 INFO     command: tesseract --psm 0 -l osd /tmp/tmpx3nsd1n4.png stdout
12:27:32 INFO     command: tesseract -l por /tmp/tmpx3nsd1n4.png stdout tsv
12:27:48 INFO     Finished converting document iti_anexo_de_entregas_assinado.pdf in 17.40 sec.
12:27:48 INFO       pixel_budget (Docling) iti_anexo_de_entregas_assinado.pdf: 57.2% (área tabelas/501212 px²)
12:27:48 INFO     [12/15] ✓ ITI       :   31 entregas | 17.4s | ETA ~2min
12:27:48 INFO     [13/15] → iti_doc_diretivo_assinado-1_tarjado.pdf
12:27:48 INFO     detected formats: [<InputFormat.PDF: 'pdf'>]
12:27:48 INFO     Going to convert document batch...
12:27:48 INFO     Processing document iti_doc_diretivo_assinado-1_tarjado.pdf
12:27:49 INFO     command: tesseract --psm 0 -l osd /tmp/tmp7vvsch52.png stdout
12:27:49 INFO     command: tesseract -l por /tmp/tmp7vvsch52.png stdout tsv
12:27:52 INFO     command: tesseract --psm 0 -l osd /tmp/tmpf234c281.png stdout
12:27:53 INFO     command: tesseract -l por /tmp/tmpf234c281.png stdout tsv
12:27:57 INFO     command: tesseract --psm 0 -l osd /tmp/tmpzmnjc0vj.png stdout
12:27:58 INFO     command: tesseract -l por /tmp/tmpzmnjc0vj.png stdout tsv
12:28:00 INFO     command: tesseract --psm 0 -l osd /tmp/tmpyuxlesfh.png stdout
12:28:01 INFO     command: tesseract -l por /tmp/tmpyuxlesfh.png stdout tsv
12:28:02 INFO     command: tesseract --psm 0 -l osd /tmp/tmpeheoj3r9.png stdout
12:28:03 INFO     command: tesseract -l por /tmp/tmpeheoj3r9.png stdout tsv
12:28:05 INFO     command: tesseract --psm 0 -l osd /tmp/tmp5owdn6r8.png stdout
12:28:07 INFO     command: tesseract -l por /tmp/tmp5owdn6r8.png stdout tsv
12:28:21 INFO     command: tesseract --psm 0 -l osd /tmp/tmpccsnu9dd.png stdout
12:28:22 INFO     command: tesseract -l por /tmp/tmpccsnu9dd.png stdout tsv
12:28:24 INFO     command: tesseract --psm 0 -l osd /tmp/tmpy_dm12is.png stdout
12:28:25 INFO     command: tesseract -l por /tmp/tmpy_dm12is.png stdout tsv
12:28:27 INFO     command: tesseract --psm 0 -l osd /tmp/tmpghrkglob.png stdout
12:28:28 INFO     command: tesseract -l por /tmp/tmpghrkglob.png stdout tsv
12:28:30 INFO     command: tesseract --psm 0 -l osd /tmp/tmpiaqmelwi.png stdout
12:28:31 INFO     command: tesseract -l por /tmp/tmpiaqmelwi.png stdout tsv
12:28:39 INFO     command: tesseract --psm 0 -l osd /tmp/tmp34l8jqd8.png stdout
12:28:40 INFO     command: tesseract -l por /tmp/tmp34l8jqd8.png stdout tsv
12:28:47 INFO     Finished converting document iti_doc_diretivo_assinado-1_tarjado.pdf in 59.50 sec.
12:28:47 INFO       pixel_budget (Docling) iti_doc_diretivo_assinado-1_tarjado.pdf: 8.0% (área tabelas/5516339 px²)
12:28:47 INFO     [13/15] ✓ ITI       :    6 entregas | 59.5s | ETA ~1min
12:28:47 INFO     [14/15] → sgpr_ptd_2025_2027_anexo_de_entregas_assinado-copia_tarjada.pdf
12:28:47 INFO     detected formats: [<InputFormat.PDF: 'pdf'>]
12:28:47 INFO     Going to convert document batch...
12:28:47 INFO     Processing document sgpr_ptd_2025_2027_anexo_de_entregas_assinado-copia_tarjada.pdf
12:28:48 INFO     command: tesseract --psm 0 -l osd /tmp/tmphckxyk0s.png stdout
12:28:49 INFO     command: tesseract -l por /tmp/tmphckxyk0s.png stdout tsv
12:28:52 INFO     command: tesseract --psm 0 -l osd /tmp/tmpycdhy_8i.png stdout
12:28:54 INFO     command: tesseract -l por /tmp/tmpycdhy_8i.png stdout tsv
12:29:07 INFO     Finished converting document sgpr_ptd_2025_2027_anexo_de_entregas_assinado-copia_tarjada.pdf in 19.40 sec.
12:29:07 INFO       pixel_budget (Docling) sgpr_ptd_2025_2027_anexo_de_entregas_assinado-copia_tarjada.pdf: 29.5% (área tabelas/1002424 px²)
12:29:07 INFO     [14/15] ✓ SGPR      :   18 entregas | 19.4s | ETA ~48s
12:29:07 INFO     [15/15] → sgpr_ptd_2026_2027_docdiretivo_assinado-copia_tarjada.pdf
12:29:07 INFO     detected formats: [<InputFormat.PDF: 'pdf'>]
12:29:07 INFO     Going to convert document batch...
12:29:07 INFO     Processing document sgpr_ptd_2026_2027_docdiretivo_assinado-copia_tarjada.pdf
12:29:27 INFO     Finished converting document sgpr_ptd_2026_2027_docdiretivo_assinado-copia_tarjada.pdf in 19.63 sec.
12:29:27 INFO       pixel_budget (Docling) sgpr_ptd_2026_2027_docdiretivo_assinado-copia_tarjada.pdf: 8.2% (área tabelas/5513330 px²)
12:29:27 WARNING  [15/15] ⚠ SGPR      :    0 entregas | 19.6s | ETA ~0s
12:29:27 INFO     261 registros | 7 órgãos
12:29:27 INFO     ╔══════════════════════════════════════════════════════════════╗
12:29:27 INFO     ║                  ENTREGAS — fase concluída                   ║
12:29:27 INFO     ║  Processados: 15    |  ✓ 11  ⚠ 4                             ║
12:29:27 INFO     ║  Duração: 11.6 min                                           ║
12:29:27 INFO     ║  261 registros | 7 órgãos                                    ║
12:29:27 INFO     ╚══════════════════════════════════════════════════════════════╝
12:29:27 INFO     [1/7] → agu_ptd_2025_2027_docdiretivo_assinado_assinado_assinado-copia_tarjada.pdf
12:29:27 INFO     detected formats: [<InputFormat.PDF: 'pdf'>]
12:29:27 INFO     Going to convert document batch...
12:29:27 INFO     Processing document agu_ptd_2025_2027_docdiretivo_assinado_assinado_assinado-copia_tarjada.pdf
12:29:27 INFO     command: tesseract --psm 0 -l osd /tmp/tmple2qqgwx.png stdout
12:29:27 INFO     command: tesseract -l por /tmp/tmple2qqgwx.png stdout tsv
12:29:30 INFO     command: tesseract --psm 0 -l osd /tmp/tmp39doh6ik.png stdout
12:29:31 INFO     command: tesseract -l por /tmp/tmp39doh6ik.png stdout tsv
12:29:35 INFO     command: tesseract --psm 0 -l osd /tmp/tmperw8x6ox.png stdout
12:29:36 INFO     command: tesseract -l por /tmp/tmperw8x6ox.png stdout tsv
12:29:38 INFO     command: tesseract --psm 0 -l osd /tmp/tmpx52zwzjd.png stdout
12:29:39 INFO     command: tesseract -l por /tmp/tmpx52zwzjd.png stdout tsv
12:29:41 INFO     command: tesseract --psm 0 -l osd /tmp/tmpf9tp6mie.png stdout
12:29:42 INFO     command: tesseract -l por /tmp/tmpf9tp6mie.png stdout tsv
12:29:44 INFO     command: tesseract --psm 0 -l osd /tmp/tmp3xa6luca.png stdout
12:29:45 INFO     command: tesseract -l por /tmp/tmp3xa6luca.png stdout tsv
12:29:56 INFO     command: tesseract --psm 0 -l osd /tmp/tmpuufjev8o.png stdout
12:29:57 INFO     command: tesseract -l por /tmp/tmpuufjev8o.png stdout tsv
12:29:59 INFO     command: tesseract --psm 0 -l osd /tmp/tmpo6w73_75.png stdout
12:30:00 INFO     command: tesseract -l por /tmp/tmpo6w73_75.png stdout tsv
12:30:02 INFO     command: tesseract --psm 0 -l osd /tmp/tmp10305hny.png stdout
12:30:03 INFO     command: tesseract -l por /tmp/tmp10305hny.png stdout tsv
12:30:05 INFO     command: tesseract --psm 0 -l osd /tmp/tmpxjuscino.png stdout
12:30:06 INFO     command: tesseract -l por /tmp/tmpxjuscino.png stdout tsv
12:30:22 INFO     command: tesseract --psm 0 -l osd /tmp/tmpb_o9yuiq.png stdout
12:30:23 INFO     command: tesseract -l por /tmp/tmpb_o9yuiq.png stdout tsv
12:30:27 INFO     Finished converting document agu_ptd_2025_2027_docdiretivo_assinado_assinado_assinado-copia_tarjada.pdf in 59.98 sec.
12:30:27 INFO     [1/7] ✓ AGU       :   7 riscos | 60.0s | ETA ~5min
12:30:27 INFO     [2/7] → documento-diretivo-mcom-_-ptd-25_27-copia_tarjada.pdf
12:30:27 INFO     detected formats: [<InputFormat.PDF: 'pdf'>]
12:30:27 INFO     Going to convert document batch...
12:30:27 INFO     Processing document documento-diretivo-mcom-_-ptd-25_27-copia_tarjada.pdf
12:30:27 INFO     command: tesseract --psm 0 -l osd /tmp/tmpmgztdg6j.png stdout
12:30:28 INFO     command: tesseract -l por /tmp/tmpmgztdg6j.png stdout tsv
12:30:30 INFO     command: tesseract --psm 0 -l osd /tmp/tmptkjfc_si.png stdout
12:30:32 INFO     command: tesseract -l por /tmp/tmptkjfc_si.png stdout tsv
12:30:36 INFO     command: tesseract --psm 0 -l osd /tmp/tmpqm1juk7m.png stdout
12:30:37 INFO     command: tesseract -l por /tmp/tmpqm1juk7m.png stdout tsv
12:30:38 INFO     command: tesseract --psm 0 -l osd /tmp/tmp9cndybs0.png stdout
12:30:39 INFO     command: tesseract -l por /tmp/tmp9cndybs0.png stdout tsv
12:30:41 INFO     command: tesseract --psm 0 -l osd /tmp/tmppgi_vmg2.png stdout
12:30:42 INFO     command: tesseract -l por /tmp/tmppgi_vmg2.png stdout tsv
12:30:44 INFO     command: tesseract --psm 0 -l osd /tmp/tmp07d2kdf8.png stdout
12:30:46 INFO     command: tesseract -l por /tmp/tmp07d2kdf8.png stdout tsv
12:31:02 INFO     command: tesseract --psm 0 -l osd /tmp/tmptrzfxnhz.png stdout
12:31:03 INFO     command: tesseract -l por /tmp/tmptrzfxnhz.png stdout tsv
12:31:05 INFO     command: tesseract --psm 0 -l osd /tmp/tmpkeqmed_5.png stdout
12:31:06 INFO     command: tesseract -l por /tmp/tmpkeqmed_5.png stdout tsv
12:31:08 INFO     command: tesseract --psm 0 -l osd /tmp/tmp2oleu4cz.png stdout
12:31:09 INFO     command: tesseract -l por /tmp/tmp2oleu4cz.png stdout tsv
12:31:11 INFO     command: tesseract --psm 0 -l osd /tmp/tmptxpyi0kl.png stdout
12:31:12 INFO     command: tesseract -l por /tmp/tmptxpyi0kl.png stdout tsv
12:31:16 INFO     command: tesseract --psm 0 -l osd /tmp/tmp4sw7hof6.png stdout
12:31:17 INFO     command: tesseract -l por /tmp/tmp4sw7hof6.png stdout tsv
12:31:24 INFO     command: tesseract --psm 0 -l osd /tmp/tmpv1g8xhew.png stdout
12:31:24 INFO     command: tesseract -l por /tmp/tmpv1g8xhew.png stdout tsv
12:31:26 INFO     command: tesseract --psm 0 -l osd /tmp/tmp0ief8p92.png stdout
12:31:27 INFO     command: tesseract -l por /tmp/tmp0ief8p92.png stdout tsv
12:31:29 INFO     command: tesseract --psm 0 -l osd /tmp/tmpnciub1qc.png stdout
12:31:30 INFO     command: tesseract -l por /tmp/tmpnciub1qc.png stdout tsv
12:31:36 INFO     Finished converting document documento-diretivo-mcom-_-ptd-25_27-copia_tarjada.pdf in 69.45 sec.
12:31:36 INFO     [2/7] ✓ MCOM      :  14 riscos | 69.5s | ETA ~5min
12:31:36 INFO     [3/7] → fiocruz_novo-ptd_2-1_docdiretivo_repactuacao_2024-2026_assinado_assinado-copia_tarjada.pdf
12:31:36 INFO     detected formats: [<InputFormat.PDF: 'pdf'>]
12:31:36 INFO     Going to convert document batch...
12:31:36 INFO     Processing document fiocruz_novo-ptd_2-1_docdiretivo_repactuacao_2024-2026_assinado_assinado-copia_tarjada.pdf
12:31:54 INFO     Finished converting document fiocruz_novo-ptd_2-1_docdiretivo_repactuacao_2024-2026_assinado_assinado-copia_tarjada.pdf in 17.84 sec.
12:31:54 INFO     [3/7] ✓ FIOCRUZ   :   6 riscos | 17.8s | ETA ~3min
12:31:54 INFO     [4/7] → funai_ptd_2025_2027_docdiretivo_assinado-1_tarjado.pdf
12:31:54 INFO     detected formats: [<InputFormat.PDF: 'pdf'>]
12:31:54 INFO     Going to convert document batch...
12:31:54 INFO     Processing document funai_ptd_2025_2027_docdiretivo_assinado-1_tarjado.pdf
12:31:55 INFO     command: tesseract --psm 0 -l osd /tmp/tmp11notk8m.png stdout
12:31:56 INFO     command: tesseract -l por /tmp/tmp11notk8m.png stdout tsv
12:31:57 INFO     command: tesseract --psm 0 -l osd /tmp/tmpv4iihyfo.png stdout
12:31:58 INFO     command: tesseract -l por /tmp/tmpv4iihyfo.png stdout tsv
12:32:02 INFO     command: tesseract --psm 0 -l osd /tmp/tmp7oojqqr7.png stdout
12:32:02 INFO     command: tesseract -l por /tmp/tmp7oojqqr7.png stdout tsv
12:32:04 INFO     command: tesseract --psm 0 -l osd /tmp/tmpo03iud3e.png stdout
12:32:05 INFO     command: tesseract -l por /tmp/tmpo03iud3e.png stdout tsv
12:32:07 INFO     command: tesseract --psm 0 -l osd /tmp/tmp7fns0jcr.png stdout
12:32:07 INFO     command: tesseract -l por /tmp/tmp7fns0jcr.png stdout tsv
12:32:10 INFO     command: tesseract --psm 0 -l osd /tmp/tmpj68v2z56.png stdout
12:32:11 INFO     command: tesseract -l por /tmp/tmpj68v2z56.png stdout tsv
12:32:21 INFO     command: tesseract --psm 0 -l osd /tmp/tmppi7yp37c.png stdout
12:32:22 INFO     command: tesseract -l por /tmp/tmppi7yp37c.png stdout tsv
12:32:23 INFO     command: tesseract --psm 0 -l osd /tmp/tmpvt1765uq.png stdout
12:32:24 INFO     command: tesseract -l por /tmp/tmpvt1765uq.png stdout tsv
12:32:25 INFO     command: tesseract --psm 0 -l osd /tmp/tmphf9qzzbx.png stdout
12:32:26 INFO     command: tesseract -l por /tmp/tmphf9qzzbx.png stdout tsv
12:32:28 INFO     command: tesseract --psm 0 -l osd /tmp/tmp34hdyy_0.png stdout
12:32:29 INFO     command: tesseract -l por /tmp/tmp34hdyy_0.png stdout tsv
12:32:49 INFO     command: tesseract --psm 0 -l osd /tmp/tmpyxfjp0sm.png stdout
12:32:50 INFO     command: tesseract -l por /tmp/tmpyxfjp0sm.png stdout tsv
12:32:52 INFO     command: tesseract --psm 0 -l osd /tmp/tmpn_pyouk4.png stdout
12:32:53 INFO     command: tesseract -l por /tmp/tmpn_pyouk4.png stdout tsv
12:32:54 INFO     command: tesseract --psm 0 -l osd /tmp/tmp9sp29n30.png stdout
12:32:55 INFO     command: tesseract -l por /tmp/tmp9sp29n30.png stdout tsv
12:33:02 INFO     Finished converting document funai_ptd_2025_2027_docdiretivo_assinado-1_tarjado.pdf in 67.81 sec.
12:33:02 INFO     [4/7] ✓ FUNAI     :  15 riscos | 67.8s | ETA ~2min
12:33:02 INFO     [5/7] → incra_ptd_docdiretivo__assinado-1_assinado_assinado-copia_tarjada.pdf
12:33:02 INFO     detected formats: [<InputFormat.PDF: 'pdf'>]
12:33:02 INFO     Going to convert document batch...
12:33:02 INFO     Processing document incra_ptd_docdiretivo__assinado-1_assinado_assinado-copia_tarjada.pdf
12:33:03 INFO     command: tesseract --psm 0 -l osd /tmp/tmpxovfrfx6.png stdout
12:33:03 INFO     command: tesseract -l por /tmp/tmpxovfrfx6.png stdout tsv
12:33:06 INFO     command: tesseract --psm 0 -l osd /tmp/tmp7vrvnack.png stdout
12:33:07 INFO     command: tesseract -l por /tmp/tmp7vrvnack.png stdout tsv
12:33:13 INFO     command: tesseract --psm 0 -l osd /tmp/tmpwm94d04e.png stdout
12:33:14 INFO     command: tesseract -l por /tmp/tmpwm94d04e.png stdout tsv
12:33:16 INFO     command: tesseract --psm 0 -l osd /tmp/tmpy8ddy7ad.png stdout
12:33:16 INFO     command: tesseract -l por /tmp/tmpy8ddy7ad.png stdout tsv
12:33:18 INFO     command: tesseract --psm 0 -l osd /tmp/tmp9_azqgov.png stdout
12:33:19 INFO     command: tesseract -l por /tmp/tmp9_azqgov.png stdout tsv
12:33:21 INFO     command: tesseract --psm 0 -l osd /tmp/tmpl_dnhp33.png stdout
12:33:22 INFO     command: tesseract -l por /tmp/tmpl_dnhp33.png stdout tsv
12:33:39 INFO     command: tesseract --psm 0 -l osd /tmp/tmph283yy6v.png stdout
12:33:40 INFO     command: tesseract -l por /tmp/tmph283yy6v.png stdout tsv
12:33:41 INFO     command: tesseract --psm 0 -l osd /tmp/tmp3trmxzn8.png stdout
12:33:42 INFO     command: tesseract -l por /tmp/tmp3trmxzn8.png stdout tsv
12:33:43 INFO     command: tesseract --psm 0 -l osd /tmp/tmp9kkobg1m.png stdout
12:33:44 INFO     command: tesseract -l por /tmp/tmp9kkobg1m.png stdout tsv
12:33:46 INFO     command: tesseract --psm 0 -l osd /tmp/tmpmd5ejqdb.png stdout
12:33:47 INFO     command: tesseract -l por /tmp/tmpmd5ejqdb.png stdout tsv
12:33:51 INFO     command: tesseract --psm 0 -l osd /tmp/tmpju803y0t.png stdout
12:33:52 INFO     command: tesseract -l por /tmp/tmpju803y0t.png stdout tsv
12:33:56 INFO     command: tesseract --psm 0 -l osd /tmp/tmplv4oaigu.png stdout
12:33:57 INFO     command: tesseract -l por /tmp/tmplv4oaigu.png stdout tsv
12:34:05 INFO     command: tesseract --psm 0 -l osd /tmp/tmp3xvwnsjj.png stdout
12:34:06 INFO     command: tesseract -l por /tmp/tmp3xvwnsjj.png stdout tsv
12:34:13 INFO     Finished converting document incra_ptd_docdiretivo__assinado-1_assinado_assinado-copia_tarjada.pdf in 71.61 sec.
12:34:13 INFO     [5/7] ✓ INCRA     :  15 riscos | 71.6s | ETA ~1min
12:34:13 INFO     [6/7] → iti_doc_diretivo_assinado-1_tarjado.pdf
12:34:13 INFO     detected formats: [<InputFormat.PDF: 'pdf'>]
12:34:13 INFO     Going to convert document batch...
12:34:13 INFO     Processing document iti_doc_diretivo_assinado-1_tarjado.pdf
12:34:14 INFO     command: tesseract --psm 0 -l osd /tmp/tmpdbq5qte8.png stdout
12:34:14 INFO     command: tesseract -l por /tmp/tmpdbq5qte8.png stdout tsv
12:34:16 INFO     command: tesseract --psm 0 -l osd /tmp/tmp6ina8zm7.png stdout
12:34:18 INFO     command: tesseract -l por /tmp/tmp6ina8zm7.png stdout tsv
12:34:22 INFO     command: tesseract --psm 0 -l osd /tmp/tmpns2xd6u2.png stdout
12:34:23 INFO     command: tesseract -l por /tmp/tmpns2xd6u2.png stdout tsv
12:34:25 INFO     command: tesseract --psm 0 -l osd /tmp/tmpsqjuevbr.png stdout
12:34:25 INFO     command: tesseract -l por /tmp/tmpsqjuevbr.png stdout tsv
12:34:27 INFO     command: tesseract --psm 0 -l osd /tmp/tmp4z7t1ark.png stdout
12:34:28 INFO     command: tesseract -l por /tmp/tmp4z7t1ark.png stdout tsv
12:34:30 INFO     command: tesseract --psm 0 -l osd /tmp/tmp89s8qrvq.png stdout
12:34:31 INFO     command: tesseract -l por /tmp/tmp89s8qrvq.png stdout tsv
12:34:45 INFO     command: tesseract --psm 0 -l osd /tmp/tmp1hp3ykxw.png stdout
12:34:46 INFO     command: tesseract -l por /tmp/tmp1hp3ykxw.png stdout tsv
12:34:48 INFO     command: tesseract --psm 0 -l osd /tmp/tmpkofbv2ah.png stdout
12:34:49 INFO     command: tesseract -l por /tmp/tmpkofbv2ah.png stdout tsv
12:34:51 INFO     command: tesseract --psm 0 -l osd /tmp/tmpqischks_.png stdout
12:34:52 INFO     command: tesseract -l por /tmp/tmpqischks_.png stdout tsv
12:34:54 INFO     command: tesseract --psm 0 -l osd /tmp/tmpwnbcacfe.png stdout
12:34:55 INFO     command: tesseract -l por /tmp/tmpwnbcacfe.png stdout tsv
12:35:04 INFO     command: tesseract --psm 0 -l osd /tmp/tmpr2kh7sw9.png stdout
12:35:04 INFO     command: tesseract -l por /tmp/tmpr2kh7sw9.png stdout tsv
12:35:10 INFO     Finished converting document iti_doc_diretivo_assinado-1_tarjado.pdf in 56.47 sec.
12:35:10 INFO     [6/7] ✓ ITI       :  14 riscos | 56.5s | ETA ~57s
12:35:10 INFO     [7/7] → sgpr_ptd_2026_2027_docdiretivo_assinado-copia_tarjada.pdf
12:35:10 INFO     detected formats: [<InputFormat.PDF: 'pdf'>]
12:35:10 INFO     Going to convert document batch...
12:35:10 INFO     Processing document sgpr_ptd_2026_2027_docdiretivo_assinado-copia_tarjada.pdf
12:35:29 INFO     Finished converting document sgpr_ptd_2026_2027_docdiretivo_assinado-copia_tarjada.pdf in 19.73 sec.
12:35:30 INFO     [7/7] ✓ SGPR      :  10 riscos | 19.7s | ETA ~0s
12:35:30 INFO     ╔══════════════════════════════════════════════════════════════╗
12:35:30 INFO     ║                   RISCOS — fase concluída                    ║
12:35:30 INFO     ║  Processados: 7     |  ✓ 7  ⚠ 0                              ║
12:35:30 INFO     ║  Duração: 6.0 min                                            ║
12:35:30 INFO     ║  81 riscos | 7 órgãos                                        ║
12:35:30 INFO     ╚══════════════════════════════════════════════════════════════╝
12:35:30 INFO     81 riscos | 0 ações | 135 relações
12:35:30 INFO     ptd_corpus_raw                     : 261 linhas
12:35:30 INFO     ptd_pivot_eixos                    : 7 linhas
12:35:33 INFO     ptd_datas_assinatura               : 132 linhas
12:35:33 INFO     ptd_riscos                         : 81 linhas
12:35:33 INFO     ptd_riscos_acoes                   : 135 linhas
12:35:33 INFO     Manifesto salvo: pipeline_manifest.json | SHA-256 de 132 PDFs
12:35:33 INFO     ==================================================
12:35:33 INFO     PTD-BR v3.0-melhorado — PIPELINE CONCLUÍDO
12:35:33 INFO     ==================================================
12:35:33 INFO     ptd_corpus_raw.csv                        160 KB
12:35:33 INFO     ptd_pivot_eixos.csv                         0 KB
12:35:33 INFO     ptd_datas_assinatura.csv                    9 KB
12:35:33 INFO     ptd_riscos.csv                             23 KB
12:35:33 INFO     ptd_riscos_acoes.csv                        2 KB
12:35:33 INFO     proveniencia.json                           0 KB
12:35:33 INFO     pipeline_manifest.json                     20 KB
12:35:33 INFO     📦 Artefatos: https://github.com/freirelucas/teste/actions/runs/23978586082
12:35:33 INFO     ==================================================
