11:02:27 INFO     Docling disponível
11:02:27 WARNING  OCR fallback indisponível (IndentationError: unexpected indent (ptd_ocr_fallback.py, line 45))
11:02:28 INFO     Ignorado (guia/template/norma): ABNT-NBR-17225-Acessibilidade-Digital.pdf
11:02:28 INFO     Ignorado (guia/template/norma): cgrep-guia10passos-ptd-orgao.pdf
11:02:28 INFO     Ignorado (guia/template/norma): ABNT-NBR-17225-Acessibilidade-Digital.pdf
11:02:28 INFO     Scraping: 132 PDFs únicos | entregas: 68 | diretivos: 61
11:02:28 INFO     Baixando 132 PDFs únicos...
11:02:29 INFO     ✓ [  1/132] abin_ptd_anexo_de_entregas_assinado_pelo_orgao_ass   293.3KB
11:02:33 INFO     ✓ [  2/132] aeb_ptd_2025_2027_docdiretivo_aprovado_assinado-1_  1033.7KB
11:02:35 INFO     ✓ [  3/132] aeb_ptd_2025_2027_anexo_de_entregas_aprovado_assin   154.5KB
11:02:40 INFO     ✓ [  4/132] agu_ptd_2025_2027_docdiretivo_assinado_assinado_as  2860.3KB
11:02:43 INFO     ✓ [  5/132] agu_ptd_2025_2027_anexo_de_entregas_assinado_assin   525.5KB
11:02:45 INFO     ✓ [  6/132] ana_ptd_2025_2027_docdiretivo_assinado_assinado_as   477.2KB
11:02:47 INFO     ✓ [  7/132] ana_ptd_2025_2027_anexoentregas_assinado_assinado_   170.9KB
11:02:50 INFO     ✓ [  8/132] anac_ptd_2025_2026_docdiretivo_se_assinado_tarjado  1036.3KB
11:02:53 INFO     ✓ [  9/132] anac_ptd_2025_2026_anexo_de_entregas_se_assinado.p   215.2KB
11:02:56 INFO     ✓ [ 10/132] anatel_ptd_docdiretivo_assinado_2025_2026_assinado  1006.0KB
11:02:58 INFO     ✓ [ 11/132] anatel_ptd_2025_2026_anexo_de_entregas_do_ptd_publ    71.9KB
11:03:01 INFO     ✓ [ 12/132] ancine_ptd_2024_2026_docdiretivo_assinado-2_assina   961.8KB
11:03:04 INFO     ✓ [ 13/132] ancine_ptd_2024_2026_-_anexo_de_entregas_aprovado_   613.2KB
11:03:07 INFO     ✓ [ 14/132] ptd_aneel_2025-2027_docdiretivo_assinado_tarjado.p   779.6KB
11:03:09 INFO     ✓ [ 15/132] ptd_aneel_2025-2027_anexo_de_entregas_assinado.pdf   111.9KB
11:03:12 INFO     ✓ [ 16/132] anm_ptd_2025_2027_docdiretivo_assinadopeloorgao_ta  1092.5KB
11:03:15 INFO     ✓ [ 17/132] anm_ptd_2025_2027_anexo_entregas_assinadopeloorgao  1140.4KB
11:03:18 INFO     ✓ [ 18/132] anpd_ptd_2025_2027_docdiretivo_assinado_assinado_a  1044.3KB
11:03:21 INFO     ✓ [ 19/132] anpd_ptd_2025_2027_anexo_de_entregas_assinado_assi   166.5KB
11:03:24 INFO     ✓ [ 20/132] ans-plano_de_transformacao_digital_assinado-copia_  1023.4KB
11:03:26 INFO     ✓ [ 21/132] ans_ptd_2025_2026_anexo_de_entregas_assinado_assin   124.1KB
11:03:29 INFO     ✓ [ 22/132] antaq_ptd_2025_2027_docdiretivo_assinado_assinado_  1039.8KB
11:03:31 INFO     ✓ [ 23/132] antaq_ptd_2025_2027_anexoentregas_assinado_assinad   145.1KB
11:03:33 INFO     ✓ [ 24/132] mt_anexo_de_entregas_-_assinado_assinado_assinado_   143.6KB
11:03:41 INFO     ✓ [ 25/132] anvisa_ptd_docdiretivo_2025-2026_assinado_assinado  5771.2KB
11:03:44 INFO     ✓ [ 26/132] anvisa_ptd_anexo_de_entregas_2025_2026_assinado_as   239.0KB
11:03:46 INFO     ✓ [ 27/132] bcb_documento_diretivo_assinado_assinado_assinado-   713.7KB
11:03:48 INFO     ✓ [ 28/132] bcb_anexo_de_entregas_ptd_25_26-1_assinado_assinad   134.8KB
11:03:51 INFO     ✓ [ 29/132] cade_ptd_docdiretivo_2025_2026_assinado-2_assinado   810.4KB
11:03:54 INFO     ✓ [ 30/132] cade_ptd_anexo_de_entregas_2025_2026_assinado_copi   504.0KB
11:03:57 INFO     ✓ [ 31/132] mec_ptd_docdiretivo_2025-2026_sei_mec-5566673_copi   863.1KB
11:04:00 INFO     ✓ [ 32/132] mec_ptd_anexo-de-entregas_sei_mec-5576401_copia_ta   495.7KB
11:04:03 INFO     ✓ [ 33/132] mec_ptd_docdiretivo-versao-comunicacao_copia_tarja  1616.5KB
11:04:06 INFO     ✓ [ 34/132] md_ptd_2026_2027_anexo_de_entregas_assinado_assina   579.4KB
11:04:08 INFO     ✓ [ 35/132] md_ptd_2026_2027_anexo_de_entregas_assinado_assina   186.8KB
11:04:11 INFO     ✓ [ 36/132] md_ptd_temp_copia_tarjada.pdf                        741.9KB
11:04:14 INFO     ✓ [ 37/132] cgu_ptd_docdiretivo_assinado_assinado_assinado-cop  1085.4KB
11:04:17 INFO     ✓ [ 38/132] cgu_ptd_anexo_de_entregas_pactuadas_assinado_assin   514.1KB
11:04:19 INFO     ✓ [ 39/132] cnpq_ptd_2025_2027_docdiretivo_assinado_assinado_a   342.9KB
11:04:21 INFO     ✓ [ 40/132] cnpq_ptd_2025_2027_anexo_de_entregas_assinado_assi   136.1KB
11:04:24 INFO     ✓ [ 41/132] coaf_ptd_2025_2026_documento_diretivo_assinado_ass  1068.0KB
11:04:30 INFO     ✓ [ 42/132] coaf_ptd_2025_2026_anexo_de_entregas-2_assinado_as  3184.5KB
11:04:36 INFO     ✓ [ 43/132] ptd_midr-docdiretivo_aprovado_assinado_tarjado.pdf  3864.1KB
11:04:39 INFO     ✓ [ 44/132] ptd_midr_-_anexo_de_entregas_-_aprovado_assinado.p  1122.0KB
11:04:42 INFO     ✓ [ 45/132] mda-documento-diretivo-assinado_ptd-2025-207-copia   955.8KB
11:04:45 INFO     ✓ [ 46/132] cvm_ptd_2025_2027_docdiretivo_assinado_assinado_as   270.5KB
11:04:47 INFO     ✓ [ 47/132] cvm_ptd_2025_2027_anexoentregas_assinado_assinado_   409.0KB
11:04:50 INFO     ✓ [ 48/132] dnocs_ptd_doc_diretivo_2025_2026_assinado_orgao-2_   891.1KB
11:04:52 INFO     ✓ [ 49/132] dnocs_anexo_de_entregas_repactuado_2025_2026_assin   272.3KB
11:04:57 INFO     ✓ [ 50/132] fbn_ptd_2025_2027_docdiretivo_assinado-1_tarjado.p  2921.6KB
11:05:00 INFO     ✓ [ 51/132] fbn_ptd_2025_2027_anexo_de_entregas_assinado-1.pdf   162.3KB
11:05:03 INFO     ✓ [ 52/132] fcp_ptd_2025_2027_docdiretivo_assinado-1_tarjado.p  1612.0KB
11:05:05 INFO     ✓ [ 53/132] fcp_ptd_2025_2027_anexo_de_entregas_assinado-1.pdf   118.8KB
11:05:09 INFO     ✓ [ 54/132] fcrb_ptd_2025_2026_docdiretivo_aprovado_assinado-1   998.2KB
11:05:11 INFO     ✓ [ 55/132] fcrb_ptd_2025_2026_anexo_de_entregas_aprovado_assi   313.5KB
11:05:14 INFO     ✓ [ 56/132] fiocruz_novo-ptd_2-1_docdiretivo_repactuacao_2024-  1318.1KB
11:05:17 INFO     ✓ [ 57/132] fiocruz_ptd_anexo_de_entregas_assinado_v1_assinado   257.1KB
11:05:20 INFO     ✓ [ 58/132] fiocruz-ptd-06_2024-copia_tarjada.pdf               1693.8KB
11:05:24 INFO     ✓ [ 59/132] funai_ptd_2025_2027_docdiretivo_assinado-1_tarjado  1842.1KB
11:05:27 INFO     ✓ [ 60/132] funai_anexo_de_entregas_repactuado_2026_2027_assin   435.7KB
11:05:30 INFO     ✓ [ 61/132] funarte_ptd_docdiretivo_assinado_21_01_2025_assina   965.7KB
11:05:33 INFO     ✓ [ 62/132] funarte_ptd_anexo_de_entregas_assinado_v1_assinado   683.6KB
11:05:36 INFO     ✓ [ 63/132] fundacentro_ptd_2025_2027_docdiretivo_assinado_ass   826.6KB
11:05:38 INFO     ✓ [ 64/132] fundacentro_ptd_2025_2027_anexo_de_entregas_assina   635.5KB
11:05:41 INFO     ✓ [ 65/132] mma_ptd_docdiretivo_assinado_2025_2026-1_assinado_   949.3KB
11:05:44 INFO     ✓ [ 66/132] mma_ptd_anexo_de_entregas_aprovado_final_assinado_   174.8KB
11:05:47 INFO     ✓ [ 67/132] ibge_docdiretivo_2025_assinado_assinado_assinado-c  1167.3KB
11:05:49 INFO     ✓ [ 68/132] ibge_ptd_25_26_anexo_de_entregas_modelo_v2-1_assin   143.7KB
11:05:59 INFO     ✓ [ 69/132] incra_ptd_docdiretivo__assinado-1_assinado_assinad  7182.0KB
11:06:02 INFO     ✓ [ 70/132] incra_anexo_de_entregas_assinado-1_assinado_assina  1818.6KB
11:06:08 INFO     ✓ [ 71/132] inpi_ptd_docdiretivo_assinado_2025_2026_assinado_a  3322.4KB
11:06:13 INFO     ✓ [ 72/132] inpi_ptd_anexo_de_entregas_assinado_v1_assinado_as  3078.1KB
11:06:16 INFO     ✓ [ 73/132] inss_ptd_2025_2027_docdiretivo-assinado-copia_tarj  1173.3KB
11:06:18 INFO     ✓ [ 74/132] inss_ptd_2025_2027_anexo_de_entregas-assinado-copi   110.8KB
11:06:22 INFO     ✓ [ 75/132] iphan_ptd_docdiretivo_assinado_2025_2026_assinado_   885.7KB
11:06:24 INFO     ✓ [ 76/132] iphan_ptd_anexo_de_entregas_assinado_v1_assinado_a   310.9KB
11:06:31 INFO     ✓ [ 77/132] iti_doc_diretivo_assinado-1_tarjado.pdf             4905.1KB
11:06:34 INFO     ✓ [ 78/132] iti_anexo_de_entregas_assinado.pdf                   556.4KB
11:06:37 INFO     ✓ [ 79/132] mapa_ptd_2025_2027_docdiretivo_assinado-1_tarjado.  1740.9KB
11:06:40 INFO     ✓ [ 80/132] mapa_ptd_2025_2027_anexo_de_entregas_assinado-1.pd   261.9KB
11:06:46 INFO     ✓ [ 81/132] documento-diretivo-mcom-_-ptd-25_27-copia_tarjada.  4451.9KB
11:06:50 INFO     ✓ [ 82/132] anexo-de-entregas-mcom_ptd-25_27-copia_tarjada.pdf  1213.8KB
11:06:55 INFO     ✓ [ 83/132] ptd_21_24_mcom-copia_tarjada.pdf                    3040.7KB
11:06:58 INFO     ✓ [ 84/132] mcti_ptd_2025-2027_docdiretivo_assinado-copia_tarj  1030.7KB
11:07:00 INFO     ✓ [ 85/132] mcti_ptd_2025-2027_anexo-de-entregas_assinado-copi   145.8KB
11:07:03 INFO     ✓ [ 86/132] mda-anexo-entregas-assinado_ptd-2025-2027-copia-ta   284.6KB
11:07:06 INFO     ✓ [ 87/132] mdhc_ptd_2025_2027_docdiretivo_assinado_assinado_a   753.4KB
11:07:08 INFO     ✓ [ 88/132] mdhc_ptd_2025_2027_anexoentregas_assinado_assinado   186.8KB
11:07:10 INFO     ✓ [ 89/132] mdic_ptd_anexo_de_entregas_assinado_v1_assinado_as   176.6KB
11:07:13 INFO     ✓ [ 90/132] memp_ptd_2025_2026_docdiretivo_assinado_assinado_a  1030.1KB
11:07:16 INFO     ✓ [ 91/132] memp_ptd_2025_2026_anexo_de_entregas_assinado_assi   161.5KB
11:07:19 INFO     ✓ [ 92/132] mesp_ptd_2025_2027_docdiretivo_assinado_assinado_2  1147.7KB
11:07:21 INFO     ✓ [ 93/132] mesp_ptd_2025_2027_anexo_de_entregas_assinado_assi   226.6KB
11:07:24 INFO     ✓ [ 94/132] mf_ptd_2026_2027_documentodiretivo_assinado_assina   955.1KB
11:07:26 INFO     ✓ [ 95/132] mf_ptd_2026_2027_anexo_de_entregas_1_mf_se_assinad   241.2KB
11:07:29 INFO     ✓ [ 96/132] mgi_ptd_2025_2027_docdiretivo_assinado_assinado_as   375.2KB
11:07:31 INFO     ✓ [ 97/132] mgi_ptd_2025_2027_anexo_de_entregas_assinado_assin   256.1KB
11:07:35 INFO     ✓ [ 98/132] minc_ptd_2025_2027_docdiretivo_assinado-1_assinado   863.6KB
11:07:37 INFO     ✓ [ 99/132] minc_ptd_2025_2027_anexo_de_entregas_assinado-1_as   276.7KB
11:07:40 INFO     ✓ [100/132] mjsp_ptd_docdiretivo_assinado_2025_2026_assinado_a   954.0KB
11:07:42 INFO     ✓ [101/132] mjsp_ptd_anexo_de_entregas_assinado_v1_assinado_as   253.9KB
11:07:45 INFO     ✓ [102/132] mme_ptd_2025_2027_docdiretivo_assinado-copia_tarja   664.5KB
11:07:47 INFO     ✓ [103/132] mme_ptd_2025_2027_anexo_de_entregas_assinado__1_-c   111.1KB
11:07:50 INFO     ✓ [104/132] mmulheres_ptd_2025_2027_docdiretivo_assinado_assin  1078.3KB
11:07:53 INFO     ✓ [105/132] mmulheres_ptd_2025_2027_anexo_de_entregas_assinado   216.9KB
11:07:56 INFO     ✓ [106/132] mpi_ptd_2025_2027_docdiretivo_ministerio_dos_povos   947.9KB
11:07:58 INFO     ✓ [107/132] mpi_ptd_anexo_de_entregas_do_plano_de_tranformacao   191.9KB
11:08:01 INFO     ✓ [108/132] mpo_ptd_docdiretivo_assinado_2025_2026_assinado_as   806.3KB
11:08:03 INFO     ✓ [109/132] mpo_ptd_anexo_de_entregas_assinado_v1_assinado_ass   323.2KB
11:08:07 INFO     ✓ [110/132] mpor_ptd_2025_2027_docdiretivo_assinado_assinado_a   876.5KB
11:08:09 INFO     ✓ [111/132] mpor_ptd_2025_2027_anexo_de_entregas_assinado_assi   175.1KB
11:08:12 INFO     ✓ [112/132] mps_ptd_2025-2026_docdiretivo_final_assinado-1_ass  1024.4KB
11:08:14 INFO     ✓ [113/132] mps_ptd_2025-2026_anexo_de_entregas_final_assinado   165.0KB
11:08:17 INFO     ✓ [114/132] mre_ptd_docdiretivo_assinado_2025_2026_assinado_as   760.9KB
11:08:19 INFO     ✓ [115/132] mre_ptd_anexo_de_entregas_assinado_v1_assinado_ass   233.2KB
11:08:22 INFO     ✓ [116/132] mte_ptd_2025_2026_docdiretivo_assinado_assinado_as   729.6KB
11:08:25 INFO     ✓ [117/132] mte_ptd_anexo_de_entregas_assinado_v1__281_29_assi   459.5KB
11:08:28 INFO     ✓ [118/132] mtur_ptd_docdiretiv_assinado_30_01_2025_assinado_a  1050.4KB
11:08:30 INFO     ✓ [119/132] mtur_ptd_anexo_de_entregas_assinado_30_01_2025_ass   118.8KB
11:08:33 INFO     ✓ [120/132] pf_ptd_docdiretivo_2025_2027_assinado-copia_tarjad   964.3KB
11:08:35 INFO     ✓ [121/132] pf_ptd_anexo_de_entregas_2025_2027_assinado-copia_    62.5KB
11:08:38 INFO     ✓ [122/132] mf_ptd_2026_2027_anexo_de_entregas_4_mf_pgfn_assin   466.8KB
11:08:47 INFO     ✓ [123/132] previc_plano_de_transformacao_digital_2025_2026_29  6652.7KB
11:08:49 INFO     ✓ [124/132] previc_ptd_repactuacao_2025-2026_assinado_assinado   182.9KB
11:08:51 INFO     ✓ [125/132] prf_documentodiretivo_ptd_2026-2027_assinado_tarja   535.9KB
11:08:54 INFO     ✓ [126/132] prf_anexo_de_entregas_do_ptd__2026_2027___ptd___en   157.7KB
11:08:56 INFO     ✓ [127/132] mf_ptd_2026_2027_anexo_de_entregas_2_mf_rfb_assina   253.7KB
11:08:59 INFO     ✓ [128/132] sgpr_ptd_2026_2027_docdiretivo_assinado-copia_tarj   791.2KB
11:09:02 INFO     ✓ [129/132] sgpr_ptd_2025_2027_anexo_de_entregas_assinado-copi   897.9KB
11:09:05 INFO     ✓ [130/132] mf_ptd_2026_2027_anexo_de_entregas_3_mf_stn_assina   467.8KB
11:09:08 INFO     ✓ [131/132] susep_ptd_2025_2027_docdiretivo-assinado-copia_tar  1030.1KB
11:09:10 INFO     ✓ [132/132] susep_ptd_2025-2026_anexo_de_entregas_final_assina   221.9KB
11:09:12 INFO     132 OK | 0 erros | 123.3 MB total
11:09:17 INFO     Sanity: 132 PDFs | 113 texto | 19 imagem/OCR | 0 duplicatas
11:09:17 INFO     --siglas (debug): 15 PDFs de ['AGU', 'FIOCRUZ', 'FUNAI', 'FUNDACENTRO', 'INCRA', 'ITI', 'MCOM', 'SGPR']
11:09:17 INFO     DocumentConverter instanciado (singleton × 2: plain + OCR)
11:09:17 INFO     [1/15] → agu_ptd_2025_2027_anexo_de_entregas_assinado_assinado_assinado-copia_tarjada.pdf
11:09:17 INFO     detected formats: [<InputFormat.PDF: 'pdf'>]
11:09:17 INFO     Going to convert document batch...
11:09:17 INFO     Initializing pipeline for StandardPdfPipeline with options hash bc6794697da537796efc497178f9263f
11:09:17 INFO     Loading plugin 'docling_defaults'
11:09:17 INFO     Registered picture descriptions: ['picture_description_vlm_engine', 'vlm', 'api']
11:09:17 INFO     Loading plugin 'docling_defaults'
11:09:17 INFO     Registered ocr engines: ['auto', 'easyocr', 'kserve_v2_ocr', 'ocrmac', 'rapidocr', 'tesserocr', 'tesseract']
11:09:17 INFO     command: tesseract --list-langs
11:09:17 INFO     Loading plugin 'docling_defaults'
11:09:17 INFO     Registered layout engines: ['layout_object_detection', 'docling_layout_default', 'docling_experimental_table_crops_layout']
11:09:17 INFO     Accelerator device: 'cpu'
11:09:18 INFO     HTTP Request: GET https://huggingface.co/api/models/docling-project/docling-layout-heron/revision/main "HTTP/1.1 200 OK"
11:09:18 INFO     HTTP Request: HEAD https://huggingface.co/docling-project/docling-layout-heron/resolve/8f39ad3c0b4c58e9c2d2c84a38465abf757272d8/README.md "HTTP/1.1 307 Temporary Redirect"
11:09:18 INFO     HTTP Request: HEAD https://huggingface.co/api/resolve-cache/models/docling-project/docling-layout-heron/8f39ad3c0b4c58e9c2d2c84a38465abf757272d8/README.md "HTTP/1.1 200 OK"
11:09:18 INFO     HTTP Request: HEAD https://huggingface.co/docling-project/docling-layout-heron/resolve/8f39ad3c0b4c58e9c2d2c84a38465abf757272d8/preprocessor_config.json "HTTP/1.1 307 Temporary Redirect"
11:09:18 INFO     HTTP Request: HEAD https://huggingface.co/docling-project/docling-layout-heron/resolve/8f39ad3c0b4c58e9c2d2c84a38465abf757272d8/docling_heron_400.png "HTTP/1.1 307 Temporary Redirect"
11:09:18 INFO     HTTP Request: HEAD https://huggingface.co/docling-project/docling-layout-heron/resolve/8f39ad3c0b4c58e9c2d2c84a38465abf757272d8/.gitattributes "HTTP/1.1 307 Temporary Redirect"
11:09:18 INFO     HTTP Request: HEAD https://huggingface.co/docling-project/docling-layout-heron/resolve/8f39ad3c0b4c58e9c2d2c84a38465abf757272d8/config.json "HTTP/1.1 307 Temporary Redirect"
11:09:18 INFO     HTTP Request: HEAD https://huggingface.co/docling-project/docling-layout-heron/resolve/8f39ad3c0b4c58e9c2d2c84a38465abf757272d8/model.safetensors "HTTP/1.1 302 Found"
11:09:18 INFO     HTTP Request: GET https://huggingface.co/api/resolve-cache/models/docling-project/docling-layout-heron/8f39ad3c0b4c58e9c2d2c84a38465abf757272d8/README.md "HTTP/1.1 200 OK"
11:09:18 INFO     HTTP Request: HEAD https://huggingface.co/api/resolve-cache/models/docling-project/docling-layout-heron/8f39ad3c0b4c58e9c2d2c84a38465abf757272d8/preprocessor_config.json "HTTP/1.1 200 OK"
11:09:18 INFO     HTTP Request: HEAD https://huggingface.co/api/resolve-cache/models/docling-project/docling-layout-heron/8f39ad3c0b4c58e9c2d2c84a38465abf757272d8/docling_heron_400.png "HTTP/1.1 200 OK"
11:09:18 INFO     HTTP Request: HEAD https://huggingface.co/api/resolve-cache/models/docling-project/docling-layout-heron/8f39ad3c0b4c58e9c2d2c84a38465abf757272d8/.gitattributes "HTTP/1.1 200 OK"
11:09:18 INFO     HTTP Request: HEAD https://huggingface.co/api/resolve-cache/models/docling-project/docling-layout-heron/8f39ad3c0b4c58e9c2d2c84a38465abf757272d8/config.json "HTTP/1.1 200 OK"
11:09:18 INFO     HTTP Request: GET https://huggingface.co/api/resolve-cache/models/docling-project/docling-layout-heron/8f39ad3c0b4c58e9c2d2c84a38465abf757272d8/preprocessor_config.json "HTTP/1.1 200 OK"
11:09:18 INFO     HTTP Request: GET https://huggingface.co/api/resolve-cache/models/docling-project/docling-layout-heron/8f39ad3c0b4c58e9c2d2c84a38465abf757272d8/docling_heron_400.png "HTTP/1.1 200 OK"
11:09:18 INFO     HTTP Request: GET https://huggingface.co/api/resolve-cache/models/docling-project/docling-layout-heron/8f39ad3c0b4c58e9c2d2c84a38465abf757272d8/.gitattributes "HTTP/1.1 200 OK"
11:09:18 INFO     HTTP Request: GET https://huggingface.co/api/resolve-cache/models/docling-project/docling-layout-heron/8f39ad3c0b4c58e9c2d2c84a38465abf757272d8/config.json "HTTP/1.1 200 OK"
11:09:18 INFO     HTTP Request: GET https://huggingface.co/api/models/docling-project/docling-layout-heron/xet-read-token/8f39ad3c0b4c58e9c2d2c84a38465abf757272d8 "HTTP/1.1 200 OK"
11:09:19 INFO     Loading plugin 'docling_defaults'
11:09:19 INFO     Registered table structure engines: ['docling_tableformer', 'docling_tableformer_v2']
11:09:19 INFO     HTTP Request: GET https://huggingface.co/api/models/docling-project/docling-models/revision/v2.3.0 "HTTP/1.1 200 OK"
11:09:19 INFO     HTTP Request: HEAD https://huggingface.co/docling-project/docling-models/resolve/fc0f2d45e2218ea24bce5045f58a389aed16dc23/.gitignore "HTTP/1.1 307 Temporary Redirect"
11:09:19 WARNING  Warning: You are sending unauthenticated requests to the HF Hub. Please set a HF_TOKEN to enable higher rate limits and faster downloads.
11:09:19 INFO     HTTP Request: HEAD https://huggingface.co/docling-project/docling-models/resolve/fc0f2d45e2218ea24bce5045f58a389aed16dc23/config.json "HTTP/1.1 307 Temporary Redirect"
11:09:19 INFO     HTTP Request: HEAD https://huggingface.co/docling-project/docling-models/resolve/fc0f2d45e2218ea24bce5045f58a389aed16dc23/.gitattributes "HTTP/1.1 307 Temporary Redirect"
11:09:20 INFO     HTTP Request: HEAD https://huggingface.co/docling-project/docling-models/resolve/fc0f2d45e2218ea24bce5045f58a389aed16dc23/model_artifacts/tableformer/accurate/tableformer_accurate.safetensors "HTTP/1.1 302 Found"
11:09:20 INFO     HTTP Request: HEAD https://huggingface.co/docling-project/docling-models/resolve/fc0f2d45e2218ea24bce5045f58a389aed16dc23/model_artifacts/tableformer/accurate/tm_config.json "HTTP/1.1 307 Temporary Redirect"
11:09:20 INFO     HTTP Request: HEAD https://huggingface.co/docling-project/docling-models/resolve/fc0f2d45e2218ea24bce5045f58a389aed16dc23/README.md "HTTP/1.1 307 Temporary Redirect"
11:09:20 INFO     HTTP Request: HEAD https://huggingface.co/api/resolve-cache/models/docling-project/docling-models/fc0f2d45e2218ea24bce5045f58a389aed16dc23/.gitignore "HTTP/1.1 200 OK"
11:09:20 INFO     HTTP Request: HEAD https://huggingface.co/api/resolve-cache/models/docling-project/docling-models/fc0f2d45e2218ea24bce5045f58a389aed16dc23/config.json "HTTP/1.1 200 OK"
11:09:20 INFO     HTTP Request: HEAD https://huggingface.co/api/resolve-cache/models/docling-project/docling-models/fc0f2d45e2218ea24bce5045f58a389aed16dc23/.gitattributes "HTTP/1.1 200 OK"
11:09:20 INFO     HTTP Request: HEAD https://huggingface.co/api/resolve-cache/models/docling-project/docling-models/fc0f2d45e2218ea24bce5045f58a389aed16dc23/model_artifacts%2Ftableformer%2Faccurate%2Ftm_config.json "HTTP/1.1 200 OK"
11:09:20 INFO     HTTP Request: HEAD https://huggingface.co/docling-project/docling-models/resolve/fc0f2d45e2218ea24bce5045f58a389aed16dc23/model_artifacts/tableformer/fast/tm_config.json "HTTP/1.1 307 Temporary Redirect"
11:09:20 INFO     HTTP Request: HEAD https://huggingface.co/api/resolve-cache/models/docling-project/docling-models/fc0f2d45e2218ea24bce5045f58a389aed16dc23/README.md "HTTP/1.1 200 OK"
11:09:20 INFO     HTTP Request: HEAD https://huggingface.co/api/resolve-cache/models/docling-project/docling-models/fc0f2d45e2218ea24bce5045f58a389aed16dc23/model_artifacts%2Ftableformer%2Ffast%2Ftm_config.json "HTTP/1.1 200 OK"
11:09:20 INFO     HTTP Request: GET https://huggingface.co/api/resolve-cache/models/docling-project/docling-models/fc0f2d45e2218ea24bce5045f58a389aed16dc23/.gitignore "HTTP/1.1 200 OK"
11:09:20 INFO     HTTP Request: GET https://huggingface.co/api/resolve-cache/models/docling-project/docling-models/fc0f2d45e2218ea24bce5045f58a389aed16dc23/config.json "HTTP/1.1 200 OK"
11:09:20 INFO     HTTP Request: GET https://huggingface.co/api/resolve-cache/models/docling-project/docling-models/fc0f2d45e2218ea24bce5045f58a389aed16dc23/.gitattributes "HTTP/1.1 200 OK"
11:09:20 INFO     HTTP Request: GET https://huggingface.co/api/resolve-cache/models/docling-project/docling-models/fc0f2d45e2218ea24bce5045f58a389aed16dc23/model_artifacts%2Ftableformer%2Faccurate%2Ftm_config.json "HTTP/1.1 200 OK"
11:09:20 INFO     HTTP Request: GET https://huggingface.co/api/resolve-cache/models/docling-project/docling-models/fc0f2d45e2218ea24bce5045f58a389aed16dc23/README.md "HTTP/1.1 200 OK"
11:09:20 INFO     HTTP Request: GET https://huggingface.co/api/models/docling-project/docling-models/xet-read-token/fc0f2d45e2218ea24bce5045f58a389aed16dc23 "HTTP/1.1 200 OK"
11:09:20 INFO     HTTP Request: GET https://huggingface.co/api/resolve-cache/models/docling-project/docling-models/fc0f2d45e2218ea24bce5045f58a389aed16dc23/model_artifacts%2Ftableformer%2Ffast%2Ftm_config.json "HTTP/1.1 200 OK"
11:09:20 INFO     HTTP Request: HEAD https://huggingface.co/docling-project/docling-models/resolve/fc0f2d45e2218ea24bce5045f58a389aed16dc23/model_artifacts/tableformer/fast/tableformer_fast.safetensors "HTTP/1.1 302 Found"
11:09:21 INFO     Accelerator device: 'cpu'
11:09:21 INFO     Processing document agu_ptd_2025_2027_anexo_de_entregas_assinado_assinado_assinado-copia_tarjada.pdf
11:09:22 INFO     command: tesseract --psm 0 -l osd /tmp/tmp64kjtua0.png stdout
11:09:23 INFO     command: tesseract -l por /tmp/tmp64kjtua0.png stdout tsv
11:09:26 INFO     command: tesseract --psm 0 -l osd /tmp/tmp3dcf7ako.png stdout
11:09:27 INFO     command: tesseract -l por /tmp/tmp3dcf7ako.png stdout tsv
11:09:47 INFO     Finished converting document agu_ptd_2025_2027_anexo_de_entregas_assinado_assinado_assinado-copia_tarjada.pdf in 29.32 sec.
11:09:47 INFO       pixel_budget (Docling) agu_ptd_2025_2027_anexo_de_entregas_assinado_assinado_assinado-copia_tarjada.pdf: 45.8% (área tabelas/1001817 px²)
11:09:47 INFO     [1/15] ✓ AGU       :   33 entregas | 29.3s | ETA ~6min
11:09:47 INFO     [2/15] → agu_ptd_2025_2027_docdiretivo_assinado_assinado_assinado-copia_tarjada.pdf
11:09:47 INFO     detected formats: [<InputFormat.PDF: 'pdf'>]
11:09:47 INFO     Going to convert document batch...
11:09:47 INFO     Processing document agu_ptd_2025_2027_docdiretivo_assinado_assinado_assinado-copia_tarjada.pdf
11:09:47 INFO     command: tesseract --psm 0 -l osd /tmp/tmpalptvhvj.png stdout
11:09:48 INFO     command: tesseract -l por /tmp/tmpalptvhvj.png stdout tsv
11:09:49 INFO     command: tesseract --psm 0 -l osd /tmp/tmpawuu55g4.png stdout
11:09:51 INFO     command: tesseract -l por /tmp/tmpawuu55g4.png stdout tsv
11:09:55 INFO     command: tesseract --psm 0 -l osd /tmp/tmpk9hm2zrz.png stdout
11:09:55 INFO     command: tesseract -l por /tmp/tmpk9hm2zrz.png stdout tsv
11:09:58 INFO     command: tesseract --psm 0 -l osd /tmp/tmpve07zk5k.png stdout
11:09:58 INFO     command: tesseract -l por /tmp/tmpve07zk5k.png stdout tsv
11:10:01 INFO     command: tesseract --psm 0 -l osd /tmp/tmpwxryan3a.png stdout
11:10:01 INFO     command: tesseract -l por /tmp/tmpwxryan3a.png stdout tsv
11:10:03 INFO     command: tesseract --psm 0 -l osd /tmp/tmpz2delslt.png stdout
11:10:05 INFO     command: tesseract -l por /tmp/tmpz2delslt.png stdout tsv
11:10:16 INFO     command: tesseract --psm 0 -l osd /tmp/tmpy7owb8e6.png stdout
11:10:16 INFO     command: tesseract -l por /tmp/tmpy7owb8e6.png stdout tsv
11:10:19 INFO     command: tesseract --psm 0 -l osd /tmp/tmpb_rvgce3.png stdout
11:10:19 INFO     command: tesseract -l por /tmp/tmpb_rvgce3.png stdout tsv
11:10:22 INFO     command: tesseract --psm 0 -l osd /tmp/tmpp5i8zhrf.png stdout
11:10:22 INFO     command: tesseract -l por /tmp/tmpp5i8zhrf.png stdout tsv
11:10:25 INFO     command: tesseract --psm 0 -l osd /tmp/tmpuzqays51.png stdout
11:10:26 INFO     command: tesseract -l por /tmp/tmpuzqays51.png stdout tsv
11:10:41 INFO     command: tesseract --psm 0 -l osd /tmp/tmppptpum16.png stdout
11:10:42 INFO     command: tesseract -l por /tmp/tmppptpum16.png stdout tsv
11:10:45 INFO     Finished converting document agu_ptd_2025_2027_docdiretivo_assinado_assinado_assinado-copia_tarjada.pdf in 58.67 sec.
11:10:45 INFO       pixel_budget (Docling) agu_ptd_2025_2027_docdiretivo_assinado_assinado_assinado-copia_tarjada.pdf: 2.1% (área tabelas/5513330 px²)
11:10:45 INFO     [2/15] ✓ AGU       :    6 entregas | 58.7s | ETA ~9min
11:10:45 INFO     [3/15] → anexo-de-entregas-mcom_ptd-25_27-copia_tarjada.pdf
11:10:45 INFO     detected formats: [<InputFormat.PDF: 'pdf'>]
11:10:45 INFO     Going to convert document batch...
11:10:45 INFO     Processing document anexo-de-entregas-mcom_ptd-25_27-copia_tarjada.pdf
11:10:46 INFO     command: tesseract --psm 0 -l osd /tmp/tmplqe4v35x.png stdout
11:10:47 INFO     command: tesseract -l por /tmp/tmplqe4v35x.png stdout tsv
11:10:50 INFO     command: tesseract --psm 0 -l osd /tmp/tmp_a5yuznd.png stdout
11:10:51 INFO     command: tesseract -l por /tmp/tmp_a5yuznd.png stdout tsv
11:11:05 INFO     command: tesseract --psm 0 -l osd /tmp/tmpjfbzi1kw.png stdout
11:11:06 INFO     command: tesseract -l por /tmp/tmpjfbzi1kw.png stdout tsv
11:11:26 INFO     Finished converting document anexo-de-entregas-mcom_ptd-25_27-copia_tarjada.pdf in 40.84 sec.
11:11:26 INFO       pixel_budget (Docling) anexo-de-entregas-mcom_ptd-25_27-copia_tarjada.pdf: 55.2% (área tabelas/1503636 px²)
11:11:26 INFO     [3/15] ✓ MCOM      :   55 entregas | 40.9s | ETA ~8min
11:11:26 INFO     [4/15] → documento-diretivo-mcom-_-ptd-25_27-copia_tarjada.pdf
11:11:26 INFO     detected formats: [<InputFormat.PDF: 'pdf'>]
11:11:26 INFO     Going to convert document batch...
11:11:26 INFO     Processing document documento-diretivo-mcom-_-ptd-25_27-copia_tarjada.pdf
11:11:27 INFO     command: tesseract --psm 0 -l osd /tmp/tmpn_052pm3.png stdout
11:11:27 INFO     command: tesseract -l por /tmp/tmpn_052pm3.png stdout tsv
11:11:30 INFO     command: tesseract --psm 0 -l osd /tmp/tmpw1bcd7ab.png stdout
11:11:32 INFO     command: tesseract -l por /tmp/tmpw1bcd7ab.png stdout tsv
11:11:37 INFO     command: tesseract --psm 0 -l osd /tmp/tmpimzlksg2.png stdout
11:11:38 INFO     command: tesseract -l por /tmp/tmpimzlksg2.png stdout tsv
11:11:39 INFO     command: tesseract --psm 0 -l osd /tmp/tmpunh_2tgr.png stdout
11:11:40 INFO     command: tesseract -l por /tmp/tmpunh_2tgr.png stdout tsv
11:11:42 INFO     command: tesseract --psm 0 -l osd /tmp/tmppcfxq9na.png stdout
11:11:42 INFO     command: tesseract -l por /tmp/tmppcfxq9na.png stdout tsv
11:11:45 INFO     command: tesseract --psm 0 -l osd /tmp/tmpfo9q8ifl.png stdout
11:11:46 INFO     command: tesseract -l por /tmp/tmpfo9q8ifl.png stdout tsv
11:12:02 INFO     command: tesseract --psm 0 -l osd /tmp/tmpb2vbtt5d.png stdout
11:12:03 INFO     command: tesseract -l por /tmp/tmpb2vbtt5d.png stdout tsv
11:12:05 INFO     command: tesseract --psm 0 -l osd /tmp/tmprd5rct8k.png stdout
11:12:06 INFO     command: tesseract -l por /tmp/tmprd5rct8k.png stdout tsv
11:12:08 INFO     command: tesseract --psm 0 -l osd /tmp/tmpaw0a8kyx.png stdout
11:12:09 INFO     command: tesseract -l por /tmp/tmpaw0a8kyx.png stdout tsv
11:12:11 INFO     command: tesseract --psm 0 -l osd /tmp/tmpxr4iypdm.png stdout
11:12:12 INFO     command: tesseract -l por /tmp/tmpxr4iypdm.png stdout tsv
11:12:19 INFO     command: tesseract --psm 0 -l osd /tmp/tmpaat1jouj.png stdout
11:12:20 INFO     command: tesseract -l por /tmp/tmpaat1jouj.png stdout tsv
11:12:24 INFO     command: tesseract --psm 0 -l osd /tmp/tmp9c_xvzpc.png stdout
11:12:25 INFO     command: tesseract -l por /tmp/tmp9c_xvzpc.png stdout tsv
11:12:27 INFO     command: tesseract --psm 0 -l osd /tmp/tmp8wif83t6.png stdout
11:12:28 INFO     command: tesseract -l por /tmp/tmp8wif83t6.png stdout tsv
11:12:30 INFO     command: tesseract --psm 0 -l osd /tmp/tmpp0wgir66.png stdout
11:12:31 INFO     command: tesseract -l por /tmp/tmpp0wgir66.png stdout tsv
11:12:38 INFO     Finished converting document documento-diretivo-mcom-_-ptd-25_27-copia_tarjada.pdf in 71.75 sec.
11:12:38 INFO       pixel_budget (Docling) documento-diretivo-mcom-_-ptd-25_27-copia_tarjada.pdf: 10.8% (área tabelas/7016966 px²)
11:12:38 WARNING  [4/15] ⚠ MCOM      :    0 entregas | 71.8s | ETA ~9min
11:12:38 INFO     [5/15] → fiocruz-ptd-06_2024-copia_tarjada.pdf
11:12:38 INFO     detected formats: [<InputFormat.PDF: 'pdf'>]
11:12:38 INFO     Going to convert document batch...
11:12:38 INFO     Initializing pipeline for StandardPdfPipeline with options hash d18651824ca6fe56cf3ccb20424ac2c8
11:12:38 INFO     Accelerator device: 'cpu'
11:12:38 INFO     HTTP Request: GET https://huggingface.co/api/models/docling-project/docling-layout-heron/revision/main "HTTP/1.1 200 OK"
11:12:39 INFO     HTTP Request: GET https://huggingface.co/api/models/docling-project/docling-models/revision/v2.3.0 "HTTP/1.1 200 OK"
11:12:39 INFO     Accelerator device: 'cpu'
11:12:39 INFO     Processing document fiocruz-ptd-06_2024-copia_tarjada.pdf
11:13:47 INFO     Finished converting document fiocruz-ptd-06_2024-copia_tarjada.pdf in 69.24 sec.
11:13:47 INFO       pixel_budget (Docling) fiocruz-ptd-06_2024-copia_tarjada.pdf: 36.4% (área tabelas/7518178 px²)
11:13:47 WARNING  [5/15] ⚠ FIOCRUZ   :    0 entregas | 69.3s | ETA ~8min
11:13:47 INFO     [6/15] → fiocruz_novo-ptd_2-1_docdiretivo_repactuacao_2024-2026_assinado_assinado-copia_tarjada.pdf
11:13:47 INFO     detected formats: [<InputFormat.PDF: 'pdf'>]
11:13:47 INFO     Going to convert document batch...
11:13:47 INFO     Processing document fiocruz_novo-ptd_2-1_docdiretivo_repactuacao_2024-2026_assinado_assinado-copia_tarjada.pdf
11:14:05 INFO     Finished converting document fiocruz_novo-ptd_2-1_docdiretivo_repactuacao_2024-2026_assinado_assinado-copia_tarjada.pdf in 18.12 sec.
11:14:05 INFO       pixel_budget (Docling) fiocruz_novo-ptd_2-1_docdiretivo_repactuacao_2024-2026_assinado_assinado-copia_tarjada.pdf: 11.3% (área tabelas/5012118 px²)
11:14:05 WARNING  [6/15] ⚠ FIOCRUZ   :    0 entregas | 18.1s | ETA ~7min
11:14:05 INFO     [7/15] → fiocruz_ptd_anexo_de_entregas_assinado_v1_assinado_assinado-1-copia_tarjada.pdf
11:14:05 INFO     detected formats: [<InputFormat.PDF: 'pdf'>]
11:14:05 INFO     Going to convert document batch...
11:14:05 INFO     Processing document fiocruz_ptd_anexo_de_entregas_assinado_v1_assinado_assinado-1-copia_tarjada.pdf
11:14:38 INFO     Finished converting document fiocruz_ptd_anexo_de_entregas_assinado_v1_assinado_assinado-1-copia_tarjada.pdf in 32.45 sec.
11:14:38 INFO       pixel_budget (Docling) fiocruz_ptd_anexo_de_entregas_assinado_v1_assinado_assinado-1-copia_tarjada.pdf: 54.7% (área tabelas/2004847 px²)
11:14:38 INFO     [7/15] ✓ FIOCRUZ   :   62 entregas | 32.5s | ETA ~6min
11:14:38 INFO     [8/15] → funai_anexo_de_entregas_repactuado_2026_2027_assinado_assinado_assinado.pdf
11:14:38 INFO     detected formats: [<InputFormat.PDF: 'pdf'>]
11:14:38 INFO     Going to convert document batch...
11:14:38 INFO     Processing document funai_anexo_de_entregas_repactuado_2026_2027_assinado_assinado_assinado.pdf
11:14:39 INFO     command: tesseract --psm 0 -l osd /tmp/tmp94k5yc0h.png stdout
11:14:40 INFO     command: tesseract -l por /tmp/tmp94k5yc0h.png stdout tsv
11:14:53 INFO     Finished converting document funai_anexo_de_entregas_repactuado_2026_2027_assinado_assinado_assinado.pdf in 14.97 sec.
11:14:53 INFO       pixel_budget (Docling) funai_anexo_de_entregas_repactuado_2026_2027_assinado_assinado_assinado.pdf: 49.8% (área tabelas/501212 px²)
11:14:53 INFO     [8/15] ✓ FUNAI     :   22 entregas | 15.0s | ETA ~4min
11:14:53 INFO     [9/15] → funai_ptd_2025_2027_docdiretivo_assinado-1_tarjado.pdf
11:14:53 INFO     detected formats: [<InputFormat.PDF: 'pdf'>]
11:14:53 INFO     Going to convert document batch...
11:14:53 INFO     Processing document funai_ptd_2025_2027_docdiretivo_assinado-1_tarjado.pdf
11:14:54 INFO     command: tesseract --psm 0 -l osd /tmp/tmpxvmacohi.png stdout
11:14:55 INFO     command: tesseract -l por /tmp/tmpxvmacohi.png stdout tsv
11:14:56 INFO     command: tesseract --psm 0 -l osd /tmp/tmpa_peuv02.png stdout
11:14:58 INFO     command: tesseract -l por /tmp/tmpa_peuv02.png stdout tsv
11:14:59 INFO     command: tesseract --psm 0 -l osd /tmp/tmpe1fv5z2u.png stdout
11:15:00 INFO     command: tesseract -l por /tmp/tmpe1fv5z2u.png stdout tsv
11:15:02 INFO     command: tesseract --psm 0 -l osd /tmp/tmp26xx0r0q.png stdout
11:15:02 INFO     command: tesseract -l por /tmp/tmp26xx0r0q.png stdout tsv
11:15:04 INFO     command: tesseract --psm 0 -l osd /tmp/tmple8w178p.png stdout
11:15:05 INFO     command: tesseract -l por /tmp/tmple8w178p.png stdout tsv
11:15:07 INFO     command: tesseract --psm 0 -l osd /tmp/tmp27qko_og.png stdout
11:15:09 INFO     command: tesseract -l por /tmp/tmp27qko_og.png stdout tsv
11:15:19 INFO     command: tesseract --psm 0 -l osd /tmp/tmpxba9giq8.png stdout
11:15:20 INFO     command: tesseract -l por /tmp/tmpxba9giq8.png stdout tsv
11:15:21 INFO     command: tesseract --psm 0 -l osd /tmp/tmpkim0e4xj.png stdout
11:15:22 INFO     command: tesseract -l por /tmp/tmpkim0e4xj.png stdout tsv
11:15:23 INFO     command: tesseract --psm 0 -l osd /tmp/tmpl6rii9ra.png stdout
11:15:24 INFO     command: tesseract -l por /tmp/tmpl6rii9ra.png stdout tsv
11:15:26 INFO     command: tesseract --psm 0 -l osd /tmp/tmpso6z1c3i.png stdout
11:15:27 INFO     command: tesseract -l por /tmp/tmpso6z1c3i.png stdout tsv
11:15:42 INFO     command: tesseract --psm 0 -l osd /tmp/tmpdy6k4dzf.png stdout
11:15:43 INFO     command: tesseract -l por /tmp/tmpdy6k4dzf.png stdout tsv
11:15:48 INFO     command: tesseract --psm 0 -l osd /tmp/tmppge1w04p.png stdout
11:15:48 INFO     command: tesseract -l por /tmp/tmppge1w04p.png stdout tsv
11:15:50 INFO     command: tesseract --psm 0 -l osd /tmp/tmpe22atec9.png stdout
11:15:51 INFO     command: tesseract -l por /tmp/tmpe22atec9.png stdout tsv
11:15:57 INFO     Finished converting document funai_ptd_2025_2027_docdiretivo_assinado-1_tarjado.pdf in 64.64 sec.
11:15:57 INFO       pixel_budget (Docling) funai_ptd_2025_2027_docdiretivo_assinado-1_tarjado.pdf: 16.4% (área tabelas/6515754 px²)
11:15:57 INFO     [9/15] ✓ FUNAI     :    8 entregas | 64.6s | ETA ~4min
11:15:57 INFO     [10/15] → incra_anexo_de_entregas_assinado-1_assinado_assinado-copia_tarjada.pdf
11:15:57 INFO     detected formats: [<InputFormat.PDF: 'pdf'>]
11:15:58 INFO     Going to convert document batch...
11:15:58 INFO     Processing document incra_anexo_de_entregas_assinado-1_assinado_assinado-copia_tarjada.pdf
11:15:59 INFO     command: tesseract --psm 0 -l osd /tmp/tmp4d02fmce.png stdout
11:16:00 INFO     command: tesseract -l por /tmp/tmp4d02fmce.png stdout tsv
11:16:02 INFO     command: tesseract --psm 0 -l osd /tmp/tmpz7463i6k.png stdout
11:16:04 INFO     command: tesseract -l por /tmp/tmpz7463i6k.png stdout tsv
11:16:07 INFO     command: tesseract --psm 0 -l osd /tmp/tmpix822drt.png stdout
11:16:09 INFO     command: tesseract -l por /tmp/tmpix822drt.png stdout tsv
11:16:10 INFO     command: tesseract --psm 0 -l osd /tmp/tmpkpbdg903.png stdout
11:16:11 INFO     command: tesseract -l por /tmp/tmpkpbdg903.png stdout tsv
11:16:14 INFO     command: tesseract --psm 0 -l osd /tmp/tmp3rw0d010.png stdout
11:16:14 INFO     command: tesseract -l por /tmp/tmp3rw0d010.png stdout tsv
11:17:44 INFO     Finished converting document incra_anexo_de_entregas_assinado-1_assinado_assinado-copia_tarjada.pdf in 106.25 sec.
11:17:44 INFO       pixel_budget (Docling) incra_anexo_de_entregas_assinado-1_assinado_assinado-copia_tarjada.pdf: 30.0% (área tabelas/2423520 px²)
11:17:44 INFO     [10/15] ✓ INCRA     :   11 entregas | 106.3s | ETA ~4min
11:17:44 INFO     [11/15] → incra_ptd_docdiretivo__assinado-1_assinado_assinado-copia_tarjada.pdf
11:17:44 INFO     detected formats: [<InputFormat.PDF: 'pdf'>]
11:17:44 INFO     Going to convert document batch...
11:17:44 INFO     Processing document incra_ptd_docdiretivo__assinado-1_assinado_assinado-copia_tarjada.pdf
11:17:45 INFO     command: tesseract --psm 0 -l osd /tmp/tmpl6i6_a5v.png stdout
11:17:45 INFO     command: tesseract -l por /tmp/tmpl6i6_a5v.png stdout tsv
11:17:47 INFO     command: tesseract --psm 0 -l osd /tmp/tmprenh8wlx.png stdout
11:17:49 INFO     command: tesseract -l por /tmp/tmprenh8wlx.png stdout tsv
11:17:55 INFO     command: tesseract --psm 0 -l osd /tmp/tmpzv9262ss.png stdout
11:17:55 INFO     command: tesseract -l por /tmp/tmpzv9262ss.png stdout tsv
11:17:57 INFO     command: tesseract --psm 0 -l osd /tmp/tmpuvl0yhdb.png stdout
11:17:58 INFO     command: tesseract -l por /tmp/tmpuvl0yhdb.png stdout tsv
11:18:00 INFO     command: tesseract --psm 0 -l osd /tmp/tmpaqws5_64.png stdout
11:18:01 INFO     command: tesseract -l por /tmp/tmpaqws5_64.png stdout tsv
11:18:03 INFO     command: tesseract --psm 0 -l osd /tmp/tmp55tmw8wy.png stdout
11:18:04 INFO     command: tesseract -l por /tmp/tmp55tmw8wy.png stdout tsv
11:18:16 INFO     command: tesseract --psm 0 -l osd /tmp/tmprs7zns73.png stdout
11:18:17 INFO     command: tesseract -l por /tmp/tmprs7zns73.png stdout tsv
11:18:20 INFO     command: tesseract --psm 0 -l osd /tmp/tmppmwq87zk.png stdout
11:18:20 INFO     command: tesseract -l por /tmp/tmppmwq87zk.png stdout tsv
11:18:22 INFO     command: tesseract --psm 0 -l osd /tmp/tmphgbg200f.png stdout
11:18:23 INFO     command: tesseract -l por /tmp/tmphgbg200f.png stdout tsv
11:18:25 INFO     command: tesseract --psm 0 -l osd /tmp/tmpb2udmlqe.png stdout
11:18:26 INFO     command: tesseract -l por /tmp/tmpb2udmlqe.png stdout tsv
11:18:30 INFO     command: tesseract --psm 0 -l osd /tmp/tmp47hhbpmd.png stdout
11:18:31 INFO     command: tesseract -l por /tmp/tmp47hhbpmd.png stdout tsv
11:18:38 INFO     command: tesseract --psm 0 -l osd /tmp/tmphii7dnb6.png stdout
11:18:39 INFO     command: tesseract -l por /tmp/tmphii7dnb6.png stdout tsv
11:18:43 INFO     command: tesseract --psm 0 -l osd /tmp/tmpyyd01ysu.png stdout
11:18:44 INFO     command: tesseract -l por /tmp/tmpyyd01ysu.png stdout tsv
11:18:52 INFO     Finished converting document incra_ptd_docdiretivo__assinado-1_assinado_assinado-copia_tarjada.pdf in 67.93 sec.
11:18:52 INFO       pixel_budget (Docling) incra_ptd_docdiretivo__assinado-1_assinado_assinado-copia_tarjada.pdf: 20.2% (área tabelas/6515754 px²)
11:18:52 INFO     [11/15] ✓ INCRA     :    9 entregas | 68.0s | ETA ~3min
11:18:52 INFO     [12/15] → iti_anexo_de_entregas_assinado.pdf
11:18:52 INFO     detected formats: [<InputFormat.PDF: 'pdf'>]
11:18:52 INFO     Going to convert document batch...
11:18:52 INFO     Processing document iti_anexo_de_entregas_assinado.pdf
11:18:53 INFO     command: tesseract --psm 0 -l osd /tmp/tmpd_qoap1b.png stdout
11:18:53 INFO     command: tesseract -l por /tmp/tmpd_qoap1b.png stdout tsv
11:19:09 INFO     Finished converting document iti_anexo_de_entregas_assinado.pdf in 17.51 sec.
11:19:09 INFO       pixel_budget (Docling) iti_anexo_de_entregas_assinado.pdf: 57.2% (área tabelas/501212 px²)
11:19:09 INFO     [12/15] ✓ ITI       :   31 entregas | 17.5s | ETA ~2min
11:19:09 INFO     [13/15] → iti_doc_diretivo_assinado-1_tarjado.pdf
11:19:09 INFO     detected formats: [<InputFormat.PDF: 'pdf'>]
11:19:09 INFO     Going to convert document batch...
11:19:09 INFO     Processing document iti_doc_diretivo_assinado-1_tarjado.pdf
11:19:10 INFO     command: tesseract --psm 0 -l osd /tmp/tmpf5nke__s.png stdout
11:19:10 INFO     command: tesseract -l por /tmp/tmpf5nke__s.png stdout tsv
11:19:13 INFO     command: tesseract --psm 0 -l osd /tmp/tmpnt8jm4f8.png stdout
11:19:14 INFO     command: tesseract -l por /tmp/tmpnt8jm4f8.png stdout tsv
11:19:17 INFO     command: tesseract --psm 0 -l osd /tmp/tmpv2mnjuzf.png stdout
11:19:18 INFO     command: tesseract -l por /tmp/tmpv2mnjuzf.png stdout tsv
11:19:20 INFO     command: tesseract --psm 0 -l osd /tmp/tmpmx4yrrq2.png stdout
11:19:21 INFO     command: tesseract -l por /tmp/tmpmx4yrrq2.png stdout tsv
11:19:22 INFO     command: tesseract --psm 0 -l osd /tmp/tmp2_gsdpxd.png stdout
11:19:23 INFO     command: tesseract -l por /tmp/tmp2_gsdpxd.png stdout tsv
11:19:25 INFO     command: tesseract --psm 0 -l osd /tmp/tmpf2bson12.png stdout
11:19:26 INFO     command: tesseract -l por /tmp/tmpf2bson12.png stdout tsv
11:19:44 INFO     command: tesseract --psm 0 -l osd /tmp/tmpu66icekf.png stdout
11:19:44 INFO     command: tesseract -l por /tmp/tmpu66icekf.png stdout tsv
11:19:46 INFO     command: tesseract --psm 0 -l osd /tmp/tmp9k8mij4a.png stdout
11:19:47 INFO     command: tesseract -l por /tmp/tmp9k8mij4a.png stdout tsv
11:19:49 INFO     command: tesseract --psm 0 -l osd /tmp/tmp4jmdloag.png stdout
11:19:50 INFO     command: tesseract -l por /tmp/tmp4jmdloag.png stdout tsv
11:19:52 INFO     command: tesseract --psm 0 -l osd /tmp/tmpz9kuwslp.png stdout
11:19:53 INFO     command: tesseract -l por /tmp/tmpz9kuwslp.png stdout tsv
11:20:01 INFO     command: tesseract --psm 0 -l osd /tmp/tmpq6su5wox.png stdout
11:20:02 INFO     command: tesseract -l por /tmp/tmpq6su5wox.png stdout tsv
11:20:10 INFO     Finished converting document iti_doc_diretivo_assinado-1_tarjado.pdf in 60.84 sec.
11:20:10 INFO       pixel_budget (Docling) iti_doc_diretivo_assinado-1_tarjado.pdf: 8.0% (área tabelas/5516339 px²)
11:20:10 INFO     [13/15] ✓ ITI       :    6 entregas | 60.9s | ETA ~1min
11:20:10 INFO     [14/15] → sgpr_ptd_2025_2027_anexo_de_entregas_assinado-copia_tarjada.pdf
11:20:10 INFO     detected formats: [<InputFormat.PDF: 'pdf'>]
11:20:10 INFO     Going to convert document batch...
11:20:10 INFO     Processing document sgpr_ptd_2025_2027_anexo_de_entregas_assinado-copia_tarjada.pdf
11:20:11 INFO     command: tesseract --psm 0 -l osd /tmp/tmpk6bl078e.png stdout
11:20:12 INFO     command: tesseract -l por /tmp/tmpk6bl078e.png stdout tsv
11:20:15 INFO     command: tesseract --psm 0 -l osd /tmp/tmpsg4zlr7_.png stdout
11:20:16 INFO     command: tesseract -l por /tmp/tmpsg4zlr7_.png stdout tsv
11:20:26 INFO     Finished converting document sgpr_ptd_2025_2027_anexo_de_entregas_assinado-copia_tarjada.pdf in 15.76 sec.
11:20:26 INFO       pixel_budget (Docling) sgpr_ptd_2025_2027_anexo_de_entregas_assinado-copia_tarjada.pdf: 29.5% (área tabelas/1002424 px²)
11:20:26 INFO     [14/15] ✓ SGPR      :   18 entregas | 15.8s | ETA ~48s
11:20:26 INFO     [15/15] → sgpr_ptd_2026_2027_docdiretivo_assinado-copia_tarjada.pdf
11:20:26 INFO     detected formats: [<InputFormat.PDF: 'pdf'>]
11:20:26 INFO     Going to convert document batch...
11:20:26 INFO     Processing document sgpr_ptd_2026_2027_docdiretivo_assinado-copia_tarjada.pdf
11:20:46 INFO     Finished converting document sgpr_ptd_2026_2027_docdiretivo_assinado-copia_tarjada.pdf in 20.13 sec.
11:20:46 INFO       pixel_budget (Docling) sgpr_ptd_2026_2027_docdiretivo_assinado-copia_tarjada.pdf: 8.2% (área tabelas/5513330 px²)
11:20:46 WARNING  [15/15] ⚠ SGPR      :    0 entregas | 20.1s | ETA ~0s
11:20:46 INFO     261 registros | 7 órgãos
11:20:46 INFO     ╔══════════════════════════════════════════════════════════════╗
11:20:46 INFO     ║                  ENTREGAS — fase concluída                   ║
11:20:46 INFO     ║  Processados: 15    |  ✓ 11  ⚠ 4                             ║
11:20:46 INFO     ║  Duração: 11.5 min                                           ║
11:20:46 INFO     ║  261 registros | 7 órgãos                                    ║
11:20:46 INFO     ╚══════════════════════════════════════════════════════════════╝
11:20:46 INFO     [1/7] → agu_ptd_2025_2027_docdiretivo_assinado_assinado_assinado-copia_tarjada.pdf
11:20:46 INFO     detected formats: [<InputFormat.PDF: 'pdf'>]
11:20:46 INFO     Going to convert document batch...
11:20:46 INFO     Processing document agu_ptd_2025_2027_docdiretivo_assinado_assinado_assinado-copia_tarjada.pdf
11:20:47 INFO     command: tesseract --psm 0 -l osd /tmp/tmpduwea8fb.png stdout
11:20:47 INFO     command: tesseract -l por /tmp/tmpduwea8fb.png stdout tsv
11:20:49 INFO     command: tesseract --psm 0 -l osd /tmp/tmp5f41co4o.png stdout
11:20:50 INFO     command: tesseract -l por /tmp/tmp5f41co4o.png stdout tsv
11:20:53 INFO     command: tesseract --psm 0 -l osd /tmp/tmpszx0rrbw.png stdout
11:20:53 INFO     command: tesseract -l por /tmp/tmpszx0rrbw.png stdout tsv
11:20:56 INFO     command: tesseract --psm 0 -l osd /tmp/tmp4fe6e68g.png stdout
11:20:56 INFO     command: tesseract -l por /tmp/tmp4fe6e68g.png stdout tsv
11:20:59 INFO     command: tesseract --psm 0 -l osd /tmp/tmpm105b4ax.png stdout
11:20:59 INFO     command: tesseract -l por /tmp/tmpm105b4ax.png stdout tsv
11:21:01 INFO     command: tesseract --psm 0 -l osd /tmp/tmpdodvvxiy.png stdout
11:21:03 INFO     command: tesseract -l por /tmp/tmpdodvvxiy.png stdout tsv
11:21:13 INFO     command: tesseract --psm 0 -l osd /tmp/tmpz17e_5nr.png stdout
11:21:14 INFO     command: tesseract -l por /tmp/tmpz17e_5nr.png stdout tsv
11:21:16 INFO     command: tesseract --psm 0 -l osd /tmp/tmp0p0vts0b.png stdout
11:21:17 INFO     command: tesseract -l por /tmp/tmp0p0vts0b.png stdout tsv
11:21:19 INFO     command: tesseract --psm 0 -l osd /tmp/tmp05lv9i2t.png stdout
11:21:20 INFO     command: tesseract -l por /tmp/tmp05lv9i2t.png stdout tsv
11:21:23 INFO     command: tesseract --psm 0 -l osd /tmp/tmp_lw2_wfw.png stdout
11:21:24 INFO     command: tesseract -l por /tmp/tmp_lw2_wfw.png stdout tsv
11:21:38 INFO     command: tesseract --psm 0 -l osd /tmp/tmp55vrgrsa.png stdout
11:21:39 INFO     command: tesseract -l por /tmp/tmp55vrgrsa.png stdout tsv
11:21:42 INFO     Finished converting document agu_ptd_2025_2027_docdiretivo_assinado_assinado_assinado-copia_tarjada.pdf in 56.40 sec.
11:21:42 INFO     [1/7] ✓ AGU       :   7 riscos | 56.4s | ETA ~5min
11:21:42 INFO     [2/7] → documento-diretivo-mcom-_-ptd-25_27-copia_tarjada.pdf
11:21:42 INFO     detected formats: [<InputFormat.PDF: 'pdf'>]
11:21:42 INFO     Going to convert document batch...
11:21:42 INFO     Processing document documento-diretivo-mcom-_-ptd-25_27-copia_tarjada.pdf
11:21:43 INFO     command: tesseract --psm 0 -l osd /tmp/tmphemwwpqt.png stdout
11:21:43 INFO     command: tesseract -l por /tmp/tmphemwwpqt.png stdout tsv
11:21:46 INFO     command: tesseract --psm 0 -l osd /tmp/tmp6hbn5q6h.png stdout
11:21:47 INFO     command: tesseract -l por /tmp/tmp6hbn5q6h.png stdout tsv
11:21:54 INFO     command: tesseract --psm 0 -l osd /tmp/tmpdngfabnh.png stdout
11:21:54 INFO     command: tesseract -l por /tmp/tmpdngfabnh.png stdout tsv
11:21:55 INFO     command: tesseract --psm 0 -l osd /tmp/tmp5_cffj62.png stdout
11:21:56 INFO     command: tesseract -l por /tmp/tmp5_cffj62.png stdout tsv
11:21:58 INFO     command: tesseract --psm 0 -l osd /tmp/tmpko2t70eu.png stdout
11:21:59 INFO     command: tesseract -l por /tmp/tmpko2t70eu.png stdout tsv
11:22:01 INFO     command: tesseract --psm 0 -l osd /tmp/tmpx20xytez.png stdout
11:22:03 INFO     command: tesseract -l por /tmp/tmpx20xytez.png stdout tsv
11:22:20 INFO     command: tesseract --psm 0 -l osd /tmp/tmp3uiu8z28.png stdout
11:22:21 INFO     command: tesseract -l por /tmp/tmp3uiu8z28.png stdout tsv
11:22:23 INFO     command: tesseract --psm 0 -l osd /tmp/tmpvf0c6xf3.png stdout
11:22:23 INFO     command: tesseract -l por /tmp/tmpvf0c6xf3.png stdout tsv
11:22:26 INFO     command: tesseract --psm 0 -l osd /tmp/tmp0kgl4629.png stdout
11:22:27 INFO     command: tesseract -l por /tmp/tmp0kgl4629.png stdout tsv
11:22:29 INFO     command: tesseract --psm 0 -l osd /tmp/tmp635x4bpv.png stdout
11:22:30 INFO     command: tesseract -l por /tmp/tmp635x4bpv.png stdout tsv
11:22:37 INFO     command: tesseract --psm 0 -l osd /tmp/tmpm2_n9sh0.png stdout
11:22:38 INFO     command: tesseract -l por /tmp/tmpm2_n9sh0.png stdout tsv
11:22:42 INFO     command: tesseract --psm 0 -l osd /tmp/tmpqeeyfwcm.png stdout
11:22:42 INFO     command: tesseract -l por /tmp/tmpqeeyfwcm.png stdout tsv
11:22:44 INFO     command: tesseract --psm 0 -l osd /tmp/tmpwi31y634.png stdout
11:22:45 INFO     command: tesseract -l por /tmp/tmpwi31y634.png stdout tsv
11:22:47 INFO     command: tesseract --psm 0 -l osd /tmp/tmp9flinrvy.png stdout
11:22:48 INFO     command: tesseract -l por /tmp/tmp9flinrvy.png stdout tsv
11:22:54 INFO     Finished converting document documento-diretivo-mcom-_-ptd-25_27-copia_tarjada.pdf in 71.43 sec.
11:22:54 INFO     [2/7] ✓ MCOM      :  14 riscos | 71.4s | ETA ~5min
11:22:54 INFO     [3/7] → fiocruz_novo-ptd_2-1_docdiretivo_repactuacao_2024-2026_assinado_assinado-copia_tarjada.pdf
11:22:54 INFO     detected formats: [<InputFormat.PDF: 'pdf'>]
11:22:54 INFO     Going to convert document batch...
11:22:54 INFO     Processing document fiocruz_novo-ptd_2-1_docdiretivo_repactuacao_2024-2026_assinado_assinado-copia_tarjada.pdf
11:23:12 INFO     Finished converting document fiocruz_novo-ptd_2-1_docdiretivo_repactuacao_2024-2026_assinado_assinado-copia_tarjada.pdf in 17.83 sec.
11:23:12 INFO     [3/7] ✓ FIOCRUZ   :   6 riscos | 17.8s | ETA ~3min
11:23:12 INFO     [4/7] → funai_ptd_2025_2027_docdiretivo_assinado-1_tarjado.pdf
11:23:12 INFO     detected formats: [<InputFormat.PDF: 'pdf'>]
11:23:12 INFO     Going to convert document batch...
11:23:12 INFO     Processing document funai_ptd_2025_2027_docdiretivo_assinado-1_tarjado.pdf
11:23:13 INFO     command: tesseract --psm 0 -l osd /tmp/tmp6lmju068.png stdout
11:23:14 INFO     command: tesseract -l por /tmp/tmp6lmju068.png stdout tsv
11:23:15 INFO     command: tesseract --psm 0 -l osd /tmp/tmppc6tk23j.png stdout
11:23:16 INFO     command: tesseract -l por /tmp/tmppc6tk23j.png stdout tsv
11:23:20 INFO     command: tesseract --psm 0 -l osd /tmp/tmp6vmp52am.png stdout
11:23:20 INFO     command: tesseract -l por /tmp/tmp6vmp52am.png stdout tsv
11:23:22 INFO     command: tesseract --psm 0 -l osd /tmp/tmp13vjsufy.png stdout
11:23:23 INFO     command: tesseract -l por /tmp/tmp13vjsufy.png stdout tsv
11:23:25 INFO     command: tesseract --psm 0 -l osd /tmp/tmpruaxjnpm.png stdout
11:23:26 INFO     command: tesseract -l por /tmp/tmpruaxjnpm.png stdout tsv
11:23:28 INFO     command: tesseract --psm 0 -l osd /tmp/tmp_if1vo5h.png stdout
11:23:29 INFO     command: tesseract -l por /tmp/tmp_if1vo5h.png stdout tsv
11:23:37 INFO     command: tesseract --psm 0 -l osd /tmp/tmpa2hhu1ox.png stdout
11:23:38 INFO     command: tesseract -l por /tmp/tmpa2hhu1ox.png stdout tsv
11:23:39 INFO     command: tesseract --psm 0 -l osd /tmp/tmp7d2naeuq.png stdout
11:23:40 INFO     command: tesseract -l por /tmp/tmp7d2naeuq.png stdout tsv
11:23:41 INFO     command: tesseract --psm 0 -l osd /tmp/tmpdpqw86fn.png stdout
11:23:42 INFO     command: tesseract -l por /tmp/tmpdpqw86fn.png stdout tsv
11:23:44 INFO     command: tesseract --psm 0 -l osd /tmp/tmpuy6cbz2k.png stdout
11:23:45 INFO     command: tesseract -l por /tmp/tmpuy6cbz2k.png stdout tsv
11:24:01 INFO     command: tesseract --psm 0 -l osd /tmp/tmpcn6kxu5g.png stdout
11:24:01 INFO     command: tesseract -l por /tmp/tmpcn6kxu5g.png stdout tsv
11:24:07 INFO     command: tesseract --psm 0 -l osd /tmp/tmpf843rde7.png stdout
11:24:08 INFO     command: tesseract -l por /tmp/tmpf843rde7.png stdout tsv
11:24:09 INFO     command: tesseract --psm 0 -l osd /tmp/tmpvzt7kq53.png stdout
11:24:10 INFO     command: tesseract -l por /tmp/tmpvzt7kq53.png stdout tsv
11:24:17 INFO     Finished converting document funai_ptd_2025_2027_docdiretivo_assinado-1_tarjado.pdf in 64.96 sec.
11:24:17 INFO     [4/7] ✓ FUNAI     :  15 riscos | 65.0s | ETA ~2min
11:24:17 INFO     [5/7] → incra_ptd_docdiretivo__assinado-1_assinado_assinado-copia_tarjada.pdf
11:24:17 INFO     detected formats: [<InputFormat.PDF: 'pdf'>]
11:24:17 INFO     Going to convert document batch...
11:24:17 INFO     Processing document incra_ptd_docdiretivo__assinado-1_assinado_assinado-copia_tarjada.pdf
11:24:18 INFO     command: tesseract --psm 0 -l osd /tmp/tmp59e2ei_j.png stdout
11:24:18 INFO     command: tesseract -l por /tmp/tmp59e2ei_j.png stdout tsv
11:24:21 INFO     command: tesseract --psm 0 -l osd /tmp/tmpcajkgsbr.png stdout
11:24:22 INFO     command: tesseract -l por /tmp/tmpcajkgsbr.png stdout tsv
11:24:28 INFO     command: tesseract --psm 0 -l osd /tmp/tmpvq4wp16x.png stdout
11:24:29 INFO     command: tesseract -l por /tmp/tmpvq4wp16x.png stdout tsv
11:24:31 INFO     command: tesseract --psm 0 -l osd /tmp/tmpzim7_6nn.png stdout
11:24:32 INFO     command: tesseract -l por /tmp/tmpzim7_6nn.png stdout tsv
11:24:34 INFO     command: tesseract --psm 0 -l osd /tmp/tmpxh5cot6f.png stdout
11:24:34 INFO     command: tesseract -l por /tmp/tmpxh5cot6f.png stdout tsv
11:24:36 INFO     command: tesseract --psm 0 -l osd /tmp/tmprcc9y6x_.png stdout
11:24:38 INFO     command: tesseract -l por /tmp/tmprcc9y6x_.png stdout tsv
11:24:53 INFO     command: tesseract --psm 0 -l osd /tmp/tmptysqs49h.png stdout
11:24:53 INFO     command: tesseract -l por /tmp/tmptysqs49h.png stdout tsv
11:24:55 INFO     command: tesseract --psm 0 -l osd /tmp/tmp1gaomt1y.png stdout
11:24:56 INFO     command: tesseract -l por /tmp/tmp1gaomt1y.png stdout tsv
11:24:57 INFO     command: tesseract --psm 0 -l osd /tmp/tmp3uxf98z8.png stdout
11:24:58 INFO     command: tesseract -l por /tmp/tmp3uxf98z8.png stdout tsv
11:25:00 INFO     command: tesseract --psm 0 -l osd /tmp/tmpffilmqjc.png stdout
11:25:01 INFO     command: tesseract -l por /tmp/tmpffilmqjc.png stdout tsv
11:25:11 INFO     command: tesseract --psm 0 -l osd /tmp/tmpd2z2owqt.png stdout
11:25:12 INFO     command: tesseract -l por /tmp/tmpd2z2owqt.png stdout tsv
11:25:17 INFO     command: tesseract --psm 0 -l osd /tmp/tmptq514e28.png stdout
11:25:18 INFO     command: tesseract -l por /tmp/tmptq514e28.png stdout tsv
11:25:20 INFO     command: tesseract --psm 0 -l osd /tmp/tmpjgg6g34f.png stdout
11:25:20 INFO     command: tesseract -l por /tmp/tmpjgg6g34f.png stdout tsv
11:25:28 INFO     Finished converting document incra_ptd_docdiretivo__assinado-1_assinado_assinado-copia_tarjada.pdf in 71.46 sec.
11:25:28 INFO     [5/7] ✓ INCRA     :  15 riscos | 71.5s | ETA ~1min
11:25:28 INFO     [6/7] → iti_doc_diretivo_assinado-1_tarjado.pdf
11:25:28 INFO     detected formats: [<InputFormat.PDF: 'pdf'>]
11:25:28 INFO     Going to convert document batch...
11:25:28 INFO     Processing document iti_doc_diretivo_assinado-1_tarjado.pdf
11:25:29 INFO     command: tesseract --psm 0 -l osd /tmp/tmp8r2y7j80.png stdout
11:25:29 INFO     command: tesseract -l por /tmp/tmp8r2y7j80.png stdout tsv
11:25:32 INFO     command: tesseract --psm 0 -l osd /tmp/tmpgvlblrw1.png stdout
11:25:33 INFO     command: tesseract -l por /tmp/tmpgvlblrw1.png stdout tsv
11:25:36 INFO     command: tesseract --psm 0 -l osd /tmp/tmpprc9i6x9.png stdout
11:25:37 INFO     command: tesseract -l por /tmp/tmpprc9i6x9.png stdout tsv
11:25:39 INFO     command: tesseract --psm 0 -l osd /tmp/tmp3aigdu3o.png stdout
11:25:40 INFO     command: tesseract -l por /tmp/tmp3aigdu3o.png stdout tsv
11:25:41 INFO     command: tesseract --psm 0 -l osd /tmp/tmp5sjrmjty.png stdout
11:25:42 INFO     command: tesseract -l por /tmp/tmp5sjrmjty.png stdout tsv
11:25:44 INFO     command: tesseract --psm 0 -l osd /tmp/tmptyqk6j0s.png stdout
11:25:46 INFO     command: tesseract -l por /tmp/tmptyqk6j0s.png stdout tsv
11:26:02 INFO     command: tesseract --psm 0 -l osd /tmp/tmpi0kiwou8.png stdout
11:26:03 INFO     command: tesseract -l por /tmp/tmpi0kiwou8.png stdout tsv
11:26:05 INFO     command: tesseract --psm 0 -l osd /tmp/tmpd_9hwoj7.png stdout
11:26:06 INFO     command: tesseract -l por /tmp/tmpd_9hwoj7.png stdout tsv
11:26:08 INFO     command: tesseract --psm 0 -l osd /tmp/tmppkd0pvht.png stdout
11:26:09 INFO     command: tesseract -l por /tmp/tmppkd0pvht.png stdout tsv
11:26:11 INFO     command: tesseract --psm 0 -l osd /tmp/tmpl6ukfum1.png stdout
11:26:12 INFO     command: tesseract -l por /tmp/tmpl6ukfum1.png stdout tsv
11:26:21 INFO     command: tesseract --psm 0 -l osd /tmp/tmpxhafabvs.png stdout
11:26:22 INFO     command: tesseract -l por /tmp/tmpxhafabvs.png stdout tsv
11:26:28 INFO     Finished converting document iti_doc_diretivo_assinado-1_tarjado.pdf in 59.40 sec.
11:26:28 INFO     [6/7] ✓ ITI       :  14 riscos | 59.4s | ETA ~57s
11:26:28 INFO     [7/7] → sgpr_ptd_2026_2027_docdiretivo_assinado-copia_tarjada.pdf
11:26:28 INFO     detected formats: [<InputFormat.PDF: 'pdf'>]
11:26:28 INFO     Going to convert document batch...
11:26:28 INFO     Processing document sgpr_ptd_2026_2027_docdiretivo_assinado-copia_tarjada.pdf
11:26:48 INFO     Finished converting document sgpr_ptd_2026_2027_docdiretivo_assinado-copia_tarjada.pdf in 20.04 sec.
11:26:48 INFO     [7/7] ✓ SGPR      :  10 riscos | 20.1s | ETA ~0s
11:26:48 INFO     ╔══════════════════════════════════════════════════════════════╗
11:26:48 INFO     ║                   RISCOS — fase concluída                    ║
11:26:48 INFO     ║  Processados: 7     |  ✓ 7  ⚠ 0                              ║
11:26:48 INFO     ║  Duração: 6.0 min                                            ║
11:26:48 INFO     ║  81 riscos | 7 órgãos                                        ║
11:26:48 INFO     ╚══════════════════════════════════════════════════════════════╝
11:26:48 INFO     81 riscos | 0 ações | 135 relações
11:26:48 INFO     ptd_corpus_raw                     : 261 linhas
11:26:48 INFO     ptd_pivot_eixos                    : 7 linhas
11:26:51 INFO     ptd_datas_assinatura               : 132 linhas
11:26:51 INFO     ptd_riscos                         : 81 linhas
11:26:51 INFO     ptd_riscos_acoes                   : 135 linhas
11:26:51 INFO     Manifesto salvo: pipeline_manifest.json | SHA-256 de 132 PDFs
11:26:51 INFO     ==================================================
11:26:51 INFO     PTD-BR v3.0-melhorado — PIPELINE CONCLUÍDO
11:26:51 INFO     ==================================================
11:26:51 INFO     ptd_corpus_raw.csv                        160 KB
11:26:51 INFO     ptd_pivot_eixos.csv                         0 KB
11:26:51 INFO     ptd_datas_assinatura.csv                    9 KB
11:26:51 INFO     ptd_riscos.csv                             23 KB
11:26:51 INFO     ptd_riscos_acoes.csv                        2 KB
11:26:51 INFO     proveniencia.json                           0 KB
11:26:51 INFO     pipeline_manifest.json                     20 KB
11:26:51 INFO     📦 Artefatos: https://github.com/freirelucas/teste/actions/runs/23977535701
11:26:51 INFO     ==================================================
