20:35:11 INFO     Docling disponível
20:35:11 WARNING  OCR fallback indisponível (IndentationError: unexpected indent (ptd_ocr_fallback.py, line 45))
20:35:12 INFO     Ignorado (guia/template/norma): ABNT-NBR-17225-Acessibilidade-Digital.pdf
20:35:12 INFO     Ignorado (guia/template/norma): cgrep-guia10passos-ptd-orgao.pdf
20:35:12 INFO     Ignorado (guia/template/norma): ABNT-NBR-17225-Acessibilidade-Digital.pdf
20:35:12 INFO     Scraping: 132 PDFs únicos | entregas: 68 | diretivos: 61
20:35:12 INFO     Baixando 132 PDFs únicos...
20:35:13 INFO     ✓ [  1/132] abin_ptd_anexo_de_entregas_assinado_pelo_orgao_ass   293.3KB
20:35:18 INFO     ✓ [  2/132] aeb_ptd_2025_2027_docdiretivo_aprovado_assinado-1_  1033.7KB
20:35:20 INFO     ✓ [  3/132] aeb_ptd_2025_2027_anexo_de_entregas_aprovado_assin   154.5KB
20:35:26 INFO     ✓ [  4/132] agu_ptd_2025_2027_docdiretivo_assinado_assinado_as  2860.3KB
20:35:29 INFO     ✓ [  5/132] agu_ptd_2025_2027_anexo_de_entregas_assinado_assin   525.5KB
20:35:32 INFO     ✓ [  6/132] ana_ptd_2025_2027_docdiretivo_assinado_assinado_as   477.2KB
20:35:34 INFO     ✓ [  7/132] ana_ptd_2025_2027_anexoentregas_assinado_assinado_   170.9KB
20:35:38 INFO     ✓ [  8/132] anac_ptd_2025_2026_docdiretivo_se_assinado_tarjado  1036.3KB
20:35:40 INFO     ✓ [  9/132] anac_ptd_2025_2026_anexo_de_entregas_se_assinado.p   215.2KB
20:35:43 INFO     ✓ [ 10/132] anatel_ptd_docdiretivo_assinado_2025_2026_assinado  1006.0KB
20:35:45 INFO     ✓ [ 11/132] anatel_ptd_2025_2026_anexo_de_entregas_do_ptd_publ    71.9KB
20:35:49 INFO     ✓ [ 12/132] ancine_ptd_2024_2026_docdiretivo_assinado-2_assina   961.8KB
20:35:51 INFO     ✓ [ 13/132] ancine_ptd_2024_2026_-_anexo_de_entregas_aprovado_   613.2KB
20:35:55 INFO     ✓ [ 14/132] ptd_aneel_2025-2027_docdiretivo_assinado_tarjado.p   779.6KB
20:35:57 INFO     ✓ [ 15/132] ptd_aneel_2025-2027_anexo_de_entregas_assinado.pdf   111.9KB
20:36:00 INFO     ✓ [ 16/132] anm_ptd_2025_2027_docdiretivo_assinadopeloorgao_ta  1092.5KB
20:36:04 INFO     ✓ [ 17/132] anm_ptd_2025_2027_anexo_entregas_assinadopeloorgao  1140.4KB
20:36:07 INFO     ✓ [ 18/132] anpd_ptd_2025_2027_docdiretivo_assinado_assinado_a  1044.3KB
20:36:09 INFO     ✓ [ 19/132] anpd_ptd_2025_2027_anexo_de_entregas_assinado_assi   166.5KB
20:36:13 INFO     ✓ [ 20/132] ans-plano_de_transformacao_digital_assinado-copia_  1023.4KB
20:36:15 INFO     ✓ [ 21/132] ans_ptd_2025_2026_anexo_de_entregas_assinado_assin   124.1KB
20:36:18 INFO     ✓ [ 22/132] antaq_ptd_2025_2027_docdiretivo_assinado_assinado_  1039.8KB
20:36:21 INFO     ✓ [ 23/132] antaq_ptd_2025_2027_anexoentregas_assinado_assinad   145.1KB
20:36:23 INFO     ✓ [ 24/132] mt_anexo_de_entregas_-_assinado_assinado_assinado_   143.6KB
20:36:32 INFO     ✓ [ 25/132] anvisa_ptd_docdiretivo_2025-2026_assinado_assinado  5771.2KB
20:36:35 INFO     ✓ [ 26/132] anvisa_ptd_anexo_de_entregas_2025_2026_assinado_as   239.0KB
20:36:38 INFO     ✓ [ 27/132] bcb_documento_diretivo_assinado_assinado_assinado-   713.7KB
20:36:40 INFO     ✓ [ 28/132] bcb_anexo_de_entregas_ptd_25_26-1_assinado_assinad   134.8KB
20:36:43 INFO     ✓ [ 29/132] cade_ptd_docdiretivo_2025_2026_assinado-2_assinado   810.4KB
20:36:46 INFO     ✓ [ 30/132] cade_ptd_anexo_de_entregas_2025_2026_assinado_copi   504.0KB
20:36:49 INFO     ✓ [ 31/132] mec_ptd_docdiretivo_2025-2026_sei_mec-5566673_copi   863.1KB
20:36:52 INFO     ✓ [ 32/132] mec_ptd_anexo-de-entregas_sei_mec-5576401_copia_ta   495.7KB
20:36:56 INFO     ✓ [ 33/132] mec_ptd_docdiretivo-versao-comunicacao_copia_tarja  1616.5KB
20:36:59 INFO     ✓ [ 34/132] md_ptd_2026_2027_anexo_de_entregas_assinado_assina   579.4KB
20:37:01 INFO     ✓ [ 35/132] md_ptd_2026_2027_anexo_de_entregas_assinado_assina   186.8KB
20:37:04 INFO     ✓ [ 36/132] md_ptd_temp_copia_tarjada.pdf                        741.9KB
20:37:08 INFO     ✓ [ 37/132] cgu_ptd_docdiretivo_assinado_assinado_assinado-cop  1085.4KB
20:37:10 INFO     ✓ [ 38/132] cgu_ptd_anexo_de_entregas_pactuadas_assinado_assin   514.1KB
20:37:13 INFO     ✓ [ 39/132] cnpq_ptd_2025_2027_docdiretivo_assinado_assinado_a   342.9KB
20:37:15 INFO     ✓ [ 40/132] cnpq_ptd_2025_2027_anexo_de_entregas_assinado_assi   136.1KB
20:37:18 INFO     ✓ [ 41/132] coaf_ptd_2025_2026_documento_diretivo_assinado_ass  1068.0KB
20:37:24 INFO     ✓ [ 42/132] coaf_ptd_2025_2026_anexo_de_entregas-2_assinado_as  3184.5KB
20:37:31 INFO     ✓ [ 43/132] ptd_midr-docdiretivo_aprovado_assinado_tarjado.pdf  3864.1KB
20:37:35 INFO     ✓ [ 44/132] ptd_midr_-_anexo_de_entregas_-_aprovado_assinado.p  1122.0KB
20:37:38 INFO     ✓ [ 45/132] mda-documento-diretivo-assinado_ptd-2025-207-copia   955.8KB
20:37:40 INFO     ✓ [ 46/132] cvm_ptd_2025_2027_docdiretivo_assinado_assinado_as   270.5KB
20:37:43 INFO     ✓ [ 47/132] cvm_ptd_2025_2027_anexoentregas_assinado_assinado_   409.0KB
20:37:46 INFO     ✓ [ 48/132] dnocs_ptd_doc_diretivo_2025_2026_assinado_orgao-2_   891.1KB
20:37:48 INFO     ✓ [ 49/132] dnocs_anexo_de_entregas_repactuado_2025_2026_assin   272.3KB
20:37:54 INFO     ✓ [ 50/132] fbn_ptd_2025_2027_docdiretivo_assinado-1_tarjado.p  2921.6KB
20:37:56 INFO     ✓ [ 51/132] fbn_ptd_2025_2027_anexo_de_entregas_assinado-1.pdf   162.3KB
20:38:00 INFO     ✓ [ 52/132] fcp_ptd_2025_2027_docdiretivo_assinado-1_tarjado.p  1612.0KB
20:38:03 INFO     ✓ [ 53/132] fcp_ptd_2025_2027_anexo_de_entregas_assinado-1.pdf   118.8KB
20:38:06 INFO     ✓ [ 54/132] fcrb_ptd_2025_2026_docdiretivo_aprovado_assinado-1   998.2KB
20:38:08 INFO     ✓ [ 55/132] fcrb_ptd_2025_2026_anexo_de_entregas_aprovado_assi   313.5KB
20:38:12 INFO     ✓ [ 56/132] fiocruz_novo-ptd_2-1_docdiretivo_repactuacao_2024-  1318.1KB
20:38:15 INFO     ✓ [ 57/132] fiocruz_ptd_anexo_de_entregas_assinado_v1_assinado   257.1KB
20:38:19 INFO     ✓ [ 58/132] fiocruz-ptd-06_2024-copia_tarjada.pdf               1693.8KB
20:38:23 INFO     ✓ [ 59/132] funai_ptd_2025_2027_docdiretivo_assinado-1_tarjado  1842.1KB
20:38:26 INFO     ✓ [ 60/132] funai_anexo_de_entregas_repactuado_2026_2027_assin   435.7KB
20:38:29 INFO     ✓ [ 61/132] funarte_ptd_docdiretivo_assinado_21_01_2025_assina   965.7KB
20:38:32 INFO     ✓ [ 62/132] funarte_ptd_anexo_de_entregas_assinado_v1_assinado   683.6KB
20:38:35 INFO     ✓ [ 63/132] fundacentro_ptd_2025_2027_docdiretivo_assinado_ass   826.6KB
20:38:38 INFO     ✓ [ 64/132] fundacentro_ptd_2025_2027_anexo_de_entregas_assina   635.5KB
20:38:42 INFO     ✓ [ 65/132] mma_ptd_docdiretivo_assinado_2025_2026-1_assinado_   949.3KB
20:38:44 INFO     ✓ [ 66/132] mma_ptd_anexo_de_entregas_aprovado_final_assinado_   174.8KB
20:38:48 INFO     ✓ [ 67/132] ibge_docdiretivo_2025_assinado_assinado_assinado-c  1167.3KB
20:38:50 INFO     ✓ [ 68/132] ibge_ptd_25_26_anexo_de_entregas_modelo_v2-1_assin   143.7KB
20:39:01 INFO     ✓ [ 69/132] incra_ptd_docdiretivo__assinado-1_assinado_assinad  7182.0KB
20:39:05 INFO     ✓ [ 70/132] incra_anexo_de_entregas_assinado-1_assinado_assina  1818.6KB
20:39:11 INFO     ✓ [ 71/132] inpi_ptd_docdiretivo_assinado_2025_2026_assinado_a  3322.4KB
20:39:17 INFO     ✓ [ 72/132] inpi_ptd_anexo_de_entregas_assinado_v1_assinado_as  3078.1KB
20:39:20 INFO     ✓ [ 73/132] inss_ptd_2025_2027_docdiretivo-assinado-copia_tarj  1173.3KB
20:39:23 INFO     ✓ [ 74/132] inss_ptd_2025_2027_anexo_de_entregas-assinado-copi   110.8KB
20:39:26 INFO     ✓ [ 75/132] iphan_ptd_docdiretivo_assinado_2025_2026_assinado_   885.7KB
20:39:28 INFO     ✓ [ 76/132] iphan_ptd_anexo_de_entregas_assinado_v1_assinado_a   310.9KB
20:39:36 INFO     ✓ [ 77/132] iti_doc_diretivo_assinado-1_tarjado.pdf             4905.1KB
20:39:39 INFO     ✓ [ 78/132] iti_anexo_de_entregas_assinado.pdf                   556.4KB
20:39:43 INFO     ✓ [ 79/132] mapa_ptd_2025_2027_docdiretivo_assinado-1_tarjado.  1740.9KB
20:39:46 INFO     ✓ [ 80/132] mapa_ptd_2025_2027_anexo_de_entregas_assinado-1.pd   261.9KB
20:39:53 INFO     ✓ [ 81/132] documento-diretivo-mcom-_-ptd-25_27-copia_tarjada.  4451.9KB
20:39:57 INFO     ✓ [ 82/132] anexo-de-entregas-mcom_ptd-25_27-copia_tarjada.pdf  1213.8KB
20:40:02 INFO     ✓ [ 83/132] ptd_21_24_mcom-copia_tarjada.pdf                    3040.7KB
20:40:06 INFO     ✓ [ 84/132] mcti_ptd_2025-2027_docdiretivo_assinado-copia_tarj  1030.7KB
20:40:08 INFO     ✓ [ 85/132] mcti_ptd_2025-2027_anexo-de-entregas_assinado-copi   145.8KB
20:40:10 INFO     ✓ [ 86/132] mda-anexo-entregas-assinado_ptd-2025-2027-copia-ta   284.6KB
20:40:13 INFO     ✓ [ 87/132] mdhc_ptd_2025_2027_docdiretivo_assinado_assinado_a   753.4KB
20:40:16 INFO     ✓ [ 88/132] mdhc_ptd_2025_2027_anexoentregas_assinado_assinado   186.8KB
20:40:18 INFO     ✓ [ 89/132] mdic_ptd_anexo_de_entregas_assinado_v1_assinado_as   176.6KB
20:40:21 INFO     ✓ [ 90/132] memp_ptd_2025_2026_docdiretivo_assinado_assinado_a  1030.1KB
20:40:24 INFO     ✓ [ 91/132] memp_ptd_2025_2026_anexo_de_entregas_assinado_assi   161.5KB
20:40:28 INFO     ✓ [ 92/132] mesp_ptd_2025_2027_docdiretivo_assinado_assinado_2  1147.7KB
20:40:30 INFO     ✓ [ 93/132] mesp_ptd_2025_2027_anexo_de_entregas_assinado_assi   226.6KB
20:40:33 INFO     ✓ [ 94/132] mf_ptd_2026_2027_documentodiretivo_assinado_assina   955.1KB
20:40:36 INFO     ✓ [ 95/132] mf_ptd_2026_2027_anexo_de_entregas_1_mf_se_assinad   241.2KB
20:40:38 INFO     ✓ [ 96/132] mgi_ptd_2025_2027_docdiretivo_assinado_assinado_as   375.2KB
20:40:41 INFO     ✓ [ 97/132] mgi_ptd_2025_2027_anexo_de_entregas_assinado_assin   256.1KB
20:40:44 INFO     ✓ [ 98/132] minc_ptd_2025_2027_docdiretivo_assinado-1_assinado   863.6KB
20:40:47 INFO     ✓ [ 99/132] minc_ptd_2025_2027_anexo_de_entregas_assinado-1_as   276.7KB
20:40:50 INFO     ✓ [100/132] mjsp_ptd_docdiretivo_assinado_2025_2026_assinado_a   954.0KB
20:40:53 INFO     ✓ [101/132] mjsp_ptd_anexo_de_entregas_assinado_v1_assinado_as   253.9KB
20:40:56 INFO     ✓ [102/132] mme_ptd_2025_2027_docdiretivo_assinado-copia_tarja   664.5KB
20:40:58 INFO     ✓ [103/132] mme_ptd_2025_2027_anexo_de_entregas_assinado__1_-c   111.1KB
20:41:02 INFO     ✓ [104/132] mmulheres_ptd_2025_2027_docdiretivo_assinado_assin  1078.3KB
20:41:04 INFO     ✓ [105/132] mmulheres_ptd_2025_2027_anexo_de_entregas_assinado   216.9KB
20:41:07 INFO     ✓ [106/132] mpi_ptd_2025_2027_docdiretivo_ministerio_dos_povos   947.9KB
20:41:10 INFO     ✓ [107/132] mpi_ptd_anexo_de_entregas_do_plano_de_tranformacao   191.9KB
20:41:13 INFO     ✓ [108/132] mpo_ptd_docdiretivo_assinado_2025_2026_assinado_as   806.3KB
20:41:15 INFO     ✓ [109/132] mpo_ptd_anexo_de_entregas_assinado_v1_assinado_ass   323.2KB
20:41:19 INFO     ✓ [110/132] mpor_ptd_2025_2027_docdiretivo_assinado_assinado_a   876.5KB
20:41:21 INFO     ✓ [111/132] mpor_ptd_2025_2027_anexo_de_entregas_assinado_assi   175.1KB
20:41:24 INFO     ✓ [112/132] mps_ptd_2025-2026_docdiretivo_final_assinado-1_ass  1024.4KB
20:41:27 INFO     ✓ [113/132] mps_ptd_2025-2026_anexo_de_entregas_final_assinado   165.0KB
20:41:30 INFO     ✓ [114/132] mre_ptd_docdiretivo_assinado_2025_2026_assinado_as   760.9KB
20:41:32 INFO     ✓ [115/132] mre_ptd_anexo_de_entregas_assinado_v1_assinado_ass   233.2KB
20:41:36 INFO     ✓ [116/132] mte_ptd_2025_2026_docdiretivo_assinado_assinado_as   729.6KB
20:41:38 INFO     ✓ [117/132] mte_ptd_anexo_de_entregas_assinado_v1__281_29_assi   459.5KB
20:41:42 INFO     ✓ [118/132] mtur_ptd_docdiretiv_assinado_30_01_2025_assinado_a  1050.4KB
20:41:44 INFO     ✓ [119/132] mtur_ptd_anexo_de_entregas_assinado_30_01_2025_ass   118.8KB
20:41:47 INFO     ✓ [120/132] pf_ptd_docdiretivo_2025_2027_assinado-copia_tarjad   964.3KB
20:41:49 INFO     ✓ [121/132] pf_ptd_anexo_de_entregas_2025_2027_assinado-copia_    62.5KB
20:41:52 INFO     ✓ [122/132] mf_ptd_2026_2027_anexo_de_entregas_4_mf_pgfn_assin   466.8KB
20:42:02 INFO     ✓ [123/132] previc_plano_de_transformacao_digital_2025_2026_29  6652.7KB
20:42:05 INFO     ✓ [124/132] previc_ptd_repactuacao_2025-2026_assinado_assinado   182.9KB
20:42:07 INFO     ✓ [125/132] prf_documentodiretivo_ptd_2026-2027_assinado_tarja   535.9KB
20:42:10 INFO     ✓ [126/132] prf_anexo_de_entregas_do_ptd__2026_2027___ptd___en   157.7KB
20:42:12 INFO     ✓ [127/132] mf_ptd_2026_2027_anexo_de_entregas_2_mf_rfb_assina   253.7KB
20:42:15 INFO     ✓ [128/132] sgpr_ptd_2026_2027_docdiretivo_assinado-copia_tarj   791.2KB
20:42:19 INFO     ✓ [129/132] sgpr_ptd_2025_2027_anexo_de_entregas_assinado-copi   897.9KB
20:42:21 INFO     ✓ [130/132] mf_ptd_2026_2027_anexo_de_entregas_3_mf_stn_assina   467.8KB
20:42:25 INFO     ✓ [131/132] susep_ptd_2025_2027_docdiretivo-assinado-copia_tar  1030.1KB
20:42:27 INFO     ✓ [132/132] susep_ptd_2025-2026_anexo_de_entregas_final_assina   221.9KB
20:42:29 INFO     132 OK | 0 erros | 123.3 MB total
20:42:34 INFO     Sanity: 132 PDFs | 113 texto | 19 imagem/OCR | 0 duplicatas
20:42:34 INFO     --siglas (debug): 15 PDFs de ['AGU', 'FIOCRUZ', 'FUNAI', 'FUNDACENTRO', 'INCRA', 'ITI', 'MCOM', 'SGPR']
20:42:34 INFO     DocumentConverter instanciado (singleton × 2: plain + OCR)
20:42:34 INFO     [1/15] → agu_ptd_2025_2027_anexo_de_entregas_assinado_assinado_assinado-copia_tarjada.pdf
20:42:34 INFO     detected formats: [<InputFormat.PDF: 'pdf'>]
20:42:34 INFO     Going to convert document batch...
20:42:34 INFO     Initializing pipeline for StandardPdfPipeline with options hash bc6794697da537796efc497178f9263f
20:42:34 INFO     Loading plugin 'docling_defaults'
20:42:34 INFO     Registered picture descriptions: ['picture_description_vlm_engine', 'vlm', 'api']
20:42:34 INFO     Loading plugin 'docling_defaults'
20:42:34 INFO     Registered ocr engines: ['auto', 'easyocr', 'kserve_v2_ocr', 'ocrmac', 'rapidocr', 'tesserocr', 'tesseract']
20:42:35 INFO     command: tesseract --list-langs
20:42:35 INFO     Loading plugin 'docling_defaults'
20:42:35 INFO     Registered layout engines: ['layout_object_detection', 'docling_layout_default', 'docling_experimental_table_crops_layout']
20:42:35 INFO     Accelerator device: 'cpu'
20:42:35 INFO     HTTP Request: GET https://huggingface.co/api/models/docling-project/docling-layout-heron/revision/main "HTTP/1.1 200 OK"
20:42:35 INFO     HTTP Request: HEAD https://huggingface.co/docling-project/docling-layout-heron/resolve/8f39ad3c0b4c58e9c2d2c84a38465abf757272d8/config.json "HTTP/1.1 307 Temporary Redirect"
20:42:35 WARNING  Warning: You are sending unauthenticated requests to the HF Hub. Please set a HF_TOKEN to enable higher rate limits and faster downloads.
20:42:35 INFO     HTTP Request: HEAD https://huggingface.co/api/resolve-cache/models/docling-project/docling-layout-heron/8f39ad3c0b4c58e9c2d2c84a38465abf757272d8/config.json "HTTP/1.1 200 OK"
20:42:35 INFO     HTTP Request: HEAD https://huggingface.co/docling-project/docling-layout-heron/resolve/8f39ad3c0b4c58e9c2d2c84a38465abf757272d8/README.md "HTTP/1.1 307 Temporary Redirect"
20:42:35 INFO     HTTP Request: HEAD https://huggingface.co/docling-project/docling-layout-heron/resolve/8f39ad3c0b4c58e9c2d2c84a38465abf757272d8/docling_heron_400.png "HTTP/1.1 307 Temporary Redirect"
20:42:35 INFO     HTTP Request: HEAD https://huggingface.co/docling-project/docling-layout-heron/resolve/8f39ad3c0b4c58e9c2d2c84a38465abf757272d8/preprocessor_config.json "HTTP/1.1 307 Temporary Redirect"
20:42:35 INFO     HTTP Request: HEAD https://huggingface.co/docling-project/docling-layout-heron/resolve/8f39ad3c0b4c58e9c2d2c84a38465abf757272d8/.gitattributes "HTTP/1.1 307 Temporary Redirect"
20:42:35 INFO     HTTP Request: GET https://huggingface.co/api/resolve-cache/models/docling-project/docling-layout-heron/8f39ad3c0b4c58e9c2d2c84a38465abf757272d8/config.json "HTTP/1.1 200 OK"
20:42:35 INFO     HTTP Request: HEAD https://huggingface.co/docling-project/docling-layout-heron/resolve/8f39ad3c0b4c58e9c2d2c84a38465abf757272d8/model.safetensors "HTTP/1.1 302 Found"
20:42:35 INFO     HTTP Request: HEAD https://huggingface.co/api/resolve-cache/models/docling-project/docling-layout-heron/8f39ad3c0b4c58e9c2d2c84a38465abf757272d8/README.md "HTTP/1.1 200 OK"
20:42:35 INFO     HTTP Request: HEAD https://huggingface.co/api/resolve-cache/models/docling-project/docling-layout-heron/8f39ad3c0b4c58e9c2d2c84a38465abf757272d8/docling_heron_400.png "HTTP/1.1 200 OK"
20:42:35 INFO     HTTP Request: HEAD https://huggingface.co/api/resolve-cache/models/docling-project/docling-layout-heron/8f39ad3c0b4c58e9c2d2c84a38465abf757272d8/preprocessor_config.json "HTTP/1.1 200 OK"
20:42:35 INFO     HTTP Request: HEAD https://huggingface.co/api/resolve-cache/models/docling-project/docling-layout-heron/8f39ad3c0b4c58e9c2d2c84a38465abf757272d8/.gitattributes "HTTP/1.1 200 OK"
20:42:35 INFO     HTTP Request: GET https://huggingface.co/api/resolve-cache/models/docling-project/docling-layout-heron/8f39ad3c0b4c58e9c2d2c84a38465abf757272d8/README.md "HTTP/1.1 200 OK"
20:42:35 INFO     HTTP Request: GET https://huggingface.co/api/resolve-cache/models/docling-project/docling-layout-heron/8f39ad3c0b4c58e9c2d2c84a38465abf757272d8/docling_heron_400.png "HTTP/1.1 200 OK"
20:42:35 INFO     HTTP Request: GET https://huggingface.co/api/resolve-cache/models/docling-project/docling-layout-heron/8f39ad3c0b4c58e9c2d2c84a38465abf757272d8/preprocessor_config.json "HTTP/1.1 200 OK"
20:42:35 INFO     HTTP Request: GET https://huggingface.co/api/resolve-cache/models/docling-project/docling-layout-heron/8f39ad3c0b4c58e9c2d2c84a38465abf757272d8/.gitattributes "HTTP/1.1 200 OK"
20:42:35 INFO     HTTP Request: GET https://huggingface.co/api/models/docling-project/docling-layout-heron/xet-read-token/8f39ad3c0b4c58e9c2d2c84a38465abf757272d8 "HTTP/1.1 200 OK"
20:42:36 INFO     Loading plugin 'docling_defaults'
20:42:36 INFO     Registered table structure engines: ['docling_tableformer', 'docling_tableformer_v2']
20:42:36 INFO     HTTP Request: GET https://huggingface.co/api/models/docling-project/docling-models/revision/v2.3.0 "HTTP/1.1 200 OK"
20:42:36 INFO     HTTP Request: HEAD https://huggingface.co/docling-project/docling-models/resolve/fc0f2d45e2218ea24bce5045f58a389aed16dc23/.gitattributes "HTTP/1.1 307 Temporary Redirect"
20:42:36 INFO     HTTP Request: HEAD https://huggingface.co/docling-project/docling-models/resolve/fc0f2d45e2218ea24bce5045f58a389aed16dc23/.gitignore "HTTP/1.1 307 Temporary Redirect"
20:42:36 INFO     HTTP Request: HEAD https://huggingface.co/docling-project/docling-models/resolve/fc0f2d45e2218ea24bce5045f58a389aed16dc23/README.md "HTTP/1.1 307 Temporary Redirect"
20:42:36 INFO     HTTP Request: HEAD https://huggingface.co/docling-project/docling-models/resolve/fc0f2d45e2218ea24bce5045f58a389aed16dc23/model_artifacts/tableformer/accurate/tableformer_accurate.safetensors "HTTP/1.1 302 Found"
20:42:36 INFO     HTTP Request: HEAD https://huggingface.co/docling-project/docling-models/resolve/fc0f2d45e2218ea24bce5045f58a389aed16dc23/model_artifacts/tableformer/accurate/tm_config.json "HTTP/1.1 307 Temporary Redirect"
20:42:36 INFO     HTTP Request: HEAD https://huggingface.co/docling-project/docling-models/resolve/fc0f2d45e2218ea24bce5045f58a389aed16dc23/config.json "HTTP/1.1 307 Temporary Redirect"
20:42:36 INFO     HTTP Request: HEAD https://huggingface.co/api/resolve-cache/models/docling-project/docling-models/fc0f2d45e2218ea24bce5045f58a389aed16dc23/.gitignore "HTTP/1.1 200 OK"
20:42:36 INFO     HTTP Request: HEAD https://huggingface.co/api/resolve-cache/models/docling-project/docling-models/fc0f2d45e2218ea24bce5045f58a389aed16dc23/README.md "HTTP/1.1 200 OK"
20:42:36 INFO     HTTP Request: HEAD https://huggingface.co/api/resolve-cache/models/docling-project/docling-models/fc0f2d45e2218ea24bce5045f58a389aed16dc23/.gitattributes "HTTP/1.1 200 OK"
20:42:36 INFO     HTTP Request: HEAD https://huggingface.co/docling-project/docling-models/resolve/fc0f2d45e2218ea24bce5045f58a389aed16dc23/model_artifacts/tableformer/fast/tableformer_fast.safetensors "HTTP/1.1 302 Found"
20:42:36 INFO     HTTP Request: HEAD https://huggingface.co/api/resolve-cache/models/docling-project/docling-models/fc0f2d45e2218ea24bce5045f58a389aed16dc23/model_artifacts%2Ftableformer%2Faccurate%2Ftm_config.json "HTTP/1.1 200 OK"
20:42:36 INFO     HTTP Request: HEAD https://huggingface.co/api/resolve-cache/models/docling-project/docling-models/fc0f2d45e2218ea24bce5045f58a389aed16dc23/config.json "HTTP/1.1 200 OK"
20:42:36 INFO     HTTP Request: HEAD https://huggingface.co/docling-project/docling-models/resolve/fc0f2d45e2218ea24bce5045f58a389aed16dc23/model_artifacts/tableformer/fast/tm_config.json "HTTP/1.1 307 Temporary Redirect"
20:42:36 INFO     HTTP Request: GET https://huggingface.co/api/resolve-cache/models/docling-project/docling-models/fc0f2d45e2218ea24bce5045f58a389aed16dc23/.gitignore "HTTP/1.1 200 OK"
20:42:36 INFO     HTTP Request: GET https://huggingface.co/api/resolve-cache/models/docling-project/docling-models/fc0f2d45e2218ea24bce5045f58a389aed16dc23/README.md "HTTP/1.1 200 OK"
20:42:36 INFO     HTTP Request: GET https://huggingface.co/api/resolve-cache/models/docling-project/docling-models/fc0f2d45e2218ea24bce5045f58a389aed16dc23/model_artifacts%2Ftableformer%2Faccurate%2Ftm_config.json "HTTP/1.1 200 OK"
20:42:36 INFO     HTTP Request: GET https://huggingface.co/api/resolve-cache/models/docling-project/docling-models/fc0f2d45e2218ea24bce5045f58a389aed16dc23/config.json "HTTP/1.1 200 OK"
20:42:36 INFO     HTTP Request: GET https://huggingface.co/api/resolve-cache/models/docling-project/docling-models/fc0f2d45e2218ea24bce5045f58a389aed16dc23/.gitattributes "HTTP/1.1 200 OK"
20:42:36 INFO     HTTP Request: HEAD https://huggingface.co/api/resolve-cache/models/docling-project/docling-models/fc0f2d45e2218ea24bce5045f58a389aed16dc23/model_artifacts%2Ftableformer%2Ffast%2Ftm_config.json "HTTP/1.1 200 OK"
20:42:36 INFO     HTTP Request: GET https://huggingface.co/api/resolve-cache/models/docling-project/docling-models/fc0f2d45e2218ea24bce5045f58a389aed16dc23/model_artifacts%2Ftableformer%2Ffast%2Ftm_config.json "HTTP/1.1 200 OK"
20:42:36 INFO     HTTP Request: GET https://huggingface.co/api/models/docling-project/docling-models/xet-read-token/fc0f2d45e2218ea24bce5045f58a389aed16dc23 "HTTP/1.1 200 OK"
20:42:36 INFO     HTTP Request: GET https://huggingface.co/api/models/docling-project/docling-models/xet-read-token/fc0f2d45e2218ea24bce5045f58a389aed16dc23 "HTTP/1.1 200 OK"
20:42:38 INFO     Accelerator device: 'cpu'
20:42:38 INFO     Processing document agu_ptd_2025_2027_anexo_de_entregas_assinado_assinado_assinado-copia_tarjada.pdf
20:42:39 INFO     command: tesseract --psm 0 -l osd /tmp/tmpwis1hafe.png stdout
20:42:40 INFO     command: tesseract -l por /tmp/tmpwis1hafe.png stdout tsv
20:42:43 INFO     command: tesseract --psm 0 -l osd /tmp/tmpmmbhqw3p.png stdout
20:42:44 INFO     command: tesseract -l por /tmp/tmpmmbhqw3p.png stdout tsv
20:43:03 INFO     Finished converting document agu_ptd_2025_2027_anexo_de_entregas_assinado_assinado_assinado-copia_tarjada.pdf in 28.06 sec.
20:43:03 INFO       pixel_budget (Docling) agu_ptd_2025_2027_anexo_de_entregas_assinado_assinado_assinado-copia_tarjada.pdf: 45.8% (área tabelas/1001817 px²)
20:43:03 INFO     [1/15] ✓ AGU       :   33 entregas | 28.1s | ETA ~6min
20:43:03 INFO     [2/15] → agu_ptd_2025_2027_docdiretivo_assinado_assinado_assinado-copia_tarjada.pdf
20:43:03 INFO     detected formats: [<InputFormat.PDF: 'pdf'>]
20:43:03 INFO     Going to convert document batch...
20:43:03 INFO     Processing document agu_ptd_2025_2027_docdiretivo_assinado_assinado_assinado-copia_tarjada.pdf
20:43:03 INFO     command: tesseract --psm 0 -l osd /tmp/tmpi2_xlylm.png stdout
20:43:03 INFO     command: tesseract -l por /tmp/tmpi2_xlylm.png stdout tsv
20:43:05 INFO     command: tesseract --psm 0 -l osd /tmp/tmpfoc_yw1l.png stdout
20:43:07 INFO     command: tesseract -l por /tmp/tmpfoc_yw1l.png stdout tsv
20:43:11 INFO     command: tesseract --psm 0 -l osd /tmp/tmpcsnbs06j.png stdout
20:43:12 INFO     command: tesseract -l por /tmp/tmpcsnbs06j.png stdout tsv
20:43:14 INFO     command: tesseract --psm 0 -l osd /tmp/tmpow0_8_no.png stdout
20:43:15 INFO     command: tesseract -l por /tmp/tmpow0_8_no.png stdout tsv
20:43:17 INFO     command: tesseract --psm 0 -l osd /tmp/tmpqqd2kxs0.png stdout
20:43:18 INFO     command: tesseract -l por /tmp/tmpqqd2kxs0.png stdout tsv
20:43:20 INFO     command: tesseract --psm 0 -l osd /tmp/tmpqkjo6h1h.png stdout
20:43:21 INFO     command: tesseract -l por /tmp/tmpqkjo6h1h.png stdout tsv
20:43:32 INFO     command: tesseract --psm 0 -l osd /tmp/tmp4cdlwvfp.png stdout
20:43:32 INFO     command: tesseract -l por /tmp/tmp4cdlwvfp.png stdout tsv
20:43:35 INFO     command: tesseract --psm 0 -l osd /tmp/tmpkdb29haf.png stdout
20:43:35 INFO     command: tesseract -l por /tmp/tmpkdb29haf.png stdout tsv
20:43:38 INFO     command: tesseract --psm 0 -l osd /tmp/tmpzv9awff9.png stdout
20:43:38 INFO     command: tesseract -l por /tmp/tmpzv9awff9.png stdout tsv
20:43:41 INFO     command: tesseract --psm 0 -l osd /tmp/tmpp31_oa50.png stdout
20:43:42 INFO     command: tesseract -l por /tmp/tmpp31_oa50.png stdout tsv
20:43:58 INFO     command: tesseract --psm 0 -l osd /tmp/tmpozcq5zzz.png stdout
20:43:58 INFO     command: tesseract -l por /tmp/tmpozcq5zzz.png stdout tsv
20:44:02 INFO     Finished converting document agu_ptd_2025_2027_docdiretivo_assinado_assinado_assinado-copia_tarjada.pdf in 59.24 sec.
20:44:02 INFO       pixel_budget (Docling) agu_ptd_2025_2027_docdiretivo_assinado_assinado_assinado-copia_tarjada.pdf: 2.1% (área tabelas/5513330 px²)
20:44:02 INFO     [2/15] ✓ AGU       :    6 entregas | 59.2s | ETA ~9min
20:44:02 INFO     [3/15] → anexo-de-entregas-mcom_ptd-25_27-copia_tarjada.pdf
20:44:02 INFO     detected formats: [<InputFormat.PDF: 'pdf'>]
20:44:02 INFO     Going to convert document batch...
20:44:02 INFO     Processing document anexo-de-entregas-mcom_ptd-25_27-copia_tarjada.pdf
20:44:03 INFO     command: tesseract --psm 0 -l osd /tmp/tmpyvxhb517.png stdout
20:44:04 INFO     command: tesseract -l por /tmp/tmpyvxhb517.png stdout tsv
20:44:06 INFO     command: tesseract --psm 0 -l osd /tmp/tmpz26i08dc.png stdout
20:44:08 INFO     command: tesseract -l por /tmp/tmpz26i08dc.png stdout tsv
20:44:14 INFO     command: tesseract --psm 0 -l osd /tmp/tmp0l0bhjiq.png stdout
20:44:16 INFO     command: tesseract -l por /tmp/tmp0l0bhjiq.png stdout tsv
20:44:37 INFO     Finished converting document anexo-de-entregas-mcom_ptd-25_27-copia_tarjada.pdf in 35.15 sec.
20:44:37 INFO       pixel_budget (Docling) anexo-de-entregas-mcom_ptd-25_27-copia_tarjada.pdf: 55.2% (área tabelas/1503636 px²)
20:44:37 INFO     [3/15] ✓ MCOM      :   55 entregas | 35.2s | ETA ~8min
20:44:37 INFO     [4/15] → documento-diretivo-mcom-_-ptd-25_27-copia_tarjada.pdf
20:44:37 INFO     detected formats: [<InputFormat.PDF: 'pdf'>]
20:44:37 INFO     Going to convert document batch...
20:44:37 INFO     Processing document documento-diretivo-mcom-_-ptd-25_27-copia_tarjada.pdf
20:44:38 INFO     command: tesseract --psm 0 -l osd /tmp/tmpk2po7bww.png stdout
20:44:38 INFO     command: tesseract -l por /tmp/tmpk2po7bww.png stdout tsv
20:44:42 INFO     command: tesseract --psm 0 -l osd /tmp/tmplvmr12gp.png stdout
20:44:43 INFO     command: tesseract -l por /tmp/tmplvmr12gp.png stdout tsv
20:44:49 INFO     command: tesseract --psm 0 -l osd /tmp/tmp8fmnkq9j.png stdout
20:44:49 INFO     command: tesseract -l por /tmp/tmp8fmnkq9j.png stdout tsv
20:44:50 INFO     command: tesseract --psm 0 -l osd /tmp/tmpxagpoj7q.png stdout
20:44:51 INFO     command: tesseract -l por /tmp/tmpxagpoj7q.png stdout tsv
20:44:53 INFO     command: tesseract --psm 0 -l osd /tmp/tmpptuueu7_.png stdout
20:44:54 INFO     command: tesseract -l por /tmp/tmpptuueu7_.png stdout tsv
20:44:56 INFO     command: tesseract --psm 0 -l osd /tmp/tmpuz8d45gm.png stdout
20:44:58 INFO     command: tesseract -l por /tmp/tmpuz8d45gm.png stdout tsv
20:45:16 INFO     command: tesseract --psm 0 -l osd /tmp/tmpdqz4ns57.png stdout
20:45:16 INFO     command: tesseract -l por /tmp/tmpdqz4ns57.png stdout tsv
20:45:18 INFO     command: tesseract --psm 0 -l osd /tmp/tmpv04zns9u.png stdout
20:45:19 INFO     command: tesseract -l por /tmp/tmpv04zns9u.png stdout tsv
20:45:21 INFO     command: tesseract --psm 0 -l osd /tmp/tmpgztr8nyq.png stdout
20:45:22 INFO     command: tesseract -l por /tmp/tmpgztr8nyq.png stdout tsv
20:45:24 INFO     command: tesseract --psm 0 -l osd /tmp/tmpsasep78z.png stdout
20:45:25 INFO     command: tesseract -l por /tmp/tmpsasep78z.png stdout tsv
20:45:30 INFO     command: tesseract --psm 0 -l osd /tmp/tmpgo3sjdvq.png stdout
20:45:31 INFO     command: tesseract -l por /tmp/tmpgo3sjdvq.png stdout tsv
20:45:38 INFO     command: tesseract --psm 0 -l osd /tmp/tmp5ppmn605.png stdout
20:45:38 INFO     command: tesseract -l por /tmp/tmp5ppmn605.png stdout tsv
20:45:40 INFO     command: tesseract --psm 0 -l osd /tmp/tmpcr_t9hvx.png stdout
20:45:41 INFO     command: tesseract -l por /tmp/tmpcr_t9hvx.png stdout tsv
20:45:43 INFO     command: tesseract --psm 0 -l osd /tmp/tmppmkiybs4.png stdout
20:45:44 INFO     command: tesseract -l por /tmp/tmppmkiybs4.png stdout tsv
20:45:50 INFO     Finished converting document documento-diretivo-mcom-_-ptd-25_27-copia_tarjada.pdf in 72.96 sec.
20:45:50 INFO       pixel_budget (Docling) documento-diretivo-mcom-_-ptd-25_27-copia_tarjada.pdf: 10.8% (área tabelas/7016966 px²)
20:45:50 WARNING  [4/15] ⚠ MCOM      :    0 entregas | 73.0s | ETA ~8min
20:45:50 INFO     [5/15] → fiocruz-ptd-06_2024-copia_tarjada.pdf
20:45:50 INFO     detected formats: [<InputFormat.PDF: 'pdf'>]
20:45:50 INFO     Going to convert document batch...
20:45:50 INFO     Initializing pipeline for StandardPdfPipeline with options hash d18651824ca6fe56cf3ccb20424ac2c8
20:45:50 INFO     Accelerator device: 'cpu'
20:45:50 INFO     HTTP Request: GET https://huggingface.co/api/models/docling-project/docling-layout-heron/revision/main "HTTP/1.1 200 OK"
20:45:51 INFO     HTTP Request: GET https://huggingface.co/api/models/docling-project/docling-models/revision/v2.3.0 "HTTP/1.1 200 OK"
20:45:51 INFO     Accelerator device: 'cpu'
20:45:51 INFO     Processing document fiocruz-ptd-06_2024-copia_tarjada.pdf
20:47:00 INFO     Finished converting document fiocruz-ptd-06_2024-copia_tarjada.pdf in 69.99 sec.
20:47:00 INFO       pixel_budget (Docling) fiocruz-ptd-06_2024-copia_tarjada.pdf: 36.4% (área tabelas/7518178 px²)
20:47:00 WARNING  [5/15] ⚠ FIOCRUZ   :    0 entregas | 70.0s | ETA ~8min
20:47:00 INFO     [6/15] → fiocruz_novo-ptd_2-1_docdiretivo_repactuacao_2024-2026_assinado_assinado-copia_tarjada.pdf
20:47:00 INFO     detected formats: [<InputFormat.PDF: 'pdf'>]
20:47:00 INFO     Going to convert document batch...
20:47:00 INFO     Processing document fiocruz_novo-ptd_2-1_docdiretivo_repactuacao_2024-2026_assinado_assinado-copia_tarjada.pdf
20:47:18 INFO     Finished converting document fiocruz_novo-ptd_2-1_docdiretivo_repactuacao_2024-2026_assinado_assinado-copia_tarjada.pdf in 18.11 sec.
20:47:18 INFO       pixel_budget (Docling) fiocruz_novo-ptd_2-1_docdiretivo_repactuacao_2024-2026_assinado_assinado-copia_tarjada.pdf: 11.3% (área tabelas/5012118 px²)
20:47:18 WARNING  [6/15] ⚠ FIOCRUZ   :    0 entregas | 18.1s | ETA ~7min
20:47:18 INFO     [7/15] → fiocruz_ptd_anexo_de_entregas_assinado_v1_assinado_assinado-1-copia_tarjada.pdf
20:47:18 INFO     detected formats: [<InputFormat.PDF: 'pdf'>]
20:47:18 INFO     Going to convert document batch...
20:47:18 INFO     Processing document fiocruz_ptd_anexo_de_entregas_assinado_v1_assinado_assinado-1-copia_tarjada.pdf
20:47:51 INFO     Finished converting document fiocruz_ptd_anexo_de_entregas_assinado_v1_assinado_assinado-1-copia_tarjada.pdf in 32.52 sec.
20:47:51 INFO       pixel_budget (Docling) fiocruz_ptd_anexo_de_entregas_assinado_v1_assinado_assinado-1-copia_tarjada.pdf: 54.7% (área tabelas/2004847 px²)
20:47:51 INFO     [7/15] ✓ FIOCRUZ   :   61 entregas | 32.5s | ETA ~6min
20:47:51 INFO     [8/15] → funai_anexo_de_entregas_repactuado_2026_2027_assinado_assinado_assinado.pdf
20:47:51 INFO     detected formats: [<InputFormat.PDF: 'pdf'>]
20:47:51 INFO     Going to convert document batch...
20:47:51 INFO     Processing document funai_anexo_de_entregas_repactuado_2026_2027_assinado_assinado_assinado.pdf
20:47:51 INFO     command: tesseract --psm 0 -l osd /tmp/tmpycf5xuqy.png stdout
20:47:52 INFO     command: tesseract -l por /tmp/tmpycf5xuqy.png stdout tsv
20:48:06 INFO     Finished converting document funai_anexo_de_entregas_repactuado_2026_2027_assinado_assinado_assinado.pdf in 15.09 sec.
20:48:06 INFO       pixel_budget (Docling) funai_anexo_de_entregas_repactuado_2026_2027_assinado_assinado_assinado.pdf: 49.8% (área tabelas/501212 px²)
20:48:06 INFO     [8/15] ✓ FUNAI     :   21 entregas | 15.1s | ETA ~4min
20:48:06 INFO     [9/15] → funai_ptd_2025_2027_docdiretivo_assinado-1_tarjado.pdf
20:48:06 INFO     detected formats: [<InputFormat.PDF: 'pdf'>]
20:48:06 INFO     Going to convert document batch...
20:48:06 INFO     Processing document funai_ptd_2025_2027_docdiretivo_assinado-1_tarjado.pdf
20:48:07 INFO     command: tesseract --psm 0 -l osd /tmp/tmp8pfnna74.png stdout
20:48:08 INFO     command: tesseract -l por /tmp/tmp8pfnna74.png stdout tsv
20:48:09 INFO     command: tesseract --psm 0 -l osd /tmp/tmplk9u7hq1.png stdout
20:48:10 INFO     command: tesseract -l por /tmp/tmplk9u7hq1.png stdout tsv
20:48:14 INFO     command: tesseract --psm 0 -l osd /tmp/tmp0tettiyb.png stdout
20:48:15 INFO     command: tesseract -l por /tmp/tmp0tettiyb.png stdout tsv
20:48:17 INFO     command: tesseract --psm 0 -l osd /tmp/tmp5i9222uo.png stdout
20:48:18 INFO     command: tesseract -l por /tmp/tmp5i9222uo.png stdout tsv
20:48:20 INFO     command: tesseract --psm 0 -l osd /tmp/tmpgazax44g.png stdout
20:48:20 INFO     command: tesseract -l por /tmp/tmpgazax44g.png stdout tsv
20:48:22 INFO     command: tesseract --psm 0 -l osd /tmp/tmpk4klvjjc.png stdout
20:48:24 INFO     command: tesseract -l por /tmp/tmpk4klvjjc.png stdout tsv
20:48:33 INFO     command: tesseract --psm 0 -l osd /tmp/tmpb32qsce9.png stdout
20:48:34 INFO     command: tesseract -l por /tmp/tmpb32qsce9.png stdout tsv
20:48:36 INFO     command: tesseract --psm 0 -l osd /tmp/tmpqnr6yney.png stdout
20:48:36 INFO     command: tesseract -l por /tmp/tmpqnr6yney.png stdout tsv
20:48:38 INFO     command: tesseract --psm 0 -l osd /tmp/tmpxhuk4k6s.png stdout
20:48:38 INFO     command: tesseract -l por /tmp/tmpxhuk4k6s.png stdout tsv
20:48:40 INFO     command: tesseract --psm 0 -l osd /tmp/tmpgef796yn.png stdout
20:48:41 INFO     command: tesseract -l por /tmp/tmpgef796yn.png stdout tsv
20:48:58 INFO     command: tesseract --psm 0 -l osd /tmp/tmpqiazd_b7.png stdout
20:48:59 INFO     command: tesseract -l por /tmp/tmpqiazd_b7.png stdout tsv
20:49:03 INFO     command: tesseract --psm 0 -l osd /tmp/tmpshnz0w30.png stdout
20:49:04 INFO     command: tesseract -l por /tmp/tmpshnz0w30.png stdout tsv
20:49:06 INFO     command: tesseract --psm 0 -l osd /tmp/tmps731o10m.png stdout
20:49:06 INFO     command: tesseract -l por /tmp/tmps731o10m.png stdout tsv
20:49:13 INFO     Finished converting document funai_ptd_2025_2027_docdiretivo_assinado-1_tarjado.pdf in 67.30 sec.
20:49:13 INFO       pixel_budget (Docling) funai_ptd_2025_2027_docdiretivo_assinado-1_tarjado.pdf: 16.4% (área tabelas/6515754 px²)
20:49:13 INFO     [9/15] ✓ FUNAI     :    8 entregas | 67.3s | ETA ~4min
20:49:13 INFO     [10/15] → incra_anexo_de_entregas_assinado-1_assinado_assinado-copia_tarjada.pdf
20:49:13 INFO     detected formats: [<InputFormat.PDF: 'pdf'>]
20:49:13 INFO     Going to convert document batch...
20:49:13 INFO     Processing document incra_anexo_de_entregas_assinado-1_assinado_assinado-copia_tarjada.pdf
20:49:14 INFO     command: tesseract --psm 0 -l osd /tmp/tmp93tv3uyz.png stdout
20:49:15 INFO     command: tesseract -l por /tmp/tmp93tv3uyz.png stdout tsv
20:49:18 INFO     command: tesseract --psm 0 -l osd /tmp/tmpfrr7v94h.png stdout
20:49:19 INFO     command: tesseract -l por /tmp/tmpfrr7v94h.png stdout tsv
20:49:27 INFO     command: tesseract --psm 0 -l osd /tmp/tmpzypd94gx.png stdout
20:49:29 INFO     command: tesseract -l por /tmp/tmpzypd94gx.png stdout tsv
20:49:30 INFO     command: tesseract --psm 0 -l osd /tmp/tmpwsjp7fjj.png stdout
20:49:31 INFO     command: tesseract -l por /tmp/tmpwsjp7fjj.png stdout tsv
20:49:33 INFO     command: tesseract --psm 0 -l osd /tmp/tmpr_j_yf42.png stdout
20:49:34 INFO     command: tesseract -l por /tmp/tmpr_j_yf42.png stdout tsv
20:51:08 INFO     Finished converting document incra_anexo_de_entregas_assinado-1_assinado_assinado-copia_tarjada.pdf in 114.94 sec.
20:51:08 INFO       pixel_budget (Docling) incra_anexo_de_entregas_assinado-1_assinado_assinado-copia_tarjada.pdf: 30.0% (área tabelas/2423520 px²)
20:51:08 INFO     [10/15] ✓ INCRA     :   10 entregas | 115.0s | ETA ~4min
20:51:08 INFO     [11/15] → incra_ptd_docdiretivo__assinado-1_assinado_assinado-copia_tarjada.pdf
20:51:08 INFO     detected formats: [<InputFormat.PDF: 'pdf'>]
20:51:08 INFO     Going to convert document batch...
20:51:08 INFO     Processing document incra_ptd_docdiretivo__assinado-1_assinado_assinado-copia_tarjada.pdf
20:51:09 INFO     command: tesseract --psm 0 -l osd /tmp/tmpyfb5asdp.png stdout
20:51:10 INFO     command: tesseract -l por /tmp/tmpyfb5asdp.png stdout tsv
20:51:12 INFO     command: tesseract --psm 0 -l osd /tmp/tmpl7mnzg2x.png stdout
20:51:13 INFO     command: tesseract -l por /tmp/tmpl7mnzg2x.png stdout tsv
20:51:18 INFO     command: tesseract --psm 0 -l osd /tmp/tmphnpcitg0.png stdout
20:51:19 INFO     command: tesseract -l por /tmp/tmphnpcitg0.png stdout tsv
20:51:21 INFO     command: tesseract --psm 0 -l osd /tmp/tmpuwefax2v.png stdout
20:51:22 INFO     command: tesseract -l por /tmp/tmpuwefax2v.png stdout tsv
20:51:23 INFO     command: tesseract --psm 0 -l osd /tmp/tmp5h3qr8gg.png stdout
20:51:24 INFO     command: tesseract -l por /tmp/tmp5h3qr8gg.png stdout tsv
20:51:26 INFO     command: tesseract --psm 0 -l osd /tmp/tmp2_dakxdj.png stdout
20:51:28 INFO     command: tesseract -l por /tmp/tmp2_dakxdj.png stdout tsv
20:51:45 INFO     command: tesseract --psm 0 -l osd /tmp/tmpxf4fz5mg.png stdout
20:51:45 INFO     command: tesseract -l por /tmp/tmpxf4fz5mg.png stdout tsv
20:51:47 INFO     command: tesseract --psm 0 -l osd /tmp/tmpzazmrir5.png stdout
20:51:48 INFO     command: tesseract -l por /tmp/tmpzazmrir5.png stdout tsv
20:51:49 INFO     command: tesseract --psm 0 -l osd /tmp/tmp_umkrz0x.png stdout
20:51:50 INFO     command: tesseract -l por /tmp/tmp_umkrz0x.png stdout tsv
20:51:52 INFO     command: tesseract --psm 0 -l osd /tmp/tmp26oomkve.png stdout
20:51:53 INFO     command: tesseract -l por /tmp/tmp26oomkve.png stdout tsv
20:51:57 INFO     command: tesseract --psm 0 -l osd /tmp/tmpaep5xdip.png stdout
20:51:58 INFO     command: tesseract -l por /tmp/tmpaep5xdip.png stdout tsv
20:52:05 INFO     command: tesseract --psm 0 -l osd /tmp/tmpyesomv3s.png stdout
20:52:06 INFO     command: tesseract -l por /tmp/tmpyesomv3s.png stdout tsv
20:52:10 INFO     command: tesseract --psm 0 -l osd /tmp/tmpxuyh2o66.png stdout
20:52:10 INFO     command: tesseract -l por /tmp/tmpxuyh2o66.png stdout tsv
20:52:18 INFO     Finished converting document incra_ptd_docdiretivo__assinado-1_assinado_assinado-copia_tarjada.pdf in 69.98 sec.
20:52:18 INFO       pixel_budget (Docling) incra_ptd_docdiretivo__assinado-1_assinado_assinado-copia_tarjada.pdf: 20.2% (área tabelas/6515754 px²)
20:52:18 INFO     [11/15] ✓ INCRA     :    9 entregas | 70.0s | ETA ~3min
20:52:18 INFO     [12/15] → iti_anexo_de_entregas_assinado.pdf
20:52:18 INFO     detected formats: [<InputFormat.PDF: 'pdf'>]
20:52:18 INFO     Going to convert document batch...
20:52:18 INFO     Processing document iti_anexo_de_entregas_assinado.pdf
20:52:19 INFO     command: tesseract --psm 0 -l osd /tmp/tmp9jr4gq5z.png stdout
20:52:20 INFO     command: tesseract -l por /tmp/tmp9jr4gq5z.png stdout tsv
20:52:36 INFO     Finished converting document iti_anexo_de_entregas_assinado.pdf in 17.87 sec.
20:52:36 INFO       pixel_budget (Docling) iti_anexo_de_entregas_assinado.pdf: 57.2% (área tabelas/501212 px²)
20:52:36 INFO     [12/15] ✓ ITI       :   31 entregas | 17.9s | ETA ~2min
20:52:36 INFO     [13/15] → iti_doc_diretivo_assinado-1_tarjado.pdf
20:52:36 INFO     detected formats: [<InputFormat.PDF: 'pdf'>]
20:52:36 INFO     Going to convert document batch...
20:52:36 INFO     Processing document iti_doc_diretivo_assinado-1_tarjado.pdf
20:52:37 INFO     command: tesseract --psm 0 -l osd /tmp/tmprj5yizjw.png stdout
20:52:37 INFO     command: tesseract -l por /tmp/tmprj5yizjw.png stdout tsv
20:52:39 INFO     command: tesseract --psm 0 -l osd /tmp/tmp68w__o1k.png stdout
20:52:41 INFO     command: tesseract -l por /tmp/tmp68w__o1k.png stdout tsv
20:52:44 INFO     command: tesseract --psm 0 -l osd /tmp/tmph2q0z5jq.png stdout
20:52:45 INFO     command: tesseract -l por /tmp/tmph2q0z5jq.png stdout tsv
20:52:47 INFO     command: tesseract --psm 0 -l osd /tmp/tmpfj9u_lzj.png stdout
20:52:47 INFO     command: tesseract -l por /tmp/tmpfj9u_lzj.png stdout tsv
20:52:49 INFO     command: tesseract --psm 0 -l osd /tmp/tmp_lznrwu7.png stdout
20:52:50 INFO     command: tesseract -l por /tmp/tmp_lznrwu7.png stdout tsv
20:52:52 INFO     command: tesseract --psm 0 -l osd /tmp/tmpifqwsx09.png stdout
20:52:53 INFO     command: tesseract -l por /tmp/tmpifqwsx09.png stdout tsv
20:53:10 INFO     command: tesseract --psm 0 -l osd /tmp/tmp2f_fuxth.png stdout
20:53:11 INFO     command: tesseract -l por /tmp/tmp2f_fuxth.png stdout tsv
20:53:13 INFO     command: tesseract --psm 0 -l osd /tmp/tmprcsx4t3f.png stdout
20:53:14 INFO     command: tesseract -l por /tmp/tmprcsx4t3f.png stdout tsv
20:53:16 INFO     command: tesseract --psm 0 -l osd /tmp/tmp49p4mb3q.png stdout
20:53:17 INFO     command: tesseract -l por /tmp/tmp49p4mb3q.png stdout tsv
20:53:19 INFO     command: tesseract --psm 0 -l osd /tmp/tmp4bn8skai.png stdout
20:53:20 INFO     command: tesseract -l por /tmp/tmp4bn8skai.png stdout tsv
20:53:30 INFO     command: tesseract --psm 0 -l osd /tmp/tmpj7g1h1h7.png stdout
20:53:31 INFO     command: tesseract -l por /tmp/tmpj7g1h1h7.png stdout tsv
20:53:37 INFO     Finished converting document iti_doc_diretivo_assinado-1_tarjado.pdf in 61.13 sec.
20:53:37 INFO       pixel_budget (Docling) iti_doc_diretivo_assinado-1_tarjado.pdf: 8.0% (área tabelas/5516339 px²)
20:53:37 INFO     [13/15] ✓ ITI       :    6 entregas | 61.1s | ETA ~1min
20:53:37 INFO     [14/15] → sgpr_ptd_2025_2027_anexo_de_entregas_assinado-copia_tarjada.pdf
20:53:37 INFO     detected formats: [<InputFormat.PDF: 'pdf'>]
20:53:37 INFO     Going to convert document batch...
20:53:37 INFO     Processing document sgpr_ptd_2025_2027_anexo_de_entregas_assinado-copia_tarjada.pdf
20:53:38 INFO     command: tesseract --psm 0 -l osd /tmp/tmp4ihgre0y.png stdout
20:53:39 INFO     command: tesseract -l por /tmp/tmp4ihgre0y.png stdout tsv
20:53:42 INFO     command: tesseract --psm 0 -l osd /tmp/tmpsruoynt0.png stdout
20:53:43 INFO     command: tesseract -l por /tmp/tmpsruoynt0.png stdout tsv
20:53:55 INFO     Finished converting document sgpr_ptd_2025_2027_anexo_de_entregas_assinado-copia_tarjada.pdf in 17.73 sec.
20:53:55 INFO       pixel_budget (Docling) sgpr_ptd_2025_2027_anexo_de_entregas_assinado-copia_tarjada.pdf: 29.5% (área tabelas/1002424 px²)
20:53:55 INFO     [14/15] ✓ SGPR      :   15 entregas | 17.7s | ETA ~49s
20:53:55 INFO     [15/15] → sgpr_ptd_2026_2027_docdiretivo_assinado-copia_tarjada.pdf
20:53:55 INFO     detected formats: [<InputFormat.PDF: 'pdf'>]
20:53:55 INFO     Going to convert document batch...
20:53:55 INFO     Processing document sgpr_ptd_2026_2027_docdiretivo_assinado-copia_tarjada.pdf
20:54:15 INFO     Finished converting document sgpr_ptd_2026_2027_docdiretivo_assinado-copia_tarjada.pdf in 19.98 sec.
20:54:15 INFO       pixel_budget (Docling) sgpr_ptd_2026_2027_docdiretivo_assinado-copia_tarjada.pdf: 8.2% (área tabelas/5513330 px²)
20:54:15 WARNING  [15/15] ⚠ SGPR      :    0 entregas | 20.0s | ETA ~0s
20:54:15 INFO     255 registros | 7 órgãos
20:54:15 INFO     ╔══════════════════════════════════════════════════════════════╗
20:54:15 INFO     ║                  ENTREGAS — fase concluída                   ║
20:54:15 INFO     ║  Processados: 15    |  ✓ 11  ⚠ 4                             ║
20:54:15 INFO     ║  Duração: 11.7 min                                           ║
20:54:15 INFO     ║  255 registros | 7 órgãos                                    ║
20:54:15 INFO     ╚══════════════════════════════════════════════════════════════╝
20:54:15 INFO     [1/7] → agu_ptd_2025_2027_docdiretivo_assinado_assinado_assinado-copia_tarjada.pdf
20:54:15 INFO     detected formats: [<InputFormat.PDF: 'pdf'>]
20:54:15 INFO     Going to convert document batch...
20:54:15 INFO     Processing document agu_ptd_2025_2027_docdiretivo_assinado_assinado_assinado-copia_tarjada.pdf
20:54:15 INFO     command: tesseract --psm 0 -l osd /tmp/tmphf4ip0q6.png stdout
20:54:16 INFO     command: tesseract -l por /tmp/tmphf4ip0q6.png stdout tsv
20:54:18 INFO     command: tesseract --psm 0 -l osd /tmp/tmp3lbca1jd.png stdout
20:54:19 INFO     command: tesseract -l por /tmp/tmp3lbca1jd.png stdout tsv
20:54:22 INFO     command: tesseract --psm 0 -l osd /tmp/tmpny1uvv_3.png stdout
20:54:23 INFO     command: tesseract -l por /tmp/tmpny1uvv_3.png stdout tsv
20:54:25 INFO     command: tesseract --psm 0 -l osd /tmp/tmp6mgm_cdz.png stdout
20:54:26 INFO     command: tesseract -l por /tmp/tmp6mgm_cdz.png stdout tsv
20:54:28 INFO     command: tesseract --psm 0 -l osd /tmp/tmp98v0jno8.png stdout
20:54:29 INFO     command: tesseract -l por /tmp/tmp98v0jno8.png stdout tsv
20:54:31 INFO     command: tesseract --psm 0 -l osd /tmp/tmpb3t71_pv.png stdout
20:54:32 INFO     command: tesseract -l por /tmp/tmpb3t71_pv.png stdout tsv
20:54:42 INFO     command: tesseract --psm 0 -l osd /tmp/tmp9lw05aw7.png stdout
20:54:42 INFO     command: tesseract -l por /tmp/tmp9lw05aw7.png stdout tsv
20:54:45 INFO     command: tesseract --psm 0 -l osd /tmp/tmpaq42oj9c.png stdout
20:54:45 INFO     command: tesseract -l por /tmp/tmpaq42oj9c.png stdout tsv
20:54:48 INFO     command: tesseract --psm 0 -l osd /tmp/tmpqeykdjmx.png stdout
20:54:48 INFO     command: tesseract -l por /tmp/tmpqeykdjmx.png stdout tsv
20:54:51 INFO     command: tesseract --psm 0 -l osd /tmp/tmpqbh740tb.png stdout
20:54:52 INFO     command: tesseract -l por /tmp/tmpqbh740tb.png stdout tsv
20:55:08 INFO     command: tesseract --psm 0 -l osd /tmp/tmphoj2e2lo.png stdout
20:55:09 INFO     command: tesseract -l por /tmp/tmphoj2e2lo.png stdout tsv
20:55:12 INFO     Finished converting document agu_ptd_2025_2027_docdiretivo_assinado_assinado_assinado-copia_tarjada.pdf in 57.37 sec.
20:55:12 INFO     [1/7] ✓ AGU       :   7 riscos | 57.4s | ETA ~5min
20:55:12 INFO     [2/7] → documento-diretivo-mcom-_-ptd-25_27-copia_tarjada.pdf
20:55:12 INFO     detected formats: [<InputFormat.PDF: 'pdf'>]
20:55:12 INFO     Going to convert document batch...
20:55:12 INFO     Processing document documento-diretivo-mcom-_-ptd-25_27-copia_tarjada.pdf
20:55:13 INFO     command: tesseract --psm 0 -l osd /tmp/tmpwrbpukpc.png stdout
20:55:13 INFO     command: tesseract -l por /tmp/tmpwrbpukpc.png stdout tsv
20:55:16 INFO     command: tesseract --psm 0 -l osd /tmp/tmprhcdhsl0.png stdout
20:55:17 INFO     command: tesseract -l por /tmp/tmprhcdhsl0.png stdout tsv
20:55:23 INFO     command: tesseract --psm 0 -l osd /tmp/tmp_420nal2.png stdout
20:55:24 INFO     command: tesseract -l por /tmp/tmp_420nal2.png stdout tsv
20:55:25 INFO     command: tesseract --psm 0 -l osd /tmp/tmpjuk8wdjr.png stdout
20:55:26 INFO     command: tesseract -l por /tmp/tmpjuk8wdjr.png stdout tsv
20:55:28 INFO     command: tesseract --psm 0 -l osd /tmp/tmp0t_f8wvz.png stdout
20:55:29 INFO     command: tesseract -l por /tmp/tmp0t_f8wvz.png stdout tsv
20:55:31 INFO     command: tesseract --psm 0 -l osd /tmp/tmpc2p22mkl.png stdout
20:55:32 INFO     command: tesseract -l por /tmp/tmpc2p22mkl.png stdout tsv
20:55:51 INFO     command: tesseract --psm 0 -l osd /tmp/tmpujcsyvki.png stdout
20:55:51 INFO     command: tesseract -l por /tmp/tmpujcsyvki.png stdout tsv
20:55:53 INFO     command: tesseract --psm 0 -l osd /tmp/tmp7ew02gum.png stdout
20:55:54 INFO     command: tesseract -l por /tmp/tmp7ew02gum.png stdout tsv
20:55:56 INFO     command: tesseract --psm 0 -l osd /tmp/tmpx900tv20.png stdout
20:55:57 INFO     command: tesseract -l por /tmp/tmpx900tv20.png stdout tsv
20:55:59 INFO     command: tesseract --psm 0 -l osd /tmp/tmp8_ib3yh0.png stdout
20:56:00 INFO     command: tesseract -l por /tmp/tmp8_ib3yh0.png stdout tsv
20:56:06 INFO     command: tesseract --psm 0 -l osd /tmp/tmpp2ynjkpa.png stdout
20:56:07 INFO     command: tesseract -l por /tmp/tmpp2ynjkpa.png stdout tsv
20:56:12 INFO     command: tesseract --psm 0 -l osd /tmp/tmpvhxu1svn.png stdout
20:56:13 INFO     command: tesseract -l por /tmp/tmpvhxu1svn.png stdout tsv
20:56:15 INFO     command: tesseract --psm 0 -l osd /tmp/tmppta6kjzc.png stdout
20:56:16 INFO     command: tesseract -l por /tmp/tmppta6kjzc.png stdout tsv
20:56:18 INFO     command: tesseract --psm 0 -l osd /tmp/tmpt9bb5pxl.png stdout
20:56:19 INFO     command: tesseract -l por /tmp/tmpt9bb5pxl.png stdout tsv
20:56:25 INFO     Finished converting document documento-diretivo-mcom-_-ptd-25_27-copia_tarjada.pdf in 72.46 sec.
20:56:25 INFO     [2/7] ✓ MCOM      :  14 riscos | 72.5s | ETA ~5min
20:56:25 INFO     [3/7] → fiocruz_novo-ptd_2-1_docdiretivo_repactuacao_2024-2026_assinado_assinado-copia_tarjada.pdf
20:56:25 INFO     detected formats: [<InputFormat.PDF: 'pdf'>]
20:56:25 INFO     Going to convert document batch...
20:56:25 INFO     Processing document fiocruz_novo-ptd_2-1_docdiretivo_repactuacao_2024-2026_assinado_assinado-copia_tarjada.pdf
20:56:43 INFO     Finished converting document fiocruz_novo-ptd_2-1_docdiretivo_repactuacao_2024-2026_assinado_assinado-copia_tarjada.pdf in 18.16 sec.
20:56:43 INFO     [3/7] ✓ FIOCRUZ   :   6 riscos | 18.2s | ETA ~3min
20:56:43 INFO     [4/7] → funai_ptd_2025_2027_docdiretivo_assinado-1_tarjado.pdf
20:56:43 INFO     detected formats: [<InputFormat.PDF: 'pdf'>]
20:56:43 INFO     Going to convert document batch...
20:56:43 INFO     Processing document funai_ptd_2025_2027_docdiretivo_assinado-1_tarjado.pdf
20:56:44 INFO     command: tesseract --psm 0 -l osd /tmp/tmpdhu2rize.png stdout
20:56:45 INFO     command: tesseract -l por /tmp/tmpdhu2rize.png stdout tsv
20:56:46 INFO     command: tesseract --psm 0 -l osd /tmp/tmp04s_rn4c.png stdout
20:56:47 INFO     command: tesseract -l por /tmp/tmp04s_rn4c.png stdout tsv
20:56:50 INFO     command: tesseract --psm 0 -l osd /tmp/tmpx3folwtn.png stdout
20:56:51 INFO     command: tesseract -l por /tmp/tmpx3folwtn.png stdout tsv
20:56:53 INFO     command: tesseract --psm 0 -l osd /tmp/tmpbiv_byut.png stdout
20:56:53 INFO     command: tesseract -l por /tmp/tmpbiv_byut.png stdout tsv
20:56:55 INFO     command: tesseract --psm 0 -l osd /tmp/tmp6df1bii0.png stdout
20:56:56 INFO     command: tesseract -l por /tmp/tmp6df1bii0.png stdout tsv
20:56:58 INFO     command: tesseract --psm 0 -l osd /tmp/tmpzy71s7lm.png stdout
20:57:00 INFO     command: tesseract -l por /tmp/tmpzy71s7lm.png stdout tsv
20:57:10 INFO     command: tesseract --psm 0 -l osd /tmp/tmp_nxwgkbp.png stdout
20:57:11 INFO     command: tesseract -l por /tmp/tmp_nxwgkbp.png stdout tsv
20:57:12 INFO     command: tesseract --psm 0 -l osd /tmp/tmp1pjqal1g.png stdout
20:57:13 INFO     command: tesseract -l por /tmp/tmp1pjqal1g.png stdout tsv
20:57:14 INFO     command: tesseract --psm 0 -l osd /tmp/tmpof4ju8hr.png stdout
20:57:15 INFO     command: tesseract -l por /tmp/tmpof4ju8hr.png stdout tsv
20:57:17 INFO     command: tesseract --psm 0 -l osd /tmp/tmp221fygai.png stdout
20:57:18 INFO     command: tesseract -l por /tmp/tmp221fygai.png stdout tsv
20:57:26 INFO     command: tesseract --psm 0 -l osd /tmp/tmp507q8rvm.png stdout
20:57:27 INFO     command: tesseract -l por /tmp/tmp507q8rvm.png stdout tsv
20:57:31 INFO     command: tesseract --psm 0 -l osd /tmp/tmpsf80ea9_.png stdout
20:57:32 INFO     command: tesseract -l por /tmp/tmpsf80ea9_.png stdout tsv
20:57:38 INFO     command: tesseract --psm 0 -l osd /tmp/tmp74ogvvrp.png stdout
20:57:38 INFO     command: tesseract -l por /tmp/tmp74ogvvrp.png stdout tsv
20:57:45 INFO     Finished converting document funai_ptd_2025_2027_docdiretivo_assinado-1_tarjado.pdf in 62.37 sec.
20:57:45 INFO     [4/7] ✓ FUNAI     :  15 riscos | 62.4s | ETA ~2min
20:57:45 INFO     [5/7] → incra_ptd_docdiretivo__assinado-1_assinado_assinado-copia_tarjada.pdf
20:57:45 INFO     detected formats: [<InputFormat.PDF: 'pdf'>]
20:57:45 INFO     Going to convert document batch...
20:57:45 INFO     Processing document incra_ptd_docdiretivo__assinado-1_assinado_assinado-copia_tarjada.pdf
20:57:46 INFO     command: tesseract --psm 0 -l osd /tmp/tmpb4wkxmk4.png stdout
20:57:47 INFO     command: tesseract -l por /tmp/tmpb4wkxmk4.png stdout tsv
20:57:49 INFO     command: tesseract --psm 0 -l osd /tmp/tmp3wxk16bo.png stdout
20:57:50 INFO     command: tesseract -l por /tmp/tmp3wxk16bo.png stdout tsv
20:57:56 INFO     command: tesseract --psm 0 -l osd /tmp/tmpyxpflxp3.png stdout
20:57:57 INFO     command: tesseract -l por /tmp/tmpyxpflxp3.png stdout tsv
20:57:59 INFO     command: tesseract --psm 0 -l osd /tmp/tmpqn7a7wt3.png stdout
20:58:00 INFO     command: tesseract -l por /tmp/tmpqn7a7wt3.png stdout tsv
20:58:01 INFO     command: tesseract --psm 0 -l osd /tmp/tmpm8jpbnxc.png stdout
20:58:02 INFO     command: tesseract -l por /tmp/tmpm8jpbnxc.png stdout tsv
20:58:04 INFO     command: tesseract --psm 0 -l osd /tmp/tmpbyl6iwse.png stdout
20:58:05 INFO     command: tesseract -l por /tmp/tmpbyl6iwse.png stdout tsv
20:58:22 INFO     command: tesseract --psm 0 -l osd /tmp/tmp4eyxi7nt.png stdout
20:58:23 INFO     command: tesseract -l por /tmp/tmp4eyxi7nt.png stdout tsv
20:58:24 INFO     command: tesseract --psm 0 -l osd /tmp/tmpwsk3ehh1.png stdout
20:58:25 INFO     command: tesseract -l por /tmp/tmpwsk3ehh1.png stdout tsv
20:58:27 INFO     command: tesseract --psm 0 -l osd /tmp/tmp34rep1hv.png stdout
20:58:28 INFO     command: tesseract -l por /tmp/tmp34rep1hv.png stdout tsv
20:58:29 INFO     command: tesseract --psm 0 -l osd /tmp/tmpufn2duit.png stdout
20:58:31 INFO     command: tesseract -l por /tmp/tmpufn2duit.png stdout tsv
20:58:39 INFO     command: tesseract --psm 0 -l osd /tmp/tmpfml17zzr.png stdout
20:58:40 INFO     command: tesseract -l por /tmp/tmpfml17zzr.png stdout tsv
20:58:50 INFO     command: tesseract --psm 0 -l osd /tmp/tmplv642ghm.png stdout
20:58:50 INFO     command: tesseract -l por /tmp/tmplv642ghm.png stdout tsv
20:58:52 INFO     command: tesseract --psm 0 -l osd /tmp/tmp95zdyz_m.png stdout
20:58:53 INFO     command: tesseract -l por /tmp/tmp95zdyz_m.png stdout tsv
20:59:00 INFO     Finished converting document incra_ptd_docdiretivo__assinado-1_assinado_assinado-copia_tarjada.pdf in 75.20 sec.
20:59:00 INFO     [5/7] ✓ INCRA     :  15 riscos | 75.2s | ETA ~1min
20:59:00 INFO     [6/7] → iti_doc_diretivo_assinado-1_tarjado.pdf
20:59:00 INFO     detected formats: [<InputFormat.PDF: 'pdf'>]
20:59:00 INFO     Going to convert document batch...
20:59:00 INFO     Processing document iti_doc_diretivo_assinado-1_tarjado.pdf
20:59:01 INFO     command: tesseract --psm 0 -l osd /tmp/tmp14p5fxdn.png stdout
20:59:01 INFO     command: tesseract -l por /tmp/tmp14p5fxdn.png stdout tsv
20:59:04 INFO     command: tesseract --psm 0 -l osd /tmp/tmpzhn65b5a.png stdout
20:59:05 INFO     command: tesseract -l por /tmp/tmpzhn65b5a.png stdout tsv
20:59:10 INFO     command: tesseract --psm 0 -l osd /tmp/tmpy715a4xz.png stdout
20:59:11 INFO     command: tesseract -l por /tmp/tmpy715a4xz.png stdout tsv
20:59:12 INFO     command: tesseract --psm 0 -l osd /tmp/tmpt69xz_bd.png stdout
20:59:13 INFO     command: tesseract -l por /tmp/tmpt69xz_bd.png stdout tsv
20:59:15 INFO     command: tesseract --psm 0 -l osd /tmp/tmppzifje8s.png stdout
20:59:16 INFO     command: tesseract -l por /tmp/tmppzifje8s.png stdout tsv
20:59:18 INFO     command: tesseract --psm 0 -l osd /tmp/tmpa799gum5.png stdout
20:59:19 INFO     command: tesseract -l por /tmp/tmpa799gum5.png stdout tsv
20:59:34 INFO     command: tesseract --psm 0 -l osd /tmp/tmpu7xruz55.png stdout
20:59:34 INFO     command: tesseract -l por /tmp/tmpu7xruz55.png stdout tsv
20:59:36 INFO     command: tesseract --psm 0 -l osd /tmp/tmpb56vhkpb.png stdout
20:59:37 INFO     command: tesseract -l por /tmp/tmpb56vhkpb.png stdout tsv
20:59:40 INFO     command: tesseract --psm 0 -l osd /tmp/tmps2yxg6i_.png stdout
20:59:40 INFO     command: tesseract -l por /tmp/tmps2yxg6i_.png stdout tsv
20:59:42 INFO     command: tesseract --psm 0 -l osd /tmp/tmp0hj0__2q.png stdout
20:59:44 INFO     command: tesseract -l por /tmp/tmp0hj0__2q.png stdout tsv
20:59:52 INFO     command: tesseract --psm 0 -l osd /tmp/tmpzrc7_r9a.png stdout
20:59:53 INFO     command: tesseract -l por /tmp/tmpzrc7_r9a.png stdout tsv
20:59:59 INFO     Finished converting document iti_doc_diretivo_assinado-1_tarjado.pdf in 58.52 sec.
20:59:59 INFO     [6/7] ✓ ITI       :  14 riscos | 58.5s | ETA ~57s
20:59:59 INFO     [7/7] → sgpr_ptd_2026_2027_docdiretivo_assinado-copia_tarjada.pdf
20:59:59 INFO     detected formats: [<InputFormat.PDF: 'pdf'>]
20:59:59 INFO     Going to convert document batch...
20:59:59 INFO     Processing document sgpr_ptd_2026_2027_docdiretivo_assinado-copia_tarjada.pdf
21:00:19 INFO     Finished converting document sgpr_ptd_2026_2027_docdiretivo_assinado-copia_tarjada.pdf in 20.19 sec.
21:00:19 INFO     [7/7] ✓ SGPR      :  10 riscos | 20.2s | ETA ~0s
21:00:19 INFO     ╔══════════════════════════════════════════════════════════════╗
21:00:19 INFO     ║                   RISCOS — fase concluída                    ║
21:00:19 INFO     ║  Processados: 7     |  ✓ 7  ⚠ 0                              ║
21:00:19 INFO     ║  Duração: 6.1 min                                            ║
21:00:19 INFO     ║  81 riscos | 7 órgãos                                        ║
21:00:19 INFO     ╚══════════════════════════════════════════════════════════════╝
21:00:19 INFO     81 riscos | 0 ações | 135 relações
21:00:19 INFO     ptd_corpus_raw                     : 255 linhas
21:00:19 INFO     ptd_pivot_eixos                    : 7 linhas
21:00:22 INFO     ptd_datas_assinatura               : 132 linhas
21:00:22 INFO     ptd_riscos                         : 81 linhas
21:00:22 INFO     ptd_riscos_acoes                   : 135 linhas
21:00:22 INFO     Manifesto salvo: pipeline_manifest.json | SHA-256 de 132 PDFs
21:00:22 INFO     ==================================================
21:00:22 INFO     PTD-BR v3.0-melhorado — PIPELINE CONCLUÍDO
21:00:22 INFO     ==================================================
21:00:22 INFO     ptd_corpus_raw.csv                        155 KB
21:00:22 INFO     ptd_pivot_eixos.csv                         0 KB
21:00:22 INFO     ptd_datas_assinatura.csv                    9 KB
21:00:22 INFO     ptd_riscos.csv                             23 KB
21:00:22 INFO     ptd_riscos_acoes.csv                        2 KB
21:00:22 INFO     proveniencia.json                           0 KB
21:00:22 INFO     pipeline_manifest.json                     20 KB
21:00:22 INFO     📦 Artefatos: https://github.com/freirelucas/teste/actions/runs/23961212812
21:00:22 INFO     ==================================================
