16:22:19 INFO     Docling disponível
16:22:19 WARNING  OCR fallback indisponível (IndentationError: unexpected indent (ptd_ocr_fallback.py, line 45))
16:22:20 INFO     Ignorado (guia/template/norma): ABNT-NBR-17225-Acessibilidade-Digital.pdf
16:22:20 INFO     Ignorado (guia/template/norma): cgrep-guia10passos-ptd-orgao.pdf
16:22:20 INFO     Ignorado (guia/template/norma): ABNT-NBR-17225-Acessibilidade-Digital.pdf
16:22:20 INFO     Scraping: 132 PDFs únicos | entregas: 68 | diretivos: 61
16:22:20 INFO     Baixando 132 PDFs únicos...
16:22:22 INFO     ✓ [  1/132] abin_ptd_anexo_de_entregas_assinado_pelo_orgao_ass   293.3KB
16:22:25 INFO     ✓ [  2/132] aeb_ptd_2025_2027_docdiretivo_aprovado_assinado-1_  1033.7KB
16:22:27 INFO     ✓ [  3/132] aeb_ptd_2025_2027_anexo_de_entregas_aprovado_assin   154.5KB
16:22:32 INFO     ✓ [  4/132] agu_ptd_2025_2027_docdiretivo_assinado_assinado_as  2860.3KB
16:22:35 INFO     ✓ [  5/132] agu_ptd_2025_2027_anexo_de_entregas_assinado_assin   525.5KB
16:22:38 INFO     ✓ [  6/132] ana_ptd_2025_2027_docdiretivo_assinado_assinado_as   477.2KB
16:22:40 INFO     ✓ [  7/132] ana_ptd_2025_2027_anexoentregas_assinado_assinado_   170.9KB
16:22:43 INFO     ✓ [  8/132] anac_ptd_2025_2026_docdiretivo_se_assinado_tarjado  1036.3KB
16:22:45 INFO     ✓ [  9/132] anac_ptd_2025_2026_anexo_de_entregas_se_assinado.p   215.2KB
16:22:48 INFO     ✓ [ 10/132] anatel_ptd_docdiretivo_assinado_2025_2026_assinado  1006.0KB
16:22:50 INFO     ✓ [ 11/132] anatel_ptd_2025_2026_anexo_de_entregas_do_ptd_publ    71.9KB
16:22:54 INFO     ✓ [ 12/132] ancine_ptd_2024_2026_docdiretivo_assinado-2_assina   961.8KB
16:22:56 INFO     ✓ [ 13/132] ancine_ptd_2024_2026_-_anexo_de_entregas_aprovado_   613.2KB
16:22:59 INFO     ✓ [ 14/132] ptd_aneel_2025-2027_docdiretivo_assinado_tarjado.p   779.6KB
16:23:01 INFO     ✓ [ 15/132] ptd_aneel_2025-2027_anexo_de_entregas_assinado.pdf   111.9KB
16:23:05 INFO     ✓ [ 16/132] anm_ptd_2025_2027_docdiretivo_assinadopeloorgao_ta  1092.5KB
16:23:08 INFO     ✓ [ 17/132] anm_ptd_2025_2027_anexo_entregas_assinadopeloorgao  1140.4KB
16:23:11 INFO     ✓ [ 18/132] anpd_ptd_2025_2027_docdiretivo_assinado_assinado_a  1044.3KB
16:23:13 INFO     ✓ [ 19/132] anpd_ptd_2025_2027_anexo_de_entregas_assinado_assi   166.5KB
16:23:17 INFO     ✓ [ 20/132] ans-plano_de_transformacao_digital_assinado-copia_  1023.4KB
16:23:19 INFO     ✓ [ 21/132] ans_ptd_2025_2026_anexo_de_entregas_assinado_assin   124.1KB
16:23:22 INFO     ✓ [ 22/132] antaq_ptd_2025_2027_docdiretivo_assinado_assinado_  1039.8KB
16:23:24 INFO     ✓ [ 23/132] antaq_ptd_2025_2027_anexoentregas_assinado_assinad   145.1KB
16:23:26 INFO     ✓ [ 24/132] mt_anexo_de_entregas_-_assinado_assinado_assinado_   143.6KB
16:23:35 INFO     ✓ [ 25/132] anvisa_ptd_docdiretivo_2025-2026_assinado_assinado  5771.2KB
16:23:37 INFO     ✓ [ 26/132] anvisa_ptd_anexo_de_entregas_2025_2026_assinado_as   239.0KB
16:23:40 INFO     ✓ [ 27/132] bcb_documento_diretivo_assinado_assinado_assinado-   713.7KB
16:23:42 INFO     ✓ [ 28/132] bcb_anexo_de_entregas_ptd_25_26-1_assinado_assinad   134.8KB
16:23:45 INFO     ✓ [ 29/132] cade_ptd_docdiretivo_2025_2026_assinado-2_assinado   810.4KB
16:23:48 INFO     ✓ [ 30/132] cade_ptd_anexo_de_entregas_2025_2026_assinado_copi   504.0KB
16:23:51 INFO     ✓ [ 31/132] mec_ptd_docdiretivo_2025-2026_sei_mec-5566673_copi   863.1KB
16:23:53 INFO     ✓ [ 32/132] mec_ptd_anexo-de-entregas_sei_mec-5576401_copia_ta   495.7KB
16:23:57 INFO     ✓ [ 33/132] mec_ptd_docdiretivo-versao-comunicacao_copia_tarja  1616.5KB
16:24:00 INFO     ✓ [ 34/132] md_ptd_2026_2027_anexo_de_entregas_assinado_assina   579.4KB
16:24:02 INFO     ✓ [ 35/132] md_ptd_2026_2027_anexo_de_entregas_assinado_assina   186.8KB
16:24:05 INFO     ✓ [ 36/132] md_ptd_temp_copia_tarjada.pdf                        741.9KB
16:24:09 INFO     ✓ [ 37/132] cgu_ptd_docdiretivo_assinado_assinado_assinado-cop  1085.4KB
16:24:11 INFO     ✓ [ 38/132] cgu_ptd_anexo_de_entregas_pactuadas_assinado_assin   514.1KB
16:24:14 INFO     ✓ [ 39/132] cnpq_ptd_2025_2027_docdiretivo_assinado_assinado_a   342.9KB
16:24:16 INFO     ✓ [ 40/132] cnpq_ptd_2025_2027_anexo_de_entregas_assinado_assi   136.1KB
16:24:19 INFO     ✓ [ 41/132] coaf_ptd_2025_2026_documento_diretivo_assinado_ass  1068.0KB
16:24:25 INFO     ✓ [ 42/132] coaf_ptd_2025_2026_anexo_de_entregas-2_assinado_as  3184.5KB
16:24:31 INFO     ✓ [ 43/132] ptd_midr-docdiretivo_aprovado_assinado_tarjado.pdf  3864.1KB
16:24:34 INFO     ✓ [ 44/132] ptd_midr_-_anexo_de_entregas_-_aprovado_assinado.p  1122.0KB
16:24:37 INFO     ✓ [ 45/132] mda-documento-diretivo-assinado_ptd-2025-207-copia   955.8KB
16:24:40 INFO     ✓ [ 46/132] cvm_ptd_2025_2027_docdiretivo_assinado_assinado_as   270.5KB
16:24:42 INFO     ✓ [ 47/132] cvm_ptd_2025_2027_anexoentregas_assinado_assinado_   409.0KB
16:24:45 INFO     ✓ [ 48/132] dnocs_ptd_doc_diretivo_2025_2026_assinado_orgao-2_   891.1KB
16:24:48 INFO     ✓ [ 49/132] dnocs_anexo_de_entregas_repactuado_2025_2026_assin   272.3KB
16:24:53 INFO     ✓ [ 50/132] fbn_ptd_2025_2027_docdiretivo_assinado-1_tarjado.p  2921.6KB
16:24:55 INFO     ✓ [ 51/132] fbn_ptd_2025_2027_anexo_de_entregas_assinado-1.pdf   162.3KB
16:24:59 INFO     ✓ [ 52/132] fcp_ptd_2025_2027_docdiretivo_assinado-1_tarjado.p  1612.0KB
16:25:01 INFO     ✓ [ 53/132] fcp_ptd_2025_2027_anexo_de_entregas_assinado-1.pdf   118.8KB
16:25:04 INFO     ✓ [ 54/132] fcrb_ptd_2025_2026_docdiretivo_aprovado_assinado-1   998.2KB
16:25:07 INFO     ✓ [ 55/132] fcrb_ptd_2025_2026_anexo_de_entregas_aprovado_assi   313.5KB
16:25:10 INFO     ✓ [ 56/132] fiocruz_novo-ptd_2-1_docdiretivo_repactuacao_2024-  1318.1KB
16:25:12 INFO     ✓ [ 57/132] fiocruz_ptd_anexo_de_entregas_assinado_v1_assinado   257.1KB
16:25:16 INFO     ✓ [ 58/132] fiocruz-ptd-06_2024-copia_tarjada.pdf               1693.8KB
16:25:20 INFO     ✓ [ 59/132] funai_ptd_2025_2027_docdiretivo_assinado-1_tarjado  1842.1KB
16:25:23 INFO     ✓ [ 60/132] funai_anexo_de_entregas_repactuado_2026_2027_assin   435.7KB
16:25:26 INFO     ✓ [ 61/132] funarte_ptd_docdiretivo_assinado_21_01_2025_assina   965.7KB
16:25:28 INFO     ✓ [ 62/132] funarte_ptd_anexo_de_entregas_assinado_v1_assinado   683.6KB
16:25:31 INFO     ✓ [ 63/132] fundacentro_ptd_2025_2027_docdiretivo_assinado_ass   826.6KB
16:25:34 INFO     ✓ [ 64/132] fundacentro_ptd_2025_2027_anexo_de_entregas_assina   635.5KB
16:25:37 INFO     ✓ [ 65/132] mma_ptd_docdiretivo_assinado_2025_2026-1_assinado_   949.3KB
16:25:39 INFO     ✓ [ 66/132] mma_ptd_anexo_de_entregas_aprovado_final_assinado_   174.8KB
16:25:43 INFO     ✓ [ 67/132] ibge_docdiretivo_2025_assinado_assinado_assinado-c  1167.3KB
16:25:45 INFO     ✓ [ 68/132] ibge_ptd_25_26_anexo_de_entregas_modelo_v2-1_assin   143.7KB
16:25:54 INFO     ✓ [ 69/132] incra_ptd_docdiretivo__assinado-1_assinado_assinad  7182.0KB
16:25:58 INFO     ✓ [ 70/132] incra_anexo_de_entregas_assinado-1_assinado_assina  1818.6KB
16:26:04 INFO     ✓ [ 71/132] inpi_ptd_docdiretivo_assinado_2025_2026_assinado_a  3322.4KB
16:26:09 INFO     ✓ [ 72/132] inpi_ptd_anexo_de_entregas_assinado_v1_assinado_as  3078.1KB
16:26:12 INFO     ✓ [ 73/132] inss_ptd_2025_2027_docdiretivo-assinado-copia_tarj  1173.3KB
16:26:14 INFO     ✓ [ 74/132] inss_ptd_2025_2027_anexo_de_entregas-assinado-copi   110.8KB
16:26:17 INFO     ✓ [ 75/132] iphan_ptd_docdiretivo_assinado_2025_2026_assinado_   885.7KB
16:26:20 INFO     ✓ [ 76/132] iphan_ptd_anexo_de_entregas_assinado_v1_assinado_a   310.9KB
16:26:27 INFO     ✓ [ 77/132] iti_doc_diretivo_assinado-1_tarjado.pdf             4905.1KB
16:26:30 INFO     ✓ [ 78/132] iti_anexo_de_entregas_assinado.pdf                   556.4KB
16:26:33 INFO     ✓ [ 79/132] mapa_ptd_2025_2027_docdiretivo_assinado-1_tarjado.  1740.9KB
16:26:36 INFO     ✓ [ 80/132] mapa_ptd_2025_2027_anexo_de_entregas_assinado-1.pd   261.9KB
16:26:43 INFO     ✓ [ 81/132] documento-diretivo-mcom-_-ptd-25_27-copia_tarjada.  4451.9KB
16:26:46 INFO     ✓ [ 82/132] anexo-de-entregas-mcom_ptd-25_27-copia_tarjada.pdf  1213.8KB
16:26:51 INFO     ✓ [ 83/132] ptd_21_24_mcom-copia_tarjada.pdf                    3040.7KB
16:26:54 INFO     ✓ [ 84/132] mcti_ptd_2025-2027_docdiretivo_assinado-copia_tarj  1030.7KB
16:26:57 INFO     ✓ [ 85/132] mcti_ptd_2025-2027_anexo-de-entregas_assinado-copi   145.8KB
16:26:59 INFO     ✓ [ 86/132] mda-anexo-entregas-assinado_ptd-2025-2027-copia-ta   284.6KB
16:27:02 INFO     ✓ [ 87/132] mdhc_ptd_2025_2027_docdiretivo_assinado_assinado_a   753.4KB
16:27:04 INFO     ✓ [ 88/132] mdhc_ptd_2025_2027_anexoentregas_assinado_assinado   186.8KB
16:27:06 INFO     ✓ [ 89/132] mdic_ptd_anexo_de_entregas_assinado_v1_assinado_as   176.6KB
16:27:09 INFO     ✓ [ 90/132] memp_ptd_2025_2026_docdiretivo_assinado_assinado_a  1030.1KB
16:27:12 INFO     ✓ [ 91/132] memp_ptd_2025_2026_anexo_de_entregas_assinado_assi   161.5KB
16:27:15 INFO     ✓ [ 92/132] mesp_ptd_2025_2027_docdiretivo_assinado_assinado_2  1147.7KB
16:27:17 INFO     ✓ [ 93/132] mesp_ptd_2025_2027_anexo_de_entregas_assinado_assi   226.6KB
16:27:20 INFO     ✓ [ 94/132] mf_ptd_2026_2027_documentodiretivo_assinado_assina   955.1KB
16:27:23 INFO     ✓ [ 95/132] mf_ptd_2026_2027_anexo_de_entregas_1_mf_se_assinad   241.2KB
16:27:25 INFO     ✓ [ 96/132] mgi_ptd_2025_2027_docdiretivo_assinado_assinado_as   375.2KB
16:27:28 INFO     ✓ [ 97/132] mgi_ptd_2025_2027_anexo_de_entregas_assinado_assin   256.1KB
16:27:31 INFO     ✓ [ 98/132] minc_ptd_2025_2027_docdiretivo_assinado-1_assinado   863.6KB
16:27:33 INFO     ✓ [ 99/132] minc_ptd_2025_2027_anexo_de_entregas_assinado-1_as   276.7KB
16:27:37 INFO     ✓ [100/132] mjsp_ptd_docdiretivo_assinado_2025_2026_assinado_a   954.0KB
16:27:39 INFO     ✓ [101/132] mjsp_ptd_anexo_de_entregas_assinado_v1_assinado_as   253.9KB
16:27:42 INFO     ✓ [102/132] mme_ptd_2025_2027_docdiretivo_assinado-copia_tarja   664.5KB
16:27:44 INFO     ✓ [103/132] mme_ptd_2025_2027_anexo_de_entregas_assinado__1_-c   111.1KB
16:27:47 INFO     ✓ [104/132] mmulheres_ptd_2025_2027_docdiretivo_assinado_assin  1078.3KB
16:27:50 INFO     ✓ [105/132] mmulheres_ptd_2025_2027_anexo_de_entregas_assinado   216.9KB
16:27:53 INFO     ✓ [106/132] mpi_ptd_2025_2027_docdiretivo_ministerio_dos_povos   947.9KB
16:27:55 INFO     ✓ [107/132] mpi_ptd_anexo_de_entregas_do_plano_de_tranformacao   191.9KB
16:27:58 INFO     ✓ [108/132] mpo_ptd_docdiretivo_assinado_2025_2026_assinado_as   806.3KB
16:28:00 INFO     ✓ [109/132] mpo_ptd_anexo_de_entregas_assinado_v1_assinado_ass   323.2KB
16:28:03 INFO     ✓ [110/132] mpor_ptd_2025_2027_docdiretivo_assinado_assinado_a   876.5KB
16:28:06 INFO     ✓ [111/132] mpor_ptd_2025_2027_anexo_de_entregas_assinado_assi   175.1KB
16:28:09 INFO     ✓ [112/132] mps_ptd_2025-2026_docdiretivo_final_assinado-1_ass  1024.4KB
16:28:11 INFO     ✓ [113/132] mps_ptd_2025-2026_anexo_de_entregas_final_assinado   165.0KB
16:28:14 INFO     ✓ [114/132] mre_ptd_docdiretivo_assinado_2025_2026_assinado_as   760.9KB
16:28:16 INFO     ✓ [115/132] mre_ptd_anexo_de_entregas_assinado_v1_assinado_ass   233.2KB
16:28:19 INFO     ✓ [116/132] mte_ptd_2025_2026_docdiretivo_assinado_assinado_as   729.6KB
16:28:22 INFO     ✓ [117/132] mte_ptd_anexo_de_entregas_assinado_v1__281_29_assi   459.5KB
16:28:25 INFO     ✓ [118/132] mtur_ptd_docdiretiv_assinado_30_01_2025_assinado_a  1050.4KB
16:28:27 INFO     ✓ [119/132] mtur_ptd_anexo_de_entregas_assinado_30_01_2025_ass   118.8KB
16:28:30 INFO     ✓ [120/132] pf_ptd_docdiretivo_2025_2027_assinado-copia_tarjad   964.3KB
16:28:32 INFO     ✓ [121/132] pf_ptd_anexo_de_entregas_2025_2027_assinado-copia_    62.5KB
16:28:35 INFO     ✓ [122/132] mf_ptd_2026_2027_anexo_de_entregas_4_mf_pgfn_assin   466.8KB
16:28:44 INFO     ✓ [123/132] previc_plano_de_transformacao_digital_2025_2026_29  6652.7KB
16:28:46 INFO     ✓ [124/132] previc_ptd_repactuacao_2025-2026_assinado_assinado   182.9KB
16:28:49 INFO     ✓ [125/132] prf_documentodiretivo_ptd_2026-2027_assinado_tarja   535.9KB
16:28:51 INFO     ✓ [126/132] prf_anexo_de_entregas_do_ptd__2026_2027___ptd___en   157.7KB
16:28:54 INFO     ✓ [127/132] mf_ptd_2026_2027_anexo_de_entregas_2_mf_rfb_assina   253.7KB
16:28:57 INFO     ✓ [128/132] sgpr_ptd_2026_2027_docdiretivo_assinado-copia_tarj   791.2KB
16:29:00 INFO     ✓ [129/132] sgpr_ptd_2025_2027_anexo_de_entregas_assinado-copi   897.9KB
16:29:02 INFO     ✓ [130/132] mf_ptd_2026_2027_anexo_de_entregas_3_mf_stn_assina   467.8KB
16:29:06 INFO     ✓ [131/132] susep_ptd_2025_2027_docdiretivo-assinado-copia_tar  1030.1KB
16:29:08 INFO     ✓ [132/132] susep_ptd_2025-2026_anexo_de_entregas_final_assina   221.9KB
16:29:09 INFO     132 OK | 0 erros | 123.3 MB total
16:29:15 INFO     Sanity: 132 PDFs | 113 texto | 19 imagem/OCR | 0 duplicatas
16:29:15 INFO     --siglas (debug): 15 PDFs de ['AGU', 'FIOCRUZ', 'FUNAI', 'FUNDACENTRO', 'INCRA', 'ITI', 'MCOM', 'SGPR']
16:29:15 INFO     DocumentConverter instanciado (singleton × 2: plain + OCR)
16:29:15 INFO     [1/15] → agu_ptd_2025_2027_anexo_de_entregas_assinado_assinado_assinado-copia_tarjada.pdf
16:29:15 INFO     detected formats: [<InputFormat.PDF: 'pdf'>]
16:29:15 INFO     Going to convert document batch...
16:29:15 INFO     Initializing pipeline for StandardPdfPipeline with options hash bc6794697da537796efc497178f9263f
16:29:15 INFO     Loading plugin 'docling_defaults'
16:29:15 INFO     Registered picture descriptions: ['picture_description_vlm_engine', 'vlm', 'api']
16:29:15 INFO     Loading plugin 'docling_defaults'
16:29:15 INFO     Registered ocr engines: ['auto', 'easyocr', 'kserve_v2_ocr', 'ocrmac', 'rapidocr', 'tesserocr', 'tesseract']
16:29:15 INFO     command: tesseract --list-langs
16:29:15 INFO     Loading plugin 'docling_defaults'
16:29:15 INFO     Registered layout engines: ['layout_object_detection', 'docling_layout_default', 'docling_experimental_table_crops_layout']
16:29:15 INFO     Accelerator device: 'cpu'
16:29:15 INFO     HTTP Request: GET https://huggingface.co/api/models/docling-project/docling-layout-heron/revision/main "HTTP/1.1 200 OK"
16:29:15 INFO     HTTP Request: HEAD https://huggingface.co/docling-project/docling-layout-heron/resolve/8f39ad3c0b4c58e9c2d2c84a38465abf757272d8/README.md "HTTP/1.1 307 Temporary Redirect"
16:29:15 INFO     HTTP Request: HEAD https://huggingface.co/api/resolve-cache/models/docling-project/docling-layout-heron/8f39ad3c0b4c58e9c2d2c84a38465abf757272d8/README.md "HTTP/1.1 200 OK"
16:29:15 INFO     HTTP Request: HEAD https://huggingface.co/docling-project/docling-layout-heron/resolve/8f39ad3c0b4c58e9c2d2c84a38465abf757272d8/.gitattributes "HTTP/1.1 307 Temporary Redirect"
16:29:15 INFO     HTTP Request: HEAD https://huggingface.co/docling-project/docling-layout-heron/resolve/8f39ad3c0b4c58e9c2d2c84a38465abf757272d8/config.json "HTTP/1.1 307 Temporary Redirect"
16:29:15 INFO     HTTP Request: GET https://huggingface.co/api/resolve-cache/models/docling-project/docling-layout-heron/8f39ad3c0b4c58e9c2d2c84a38465abf757272d8/README.md "HTTP/1.1 200 OK"
16:29:15 INFO     HTTP Request: HEAD https://huggingface.co/docling-project/docling-layout-heron/resolve/8f39ad3c0b4c58e9c2d2c84a38465abf757272d8/model.safetensors "HTTP/1.1 302 Found"
16:29:15 INFO     HTTP Request: HEAD https://huggingface.co/docling-project/docling-layout-heron/resolve/8f39ad3c0b4c58e9c2d2c84a38465abf757272d8/preprocessor_config.json "HTTP/1.1 307 Temporary Redirect"
16:29:15 INFO     HTTP Request: HEAD https://huggingface.co/api/resolve-cache/models/docling-project/docling-layout-heron/8f39ad3c0b4c58e9c2d2c84a38465abf757272d8/.gitattributes "HTTP/1.1 200 OK"
16:29:15 INFO     HTTP Request: HEAD https://huggingface.co/api/resolve-cache/models/docling-project/docling-layout-heron/8f39ad3c0b4c58e9c2d2c84a38465abf757272d8/config.json "HTTP/1.1 200 OK"
16:29:15 INFO     HTTP Request: HEAD https://huggingface.co/api/resolve-cache/models/docling-project/docling-layout-heron/8f39ad3c0b4c58e9c2d2c84a38465abf757272d8/preprocessor_config.json "HTTP/1.1 200 OK"
16:29:15 INFO     HTTP Request: GET https://huggingface.co/api/resolve-cache/models/docling-project/docling-layout-heron/8f39ad3c0b4c58e9c2d2c84a38465abf757272d8/.gitattributes "HTTP/1.1 200 OK"
16:29:15 INFO     HTTP Request: GET https://huggingface.co/api/resolve-cache/models/docling-project/docling-layout-heron/8f39ad3c0b4c58e9c2d2c84a38465abf757272d8/config.json "HTTP/1.1 200 OK"
16:29:15 INFO     HTTP Request: GET https://huggingface.co/api/resolve-cache/models/docling-project/docling-layout-heron/8f39ad3c0b4c58e9c2d2c84a38465abf757272d8/preprocessor_config.json "HTTP/1.1 200 OK"
16:29:15 INFO     HTTP Request: GET https://huggingface.co/api/models/docling-project/docling-layout-heron/xet-read-token/8f39ad3c0b4c58e9c2d2c84a38465abf757272d8 "HTTP/1.1 200 OK"
16:29:15 INFO     HTTP Request: HEAD https://huggingface.co/docling-project/docling-layout-heron/resolve/8f39ad3c0b4c58e9c2d2c84a38465abf757272d8/docling_heron_400.png "HTTP/1.1 307 Temporary Redirect"
16:29:15 WARNING  Warning: You are sending unauthenticated requests to the HF Hub. Please set a HF_TOKEN to enable higher rate limits and faster downloads.
16:29:15 INFO     HTTP Request: HEAD https://huggingface.co/api/resolve-cache/models/docling-project/docling-layout-heron/8f39ad3c0b4c58e9c2d2c84a38465abf757272d8/docling_heron_400.png "HTTP/1.1 200 OK"
16:29:15 INFO     HTTP Request: GET https://huggingface.co/api/resolve-cache/models/docling-project/docling-layout-heron/8f39ad3c0b4c58e9c2d2c84a38465abf757272d8/docling_heron_400.png "HTTP/1.1 200 OK"
16:29:17 INFO     Loading plugin 'docling_defaults'
16:29:17 INFO     Registered table structure engines: ['docling_tableformer', 'docling_tableformer_v2']
16:29:17 INFO     HTTP Request: GET https://huggingface.co/api/models/docling-project/docling-models/revision/v2.3.0 "HTTP/1.1 200 OK"
16:29:17 INFO     HTTP Request: HEAD https://huggingface.co/docling-project/docling-models/resolve/fc0f2d45e2218ea24bce5045f58a389aed16dc23/.gitattributes "HTTP/1.1 307 Temporary Redirect"
16:29:17 INFO     HTTP Request: HEAD https://huggingface.co/docling-project/docling-models/resolve/fc0f2d45e2218ea24bce5045f58a389aed16dc23/model_artifacts/tableformer/accurate/tm_config.json "HTTP/1.1 307 Temporary Redirect"
16:29:17 INFO     HTTP Request: HEAD https://huggingface.co/docling-project/docling-models/resolve/fc0f2d45e2218ea24bce5045f58a389aed16dc23/model_artifacts/tableformer/accurate/tableformer_accurate.safetensors "HTTP/1.1 302 Found"
16:29:17 INFO     HTTP Request: HEAD https://huggingface.co/docling-project/docling-models/resolve/fc0f2d45e2218ea24bce5045f58a389aed16dc23/.gitignore "HTTP/1.1 307 Temporary Redirect"
16:29:17 INFO     HTTP Request: HEAD https://huggingface.co/docling-project/docling-models/resolve/fc0f2d45e2218ea24bce5045f58a389aed16dc23/config.json "HTTP/1.1 307 Temporary Redirect"
16:29:17 INFO     HTTP Request: HEAD https://huggingface.co/api/resolve-cache/models/docling-project/docling-models/fc0f2d45e2218ea24bce5045f58a389aed16dc23/.gitattributes "HTTP/1.1 200 OK"
16:29:17 INFO     HTTP Request: HEAD https://huggingface.co/api/resolve-cache/models/docling-project/docling-models/fc0f2d45e2218ea24bce5045f58a389aed16dc23/model_artifacts%2Ftableformer%2Faccurate%2Ftm_config.json "HTTP/1.1 200 OK"
16:29:17 INFO     HTTP Request: HEAD https://huggingface.co/api/resolve-cache/models/docling-project/docling-models/fc0f2d45e2218ea24bce5045f58a389aed16dc23/.gitignore "HTTP/1.1 200 OK"
16:29:17 INFO     HTTP Request: HEAD https://huggingface.co/api/resolve-cache/models/docling-project/docling-models/fc0f2d45e2218ea24bce5045f58a389aed16dc23/config.json "HTTP/1.1 200 OK"
16:29:17 INFO     HTTP Request: HEAD https://huggingface.co/docling-project/docling-models/resolve/fc0f2d45e2218ea24bce5045f58a389aed16dc23/model_artifacts/tableformer/fast/tableformer_fast.safetensors "HTTP/1.1 302 Found"
16:29:17 INFO     HTTP Request: HEAD https://huggingface.co/docling-project/docling-models/resolve/fc0f2d45e2218ea24bce5045f58a389aed16dc23/model_artifacts/tableformer/fast/tm_config.json "HTTP/1.1 307 Temporary Redirect"
16:29:17 INFO     HTTP Request: GET https://huggingface.co/api/resolve-cache/models/docling-project/docling-models/fc0f2d45e2218ea24bce5045f58a389aed16dc23/.gitattributes "HTTP/1.1 200 OK"
16:29:17 INFO     HTTP Request: HEAD https://huggingface.co/docling-project/docling-models/resolve/fc0f2d45e2218ea24bce5045f58a389aed16dc23/README.md "HTTP/1.1 307 Temporary Redirect"
16:29:17 INFO     HTTP Request: GET https://huggingface.co/api/resolve-cache/models/docling-project/docling-models/fc0f2d45e2218ea24bce5045f58a389aed16dc23/model_artifacts%2Ftableformer%2Faccurate%2Ftm_config.json "HTTP/1.1 200 OK"
16:29:17 INFO     HTTP Request: HEAD https://huggingface.co/api/resolve-cache/models/docling-project/docling-models/fc0f2d45e2218ea24bce5045f58a389aed16dc23/model_artifacts%2Ftableformer%2Ffast%2Ftm_config.json "HTTP/1.1 200 OK"
16:29:17 INFO     HTTP Request: GET https://huggingface.co/api/models/docling-project/docling-models/xet-read-token/fc0f2d45e2218ea24bce5045f58a389aed16dc23 "HTTP/1.1 200 OK"
16:29:17 INFO     HTTP Request: GET https://huggingface.co/api/resolve-cache/models/docling-project/docling-models/fc0f2d45e2218ea24bce5045f58a389aed16dc23/.gitignore "HTTP/1.1 200 OK"
16:29:17 INFO     HTTP Request: GET https://huggingface.co/api/resolve-cache/models/docling-project/docling-models/fc0f2d45e2218ea24bce5045f58a389aed16dc23/config.json "HTTP/1.1 200 OK"
16:29:17 INFO     HTTP Request: HEAD https://huggingface.co/api/resolve-cache/models/docling-project/docling-models/fc0f2d45e2218ea24bce5045f58a389aed16dc23/README.md "HTTP/1.1 200 OK"
16:29:17 INFO     HTTP Request: GET https://huggingface.co/api/models/docling-project/docling-models/xet-read-token/fc0f2d45e2218ea24bce5045f58a389aed16dc23 "HTTP/1.1 200 OK"
16:29:17 INFO     HTTP Request: GET https://huggingface.co/api/resolve-cache/models/docling-project/docling-models/fc0f2d45e2218ea24bce5045f58a389aed16dc23/model_artifacts%2Ftableformer%2Ffast%2Ftm_config.json "HTTP/1.1 200 OK"
16:29:17 INFO     HTTP Request: GET https://huggingface.co/api/resolve-cache/models/docling-project/docling-models/fc0f2d45e2218ea24bce5045f58a389aed16dc23/README.md "HTTP/1.1 200 OK"
16:29:18 INFO     Accelerator device: 'cpu'
16:29:19 INFO     Processing document agu_ptd_2025_2027_anexo_de_entregas_assinado_assinado_assinado-copia_tarjada.pdf
16:29:19 INFO     command: tesseract --psm 0 -l osd /tmp/tmpnnhzfw0x.png stdout
16:29:20 INFO     command: tesseract -l por /tmp/tmpnnhzfw0x.png stdout tsv
16:29:23 INFO     command: tesseract --psm 0 -l osd /tmp/tmpi02asc6_.png stdout
16:29:24 INFO     command: tesseract -l por /tmp/tmpi02asc6_.png stdout tsv
16:29:44 INFO     Finished converting document agu_ptd_2025_2027_anexo_de_entregas_assinado_assinado_assinado-copia_tarjada.pdf in 28.79 sec.
16:29:44 INFO       pixel_budget (Docling) agu_ptd_2025_2027_anexo_de_entregas_assinado_assinado_assinado-copia_tarjada.pdf: 45.8% (área tabelas/1001817 px²)
16:29:44 INFO     [1/15] ✓ AGU       :   33 entregas | 28.8s | ETA ~6min
16:29:44 INFO     [2/15] → agu_ptd_2025_2027_docdiretivo_assinado_assinado_assinado-copia_tarjada.pdf
16:29:44 INFO     detected formats: [<InputFormat.PDF: 'pdf'>]
16:29:44 INFO     Going to convert document batch...
16:29:44 INFO     Processing document agu_ptd_2025_2027_docdiretivo_assinado_assinado_assinado-copia_tarjada.pdf
16:29:45 INFO     command: tesseract --psm 0 -l osd /tmp/tmpbrsu6467.png stdout
16:29:45 INFO     command: tesseract -l por /tmp/tmpbrsu6467.png stdout tsv
16:29:47 INFO     command: tesseract --psm 0 -l osd /tmp/tmpw6nxrrnk.png stdout
16:29:48 INFO     command: tesseract -l por /tmp/tmpw6nxrrnk.png stdout tsv
16:29:53 INFO     command: tesseract --psm 0 -l osd /tmp/tmpl7d6jh75.png stdout
16:29:54 INFO     command: tesseract -l por /tmp/tmpl7d6jh75.png stdout tsv
16:29:56 INFO     command: tesseract --psm 0 -l osd /tmp/tmp4knlg6k4.png stdout
16:29:57 INFO     command: tesseract -l por /tmp/tmp4knlg6k4.png stdout tsv
16:29:59 INFO     command: tesseract --psm 0 -l osd /tmp/tmpz8m0uygf.png stdout
16:29:59 INFO     command: tesseract -l por /tmp/tmpz8m0uygf.png stdout tsv
16:30:02 INFO     command: tesseract --psm 0 -l osd /tmp/tmpsan5bn1g.png stdout
16:30:03 INFO     command: tesseract -l por /tmp/tmpsan5bn1g.png stdout tsv
16:30:12 INFO     command: tesseract --psm 0 -l osd /tmp/tmpq3215wuc.png stdout
16:30:13 INFO     command: tesseract -l por /tmp/tmpq3215wuc.png stdout tsv
16:30:15 INFO     command: tesseract --psm 0 -l osd /tmp/tmp92jbxdjj.png stdout
16:30:16 INFO     command: tesseract -l por /tmp/tmp92jbxdjj.png stdout tsv
16:30:18 INFO     command: tesseract --psm 0 -l osd /tmp/tmpen2px7zv.png stdout
16:30:19 INFO     command: tesseract -l por /tmp/tmpen2px7zv.png stdout tsv
16:30:21 INFO     command: tesseract --psm 0 -l osd /tmp/tmpdrzl824j.png stdout
16:30:23 INFO     command: tesseract -l por /tmp/tmpdrzl824j.png stdout tsv
16:30:33 INFO     command: tesseract --psm 0 -l osd /tmp/tmpiil961xu.png stdout
16:30:34 INFO     command: tesseract -l por /tmp/tmpiil961xu.png stdout tsv
16:30:38 INFO     Finished converting document agu_ptd_2025_2027_docdiretivo_assinado_assinado_assinado-copia_tarjada.pdf in 53.91 sec.
16:30:38 INFO       pixel_budget (Docling) agu_ptd_2025_2027_docdiretivo_assinado_assinado_assinado-copia_tarjada.pdf: 2.1% (área tabelas/5513330 px²)
16:30:38 INFO     [2/15] ✓ AGU       :    6 entregas | 53.9s | ETA ~8min
16:30:38 INFO     [3/15] → anexo-de-entregas-mcom_ptd-25_27-copia_tarjada.pdf
16:30:38 INFO     detected formats: [<InputFormat.PDF: 'pdf'>]
16:30:38 INFO     Going to convert document batch...
16:30:38 INFO     Processing document anexo-de-entregas-mcom_ptd-25_27-copia_tarjada.pdf
16:30:39 INFO     command: tesseract --psm 0 -l osd /tmp/tmpg01q5ehx.png stdout
16:30:40 INFO     command: tesseract -l por /tmp/tmpg01q5ehx.png stdout tsv
16:30:42 INFO     command: tesseract --psm 0 -l osd /tmp/tmpisoxuvz5.png stdout
16:30:44 INFO     command: tesseract -l por /tmp/tmpisoxuvz5.png stdout tsv
16:30:57 INFO     command: tesseract --psm 0 -l osd /tmp/tmpe9befty6.png stdout
16:30:58 INFO     command: tesseract -l por /tmp/tmpe9befty6.png stdout tsv
16:31:18 INFO     Finished converting document anexo-de-entregas-mcom_ptd-25_27-copia_tarjada.pdf in 39.62 sec.
16:31:18 INFO       pixel_budget (Docling) anexo-de-entregas-mcom_ptd-25_27-copia_tarjada.pdf: 55.2% (área tabelas/1503636 px²)
16:31:18 INFO     [3/15] ✓ MCOM      :   55 entregas | 39.6s | ETA ~8min
16:31:18 INFO     [4/15] → documento-diretivo-mcom-_-ptd-25_27-copia_tarjada.pdf
16:31:18 INFO     detected formats: [<InputFormat.PDF: 'pdf'>]
16:31:18 INFO     Going to convert document batch...
16:31:18 INFO     Processing document documento-diretivo-mcom-_-ptd-25_27-copia_tarjada.pdf
16:31:18 INFO     command: tesseract --psm 0 -l osd /tmp/tmpt777n2gz.png stdout
16:31:19 INFO     command: tesseract -l por /tmp/tmpt777n2gz.png stdout tsv
16:31:22 INFO     command: tesseract --psm 0 -l osd /tmp/tmp_w8bdbz_.png stdout
16:31:23 INFO     command: tesseract -l por /tmp/tmp_w8bdbz_.png stdout tsv
16:31:28 INFO     command: tesseract --psm 0 -l osd /tmp/tmp98kwptvj.png stdout
16:31:29 INFO     command: tesseract -l por /tmp/tmp98kwptvj.png stdout tsv
16:31:30 INFO     command: tesseract --psm 0 -l osd /tmp/tmph0cxhhe7.png stdout
16:31:31 INFO     command: tesseract -l por /tmp/tmph0cxhhe7.png stdout tsv
16:31:33 INFO     command: tesseract --psm 0 -l osd /tmp/tmph0c_32_i.png stdout
16:31:33 INFO     command: tesseract -l por /tmp/tmph0c_32_i.png stdout tsv
16:31:36 INFO     command: tesseract --psm 0 -l osd /tmp/tmpha30w8zq.png stdout
16:31:37 INFO     command: tesseract -l por /tmp/tmpha30w8zq.png stdout tsv
16:31:49 INFO     command: tesseract --psm 0 -l osd /tmp/tmp0f4anoyh.png stdout
16:31:50 INFO     command: tesseract -l por /tmp/tmp0f4anoyh.png stdout tsv
16:31:54 INFO     command: tesseract --psm 0 -l osd /tmp/tmpy0r4cne_.png stdout
16:31:54 INFO     command: tesseract -l por /tmp/tmpy0r4cne_.png stdout tsv
16:31:57 INFO     command: tesseract --psm 0 -l osd /tmp/tmpd15kio0p.png stdout
16:31:57 INFO     command: tesseract -l por /tmp/tmpd15kio0p.png stdout tsv
16:31:59 INFO     command: tesseract --psm 0 -l osd /tmp/tmp8ieyz1da.png stdout
16:32:01 INFO     command: tesseract -l por /tmp/tmp8ieyz1da.png stdout tsv
16:32:07 INFO     command: tesseract --psm 0 -l osd /tmp/tmp8009_44g.png stdout
16:32:08 INFO     command: tesseract -l por /tmp/tmp8009_44g.png stdout tsv
16:32:13 INFO     command: tesseract --psm 0 -l osd /tmp/tmp6ar98c_3.png stdout
16:32:14 INFO     command: tesseract -l por /tmp/tmp6ar98c_3.png stdout tsv
16:32:16 INFO     command: tesseract --psm 0 -l osd /tmp/tmpmaqhw1g1.png stdout
16:32:16 INFO     command: tesseract -l por /tmp/tmpmaqhw1g1.png stdout tsv
16:32:18 INFO     command: tesseract --psm 0 -l osd /tmp/tmpu_bs_q86.png stdout
16:32:19 INFO     command: tesseract -l por /tmp/tmpu_bs_q86.png stdout tsv
16:32:25 INFO     Finished converting document documento-diretivo-mcom-_-ptd-25_27-copia_tarjada.pdf in 67.52 sec.
16:32:25 INFO       pixel_budget (Docling) documento-diretivo-mcom-_-ptd-25_27-copia_tarjada.pdf: 10.8% (área tabelas/7016966 px²)
16:32:25 WARNING  [4/15] ⚠ MCOM      :    0 entregas | 67.5s | ETA ~8min
16:32:25 INFO     [5/15] → fiocruz-ptd-06_2024-copia_tarjada.pdf
16:32:25 INFO     detected formats: [<InputFormat.PDF: 'pdf'>]
16:32:25 INFO     Going to convert document batch...
16:32:25 INFO     Initializing pipeline for StandardPdfPipeline with options hash d18651824ca6fe56cf3ccb20424ac2c8
16:32:25 INFO     Accelerator device: 'cpu'
16:32:25 INFO     HTTP Request: GET https://huggingface.co/api/models/docling-project/docling-layout-heron/revision/main "HTTP/1.1 200 OK"
16:32:26 INFO     HTTP Request: GET https://huggingface.co/api/models/docling-project/docling-models/revision/v2.3.0 "HTTP/1.1 200 OK"
16:32:26 INFO     Accelerator device: 'cpu'
16:32:26 INFO     Processing document fiocruz-ptd-06_2024-copia_tarjada.pdf
16:33:34 INFO     Finished converting document fiocruz-ptd-06_2024-copia_tarjada.pdf in 68.74 sec.
16:33:34 INFO       pixel_budget (Docling) fiocruz-ptd-06_2024-copia_tarjada.pdf: 36.4% (área tabelas/7518178 px²)
16:33:34 WARNING  [5/15] ⚠ FIOCRUZ   :    0 entregas | 68.8s | ETA ~8min
16:33:34 INFO     [6/15] → fiocruz_novo-ptd_2-1_docdiretivo_repactuacao_2024-2026_assinado_assinado-copia_tarjada.pdf
16:33:34 INFO     detected formats: [<InputFormat.PDF: 'pdf'>]
16:33:34 INFO     Going to convert document batch...
16:33:34 INFO     Processing document fiocruz_novo-ptd_2-1_docdiretivo_repactuacao_2024-2026_assinado_assinado-copia_tarjada.pdf
16:33:52 INFO     Finished converting document fiocruz_novo-ptd_2-1_docdiretivo_repactuacao_2024-2026_assinado_assinado-copia_tarjada.pdf in 18.00 sec.
16:33:52 INFO       pixel_budget (Docling) fiocruz_novo-ptd_2-1_docdiretivo_repactuacao_2024-2026_assinado_assinado-copia_tarjada.pdf: 11.3% (área tabelas/5012118 px²)
16:33:52 WARNING  [6/15] ⚠ FIOCRUZ   :    0 entregas | 18.0s | ETA ~6min
16:33:52 INFO     [7/15] → fiocruz_ptd_anexo_de_entregas_assinado_v1_assinado_assinado-1-copia_tarjada.pdf
16:33:52 INFO     detected formats: [<InputFormat.PDF: 'pdf'>]
16:33:52 INFO     Going to convert document batch...
16:33:52 INFO     Processing document fiocruz_ptd_anexo_de_entregas_assinado_v1_assinado_assinado-1-copia_tarjada.pdf
16:34:24 INFO     Finished converting document fiocruz_ptd_anexo_de_entregas_assinado_v1_assinado_assinado-1-copia_tarjada.pdf in 31.68 sec.
16:34:24 INFO       pixel_budget (Docling) fiocruz_ptd_anexo_de_entregas_assinado_v1_assinado_assinado-1-copia_tarjada.pdf: 54.7% (área tabelas/2004847 px²)
16:34:24 INFO     [7/15] ✓ FIOCRUZ   :   61 entregas | 31.7s | ETA ~5min
16:34:24 INFO     [8/15] → funai_anexo_de_entregas_repactuado_2026_2027_assinado_assinado_assinado.pdf
16:34:24 INFO     detected formats: [<InputFormat.PDF: 'pdf'>]
16:34:24 INFO     Going to convert document batch...
16:34:24 INFO     Processing document funai_anexo_de_entregas_repactuado_2026_2027_assinado_assinado_assinado.pdf
16:34:24 INFO     command: tesseract --psm 0 -l osd /tmp/tmpdrpydqxy.png stdout
16:34:25 INFO     command: tesseract -l por /tmp/tmpdrpydqxy.png stdout tsv
16:34:39 INFO     Finished converting document funai_anexo_de_entregas_repactuado_2026_2027_assinado_assinado_assinado.pdf in 14.98 sec.
16:34:39 INFO       pixel_budget (Docling) funai_anexo_de_entregas_repactuado_2026_2027_assinado_assinado_assinado.pdf: 49.8% (área tabelas/501212 px²)
16:34:39 INFO     [8/15] ✓ FUNAI     :   21 entregas | 15.0s | ETA ~4min
16:34:39 INFO     [9/15] → funai_ptd_2025_2027_docdiretivo_assinado-1_tarjado.pdf
16:34:39 INFO     detected formats: [<InputFormat.PDF: 'pdf'>]
16:34:39 INFO     Going to convert document batch...
16:34:39 INFO     Processing document funai_ptd_2025_2027_docdiretivo_assinado-1_tarjado.pdf
16:34:40 INFO     command: tesseract --psm 0 -l osd /tmp/tmp0hb4ib2b.png stdout
16:34:41 INFO     command: tesseract -l por /tmp/tmp0hb4ib2b.png stdout tsv
16:34:42 INFO     command: tesseract --psm 0 -l osd /tmp/tmpnc1bnyst.png stdout
16:34:43 INFO     command: tesseract -l por /tmp/tmpnc1bnyst.png stdout tsv
16:34:45 INFO     command: tesseract --psm 0 -l osd /tmp/tmph8ysfiby.png stdout
16:34:46 INFO     command: tesseract -l por /tmp/tmph8ysfiby.png stdout tsv
16:34:48 INFO     command: tesseract --psm 0 -l osd /tmp/tmpit8marqq.png stdout
16:34:49 INFO     command: tesseract -l por /tmp/tmpit8marqq.png stdout tsv
16:34:50 INFO     command: tesseract --psm 0 -l osd /tmp/tmp025idwsk.png stdout
16:34:51 INFO     command: tesseract -l por /tmp/tmp025idwsk.png stdout tsv
16:34:53 INFO     command: tesseract --psm 0 -l osd /tmp/tmpysgzy827.png stdout
16:34:55 INFO     command: tesseract -l por /tmp/tmpysgzy827.png stdout tsv
16:35:05 INFO     command: tesseract --psm 0 -l osd /tmp/tmpzinh0qjy.png stdout
16:35:06 INFO     command: tesseract -l por /tmp/tmpzinh0qjy.png stdout tsv
16:35:07 INFO     command: tesseract --psm 0 -l osd /tmp/tmpirzkruh5.png stdout
16:35:08 INFO     command: tesseract -l por /tmp/tmpirzkruh5.png stdout tsv
16:35:09 INFO     command: tesseract --psm 0 -l osd /tmp/tmpl05id1y3.png stdout
16:35:10 INFO     command: tesseract -l por /tmp/tmpl05id1y3.png stdout tsv
16:35:12 INFO     command: tesseract --psm 0 -l osd /tmp/tmpfs_lt1hu.png stdout
16:35:13 INFO     command: tesseract -l por /tmp/tmpfs_lt1hu.png stdout tsv
16:35:22 INFO     command: tesseract --psm 0 -l osd /tmp/tmpdc5ymcuu.png stdout
16:35:23 INFO     command: tesseract -l por /tmp/tmpdc5ymcuu.png stdout tsv
16:35:28 INFO     command: tesseract --psm 0 -l osd /tmp/tmpnfevoqj5.png stdout
16:35:29 INFO     command: tesseract -l por /tmp/tmpnfevoqj5.png stdout tsv
16:35:31 INFO     command: tesseract --psm 0 -l osd /tmp/tmpnj4phdg7.png stdout
16:35:32 INFO     command: tesseract -l por /tmp/tmpnj4phdg7.png stdout tsv
16:35:38 INFO     Finished converting document funai_ptd_2025_2027_docdiretivo_assinado-1_tarjado.pdf in 59.76 sec.
16:35:38 INFO       pixel_budget (Docling) funai_ptd_2025_2027_docdiretivo_assinado-1_tarjado.pdf: 16.4% (área tabelas/6515754 px²)
16:35:38 INFO     [9/15] ✓ FUNAI     :    8 entregas | 59.8s | ETA ~4min
16:35:38 INFO     [10/15] → incra_anexo_de_entregas_assinado-1_assinado_assinado-copia_tarjada.pdf
16:35:38 INFO     detected formats: [<InputFormat.PDF: 'pdf'>]
16:35:38 INFO     Going to convert document batch...
16:35:38 INFO     Processing document incra_anexo_de_entregas_assinado-1_assinado_assinado-copia_tarjada.pdf
16:35:39 INFO     command: tesseract --psm 0 -l osd /tmp/tmphjt8oj34.png stdout
16:35:40 INFO     command: tesseract -l por /tmp/tmphjt8oj34.png stdout tsv
16:35:43 INFO     command: tesseract --psm 0 -l osd /tmp/tmptynsncn_.png stdout
16:35:44 INFO     command: tesseract -l por /tmp/tmptynsncn_.png stdout tsv
16:35:49 INFO     command: tesseract --psm 0 -l osd /tmp/tmp7raafiq_.png stdout
16:35:51 INFO     command: tesseract -l por /tmp/tmp7raafiq_.png stdout tsv
16:35:54 INFO     command: tesseract --psm 0 -l osd /tmp/tmphsx9rf7e.png stdout
16:35:55 INFO     command: tesseract -l por /tmp/tmphsx9rf7e.png stdout tsv
16:35:57 INFO     command: tesseract --psm 0 -l osd /tmp/tmp2b2n3vdy.png stdout
16:35:58 INFO     command: tesseract -l por /tmp/tmp2b2n3vdy.png stdout tsv
16:37:26 INFO     Finished converting document incra_anexo_de_entregas_assinado-1_assinado_assinado-copia_tarjada.pdf in 107.86 sec.
16:37:26 INFO       pixel_budget (Docling) incra_anexo_de_entregas_assinado-1_assinado_assinado-copia_tarjada.pdf: 30.0% (área tabelas/2423520 px²)
16:37:26 INFO     [10/15] ✓ INCRA     :   10 entregas | 107.9s | ETA ~4min
16:37:26 INFO     [11/15] → incra_ptd_docdiretivo__assinado-1_assinado_assinado-copia_tarjada.pdf
16:37:26 INFO     detected formats: [<InputFormat.PDF: 'pdf'>]
16:37:26 INFO     Going to convert document batch...
16:37:26 INFO     Processing document incra_ptd_docdiretivo__assinado-1_assinado_assinado-copia_tarjada.pdf
16:37:27 INFO     command: tesseract --psm 0 -l osd /tmp/tmpbckl0o4m.png stdout
16:37:28 INFO     command: tesseract -l por /tmp/tmpbckl0o4m.png stdout tsv
16:37:30 INFO     command: tesseract --psm 0 -l osd /tmp/tmppyabx_gz.png stdout
16:37:31 INFO     command: tesseract -l por /tmp/tmppyabx_gz.png stdout tsv
16:37:37 INFO     command: tesseract --psm 0 -l osd /tmp/tmpt8scs0d7.png stdout
16:37:38 INFO     command: tesseract -l por /tmp/tmpt8scs0d7.png stdout tsv
16:37:40 INFO     command: tesseract --psm 0 -l osd /tmp/tmp0b5ubfsm.png stdout
16:37:41 INFO     command: tesseract -l por /tmp/tmp0b5ubfsm.png stdout tsv
16:37:42 INFO     command: tesseract --psm 0 -l osd /tmp/tmpnm86oscb.png stdout
16:37:43 INFO     command: tesseract -l por /tmp/tmpnm86oscb.png stdout tsv
16:37:45 INFO     command: tesseract --psm 0 -l osd /tmp/tmpz3t5vxo7.png stdout
16:37:47 INFO     command: tesseract -l por /tmp/tmpz3t5vxo7.png stdout tsv
16:38:04 INFO     command: tesseract --psm 0 -l osd /tmp/tmpfjxr5x_s.png stdout
16:38:05 INFO     command: tesseract -l por /tmp/tmpfjxr5x_s.png stdout tsv
16:38:06 INFO     command: tesseract --psm 0 -l osd /tmp/tmpg_w1c0oj.png stdout
16:38:07 INFO     command: tesseract -l por /tmp/tmpg_w1c0oj.png stdout tsv
16:38:08 INFO     command: tesseract --psm 0 -l osd /tmp/tmp5g27r1jy.png stdout
16:38:09 INFO     command: tesseract -l por /tmp/tmp5g27r1jy.png stdout tsv
16:38:11 INFO     command: tesseract --psm 0 -l osd /tmp/tmp765dt1sk.png stdout
16:38:12 INFO     command: tesseract -l por /tmp/tmp765dt1sk.png stdout tsv
16:38:18 INFO     command: tesseract --psm 0 -l osd /tmp/tmp7teck7x1.png stdout
16:38:19 INFO     command: tesseract -l por /tmp/tmp7teck7x1.png stdout tsv
16:38:24 INFO     command: tesseract --psm 0 -l osd /tmp/tmp2bhbbi0_.png stdout
16:38:25 INFO     command: tesseract -l por /tmp/tmp2bhbbi0_.png stdout tsv
16:38:30 INFO     command: tesseract --psm 0 -l osd /tmp/tmpc6f5lvvn.png stdout
16:38:31 INFO     command: tesseract -l por /tmp/tmpc6f5lvvn.png stdout tsv
16:38:38 INFO     Finished converting document incra_ptd_docdiretivo__assinado-1_assinado_assinado-copia_tarjada.pdf in 72.05 sec.
16:38:38 INFO       pixel_budget (Docling) incra_ptd_docdiretivo__assinado-1_assinado_assinado-copia_tarjada.pdf: 20.2% (área tabelas/6515754 px²)
16:38:38 INFO     [11/15] ✓ INCRA     :    9 entregas | 72.1s | ETA ~3min
16:38:38 INFO     [12/15] → iti_anexo_de_entregas_assinado.pdf
16:38:38 INFO     detected formats: [<InputFormat.PDF: 'pdf'>]
16:38:38 INFO     Going to convert document batch...
16:38:38 INFO     Processing document iti_anexo_de_entregas_assinado.pdf
16:38:39 INFO     command: tesseract --psm 0 -l osd /tmp/tmpylfw68qk.png stdout
16:38:40 INFO     command: tesseract -l por /tmp/tmpylfw68qk.png stdout tsv
16:38:56 INFO     Finished converting document iti_anexo_de_entregas_assinado.pdf in 17.50 sec.
16:38:56 INFO       pixel_budget (Docling) iti_anexo_de_entregas_assinado.pdf: 57.2% (área tabelas/501212 px²)
16:38:56 INFO     [12/15] ✓ ITI       :   31 entregas | 17.5s | ETA ~2min
16:38:56 INFO     [13/15] → iti_doc_diretivo_assinado-1_tarjado.pdf
16:38:56 INFO     detected formats: [<InputFormat.PDF: 'pdf'>]
16:38:56 INFO     Going to convert document batch...
16:38:56 INFO     Processing document iti_doc_diretivo_assinado-1_tarjado.pdf
16:38:56 INFO     command: tesseract --psm 0 -l osd /tmp/tmptoa_cc3g.png stdout
16:38:57 INFO     command: tesseract -l por /tmp/tmptoa_cc3g.png stdout tsv
16:38:59 INFO     command: tesseract --psm 0 -l osd /tmp/tmp8_w2azwv.png stdout
16:39:00 INFO     command: tesseract -l por /tmp/tmp8_w2azwv.png stdout tsv
16:39:04 INFO     command: tesseract --psm 0 -l osd /tmp/tmpfmx3x0h8.png stdout
16:39:05 INFO     command: tesseract -l por /tmp/tmpfmx3x0h8.png stdout tsv
16:39:07 INFO     command: tesseract --psm 0 -l osd /tmp/tmp2l6elq3n.png stdout
16:39:08 INFO     command: tesseract -l por /tmp/tmp2l6elq3n.png stdout tsv
16:39:09 INFO     command: tesseract --psm 0 -l osd /tmp/tmpr95n8fdg.png stdout
16:39:10 INFO     command: tesseract -l por /tmp/tmpr95n8fdg.png stdout tsv
16:39:12 INFO     command: tesseract --psm 0 -l osd /tmp/tmpuw3qjstt.png stdout
16:39:14 INFO     command: tesseract -l por /tmp/tmpuw3qjstt.png stdout tsv
16:39:31 INFO     command: tesseract --psm 0 -l osd /tmp/tmpynpx77nn.png stdout
16:39:32 INFO     command: tesseract -l por /tmp/tmpynpx77nn.png stdout tsv
16:39:34 INFO     command: tesseract --psm 0 -l osd /tmp/tmp8pwyv8bm.png stdout
16:39:34 INFO     command: tesseract -l por /tmp/tmp8pwyv8bm.png stdout tsv
16:39:37 INFO     command: tesseract --psm 0 -l osd /tmp/tmpjhmntps7.png stdout
16:39:37 INFO     command: tesseract -l por /tmp/tmpjhmntps7.png stdout tsv
16:39:40 INFO     command: tesseract --psm 0 -l osd /tmp/tmpnqja_zt0.png stdout
16:39:41 INFO     command: tesseract -l por /tmp/tmpnqja_zt0.png stdout tsv
16:39:46 INFO     command: tesseract --psm 0 -l osd /tmp/tmpseln6k5y.png stdout
16:39:47 INFO     command: tesseract -l por /tmp/tmpseln6k5y.png stdout tsv
16:39:54 INFO     Finished converting document iti_doc_diretivo_assinado-1_tarjado.pdf in 58.15 sec.
16:39:54 INFO       pixel_budget (Docling) iti_doc_diretivo_assinado-1_tarjado.pdf: 8.0% (área tabelas/5516339 px²)
16:39:54 INFO     [13/15] ✓ ITI       :    6 entregas | 58.2s | ETA ~1min
16:39:54 INFO     [14/15] → sgpr_ptd_2025_2027_anexo_de_entregas_assinado-copia_tarjada.pdf
16:39:54 INFO     detected formats: [<InputFormat.PDF: 'pdf'>]
16:39:54 INFO     Going to convert document batch...
16:39:54 INFO     Processing document sgpr_ptd_2025_2027_anexo_de_entregas_assinado-copia_tarjada.pdf
16:39:55 INFO     command: tesseract --psm 0 -l osd /tmp/tmp8oe1ibg0.png stdout
16:39:56 INFO     command: tesseract -l por /tmp/tmp8oe1ibg0.png stdout tsv
16:39:59 INFO     command: tesseract --psm 0 -l osd /tmp/tmpxju94ddm.png stdout
16:40:00 INFO     command: tesseract -l por /tmp/tmpxju94ddm.png stdout tsv
16:40:11 INFO     Finished converting document sgpr_ptd_2025_2027_anexo_de_entregas_assinado-copia_tarjada.pdf in 17.19 sec.
16:40:11 INFO       pixel_budget (Docling) sgpr_ptd_2025_2027_anexo_de_entregas_assinado-copia_tarjada.pdf: 29.5% (área tabelas/1002424 px²)
16:40:11 INFO     [14/15] ✓ SGPR      :   15 entregas | 17.2s | ETA ~47s
16:40:11 INFO     [15/15] → sgpr_ptd_2026_2027_docdiretivo_assinado-copia_tarjada.pdf
16:40:11 INFO     detected formats: [<InputFormat.PDF: 'pdf'>]
16:40:11 INFO     Going to convert document batch...
16:40:11 INFO     Processing document sgpr_ptd_2026_2027_docdiretivo_assinado-copia_tarjada.pdf
16:40:31 INFO     Finished converting document sgpr_ptd_2026_2027_docdiretivo_assinado-copia_tarjada.pdf in 19.54 sec.
16:40:31 INFO       pixel_budget (Docling) sgpr_ptd_2026_2027_docdiretivo_assinado-copia_tarjada.pdf: 8.2% (área tabelas/5513330 px²)
16:40:31 WARNING  [15/15] ⚠ SGPR      :    0 entregas | 19.6s | ETA ~0s
16:40:31 INFO     255 registros | 7 órgãos
16:40:31 INFO     ╔══════════════════════════════════════════════════════════════╗
16:40:31 INFO     ║                  ENTREGAS — fase concluída                   ║
16:40:31 INFO     ║  Processados: 15    |  ✓ 11  ⚠ 4                             ║
16:40:31 INFO     ║  Duração: 11.3 min                                           ║
16:40:31 INFO     ║  255 registros | 7 órgãos                                    ║
16:40:31 INFO     ╚══════════════════════════════════════════════════════════════╝
16:40:31 INFO     [1/7] → agu_ptd_2025_2027_docdiretivo_assinado_assinado_assinado-copia_tarjada.pdf
16:40:31 INFO     detected formats: [<InputFormat.PDF: 'pdf'>]
16:40:31 INFO     Going to convert document batch...
16:40:31 INFO     Processing document agu_ptd_2025_2027_docdiretivo_assinado_assinado_assinado-copia_tarjada.pdf
16:40:31 INFO     command: tesseract --psm 0 -l osd /tmp/tmp83w1tnn0.png stdout
16:40:32 INFO     command: tesseract -l por /tmp/tmp83w1tnn0.png stdout tsv
16:40:34 INFO     command: tesseract --psm 0 -l osd /tmp/tmp00_0h0fx.png stdout
16:40:35 INFO     command: tesseract -l por /tmp/tmp00_0h0fx.png stdout tsv
16:40:39 INFO     command: tesseract --psm 0 -l osd /tmp/tmp5gj_imde.png stdout
16:40:39 INFO     command: tesseract -l por /tmp/tmp5gj_imde.png stdout tsv
16:40:42 INFO     command: tesseract --psm 0 -l osd /tmp/tmpzu3y_lb5.png stdout
16:40:42 INFO     command: tesseract -l por /tmp/tmpzu3y_lb5.png stdout tsv
16:40:45 INFO     command: tesseract --psm 0 -l osd /tmp/tmp7z1sm0jt.png stdout
16:40:45 INFO     command: tesseract -l por /tmp/tmp7z1sm0jt.png stdout tsv
16:40:47 INFO     command: tesseract --psm 0 -l osd /tmp/tmpsablm1xx.png stdout
16:40:49 INFO     command: tesseract -l por /tmp/tmpsablm1xx.png stdout tsv
16:40:59 INFO     command: tesseract --psm 0 -l osd /tmp/tmpltdpo6hl.png stdout
16:41:00 INFO     command: tesseract -l por /tmp/tmpltdpo6hl.png stdout tsv
16:41:02 INFO     command: tesseract --psm 0 -l osd /tmp/tmpdnaiszsd.png stdout
16:41:03 INFO     command: tesseract -l por /tmp/tmpdnaiszsd.png stdout tsv
16:41:06 INFO     command: tesseract --psm 0 -l osd /tmp/tmp_afj707z.png stdout
16:41:06 INFO     command: tesseract -l por /tmp/tmp_afj707z.png stdout tsv
16:41:08 INFO     command: tesseract --psm 0 -l osd /tmp/tmpmniuhyz_.png stdout
16:41:10 INFO     command: tesseract -l por /tmp/tmpmniuhyz_.png stdout tsv
16:41:26 INFO     command: tesseract --psm 0 -l osd /tmp/tmpma01m56i.png stdout
16:41:26 INFO     command: tesseract -l por /tmp/tmpma01m56i.png stdout tsv
16:41:30 INFO     Finished converting document agu_ptd_2025_2027_docdiretivo_assinado_assinado_assinado-copia_tarjada.pdf in 58.98 sec.
16:41:30 INFO     [1/7] ✓ AGU       :   7 riscos | 59.0s | ETA ~5min
16:41:30 INFO     [2/7] → documento-diretivo-mcom-_-ptd-25_27-copia_tarjada.pdf
16:41:30 INFO     detected formats: [<InputFormat.PDF: 'pdf'>]
16:41:30 INFO     Going to convert document batch...
16:41:30 INFO     Processing document documento-diretivo-mcom-_-ptd-25_27-copia_tarjada.pdf
16:41:30 INFO     command: tesseract --psm 0 -l osd /tmp/tmpcbv7c9j7.png stdout
16:41:31 INFO     command: tesseract -l por /tmp/tmpcbv7c9j7.png stdout tsv
16:41:33 INFO     command: tesseract --psm 0 -l osd /tmp/tmp4_yb5cs7.png stdout
16:41:34 INFO     command: tesseract -l por /tmp/tmp4_yb5cs7.png stdout tsv
16:41:40 INFO     command: tesseract --psm 0 -l osd /tmp/tmpln5i6fv7.png stdout
16:41:41 INFO     command: tesseract -l por /tmp/tmpln5i6fv7.png stdout tsv
16:41:42 INFO     command: tesseract --psm 0 -l osd /tmp/tmp88ailb4x.png stdout
16:41:43 INFO     command: tesseract -l por /tmp/tmp88ailb4x.png stdout tsv
16:41:45 INFO     command: tesseract --psm 0 -l osd /tmp/tmpv5lyj1tv.png stdout
16:41:46 INFO     command: tesseract -l por /tmp/tmpv5lyj1tv.png stdout tsv
16:41:48 INFO     command: tesseract --psm 0 -l osd /tmp/tmpll7jcj73.png stdout
16:41:50 INFO     command: tesseract -l por /tmp/tmpll7jcj73.png stdout tsv
16:42:07 INFO     command: tesseract --psm 0 -l osd /tmp/tmprci_0xi3.png stdout
16:42:08 INFO     command: tesseract -l por /tmp/tmprci_0xi3.png stdout tsv
16:42:09 INFO     command: tesseract --psm 0 -l osd /tmp/tmpt1_51uzj.png stdout
16:42:10 INFO     command: tesseract -l por /tmp/tmpt1_51uzj.png stdout tsv
16:42:13 INFO     command: tesseract --psm 0 -l osd /tmp/tmp8xngjluc.png stdout
16:42:13 INFO     command: tesseract -l por /tmp/tmp8xngjluc.png stdout tsv
16:42:15 INFO     command: tesseract --psm 0 -l osd /tmp/tmpxz4kedzi.png stdout
16:42:17 INFO     command: tesseract -l por /tmp/tmpxz4kedzi.png stdout tsv
16:42:23 INFO     command: tesseract --psm 0 -l osd /tmp/tmpjuxrbgqc.png stdout
16:42:23 INFO     command: tesseract -l por /tmp/tmpjuxrbgqc.png stdout tsv
16:42:28 INFO     command: tesseract --psm 0 -l osd /tmp/tmp9hvdhbw7.png stdout
16:42:29 INFO     command: tesseract -l por /tmp/tmp9hvdhbw7.png stdout tsv
16:42:31 INFO     command: tesseract --psm 0 -l osd /tmp/tmpyfpv_iru.png stdout
16:42:32 INFO     command: tesseract -l por /tmp/tmpyfpv_iru.png stdout tsv
16:42:34 INFO     command: tesseract --psm 0 -l osd /tmp/tmpvnnn3bjz.png stdout
16:42:35 INFO     command: tesseract -l por /tmp/tmpvnnn3bjz.png stdout tsv
16:42:40 INFO     Finished converting document documento-diretivo-mcom-_-ptd-25_27-copia_tarjada.pdf in 70.73 sec.
16:42:40 INFO     [2/7] ✓ MCOM      :  14 riscos | 70.7s | ETA ~5min
16:42:40 INFO     [3/7] → fiocruz_novo-ptd_2-1_docdiretivo_repactuacao_2024-2026_assinado_assinado-copia_tarjada.pdf
16:42:40 INFO     detected formats: [<InputFormat.PDF: 'pdf'>]
16:42:40 INFO     Going to convert document batch...
16:42:40 INFO     Processing document fiocruz_novo-ptd_2-1_docdiretivo_repactuacao_2024-2026_assinado_assinado-copia_tarjada.pdf
16:42:58 INFO     Finished converting document fiocruz_novo-ptd_2-1_docdiretivo_repactuacao_2024-2026_assinado_assinado-copia_tarjada.pdf in 17.76 sec.
16:42:58 INFO     [3/7] ✓ FIOCRUZ   :   6 riscos | 17.8s | ETA ~3min
16:42:58 INFO     [4/7] → funai_ptd_2025_2027_docdiretivo_assinado-1_tarjado.pdf
16:42:58 INFO     detected formats: [<InputFormat.PDF: 'pdf'>]
16:42:58 INFO     Going to convert document batch...
16:42:58 INFO     Processing document funai_ptd_2025_2027_docdiretivo_assinado-1_tarjado.pdf
16:43:00 INFO     command: tesseract --psm 0 -l osd /tmp/tmpr6a1jeqw.png stdout
16:43:00 INFO     command: tesseract -l por /tmp/tmpr6a1jeqw.png stdout tsv
16:43:01 INFO     command: tesseract --psm 0 -l osd /tmp/tmpg5_83bs2.png stdout
16:43:03 INFO     command: tesseract -l por /tmp/tmpg5_83bs2.png stdout tsv
16:43:06 INFO     command: tesseract --psm 0 -l osd /tmp/tmphwen57dz.png stdout
16:43:07 INFO     command: tesseract -l por /tmp/tmphwen57dz.png stdout tsv
16:43:09 INFO     command: tesseract --psm 0 -l osd /tmp/tmpvl2_xhkl.png stdout
16:43:10 INFO     command: tesseract -l por /tmp/tmpvl2_xhkl.png stdout tsv
16:43:11 INFO     command: tesseract --psm 0 -l osd /tmp/tmpf388copv.png stdout
16:43:12 INFO     command: tesseract -l por /tmp/tmpf388copv.png stdout tsv
16:43:14 INFO     command: tesseract --psm 0 -l osd /tmp/tmpf96vrw34.png stdout
16:43:16 INFO     command: tesseract -l por /tmp/tmpf96vrw34.png stdout tsv
16:43:26 INFO     command: tesseract --psm 0 -l osd /tmp/tmpkf_do3cs.png stdout
16:43:27 INFO     command: tesseract -l por /tmp/tmpkf_do3cs.png stdout tsv
16:43:28 INFO     command: tesseract --psm 0 -l osd /tmp/tmpmzyo3k7k.png stdout
16:43:29 INFO     command: tesseract -l por /tmp/tmpmzyo3k7k.png stdout tsv
16:43:30 INFO     command: tesseract --psm 0 -l osd /tmp/tmpcv6n3oep.png stdout
16:43:31 INFO     command: tesseract -l por /tmp/tmpcv6n3oep.png stdout tsv
16:43:33 INFO     command: tesseract --psm 0 -l osd /tmp/tmpl3qy08hl.png stdout
16:43:34 INFO     command: tesseract -l por /tmp/tmpl3qy08hl.png stdout tsv
16:43:51 INFO     command: tesseract --psm 0 -l osd /tmp/tmpsvdccasc.png stdout
16:43:52 INFO     command: tesseract -l por /tmp/tmpsvdccasc.png stdout tsv
16:43:56 INFO     command: tesseract --psm 0 -l osd /tmp/tmpf884c_f2.png stdout
16:43:56 INFO     command: tesseract -l por /tmp/tmpf884c_f2.png stdout tsv
16:43:58 INFO     command: tesseract --psm 0 -l osd /tmp/tmpwl0pz80k.png stdout
16:43:59 INFO     command: tesseract -l por /tmp/tmpwl0pz80k.png stdout tsv
16:44:06 INFO     Finished converting document funai_ptd_2025_2027_docdiretivo_assinado-1_tarjado.pdf in 67.46 sec.
16:44:06 INFO     [4/7] ✓ FUNAI     :  15 riscos | 67.5s | ETA ~2min
16:44:06 INFO     [5/7] → incra_ptd_docdiretivo__assinado-1_assinado_assinado-copia_tarjada.pdf
16:44:06 INFO     detected formats: [<InputFormat.PDF: 'pdf'>]
16:44:06 INFO     Going to convert document batch...
16:44:06 INFO     Processing document incra_ptd_docdiretivo__assinado-1_assinado_assinado-copia_tarjada.pdf
16:44:07 INFO     command: tesseract --psm 0 -l osd /tmp/tmp725gljmf.png stdout
16:44:07 INFO     command: tesseract -l por /tmp/tmp725gljmf.png stdout tsv
16:44:10 INFO     command: tesseract --psm 0 -l osd /tmp/tmp2ix08aas.png stdout
16:44:11 INFO     command: tesseract -l por /tmp/tmp2ix08aas.png stdout tsv
16:44:17 INFO     command: tesseract --psm 0 -l osd /tmp/tmp4vma32dd.png stdout
16:44:18 INFO     command: tesseract -l por /tmp/tmp4vma32dd.png stdout tsv
16:44:20 INFO     command: tesseract --psm 0 -l osd /tmp/tmp2qj7w1ki.png stdout
16:44:20 INFO     command: tesseract -l por /tmp/tmp2qj7w1ki.png stdout tsv
16:44:22 INFO     command: tesseract --psm 0 -l osd /tmp/tmpeo55mk5t.png stdout
16:44:23 INFO     command: tesseract -l por /tmp/tmpeo55mk5t.png stdout tsv
16:44:25 INFO     command: tesseract --psm 0 -l osd /tmp/tmprtzzberx.png stdout
16:44:27 INFO     command: tesseract -l por /tmp/tmprtzzberx.png stdout tsv
16:44:44 INFO     command: tesseract --psm 0 -l osd /tmp/tmpj7yudlo2.png stdout
16:44:45 INFO     command: tesseract -l por /tmp/tmpj7yudlo2.png stdout tsv
16:44:46 INFO     command: tesseract --psm 0 -l osd /tmp/tmpl_y45z6s.png stdout
16:44:47 INFO     command: tesseract -l por /tmp/tmpl_y45z6s.png stdout tsv
16:44:49 INFO     command: tesseract --psm 0 -l osd /tmp/tmpdtlgv_wq.png stdout
16:44:49 INFO     command: tesseract -l por /tmp/tmpdtlgv_wq.png stdout tsv
16:44:51 INFO     command: tesseract --psm 0 -l osd /tmp/tmpy6cz7s7s.png stdout
16:44:53 INFO     command: tesseract -l por /tmp/tmpy6cz7s7s.png stdout tsv
16:44:57 INFO     command: tesseract --psm 0 -l osd /tmp/tmpj5ai00y7.png stdout
16:44:58 INFO     command: tesseract -l por /tmp/tmpj5ai00y7.png stdout tsv
16:45:05 INFO     command: tesseract --psm 0 -l osd /tmp/tmpypltu2qd.png stdout
16:45:06 INFO     command: tesseract -l por /tmp/tmpypltu2qd.png stdout tsv
16:45:10 INFO     command: tesseract --psm 0 -l osd /tmp/tmpcrccf484.png stdout
16:45:11 INFO     command: tesseract -l por /tmp/tmpcrccf484.png stdout tsv
16:45:19 INFO     Finished converting document incra_ptd_docdiretivo__assinado-1_assinado_assinado-copia_tarjada.pdf in 73.00 sec.
16:45:19 INFO     [5/7] ✓ INCRA     :  15 riscos | 73.0s | ETA ~1min
16:45:19 INFO     [6/7] → iti_doc_diretivo_assinado-1_tarjado.pdf
16:45:19 INFO     detected formats: [<InputFormat.PDF: 'pdf'>]
16:45:19 INFO     Going to convert document batch...
16:45:19 INFO     Processing document iti_doc_diretivo_assinado-1_tarjado.pdf
16:45:19 INFO     command: tesseract --psm 0 -l osd /tmp/tmpu78t9obz.png stdout
16:45:20 INFO     command: tesseract -l por /tmp/tmpu78t9obz.png stdout tsv
16:45:22 INFO     command: tesseract --psm 0 -l osd /tmp/tmpo5tt7ztb.png stdout
16:45:24 INFO     command: tesseract -l por /tmp/tmpo5tt7ztb.png stdout tsv
16:45:28 INFO     command: tesseract --psm 0 -l osd /tmp/tmpccqaeuwl.png stdout
16:45:28 INFO     command: tesseract -l por /tmp/tmpccqaeuwl.png stdout tsv
16:45:30 INFO     command: tesseract --psm 0 -l osd /tmp/tmpkqrhbnul.png stdout
16:45:31 INFO     command: tesseract -l por /tmp/tmpkqrhbnul.png stdout tsv
16:45:33 INFO     command: tesseract --psm 0 -l osd /tmp/tmpjjda166t.png stdout
16:45:33 INFO     command: tesseract -l por /tmp/tmpjjda166t.png stdout tsv
16:45:36 INFO     command: tesseract --psm 0 -l osd /tmp/tmph_rbjywx.png stdout
16:45:37 INFO     command: tesseract -l por /tmp/tmph_rbjywx.png stdout tsv
16:45:52 INFO     command: tesseract --psm 0 -l osd /tmp/tmp3w3mqt3o.png stdout
16:45:53 INFO     command: tesseract -l por /tmp/tmp3w3mqt3o.png stdout tsv
16:45:55 INFO     command: tesseract --psm 0 -l osd /tmp/tmpab8kb0pr.png stdout
16:45:56 INFO     command: tesseract -l por /tmp/tmpab8kb0pr.png stdout tsv
16:45:58 INFO     command: tesseract --psm 0 -l osd /tmp/tmpdi_wmtc2.png stdout
16:45:59 INFO     command: tesseract -l por /tmp/tmpdi_wmtc2.png stdout tsv
16:46:01 INFO     command: tesseract --psm 0 -l osd /tmp/tmptg_kkohs.png stdout
16:46:02 INFO     command: tesseract -l por /tmp/tmptg_kkohs.png stdout tsv
16:46:08 INFO     command: tesseract --psm 0 -l osd /tmp/tmpgmya1xqb.png stdout
16:46:09 INFO     command: tesseract -l por /tmp/tmpgmya1xqb.png stdout tsv
16:46:18 INFO     Finished converting document iti_doc_diretivo_assinado-1_tarjado.pdf in 59.49 sec.
16:46:18 INFO     [6/7] ✓ ITI       :  14 riscos | 59.5s | ETA ~58s
16:46:18 INFO     [7/7] → sgpr_ptd_2026_2027_docdiretivo_assinado-copia_tarjada.pdf
16:46:18 INFO     detected formats: [<InputFormat.PDF: 'pdf'>]
16:46:18 INFO     Going to convert document batch...
16:46:18 INFO     Processing document sgpr_ptd_2026_2027_docdiretivo_assinado-copia_tarjada.pdf
16:46:38 INFO     Finished converting document sgpr_ptd_2026_2027_docdiretivo_assinado-copia_tarjada.pdf in 20.03 sec.
16:46:38 INFO     [7/7] ✓ SGPR      :  10 riscos | 20.0s | ETA ~0s
16:46:38 INFO     ╔══════════════════════════════════════════════════════════════╗
16:46:38 INFO     ║                   RISCOS — fase concluída                    ║
16:46:38 INFO     ║  Processados: 7     |  ✓ 7  ⚠ 0                              ║
16:46:38 INFO     ║  Duração: 6.1 min                                            ║
16:46:38 INFO     ║  81 riscos | 7 órgãos                                        ║
16:46:38 INFO     ╚══════════════════════════════════════════════════════════════╝
16:46:38 INFO     81 riscos | 0 ações | 135 relações
16:46:38 INFO     ptd_corpus_raw                     : 255 linhas
16:46:38 INFO     ptd_pivot_eixos                    : 7 linhas
16:46:42 INFO     ptd_datas_assinatura               : 132 linhas
16:46:42 INFO     ptd_riscos                         : 81 linhas
16:46:42 INFO     ptd_riscos_acoes                   : 135 linhas
16:46:42 INFO     Manifesto salvo: pipeline_manifest.json | SHA-256 de 132 PDFs
16:46:42 INFO     ==================================================
16:46:42 INFO     PTD-BR v3.0-melhorado — PIPELINE CONCLUÍDO
16:46:42 INFO     ==================================================
16:46:42 INFO     ptd_corpus_raw.csv                        155 KB
16:46:42 INFO     ptd_pivot_eixos.csv                         0 KB
16:46:42 INFO     ptd_datas_assinatura.csv                    9 KB
16:46:42 INFO     ptd_riscos.csv                             23 KB
16:46:42 INFO     ptd_riscos_acoes.csv                        2 KB
16:46:42 INFO     proveniencia.json                           0 KB
16:46:42 INFO     pipeline_manifest.json                     20 KB
16:46:42 INFO     📦 Artefatos: https://github.com/freirelucas/teste/actions/runs/23953254698
16:46:42 INFO     ==================================================
