22:54:23 INFO     Docling disponível
22:54:23 WARNING  OCR fallback indisponível (IndentationError: unexpected indent (ptd_ocr_fallback.py, line 45))
22:54:24 INFO     Ignorado (guia/template/norma): ABNT-NBR-17225-Acessibilidade-Digital.pdf
22:54:24 INFO     Ignorado (guia/template/norma): cgrep-guia10passos-ptd-orgao.pdf
22:54:24 INFO     Ignorado (guia/template/norma): ABNT-NBR-17225-Acessibilidade-Digital.pdf
22:54:24 INFO     Scraping: 132 PDFs únicos | entregas: 68 | diretivos: 61
22:54:24 INFO     Baixando 132 PDFs únicos...
22:54:27 INFO     ✓ [  1/132] abin_ptd_anexo_de_entregas_assinado_pelo_orgao_ass   293.3KB
22:54:31 INFO     ✓ [  2/132] aeb_ptd_2025_2027_docdiretivo_aprovado_assinado-1_  1033.7KB
22:54:34 INFO     ✓ [  3/132] aeb_ptd_2025_2027_anexo_de_entregas_aprovado_assin   154.5KB
22:54:41 INFO     ✓ [  4/132] agu_ptd_2025_2027_docdiretivo_assinado_assinado_as  2860.3KB
22:54:44 INFO     ✓ [  5/132] agu_ptd_2025_2027_anexo_de_entregas_assinado_assin   525.5KB
22:54:47 INFO     ✓ [  6/132] ana_ptd_2025_2027_docdiretivo_assinado_assinado_as   477.2KB
22:54:49 INFO     ✓ [  7/132] ana_ptd_2025_2027_anexoentregas_assinado_assinado_   170.9KB
22:54:53 INFO     ✓ [  8/132] anac_ptd_2025_2026_docdiretivo_se_assinado_tarjado  1036.3KB
22:54:56 INFO     ✓ [  9/132] anac_ptd_2025_2026_anexo_de_entregas_se_assinado.p   215.2KB
22:55:00 INFO     ✓ [ 10/132] anatel_ptd_docdiretivo_assinado_2025_2026_assinado  1006.0KB
22:55:02 INFO     ✓ [ 11/132] anatel_ptd_2025_2026_anexo_de_entregas_do_ptd_publ    71.9KB
22:55:06 INFO     ✓ [ 12/132] ancine_ptd_2024_2026_docdiretivo_assinado-2_assina   961.8KB
22:55:09 INFO     ✓ [ 13/132] ancine_ptd_2024_2026_-_anexo_de_entregas_aprovado_   613.2KB
22:55:13 INFO     ✓ [ 14/132] ptd_aneel_2025-2027_docdiretivo_assinado_tarjado.p   779.6KB
22:55:15 INFO     ✓ [ 15/132] ptd_aneel_2025-2027_anexo_de_entregas_assinado.pdf   111.9KB
22:55:19 INFO     ✓ [ 16/132] anm_ptd_2025_2027_docdiretivo_assinadopeloorgao_ta  1092.5KB
22:55:23 INFO     ✓ [ 17/132] anm_ptd_2025_2027_anexo_entregas_assinadopeloorgao  1140.4KB
22:55:27 INFO     ✓ [ 18/132] anpd_ptd_2025_2027_docdiretivo_assinado_assinado_a  1044.3KB
22:55:30 INFO     ✓ [ 19/132] anpd_ptd_2025_2027_anexo_de_entregas_assinado_assi   166.5KB
22:55:33 INFO     ✓ [ 20/132] ans-plano_de_transformacao_digital_assinado-copia_  1023.4KB
22:55:36 INFO     ✓ [ 21/132] ans_ptd_2025_2026_anexo_de_entregas_assinado_assin   124.1KB
22:55:40 INFO     ✓ [ 22/132] antaq_ptd_2025_2027_docdiretivo_assinado_assinado_  1039.8KB
22:55:42 INFO     ✓ [ 23/132] antaq_ptd_2025_2027_anexoentregas_assinado_assinad   145.1KB
22:55:45 INFO     ✓ [ 24/132] mt_anexo_de_entregas_-_assinado_assinado_assinado_   143.6KB
22:55:57 INFO     ✓ [ 25/132] anvisa_ptd_docdiretivo_2025-2026_assinado_assinado  5771.2KB
22:55:59 INFO     ✓ [ 26/132] anvisa_ptd_anexo_de_entregas_2025_2026_assinado_as   239.0KB
22:56:03 INFO     ✓ [ 27/132] bcb_documento_diretivo_assinado_assinado_assinado-   713.7KB
22:56:05 INFO     ✓ [ 28/132] bcb_anexo_de_entregas_ptd_25_26-1_assinado_assinad   134.8KB
22:56:08 INFO     ✓ [ 29/132] cade_ptd_docdiretivo_2025_2026_assinado-2_assinado   810.4KB
22:56:12 INFO     ✓ [ 30/132] cade_ptd_anexo_de_entregas_2025_2026_assinado_copi   504.0KB
22:56:15 INFO     ✓ [ 31/132] mec_ptd_docdiretivo_2025-2026_sei_mec-5566673_copi   863.1KB
22:56:18 INFO     ✓ [ 32/132] mec_ptd_anexo-de-entregas_sei_mec-5576401_copia_ta   495.7KB
22:56:23 INFO     ✓ [ 33/132] mec_ptd_docdiretivo-versao-comunicacao_copia_tarja  1616.5KB
22:56:27 INFO     ✓ [ 34/132] md_ptd_2026_2027_anexo_de_entregas_assinado_assina   579.4KB
22:56:29 INFO     ✓ [ 35/132] md_ptd_2026_2027_anexo_de_entregas_assinado_assina   186.8KB
22:56:33 INFO     ✓ [ 36/132] md_ptd_temp_copia_tarjada.pdf                        741.9KB
22:56:37 INFO     ✓ [ 37/132] cgu_ptd_docdiretivo_assinado_assinado_assinado-cop  1085.4KB
22:56:40 INFO     ✓ [ 38/132] cgu_ptd_anexo_de_entregas_pactuadas_assinado_assin   514.1KB
22:56:43 INFO     ✓ [ 39/132] cnpq_ptd_2025_2027_docdiretivo_assinado_assinado_a   342.9KB
22:56:45 INFO     ✓ [ 40/132] cnpq_ptd_2025_2027_anexo_de_entregas_assinado_assi   136.1KB
22:56:49 INFO     ✓ [ 41/132] coaf_ptd_2025_2026_documento_diretivo_assinado_ass  1068.0KB
22:56:56 INFO     ✓ [ 42/132] coaf_ptd_2025_2026_anexo_de_entregas-2_assinado_as  3184.5KB
22:57:04 INFO     ✓ [ 43/132] ptd_midr-docdiretivo_aprovado_assinado_tarjado.pdf  3864.1KB
22:57:08 INFO     ✓ [ 44/132] ptd_midr_-_anexo_de_entregas_-_aprovado_assinado.p  1122.0KB
22:57:12 INFO     ✓ [ 45/132] mda-documento-diretivo-assinado_ptd-2025-207-copia   955.8KB
22:57:15 INFO     ✓ [ 46/132] cvm_ptd_2025_2027_docdiretivo_assinado_assinado_as   270.5KB
22:57:17 INFO     ✓ [ 47/132] cvm_ptd_2025_2027_anexoentregas_assinado_assinado_   409.0KB
22:57:21 INFO     ✓ [ 48/132] dnocs_ptd_doc_diretivo_2025_2026_assinado_orgao-2_   891.1KB
22:57:24 INFO     ✓ [ 49/132] dnocs_anexo_de_entregas_repactuado_2025_2026_assin   272.3KB
22:57:31 INFO     ✓ [ 50/132] fbn_ptd_2025_2027_docdiretivo_assinado-1_tarjado.p  2921.6KB
22:57:33 INFO     ✓ [ 51/132] fbn_ptd_2025_2027_anexo_de_entregas_assinado-1.pdf   162.3KB
22:57:38 INFO     ✓ [ 52/132] fcp_ptd_2025_2027_docdiretivo_assinado-1_tarjado.p  1612.0KB
22:57:40 INFO     ✓ [ 53/132] fcp_ptd_2025_2027_anexo_de_entregas_assinado-1.pdf   118.8KB
22:57:44 INFO     ✓ [ 54/132] fcrb_ptd_2025_2026_docdiretivo_aprovado_assinado-1   998.2KB
22:57:47 INFO     ✓ [ 55/132] fcrb_ptd_2025_2026_anexo_de_entregas_aprovado_assi   313.5KB
22:57:51 INFO     ✓ [ 56/132] fiocruz_novo-ptd_2-1_docdiretivo_repactuacao_2024-  1318.1KB
22:57:54 INFO     ✓ [ 57/132] fiocruz_ptd_anexo_de_entregas_assinado_v1_assinado   257.1KB
22:57:58 INFO     ✓ [ 58/132] fiocruz-ptd-06_2024-copia_tarjada.pdf               1693.8KB
22:58:03 INFO     ✓ [ 59/132] funai_ptd_2025_2027_docdiretivo_assinado-1_tarjado  1842.1KB
22:58:06 INFO     ✓ [ 60/132] funai_anexo_de_entregas_repactuado_2026_2027_assin   435.7KB
22:58:10 INFO     ✓ [ 61/132] funarte_ptd_docdiretivo_assinado_21_01_2025_assina   965.7KB
22:58:13 INFO     ✓ [ 62/132] funarte_ptd_anexo_de_entregas_assinado_v1_assinado   683.6KB
22:58:17 INFO     ✓ [ 63/132] fundacentro_ptd_2025_2027_docdiretivo_assinado_ass   826.6KB
22:58:20 INFO     ✓ [ 64/132] fundacentro_ptd_2025_2027_anexo_de_entregas_assina   635.5KB
22:58:24 INFO     ✓ [ 65/132] mma_ptd_docdiretivo_assinado_2025_2026-1_assinado_   949.3KB
22:58:27 INFO     ✓ [ 66/132] mma_ptd_anexo_de_entregas_aprovado_final_assinado_   174.8KB
22:58:31 INFO     ✓ [ 67/132] ibge_docdiretivo_2025_assinado_assinado_assinado-c  1167.3KB
22:58:33 INFO     ✓ [ 68/132] ibge_ptd_25_26_anexo_de_entregas_modelo_v2-1_assin   143.7KB
22:58:46 INFO     ✓ [ 69/132] incra_ptd_docdiretivo__assinado-1_assinado_assinad  7182.0KB
22:58:51 INFO     ✓ [ 70/132] incra_anexo_de_entregas_assinado-1_assinado_assina  1818.6KB
22:58:59 INFO     ✓ [ 71/132] inpi_ptd_docdiretivo_assinado_2025_2026_assinado_a  3322.4KB
22:59:05 INFO     ✓ [ 72/132] inpi_ptd_anexo_de_entregas_assinado_v1_assinado_as  3078.1KB
22:59:09 INFO     ✓ [ 73/132] inss_ptd_2025_2027_docdiretivo-assinado-copia_tarj  1173.3KB
22:59:12 INFO     ✓ [ 74/132] inss_ptd_2025_2027_anexo_de_entregas-assinado-copi   110.8KB
22:59:15 INFO     ✓ [ 75/132] iphan_ptd_docdiretivo_assinado_2025_2026_assinado_   885.7KB
22:59:18 INFO     ✓ [ 76/132] iphan_ptd_anexo_de_entregas_assinado_v1_assinado_a   310.9KB
22:59:28 INFO     ✓ [ 77/132] iti_doc_diretivo_assinado-1_tarjado.pdf             4905.1KB
22:59:31 INFO     ✓ [ 78/132] iti_anexo_de_entregas_assinado.pdf                   556.4KB
22:59:36 INFO     ✓ [ 79/132] mapa_ptd_2025_2027_docdiretivo_assinado-1_tarjado.  1740.9KB
22:59:39 INFO     ✓ [ 80/132] mapa_ptd_2025_2027_anexo_de_entregas_assinado-1.pd   261.9KB
22:59:48 INFO     ✓ [ 81/132] documento-diretivo-mcom-_-ptd-25_27-copia_tarjada.  4451.9KB
22:59:52 INFO     ✓ [ 82/132] anexo-de-entregas-mcom_ptd-25_27-copia_tarjada.pdf  1213.8KB
22:59:59 INFO     ✓ [ 83/132] ptd_21_24_mcom-copia_tarjada.pdf                    3040.7KB
23:00:02 INFO     ✓ [ 84/132] mcti_ptd_2025-2027_docdiretivo_assinado-copia_tarj  1030.7KB
23:00:05 INFO     ✓ [ 85/132] mcti_ptd_2025-2027_anexo-de-entregas_assinado-copi   145.8KB
23:00:08 INFO     ✓ [ 86/132] mda-anexo-entregas-assinado_ptd-2025-2027-copia-ta   284.6KB
23:00:11 INFO     ✓ [ 87/132] mdhc_ptd_2025_2027_docdiretivo_assinado_assinado_a   753.4KB
23:00:14 INFO     ✓ [ 88/132] mdhc_ptd_2025_2027_anexoentregas_assinado_assinado   186.8KB
23:00:16 INFO     ✓ [ 89/132] mdic_ptd_anexo_de_entregas_assinado_v1_assinado_as   176.6KB
23:00:20 INFO     ✓ [ 90/132] memp_ptd_2025_2026_docdiretivo_assinado_assinado_a  1030.1KB
23:00:23 INFO     ✓ [ 91/132] memp_ptd_2025_2026_anexo_de_entregas_assinado_assi   161.5KB
23:00:27 INFO     ✓ [ 92/132] mesp_ptd_2025_2027_docdiretivo_assinado_assinado_2  1147.7KB
23:00:29 INFO     ✓ [ 93/132] mesp_ptd_2025_2027_anexo_de_entregas_assinado_assi   226.6KB
23:00:33 INFO     ✓ [ 94/132] mf_ptd_2026_2027_documentodiretivo_assinado_assina   955.1KB
23:00:36 INFO     ✓ [ 95/132] mf_ptd_2026_2027_anexo_de_entregas_1_mf_se_assinad   241.2KB
23:00:39 INFO     ✓ [ 96/132] mgi_ptd_2025_2027_docdiretivo_assinado_assinado_as   375.2KB
23:00:41 INFO     ✓ [ 97/132] mgi_ptd_2025_2027_anexo_de_entregas_assinado_assin   256.1KB
23:00:45 INFO     ✓ [ 98/132] minc_ptd_2025_2027_docdiretivo_assinado-1_assinado   863.6KB
23:00:48 INFO     ✓ [ 99/132] minc_ptd_2025_2027_anexo_de_entregas_assinado-1_as   276.7KB
23:00:52 INFO     ✓ [100/132] mjsp_ptd_docdiretivo_assinado_2025_2026_assinado_a   954.0KB
23:00:55 INFO     ✓ [101/132] mjsp_ptd_anexo_de_entregas_assinado_v1_assinado_as   253.9KB
23:00:58 INFO     ✓ [102/132] mme_ptd_2025_2027_docdiretivo_assinado-copia_tarja   664.5KB
23:01:01 INFO     ✓ [103/132] mme_ptd_2025_2027_anexo_de_entregas_assinado__1_-c   111.1KB
23:01:05 INFO     ✓ [104/132] mmulheres_ptd_2025_2027_docdiretivo_assinado_assin  1078.3KB
23:01:07 INFO     ✓ [105/132] mmulheres_ptd_2025_2027_anexo_de_entregas_assinado   216.9KB
23:01:11 INFO     ✓ [106/132] mpi_ptd_2025_2027_docdiretivo_ministerio_dos_povos   947.9KB
23:01:14 INFO     ✓ [107/132] mpi_ptd_anexo_de_entregas_do_plano_de_tranformacao   191.9KB
23:01:17 INFO     ✓ [108/132] mpo_ptd_docdiretivo_assinado_2025_2026_assinado_as   806.3KB
23:01:20 INFO     ✓ [109/132] mpo_ptd_anexo_de_entregas_assinado_v1_assinado_ass   323.2KB
23:01:24 INFO     ✓ [110/132] mpor_ptd_2025_2027_docdiretivo_assinado_assinado_a   876.5KB
23:01:26 INFO     ✓ [111/132] mpor_ptd_2025_2027_anexo_de_entregas_assinado_assi   175.1KB
23:01:30 INFO     ✓ [112/132] mps_ptd_2025-2026_docdiretivo_final_assinado-1_ass  1024.4KB
23:01:33 INFO     ✓ [113/132] mps_ptd_2025-2026_anexo_de_entregas_final_assinado   165.0KB
23:01:36 INFO     ✓ [114/132] mre_ptd_docdiretivo_assinado_2025_2026_assinado_as   760.9KB
23:01:39 INFO     ✓ [115/132] mre_ptd_anexo_de_entregas_assinado_v1_assinado_ass   233.2KB
23:01:42 INFO     ✓ [116/132] mte_ptd_2025_2026_docdiretivo_assinado_assinado_as   729.6KB
23:01:46 INFO     ✓ [117/132] mte_ptd_anexo_de_entregas_assinado_v1__281_29_assi   459.5KB
23:01:50 INFO     ✓ [118/132] mtur_ptd_docdiretiv_assinado_30_01_2025_assinado_a  1050.4KB
23:01:52 INFO     ✓ [119/132] mtur_ptd_anexo_de_entregas_assinado_30_01_2025_ass   118.8KB
23:01:56 INFO     ✓ [120/132] pf_ptd_docdiretivo_2025_2027_assinado-copia_tarjad   964.3KB
23:01:58 INFO     ✓ [121/132] pf_ptd_anexo_de_entregas_2025_2027_assinado-copia_    62.5KB
23:02:01 INFO     ✓ [122/132] mf_ptd_2026_2027_anexo_de_entregas_4_mf_pgfn_assin   466.8KB
23:02:13 INFO     ✓ [123/132] previc_plano_de_transformacao_digital_2025_2026_29  6652.7KB
23:02:16 INFO     ✓ [124/132] previc_ptd_repactuacao_2025-2026_assinado_assinado   182.9KB
23:02:19 INFO     ✓ [125/132] prf_documentodiretivo_ptd_2026-2027_assinado_tarja   535.9KB
23:02:22 INFO     ✓ [126/132] prf_anexo_de_entregas_do_ptd__2026_2027___ptd___en   157.7KB
23:02:24 INFO     ✓ [127/132] mf_ptd_2026_2027_anexo_de_entregas_2_mf_rfb_assina   253.7KB
23:02:28 INFO     ✓ [128/132] sgpr_ptd_2026_2027_docdiretivo_assinado-copia_tarj   791.2KB
23:02:32 INFO     ✓ [129/132] sgpr_ptd_2025_2027_anexo_de_entregas_assinado-copi   897.9KB
23:02:35 INFO     ✓ [130/132] mf_ptd_2026_2027_anexo_de_entregas_3_mf_stn_assina   467.8KB
23:02:39 INFO     ✓ [131/132] susep_ptd_2025_2027_docdiretivo-assinado-copia_tar  1030.1KB
23:02:41 INFO     ✓ [132/132] susep_ptd_2025-2026_anexo_de_entregas_final_assina   221.9KB
23:02:43 INFO     132 OK | 0 erros | 123.3 MB total
23:02:49 INFO     Sanity: 132 PDFs | 113 texto | 19 imagem/OCR | 0 duplicatas
23:02:49 INFO     --siglas (debug): 15 PDFs de ['AGU', 'FIOCRUZ', 'FUNAI', 'FUNDACENTRO', 'INCRA', 'ITI', 'MCOM', 'SGPR']
23:02:49 INFO     DocumentConverter instanciado (singleton × 2: plain + OCR)
23:02:49 INFO     [1/15] → agu_ptd_2025_2027_anexo_de_entregas_assinado_assinado_assinado-copia_tarjada.pdf
23:02:49 INFO     detected formats: [<InputFormat.PDF: 'pdf'>]
23:02:49 INFO     Going to convert document batch...
23:02:49 INFO     Initializing pipeline for StandardPdfPipeline with options hash bc6794697da537796efc497178f9263f
23:02:49 INFO     Loading plugin 'docling_defaults'
23:02:49 INFO     Registered picture descriptions: ['picture_description_vlm_engine', 'vlm', 'api']
23:02:49 INFO     Loading plugin 'docling_defaults'
23:02:49 INFO     Registered ocr engines: ['auto', 'easyocr', 'kserve_v2_ocr', 'ocrmac', 'rapidocr', 'tesserocr', 'tesseract']
23:02:49 INFO     command: tesseract --list-langs
23:02:49 INFO     Loading plugin 'docling_defaults'
23:02:49 INFO     Registered layout engines: ['layout_object_detection', 'docling_layout_default', 'docling_experimental_table_crops_layout']
23:02:49 INFO     Accelerator device: 'cpu'
23:02:49 INFO     HTTP Request: GET https://huggingface.co/api/models/docling-project/docling-layout-heron/revision/main "HTTP/1.1 200 OK"
23:02:49 INFO     HTTP Request: HEAD https://huggingface.co/docling-project/docling-layout-heron/resolve/8f39ad3c0b4c58e9c2d2c84a38465abf757272d8/.gitattributes "HTTP/1.1 307 Temporary Redirect"
23:02:49 INFO     HTTP Request: HEAD https://huggingface.co/api/resolve-cache/models/docling-project/docling-layout-heron/8f39ad3c0b4c58e9c2d2c84a38465abf757272d8/.gitattributes "HTTP/1.1 200 OK"
23:02:49 INFO     HTTP Request: HEAD https://huggingface.co/docling-project/docling-layout-heron/resolve/8f39ad3c0b4c58e9c2d2c84a38465abf757272d8/config.json "HTTP/1.1 307 Temporary Redirect"
23:02:49 INFO     HTTP Request: HEAD https://huggingface.co/docling-project/docling-layout-heron/resolve/8f39ad3c0b4c58e9c2d2c84a38465abf757272d8/preprocessor_config.json "HTTP/1.1 307 Temporary Redirect"
23:02:49 WARNING  Warning: You are sending unauthenticated requests to the HF Hub. Please set a HF_TOKEN to enable higher rate limits and faster downloads.
23:02:49 INFO     HTTP Request: GET https://huggingface.co/api/resolve-cache/models/docling-project/docling-layout-heron/8f39ad3c0b4c58e9c2d2c84a38465abf757272d8/.gitattributes "HTTP/1.1 200 OK"
23:02:49 INFO     HTTP Request: HEAD https://huggingface.co/docling-project/docling-layout-heron/resolve/8f39ad3c0b4c58e9c2d2c84a38465abf757272d8/README.md "HTTP/1.1 307 Temporary Redirect"
23:02:49 INFO     HTTP Request: HEAD https://huggingface.co/docling-project/docling-layout-heron/resolve/8f39ad3c0b4c58e9c2d2c84a38465abf757272d8/docling_heron_400.png "HTTP/1.1 307 Temporary Redirect"
23:02:49 INFO     HTTP Request: HEAD https://huggingface.co/docling-project/docling-layout-heron/resolve/8f39ad3c0b4c58e9c2d2c84a38465abf757272d8/model.safetensors "HTTP/1.1 302 Found"
23:02:49 INFO     HTTP Request: HEAD https://huggingface.co/api/resolve-cache/models/docling-project/docling-layout-heron/8f39ad3c0b4c58e9c2d2c84a38465abf757272d8/config.json "HTTP/1.1 200 OK"
23:02:49 INFO     HTTP Request: HEAD https://huggingface.co/api/resolve-cache/models/docling-project/docling-layout-heron/8f39ad3c0b4c58e9c2d2c84a38465abf757272d8/preprocessor_config.json "HTTP/1.1 200 OK"
23:02:49 INFO     HTTP Request: HEAD https://huggingface.co/api/resolve-cache/models/docling-project/docling-layout-heron/8f39ad3c0b4c58e9c2d2c84a38465abf757272d8/README.md "HTTP/1.1 200 OK"
23:02:49 INFO     HTTP Request: HEAD https://huggingface.co/api/resolve-cache/models/docling-project/docling-layout-heron/8f39ad3c0b4c58e9c2d2c84a38465abf757272d8/docling_heron_400.png "HTTP/1.1 200 OK"
23:02:49 INFO     HTTP Request: GET https://huggingface.co/api/resolve-cache/models/docling-project/docling-layout-heron/8f39ad3c0b4c58e9c2d2c84a38465abf757272d8/preprocessor_config.json "HTTP/1.1 200 OK"
23:02:49 INFO     HTTP Request: GET https://huggingface.co/api/resolve-cache/models/docling-project/docling-layout-heron/8f39ad3c0b4c58e9c2d2c84a38465abf757272d8/config.json "HTTP/1.1 200 OK"
23:02:49 INFO     HTTP Request: GET https://huggingface.co/api/resolve-cache/models/docling-project/docling-layout-heron/8f39ad3c0b4c58e9c2d2c84a38465abf757272d8/README.md "HTTP/1.1 200 OK"
23:02:49 INFO     HTTP Request: GET https://huggingface.co/api/resolve-cache/models/docling-project/docling-layout-heron/8f39ad3c0b4c58e9c2d2c84a38465abf757272d8/docling_heron_400.png "HTTP/1.1 200 OK"
23:02:49 INFO     HTTP Request: GET https://huggingface.co/api/models/docling-project/docling-layout-heron/xet-read-token/8f39ad3c0b4c58e9c2d2c84a38465abf757272d8 "HTTP/1.1 200 OK"
23:02:51 INFO     Loading plugin 'docling_defaults'
23:02:51 INFO     Registered table structure engines: ['docling_tableformer', 'docling_tableformer_v2']
23:02:51 INFO     HTTP Request: GET https://huggingface.co/api/models/docling-project/docling-models/revision/v2.3.0 "HTTP/1.1 200 OK"
23:02:51 INFO     HTTP Request: HEAD https://huggingface.co/docling-project/docling-models/resolve/fc0f2d45e2218ea24bce5045f58a389aed16dc23/.gitignore "HTTP/1.1 307 Temporary Redirect"
23:02:51 INFO     HTTP Request: HEAD https://huggingface.co/docling-project/docling-models/resolve/fc0f2d45e2218ea24bce5045f58a389aed16dc23/config.json "HTTP/1.1 307 Temporary Redirect"
23:02:51 INFO     HTTP Request: HEAD https://huggingface.co/docling-project/docling-models/resolve/fc0f2d45e2218ea24bce5045f58a389aed16dc23/.gitattributes "HTTP/1.1 307 Temporary Redirect"
23:02:51 INFO     HTTP Request: HEAD https://huggingface.co/docling-project/docling-models/resolve/fc0f2d45e2218ea24bce5045f58a389aed16dc23/README.md "HTTP/1.1 307 Temporary Redirect"
23:02:51 INFO     HTTP Request: HEAD https://huggingface.co/docling-project/docling-models/resolve/fc0f2d45e2218ea24bce5045f58a389aed16dc23/model_artifacts/tableformer/accurate/tm_config.json "HTTP/1.1 307 Temporary Redirect"
23:02:51 INFO     HTTP Request: HEAD https://huggingface.co/api/resolve-cache/models/docling-project/docling-models/fc0f2d45e2218ea24bce5045f58a389aed16dc23/.gitignore "HTTP/1.1 200 OK"
23:02:51 INFO     HTTP Request: HEAD https://huggingface.co/api/resolve-cache/models/docling-project/docling-models/fc0f2d45e2218ea24bce5045f58a389aed16dc23/config.json "HTTP/1.1 200 OK"
23:02:51 INFO     HTTP Request: HEAD https://huggingface.co/api/resolve-cache/models/docling-project/docling-models/fc0f2d45e2218ea24bce5045f58a389aed16dc23/.gitattributes "HTTP/1.1 200 OK"
23:02:51 INFO     HTTP Request: HEAD https://huggingface.co/api/resolve-cache/models/docling-project/docling-models/fc0f2d45e2218ea24bce5045f58a389aed16dc23/README.md "HTTP/1.1 200 OK"
23:02:51 INFO     HTTP Request: HEAD https://huggingface.co/api/resolve-cache/models/docling-project/docling-models/fc0f2d45e2218ea24bce5045f58a389aed16dc23/model_artifacts%2Ftableformer%2Faccurate%2Ftm_config.json "HTTP/1.1 200 OK"
23:02:51 INFO     HTTP Request: HEAD https://huggingface.co/docling-project/docling-models/resolve/fc0f2d45e2218ea24bce5045f58a389aed16dc23/model_artifacts/tableformer/fast/tableformer_fast.safetensors "HTTP/1.1 302 Found"
23:02:51 INFO     HTTP Request: HEAD https://huggingface.co/docling-project/docling-models/resolve/fc0f2d45e2218ea24bce5045f58a389aed16dc23/model_artifacts/tableformer/fast/tm_config.json "HTTP/1.1 307 Temporary Redirect"
23:02:51 INFO     HTTP Request: GET https://huggingface.co/api/resolve-cache/models/docling-project/docling-models/fc0f2d45e2218ea24bce5045f58a389aed16dc23/.gitignore "HTTP/1.1 200 OK"
23:02:51 INFO     HTTP Request: GET https://huggingface.co/api/resolve-cache/models/docling-project/docling-models/fc0f2d45e2218ea24bce5045f58a389aed16dc23/config.json "HTTP/1.1 200 OK"
23:02:51 INFO     HTTP Request: GET https://huggingface.co/api/resolve-cache/models/docling-project/docling-models/fc0f2d45e2218ea24bce5045f58a389aed16dc23/.gitattributes "HTTP/1.1 200 OK"
23:02:51 INFO     HTTP Request: GET https://huggingface.co/api/resolve-cache/models/docling-project/docling-models/fc0f2d45e2218ea24bce5045f58a389aed16dc23/README.md "HTTP/1.1 200 OK"
23:02:51 INFO     HTTP Request: GET https://huggingface.co/api/resolve-cache/models/docling-project/docling-models/fc0f2d45e2218ea24bce5045f58a389aed16dc23/model_artifacts%2Ftableformer%2Faccurate%2Ftm_config.json "HTTP/1.1 200 OK"
23:02:51 INFO     HTTP Request: HEAD https://huggingface.co/api/resolve-cache/models/docling-project/docling-models/fc0f2d45e2218ea24bce5045f58a389aed16dc23/model_artifacts%2Ftableformer%2Ffast%2Ftm_config.json "HTTP/1.1 200 OK"
23:02:51 INFO     HTTP Request: GET https://huggingface.co/api/resolve-cache/models/docling-project/docling-models/fc0f2d45e2218ea24bce5045f58a389aed16dc23/model_artifacts%2Ftableformer%2Ffast%2Ftm_config.json "HTTP/1.1 200 OK"
23:02:51 INFO     HTTP Request: HEAD https://huggingface.co/docling-project/docling-models/resolve/fc0f2d45e2218ea24bce5045f58a389aed16dc23/model_artifacts/tableformer/accurate/tableformer_accurate.safetensors "HTTP/1.1 302 Found"
23:02:51 INFO     HTTP Request: GET https://huggingface.co/api/models/docling-project/docling-models/xet-read-token/fc0f2d45e2218ea24bce5045f58a389aed16dc23 "HTTP/1.1 200 OK"
23:02:51 INFO     HTTP Request: GET https://huggingface.co/api/models/docling-project/docling-models/xet-read-token/fc0f2d45e2218ea24bce5045f58a389aed16dc23 "HTTP/1.1 200 OK"
23:02:53 INFO     Accelerator device: 'cpu'
23:02:53 INFO     Processing document agu_ptd_2025_2027_anexo_de_entregas_assinado_assinado_assinado-copia_tarjada.pdf
23:02:53 INFO     command: tesseract --psm 0 -l osd /tmp/tmpt3uejexc.png stdout
23:02:54 INFO     command: tesseract -l por /tmp/tmpt3uejexc.png stdout tsv
23:02:57 INFO     command: tesseract --psm 0 -l osd /tmp/tmp55620dq7.png stdout
23:02:58 INFO     command: tesseract -l por /tmp/tmp55620dq7.png stdout tsv
23:03:18 INFO     Finished converting document agu_ptd_2025_2027_anexo_de_entregas_assinado_assinado_assinado-copia_tarjada.pdf in 29.64 sec.
23:03:18 INFO       pixel_budget (Docling) agu_ptd_2025_2027_anexo_de_entregas_assinado_assinado_assinado-copia_tarjada.pdf: 45.8% (área tabelas/1001817 px²)
23:03:18 INFO     [1/15] ✓ AGU       :   33 entregas | 29.6s | ETA ~6min
23:03:18 INFO     [2/15] → agu_ptd_2025_2027_docdiretivo_assinado_assinado_assinado-copia_tarjada.pdf
23:03:18 INFO     detected formats: [<InputFormat.PDF: 'pdf'>]
23:03:18 INFO     Going to convert document batch...
23:03:18 INFO     Processing document agu_ptd_2025_2027_docdiretivo_assinado_assinado_assinado-copia_tarjada.pdf
23:03:19 INFO     command: tesseract --psm 0 -l osd /tmp/tmpmofgikbf.png stdout
23:03:19 INFO     command: tesseract -l por /tmp/tmpmofgikbf.png stdout tsv
23:03:21 INFO     command: tesseract --psm 0 -l osd /tmp/tmppfu0gn28.png stdout
23:03:23 INFO     command: tesseract -l por /tmp/tmppfu0gn28.png stdout tsv
23:03:26 INFO     command: tesseract --psm 0 -l osd /tmp/tmp27neehr8.png stdout
23:03:27 INFO     command: tesseract -l por /tmp/tmp27neehr8.png stdout tsv
23:03:29 INFO     command: tesseract --psm 0 -l osd /tmp/tmpx0m73_zb.png stdout
23:03:30 INFO     command: tesseract -l por /tmp/tmpx0m73_zb.png stdout tsv
23:03:32 INFO     command: tesseract --psm 0 -l osd /tmp/tmpjbydg2uh.png stdout
23:03:33 INFO     command: tesseract -l por /tmp/tmpjbydg2uh.png stdout tsv
23:03:35 INFO     command: tesseract --psm 0 -l osd /tmp/tmpnpuocjl1.png stdout
23:03:36 INFO     command: tesseract -l por /tmp/tmpnpuocjl1.png stdout tsv
23:03:45 INFO     command: tesseract --psm 0 -l osd /tmp/tmpv6o5ybth.png stdout
23:03:46 INFO     command: tesseract -l por /tmp/tmpv6o5ybth.png stdout tsv
23:03:48 INFO     command: tesseract --psm 0 -l osd /tmp/tmpbfvjqto_.png stdout
23:03:49 INFO     command: tesseract -l por /tmp/tmpbfvjqto_.png stdout tsv
23:03:51 INFO     command: tesseract --psm 0 -l osd /tmp/tmpn27lv0wn.png stdout
23:03:52 INFO     command: tesseract -l por /tmp/tmpn27lv0wn.png stdout tsv
23:03:54 INFO     command: tesseract --psm 0 -l osd /tmp/tmpml3ivxew.png stdout
23:03:55 INFO     command: tesseract -l por /tmp/tmpml3ivxew.png stdout tsv
23:04:07 INFO     command: tesseract --psm 0 -l osd /tmp/tmpkpl5ekrl.png stdout
23:04:08 INFO     command: tesseract -l por /tmp/tmpkpl5ekrl.png stdout tsv
23:04:11 INFO     Finished converting document agu_ptd_2025_2027_docdiretivo_assinado_assinado_assinado-copia_tarjada.pdf in 53.03 sec.
23:04:11 INFO       pixel_budget (Docling) agu_ptd_2025_2027_docdiretivo_assinado_assinado_assinado-copia_tarjada.pdf: 2.1% (área tabelas/5513330 px²)
23:04:11 INFO     [2/15] ✓ AGU       :    6 entregas | 53.0s | ETA ~8min
23:04:11 INFO     [3/15] → anexo-de-entregas-mcom_ptd-25_27-copia_tarjada.pdf
23:04:11 INFO     detected formats: [<InputFormat.PDF: 'pdf'>]
23:04:11 INFO     Going to convert document batch...
23:04:11 INFO     Processing document anexo-de-entregas-mcom_ptd-25_27-copia_tarjada.pdf
23:04:12 INFO     command: tesseract --psm 0 -l osd /tmp/tmpy6pkqbtk.png stdout
23:04:13 INFO     command: tesseract -l por /tmp/tmpy6pkqbtk.png stdout tsv
23:04:16 INFO     command: tesseract --psm 0 -l osd /tmp/tmpuwex5j12.png stdout
23:04:17 INFO     command: tesseract -l por /tmp/tmpuwex5j12.png stdout tsv
23:04:31 INFO     command: tesseract --psm 0 -l osd /tmp/tmp2ee9tbhj.png stdout
23:04:32 INFO     command: tesseract -l por /tmp/tmp2ee9tbhj.png stdout tsv
23:04:52 INFO     Finished converting document anexo-de-entregas-mcom_ptd-25_27-copia_tarjada.pdf in 40.58 sec.
23:04:52 INFO       pixel_budget (Docling) anexo-de-entregas-mcom_ptd-25_27-copia_tarjada.pdf: 55.2% (área tabelas/1503636 px²)
23:04:52 INFO     [3/15] ✓ MCOM      :   55 entregas | 40.6s | ETA ~8min
23:04:52 INFO     [4/15] → documento-diretivo-mcom-_-ptd-25_27-copia_tarjada.pdf
23:04:52 INFO     detected formats: [<InputFormat.PDF: 'pdf'>]
23:04:52 INFO     Going to convert document batch...
23:04:52 INFO     Processing document documento-diretivo-mcom-_-ptd-25_27-copia_tarjada.pdf
23:04:53 INFO     command: tesseract --psm 0 -l osd /tmp/tmp3hvtlefd.png stdout
23:04:53 INFO     command: tesseract -l por /tmp/tmp3hvtlefd.png stdout tsv
23:04:55 INFO     command: tesseract --psm 0 -l osd /tmp/tmp_pb1t0se.png stdout
23:04:56 INFO     command: tesseract -l por /tmp/tmp_pb1t0se.png stdout tsv
23:05:03 INFO     command: tesseract --psm 0 -l osd /tmp/tmpxqsgu6wt.png stdout
23:05:04 INFO     command: tesseract -l por /tmp/tmpxqsgu6wt.png stdout tsv
23:05:05 INFO     command: tesseract --psm 0 -l osd /tmp/tmppi7gu2ni.png stdout
23:05:06 INFO     command: tesseract -l por /tmp/tmppi7gu2ni.png stdout tsv
23:05:08 INFO     command: tesseract --psm 0 -l osd /tmp/tmpip5_s_50.png stdout
23:05:09 INFO     command: tesseract -l por /tmp/tmpip5_s_50.png stdout tsv
23:05:11 INFO     command: tesseract --psm 0 -l osd /tmp/tmpjv0kh2wu.png stdout
23:05:13 INFO     command: tesseract -l por /tmp/tmpjv0kh2wu.png stdout tsv
23:05:27 INFO     command: tesseract --psm 0 -l osd /tmp/tmp0ymp569k.png stdout
23:05:28 INFO     command: tesseract -l por /tmp/tmp0ymp569k.png stdout tsv
23:05:30 INFO     command: tesseract --psm 0 -l osd /tmp/tmpaw3og1mo.png stdout
23:05:31 INFO     command: tesseract -l por /tmp/tmpaw3og1mo.png stdout tsv
23:05:33 INFO     command: tesseract --psm 0 -l osd /tmp/tmpr0wjdkwg.png stdout
23:05:34 INFO     command: tesseract -l por /tmp/tmpr0wjdkwg.png stdout tsv
23:05:36 INFO     command: tesseract --psm 0 -l osd /tmp/tmpea0lvsvj.png stdout
23:05:37 INFO     command: tesseract -l por /tmp/tmpea0lvsvj.png stdout tsv
23:05:42 INFO     command: tesseract --psm 0 -l osd /tmp/tmpb4iw352s.png stdout
23:05:43 INFO     command: tesseract -l por /tmp/tmpb4iw352s.png stdout tsv
23:05:49 INFO     command: tesseract --psm 0 -l osd /tmp/tmp_novnl6r.png stdout
23:05:50 INFO     command: tesseract -l por /tmp/tmp_novnl6r.png stdout tsv
23:05:52 INFO     command: tesseract --psm 0 -l osd /tmp/tmp3ssj83yl.png stdout
23:05:52 INFO     command: tesseract -l por /tmp/tmp3ssj83yl.png stdout tsv
23:05:54 INFO     command: tesseract --psm 0 -l osd /tmp/tmpsktxa2m4.png stdout
23:05:55 INFO     command: tesseract -l por /tmp/tmpsktxa2m4.png stdout tsv
23:06:01 INFO     Finished converting document documento-diretivo-mcom-_-ptd-25_27-copia_tarjada.pdf in 69.13 sec.
23:06:01 INFO       pixel_budget (Docling) documento-diretivo-mcom-_-ptd-25_27-copia_tarjada.pdf: 10.8% (área tabelas/7016966 px²)
23:06:01 WARNING  [4/15] ⚠ MCOM      :    0 entregas | 69.1s | ETA ~8min
23:06:01 INFO     [5/15] → fiocruz-ptd-06_2024-copia_tarjada.pdf
23:06:01 INFO     detected formats: [<InputFormat.PDF: 'pdf'>]
23:06:01 INFO     Going to convert document batch...
23:06:01 INFO     Initializing pipeline for StandardPdfPipeline with options hash d18651824ca6fe56cf3ccb20424ac2c8
23:06:01 INFO     Accelerator device: 'cpu'
23:06:01 INFO     HTTP Request: GET https://huggingface.co/api/models/docling-project/docling-layout-heron/revision/main "HTTP/1.1 200 OK"
23:06:02 INFO     HTTP Request: GET https://huggingface.co/api/models/docling-project/docling-models/revision/v2.3.0 "HTTP/1.1 200 OK"
23:06:02 INFO     Accelerator device: 'cpu'
23:06:02 INFO     Processing document fiocruz-ptd-06_2024-copia_tarjada.pdf
23:07:11 INFO     Finished converting document fiocruz-ptd-06_2024-copia_tarjada.pdf in 69.49 sec.
23:07:11 INFO       pixel_budget (Docling) fiocruz-ptd-06_2024-copia_tarjada.pdf: 36.4% (área tabelas/7518178 px²)
23:07:11 WARNING  [5/15] ⚠ FIOCRUZ   :    0 entregas | 69.5s | ETA ~8min
23:07:11 INFO     [6/15] → fiocruz_novo-ptd_2-1_docdiretivo_repactuacao_2024-2026_assinado_assinado-copia_tarjada.pdf
23:07:11 INFO     detected formats: [<InputFormat.PDF: 'pdf'>]
23:07:11 INFO     Going to convert document batch...
23:07:11 INFO     Processing document fiocruz_novo-ptd_2-1_docdiretivo_repactuacao_2024-2026_assinado_assinado-copia_tarjada.pdf
23:07:28 INFO     Finished converting document fiocruz_novo-ptd_2-1_docdiretivo_repactuacao_2024-2026_assinado_assinado-copia_tarjada.pdf in 17.84 sec.
23:07:28 INFO       pixel_budget (Docling) fiocruz_novo-ptd_2-1_docdiretivo_repactuacao_2024-2026_assinado_assinado-copia_tarjada.pdf: 11.3% (área tabelas/5012118 px²)
23:07:28 WARNING  [6/15] ⚠ FIOCRUZ   :    0 entregas | 17.8s | ETA ~6min
23:07:28 INFO     [7/15] → fiocruz_ptd_anexo_de_entregas_assinado_v1_assinado_assinado-1-copia_tarjada.pdf
23:07:28 INFO     detected formats: [<InputFormat.PDF: 'pdf'>]
23:07:29 INFO     Going to convert document batch...
23:07:29 INFO     Processing document fiocruz_ptd_anexo_de_entregas_assinado_v1_assinado_assinado-1-copia_tarjada.pdf
23:08:01 INFO     Finished converting document fiocruz_ptd_anexo_de_entregas_assinado_v1_assinado_assinado-1-copia_tarjada.pdf in 32.68 sec.
23:08:01 INFO       pixel_budget (Docling) fiocruz_ptd_anexo_de_entregas_assinado_v1_assinado_assinado-1-copia_tarjada.pdf: 54.7% (área tabelas/2004847 px²)
23:08:01 INFO     [7/15] ✓ FIOCRUZ   :   61 entregas | 32.7s | ETA ~5min
23:08:01 INFO     [8/15] → funai_anexo_de_entregas_repactuado_2026_2027_assinado_assinado_assinado.pdf
23:08:01 INFO     detected formats: [<InputFormat.PDF: 'pdf'>]
23:08:01 INFO     Going to convert document batch...
23:08:01 INFO     Processing document funai_anexo_de_entregas_repactuado_2026_2027_assinado_assinado_assinado.pdf
23:08:02 INFO     command: tesseract --psm 0 -l osd /tmp/tmp1ec0y8sx.png stdout
23:08:03 INFO     command: tesseract -l por /tmp/tmp1ec0y8sx.png stdout tsv
23:08:16 INFO     Finished converting document funai_anexo_de_entregas_repactuado_2026_2027_assinado_assinado_assinado.pdf in 14.95 sec.
23:08:16 INFO       pixel_budget (Docling) funai_anexo_de_entregas_repactuado_2026_2027_assinado_assinado_assinado.pdf: 49.8% (área tabelas/501212 px²)
23:08:16 INFO     [8/15] ✓ FUNAI     :   21 entregas | 15.0s | ETA ~4min
23:08:16 INFO     [9/15] → funai_ptd_2025_2027_docdiretivo_assinado-1_tarjado.pdf
23:08:16 INFO     detected formats: [<InputFormat.PDF: 'pdf'>]
23:08:16 INFO     Going to convert document batch...
23:08:16 INFO     Processing document funai_ptd_2025_2027_docdiretivo_assinado-1_tarjado.pdf
23:08:18 INFO     command: tesseract --psm 0 -l osd /tmp/tmpt2skqs5q.png stdout
23:08:18 INFO     command: tesseract -l por /tmp/tmpt2skqs5q.png stdout tsv
23:08:19 INFO     command: tesseract --psm 0 -l osd /tmp/tmpn1fbuinc.png stdout
23:08:21 INFO     command: tesseract -l por /tmp/tmpn1fbuinc.png stdout tsv
23:08:24 INFO     command: tesseract --psm 0 -l osd /tmp/tmpt00_thxf.png stdout
23:08:24 INFO     command: tesseract -l por /tmp/tmpt00_thxf.png stdout tsv
23:08:26 INFO     command: tesseract --psm 0 -l osd /tmp/tmpwqis2wr8.png stdout
23:08:27 INFO     command: tesseract -l por /tmp/tmpwqis2wr8.png stdout tsv
23:08:29 INFO     command: tesseract --psm 0 -l osd /tmp/tmpcc6n9l7s.png stdout
23:08:30 INFO     command: tesseract -l por /tmp/tmpcc6n9l7s.png stdout tsv
23:08:32 INFO     command: tesseract --psm 0 -l osd /tmp/tmpp4fldwg1.png stdout
23:08:33 INFO     command: tesseract -l por /tmp/tmpp4fldwg1.png stdout tsv
23:08:44 INFO     command: tesseract --psm 0 -l osd /tmp/tmpy0385xgz.png stdout
23:08:45 INFO     command: tesseract -l por /tmp/tmpy0385xgz.png stdout tsv
23:08:46 INFO     command: tesseract --psm 0 -l osd /tmp/tmpmop7q48g.png stdout
23:08:47 INFO     command: tesseract -l por /tmp/tmpmop7q48g.png stdout tsv
23:08:48 INFO     command: tesseract --psm 0 -l osd /tmp/tmp7mt979w9.png stdout
23:08:49 INFO     command: tesseract -l por /tmp/tmp7mt979w9.png stdout tsv
23:08:51 INFO     command: tesseract --psm 0 -l osd /tmp/tmpsgkgt22a.png stdout
23:08:52 INFO     command: tesseract -l por /tmp/tmpsgkgt22a.png stdout tsv
23:09:03 INFO     command: tesseract --psm 0 -l osd /tmp/tmpnmj9buqn.png stdout
23:09:04 INFO     command: tesseract -l por /tmp/tmpnmj9buqn.png stdout tsv
23:09:10 INFO     command: tesseract --psm 0 -l osd /tmp/tmprp6a0n1p.png stdout
23:09:11 INFO     command: tesseract -l por /tmp/tmprp6a0n1p.png stdout tsv
23:09:13 INFO     command: tesseract --psm 0 -l osd /tmp/tmp8qggy4ve.png stdout
23:09:13 INFO     command: tesseract -l por /tmp/tmp8qggy4ve.png stdout tsv
23:09:20 INFO     Finished converting document funai_ptd_2025_2027_docdiretivo_assinado-1_tarjado.pdf in 63.80 sec.
23:09:20 INFO       pixel_budget (Docling) funai_ptd_2025_2027_docdiretivo_assinado-1_tarjado.pdf: 16.4% (área tabelas/6515754 px²)
23:09:20 INFO     [9/15] ✓ FUNAI     :    8 entregas | 63.8s | ETA ~4min
23:09:20 INFO     [10/15] → incra_anexo_de_entregas_assinado-1_assinado_assinado-copia_tarjada.pdf
23:09:20 INFO     detected formats: [<InputFormat.PDF: 'pdf'>]
23:09:20 INFO     Going to convert document batch...
23:09:20 INFO     Processing document incra_anexo_de_entregas_assinado-1_assinado_assinado-copia_tarjada.pdf
23:09:21 INFO     command: tesseract --psm 0 -l osd /tmp/tmpx6ivugsn.png stdout
23:09:22 INFO     command: tesseract -l por /tmp/tmpx6ivugsn.png stdout tsv
23:09:25 INFO     command: tesseract --psm 0 -l osd /tmp/tmpv13wx8vk.png stdout
23:09:26 INFO     command: tesseract -l por /tmp/tmpv13wx8vk.png stdout tsv
23:09:35 INFO     command: tesseract --psm 0 -l osd /tmp/tmpvle5hmj9.png stdout
23:09:36 INFO     command: tesseract -l por /tmp/tmpvle5hmj9.png stdout tsv
23:09:37 INFO     command: tesseract --psm 0 -l osd /tmp/tmpzt3ni81y.png stdout
23:09:38 INFO     command: tesseract -l por /tmp/tmpzt3ni81y.png stdout tsv
23:09:40 INFO     command: tesseract --psm 0 -l osd /tmp/tmp_3j1ulha.png stdout
23:09:41 INFO     command: tesseract -l por /tmp/tmp_3j1ulha.png stdout tsv
23:11:11 INFO     Finished converting document incra_anexo_de_entregas_assinado-1_assinado_assinado-copia_tarjada.pdf in 110.78 sec.
23:11:11 INFO       pixel_budget (Docling) incra_anexo_de_entregas_assinado-1_assinado_assinado-copia_tarjada.pdf: 30.0% (área tabelas/2423520 px²)
23:11:11 INFO     [10/15] ✓ INCRA     :   10 entregas | 110.8s | ETA ~4min
23:11:11 INFO     [11/15] → incra_ptd_docdiretivo__assinado-1_assinado_assinado-copia_tarjada.pdf
23:11:11 INFO     detected formats: [<InputFormat.PDF: 'pdf'>]
23:11:11 INFO     Going to convert document batch...
23:11:11 INFO     Processing document incra_ptd_docdiretivo__assinado-1_assinado_assinado-copia_tarjada.pdf
23:11:12 INFO     command: tesseract --psm 0 -l osd /tmp/tmpv5i7vkz4.png stdout
23:11:12 INFO     command: tesseract -l por /tmp/tmpv5i7vkz4.png stdout tsv
23:11:15 INFO     command: tesseract --psm 0 -l osd /tmp/tmpzr96lwyr.png stdout
23:11:16 INFO     command: tesseract -l por /tmp/tmpzr96lwyr.png stdout tsv
23:11:22 INFO     command: tesseract --psm 0 -l osd /tmp/tmprbimksd7.png stdout
23:11:23 INFO     command: tesseract -l por /tmp/tmprbimksd7.png stdout tsv
23:11:25 INFO     command: tesseract --psm 0 -l osd /tmp/tmp8p3xtkkg.png stdout
23:11:26 INFO     command: tesseract -l por /tmp/tmp8p3xtkkg.png stdout tsv
23:11:27 INFO     command: tesseract --psm 0 -l osd /tmp/tmpigw4jc7i.png stdout
23:11:28 INFO     command: tesseract -l por /tmp/tmpigw4jc7i.png stdout tsv
23:11:30 INFO     command: tesseract --psm 0 -l osd /tmp/tmpbldt2rf4.png stdout
23:11:31 INFO     command: tesseract -l por /tmp/tmpbldt2rf4.png stdout tsv
23:11:47 INFO     command: tesseract --psm 0 -l osd /tmp/tmp4a1wbirz.png stdout
23:11:48 INFO     command: tesseract -l por /tmp/tmp4a1wbirz.png stdout tsv
23:11:49 INFO     command: tesseract --psm 0 -l osd /tmp/tmpve4nxauq.png stdout
23:11:50 INFO     command: tesseract -l por /tmp/tmpve4nxauq.png stdout tsv
23:11:52 INFO     command: tesseract --psm 0 -l osd /tmp/tmpvbvtzz65.png stdout
23:11:52 INFO     command: tesseract -l por /tmp/tmpvbvtzz65.png stdout tsv
23:11:54 INFO     command: tesseract --psm 0 -l osd /tmp/tmp99w2li2v.png stdout
23:11:56 INFO     command: tesseract -l por /tmp/tmp99w2li2v.png stdout tsv
23:12:02 INFO     command: tesseract --psm 0 -l osd /tmp/tmp5ydn4g9l.png stdout
23:12:03 INFO     command: tesseract -l por /tmp/tmp5ydn4g9l.png stdout tsv
23:12:06 INFO     command: tesseract --psm 0 -l osd /tmp/tmpgx5_r6_e.png stdout
23:12:07 INFO     command: tesseract -l por /tmp/tmpgx5_r6_e.png stdout tsv
23:12:13 INFO     command: tesseract --psm 0 -l osd /tmp/tmpdqs1fwqs.png stdout
23:12:14 INFO     command: tesseract -l por /tmp/tmpdqs1fwqs.png stdout tsv
23:12:21 INFO     Finished converting document incra_ptd_docdiretivo__assinado-1_assinado_assinado-copia_tarjada.pdf in 70.50 sec.
23:12:21 INFO       pixel_budget (Docling) incra_ptd_docdiretivo__assinado-1_assinado_assinado-copia_tarjada.pdf: 20.2% (área tabelas/6515754 px²)
23:12:21 INFO     [11/15] ✓ INCRA     :    9 entregas | 70.5s | ETA ~3min
23:12:21 INFO     [12/15] → iti_anexo_de_entregas_assinado.pdf
23:12:21 INFO     detected formats: [<InputFormat.PDF: 'pdf'>]
23:12:21 INFO     Going to convert document batch...
23:12:21 INFO     Processing document iti_anexo_de_entregas_assinado.pdf
23:12:22 INFO     command: tesseract --psm 0 -l osd /tmp/tmp0rrr8hdc.png stdout
23:12:23 INFO     command: tesseract -l por /tmp/tmp0rrr8hdc.png stdout tsv
23:12:39 INFO     Finished converting document iti_anexo_de_entregas_assinado.pdf in 17.35 sec.
23:12:39 INFO       pixel_budget (Docling) iti_anexo_de_entregas_assinado.pdf: 57.2% (área tabelas/501212 px²)
23:12:39 INFO     [12/15] ✓ ITI       :   31 entregas | 17.4s | ETA ~2min
23:12:39 INFO     [13/15] → iti_doc_diretivo_assinado-1_tarjado.pdf
23:12:39 INFO     detected formats: [<InputFormat.PDF: 'pdf'>]
23:12:39 INFO     Going to convert document batch...
23:12:39 INFO     Processing document iti_doc_diretivo_assinado-1_tarjado.pdf
23:12:40 INFO     command: tesseract --psm 0 -l osd /tmp/tmpe9o5qxs7.png stdout
23:12:40 INFO     command: tesseract -l por /tmp/tmpe9o5qxs7.png stdout tsv
23:12:43 INFO     command: tesseract --psm 0 -l osd /tmp/tmpnuvo_19l.png stdout
23:12:44 INFO     command: tesseract -l por /tmp/tmpnuvo_19l.png stdout tsv
23:12:47 INFO     command: tesseract --psm 0 -l osd /tmp/tmp_cm43t3g.png stdout
23:12:48 INFO     command: tesseract -l por /tmp/tmp_cm43t3g.png stdout tsv
23:12:50 INFO     command: tesseract --psm 0 -l osd /tmp/tmp_tb6ltec.png stdout
23:12:50 INFO     command: tesseract -l por /tmp/tmp_tb6ltec.png stdout tsv
23:12:52 INFO     command: tesseract --psm 0 -l osd /tmp/tmpomrjb03k.png stdout
23:12:53 INFO     command: tesseract -l por /tmp/tmpomrjb03k.png stdout tsv
23:12:55 INFO     command: tesseract --psm 0 -l osd /tmp/tmp88rjtlqf.png stdout
23:12:56 INFO     command: tesseract -l por /tmp/tmp88rjtlqf.png stdout tsv
23:13:09 INFO     command: tesseract --psm 0 -l osd /tmp/tmp_ou7qusq.png stdout
23:13:10 INFO     command: tesseract -l por /tmp/tmp_ou7qusq.png stdout tsv
23:13:13 INFO     command: tesseract --psm 0 -l osd /tmp/tmpgpox9cua.png stdout
23:13:13 INFO     command: tesseract -l por /tmp/tmpgpox9cua.png stdout tsv
23:13:16 INFO     command: tesseract --psm 0 -l osd /tmp/tmpg190fa4v.png stdout
23:13:16 INFO     command: tesseract -l por /tmp/tmpg190fa4v.png stdout tsv
23:13:18 INFO     command: tesseract --psm 0 -l osd /tmp/tmp6ak_g4gy.png stdout
23:13:20 INFO     command: tesseract -l por /tmp/tmp6ak_g4gy.png stdout tsv
23:13:28 INFO     command: tesseract --psm 0 -l osd /tmp/tmprtzlcdqq.png stdout
23:13:29 INFO     command: tesseract -l por /tmp/tmprtzlcdqq.png stdout tsv
23:13:34 INFO     Finished converting document iti_doc_diretivo_assinado-1_tarjado.pdf in 55.73 sec.
23:13:34 INFO       pixel_budget (Docling) iti_doc_diretivo_assinado-1_tarjado.pdf: 8.0% (área tabelas/5516339 px²)
23:13:34 INFO     [13/15] ✓ ITI       :    6 entregas | 55.7s | ETA ~1min
23:13:34 INFO     [14/15] → sgpr_ptd_2025_2027_anexo_de_entregas_assinado-copia_tarjada.pdf
23:13:34 INFO     detected formats: [<InputFormat.PDF: 'pdf'>]
23:13:34 INFO     Going to convert document batch...
23:13:34 INFO     Processing document sgpr_ptd_2025_2027_anexo_de_entregas_assinado-copia_tarjada.pdf
23:13:35 INFO     command: tesseract --psm 0 -l osd /tmp/tmp3rtr71wf.png stdout
23:13:36 INFO     command: tesseract -l por /tmp/tmp3rtr71wf.png stdout tsv
23:13:39 INFO     command: tesseract --psm 0 -l osd /tmp/tmp6afeziy6.png stdout
23:13:40 INFO     command: tesseract -l por /tmp/tmp6afeziy6.png stdout tsv
23:13:54 INFO     Finished converting document sgpr_ptd_2025_2027_anexo_de_entregas_assinado-copia_tarjada.pdf in 19.37 sec.
23:13:54 INFO       pixel_budget (Docling) sgpr_ptd_2025_2027_anexo_de_entregas_assinado-copia_tarjada.pdf: 29.5% (área tabelas/1002424 px²)
23:13:54 INFO     [14/15] ✓ SGPR      :   15 entregas | 19.4s | ETA ~48s
23:13:54 INFO     [15/15] → sgpr_ptd_2026_2027_docdiretivo_assinado-copia_tarjada.pdf
23:13:54 INFO     detected formats: [<InputFormat.PDF: 'pdf'>]
23:13:54 INFO     Going to convert document batch...
23:13:54 INFO     Processing document sgpr_ptd_2026_2027_docdiretivo_assinado-copia_tarjada.pdf
23:14:14 INFO     Finished converting document sgpr_ptd_2026_2027_docdiretivo_assinado-copia_tarjada.pdf in 19.81 sec.
23:14:14 INFO       pixel_budget (Docling) sgpr_ptd_2026_2027_docdiretivo_assinado-copia_tarjada.pdf: 8.2% (área tabelas/5513330 px²)
23:14:14 WARNING  [15/15] ⚠ SGPR      :    0 entregas | 19.8s | ETA ~0s
23:14:14 INFO     255 registros | 7 órgãos
23:14:14 INFO     ╔══════════════════════════════════════════════════════════════╗
23:14:14 INFO     ║                  ENTREGAS — fase concluída                   ║
23:14:14 INFO     ║  Processados: 15    |  ✓ 11  ⚠ 4                             ║
23:14:14 INFO     ║  Duração: 11.4 min                                           ║
23:14:14 INFO     ║  255 registros | 7 órgãos                                    ║
23:14:14 INFO     ╚══════════════════════════════════════════════════════════════╝
23:14:14 INFO     [1/7] → agu_ptd_2025_2027_docdiretivo_assinado_assinado_assinado-copia_tarjada.pdf
23:14:14 INFO     detected formats: [<InputFormat.PDF: 'pdf'>]
23:14:14 INFO     Going to convert document batch...
23:14:14 INFO     Processing document agu_ptd_2025_2027_docdiretivo_assinado_assinado_assinado-copia_tarjada.pdf
23:14:14 INFO     command: tesseract --psm 0 -l osd /tmp/tmp4zckm9e4.png stdout
23:14:15 INFO     command: tesseract -l por /tmp/tmp4zckm9e4.png stdout tsv
23:14:17 INFO     command: tesseract --psm 0 -l osd /tmp/tmprlc10kb9.png stdout
23:14:18 INFO     command: tesseract -l por /tmp/tmprlc10kb9.png stdout tsv
23:14:22 INFO     command: tesseract --psm 0 -l osd /tmp/tmpq481ho5i.png stdout
23:14:23 INFO     command: tesseract -l por /tmp/tmpq481ho5i.png stdout tsv
23:14:25 INFO     command: tesseract --psm 0 -l osd /tmp/tmpx5_hlte_.png stdout
23:14:26 INFO     command: tesseract -l por /tmp/tmpx5_hlte_.png stdout tsv
23:14:28 INFO     command: tesseract --psm 0 -l osd /tmp/tmpktmxmiw2.png stdout
23:14:29 INFO     command: tesseract -l por /tmp/tmpktmxmiw2.png stdout tsv
23:14:31 INFO     command: tesseract --psm 0 -l osd /tmp/tmp7or7sob7.png stdout
23:14:32 INFO     command: tesseract -l por /tmp/tmp7or7sob7.png stdout tsv
23:14:43 INFO     command: tesseract --psm 0 -l osd /tmp/tmppyorgu_p.png stdout
23:14:43 INFO     command: tesseract -l por /tmp/tmppyorgu_p.png stdout tsv
23:14:46 INFO     command: tesseract --psm 0 -l osd /tmp/tmptc6s6yfp.png stdout
23:14:46 INFO     command: tesseract -l por /tmp/tmptc6s6yfp.png stdout tsv
23:14:49 INFO     command: tesseract --psm 0 -l osd /tmp/tmp803opqac.png stdout
23:14:49 INFO     command: tesseract -l por /tmp/tmp803opqac.png stdout tsv
23:14:52 INFO     command: tesseract --psm 0 -l osd /tmp/tmp2kaqnrsk.png stdout
23:14:53 INFO     command: tesseract -l por /tmp/tmp2kaqnrsk.png stdout tsv
23:15:08 INFO     command: tesseract --psm 0 -l osd /tmp/tmp6runsz2s.png stdout
23:15:09 INFO     command: tesseract -l por /tmp/tmp6runsz2s.png stdout tsv
23:15:12 INFO     Finished converting document agu_ptd_2025_2027_docdiretivo_assinado_assinado_assinado-copia_tarjada.pdf in 58.47 sec.
23:15:12 INFO     [1/7] ✓ AGU       :   7 riscos | 58.5s | ETA ~5min
23:15:12 INFO     [2/7] → documento-diretivo-mcom-_-ptd-25_27-copia_tarjada.pdf
23:15:12 INFO     detected formats: [<InputFormat.PDF: 'pdf'>]
23:15:12 INFO     Going to convert document batch...
23:15:12 INFO     Processing document documento-diretivo-mcom-_-ptd-25_27-copia_tarjada.pdf
23:15:13 INFO     command: tesseract --psm 0 -l osd /tmp/tmpm2i4hyp1.png stdout
23:15:13 INFO     command: tesseract -l por /tmp/tmpm2i4hyp1.png stdout tsv
23:15:16 INFO     command: tesseract --psm 0 -l osd /tmp/tmpsyyg9a_a.png stdout
23:15:17 INFO     command: tesseract -l por /tmp/tmpsyyg9a_a.png stdout tsv
23:15:23 INFO     command: tesseract --psm 0 -l osd /tmp/tmpqh_m0pm5.png stdout
23:15:24 INFO     command: tesseract -l por /tmp/tmpqh_m0pm5.png stdout tsv
23:15:25 INFO     command: tesseract --psm 0 -l osd /tmp/tmpv8jublh3.png stdout
23:15:25 INFO     command: tesseract -l por /tmp/tmpv8jublh3.png stdout tsv
23:15:27 INFO     command: tesseract --psm 0 -l osd /tmp/tmpx46jc77x.png stdout
23:15:28 INFO     command: tesseract -l por /tmp/tmpx46jc77x.png stdout tsv
23:15:31 INFO     command: tesseract --psm 0 -l osd /tmp/tmp0phxh5sg.png stdout
23:15:32 INFO     command: tesseract -l por /tmp/tmp0phxh5sg.png stdout tsv
23:15:49 INFO     command: tesseract --psm 0 -l osd /tmp/tmpfb0b7nbu.png stdout
23:15:49 INFO     command: tesseract -l por /tmp/tmpfb0b7nbu.png stdout tsv
23:15:51 INFO     command: tesseract --psm 0 -l osd /tmp/tmpvqsww292.png stdout
23:15:52 INFO     command: tesseract -l por /tmp/tmpvqsww292.png stdout tsv
23:15:54 INFO     command: tesseract --psm 0 -l osd /tmp/tmpdg_dycrm.png stdout
23:15:55 INFO     command: tesseract -l por /tmp/tmpdg_dycrm.png stdout tsv
23:15:57 INFO     command: tesseract --psm 0 -l osd /tmp/tmpfkm3mpoi.png stdout
23:15:58 INFO     command: tesseract -l por /tmp/tmpfkm3mpoi.png stdout tsv
23:16:06 INFO     command: tesseract --psm 0 -l osd /tmp/tmpigmb8hhr.png stdout
23:16:07 INFO     command: tesseract -l por /tmp/tmpigmb8hhr.png stdout tsv
23:16:11 INFO     command: tesseract --psm 0 -l osd /tmp/tmpm2dpjker.png stdout
23:16:11 INFO     command: tesseract -l por /tmp/tmpm2dpjker.png stdout tsv
23:16:13 INFO     command: tesseract --psm 0 -l osd /tmp/tmp7wxhxe2v.png stdout
23:16:14 INFO     command: tesseract -l por /tmp/tmp7wxhxe2v.png stdout tsv
23:16:16 INFO     command: tesseract --psm 0 -l osd /tmp/tmp6vr4uziz.png stdout
23:16:17 INFO     command: tesseract -l por /tmp/tmp6vr4uziz.png stdout tsv
23:16:24 INFO     Finished converting document documento-diretivo-mcom-_-ptd-25_27-copia_tarjada.pdf in 72.08 sec.
23:16:24 INFO     [2/7] ✓ MCOM      :  14 riscos | 72.1s | ETA ~5min
23:16:24 INFO     [3/7] → fiocruz_novo-ptd_2-1_docdiretivo_repactuacao_2024-2026_assinado_assinado-copia_tarjada.pdf
23:16:24 INFO     detected formats: [<InputFormat.PDF: 'pdf'>]
23:16:24 INFO     Going to convert document batch...
23:16:24 INFO     Processing document fiocruz_novo-ptd_2-1_docdiretivo_repactuacao_2024-2026_assinado_assinado-copia_tarjada.pdf
23:16:42 INFO     Finished converting document fiocruz_novo-ptd_2-1_docdiretivo_repactuacao_2024-2026_assinado_assinado-copia_tarjada.pdf in 17.88 sec.
23:16:42 INFO     [3/7] ✓ FIOCRUZ   :   6 riscos | 17.9s | ETA ~3min
23:16:42 INFO     [4/7] → funai_ptd_2025_2027_docdiretivo_assinado-1_tarjado.pdf
23:16:42 INFO     detected formats: [<InputFormat.PDF: 'pdf'>]
23:16:42 INFO     Going to convert document batch...
23:16:42 INFO     Processing document funai_ptd_2025_2027_docdiretivo_assinado-1_tarjado.pdf
23:16:43 INFO     command: tesseract --psm 0 -l osd /tmp/tmpha3jg1ci.png stdout
23:16:44 INFO     command: tesseract -l por /tmp/tmpha3jg1ci.png stdout tsv
23:16:45 INFO     command: tesseract --psm 0 -l osd /tmp/tmpb26_i5_1.png stdout
23:16:47 INFO     command: tesseract -l por /tmp/tmpb26_i5_1.png stdout tsv
23:16:50 INFO     command: tesseract --psm 0 -l osd /tmp/tmpdz1wy2ck.png stdout
23:16:51 INFO     command: tesseract -l por /tmp/tmpdz1wy2ck.png stdout tsv
23:16:53 INFO     command: tesseract --psm 0 -l osd /tmp/tmpppi8_9z7.png stdout
23:16:53 INFO     command: tesseract -l por /tmp/tmpppi8_9z7.png stdout tsv
23:16:55 INFO     command: tesseract --psm 0 -l osd /tmp/tmpfd9zcj0u.png stdout
23:16:56 INFO     command: tesseract -l por /tmp/tmpfd9zcj0u.png stdout tsv
23:16:58 INFO     command: tesseract --psm 0 -l osd /tmp/tmpwwd_mqyg.png stdout
23:16:59 INFO     command: tesseract -l por /tmp/tmpwwd_mqyg.png stdout tsv
23:17:09 INFO     command: tesseract --psm 0 -l osd /tmp/tmp5q72v0nu.png stdout
23:17:10 INFO     command: tesseract -l por /tmp/tmp5q72v0nu.png stdout tsv
23:17:11 INFO     command: tesseract --psm 0 -l osd /tmp/tmpaqdzj26c.png stdout
23:17:12 INFO     command: tesseract -l por /tmp/tmpaqdzj26c.png stdout tsv
23:17:13 INFO     command: tesseract --psm 0 -l osd /tmp/tmpxp2u8mfj.png stdout
23:17:14 INFO     command: tesseract -l por /tmp/tmpxp2u8mfj.png stdout tsv
23:17:16 INFO     command: tesseract --psm 0 -l osd /tmp/tmpekdit0mn.png stdout
23:17:17 INFO     command: tesseract -l por /tmp/tmpekdit0mn.png stdout tsv
23:17:33 INFO     command: tesseract --psm 0 -l osd /tmp/tmph1_547bm.png stdout
23:17:34 INFO     command: tesseract -l por /tmp/tmph1_547bm.png stdout tsv
23:17:39 INFO     command: tesseract --psm 0 -l osd /tmp/tmpt3okgzj5.png stdout
23:17:39 INFO     command: tesseract -l por /tmp/tmpt3okgzj5.png stdout tsv
23:17:41 INFO     command: tesseract --psm 0 -l osd /tmp/tmpbc2nb2x8.png stdout
23:17:42 INFO     command: tesseract -l por /tmp/tmpbc2nb2x8.png stdout tsv
23:17:48 INFO     Finished converting document funai_ptd_2025_2027_docdiretivo_assinado-1_tarjado.pdf in 66.35 sec.
23:17:48 INFO     [4/7] ✓ FUNAI     :  15 riscos | 66.4s | ETA ~2min
23:17:48 INFO     [5/7] → incra_ptd_docdiretivo__assinado-1_assinado_assinado-copia_tarjada.pdf
23:17:48 INFO     detected formats: [<InputFormat.PDF: 'pdf'>]
23:17:48 INFO     Going to convert document batch...
23:17:48 INFO     Processing document incra_ptd_docdiretivo__assinado-1_assinado_assinado-copia_tarjada.pdf
23:17:50 INFO     command: tesseract --psm 0 -l osd /tmp/tmpa4n948bp.png stdout
23:17:50 INFO     command: tesseract -l por /tmp/tmpa4n948bp.png stdout tsv
23:17:52 INFO     command: tesseract --psm 0 -l osd /tmp/tmp0xn79lu8.png stdout
23:17:54 INFO     command: tesseract -l por /tmp/tmp0xn79lu8.png stdout tsv
23:18:00 INFO     command: tesseract --psm 0 -l osd /tmp/tmpdmcd508q.png stdout
23:18:00 INFO     command: tesseract -l por /tmp/tmpdmcd508q.png stdout tsv
23:18:02 INFO     command: tesseract --psm 0 -l osd /tmp/tmpc172ra5w.png stdout
23:18:03 INFO     command: tesseract -l por /tmp/tmpc172ra5w.png stdout tsv
23:18:05 INFO     command: tesseract --psm 0 -l osd /tmp/tmpa220op6x.png stdout
23:18:06 INFO     command: tesseract -l por /tmp/tmpa220op6x.png stdout tsv
23:18:08 INFO     command: tesseract --psm 0 -l osd /tmp/tmpu35pfg8s.png stdout
23:18:09 INFO     command: tesseract -l por /tmp/tmpu35pfg8s.png stdout tsv
23:18:25 INFO     command: tesseract --psm 0 -l osd /tmp/tmpm7s1w5je.png stdout
23:18:26 INFO     command: tesseract -l por /tmp/tmpm7s1w5je.png stdout tsv
23:18:28 INFO     command: tesseract --psm 0 -l osd /tmp/tmpwckejy3u.png stdout
23:18:28 INFO     command: tesseract -l por /tmp/tmpwckejy3u.png stdout tsv
23:18:30 INFO     command: tesseract --psm 0 -l osd /tmp/tmpgzzjsunt.png stdout
23:18:31 INFO     command: tesseract -l por /tmp/tmpgzzjsunt.png stdout tsv
23:18:33 INFO     command: tesseract --psm 0 -l osd /tmp/tmpxrudk2hd.png stdout
23:18:34 INFO     command: tesseract -l por /tmp/tmpxrudk2hd.png stdout tsv
23:18:38 INFO     command: tesseract --psm 0 -l osd /tmp/tmp7wkprmxg.png stdout
23:18:39 INFO     command: tesseract -l por /tmp/tmp7wkprmxg.png stdout tsv
23:18:47 INFO     command: tesseract --psm 0 -l osd /tmp/tmpaw0r1c4w.png stdout
23:18:48 INFO     command: tesseract -l por /tmp/tmpaw0r1c4w.png stdout tsv
23:18:52 INFO     command: tesseract --psm 0 -l osd /tmp/tmp_n20bqo6.png stdout
23:18:52 INFO     command: tesseract -l por /tmp/tmp_n20bqo6.png stdout tsv
23:19:00 INFO     Finished converting document incra_ptd_docdiretivo__assinado-1_assinado_assinado-copia_tarjada.pdf in 71.60 sec.
23:19:00 INFO     [5/7] ✓ INCRA     :  15 riscos | 71.6s | ETA ~1min
23:19:00 INFO     [6/7] → iti_doc_diretivo_assinado-1_tarjado.pdf
23:19:00 INFO     detected formats: [<InputFormat.PDF: 'pdf'>]
23:19:00 INFO     Going to convert document batch...
23:19:00 INFO     Processing document iti_doc_diretivo_assinado-1_tarjado.pdf
23:19:01 INFO     command: tesseract --psm 0 -l osd /tmp/tmpamd0gfkv.png stdout
23:19:01 INFO     command: tesseract -l por /tmp/tmpamd0gfkv.png stdout tsv
23:19:03 INFO     command: tesseract --psm 0 -l osd /tmp/tmpxvo5gc_4.png stdout
23:19:05 INFO     command: tesseract -l por /tmp/tmpxvo5gc_4.png stdout tsv
23:19:09 INFO     command: tesseract --psm 0 -l osd /tmp/tmpkf6e8py3.png stdout
23:19:09 INFO     command: tesseract -l por /tmp/tmpkf6e8py3.png stdout tsv
23:19:11 INFO     command: tesseract --psm 0 -l osd /tmp/tmp38e8ld7z.png stdout
23:19:12 INFO     command: tesseract -l por /tmp/tmp38e8ld7z.png stdout tsv
23:19:14 INFO     command: tesseract --psm 0 -l osd /tmp/tmp2clhjl76.png stdout
23:19:14 INFO     command: tesseract -l por /tmp/tmp2clhjl76.png stdout tsv
23:19:16 INFO     command: tesseract --psm 0 -l osd /tmp/tmp32lhm8nn.png stdout
23:19:18 INFO     command: tesseract -l por /tmp/tmp32lhm8nn.png stdout tsv
23:19:32 INFO     command: tesseract --psm 0 -l osd /tmp/tmpdvwmamf8.png stdout
23:19:33 INFO     command: tesseract -l por /tmp/tmpdvwmamf8.png stdout tsv
23:19:35 INFO     command: tesseract --psm 0 -l osd /tmp/tmp2xg49tsp.png stdout
23:19:36 INFO     command: tesseract -l por /tmp/tmp2xg49tsp.png stdout tsv
23:19:38 INFO     command: tesseract --psm 0 -l osd /tmp/tmp10tf6qzg.png stdout
23:19:38 INFO     command: tesseract -l por /tmp/tmp10tf6qzg.png stdout tsv
23:19:41 INFO     command: tesseract --psm 0 -l osd /tmp/tmprvkfo58q.png stdout
23:19:42 INFO     command: tesseract -l por /tmp/tmprvkfo58q.png stdout tsv
23:19:49 INFO     command: tesseract --psm 0 -l osd /tmp/tmp65fnq70b.png stdout
23:19:50 INFO     command: tesseract -l por /tmp/tmp65fnq70b.png stdout tsv
23:19:56 INFO     Finished converting document iti_doc_diretivo_assinado-1_tarjado.pdf in 56.20 sec.
23:19:56 INFO     [6/7] ✓ ITI       :  14 riscos | 56.2s | ETA ~57s
23:19:56 INFO     [7/7] → sgpr_ptd_2026_2027_docdiretivo_assinado-copia_tarjada.pdf
23:19:56 INFO     detected formats: [<InputFormat.PDF: 'pdf'>]
23:19:56 INFO     Going to convert document batch...
23:19:56 INFO     Processing document sgpr_ptd_2026_2027_docdiretivo_assinado-copia_tarjada.pdf
23:20:16 INFO     Finished converting document sgpr_ptd_2026_2027_docdiretivo_assinado-copia_tarjada.pdf in 20.07 sec.
23:20:16 INFO     [7/7] ✓ SGPR      :  10 riscos | 20.1s | ETA ~0s
23:20:16 INFO     ╔══════════════════════════════════════════════════════════════╗
23:20:16 INFO     ║                   RISCOS — fase concluída                    ║
23:20:16 INFO     ║  Processados: 7     |  ✓ 7  ⚠ 0                              ║
23:20:16 INFO     ║  Duração: 6.0 min                                            ║
23:20:16 INFO     ║  81 riscos | 7 órgãos                                        ║
23:20:16 INFO     ╚══════════════════════════════════════════════════════════════╝
23:20:16 INFO     81 riscos | 0 ações | 135 relações
23:20:16 INFO     ptd_corpus_raw                     : 255 linhas
23:20:16 INFO     ptd_pivot_eixos                    : 7 linhas
23:20:20 INFO     ptd_datas_assinatura               : 132 linhas
23:20:20 INFO     ptd_riscos                         : 81 linhas
23:20:20 INFO     ptd_riscos_acoes                   : 135 linhas
23:20:20 INFO     Manifesto salvo: pipeline_manifest.json | SHA-256 de 132 PDFs
23:20:20 INFO     ==================================================
23:20:20 INFO     PTD-BR v3.0-melhorado — PIPELINE CONCLUÍDO
23:20:20 INFO     ==================================================
23:20:20 INFO     ptd_corpus_raw.csv                        155 KB
23:20:20 INFO     ptd_pivot_eixos.csv                         0 KB
23:20:20 INFO     ptd_datas_assinatura.csv                    9 KB
23:20:20 INFO     ptd_riscos.csv                             23 KB
23:20:20 INFO     ptd_riscos_acoes.csv                        2 KB
23:20:20 INFO     proveniencia.json                           0 KB
23:20:20 INFO     pipeline_manifest.json                     20 KB
23:20:20 INFO     📦 Artefatos: https://github.com/freirelucas/teste/actions/runs/23965161387
23:20:20 INFO     ==================================================
