16:59:12 INFO     Docling disponível
16:59:12 WARNING  OCR fallback indisponível (IndentationError: unexpected indent (ptd_ocr_fallback.py, line 45))
16:59:13 INFO     Ignorado (guia/template/norma): ABNT-NBR-17225-Acessibilidade-Digital.pdf
16:59:13 INFO     Ignorado (guia/template/norma): cgrep-guia10passos-ptd-orgao.pdf
16:59:13 INFO     Ignorado (guia/template/norma): ABNT-NBR-17225-Acessibilidade-Digital.pdf
16:59:13 INFO     Scraping: 132 PDFs únicos | entregas: 68 | diretivos: 61
16:59:13 INFO     Baixando 132 PDFs únicos...
16:59:14 INFO     ✓ [  1/132] abin_ptd_anexo_de_entregas_assinado_pelo_orgao_ass   293.3KB
16:59:17 INFO     ✓ [  2/132] aeb_ptd_2025_2027_docdiretivo_aprovado_assinado-1_  1033.7KB
16:59:20 INFO     ✓ [  3/132] aeb_ptd_2025_2027_anexo_de_entregas_aprovado_assin   154.5KB
16:59:25 INFO     ✓ [  4/132] agu_ptd_2025_2027_docdiretivo_assinado_assinado_as  2860.3KB
16:59:27 INFO     ✓ [  5/132] agu_ptd_2025_2027_anexo_de_entregas_assinado_assin   525.5KB
16:59:30 INFO     ✓ [  6/132] ana_ptd_2025_2027_docdiretivo_assinado_assinado_as   477.2KB
16:59:32 INFO     ✓ [  7/132] ana_ptd_2025_2027_anexoentregas_assinado_assinado_   170.9KB
16:59:35 INFO     ✓ [  8/132] anac_ptd_2025_2026_docdiretivo_se_assinado_tarjado  1036.3KB
16:59:38 INFO     ✓ [  9/132] anac_ptd_2025_2026_anexo_de_entregas_se_assinado.p   215.2KB
16:59:41 INFO     ✓ [ 10/132] anatel_ptd_docdiretivo_assinado_2025_2026_assinado  1006.0KB
16:59:43 INFO     ✓ [ 11/132] anatel_ptd_2025_2026_anexo_de_entregas_do_ptd_publ    71.9KB
16:59:46 INFO     ✓ [ 12/132] ancine_ptd_2024_2026_docdiretivo_assinado-2_assina   961.8KB
16:59:49 INFO     ✓ [ 13/132] ancine_ptd_2024_2026_-_anexo_de_entregas_aprovado_   613.2KB
16:59:51 INFO     ✓ [ 14/132] ptd_aneel_2025-2027_docdiretivo_assinado_tarjado.p   779.6KB
16:59:54 INFO     ✓ [ 15/132] ptd_aneel_2025-2027_anexo_de_entregas_assinado.pdf   111.9KB
16:59:57 INFO     ✓ [ 16/132] anm_ptd_2025_2027_docdiretivo_assinadopeloorgao_ta  1092.5KB
17:00:00 INFO     ✓ [ 17/132] anm_ptd_2025_2027_anexo_entregas_assinadopeloorgao  1140.4KB
17:00:03 INFO     ✓ [ 18/132] anpd_ptd_2025_2027_docdiretivo_assinado_assinado_a  1044.3KB
17:00:06 INFO     ✓ [ 19/132] anpd_ptd_2025_2027_anexo_de_entregas_assinado_assi   166.5KB
17:00:09 INFO     ✓ [ 20/132] ans-plano_de_transformacao_digital_assinado-copia_  1023.4KB
17:00:11 INFO     ✓ [ 21/132] ans_ptd_2025_2026_anexo_de_entregas_assinado_assin   124.1KB
17:00:14 INFO     ✓ [ 22/132] antaq_ptd_2025_2027_docdiretivo_assinado_assinado_  1039.8KB
17:00:16 INFO     ✓ [ 23/132] antaq_ptd_2025_2027_anexoentregas_assinado_assinad   145.1KB
17:00:18 INFO     ✓ [ 24/132] mt_anexo_de_entregas_-_assinado_assinado_assinado_   143.6KB
17:00:27 INFO     ✓ [ 25/132] anvisa_ptd_docdiretivo_2025-2026_assinado_assinado  5771.2KB
17:00:29 INFO     ✓ [ 26/132] anvisa_ptd_anexo_de_entregas_2025_2026_assinado_as   239.0KB
17:00:32 INFO     ✓ [ 27/132] bcb_documento_diretivo_assinado_assinado_assinado-   713.7KB
17:00:34 INFO     ✓ [ 28/132] bcb_anexo_de_entregas_ptd_25_26-1_assinado_assinad   134.8KB
17:00:37 INFO     ✓ [ 29/132] cade_ptd_docdiretivo_2025_2026_assinado-2_assinado   810.4KB
17:00:40 INFO     ✓ [ 30/132] cade_ptd_anexo_de_entregas_2025_2026_assinado_copi   504.0KB
17:00:43 INFO     ✓ [ 31/132] mec_ptd_docdiretivo_2025-2026_sei_mec-5566673_copi   863.1KB
17:00:45 INFO     ✓ [ 32/132] mec_ptd_anexo-de-entregas_sei_mec-5576401_copia_ta   495.7KB
17:00:49 INFO     ✓ [ 33/132] mec_ptd_docdiretivo-versao-comunicacao_copia_tarja  1616.5KB
17:00:52 INFO     ✓ [ 34/132] md_ptd_2026_2027_anexo_de_entregas_assinado_assina   579.4KB
17:00:54 INFO     ✓ [ 35/132] md_ptd_2026_2027_anexo_de_entregas_assinado_assina   186.8KB
17:00:57 INFO     ✓ [ 36/132] md_ptd_temp_copia_tarjada.pdf                        741.9KB
17:01:00 INFO     ✓ [ 37/132] cgu_ptd_docdiretivo_assinado_assinado_assinado-cop  1085.4KB
17:01:03 INFO     ✓ [ 38/132] cgu_ptd_anexo_de_entregas_pactuadas_assinado_assin   514.1KB
17:01:05 INFO     ✓ [ 39/132] cnpq_ptd_2025_2027_docdiretivo_assinado_assinado_a   342.9KB
17:01:07 INFO     ✓ [ 40/132] cnpq_ptd_2025_2027_anexo_de_entregas_assinado_assi   136.1KB
17:01:10 INFO     ✓ [ 41/132] coaf_ptd_2025_2026_documento_diretivo_assinado_ass  1068.0KB
17:01:16 INFO     ✓ [ 42/132] coaf_ptd_2025_2026_anexo_de_entregas-2_assinado_as  3184.5KB
17:01:22 INFO     ✓ [ 43/132] ptd_midr-docdiretivo_aprovado_assinado_tarjado.pdf  3864.1KB
17:01:25 INFO     ✓ [ 44/132] ptd_midr_-_anexo_de_entregas_-_aprovado_assinado.p  1122.0KB
17:01:28 INFO     ✓ [ 45/132] mda-documento-diretivo-assinado_ptd-2025-207-copia   955.8KB
17:01:31 INFO     ✓ [ 46/132] cvm_ptd_2025_2027_docdiretivo_assinado_assinado_as   270.5KB
17:01:33 INFO     ✓ [ 47/132] cvm_ptd_2025_2027_anexoentregas_assinado_assinado_   409.0KB
17:01:36 INFO     ✓ [ 48/132] dnocs_ptd_doc_diretivo_2025_2026_assinado_orgao-2_   891.1KB
17:01:39 INFO     ✓ [ 49/132] dnocs_anexo_de_entregas_repactuado_2025_2026_assin   272.3KB
17:01:44 INFO     ✓ [ 50/132] fbn_ptd_2025_2027_docdiretivo_assinado-1_tarjado.p  2921.6KB
17:01:46 INFO     ✓ [ 51/132] fbn_ptd_2025_2027_anexo_de_entregas_assinado-1.pdf   162.3KB
17:01:50 INFO     ✓ [ 52/132] fcp_ptd_2025_2027_docdiretivo_assinado-1_tarjado.p  1612.0KB
17:01:52 INFO     ✓ [ 53/132] fcp_ptd_2025_2027_anexo_de_entregas_assinado-1.pdf   118.8KB
17:01:55 INFO     ✓ [ 54/132] fcrb_ptd_2025_2026_docdiretivo_aprovado_assinado-1   998.2KB
17:01:58 INFO     ✓ [ 55/132] fcrb_ptd_2025_2026_anexo_de_entregas_aprovado_assi   313.5KB
17:02:01 INFO     ✓ [ 56/132] fiocruz_novo-ptd_2-1_docdiretivo_repactuacao_2024-  1318.1KB
17:02:03 INFO     ✓ [ 57/132] fiocruz_ptd_anexo_de_entregas_assinado_v1_assinado   257.1KB
17:02:07 INFO     ✓ [ 58/132] fiocruz-ptd-06_2024-copia_tarjada.pdf               1693.8KB
17:02:11 INFO     ✓ [ 59/132] funai_ptd_2025_2027_docdiretivo_assinado-1_tarjado  1842.1KB
17:02:14 INFO     ✓ [ 60/132] funai_anexo_de_entregas_repactuado_2026_2027_assin   435.7KB
17:02:17 INFO     ✓ [ 61/132] funarte_ptd_docdiretivo_assinado_21_01_2025_assina   965.7KB
17:02:20 INFO     ✓ [ 62/132] funarte_ptd_anexo_de_entregas_assinado_v1_assinado   683.6KB
17:02:23 INFO     ✓ [ 63/132] fundacentro_ptd_2025_2027_docdiretivo_assinado_ass   826.6KB
17:02:26 INFO     ✓ [ 64/132] fundacentro_ptd_2025_2027_anexo_de_entregas_assina   635.5KB
17:02:29 INFO     ✓ [ 65/132] mma_ptd_docdiretivo_assinado_2025_2026-1_assinado_   949.3KB
17:02:31 INFO     ✓ [ 66/132] mma_ptd_anexo_de_entregas_aprovado_final_assinado_   174.8KB
17:02:34 INFO     ✓ [ 67/132] ibge_docdiretivo_2025_assinado_assinado_assinado-c  1167.3KB
17:02:36 INFO     ✓ [ 68/132] ibge_ptd_25_26_anexo_de_entregas_modelo_v2-1_assin   143.7KB
17:02:46 INFO     ✓ [ 69/132] incra_ptd_docdiretivo__assinado-1_assinado_assinad  7182.0KB
17:02:50 INFO     ✓ [ 70/132] incra_anexo_de_entregas_assinado-1_assinado_assina  1818.6KB
17:02:56 INFO     ✓ [ 71/132] inpi_ptd_docdiretivo_assinado_2025_2026_assinado_a  3322.4KB
17:03:01 INFO     ✓ [ 72/132] inpi_ptd_anexo_de_entregas_assinado_v1_assinado_as  3078.1KB
17:03:04 INFO     ✓ [ 73/132] inss_ptd_2025_2027_docdiretivo-assinado-copia_tarj  1173.3KB
17:03:06 INFO     ✓ [ 74/132] inss_ptd_2025_2027_anexo_de_entregas-assinado-copi   110.8KB
17:03:09 INFO     ✓ [ 75/132] iphan_ptd_docdiretivo_assinado_2025_2026_assinado_   885.7KB
17:03:12 INFO     ✓ [ 76/132] iphan_ptd_anexo_de_entregas_assinado_v1_assinado_a   310.9KB
17:03:19 INFO     ✓ [ 77/132] iti_doc_diretivo_assinado-1_tarjado.pdf             4905.1KB
17:03:22 INFO     ✓ [ 78/132] iti_anexo_de_entregas_assinado.pdf                   556.4KB
17:03:26 INFO     ✓ [ 79/132] mapa_ptd_2025_2027_docdiretivo_assinado-1_tarjado.  1740.9KB
17:03:28 INFO     ✓ [ 80/132] mapa_ptd_2025_2027_anexo_de_entregas_assinado-1.pd   261.9KB
17:03:35 INFO     ✓ [ 81/132] documento-diretivo-mcom-_-ptd-25_27-copia_tarjada.  4451.9KB
17:03:38 INFO     ✓ [ 82/132] anexo-de-entregas-mcom_ptd-25_27-copia_tarjada.pdf  1213.8KB
17:03:43 INFO     ✓ [ 83/132] ptd_21_24_mcom-copia_tarjada.pdf                    3040.7KB
17:03:46 INFO     ✓ [ 84/132] mcti_ptd_2025-2027_docdiretivo_assinado-copia_tarj  1030.7KB
17:03:48 INFO     ✓ [ 85/132] mcti_ptd_2025-2027_anexo-de-entregas_assinado-copi   145.8KB
17:03:51 INFO     ✓ [ 86/132] mda-anexo-entregas-assinado_ptd-2025-2027-copia-ta   284.6KB
17:03:54 INFO     ✓ [ 87/132] mdhc_ptd_2025_2027_docdiretivo_assinado_assinado_a   753.4KB
17:03:56 INFO     ✓ [ 88/132] mdhc_ptd_2025_2027_anexoentregas_assinado_assinado   186.8KB
17:03:58 INFO     ✓ [ 89/132] mdic_ptd_anexo_de_entregas_assinado_v1_assinado_as   176.6KB
17:04:01 INFO     ✓ [ 90/132] memp_ptd_2025_2026_docdiretivo_assinado_assinado_a  1030.1KB
17:04:03 INFO     ✓ [ 91/132] memp_ptd_2025_2026_anexo_de_entregas_assinado_assi   161.5KB
17:04:07 INFO     ✓ [ 92/132] mesp_ptd_2025_2027_docdiretivo_assinado_assinado_2  1147.7KB
17:04:09 INFO     ✓ [ 93/132] mesp_ptd_2025_2027_anexo_de_entregas_assinado_assi   226.6KB
17:04:13 INFO     ✓ [ 94/132] mf_ptd_2026_2027_documentodiretivo_assinado_assina   955.1KB
17:04:15 INFO     ✓ [ 95/132] mf_ptd_2026_2027_anexo_de_entregas_1_mf_se_assinad   241.2KB
17:04:17 INFO     ✓ [ 96/132] mgi_ptd_2025_2027_docdiretivo_assinado_assinado_as   375.2KB
17:04:20 INFO     ✓ [ 97/132] mgi_ptd_2025_2027_anexo_de_entregas_assinado_assin   256.1KB
17:04:23 INFO     ✓ [ 98/132] minc_ptd_2025_2027_docdiretivo_assinado-1_assinado   863.6KB
17:04:26 INFO     ✓ [ 99/132] minc_ptd_2025_2027_anexo_de_entregas_assinado-1_as   276.7KB
17:04:29 INFO     ✓ [100/132] mjsp_ptd_docdiretivo_assinado_2025_2026_assinado_a   954.0KB
17:04:31 INFO     ✓ [101/132] mjsp_ptd_anexo_de_entregas_assinado_v1_assinado_as   253.9KB
17:04:34 INFO     ✓ [102/132] mme_ptd_2025_2027_docdiretivo_assinado-copia_tarja   664.5KB
17:04:36 INFO     ✓ [103/132] mme_ptd_2025_2027_anexo_de_entregas_assinado__1_-c   111.1KB
17:04:40 INFO     ✓ [104/132] mmulheres_ptd_2025_2027_docdiretivo_assinado_assin  1078.3KB
17:04:42 INFO     ✓ [105/132] mmulheres_ptd_2025_2027_anexo_de_entregas_assinado   216.9KB
17:04:45 INFO     ✓ [106/132] mpi_ptd_2025_2027_docdiretivo_ministerio_dos_povos   947.9KB
17:04:47 INFO     ✓ [107/132] mpi_ptd_anexo_de_entregas_do_plano_de_tranformacao   191.9KB
17:04:50 INFO     ✓ [108/132] mpo_ptd_docdiretivo_assinado_2025_2026_assinado_as   806.3KB
17:04:53 INFO     ✓ [109/132] mpo_ptd_anexo_de_entregas_assinado_v1_assinado_ass   323.2KB
17:04:56 INFO     ✓ [110/132] mpor_ptd_2025_2027_docdiretivo_assinado_assinado_a   876.5KB
17:04:58 INFO     ✓ [111/132] mpor_ptd_2025_2027_anexo_de_entregas_assinado_assi   175.1KB
17:05:01 INFO     ✓ [112/132] mps_ptd_2025-2026_docdiretivo_final_assinado-1_ass  1024.4KB
17:05:03 INFO     ✓ [113/132] mps_ptd_2025-2026_anexo_de_entregas_final_assinado   165.0KB
17:05:06 INFO     ✓ [114/132] mre_ptd_docdiretivo_assinado_2025_2026_assinado_as   760.9KB
17:05:09 INFO     ✓ [115/132] mre_ptd_anexo_de_entregas_assinado_v1_assinado_ass   233.2KB
17:05:12 INFO     ✓ [116/132] mte_ptd_2025_2026_docdiretivo_assinado_assinado_as   729.6KB
17:05:15 INFO     ✓ [117/132] mte_ptd_anexo_de_entregas_assinado_v1__281_29_assi   459.5KB
17:05:18 INFO     ✓ [118/132] mtur_ptd_docdiretiv_assinado_30_01_2025_assinado_a  1050.4KB
17:05:20 INFO     ✓ [119/132] mtur_ptd_anexo_de_entregas_assinado_30_01_2025_ass   118.8KB
17:05:23 INFO     ✓ [120/132] pf_ptd_docdiretivo_2025_2027_assinado-copia_tarjad   964.3KB
17:05:25 INFO     ✓ [121/132] pf_ptd_anexo_de_entregas_2025_2027_assinado-copia_    62.5KB
17:05:28 INFO     ✓ [122/132] mf_ptd_2026_2027_anexo_de_entregas_4_mf_pgfn_assin   466.8KB
17:05:37 INFO     ✓ [123/132] previc_plano_de_transformacao_digital_2025_2026_29  6652.7KB
17:05:39 INFO     ✓ [124/132] previc_ptd_repactuacao_2025-2026_assinado_assinado   182.9KB
17:05:42 INFO     ✓ [125/132] prf_documentodiretivo_ptd_2026-2027_assinado_tarja   535.9KB
17:05:44 INFO     ✓ [126/132] prf_anexo_de_entregas_do_ptd__2026_2027___ptd___en   157.7KB
17:05:47 INFO     ✓ [127/132] mf_ptd_2026_2027_anexo_de_entregas_2_mf_rfb_assina   253.7KB
17:05:50 INFO     ✓ [128/132] sgpr_ptd_2026_2027_docdiretivo_assinado-copia_tarj   791.2KB
17:05:53 INFO     ✓ [129/132] sgpr_ptd_2025_2027_anexo_de_entregas_assinado-copi   897.9KB
17:05:55 INFO     ✓ [130/132] mf_ptd_2026_2027_anexo_de_entregas_3_mf_stn_assina   467.8KB
17:05:58 INFO     ✓ [131/132] susep_ptd_2025_2027_docdiretivo-assinado-copia_tar  1030.1KB
17:06:01 INFO     ✓ [132/132] susep_ptd_2025-2026_anexo_de_entregas_final_assina   221.9KB
17:06:02 INFO     132 OK | 0 erros | 123.3 MB total
17:06:08 INFO     Sanity: 132 PDFs | 113 texto | 19 imagem/OCR | 0 duplicatas
17:06:08 INFO     --siglas (debug): 15 PDFs de ['AGU', 'FIOCRUZ', 'FUNAI', 'FUNDACENTRO', 'INCRA', 'ITI', 'MCOM', 'SGPR']
17:06:08 INFO     DocumentConverter instanciado (singleton × 2: plain + OCR)
17:06:08 INFO     [1/15] → agu_ptd_2025_2027_anexo_de_entregas_assinado_assinado_assinado-copia_tarjada.pdf
17:06:08 INFO     detected formats: [<InputFormat.PDF: 'pdf'>]
17:06:08 INFO     Going to convert document batch...
17:06:08 INFO     Initializing pipeline for StandardPdfPipeline with options hash bc6794697da537796efc497178f9263f
17:06:08 INFO     Loading plugin 'docling_defaults'
17:06:08 INFO     Registered picture descriptions: ['picture_description_vlm_engine', 'vlm', 'api']
17:06:08 INFO     Loading plugin 'docling_defaults'
17:06:08 INFO     Registered ocr engines: ['auto', 'easyocr', 'kserve_v2_ocr', 'ocrmac', 'rapidocr', 'tesserocr', 'tesseract']
17:06:08 INFO     command: tesseract --list-langs
17:06:08 INFO     Loading plugin 'docling_defaults'
17:06:08 INFO     Registered layout engines: ['layout_object_detection', 'docling_layout_default', 'docling_experimental_table_crops_layout']
17:06:08 INFO     Accelerator device: 'cpu'
17:06:08 INFO     HTTP Request: GET https://huggingface.co/api/models/docling-project/docling-layout-heron/revision/main "HTTP/1.1 200 OK"
17:06:08 INFO     HTTP Request: HEAD https://huggingface.co/docling-project/docling-layout-heron/resolve/8f39ad3c0b4c58e9c2d2c84a38465abf757272d8/README.md "HTTP/1.1 307 Temporary Redirect"
17:06:08 INFO     HTTP Request: HEAD https://huggingface.co/api/resolve-cache/models/docling-project/docling-layout-heron/8f39ad3c0b4c58e9c2d2c84a38465abf757272d8/README.md "HTTP/1.1 200 OK"
17:06:08 INFO     HTTP Request: HEAD https://huggingface.co/docling-project/docling-layout-heron/resolve/8f39ad3c0b4c58e9c2d2c84a38465abf757272d8/.gitattributes "HTTP/1.1 307 Temporary Redirect"
17:06:08 INFO     HTTP Request: HEAD https://huggingface.co/docling-project/docling-layout-heron/resolve/8f39ad3c0b4c58e9c2d2c84a38465abf757272d8/docling_heron_400.png "HTTP/1.1 307 Temporary Redirect"
17:06:08 WARNING  Warning: You are sending unauthenticated requests to the HF Hub. Please set a HF_TOKEN to enable higher rate limits and faster downloads.
17:06:08 INFO     HTTP Request: GET https://huggingface.co/api/resolve-cache/models/docling-project/docling-layout-heron/8f39ad3c0b4c58e9c2d2c84a38465abf757272d8/README.md "HTTP/1.1 200 OK"
17:06:08 INFO     HTTP Request: HEAD https://huggingface.co/docling-project/docling-layout-heron/resolve/8f39ad3c0b4c58e9c2d2c84a38465abf757272d8/config.json "HTTP/1.1 307 Temporary Redirect"
17:06:08 INFO     HTTP Request: HEAD https://huggingface.co/docling-project/docling-layout-heron/resolve/8f39ad3c0b4c58e9c2d2c84a38465abf757272d8/preprocessor_config.json "HTTP/1.1 307 Temporary Redirect"
17:06:08 INFO     HTTP Request: HEAD https://huggingface.co/docling-project/docling-layout-heron/resolve/8f39ad3c0b4c58e9c2d2c84a38465abf757272d8/model.safetensors "HTTP/1.1 302 Found"
17:06:08 INFO     HTTP Request: HEAD https://huggingface.co/api/resolve-cache/models/docling-project/docling-layout-heron/8f39ad3c0b4c58e9c2d2c84a38465abf757272d8/.gitattributes "HTTP/1.1 200 OK"
17:06:08 INFO     HTTP Request: HEAD https://huggingface.co/api/resolve-cache/models/docling-project/docling-layout-heron/8f39ad3c0b4c58e9c2d2c84a38465abf757272d8/docling_heron_400.png "HTTP/1.1 200 OK"
17:06:08 INFO     HTTP Request: HEAD https://huggingface.co/api/resolve-cache/models/docling-project/docling-layout-heron/8f39ad3c0b4c58e9c2d2c84a38465abf757272d8/config.json "HTTP/1.1 200 OK"
17:06:08 INFO     HTTP Request: HEAD https://huggingface.co/api/resolve-cache/models/docling-project/docling-layout-heron/8f39ad3c0b4c58e9c2d2c84a38465abf757272d8/preprocessor_config.json "HTTP/1.1 200 OK"
17:06:08 INFO     HTTP Request: GET https://huggingface.co/api/resolve-cache/models/docling-project/docling-layout-heron/8f39ad3c0b4c58e9c2d2c84a38465abf757272d8/docling_heron_400.png "HTTP/1.1 200 OK"
17:06:08 INFO     HTTP Request: GET https://huggingface.co/api/resolve-cache/models/docling-project/docling-layout-heron/8f39ad3c0b4c58e9c2d2c84a38465abf757272d8/.gitattributes "HTTP/1.1 200 OK"
17:06:08 INFO     HTTP Request: GET https://huggingface.co/api/resolve-cache/models/docling-project/docling-layout-heron/8f39ad3c0b4c58e9c2d2c84a38465abf757272d8/config.json "HTTP/1.1 200 OK"
17:06:08 INFO     HTTP Request: GET https://huggingface.co/api/resolve-cache/models/docling-project/docling-layout-heron/8f39ad3c0b4c58e9c2d2c84a38465abf757272d8/preprocessor_config.json "HTTP/1.1 200 OK"
17:06:08 INFO     HTTP Request: GET https://huggingface.co/api/models/docling-project/docling-layout-heron/xet-read-token/8f39ad3c0b4c58e9c2d2c84a38465abf757272d8 "HTTP/1.1 200 OK"
17:06:10 INFO     Loading plugin 'docling_defaults'
17:06:10 INFO     Registered table structure engines: ['docling_tableformer', 'docling_tableformer_v2']
17:06:10 INFO     HTTP Request: GET https://huggingface.co/api/models/docling-project/docling-models/revision/v2.3.0 "HTTP/1.1 200 OK"
17:06:10 INFO     HTTP Request: HEAD https://huggingface.co/docling-project/docling-models/resolve/fc0f2d45e2218ea24bce5045f58a389aed16dc23/.gitignore "HTTP/1.1 307 Temporary Redirect"
17:06:10 INFO     HTTP Request: HEAD https://huggingface.co/docling-project/docling-models/resolve/fc0f2d45e2218ea24bce5045f58a389aed16dc23/.gitattributes "HTTP/1.1 307 Temporary Redirect"
17:06:10 INFO     HTTP Request: HEAD https://huggingface.co/docling-project/docling-models/resolve/fc0f2d45e2218ea24bce5045f58a389aed16dc23/README.md "HTTP/1.1 307 Temporary Redirect"
17:06:10 INFO     HTTP Request: HEAD https://huggingface.co/docling-project/docling-models/resolve/fc0f2d45e2218ea24bce5045f58a389aed16dc23/config.json "HTTP/1.1 307 Temporary Redirect"
17:06:10 INFO     HTTP Request: HEAD https://huggingface.co/docling-project/docling-models/resolve/fc0f2d45e2218ea24bce5045f58a389aed16dc23/model_artifacts/tableformer/accurate/tableformer_accurate.safetensors "HTTP/1.1 302 Found"
17:06:10 INFO     HTTP Request: HEAD https://huggingface.co/api/resolve-cache/models/docling-project/docling-models/fc0f2d45e2218ea24bce5045f58a389aed16dc23/.gitignore "HTTP/1.1 200 OK"
17:06:10 INFO     HTTP Request: HEAD https://huggingface.co/docling-project/docling-models/resolve/fc0f2d45e2218ea24bce5045f58a389aed16dc23/model_artifacts/tableformer/accurate/tm_config.json "HTTP/1.1 307 Temporary Redirect"
17:06:10 INFO     HTTP Request: HEAD https://huggingface.co/api/resolve-cache/models/docling-project/docling-models/fc0f2d45e2218ea24bce5045f58a389aed16dc23/.gitattributes "HTTP/1.1 200 OK"
17:06:10 INFO     HTTP Request: HEAD https://huggingface.co/api/resolve-cache/models/docling-project/docling-models/fc0f2d45e2218ea24bce5045f58a389aed16dc23/README.md "HTTP/1.1 200 OK"
17:06:10 INFO     HTTP Request: HEAD https://huggingface.co/api/resolve-cache/models/docling-project/docling-models/fc0f2d45e2218ea24bce5045f58a389aed16dc23/config.json "HTTP/1.1 200 OK"
17:06:10 INFO     HTTP Request: HEAD https://huggingface.co/api/resolve-cache/models/docling-project/docling-models/fc0f2d45e2218ea24bce5045f58a389aed16dc23/model_artifacts%2Ftableformer%2Faccurate%2Ftm_config.json "HTTP/1.1 200 OK"
17:06:10 INFO     HTTP Request: HEAD https://huggingface.co/docling-project/docling-models/resolve/fc0f2d45e2218ea24bce5045f58a389aed16dc23/model_artifacts/tableformer/fast/tableformer_fast.safetensors "HTTP/1.1 302 Found"
17:06:10 INFO     HTTP Request: HEAD https://huggingface.co/docling-project/docling-models/resolve/fc0f2d45e2218ea24bce5045f58a389aed16dc23/model_artifacts/tableformer/fast/tm_config.json "HTTP/1.1 307 Temporary Redirect"
17:06:10 INFO     HTTP Request: GET https://huggingface.co/api/resolve-cache/models/docling-project/docling-models/fc0f2d45e2218ea24bce5045f58a389aed16dc23/config.json "HTTP/1.1 200 OK"
17:06:10 INFO     HTTP Request: GET https://huggingface.co/api/resolve-cache/models/docling-project/docling-models/fc0f2d45e2218ea24bce5045f58a389aed16dc23/.gitignore "HTTP/1.1 200 OK"
17:06:10 INFO     HTTP Request: GET https://huggingface.co/api/resolve-cache/models/docling-project/docling-models/fc0f2d45e2218ea24bce5045f58a389aed16dc23/.gitattributes "HTTP/1.1 200 OK"
17:06:10 INFO     HTTP Request: GET https://huggingface.co/api/resolve-cache/models/docling-project/docling-models/fc0f2d45e2218ea24bce5045f58a389aed16dc23/model_artifacts%2Ftableformer%2Faccurate%2Ftm_config.json "HTTP/1.1 200 OK"
17:06:10 INFO     HTTP Request: GET https://huggingface.co/api/resolve-cache/models/docling-project/docling-models/fc0f2d45e2218ea24bce5045f58a389aed16dc23/README.md "HTTP/1.1 200 OK"
17:06:10 INFO     HTTP Request: HEAD https://huggingface.co/api/resolve-cache/models/docling-project/docling-models/fc0f2d45e2218ea24bce5045f58a389aed16dc23/model_artifacts%2Ftableformer%2Ffast%2Ftm_config.json "HTTP/1.1 200 OK"
17:06:10 INFO     HTTP Request: GET https://huggingface.co/api/models/docling-project/docling-models/xet-read-token/fc0f2d45e2218ea24bce5045f58a389aed16dc23 "HTTP/1.1 200 OK"
17:06:10 INFO     HTTP Request: GET https://huggingface.co/api/models/docling-project/docling-models/xet-read-token/fc0f2d45e2218ea24bce5045f58a389aed16dc23 "HTTP/1.1 200 OK"
17:06:10 INFO     HTTP Request: GET https://huggingface.co/api/resolve-cache/models/docling-project/docling-models/fc0f2d45e2218ea24bce5045f58a389aed16dc23/model_artifacts%2Ftableformer%2Ffast%2Ftm_config.json "HTTP/1.1 200 OK"
17:06:11 INFO     Accelerator device: 'cpu'
17:06:11 INFO     Processing document agu_ptd_2025_2027_anexo_de_entregas_assinado_assinado_assinado-copia_tarjada.pdf
17:06:12 INFO     command: tesseract --psm 0 -l osd /tmp/tmp909bbczf.png stdout
17:06:13 INFO     command: tesseract -l por /tmp/tmp909bbczf.png stdout tsv
17:06:16 INFO     command: tesseract --psm 0 -l osd /tmp/tmpqjb0sdws.png stdout
17:06:17 INFO     command: tesseract -l por /tmp/tmpqjb0sdws.png stdout tsv
17:06:34 INFO     Finished converting document agu_ptd_2025_2027_anexo_de_entregas_assinado_assinado_assinado-copia_tarjada.pdf in 26.31 sec.
17:06:34 INFO       pixel_budget (Docling) agu_ptd_2025_2027_anexo_de_entregas_assinado_assinado_assinado-copia_tarjada.pdf: 45.8% (área tabelas/1001817 px²)
17:06:34 INFO     [1/15] ✓ AGU       :   33 entregas | 26.3s | ETA ~6min
17:06:34 INFO     [2/15] → agu_ptd_2025_2027_docdiretivo_assinado_assinado_assinado-copia_tarjada.pdf
17:06:34 INFO     detected formats: [<InputFormat.PDF: 'pdf'>]
17:06:34 INFO     Going to convert document batch...
17:06:34 INFO     Processing document agu_ptd_2025_2027_docdiretivo_assinado_assinado_assinado-copia_tarjada.pdf
17:06:35 INFO     command: tesseract --psm 0 -l osd /tmp/tmpniuf0pix.png stdout
17:06:35 INFO     command: tesseract -l por /tmp/tmpniuf0pix.png stdout tsv
17:06:37 INFO     command: tesseract --psm 0 -l osd /tmp/tmpphtosxoi.png stdout
17:06:39 INFO     command: tesseract -l por /tmp/tmpphtosxoi.png stdout tsv
17:06:42 INFO     command: tesseract --psm 0 -l osd /tmp/tmpj9eeapli.png stdout
17:06:43 INFO     command: tesseract -l por /tmp/tmpj9eeapli.png stdout tsv
17:06:45 INFO     command: tesseract --psm 0 -l osd /tmp/tmp9bw_n5f7.png stdout
17:06:46 INFO     command: tesseract -l por /tmp/tmp9bw_n5f7.png stdout tsv
17:06:48 INFO     command: tesseract --psm 0 -l osd /tmp/tmpv48qegdn.png stdout
17:06:49 INFO     command: tesseract -l por /tmp/tmpv48qegdn.png stdout tsv
17:06:51 INFO     command: tesseract --psm 0 -l osd /tmp/tmpnq1w_ol6.png stdout
17:06:52 INFO     command: tesseract -l por /tmp/tmpnq1w_ol6.png stdout tsv
17:07:03 INFO     command: tesseract --psm 0 -l osd /tmp/tmp2agajj9m.png stdout
17:07:04 INFO     command: tesseract -l por /tmp/tmp2agajj9m.png stdout tsv
17:07:06 INFO     command: tesseract --psm 0 -l osd /tmp/tmp59vyd4iw.png stdout
17:07:07 INFO     command: tesseract -l por /tmp/tmp59vyd4iw.png stdout tsv
17:07:09 INFO     command: tesseract --psm 0 -l osd /tmp/tmp7ndj_d1h.png stdout
17:07:10 INFO     command: tesseract -l por /tmp/tmp7ndj_d1h.png stdout tsv
17:07:12 INFO     command: tesseract --psm 0 -l osd /tmp/tmpz6twi2yc.png stdout
17:07:13 INFO     command: tesseract -l por /tmp/tmpz6twi2yc.png stdout tsv
17:07:28 INFO     command: tesseract --psm 0 -l osd /tmp/tmpx6uyhzbc.png stdout
17:07:29 INFO     command: tesseract -l por /tmp/tmpx6uyhzbc.png stdout tsv
17:07:32 INFO     Finished converting document agu_ptd_2025_2027_docdiretivo_assinado_assinado_assinado-copia_tarjada.pdf in 58.06 sec.
17:07:32 INFO       pixel_budget (Docling) agu_ptd_2025_2027_docdiretivo_assinado_assinado_assinado-copia_tarjada.pdf: 2.1% (área tabelas/5513330 px²)
17:07:32 INFO     [2/15] ✓ AGU       :    6 entregas | 58.1s | ETA ~9min
17:07:32 INFO     [3/15] → anexo-de-entregas-mcom_ptd-25_27-copia_tarjada.pdf
17:07:32 INFO     detected formats: [<InputFormat.PDF: 'pdf'>]
17:07:32 INFO     Going to convert document batch...
17:07:32 INFO     Processing document anexo-de-entregas-mcom_ptd-25_27-copia_tarjada.pdf
17:07:33 INFO     command: tesseract --psm 0 -l osd /tmp/tmphz5wrvgc.png stdout
17:07:34 INFO     command: tesseract -l por /tmp/tmphz5wrvgc.png stdout tsv
17:07:37 INFO     command: tesseract --psm 0 -l osd /tmp/tmpg64tttak.png stdout
17:07:38 INFO     command: tesseract -l por /tmp/tmpg64tttak.png stdout tsv
17:07:48 INFO     command: tesseract --psm 0 -l osd /tmp/tmp_ryws_mm.png stdout
17:07:49 INFO     command: tesseract -l por /tmp/tmp_ryws_mm.png stdout tsv
17:08:09 INFO     Finished converting document anexo-de-entregas-mcom_ptd-25_27-copia_tarjada.pdf in 36.31 sec.
17:08:09 INFO       pixel_budget (Docling) anexo-de-entregas-mcom_ptd-25_27-copia_tarjada.pdf: 55.2% (área tabelas/1503636 px²)
17:08:09 INFO     [3/15] ✓ MCOM      :   55 entregas | 36.3s | ETA ~8min
17:08:09 INFO     [4/15] → documento-diretivo-mcom-_-ptd-25_27-copia_tarjada.pdf
17:08:09 INFO     detected formats: [<InputFormat.PDF: 'pdf'>]
17:08:09 INFO     Going to convert document batch...
17:08:09 INFO     Processing document documento-diretivo-mcom-_-ptd-25_27-copia_tarjada.pdf
17:08:09 INFO     command: tesseract --psm 0 -l osd /tmp/tmpz9y1csv2.png stdout
17:08:10 INFO     command: tesseract -l por /tmp/tmpz9y1csv2.png stdout tsv
17:08:12 INFO     command: tesseract --psm 0 -l osd /tmp/tmpdsfrd_1m.png stdout
17:08:14 INFO     command: tesseract -l por /tmp/tmpdsfrd_1m.png stdout tsv
17:08:20 INFO     command: tesseract --psm 0 -l osd /tmp/tmp99u2y66b.png stdout
17:08:21 INFO     command: tesseract -l por /tmp/tmp99u2y66b.png stdout tsv
17:08:22 INFO     command: tesseract --psm 0 -l osd /tmp/tmplj_wf9ro.png stdout
17:08:23 INFO     command: tesseract -l por /tmp/tmplj_wf9ro.png stdout tsv
17:08:25 INFO     command: tesseract --psm 0 -l osd /tmp/tmpgkoxlxxp.png stdout
17:08:26 INFO     command: tesseract -l por /tmp/tmpgkoxlxxp.png stdout tsv
17:08:28 INFO     command: tesseract --psm 0 -l osd /tmp/tmp__0eaqdc.png stdout
17:08:29 INFO     command: tesseract -l por /tmp/tmp__0eaqdc.png stdout tsv
17:08:42 INFO     command: tesseract --psm 0 -l osd /tmp/tmp4o7mrzz7.png stdout
17:08:43 INFO     command: tesseract -l por /tmp/tmp4o7mrzz7.png stdout tsv
17:08:45 INFO     command: tesseract --psm 0 -l osd /tmp/tmpwb03pq9q.png stdout
17:08:46 INFO     command: tesseract -l por /tmp/tmpwb03pq9q.png stdout tsv
17:08:48 INFO     command: tesseract --psm 0 -l osd /tmp/tmph54u92fb.png stdout
17:08:49 INFO     command: tesseract -l por /tmp/tmph54u92fb.png stdout tsv
17:08:51 INFO     command: tesseract --psm 0 -l osd /tmp/tmplswqoibu.png stdout
17:08:52 INFO     command: tesseract -l por /tmp/tmplswqoibu.png stdout tsv
17:08:56 INFO     command: tesseract --psm 0 -l osd /tmp/tmpp3zadtzg.png stdout
17:08:57 INFO     command: tesseract -l por /tmp/tmpp3zadtzg.png stdout tsv
17:09:04 INFO     command: tesseract --psm 0 -l osd /tmp/tmpcu_0nnqf.png stdout
17:09:04 INFO     command: tesseract -l por /tmp/tmpcu_0nnqf.png stdout tsv
17:09:06 INFO     command: tesseract --psm 0 -l osd /tmp/tmpxxs_xpm2.png stdout
17:09:07 INFO     command: tesseract -l por /tmp/tmpxxs_xpm2.png stdout tsv
17:09:09 INFO     command: tesseract --psm 0 -l osd /tmp/tmpardlfwjc.png stdout
17:09:10 INFO     command: tesseract -l por /tmp/tmpardlfwjc.png stdout tsv
17:09:16 INFO     Finished converting document documento-diretivo-mcom-_-ptd-25_27-copia_tarjada.pdf in 67.67 sec.
17:09:16 INFO       pixel_budget (Docling) documento-diretivo-mcom-_-ptd-25_27-copia_tarjada.pdf: 10.8% (área tabelas/7016966 px²)
17:09:16 WARNING  [4/15] ⚠ MCOM      :    0 entregas | 67.7s | ETA ~8min
17:09:16 INFO     [5/15] → fiocruz-ptd-06_2024-copia_tarjada.pdf
17:09:16 INFO     detected formats: [<InputFormat.PDF: 'pdf'>]
17:09:16 INFO     Going to convert document batch...
17:09:16 INFO     Initializing pipeline for StandardPdfPipeline with options hash d18651824ca6fe56cf3ccb20424ac2c8
17:09:16 INFO     Accelerator device: 'cpu'
17:09:16 INFO     HTTP Request: GET https://huggingface.co/api/models/docling-project/docling-layout-heron/revision/main "HTTP/1.1 200 OK"
17:09:17 INFO     HTTP Request: GET https://huggingface.co/api/models/docling-project/docling-models/revision/v2.3.0 "HTTP/1.1 200 OK"
17:09:17 INFO     Accelerator device: 'cpu'
17:09:17 INFO     Processing document fiocruz-ptd-06_2024-copia_tarjada.pdf
17:10:25 INFO     Finished converting document fiocruz-ptd-06_2024-copia_tarjada.pdf in 68.09 sec.
17:10:25 INFO       pixel_budget (Docling) fiocruz-ptd-06_2024-copia_tarjada.pdf: 36.4% (área tabelas/7518178 px²)
17:10:25 WARNING  [5/15] ⚠ FIOCRUZ   :    0 entregas | 68.1s | ETA ~8min
17:10:25 INFO     [6/15] → fiocruz_novo-ptd_2-1_docdiretivo_repactuacao_2024-2026_assinado_assinado-copia_tarjada.pdf
17:10:25 INFO     detected formats: [<InputFormat.PDF: 'pdf'>]
17:10:25 INFO     Going to convert document batch...
17:10:25 INFO     Processing document fiocruz_novo-ptd_2-1_docdiretivo_repactuacao_2024-2026_assinado_assinado-copia_tarjada.pdf
17:10:42 INFO     Finished converting document fiocruz_novo-ptd_2-1_docdiretivo_repactuacao_2024-2026_assinado_assinado-copia_tarjada.pdf in 17.81 sec.
17:10:42 INFO       pixel_budget (Docling) fiocruz_novo-ptd_2-1_docdiretivo_repactuacao_2024-2026_assinado_assinado-copia_tarjada.pdf: 11.3% (área tabelas/5012118 px²)
17:10:42 WARNING  [6/15] ⚠ FIOCRUZ   :    0 entregas | 17.8s | ETA ~6min
17:10:42 INFO     [7/15] → fiocruz_ptd_anexo_de_entregas_assinado_v1_assinado_assinado-1-copia_tarjada.pdf
17:10:42 INFO     detected formats: [<InputFormat.PDF: 'pdf'>]
17:10:42 INFO     Going to convert document batch...
17:10:42 INFO     Processing document fiocruz_ptd_anexo_de_entregas_assinado_v1_assinado_assinado-1-copia_tarjada.pdf
17:11:14 INFO     Finished converting document fiocruz_ptd_anexo_de_entregas_assinado_v1_assinado_assinado-1-copia_tarjada.pdf in 31.69 sec.
17:11:14 INFO       pixel_budget (Docling) fiocruz_ptd_anexo_de_entregas_assinado_v1_assinado_assinado-1-copia_tarjada.pdf: 54.7% (área tabelas/2004847 px²)
17:11:14 INFO     [7/15] ✓ FIOCRUZ   :   61 entregas | 31.7s | ETA ~5min
17:11:14 INFO     [8/15] → funai_anexo_de_entregas_repactuado_2026_2027_assinado_assinado_assinado.pdf
17:11:14 INFO     detected formats: [<InputFormat.PDF: 'pdf'>]
17:11:14 INFO     Going to convert document batch...
17:11:14 INFO     Processing document funai_anexo_de_entregas_repactuado_2026_2027_assinado_assinado_assinado.pdf
17:11:15 INFO     command: tesseract --psm 0 -l osd /tmp/tmpiy9d4gak.png stdout
17:11:16 INFO     command: tesseract -l por /tmp/tmpiy9d4gak.png stdout tsv
17:11:29 INFO     Finished converting document funai_anexo_de_entregas_repactuado_2026_2027_assinado_assinado_assinado.pdf in 14.84 sec.
17:11:29 INFO       pixel_budget (Docling) funai_anexo_de_entregas_repactuado_2026_2027_assinado_assinado_assinado.pdf: 49.8% (área tabelas/501212 px²)
17:11:29 INFO     [8/15] ✓ FUNAI     :   21 entregas | 14.8s | ETA ~4min
17:11:29 INFO     [9/15] → funai_ptd_2025_2027_docdiretivo_assinado-1_tarjado.pdf
17:11:29 INFO     detected formats: [<InputFormat.PDF: 'pdf'>]
17:11:29 INFO     Going to convert document batch...
17:11:29 INFO     Processing document funai_ptd_2025_2027_docdiretivo_assinado-1_tarjado.pdf
17:11:30 INFO     command: tesseract --psm 0 -l osd /tmp/tmpchq3h7ba.png stdout
17:11:31 INFO     command: tesseract -l por /tmp/tmpchq3h7ba.png stdout tsv
17:11:32 INFO     command: tesseract --psm 0 -l osd /tmp/tmp1ntww18v.png stdout
17:11:33 INFO     command: tesseract -l por /tmp/tmp1ntww18v.png stdout tsv
17:11:37 INFO     command: tesseract --psm 0 -l osd /tmp/tmp_kg7r2ts.png stdout
17:11:38 INFO     command: tesseract -l por /tmp/tmp_kg7r2ts.png stdout tsv
17:11:40 INFO     command: tesseract --psm 0 -l osd /tmp/tmp4u_f74ng.png stdout
17:11:41 INFO     command: tesseract -l por /tmp/tmp4u_f74ng.png stdout tsv
17:11:42 INFO     command: tesseract --psm 0 -l osd /tmp/tmpn31r66d8.png stdout
17:11:43 INFO     command: tesseract -l por /tmp/tmpn31r66d8.png stdout tsv
17:11:45 INFO     command: tesseract --psm 0 -l osd /tmp/tmp_imixmcp.png stdout
17:11:47 INFO     command: tesseract -l por /tmp/tmp_imixmcp.png stdout tsv
17:11:57 INFO     command: tesseract --psm 0 -l osd /tmp/tmpbxpr0bx6.png stdout
17:11:57 INFO     command: tesseract -l por /tmp/tmpbxpr0bx6.png stdout tsv
17:11:59 INFO     command: tesseract --psm 0 -l osd /tmp/tmp6insk66e.png stdout
17:11:59 INFO     command: tesseract -l por /tmp/tmp6insk66e.png stdout tsv
17:12:01 INFO     command: tesseract --psm 0 -l osd /tmp/tmpww6hr1or.png stdout
17:12:01 INFO     command: tesseract -l por /tmp/tmpww6hr1or.png stdout tsv
17:12:03 INFO     command: tesseract --psm 0 -l osd /tmp/tmpuyvbdf1b.png stdout
17:12:05 INFO     command: tesseract -l por /tmp/tmpuyvbdf1b.png stdout tsv
17:12:23 INFO     command: tesseract --psm 0 -l osd /tmp/tmp2gjx_i7z.png stdout
17:12:24 INFO     command: tesseract -l por /tmp/tmp2gjx_i7z.png stdout tsv
17:12:26 INFO     command: tesseract --psm 0 -l osd /tmp/tmp03kcukx0.png stdout
17:12:27 INFO     command: tesseract -l por /tmp/tmp03kcukx0.png stdout tsv
17:12:29 INFO     command: tesseract --psm 0 -l osd /tmp/tmpzmon0z8_.png stdout
17:12:29 INFO     command: tesseract -l por /tmp/tmpzmon0z8_.png stdout tsv
17:12:36 INFO     Finished converting document funai_ptd_2025_2027_docdiretivo_assinado-1_tarjado.pdf in 66.89 sec.
17:12:36 INFO       pixel_budget (Docling) funai_ptd_2025_2027_docdiretivo_assinado-1_tarjado.pdf: 16.4% (área tabelas/6515754 px²)
17:12:36 INFO     [9/15] ✓ FUNAI     :    8 entregas | 66.9s | ETA ~4min
17:12:36 INFO     [10/15] → incra_anexo_de_entregas_assinado-1_assinado_assinado-copia_tarjada.pdf
17:12:36 INFO     detected formats: [<InputFormat.PDF: 'pdf'>]
17:12:36 INFO     Going to convert document batch...
17:12:36 INFO     Processing document incra_anexo_de_entregas_assinado-1_assinado_assinado-copia_tarjada.pdf
17:12:37 INFO     command: tesseract --psm 0 -l osd /tmp/tmpyetx6s6g.png stdout
17:12:38 INFO     command: tesseract -l por /tmp/tmpyetx6s6g.png stdout tsv
17:12:40 INFO     command: tesseract --psm 0 -l osd /tmp/tmp23pjp5u7.png stdout
17:12:42 INFO     command: tesseract -l por /tmp/tmp23pjp5u7.png stdout tsv
17:12:49 INFO     command: tesseract --psm 0 -l osd /tmp/tmpsqnab2th.png stdout
17:12:50 INFO     command: tesseract -l por /tmp/tmpsqnab2th.png stdout tsv
17:12:52 INFO     command: tesseract --psm 0 -l osd /tmp/tmpk4f6lk53.png stdout
17:12:53 INFO     command: tesseract -l por /tmp/tmpk4f6lk53.png stdout tsv
17:12:55 INFO     command: tesseract --psm 0 -l osd /tmp/tmp07rc6xhv.png stdout
17:12:56 INFO     command: tesseract -l por /tmp/tmp07rc6xhv.png stdout tsv
17:14:27 INFO     Finished converting document incra_anexo_de_entregas_assinado-1_assinado_assinado-copia_tarjada.pdf in 111.08 sec.
17:14:27 INFO       pixel_budget (Docling) incra_anexo_de_entregas_assinado-1_assinado_assinado-copia_tarjada.pdf: 30.0% (área tabelas/2423520 px²)
17:14:27 INFO     [10/15] ✓ INCRA     :   10 entregas | 111.1s | ETA ~4min
17:14:27 INFO     [11/15] → incra_ptd_docdiretivo__assinado-1_assinado_assinado-copia_tarjada.pdf
17:14:27 INFO     detected formats: [<InputFormat.PDF: 'pdf'>]
17:14:27 INFO     Going to convert document batch...
17:14:27 INFO     Processing document incra_ptd_docdiretivo__assinado-1_assinado_assinado-copia_tarjada.pdf
17:14:28 INFO     command: tesseract --psm 0 -l osd /tmp/tmpba0bo8le.png stdout
17:14:29 INFO     command: tesseract -l por /tmp/tmpba0bo8le.png stdout tsv
17:14:31 INFO     command: tesseract --psm 0 -l osd /tmp/tmpq7a_8dgy.png stdout
17:14:32 INFO     command: tesseract -l por /tmp/tmpq7a_8dgy.png stdout tsv
17:14:38 INFO     command: tesseract --psm 0 -l osd /tmp/tmpmkkr99o_.png stdout
17:14:39 INFO     command: tesseract -l por /tmp/tmpmkkr99o_.png stdout tsv
17:14:41 INFO     command: tesseract --psm 0 -l osd /tmp/tmpiovyw_a0.png stdout
17:14:41 INFO     command: tesseract -l por /tmp/tmpiovyw_a0.png stdout tsv
17:14:43 INFO     command: tesseract --psm 0 -l osd /tmp/tmp_cb76tsb.png stdout
17:14:44 INFO     command: tesseract -l por /tmp/tmp_cb76tsb.png stdout tsv
17:14:46 INFO     command: tesseract --psm 0 -l osd /tmp/tmprgx3j_n6.png stdout
17:14:47 INFO     command: tesseract -l por /tmp/tmprgx3j_n6.png stdout tsv
17:15:03 INFO     command: tesseract --psm 0 -l osd /tmp/tmp5ck893av.png stdout
17:15:04 INFO     command: tesseract -l por /tmp/tmp5ck893av.png stdout tsv
17:15:05 INFO     command: tesseract --psm 0 -l osd /tmp/tmp7fyh27sz.png stdout
17:15:06 INFO     command: tesseract -l por /tmp/tmp7fyh27sz.png stdout tsv
17:15:08 INFO     command: tesseract --psm 0 -l osd /tmp/tmpgjc0nix_.png stdout
17:15:09 INFO     command: tesseract -l por /tmp/tmpgjc0nix_.png stdout tsv
17:15:10 INFO     command: tesseract --psm 0 -l osd /tmp/tmp01x373lv.png stdout
17:15:12 INFO     command: tesseract -l por /tmp/tmp01x373lv.png stdout tsv
17:15:15 INFO     command: tesseract --psm 0 -l osd /tmp/tmpr__l0os4.png stdout
17:15:16 INFO     command: tesseract -l por /tmp/tmpr__l0os4.png stdout tsv
17:15:22 INFO     command: tesseract --psm 0 -l osd /tmp/tmpl9_4ir7h.png stdout
17:15:23 INFO     command: tesseract -l por /tmp/tmpl9_4ir7h.png stdout tsv
17:15:29 INFO     command: tesseract --psm 0 -l osd /tmp/tmpve752xhd.png stdout
17:15:29 INFO     command: tesseract -l por /tmp/tmpve752xhd.png stdout tsv
17:15:37 INFO     Finished converting document incra_ptd_docdiretivo__assinado-1_assinado_assinado-copia_tarjada.pdf in 70.04 sec.
17:15:37 INFO       pixel_budget (Docling) incra_ptd_docdiretivo__assinado-1_assinado_assinado-copia_tarjada.pdf: 20.2% (área tabelas/6515754 px²)
17:15:37 INFO     [11/15] ✓ INCRA     :    9 entregas | 70.1s | ETA ~3min
17:15:37 INFO     [12/15] → iti_anexo_de_entregas_assinado.pdf
17:15:37 INFO     detected formats: [<InputFormat.PDF: 'pdf'>]
17:15:37 INFO     Going to convert document batch...
17:15:37 INFO     Processing document iti_anexo_de_entregas_assinado.pdf
17:15:38 INFO     command: tesseract --psm 0 -l osd /tmp/tmpu1wtmb7h.png stdout
17:15:39 INFO     command: tesseract -l por /tmp/tmpu1wtmb7h.png stdout tsv
17:15:54 INFO     Finished converting document iti_anexo_de_entregas_assinado.pdf in 17.23 sec.
17:15:54 INFO       pixel_budget (Docling) iti_anexo_de_entregas_assinado.pdf: 57.2% (área tabelas/501212 px²)
17:15:54 INFO     [12/15] ✓ ITI       :   31 entregas | 17.2s | ETA ~2min
17:15:54 INFO     [13/15] → iti_doc_diretivo_assinado-1_tarjado.pdf
17:15:54 INFO     detected formats: [<InputFormat.PDF: 'pdf'>]
17:15:54 INFO     Going to convert document batch...
17:15:54 INFO     Processing document iti_doc_diretivo_assinado-1_tarjado.pdf
17:15:55 INFO     command: tesseract --psm 0 -l osd /tmp/tmpukpe_hzi.png stdout
17:15:55 INFO     command: tesseract -l por /tmp/tmpukpe_hzi.png stdout tsv
17:15:58 INFO     command: tesseract --psm 0 -l osd /tmp/tmpmukl_8aa.png stdout
17:15:59 INFO     command: tesseract -l por /tmp/tmpmukl_8aa.png stdout tsv
17:16:02 INFO     command: tesseract --psm 0 -l osd /tmp/tmp9angydym.png stdout
17:16:03 INFO     command: tesseract -l por /tmp/tmp9angydym.png stdout tsv
17:16:05 INFO     command: tesseract --psm 0 -l osd /tmp/tmpiiwy6krn.png stdout
17:16:06 INFO     command: tesseract -l por /tmp/tmpiiwy6krn.png stdout tsv
17:16:08 INFO     command: tesseract --psm 0 -l osd /tmp/tmpicidsym0.png stdout
17:16:08 INFO     command: tesseract -l por /tmp/tmpicidsym0.png stdout tsv
17:16:10 INFO     command: tesseract --psm 0 -l osd /tmp/tmp_u14yuen.png stdout
17:16:12 INFO     command: tesseract -l por /tmp/tmp_u14yuen.png stdout tsv
17:16:28 INFO     command: tesseract --psm 0 -l osd /tmp/tmpq4jyo_l5.png stdout
17:16:29 INFO     command: tesseract -l por /tmp/tmpq4jyo_l5.png stdout tsv
17:16:31 INFO     command: tesseract --psm 0 -l osd /tmp/tmpky7e11rm.png stdout
17:16:32 INFO     command: tesseract -l por /tmp/tmpky7e11rm.png stdout tsv
17:16:34 INFO     command: tesseract --psm 0 -l osd /tmp/tmp5blouaia.png stdout
17:16:35 INFO     command: tesseract -l por /tmp/tmp5blouaia.png stdout tsv
17:16:37 INFO     command: tesseract --psm 0 -l osd /tmp/tmp9gkhdgd7.png stdout
17:16:38 INFO     command: tesseract -l por /tmp/tmp9gkhdgd7.png stdout tsv
17:16:46 INFO     command: tesseract --psm 0 -l osd /tmp/tmpw2rw2426.png stdout
17:16:47 INFO     command: tesseract -l por /tmp/tmpw2rw2426.png stdout tsv
17:16:54 INFO     Finished converting document iti_doc_diretivo_assinado-1_tarjado.pdf in 59.59 sec.
17:16:54 INFO       pixel_budget (Docling) iti_doc_diretivo_assinado-1_tarjado.pdf: 8.0% (área tabelas/5516339 px²)
17:16:54 INFO     [13/15] ✓ ITI       :    6 entregas | 59.6s | ETA ~1min
17:16:54 INFO     [14/15] → sgpr_ptd_2025_2027_anexo_de_entregas_assinado-copia_tarjada.pdf
17:16:54 INFO     detected formats: [<InputFormat.PDF: 'pdf'>]
17:16:54 INFO     Going to convert document batch...
17:16:54 INFO     Processing document sgpr_ptd_2025_2027_anexo_de_entregas_assinado-copia_tarjada.pdf
17:16:55 INFO     command: tesseract --psm 0 -l osd /tmp/tmpi10ui394.png stdout
17:16:56 INFO     command: tesseract -l por /tmp/tmpi10ui394.png stdout tsv
17:16:59 INFO     command: tesseract --psm 0 -l osd /tmp/tmpglf5zq2h.png stdout
17:17:00 INFO     command: tesseract -l por /tmp/tmpglf5zq2h.png stdout tsv
17:17:14 INFO     Finished converting document sgpr_ptd_2025_2027_anexo_de_entregas_assinado-copia_tarjada.pdf in 19.97 sec.
17:17:14 INFO       pixel_budget (Docling) sgpr_ptd_2025_2027_anexo_de_entregas_assinado-copia_tarjada.pdf: 29.5% (área tabelas/1002424 px²)
17:17:14 INFO     [14/15] ✓ SGPR      :   15 entregas | 20.0s | ETA ~48s
17:17:14 INFO     [15/15] → sgpr_ptd_2026_2027_docdiretivo_assinado-copia_tarjada.pdf
17:17:14 INFO     detected formats: [<InputFormat.PDF: 'pdf'>]
17:17:14 INFO     Going to convert document batch...
17:17:14 INFO     Processing document sgpr_ptd_2026_2027_docdiretivo_assinado-copia_tarjada.pdf
17:17:34 INFO     Finished converting document sgpr_ptd_2026_2027_docdiretivo_assinado-copia_tarjada.pdf in 19.74 sec.
17:17:34 INFO       pixel_budget (Docling) sgpr_ptd_2026_2027_docdiretivo_assinado-copia_tarjada.pdf: 8.2% (área tabelas/5513330 px²)
17:17:34 WARNING  [15/15] ⚠ SGPR      :    0 entregas | 19.8s | ETA ~0s
17:17:34 INFO     255 registros | 7 órgãos
17:17:34 INFO     ╔══════════════════════════════════════════════════════════════╗
17:17:34 INFO     ║                  ENTREGAS — fase concluída                   ║
17:17:34 INFO     ║  Processados: 15    |  ✓ 11  ⚠ 4                             ║
17:17:34 INFO     ║  Duração: 11.4 min                                           ║
17:17:34 INFO     ║  255 registros | 7 órgãos                                    ║
17:17:34 INFO     ╚══════════════════════════════════════════════════════════════╝
17:17:34 INFO     [1/7] → agu_ptd_2025_2027_docdiretivo_assinado_assinado_assinado-copia_tarjada.pdf
17:17:34 INFO     detected formats: [<InputFormat.PDF: 'pdf'>]
17:17:34 INFO     Going to convert document batch...
17:17:34 INFO     Processing document agu_ptd_2025_2027_docdiretivo_assinado_assinado_assinado-copia_tarjada.pdf
17:17:34 INFO     command: tesseract --psm 0 -l osd /tmp/tmp_e7xtb54.png stdout
17:17:35 INFO     command: tesseract -l por /tmp/tmp_e7xtb54.png stdout tsv
17:17:37 INFO     command: tesseract --psm 0 -l osd /tmp/tmp96v18l0u.png stdout
17:17:39 INFO     command: tesseract -l por /tmp/tmp96v18l0u.png stdout tsv
17:17:40 INFO     command: tesseract --psm 0 -l osd /tmp/tmpm9_0xkqh.png stdout
17:17:41 INFO     command: tesseract -l por /tmp/tmpm9_0xkqh.png stdout tsv
17:17:43 INFO     command: tesseract --psm 0 -l osd /tmp/tmpe7a7iow2.png stdout
17:17:44 INFO     command: tesseract -l por /tmp/tmpe7a7iow2.png stdout tsv
17:17:46 INFO     command: tesseract --psm 0 -l osd /tmp/tmp4e88uijm.png stdout
17:17:47 INFO     command: tesseract -l por /tmp/tmp4e88uijm.png stdout tsv
17:17:49 INFO     command: tesseract --psm 0 -l osd /tmp/tmpv3yfzxzk.png stdout
17:17:50 INFO     command: tesseract -l por /tmp/tmpv3yfzxzk.png stdout tsv
17:18:00 INFO     command: tesseract --psm 0 -l osd /tmp/tmpq75igzb1.png stdout
17:18:01 INFO     command: tesseract -l por /tmp/tmpq75igzb1.png stdout tsv
17:18:03 INFO     command: tesseract --psm 0 -l osd /tmp/tmpngy67n02.png stdout
17:18:04 INFO     command: tesseract -l por /tmp/tmpngy67n02.png stdout tsv
17:18:06 INFO     command: tesseract --psm 0 -l osd /tmp/tmpiv1aethr.png stdout
17:18:07 INFO     command: tesseract -l por /tmp/tmpiv1aethr.png stdout tsv
17:18:09 INFO     command: tesseract --psm 0 -l osd /tmp/tmpab0aadol.png stdout
17:18:11 INFO     command: tesseract -l por /tmp/tmpab0aadol.png stdout tsv
17:18:27 INFO     command: tesseract --psm 0 -l osd /tmp/tmpmdjbn_fj.png stdout
17:18:28 INFO     command: tesseract -l por /tmp/tmpmdjbn_fj.png stdout tsv
17:18:32 INFO     Finished converting document agu_ptd_2025_2027_docdiretivo_assinado_assinado_assinado-copia_tarjada.pdf in 58.02 sec.
17:18:32 INFO     [1/7] ✓ AGU       :   7 riscos | 58.0s | ETA ~5min
17:18:32 INFO     [2/7] → documento-diretivo-mcom-_-ptd-25_27-copia_tarjada.pdf
17:18:32 INFO     detected formats: [<InputFormat.PDF: 'pdf'>]
17:18:32 INFO     Going to convert document batch...
17:18:32 INFO     Processing document documento-diretivo-mcom-_-ptd-25_27-copia_tarjada.pdf
17:18:32 INFO     command: tesseract --psm 0 -l osd /tmp/tmpmsn21rin.png stdout
17:18:33 INFO     command: tesseract -l por /tmp/tmpmsn21rin.png stdout tsv
17:18:35 INFO     command: tesseract --psm 0 -l osd /tmp/tmpjrj3mupu.png stdout
17:18:36 INFO     command: tesseract -l por /tmp/tmpjrj3mupu.png stdout tsv
17:18:42 INFO     command: tesseract --psm 0 -l osd /tmp/tmp4g5ca0x5.png stdout
17:18:42 INFO     command: tesseract -l por /tmp/tmp4g5ca0x5.png stdout tsv
17:18:43 INFO     command: tesseract --psm 0 -l osd /tmp/tmpc6wm1m0a.png stdout
17:18:44 INFO     command: tesseract -l por /tmp/tmpc6wm1m0a.png stdout tsv
17:18:46 INFO     command: tesseract --psm 0 -l osd /tmp/tmpatmli_sf.png stdout
17:18:47 INFO     command: tesseract -l por /tmp/tmpatmli_sf.png stdout tsv
17:18:49 INFO     command: tesseract --psm 0 -l osd /tmp/tmpc9_9nx9c.png stdout
17:18:51 INFO     command: tesseract -l por /tmp/tmpc9_9nx9c.png stdout tsv
17:19:07 INFO     command: tesseract --psm 0 -l osd /tmp/tmphmaictsp.png stdout
17:19:07 INFO     command: tesseract -l por /tmp/tmphmaictsp.png stdout tsv
17:19:09 INFO     command: tesseract --psm 0 -l osd /tmp/tmphle6i9zc.png stdout
17:19:10 INFO     command: tesseract -l por /tmp/tmphle6i9zc.png stdout tsv
17:19:12 INFO     command: tesseract --psm 0 -l osd /tmp/tmpdhe3uv1x.png stdout
17:19:13 INFO     command: tesseract -l por /tmp/tmpdhe3uv1x.png stdout tsv
17:19:15 INFO     command: tesseract --psm 0 -l osd /tmp/tmp7fdoez93.png stdout
17:19:16 INFO     command: tesseract -l por /tmp/tmp7fdoez93.png stdout tsv
17:19:29 INFO     command: tesseract --psm 0 -l osd /tmp/tmpgkl_zcjr.png stdout
17:19:30 INFO     command: tesseract -l por /tmp/tmpgkl_zcjr.png stdout tsv
17:19:31 INFO     command: tesseract --psm 0 -l osd /tmp/tmpm_afoh5h.png stdout
17:19:32 INFO     command: tesseract -l por /tmp/tmpm_afoh5h.png stdout tsv
17:19:34 INFO     command: tesseract --psm 0 -l osd /tmp/tmpr15wnvm5.png stdout
17:19:35 INFO     command: tesseract -l por /tmp/tmpr15wnvm5.png stdout tsv
17:19:37 INFO     command: tesseract --psm 0 -l osd /tmp/tmpd0ci6qsm.png stdout
17:19:38 INFO     command: tesseract -l por /tmp/tmpd0ci6qsm.png stdout tsv
17:19:43 INFO     Finished converting document documento-diretivo-mcom-_-ptd-25_27-copia_tarjada.pdf in 71.87 sec.
17:19:43 INFO     [2/7] ✓ MCOM      :  14 riscos | 71.9s | ETA ~5min
17:19:43 INFO     [3/7] → fiocruz_novo-ptd_2-1_docdiretivo_repactuacao_2024-2026_assinado_assinado-copia_tarjada.pdf
17:19:43 INFO     detected formats: [<InputFormat.PDF: 'pdf'>]
17:19:43 INFO     Going to convert document batch...
17:19:43 INFO     Processing document fiocruz_novo-ptd_2-1_docdiretivo_repactuacao_2024-2026_assinado_assinado-copia_tarjada.pdf
17:20:01 INFO     Finished converting document fiocruz_novo-ptd_2-1_docdiretivo_repactuacao_2024-2026_assinado_assinado-copia_tarjada.pdf in 17.63 sec.
17:20:01 INFO     [3/7] ✓ FIOCRUZ   :   6 riscos | 17.6s | ETA ~3min
17:20:01 INFO     [4/7] → funai_ptd_2025_2027_docdiretivo_assinado-1_tarjado.pdf
17:20:01 INFO     detected formats: [<InputFormat.PDF: 'pdf'>]
17:20:01 INFO     Going to convert document batch...
17:20:01 INFO     Processing document funai_ptd_2025_2027_docdiretivo_assinado-1_tarjado.pdf
17:20:03 INFO     command: tesseract --psm 0 -l osd /tmp/tmpexw_xguk.png stdout
17:20:03 INFO     command: tesseract -l por /tmp/tmpexw_xguk.png stdout tsv
17:20:04 INFO     command: tesseract --psm 0 -l osd /tmp/tmpxsttkdy7.png stdout
17:20:06 INFO     command: tesseract -l por /tmp/tmpxsttkdy7.png stdout tsv
17:20:09 INFO     command: tesseract --psm 0 -l osd /tmp/tmplqkh1awq.png stdout
17:20:10 INFO     command: tesseract -l por /tmp/tmplqkh1awq.png stdout tsv
17:20:12 INFO     command: tesseract --psm 0 -l osd /tmp/tmpci05ffhw.png stdout
17:20:12 INFO     command: tesseract -l por /tmp/tmpci05ffhw.png stdout tsv
17:20:14 INFO     command: tesseract --psm 0 -l osd /tmp/tmpgxlipigz.png stdout
17:20:15 INFO     command: tesseract -l por /tmp/tmpgxlipigz.png stdout tsv
17:20:17 INFO     command: tesseract --psm 0 -l osd /tmp/tmpe64wy57o.png stdout
17:20:19 INFO     command: tesseract -l por /tmp/tmpe64wy57o.png stdout tsv
17:20:29 INFO     command: tesseract --psm 0 -l osd /tmp/tmpemat4vxs.png stdout
17:20:29 INFO     command: tesseract -l por /tmp/tmpemat4vxs.png stdout tsv
17:20:31 INFO     command: tesseract --psm 0 -l osd /tmp/tmpx9qeupqx.png stdout
17:20:31 INFO     command: tesseract -l por /tmp/tmpx9qeupqx.png stdout tsv
17:20:33 INFO     command: tesseract --psm 0 -l osd /tmp/tmpt35c60b5.png stdout
17:20:34 INFO     command: tesseract -l por /tmp/tmpt35c60b5.png stdout tsv
17:20:35 INFO     command: tesseract --psm 0 -l osd /tmp/tmpp2rnkur0.png stdout
17:20:37 INFO     command: tesseract -l por /tmp/tmpp2rnkur0.png stdout tsv
17:20:48 INFO     command: tesseract --psm 0 -l osd /tmp/tmpjqztntuo.png stdout
17:20:49 INFO     command: tesseract -l por /tmp/tmpjqztntuo.png stdout tsv
17:20:58 INFO     command: tesseract --psm 0 -l osd /tmp/tmpdsirds6_.png stdout
17:20:58 INFO     command: tesseract -l por /tmp/tmpdsirds6_.png stdout tsv
17:21:00 INFO     command: tesseract --psm 0 -l osd /tmp/tmp211ygd1i.png stdout
17:21:01 INFO     command: tesseract -l por /tmp/tmp211ygd1i.png stdout tsv
17:21:07 INFO     Finished converting document funai_ptd_2025_2027_docdiretivo_assinado-1_tarjado.pdf in 66.04 sec.
17:21:07 INFO     [4/7] ✓ FUNAI     :  15 riscos | 66.1s | ETA ~2min
17:21:07 INFO     [5/7] → incra_ptd_docdiretivo__assinado-1_assinado_assinado-copia_tarjada.pdf
17:21:07 INFO     detected formats: [<InputFormat.PDF: 'pdf'>]
17:21:07 INFO     Going to convert document batch...
17:21:07 INFO     Processing document incra_ptd_docdiretivo__assinado-1_assinado_assinado-copia_tarjada.pdf
17:21:08 INFO     command: tesseract --psm 0 -l osd /tmp/tmpalpev9kt.png stdout
17:21:09 INFO     command: tesseract -l por /tmp/tmpalpev9kt.png stdout tsv
17:21:11 INFO     command: tesseract --psm 0 -l osd /tmp/tmp9spwlj7u.png stdout
17:21:13 INFO     command: tesseract -l por /tmp/tmp9spwlj7u.png stdout tsv
17:21:19 INFO     command: tesseract --psm 0 -l osd /tmp/tmpor1a3b2g.png stdout
17:21:19 INFO     command: tesseract -l por /tmp/tmpor1a3b2g.png stdout tsv
17:21:21 INFO     command: tesseract --psm 0 -l osd /tmp/tmpta54by03.png stdout
17:21:22 INFO     command: tesseract -l por /tmp/tmpta54by03.png stdout tsv
17:21:24 INFO     command: tesseract --psm 0 -l osd /tmp/tmp3okjsiqm.png stdout
17:21:24 INFO     command: tesseract -l por /tmp/tmp3okjsiqm.png stdout tsv
17:21:27 INFO     command: tesseract --psm 0 -l osd /tmp/tmpounhofwz.png stdout
17:21:28 INFO     command: tesseract -l por /tmp/tmpounhofwz.png stdout tsv
17:21:41 INFO     command: tesseract --psm 0 -l osd /tmp/tmpovw6mcp2.png stdout
17:21:42 INFO     command: tesseract -l por /tmp/tmpovw6mcp2.png stdout tsv
17:21:44 INFO     command: tesseract --psm 0 -l osd /tmp/tmp326_bg3z.png stdout
17:21:45 INFO     command: tesseract -l por /tmp/tmp326_bg3z.png stdout tsv
17:21:46 INFO     command: tesseract --psm 0 -l osd /tmp/tmpafldmphb.png stdout
17:21:47 INFO     command: tesseract -l por /tmp/tmpafldmphb.png stdout tsv
17:21:49 INFO     command: tesseract --psm 0 -l osd /tmp/tmpvubxdxuv.png stdout
17:21:50 INFO     command: tesseract -l por /tmp/tmpvubxdxuv.png stdout tsv
17:21:56 INFO     command: tesseract --psm 0 -l osd /tmp/tmpnxyf3kno.png stdout
17:21:57 INFO     command: tesseract -l por /tmp/tmpnxyf3kno.png stdout tsv
17:22:05 INFO     command: tesseract --psm 0 -l osd /tmp/tmpu1l_aono.png stdout
17:22:06 INFO     command: tesseract -l por /tmp/tmpu1l_aono.png stdout tsv
17:22:08 INFO     command: tesseract --psm 0 -l osd /tmp/tmpsyh_ecd2.png stdout
17:22:09 INFO     command: tesseract -l por /tmp/tmpsyh_ecd2.png stdout tsv
17:22:16 INFO     Finished converting document incra_ptd_docdiretivo__assinado-1_assinado_assinado-copia_tarjada.pdf in 68.95 sec.
17:22:16 INFO     [5/7] ✓ INCRA     :  15 riscos | 69.0s | ETA ~1min
17:22:16 INFO     [6/7] → iti_doc_diretivo_assinado-1_tarjado.pdf
17:22:16 INFO     detected formats: [<InputFormat.PDF: 'pdf'>]
17:22:16 INFO     Going to convert document batch...
17:22:16 INFO     Processing document iti_doc_diretivo_assinado-1_tarjado.pdf
17:22:17 INFO     command: tesseract --psm 0 -l osd /tmp/tmpyatoi46z.png stdout
17:22:17 INFO     command: tesseract -l por /tmp/tmpyatoi46z.png stdout tsv
17:22:19 INFO     command: tesseract --psm 0 -l osd /tmp/tmpknxoa7ei.png stdout
17:22:21 INFO     command: tesseract -l por /tmp/tmpknxoa7ei.png stdout tsv
17:22:25 INFO     command: tesseract --psm 0 -l osd /tmp/tmpq4re2kt5.png stdout
17:22:26 INFO     command: tesseract -l por /tmp/tmpq4re2kt5.png stdout tsv
17:22:28 INFO     command: tesseract --psm 0 -l osd /tmp/tmpu7fy_aaj.png stdout
17:22:28 INFO     command: tesseract -l por /tmp/tmpu7fy_aaj.png stdout tsv
17:22:30 INFO     command: tesseract --psm 0 -l osd /tmp/tmpd3zasfac.png stdout
17:22:31 INFO     command: tesseract -l por /tmp/tmpd3zasfac.png stdout tsv
17:22:33 INFO     command: tesseract --psm 0 -l osd /tmp/tmp_ynp0zc0.png stdout
17:22:34 INFO     command: tesseract -l por /tmp/tmp_ynp0zc0.png stdout tsv
17:22:51 INFO     command: tesseract --psm 0 -l osd /tmp/tmpo1t1bf3i.png stdout
17:22:52 INFO     command: tesseract -l por /tmp/tmpo1t1bf3i.png stdout tsv
17:22:54 INFO     command: tesseract --psm 0 -l osd /tmp/tmpx6_iiost.png stdout
17:22:54 INFO     command: tesseract -l por /tmp/tmpx6_iiost.png stdout tsv
17:22:57 INFO     command: tesseract --psm 0 -l osd /tmp/tmpwdawpkzx.png stdout
17:22:57 INFO     command: tesseract -l por /tmp/tmpwdawpkzx.png stdout tsv
17:23:00 INFO     command: tesseract --psm 0 -l osd /tmp/tmpqlidbusf.png stdout
17:23:01 INFO     command: tesseract -l por /tmp/tmpqlidbusf.png stdout tsv
17:23:07 INFO     command: tesseract --psm 0 -l osd /tmp/tmp97hm40lh.png stdout
17:23:08 INFO     command: tesseract -l por /tmp/tmp97hm40lh.png stdout tsv
17:23:16 INFO     Finished converting document iti_doc_diretivo_assinado-1_tarjado.pdf in 60.04 sec.
17:23:16 INFO     [6/7] ✓ ITI       :  14 riscos | 60.1s | ETA ~57s
17:23:16 INFO     [7/7] → sgpr_ptd_2026_2027_docdiretivo_assinado-copia_tarjada.pdf
17:23:16 INFO     detected formats: [<InputFormat.PDF: 'pdf'>]
17:23:16 INFO     Going to convert document batch...
17:23:16 INFO     Processing document sgpr_ptd_2026_2027_docdiretivo_assinado-copia_tarjada.pdf
17:23:36 INFO     Finished converting document sgpr_ptd_2026_2027_docdiretivo_assinado-copia_tarjada.pdf in 19.46 sec.
17:23:36 INFO     [7/7] ✓ SGPR      :  10 riscos | 19.5s | ETA ~0s
17:23:36 INFO     ╔══════════════════════════════════════════════════════════════╗
17:23:36 INFO     ║                   RISCOS — fase concluída                    ║
17:23:36 INFO     ║  Processados: 7     |  ✓ 7  ⚠ 0                              ║
17:23:36 INFO     ║  Duração: 6.0 min                                            ║
17:23:36 INFO     ║  81 riscos | 7 órgãos                                        ║
17:23:36 INFO     ╚══════════════════════════════════════════════════════════════╝
17:23:36 INFO     81 riscos | 0 ações | 135 relações
17:23:36 INFO     ptd_corpus_raw                     : 255 linhas
17:23:36 INFO     ptd_pivot_eixos                    : 7 linhas
17:23:39 INFO     ptd_datas_assinatura               : 132 linhas
17:23:39 INFO     ptd_riscos                         : 81 linhas
17:23:39 INFO     ptd_riscos_acoes                   : 135 linhas
17:23:39 INFO     Manifesto salvo: pipeline_manifest.json | SHA-256 de 132 PDFs
17:23:39 INFO     ==================================================
17:23:39 INFO     PTD-BR v3.0-melhorado — PIPELINE CONCLUÍDO
17:23:39 INFO     ==================================================
17:23:39 INFO     ptd_corpus_raw.csv                        155 KB
17:23:39 INFO     ptd_pivot_eixos.csv                         0 KB
17:23:39 INFO     ptd_datas_assinatura.csv                    9 KB
17:23:39 INFO     ptd_riscos.csv                             23 KB
17:23:39 INFO     ptd_riscos_acoes.csv                        2 KB
17:23:39 INFO     proveniencia.json                           0 KB
17:23:39 INFO     pipeline_manifest.json                     20 KB
17:23:39 INFO     📦 Artefatos: https://github.com/freirelucas/teste/actions/runs/23954415436
17:23:39 INFO     ==================================================
