09:58:49 INFO     Docling disponível
09:58:49 WARNING  OCR fallback indisponível (IndentationError: unexpected indent (ptd_ocr_fallback.py, line 45))
09:58:50 INFO     Ignorado (guia/template/norma): ABNT-NBR-17225-Acessibilidade-Digital.pdf
09:58:50 INFO     Ignorado (guia/template/norma): cgrep-guia10passos-ptd-orgao.pdf
09:58:50 INFO     Ignorado (guia/template/norma): ABNT-NBR-17225-Acessibilidade-Digital.pdf
09:58:50 INFO     Scraping: 132 PDFs únicos | entregas: 68 | diretivos: 61
09:58:50 INFO     Baixando 132 PDFs únicos...
09:58:52 INFO     ✓ [  1/132] abin_ptd_anexo_de_entregas_assinado_pelo_orgao_ass   293.3KB
09:58:57 INFO     ✓ [  2/132] aeb_ptd_2025_2027_docdiretivo_aprovado_assinado-1_  1033.7KB
09:58:59 INFO     ✓ [  3/132] aeb_ptd_2025_2027_anexo_de_entregas_aprovado_assin   154.5KB
09:59:06 INFO     ✓ [  4/132] agu_ptd_2025_2027_docdiretivo_assinado_assinado_as  2860.3KB
09:59:09 INFO     ✓ [  5/132] agu_ptd_2025_2027_anexo_de_entregas_assinado_assin   525.5KB
09:59:12 INFO     ✓ [  6/132] ana_ptd_2025_2027_docdiretivo_assinado_assinado_as   477.2KB
09:59:15 INFO     ✓ [  7/132] ana_ptd_2025_2027_anexoentregas_assinado_assinado_   170.9KB
09:59:19 INFO     ✓ [  8/132] anac_ptd_2025_2026_docdiretivo_se_assinado_tarjado  1036.3KB
09:59:22 INFO     ✓ [  9/132] anac_ptd_2025_2026_anexo_de_entregas_se_assinado.p   215.2KB
09:59:26 INFO     ✓ [ 10/132] anatel_ptd_docdiretivo_assinado_2025_2026_assinado  1006.0KB
09:59:28 INFO     ✓ [ 11/132] anatel_ptd_2025_2026_anexo_de_entregas_do_ptd_publ    71.9KB
09:59:33 INFO     ✓ [ 12/132] ancine_ptd_2024_2026_docdiretivo_assinado-2_assina   961.8KB
09:59:36 INFO     ✓ [ 13/132] ancine_ptd_2024_2026_-_anexo_de_entregas_aprovado_   613.2KB
09:59:40 INFO     ✓ [ 14/132] ptd_aneel_2025-2027_docdiretivo_assinado_tarjado.p   779.6KB
09:59:42 INFO     ✓ [ 15/132] ptd_aneel_2025-2027_anexo_de_entregas_assinado.pdf   111.9KB
09:59:47 INFO     ✓ [ 16/132] anm_ptd_2025_2027_docdiretivo_assinadopeloorgao_ta  1092.5KB
09:59:51 INFO     ✓ [ 17/132] anm_ptd_2025_2027_anexo_entregas_assinadopeloorgao  1140.4KB
09:59:55 INFO     ✓ [ 18/132] anpd_ptd_2025_2027_docdiretivo_assinado_assinado_a  1044.3KB
09:59:57 INFO     ✓ [ 19/132] anpd_ptd_2025_2027_anexo_de_entregas_assinado_assi   166.5KB
10:00:01 INFO     ✓ [ 20/132] ans-plano_de_transformacao_digital_assinado-copia_  1023.4KB
10:00:03 INFO     ✓ [ 21/132] ans_ptd_2025_2026_anexo_de_entregas_assinado_assin   124.1KB
10:00:07 INFO     ✓ [ 22/132] antaq_ptd_2025_2027_docdiretivo_assinado_assinado_  1039.8KB
10:00:10 INFO     ✓ [ 23/132] antaq_ptd_2025_2027_anexoentregas_assinado_assinad   145.1KB
10:00:12 INFO     ✓ [ 24/132] mt_anexo_de_entregas_-_assinado_assinado_assinado_   143.6KB
10:00:24 INFO     ✓ [ 25/132] anvisa_ptd_docdiretivo_2025-2026_assinado_assinado  5771.2KB
10:00:26 INFO     ✓ [ 26/132] anvisa_ptd_anexo_de_entregas_2025_2026_assinado_as   239.0KB
10:00:30 INFO     ✓ [ 27/132] bcb_documento_diretivo_assinado_assinado_assinado-   713.7KB
10:00:32 INFO     ✓ [ 28/132] bcb_anexo_de_entregas_ptd_25_26-1_assinado_assinad   134.8KB
10:00:36 INFO     ✓ [ 29/132] cade_ptd_docdiretivo_2025_2026_assinado-2_assinado   810.4KB
10:00:39 INFO     ✓ [ 30/132] cade_ptd_anexo_de_entregas_2025_2026_assinado_copi   504.0KB
10:00:43 INFO     ✓ [ 31/132] mec_ptd_docdiretivo_2025-2026_sei_mec-5566673_copi   863.1KB
10:00:46 INFO     ✓ [ 32/132] mec_ptd_anexo-de-entregas_sei_mec-5576401_copia_ta   495.7KB
10:00:50 INFO     ✓ [ 33/132] mec_ptd_docdiretivo-versao-comunicacao_copia_tarja  1616.5KB
10:00:54 INFO     ✓ [ 34/132] md_ptd_2026_2027_anexo_de_entregas_assinado_assina   579.4KB
10:00:56 INFO     ✓ [ 35/132] md_ptd_2026_2027_anexo_de_entregas_assinado_assina   186.8KB
10:01:00 INFO     ✓ [ 36/132] md_ptd_temp_copia_tarjada.pdf                        741.9KB
10:01:03 INFO     ✓ [ 37/132] cgu_ptd_docdiretivo_assinado_assinado_assinado-cop  1085.4KB
10:01:07 INFO     ✓ [ 38/132] cgu_ptd_anexo_de_entregas_pactuadas_assinado_assin   514.1KB
10:01:10 INFO     ✓ [ 39/132] cnpq_ptd_2025_2027_docdiretivo_assinado_assinado_a   342.9KB
10:01:12 INFO     ✓ [ 40/132] cnpq_ptd_2025_2027_anexo_de_entregas_assinado_assi   136.1KB
10:01:17 INFO     ✓ [ 41/132] coaf_ptd_2025_2026_documento_diretivo_assinado_ass  1068.0KB
10:01:25 INFO     ✓ [ 42/132] coaf_ptd_2025_2026_anexo_de_entregas-2_assinado_as  3184.5KB
10:01:33 INFO     ✓ [ 43/132] ptd_midr-docdiretivo_aprovado_assinado_tarjado.pdf  3864.1KB
10:01:37 INFO     ✓ [ 44/132] ptd_midr_-_anexo_de_entregas_-_aprovado_assinado.p  1122.0KB
10:01:41 INFO     ✓ [ 45/132] mda-documento-diretivo-assinado_ptd-2025-207-copia   955.8KB
10:01:43 INFO     ✓ [ 46/132] cvm_ptd_2025_2027_docdiretivo_assinado_assinado_as   270.5KB
10:01:46 INFO     ✓ [ 47/132] cvm_ptd_2025_2027_anexoentregas_assinado_assinado_   409.0KB
10:01:50 INFO     ✓ [ 48/132] dnocs_ptd_doc_diretivo_2025_2026_assinado_orgao-2_   891.1KB
10:01:53 INFO     ✓ [ 49/132] dnocs_anexo_de_entregas_repactuado_2025_2026_assin   272.3KB
10:01:59 INFO     ✓ [ 50/132] fbn_ptd_2025_2027_docdiretivo_assinado-1_tarjado.p  2921.6KB
10:02:02 INFO     ✓ [ 51/132] fbn_ptd_2025_2027_anexo_de_entregas_assinado-1.pdf   162.3KB
10:02:07 INFO     ✓ [ 52/132] fcp_ptd_2025_2027_docdiretivo_assinado-1_tarjado.p  1612.0KB
10:02:09 INFO     ✓ [ 53/132] fcp_ptd_2025_2027_anexo_de_entregas_assinado-1.pdf   118.8KB
10:02:13 INFO     ✓ [ 54/132] fcrb_ptd_2025_2026_docdiretivo_aprovado_assinado-1   998.2KB
10:02:16 INFO     ✓ [ 55/132] fcrb_ptd_2025_2026_anexo_de_entregas_aprovado_assi   313.5KB
10:02:20 INFO     ✓ [ 56/132] fiocruz_novo-ptd_2-1_docdiretivo_repactuacao_2024-  1318.1KB
10:02:23 INFO     ✓ [ 57/132] fiocruz_ptd_anexo_de_entregas_assinado_v1_assinado   257.1KB
10:02:28 INFO     ✓ [ 58/132] fiocruz-ptd-06_2024-copia_tarjada.pdf               1693.8KB
10:02:33 INFO     ✓ [ 59/132] funai_ptd_2025_2027_docdiretivo_assinado-1_tarjado  1842.1KB
10:02:36 INFO     ✓ [ 60/132] funai_anexo_de_entregas_repactuado_2026_2027_assin   435.7KB
10:02:40 INFO     ✓ [ 61/132] funarte_ptd_docdiretivo_assinado_21_01_2025_assina   965.7KB
10:02:43 INFO     ✓ [ 62/132] funarte_ptd_anexo_de_entregas_assinado_v1_assinado   683.6KB
10:02:47 INFO     ✓ [ 63/132] fundacentro_ptd_2025_2027_docdiretivo_assinado_ass   826.6KB
10:02:50 INFO     ✓ [ 64/132] fundacentro_ptd_2025_2027_anexo_de_entregas_assina   635.5KB
10:02:54 INFO     ✓ [ 65/132] mma_ptd_docdiretivo_assinado_2025_2026-1_assinado_   949.3KB
10:02:56 INFO     ✓ [ 66/132] mma_ptd_anexo_de_entregas_aprovado_final_assinado_   174.8KB
10:03:01 INFO     ✓ [ 67/132] ibge_docdiretivo_2025_assinado_assinado_assinado-c  1167.3KB
10:03:03 INFO     ✓ [ 68/132] ibge_ptd_25_26_anexo_de_entregas_modelo_v2-1_assin   143.7KB
10:03:16 INFO     ✓ [ 69/132] incra_ptd_docdiretivo__assinado-1_assinado_assinad  7182.0KB
10:03:21 INFO     ✓ [ 70/132] incra_anexo_de_entregas_assinado-1_assinado_assina  1818.6KB
10:03:29 INFO     ✓ [ 71/132] inpi_ptd_docdiretivo_assinado_2025_2026_assinado_a  3322.4KB
10:03:35 INFO     ✓ [ 72/132] inpi_ptd_anexo_de_entregas_assinado_v1_assinado_as  3078.1KB
10:03:39 INFO     ✓ [ 73/132] inss_ptd_2025_2027_docdiretivo-assinado-copia_tarj  1173.3KB
10:03:42 INFO     ✓ [ 74/132] inss_ptd_2025_2027_anexo_de_entregas-assinado-copi   110.8KB
10:03:45 INFO     ✓ [ 75/132] iphan_ptd_docdiretivo_assinado_2025_2026_assinado_   885.7KB
10:03:48 INFO     ✓ [ 76/132] iphan_ptd_anexo_de_entregas_assinado_v1_assinado_a   310.9KB
10:03:58 INFO     ✓ [ 77/132] iti_doc_diretivo_assinado-1_tarjado.pdf             4905.1KB
10:04:01 INFO     ✓ [ 78/132] iti_anexo_de_entregas_assinado.pdf                   556.4KB
10:04:06 INFO     ✓ [ 79/132] mapa_ptd_2025_2027_docdiretivo_assinado-1_tarjado.  1740.9KB
10:04:09 INFO     ✓ [ 80/132] mapa_ptd_2025_2027_anexo_de_entregas_assinado-1.pd   261.9KB
10:04:18 INFO     ✓ [ 81/132] documento-diretivo-mcom-_-ptd-25_27-copia_tarjada.  4451.9KB
10:04:22 INFO     ✓ [ 82/132] anexo-de-entregas-mcom_ptd-25_27-copia_tarjada.pdf  1213.8KB
10:04:29 INFO     ✓ [ 83/132] ptd_21_24_mcom-copia_tarjada.pdf                    3040.7KB
10:04:33 INFO     ✓ [ 84/132] mcti_ptd_2025-2027_docdiretivo_assinado-copia_tarj  1030.7KB
10:04:35 INFO     ✓ [ 85/132] mcti_ptd_2025-2027_anexo-de-entregas_assinado-copi   145.8KB
10:04:38 INFO     ✓ [ 86/132] mda-anexo-entregas-assinado_ptd-2025-2027-copia-ta   284.6KB
10:04:41 INFO     ✓ [ 87/132] mdhc_ptd_2025_2027_docdiretivo_assinado_assinado_a   753.4KB
10:04:44 INFO     ✓ [ 88/132] mdhc_ptd_2025_2027_anexoentregas_assinado_assinado   186.8KB
10:04:46 INFO     ✓ [ 89/132] mdic_ptd_anexo_de_entregas_assinado_v1_assinado_as   176.6KB
10:04:51 INFO     ✓ [ 90/132] memp_ptd_2025_2026_docdiretivo_assinado_assinado_a  1030.1KB
10:04:54 INFO     ✓ [ 91/132] memp_ptd_2025_2026_anexo_de_entregas_assinado_assi   161.5KB
10:04:58 INFO     ✓ [ 92/132] mesp_ptd_2025_2027_docdiretivo_assinado_assinado_2  1147.7KB
10:05:00 INFO     ✓ [ 93/132] mesp_ptd_2025_2027_anexo_de_entregas_assinado_assi   226.6KB
10:05:04 INFO     ✓ [ 94/132] mf_ptd_2026_2027_documentodiretivo_assinado_assina   955.1KB
10:05:07 INFO     ✓ [ 95/132] mf_ptd_2026_2027_anexo_de_entregas_1_mf_se_assinad   241.2KB
10:05:10 INFO     ✓ [ 96/132] mgi_ptd_2025_2027_docdiretivo_assinado_assinado_as   375.2KB
10:05:12 INFO     ✓ [ 97/132] mgi_ptd_2025_2027_anexo_de_entregas_assinado_assin   256.1KB
10:05:16 INFO     ✓ [ 98/132] minc_ptd_2025_2027_docdiretivo_assinado-1_assinado   863.6KB
10:05:19 INFO     ✓ [ 99/132] minc_ptd_2025_2027_anexo_de_entregas_assinado-1_as   276.7KB
10:05:23 INFO     ✓ [100/132] mjsp_ptd_docdiretivo_assinado_2025_2026_assinado_a   954.0KB
10:05:26 INFO     ✓ [101/132] mjsp_ptd_anexo_de_entregas_assinado_v1_assinado_as   253.9KB
10:05:29 INFO     ✓ [102/132] mme_ptd_2025_2027_docdiretivo_assinado-copia_tarja   664.5KB
10:05:31 INFO     ✓ [103/132] mme_ptd_2025_2027_anexo_de_entregas_assinado__1_-c   111.1KB
10:05:36 INFO     ✓ [104/132] mmulheres_ptd_2025_2027_docdiretivo_assinado_assin  1078.3KB
10:05:38 INFO     ✓ [105/132] mmulheres_ptd_2025_2027_anexo_de_entregas_assinado   216.9KB
10:05:42 INFO     ✓ [106/132] mpi_ptd_2025_2027_docdiretivo_ministerio_dos_povos   947.9KB
10:05:45 INFO     ✓ [107/132] mpi_ptd_anexo_de_entregas_do_plano_de_tranformacao   191.9KB
10:05:48 INFO     ✓ [108/132] mpo_ptd_docdiretivo_assinado_2025_2026_assinado_as   806.3KB
10:05:51 INFO     ✓ [109/132] mpo_ptd_anexo_de_entregas_assinado_v1_assinado_ass   323.2KB
10:05:55 INFO     ✓ [110/132] mpor_ptd_2025_2027_docdiretivo_assinado_assinado_a   876.5KB
10:05:58 INFO     ✓ [111/132] mpor_ptd_2025_2027_anexo_de_entregas_assinado_assi   175.1KB
10:06:02 INFO     ✓ [112/132] mps_ptd_2025-2026_docdiretivo_final_assinado-1_ass  1024.4KB
10:06:04 INFO     ✓ [113/132] mps_ptd_2025-2026_anexo_de_entregas_final_assinado   165.0KB
10:06:08 INFO     ✓ [114/132] mre_ptd_docdiretivo_assinado_2025_2026_assinado_as   760.9KB
10:06:11 INFO     ✓ [115/132] mre_ptd_anexo_de_entregas_assinado_v1_assinado_ass   233.2KB
10:06:15 INFO     ✓ [116/132] mte_ptd_2025_2026_docdiretivo_assinado_assinado_as   729.6KB
10:06:18 INFO     ✓ [117/132] mte_ptd_anexo_de_entregas_assinado_v1__281_29_assi   459.5KB
10:06:22 INFO     ✓ [118/132] mtur_ptd_docdiretiv_assinado_30_01_2025_assinado_a  1050.4KB
10:06:24 INFO     ✓ [119/132] mtur_ptd_anexo_de_entregas_assinado_30_01_2025_ass   118.8KB
10:06:28 INFO     ✓ [120/132] pf_ptd_docdiretivo_2025_2027_assinado-copia_tarjad   964.3KB
10:06:30 INFO     ✓ [121/132] pf_ptd_anexo_de_entregas_2025_2027_assinado-copia_    62.5KB
10:06:33 INFO     ✓ [122/132] mf_ptd_2026_2027_anexo_de_entregas_4_mf_pgfn_assin   466.8KB
10:06:46 INFO     ✓ [123/132] previc_plano_de_transformacao_digital_2025_2026_29  6652.7KB
10:06:48 INFO     ✓ [124/132] previc_ptd_repactuacao_2025-2026_assinado_assinado   182.9KB
10:06:51 INFO     ✓ [125/132] prf_documentodiretivo_ptd_2026-2027_assinado_tarja   535.9KB
10:06:54 INFO     ✓ [126/132] prf_anexo_de_entregas_do_ptd__2026_2027___ptd___en   157.7KB
10:06:57 INFO     ✓ [127/132] mf_ptd_2026_2027_anexo_de_entregas_2_mf_rfb_assina   253.7KB
10:07:00 INFO     ✓ [128/132] sgpr_ptd_2026_2027_docdiretivo_assinado-copia_tarj   791.2KB
10:07:04 INFO     ✓ [129/132] sgpr_ptd_2025_2027_anexo_de_entregas_assinado-copi   897.9KB
10:07:07 INFO     ✓ [130/132] mf_ptd_2026_2027_anexo_de_entregas_3_mf_stn_assina   467.8KB
10:07:11 INFO     ✓ [131/132] susep_ptd_2025_2027_docdiretivo-assinado-copia_tar  1030.1KB
10:07:14 INFO     ✓ [132/132] susep_ptd_2025-2026_anexo_de_entregas_final_assina   221.9KB
10:07:15 INFO     132 OK | 0 erros | 123.3 MB total
10:07:21 INFO     Sanity: 132 PDFs | 113 texto | 19 imagem/OCR | 0 duplicatas
10:07:21 INFO     --siglas (debug): 15 PDFs de ['AGU', 'FIOCRUZ', 'FUNAI', 'FUNDACENTRO', 'INCRA', 'ITI', 'MCOM', 'SGPR']
10:07:21 INFO     DocumentConverter instanciado (singleton × 2: plain + OCR)
10:07:21 INFO     [1/15] → agu_ptd_2025_2027_anexo_de_entregas_assinado_assinado_assinado-copia_tarjada.pdf
10:07:21 INFO     detected formats: [<InputFormat.PDF: 'pdf'>]
10:07:21 INFO     Going to convert document batch...
10:07:21 INFO     Initializing pipeline for StandardPdfPipeline with options hash bc6794697da537796efc497178f9263f
10:07:21 INFO     Loading plugin 'docling_defaults'
10:07:21 INFO     Registered picture descriptions: ['picture_description_vlm_engine', 'vlm', 'api']
10:07:21 INFO     Loading plugin 'docling_defaults'
10:07:21 INFO     Registered ocr engines: ['auto', 'easyocr', 'kserve_v2_ocr', 'ocrmac', 'rapidocr', 'tesserocr', 'tesseract']
10:07:21 INFO     command: tesseract --list-langs
10:07:21 INFO     Loading plugin 'docling_defaults'
10:07:21 INFO     Registered layout engines: ['layout_object_detection', 'docling_layout_default', 'docling_experimental_table_crops_layout']
10:07:21 INFO     Accelerator device: 'cpu'
10:07:21 INFO     HTTP Request: GET https://huggingface.co/api/models/docling-project/docling-layout-heron/revision/main "HTTP/1.1 200 OK"
10:07:21 INFO     HTTP Request: HEAD https://huggingface.co/docling-project/docling-layout-heron/resolve/8f39ad3c0b4c58e9c2d2c84a38465abf757272d8/README.md "HTTP/1.1 307 Temporary Redirect"
10:07:21 INFO     HTTP Request: HEAD https://huggingface.co/api/resolve-cache/models/docling-project/docling-layout-heron/8f39ad3c0b4c58e9c2d2c84a38465abf757272d8/README.md "HTTP/1.1 200 OK"
10:07:21 INFO     HTTP Request: HEAD https://huggingface.co/docling-project/docling-layout-heron/resolve/8f39ad3c0b4c58e9c2d2c84a38465abf757272d8/.gitattributes "HTTP/1.1 307 Temporary Redirect"
10:07:21 INFO     HTTP Request: HEAD https://huggingface.co/docling-project/docling-layout-heron/resolve/8f39ad3c0b4c58e9c2d2c84a38465abf757272d8/docling_heron_400.png "HTTP/1.1 307 Temporary Redirect"
10:07:21 INFO     HTTP Request: HEAD https://huggingface.co/docling-project/docling-layout-heron/resolve/8f39ad3c0b4c58e9c2d2c84a38465abf757272d8/model.safetensors "HTTP/1.1 302 Found"
10:07:21 INFO     HTTP Request: HEAD https://huggingface.co/docling-project/docling-layout-heron/resolve/8f39ad3c0b4c58e9c2d2c84a38465abf757272d8/config.json "HTTP/1.1 307 Temporary Redirect"
10:07:21 WARNING  Warning: You are sending unauthenticated requests to the HF Hub. Please set a HF_TOKEN to enable higher rate limits and faster downloads.
10:07:21 INFO     HTTP Request: GET https://huggingface.co/api/resolve-cache/models/docling-project/docling-layout-heron/8f39ad3c0b4c58e9c2d2c84a38465abf757272d8/README.md "HTTP/1.1 200 OK"
10:07:21 INFO     HTTP Request: HEAD https://huggingface.co/api/resolve-cache/models/docling-project/docling-layout-heron/8f39ad3c0b4c58e9c2d2c84a38465abf757272d8/.gitattributes "HTTP/1.1 200 OK"
10:07:21 INFO     HTTP Request: HEAD https://huggingface.co/docling-project/docling-layout-heron/resolve/8f39ad3c0b4c58e9c2d2c84a38465abf757272d8/preprocessor_config.json "HTTP/1.1 307 Temporary Redirect"
10:07:21 INFO     HTTP Request: HEAD https://huggingface.co/api/resolve-cache/models/docling-project/docling-layout-heron/8f39ad3c0b4c58e9c2d2c84a38465abf757272d8/docling_heron_400.png "HTTP/1.1 200 OK"
10:07:21 INFO     HTTP Request: HEAD https://huggingface.co/api/resolve-cache/models/docling-project/docling-layout-heron/8f39ad3c0b4c58e9c2d2c84a38465abf757272d8/config.json "HTTP/1.1 200 OK"
10:07:21 INFO     HTTP Request: HEAD https://huggingface.co/api/resolve-cache/models/docling-project/docling-layout-heron/8f39ad3c0b4c58e9c2d2c84a38465abf757272d8/preprocessor_config.json "HTTP/1.1 200 OK"
10:07:21 INFO     HTTP Request: GET https://huggingface.co/api/resolve-cache/models/docling-project/docling-layout-heron/8f39ad3c0b4c58e9c2d2c84a38465abf757272d8/docling_heron_400.png "HTTP/1.1 200 OK"
10:07:21 INFO     HTTP Request: GET https://huggingface.co/api/resolve-cache/models/docling-project/docling-layout-heron/8f39ad3c0b4c58e9c2d2c84a38465abf757272d8/.gitattributes "HTTP/1.1 200 OK"
10:07:21 INFO     HTTP Request: GET https://huggingface.co/api/resolve-cache/models/docling-project/docling-layout-heron/8f39ad3c0b4c58e9c2d2c84a38465abf757272d8/config.json "HTTP/1.1 200 OK"
10:07:21 INFO     HTTP Request: GET https://huggingface.co/api/resolve-cache/models/docling-project/docling-layout-heron/8f39ad3c0b4c58e9c2d2c84a38465abf757272d8/preprocessor_config.json "HTTP/1.1 200 OK"
10:07:21 INFO     HTTP Request: GET https://huggingface.co/api/models/docling-project/docling-layout-heron/xet-read-token/8f39ad3c0b4c58e9c2d2c84a38465abf757272d8 "HTTP/1.1 200 OK"
10:07:23 INFO     Loading plugin 'docling_defaults'
10:07:23 INFO     Registered table structure engines: ['docling_tableformer', 'docling_tableformer_v2']
10:07:23 INFO     HTTP Request: GET https://huggingface.co/api/models/docling-project/docling-models/revision/v2.3.0 "HTTP/1.1 200 OK"
10:07:23 INFO     HTTP Request: HEAD https://huggingface.co/docling-project/docling-models/resolve/fc0f2d45e2218ea24bce5045f58a389aed16dc23/README.md "HTTP/1.1 307 Temporary Redirect"
10:07:23 INFO     HTTP Request: HEAD https://huggingface.co/docling-project/docling-models/resolve/fc0f2d45e2218ea24bce5045f58a389aed16dc23/config.json "HTTP/1.1 307 Temporary Redirect"
10:07:23 INFO     HTTP Request: HEAD https://huggingface.co/docling-project/docling-models/resolve/fc0f2d45e2218ea24bce5045f58a389aed16dc23/.gitignore "HTTP/1.1 307 Temporary Redirect"
10:07:23 INFO     HTTP Request: HEAD https://huggingface.co/docling-project/docling-models/resolve/fc0f2d45e2218ea24bce5045f58a389aed16dc23/.gitattributes "HTTP/1.1 307 Temporary Redirect"
10:07:23 INFO     HTTP Request: HEAD https://huggingface.co/docling-project/docling-models/resolve/fc0f2d45e2218ea24bce5045f58a389aed16dc23/model_artifacts/tableformer/accurate/tableformer_accurate.safetensors "HTTP/1.1 302 Found"
10:07:23 INFO     HTTP Request: HEAD https://huggingface.co/docling-project/docling-models/resolve/fc0f2d45e2218ea24bce5045f58a389aed16dc23/model_artifacts/tableformer/accurate/tm_config.json "HTTP/1.1 307 Temporary Redirect"
10:07:23 INFO     HTTP Request: HEAD https://huggingface.co/api/resolve-cache/models/docling-project/docling-models/fc0f2d45e2218ea24bce5045f58a389aed16dc23/README.md "HTTP/1.1 200 OK"
10:07:23 INFO     HTTP Request: HEAD https://huggingface.co/api/resolve-cache/models/docling-project/docling-models/fc0f2d45e2218ea24bce5045f58a389aed16dc23/.gitignore "HTTP/1.1 200 OK"
10:07:23 INFO     HTTP Request: HEAD https://huggingface.co/api/resolve-cache/models/docling-project/docling-models/fc0f2d45e2218ea24bce5045f58a389aed16dc23/config.json "HTTP/1.1 200 OK"
10:07:23 INFO     HTTP Request: HEAD https://huggingface.co/api/resolve-cache/models/docling-project/docling-models/fc0f2d45e2218ea24bce5045f58a389aed16dc23/.gitattributes "HTTP/1.1 200 OK"
10:07:23 INFO     HTTP Request: HEAD https://huggingface.co/api/resolve-cache/models/docling-project/docling-models/fc0f2d45e2218ea24bce5045f58a389aed16dc23/model_artifacts%2Ftableformer%2Faccurate%2Ftm_config.json "HTTP/1.1 200 OK"
10:07:23 INFO     HTTP Request: HEAD https://huggingface.co/docling-project/docling-models/resolve/fc0f2d45e2218ea24bce5045f58a389aed16dc23/model_artifacts/tableformer/fast/tm_config.json "HTTP/1.1 307 Temporary Redirect"
10:07:23 INFO     HTTP Request: GET https://huggingface.co/api/resolve-cache/models/docling-project/docling-models/fc0f2d45e2218ea24bce5045f58a389aed16dc23/README.md "HTTP/1.1 200 OK"
10:07:23 INFO     HTTP Request: GET https://huggingface.co/api/resolve-cache/models/docling-project/docling-models/fc0f2d45e2218ea24bce5045f58a389aed16dc23/.gitignore "HTTP/1.1 200 OK"
10:07:23 INFO     HTTP Request: GET https://huggingface.co/api/resolve-cache/models/docling-project/docling-models/fc0f2d45e2218ea24bce5045f58a389aed16dc23/.gitattributes "HTTP/1.1 200 OK"
10:07:23 INFO     HTTP Request: GET https://huggingface.co/api/resolve-cache/models/docling-project/docling-models/fc0f2d45e2218ea24bce5045f58a389aed16dc23/config.json "HTTP/1.1 200 OK"
10:07:23 INFO     HTTP Request: HEAD https://huggingface.co/docling-project/docling-models/resolve/fc0f2d45e2218ea24bce5045f58a389aed16dc23/model_artifacts/tableformer/fast/tableformer_fast.safetensors "HTTP/1.1 302 Found"
10:07:23 INFO     HTTP Request: GET https://huggingface.co/api/resolve-cache/models/docling-project/docling-models/fc0f2d45e2218ea24bce5045f58a389aed16dc23/model_artifacts%2Ftableformer%2Faccurate%2Ftm_config.json "HTTP/1.1 200 OK"
10:07:23 INFO     HTTP Request: HEAD https://huggingface.co/api/resolve-cache/models/docling-project/docling-models/fc0f2d45e2218ea24bce5045f58a389aed16dc23/model_artifacts%2Ftableformer%2Ffast%2Ftm_config.json "HTTP/1.1 200 OK"
10:07:23 INFO     HTTP Request: GET https://huggingface.co/api/resolve-cache/models/docling-project/docling-models/fc0f2d45e2218ea24bce5045f58a389aed16dc23/model_artifacts%2Ftableformer%2Ffast%2Ftm_config.json "HTTP/1.1 200 OK"
10:07:23 INFO     HTTP Request: GET https://huggingface.co/api/models/docling-project/docling-models/xet-read-token/fc0f2d45e2218ea24bce5045f58a389aed16dc23 "HTTP/1.1 200 OK"
10:07:23 INFO     HTTP Request: GET https://huggingface.co/api/models/docling-project/docling-models/xet-read-token/fc0f2d45e2218ea24bce5045f58a389aed16dc23 "HTTP/1.1 200 OK"
10:07:24 INFO     Accelerator device: 'cpu'
10:07:24 INFO     Processing document agu_ptd_2025_2027_anexo_de_entregas_assinado_assinado_assinado-copia_tarjada.pdf
10:07:25 INFO     command: tesseract --psm 0 -l osd /tmp/tmprxzldzq8.png stdout
10:07:26 INFO     command: tesseract -l por /tmp/tmprxzldzq8.png stdout tsv
10:07:29 INFO     command: tesseract --psm 0 -l osd /tmp/tmpxyph45ow.png stdout
10:07:30 INFO     command: tesseract -l por /tmp/tmpxyph45ow.png stdout tsv
10:07:45 INFO     Finished converting document agu_ptd_2025_2027_anexo_de_entregas_assinado_assinado_assinado-copia_tarjada.pdf in 24.05 sec.
10:07:45 INFO       pixel_budget (Docling) agu_ptd_2025_2027_anexo_de_entregas_assinado_assinado_assinado-copia_tarjada.pdf: 45.8% (área tabelas/1001817 px²)
10:07:45 INFO     [1/15] ✓ AGU       :   33 entregas | 24.1s | ETA ~5min
10:07:45 INFO     [2/15] → agu_ptd_2025_2027_docdiretivo_assinado_assinado_assinado-copia_tarjada.pdf
10:07:45 INFO     detected formats: [<InputFormat.PDF: 'pdf'>]
10:07:45 INFO     Going to convert document batch...
10:07:45 INFO     Processing document agu_ptd_2025_2027_docdiretivo_assinado_assinado_assinado-copia_tarjada.pdf
10:07:45 INFO     command: tesseract --psm 0 -l osd /tmp/tmp81hhuuxz.png stdout
10:07:46 INFO     command: tesseract -l por /tmp/tmp81hhuuxz.png stdout tsv
10:07:48 INFO     command: tesseract --psm 0 -l osd /tmp/tmp2fel8uui.png stdout
10:07:49 INFO     command: tesseract -l por /tmp/tmp2fel8uui.png stdout tsv
10:07:51 INFO     command: tesseract --psm 0 -l osd /tmp/tmpq0jcxdvc.png stdout
10:07:52 INFO     command: tesseract -l por /tmp/tmpq0jcxdvc.png stdout tsv
10:07:54 INFO     command: tesseract --psm 0 -l osd /tmp/tmp3xjgk4tj.png stdout
10:07:55 INFO     command: tesseract -l por /tmp/tmp3xjgk4tj.png stdout tsv
10:07:57 INFO     command: tesseract --psm 0 -l osd /tmp/tmp5f90btnh.png stdout
10:07:58 INFO     command: tesseract -l por /tmp/tmp5f90btnh.png stdout tsv
10:08:00 INFO     command: tesseract --psm 0 -l osd /tmp/tmpev8f0mc0.png stdout
10:08:01 INFO     command: tesseract -l por /tmp/tmpev8f0mc0.png stdout tsv
10:08:13 INFO     command: tesseract --psm 0 -l osd /tmp/tmpei2pn1tt.png stdout
10:08:13 INFO     command: tesseract -l por /tmp/tmpei2pn1tt.png stdout tsv
10:08:16 INFO     command: tesseract --psm 0 -l osd /tmp/tmppuyy8f4y.png stdout
10:08:17 INFO     command: tesseract -l por /tmp/tmppuyy8f4y.png stdout tsv
10:08:19 INFO     command: tesseract --psm 0 -l osd /tmp/tmp0e5nc3he.png stdout
10:08:20 INFO     command: tesseract -l por /tmp/tmp0e5nc3he.png stdout tsv
10:08:22 INFO     command: tesseract --psm 0 -l osd /tmp/tmpgluo_xk_.png stdout
10:08:23 INFO     command: tesseract -l por /tmp/tmpgluo_xk_.png stdout tsv
10:08:37 INFO     command: tesseract --psm 0 -l osd /tmp/tmpp5w5k5ki.png stdout
10:08:38 INFO     command: tesseract -l por /tmp/tmpp5w5k5ki.png stdout tsv
10:08:41 INFO     Finished converting document agu_ptd_2025_2027_docdiretivo_assinado_assinado_assinado-copia_tarjada.pdf in 56.34 sec.
10:08:41 INFO       pixel_budget (Docling) agu_ptd_2025_2027_docdiretivo_assinado_assinado_assinado-copia_tarjada.pdf: 2.1% (área tabelas/5513330 px²)
10:08:41 INFO     [2/15] ✓ AGU       :    6 entregas | 56.3s | ETA ~8min
10:08:41 INFO     [3/15] → anexo-de-entregas-mcom_ptd-25_27-copia_tarjada.pdf
10:08:41 INFO     detected formats: [<InputFormat.PDF: 'pdf'>]
10:08:41 INFO     Going to convert document batch...
10:08:41 INFO     Processing document anexo-de-entregas-mcom_ptd-25_27-copia_tarjada.pdf
10:08:42 INFO     command: tesseract --psm 0 -l osd /tmp/tmp2agecjv_.png stdout
10:08:43 INFO     command: tesseract -l por /tmp/tmp2agecjv_.png stdout tsv
10:08:46 INFO     command: tesseract --psm 0 -l osd /tmp/tmphqsp8tjb.png stdout
10:08:47 INFO     command: tesseract -l por /tmp/tmphqsp8tjb.png stdout tsv
10:08:58 INFO     command: tesseract --psm 0 -l osd /tmp/tmpv7e9beuc.png stdout
10:08:58 INFO     command: tesseract -l por /tmp/tmpv7e9beuc.png stdout tsv
10:09:12 INFO     Finished converting document anexo-de-entregas-mcom_ptd-25_27-copia_tarjada.pdf in 31.28 sec.
10:09:12 INFO       pixel_budget (Docling) anexo-de-entregas-mcom_ptd-25_27-copia_tarjada.pdf: 55.2% (área tabelas/1503636 px²)
10:09:12 INFO     [3/15] ✓ MCOM      :   55 entregas | 31.3s | ETA ~7min
10:09:12 INFO     [4/15] → documento-diretivo-mcom-_-ptd-25_27-copia_tarjada.pdf
10:09:12 INFO     detected formats: [<InputFormat.PDF: 'pdf'>]
10:09:12 INFO     Going to convert document batch...
10:09:12 INFO     Processing document documento-diretivo-mcom-_-ptd-25_27-copia_tarjada.pdf
10:09:13 INFO     command: tesseract --psm 0 -l osd /tmp/tmp0_rwvgp4.png stdout
10:09:13 INFO     command: tesseract -l por /tmp/tmp0_rwvgp4.png stdout tsv
10:09:15 INFO     command: tesseract --psm 0 -l osd /tmp/tmpns5ekyw4.png stdout
10:09:17 INFO     command: tesseract -l por /tmp/tmpns5ekyw4.png stdout tsv
10:09:21 INFO     command: tesseract --psm 0 -l osd /tmp/tmpar2wr7w5.png stdout
10:09:22 INFO     command: tesseract -l por /tmp/tmpar2wr7w5.png stdout tsv
10:09:23 INFO     command: tesseract --psm 0 -l osd /tmp/tmpsswephmg.png stdout
10:09:24 INFO     command: tesseract -l por /tmp/tmpsswephmg.png stdout tsv
10:09:26 INFO     command: tesseract --psm 0 -l osd /tmp/tmpnvl8vrvt.png stdout
10:09:27 INFO     command: tesseract -l por /tmp/tmpnvl8vrvt.png stdout tsv
10:09:30 INFO     command: tesseract --psm 0 -l osd /tmp/tmpj1oon2bu.png stdout
10:09:31 INFO     command: tesseract -l por /tmp/tmpj1oon2bu.png stdout tsv
10:09:44 INFO     command: tesseract --psm 0 -l osd /tmp/tmptkgwlnoe.png stdout
10:09:45 INFO     command: tesseract -l por /tmp/tmptkgwlnoe.png stdout tsv
10:09:48 INFO     command: tesseract --psm 0 -l osd /tmp/tmpilj25gqk.png stdout
10:09:49 INFO     command: tesseract -l por /tmp/tmpilj25gqk.png stdout tsv
10:09:52 INFO     command: tesseract --psm 0 -l osd /tmp/tmphaibsund.png stdout
10:09:52 INFO     command: tesseract -l por /tmp/tmphaibsund.png stdout tsv
10:09:54 INFO     command: tesseract --psm 0 -l osd /tmp/tmp5ww5loi2.png stdout
10:09:56 INFO     command: tesseract -l por /tmp/tmp5ww5loi2.png stdout tsv
10:10:03 INFO     command: tesseract --psm 0 -l osd /tmp/tmp36htjmju.png stdout
10:10:04 INFO     command: tesseract -l por /tmp/tmp36htjmju.png stdout tsv
10:10:06 INFO     command: tesseract --psm 0 -l osd /tmp/tmpj5wbog3z.png stdout
10:10:07 INFO     command: tesseract -l por /tmp/tmpj5wbog3z.png stdout tsv
10:10:09 INFO     command: tesseract --psm 0 -l osd /tmp/tmpeg0k9jqg.png stdout
10:10:10 INFO     command: tesseract -l por /tmp/tmpeg0k9jqg.png stdout tsv
10:10:12 INFO     command: tesseract --psm 0 -l osd /tmp/tmp0xtjcq7k.png stdout
10:10:13 INFO     command: tesseract -l por /tmp/tmp0xtjcq7k.png stdout tsv
10:10:19 INFO     Finished converting document documento-diretivo-mcom-_-ptd-25_27-copia_tarjada.pdf in 66.52 sec.
10:10:19 INFO       pixel_budget (Docling) documento-diretivo-mcom-_-ptd-25_27-copia_tarjada.pdf: 10.8% (área tabelas/7016966 px²)
10:10:19 WARNING  [4/15] ⚠ MCOM      :    0 entregas | 66.5s | ETA ~8min
10:10:19 INFO     [5/15] → fiocruz-ptd-06_2024-copia_tarjada.pdf
10:10:19 INFO     detected formats: [<InputFormat.PDF: 'pdf'>]
10:10:19 INFO     Going to convert document batch...
10:10:19 INFO     Initializing pipeline for StandardPdfPipeline with options hash d18651824ca6fe56cf3ccb20424ac2c8
10:10:19 INFO     Accelerator device: 'cpu'
10:10:19 INFO     HTTP Request: GET https://huggingface.co/api/models/docling-project/docling-layout-heron/revision/main "HTTP/1.1 200 OK"
10:10:20 INFO     HTTP Request: GET https://huggingface.co/api/models/docling-project/docling-models/revision/v2.3.0 "HTTP/1.1 200 OK"
10:10:20 INFO     Accelerator device: 'cpu'
10:10:20 INFO     Processing document fiocruz-ptd-06_2024-copia_tarjada.pdf
10:11:10 INFO     Finished converting document fiocruz-ptd-06_2024-copia_tarjada.pdf in 51.61 sec.
10:11:10 INFO       pixel_budget (Docling) fiocruz-ptd-06_2024-copia_tarjada.pdf: 36.4% (área tabelas/7518178 px²)
10:11:10 WARNING  [5/15] ⚠ FIOCRUZ   :    0 entregas | 51.6s | ETA ~7min
10:11:10 INFO     [6/15] → fiocruz_novo-ptd_2-1_docdiretivo_repactuacao_2024-2026_assinado_assinado-copia_tarjada.pdf
10:11:10 INFO     detected formats: [<InputFormat.PDF: 'pdf'>]
10:11:10 INFO     Going to convert document batch...
10:11:10 INFO     Processing document fiocruz_novo-ptd_2-1_docdiretivo_repactuacao_2024-2026_assinado_assinado-copia_tarjada.pdf
10:11:25 INFO     Finished converting document fiocruz_novo-ptd_2-1_docdiretivo_repactuacao_2024-2026_assinado_assinado-copia_tarjada.pdf in 14.27 sec.
10:11:25 INFO       pixel_budget (Docling) fiocruz_novo-ptd_2-1_docdiretivo_repactuacao_2024-2026_assinado_assinado-copia_tarjada.pdf: 11.3% (área tabelas/5012118 px²)
10:11:25 WARNING  [6/15] ⚠ FIOCRUZ   :    0 entregas | 14.3s | ETA ~6min
10:11:25 INFO     [7/15] → fiocruz_ptd_anexo_de_entregas_assinado_v1_assinado_assinado-1-copia_tarjada.pdf
10:11:25 INFO     detected formats: [<InputFormat.PDF: 'pdf'>]
10:11:25 INFO     Going to convert document batch...
10:11:25 INFO     Processing document fiocruz_ptd_anexo_de_entregas_assinado_v1_assinado_assinado-1-copia_tarjada.pdf
10:11:46 INFO     Finished converting document fiocruz_ptd_anexo_de_entregas_assinado_v1_assinado_assinado-1-copia_tarjada.pdf in 21.34 sec.
10:11:46 INFO       pixel_budget (Docling) fiocruz_ptd_anexo_de_entregas_assinado_v1_assinado_assinado-1-copia_tarjada.pdf: 54.7% (área tabelas/2004847 px²)
10:11:46 INFO     [7/15] ✓ FIOCRUZ   :   62 entregas | 21.4s | ETA ~5min
10:11:46 INFO     [8/15] → funai_anexo_de_entregas_repactuado_2026_2027_assinado_assinado_assinado.pdf
10:11:46 INFO     detected formats: [<InputFormat.PDF: 'pdf'>]
10:11:46 INFO     Going to convert document batch...
10:11:46 INFO     Processing document funai_anexo_de_entregas_repactuado_2026_2027_assinado_assinado_assinado.pdf
10:11:47 INFO     command: tesseract --psm 0 -l osd /tmp/tmpdcn81oku.png stdout
10:11:48 INFO     command: tesseract -l por /tmp/tmpdcn81oku.png stdout tsv
10:11:57 INFO     Finished converting document funai_anexo_de_entregas_repactuado_2026_2027_assinado_assinado_assinado.pdf in 11.34 sec.
10:11:57 INFO       pixel_budget (Docling) funai_anexo_de_entregas_repactuado_2026_2027_assinado_assinado_assinado.pdf: 49.8% (área tabelas/501212 px²)
10:11:57 INFO     [8/15] ✓ FUNAI     :   22 entregas | 11.3s | ETA ~4min
10:11:57 INFO     [9/15] → funai_ptd_2025_2027_docdiretivo_assinado-1_tarjado.pdf
10:11:57 INFO     detected formats: [<InputFormat.PDF: 'pdf'>]
10:11:57 INFO     Going to convert document batch...
10:11:57 INFO     Processing document funai_ptd_2025_2027_docdiretivo_assinado-1_tarjado.pdf
10:11:59 INFO     command: tesseract --psm 0 -l osd /tmp/tmp8nxzabif.png stdout
10:11:59 INFO     command: tesseract -l por /tmp/tmp8nxzabif.png stdout tsv
10:12:01 INFO     command: tesseract --psm 0 -l osd /tmp/tmpnzurf7lm.png stdout
10:12:02 INFO     command: tesseract -l por /tmp/tmpnzurf7lm.png stdout tsv
10:12:04 INFO     command: tesseract --psm 0 -l osd /tmp/tmprjgcgtzi.png stdout
10:12:05 INFO     command: tesseract -l por /tmp/tmprjgcgtzi.png stdout tsv
10:12:06 INFO     command: tesseract --psm 0 -l osd /tmp/tmp2m2it2dm.png stdout
10:12:07 INFO     command: tesseract -l por /tmp/tmp2m2it2dm.png stdout tsv
10:12:09 INFO     command: tesseract --psm 0 -l osd /tmp/tmp4q75mycy.png stdout
10:12:10 INFO     command: tesseract -l por /tmp/tmp4q75mycy.png stdout tsv
10:12:12 INFO     command: tesseract --psm 0 -l osd /tmp/tmp_b17h9id.png stdout
10:12:14 INFO     command: tesseract -l por /tmp/tmp_b17h9id.png stdout tsv
10:12:21 INFO     command: tesseract --psm 0 -l osd /tmp/tmph60oin04.png stdout
10:12:22 INFO     command: tesseract -l por /tmp/tmph60oin04.png stdout tsv
10:12:23 INFO     command: tesseract --psm 0 -l osd /tmp/tmpgx3i2buv.png stdout
10:12:24 INFO     command: tesseract -l por /tmp/tmpgx3i2buv.png stdout tsv
10:12:25 INFO     command: tesseract --psm 0 -l osd /tmp/tmpoent6uyz.png stdout
10:12:26 INFO     command: tesseract -l por /tmp/tmpoent6uyz.png stdout tsv
10:12:28 INFO     command: tesseract --psm 0 -l osd /tmp/tmpkik0w2ss.png stdout
10:12:29 INFO     command: tesseract -l por /tmp/tmpkik0w2ss.png stdout tsv
10:12:40 INFO     command: tesseract --psm 0 -l osd /tmp/tmp7o52bkvs.png stdout
10:12:41 INFO     command: tesseract -l por /tmp/tmp7o52bkvs.png stdout tsv
10:12:48 INFO     command: tesseract --psm 0 -l osd /tmp/tmpaqj9xz9b.png stdout
10:12:49 INFO     command: tesseract -l por /tmp/tmpaqj9xz9b.png stdout tsv
10:12:51 INFO     command: tesseract --psm 0 -l osd /tmp/tmpojkflahw.png stdout
10:12:52 INFO     command: tesseract -l por /tmp/tmpojkflahw.png stdout tsv
10:12:57 INFO     Finished converting document funai_ptd_2025_2027_docdiretivo_assinado-1_tarjado.pdf in 59.34 sec.
10:12:57 INFO       pixel_budget (Docling) funai_ptd_2025_2027_docdiretivo_assinado-1_tarjado.pdf: 16.4% (área tabelas/6515754 px²)
10:12:57 INFO     [9/15] ✓ FUNAI     :    8 entregas | 59.4s | ETA ~3min
10:12:57 INFO     [10/15] → incra_anexo_de_entregas_assinado-1_assinado_assinado-copia_tarjada.pdf
10:12:57 INFO     detected formats: [<InputFormat.PDF: 'pdf'>]
10:12:57 INFO     Going to convert document batch...
10:12:57 INFO     Processing document incra_anexo_de_entregas_assinado-1_assinado_assinado-copia_tarjada.pdf
10:12:58 INFO     command: tesseract --psm 0 -l osd /tmp/tmpqc_et9mb.png stdout
10:12:59 INFO     command: tesseract -l por /tmp/tmpqc_et9mb.png stdout tsv
10:13:02 INFO     command: tesseract --psm 0 -l osd /tmp/tmp7roaac6e.png stdout
10:13:03 INFO     command: tesseract -l por /tmp/tmp7roaac6e.png stdout tsv
10:13:08 INFO     command: tesseract --psm 0 -l osd /tmp/tmp39dvezwo.png stdout
10:13:09 INFO     command: tesseract -l por /tmp/tmp39dvezwo.png stdout tsv
10:13:12 INFO     command: tesseract --psm 0 -l osd /tmp/tmpoly5e8ju.png stdout
10:13:13 INFO     command: tesseract -l por /tmp/tmpoly5e8ju.png stdout tsv
10:13:15 INFO     command: tesseract --psm 0 -l osd /tmp/tmphwzjmtrl.png stdout
10:13:16 INFO     command: tesseract -l por /tmp/tmphwzjmtrl.png stdout tsv
10:14:09 INFO     Finished converting document incra_anexo_de_entregas_assinado-1_assinado_assinado-copia_tarjada.pdf in 72.11 sec.
10:14:09 INFO       pixel_budget (Docling) incra_anexo_de_entregas_assinado-1_assinado_assinado-copia_tarjada.pdf: 30.0% (área tabelas/2423520 px²)
10:14:09 INFO     [10/15] ✓ INCRA     :   11 entregas | 72.1s | ETA ~3min
10:14:09 INFO     [11/15] → incra_ptd_docdiretivo__assinado-1_assinado_assinado-copia_tarjada.pdf
10:14:09 INFO     detected formats: [<InputFormat.PDF: 'pdf'>]
10:14:09 INFO     Going to convert document batch...
10:14:09 INFO     Processing document incra_ptd_docdiretivo__assinado-1_assinado_assinado-copia_tarjada.pdf
10:14:10 INFO     command: tesseract --psm 0 -l osd /tmp/tmp1zkiwzhy.png stdout
10:14:11 INFO     command: tesseract -l por /tmp/tmp1zkiwzhy.png stdout tsv
10:14:13 INFO     command: tesseract --psm 0 -l osd /tmp/tmpas5g37bv.png stdout
10:14:14 INFO     command: tesseract -l por /tmp/tmpas5g37bv.png stdout tsv
10:14:19 INFO     command: tesseract --psm 0 -l osd /tmp/tmpele_5csr.png stdout
10:14:20 INFO     command: tesseract -l por /tmp/tmpele_5csr.png stdout tsv
10:14:22 INFO     command: tesseract --psm 0 -l osd /tmp/tmpsum_d1e5.png stdout
10:14:23 INFO     command: tesseract -l por /tmp/tmpsum_d1e5.png stdout tsv
10:14:25 INFO     command: tesseract --psm 0 -l osd /tmp/tmpcl4y683r.png stdout
10:14:25 INFO     command: tesseract -l por /tmp/tmpcl4y683r.png stdout tsv
10:14:27 INFO     command: tesseract --psm 0 -l osd /tmp/tmpe3hzw0b6.png stdout
10:14:29 INFO     command: tesseract -l por /tmp/tmpe3hzw0b6.png stdout tsv
10:14:43 INFO     command: tesseract --psm 0 -l osd /tmp/tmpme1r30ok.png stdout
10:14:44 INFO     command: tesseract -l por /tmp/tmpme1r30ok.png stdout tsv
10:14:46 INFO     command: tesseract --psm 0 -l osd /tmp/tmpv_tt3i9x.png stdout
10:14:47 INFO     command: tesseract -l por /tmp/tmpv_tt3i9x.png stdout tsv
10:14:48 INFO     command: tesseract --psm 0 -l osd /tmp/tmpjhtq5u5j.png stdout
10:14:49 INFO     command: tesseract -l por /tmp/tmpjhtq5u5j.png stdout tsv
10:14:51 INFO     command: tesseract --psm 0 -l osd /tmp/tmpktie9_je.png stdout
10:14:53 INFO     command: tesseract -l por /tmp/tmpktie9_je.png stdout tsv
10:15:05 INFO     command: tesseract --psm 0 -l osd /tmp/tmp9z6969a3.png stdout
10:15:07 INFO     command: tesseract -l por /tmp/tmp9z6969a3.png stdout tsv
10:15:10 INFO     command: tesseract --psm 0 -l osd /tmp/tmpkka6920u.png stdout
10:15:11 INFO     command: tesseract -l por /tmp/tmpkka6920u.png stdout tsv
10:15:13 INFO     command: tesseract --psm 0 -l osd /tmp/tmpfw8_q_yv.png stdout
10:15:13 INFO     command: tesseract -l por /tmp/tmpfw8_q_yv.png stdout tsv
10:15:19 INFO     Finished converting document incra_ptd_docdiretivo__assinado-1_assinado_assinado-copia_tarjada.pdf in 70.62 sec.
10:15:19 INFO       pixel_budget (Docling) incra_ptd_docdiretivo__assinado-1_assinado_assinado-copia_tarjada.pdf: 20.2% (área tabelas/6515754 px²)
10:15:20 INFO     [11/15] ✓ INCRA     :    9 entregas | 70.6s | ETA ~2min
10:15:20 INFO     [12/15] → iti_anexo_de_entregas_assinado.pdf
10:15:20 INFO     detected formats: [<InputFormat.PDF: 'pdf'>]
10:15:20 INFO     Going to convert document batch...
10:15:20 INFO     Processing document iti_anexo_de_entregas_assinado.pdf
10:15:20 INFO     command: tesseract --psm 0 -l osd /tmp/tmpfbz7vzjr.png stdout
10:15:21 INFO     command: tesseract -l por /tmp/tmpfbz7vzjr.png stdout tsv
10:15:32 INFO     Finished converting document iti_anexo_de_entregas_assinado.pdf in 12.43 sec.
10:15:32 INFO       pixel_budget (Docling) iti_anexo_de_entregas_assinado.pdf: 57.2% (área tabelas/501212 px²)
10:15:32 INFO     [12/15] ✓ ITI       :   31 entregas | 12.4s | ETA ~2min
10:15:32 INFO     [13/15] → iti_doc_diretivo_assinado-1_tarjado.pdf
10:15:32 INFO     detected formats: [<InputFormat.PDF: 'pdf'>]
10:15:32 INFO     Going to convert document batch...
10:15:32 INFO     Processing document iti_doc_diretivo_assinado-1_tarjado.pdf
10:15:33 INFO     command: tesseract --psm 0 -l osd /tmp/tmp9gvo9d4z.png stdout
10:15:34 INFO     command: tesseract -l por /tmp/tmp9gvo9d4z.png stdout tsv
10:15:36 INFO     command: tesseract --psm 0 -l osd /tmp/tmp9n094icn.png stdout
10:15:37 INFO     command: tesseract -l por /tmp/tmp9n094icn.png stdout tsv
10:15:39 INFO     command: tesseract --psm 0 -l osd /tmp/tmp3l1kgkzs.png stdout
10:15:40 INFO     command: tesseract -l por /tmp/tmp3l1kgkzs.png stdout tsv
10:15:42 INFO     command: tesseract --psm 0 -l osd /tmp/tmpcuhbgqc3.png stdout
10:15:42 INFO     command: tesseract -l por /tmp/tmpcuhbgqc3.png stdout tsv
10:15:44 INFO     command: tesseract --psm 0 -l osd /tmp/tmplzx8zr73.png stdout
10:15:45 INFO     command: tesseract -l por /tmp/tmplzx8zr73.png stdout tsv
10:15:47 INFO     command: tesseract --psm 0 -l osd /tmp/tmpax8ch101.png stdout
10:15:49 INFO     command: tesseract -l por /tmp/tmpax8ch101.png stdout tsv
10:16:04 INFO     command: tesseract --psm 0 -l osd /tmp/tmp6kn9mbde.png stdout
10:16:05 INFO     command: tesseract -l por /tmp/tmp6kn9mbde.png stdout tsv
10:16:07 INFO     command: tesseract --psm 0 -l osd /tmp/tmp5o1zzmx1.png stdout
10:16:08 INFO     command: tesseract -l por /tmp/tmp5o1zzmx1.png stdout tsv
10:16:10 INFO     command: tesseract --psm 0 -l osd /tmp/tmpq4zkv__h.png stdout
10:16:11 INFO     command: tesseract -l por /tmp/tmpq4zkv__h.png stdout tsv
10:16:13 INFO     command: tesseract --psm 0 -l osd /tmp/tmpakdo9zrg.png stdout
10:16:14 INFO     command: tesseract -l por /tmp/tmpakdo9zrg.png stdout tsv
10:16:23 INFO     command: tesseract --psm 0 -l osd /tmp/tmpf4hq37ni.png stdout
10:16:24 INFO     command: tesseract -l por /tmp/tmpf4hq37ni.png stdout tsv
10:16:28 INFO     Finished converting document iti_doc_diretivo_assinado-1_tarjado.pdf in 56.47 sec.
10:16:28 INFO       pixel_budget (Docling) iti_doc_diretivo_assinado-1_tarjado.pdf: 8.0% (área tabelas/5516339 px²)
10:16:28 INFO     [13/15] ✓ ITI       :    6 entregas | 56.5s | ETA ~84s
10:16:28 INFO     [14/15] → sgpr_ptd_2025_2027_anexo_de_entregas_assinado-copia_tarjada.pdf
10:16:28 INFO     detected formats: [<InputFormat.PDF: 'pdf'>]
10:16:28 INFO     Going to convert document batch...
10:16:28 INFO     Processing document sgpr_ptd_2025_2027_anexo_de_entregas_assinado-copia_tarjada.pdf
10:16:29 INFO     command: tesseract --psm 0 -l osd /tmp/tmp8wxereun.png stdout
10:16:30 INFO     command: tesseract -l por /tmp/tmp8wxereun.png stdout tsv
10:16:33 INFO     command: tesseract --psm 0 -l osd /tmp/tmp_jbr32n3.png stdout
10:16:34 INFO     command: tesseract -l por /tmp/tmp_jbr32n3.png stdout tsv
10:16:43 INFO     Finished converting document sgpr_ptd_2025_2027_anexo_de_entregas_assinado-copia_tarjada.pdf in 14.74 sec.
10:16:43 INFO       pixel_budget (Docling) sgpr_ptd_2025_2027_anexo_de_entregas_assinado-copia_tarjada.pdf: 29.5% (área tabelas/1002424 px²)
10:16:43 INFO     [14/15] ✓ SGPR      :   18 entregas | 14.7s | ETA ~40s
10:16:43 INFO     [15/15] → sgpr_ptd_2026_2027_docdiretivo_assinado-copia_tarjada.pdf
10:16:43 INFO     detected formats: [<InputFormat.PDF: 'pdf'>]
10:16:43 INFO     Going to convert document batch...
10:16:43 INFO     Processing document sgpr_ptd_2026_2027_docdiretivo_assinado-copia_tarjada.pdf
10:16:59 INFO     Finished converting document sgpr_ptd_2026_2027_docdiretivo_assinado-copia_tarjada.pdf in 15.87 sec.
10:16:59 INFO       pixel_budget (Docling) sgpr_ptd_2026_2027_docdiretivo_assinado-copia_tarjada.pdf: 8.2% (área tabelas/5513330 px²)
10:16:59 WARNING  [15/15] ⚠ SGPR      :    0 entregas | 15.9s | ETA ~0s
10:16:59 INFO     261 registros | 7 órgãos
10:16:59 INFO     ╔══════════════════════════════════════════════════════════════╗
10:16:59 INFO     ║                  ENTREGAS — fase concluída                   ║
10:16:59 INFO     ║  Processados: 15    |  ✓ 11  ⚠ 4                             ║
10:16:59 INFO     ║  Duração: 9.6 min                                            ║
10:16:59 INFO     ║  261 registros | 7 órgãos                                    ║
10:16:59 INFO     ╚══════════════════════════════════════════════════════════════╝
10:16:59 INFO     [1/7] → agu_ptd_2025_2027_docdiretivo_assinado_assinado_assinado-copia_tarjada.pdf
10:16:59 INFO     detected formats: [<InputFormat.PDF: 'pdf'>]
10:16:59 INFO     Going to convert document batch...
10:16:59 INFO     Processing document agu_ptd_2025_2027_docdiretivo_assinado_assinado_assinado-copia_tarjada.pdf
10:17:00 INFO     command: tesseract --psm 0 -l osd /tmp/tmp4td4zoep.png stdout
10:17:00 INFO     command: tesseract -l por /tmp/tmp4td4zoep.png stdout tsv
10:17:02 INFO     command: tesseract --psm 0 -l osd /tmp/tmplixdc71s.png stdout
10:17:03 INFO     command: tesseract -l por /tmp/tmplixdc71s.png stdout tsv
10:17:05 INFO     command: tesseract --psm 0 -l osd /tmp/tmpgqlis2jn.png stdout
10:17:06 INFO     command: tesseract -l por /tmp/tmpgqlis2jn.png stdout tsv
10:17:08 INFO     command: tesseract --psm 0 -l osd /tmp/tmpbggr82fx.png stdout
10:17:09 INFO     command: tesseract -l por /tmp/tmpbggr82fx.png stdout tsv
10:17:11 INFO     command: tesseract --psm 0 -l osd /tmp/tmpz7y48bik.png stdout
10:17:12 INFO     command: tesseract -l por /tmp/tmpz7y48bik.png stdout tsv
10:17:14 INFO     command: tesseract --psm 0 -l osd /tmp/tmp7v_46us6.png stdout
10:17:15 INFO     command: tesseract -l por /tmp/tmp7v_46us6.png stdout tsv
10:17:23 INFO     command: tesseract --psm 0 -l osd /tmp/tmpldjt6u5e.png stdout
10:17:24 INFO     command: tesseract -l por /tmp/tmpldjt6u5e.png stdout tsv
10:17:26 INFO     command: tesseract --psm 0 -l osd /tmp/tmpwoc5s2js.png stdout
10:17:27 INFO     command: tesseract -l por /tmp/tmpwoc5s2js.png stdout tsv
10:17:29 INFO     command: tesseract --psm 0 -l osd /tmp/tmp5u7szyd_.png stdout
10:17:30 INFO     command: tesseract -l por /tmp/tmp5u7szyd_.png stdout tsv
10:17:32 INFO     command: tesseract --psm 0 -l osd /tmp/tmppm4v4zjl.png stdout
10:17:34 INFO     command: tesseract -l por /tmp/tmppm4v4zjl.png stdout tsv
10:17:47 INFO     command: tesseract --psm 0 -l osd /tmp/tmpn22m70_h.png stdout
10:17:48 INFO     command: tesseract -l por /tmp/tmpn22m70_h.png stdout tsv
10:17:50 INFO     Finished converting document agu_ptd_2025_2027_docdiretivo_assinado_assinado_assinado-copia_tarjada.pdf in 51.43 sec.
10:17:50 INFO     [1/7] ✓ AGU       :   7 riscos | 51.4s | ETA ~5min
10:17:50 INFO     [2/7] → documento-diretivo-mcom-_-ptd-25_27-copia_tarjada.pdf
10:17:50 INFO     detected formats: [<InputFormat.PDF: 'pdf'>]
10:17:50 INFO     Going to convert document batch...
10:17:50 INFO     Processing document documento-diretivo-mcom-_-ptd-25_27-copia_tarjada.pdf
10:17:51 INFO     command: tesseract --psm 0 -l osd /tmp/tmpeffml1e4.png stdout
10:17:52 INFO     command: tesseract -l por /tmp/tmpeffml1e4.png stdout tsv
10:17:53 INFO     command: tesseract --psm 0 -l osd /tmp/tmperczc_r7.png stdout
10:17:55 INFO     command: tesseract -l por /tmp/tmperczc_r7.png stdout tsv
10:18:00 INFO     command: tesseract --psm 0 -l osd /tmp/tmp3q8zadvc.png stdout
10:18:01 INFO     command: tesseract -l por /tmp/tmp3q8zadvc.png stdout tsv
10:18:02 INFO     command: tesseract --psm 0 -l osd /tmp/tmpccifw6d1.png stdout
10:18:03 INFO     command: tesseract -l por /tmp/tmpccifw6d1.png stdout tsv
10:18:05 INFO     command: tesseract --psm 0 -l osd /tmp/tmpn41qlc2f.png stdout
10:18:06 INFO     command: tesseract -l por /tmp/tmpn41qlc2f.png stdout tsv
10:18:08 INFO     command: tesseract --psm 0 -l osd /tmp/tmpnh3etteo.png stdout
10:18:10 INFO     command: tesseract -l por /tmp/tmpnh3etteo.png stdout tsv
10:18:21 INFO     command: tesseract --psm 0 -l osd /tmp/tmp3he1jivj.png stdout
10:18:23 INFO     command: tesseract -l por /tmp/tmp3he1jivj.png stdout tsv
10:18:25 INFO     command: tesseract --psm 0 -l osd /tmp/tmpcgzmbhpg.png stdout
10:18:26 INFO     command: tesseract -l por /tmp/tmpcgzmbhpg.png stdout tsv
10:18:28 INFO     command: tesseract --psm 0 -l osd /tmp/tmp__9u3uqx.png stdout
10:18:29 INFO     command: tesseract -l por /tmp/tmp__9u3uqx.png stdout tsv
10:18:31 INFO     command: tesseract --psm 0 -l osd /tmp/tmp1lxfkonh.png stdout
10:18:32 INFO     command: tesseract -l por /tmp/tmp1lxfkonh.png stdout tsv
10:18:38 INFO     command: tesseract --psm 0 -l osd /tmp/tmp_fb0np5c.png stdout
10:18:39 INFO     command: tesseract -l por /tmp/tmp_fb0np5c.png stdout tsv
10:18:42 INFO     command: tesseract --psm 0 -l osd /tmp/tmpsea9z0z0.png stdout
10:18:43 INFO     command: tesseract -l por /tmp/tmpsea9z0z0.png stdout tsv
10:18:45 INFO     command: tesseract --psm 0 -l osd /tmp/tmp8qemv523.png stdout
10:18:46 INFO     command: tesseract -l por /tmp/tmp8qemv523.png stdout tsv
10:18:48 INFO     command: tesseract --psm 0 -l osd /tmp/tmpl2r4atbg.png stdout
10:18:49 INFO     command: tesseract -l por /tmp/tmpl2r4atbg.png stdout tsv
10:18:54 INFO     Finished converting document documento-diretivo-mcom-_-ptd-25_27-copia_tarjada.pdf in 63.15 sec.
10:18:54 INFO     [2/7] ✓ MCOM      :  14 riscos | 63.2s | ETA ~4min
10:18:54 INFO     [3/7] → fiocruz_novo-ptd_2-1_docdiretivo_repactuacao_2024-2026_assinado_assinado-copia_tarjada.pdf
10:18:54 INFO     detected formats: [<InputFormat.PDF: 'pdf'>]
10:18:54 INFO     Going to convert document batch...
10:18:54 INFO     Processing document fiocruz_novo-ptd_2-1_docdiretivo_repactuacao_2024-2026_assinado_assinado-copia_tarjada.pdf
10:19:08 INFO     Finished converting document fiocruz_novo-ptd_2-1_docdiretivo_repactuacao_2024-2026_assinado_assinado-copia_tarjada.pdf in 14.55 sec.
10:19:08 INFO     [3/7] ✓ FIOCRUZ   :   6 riscos | 14.6s | ETA ~2min
10:19:08 INFO     [4/7] → funai_ptd_2025_2027_docdiretivo_assinado-1_tarjado.pdf
10:19:08 INFO     detected formats: [<InputFormat.PDF: 'pdf'>]
10:19:08 INFO     Going to convert document batch...
10:19:08 INFO     Processing document funai_ptd_2025_2027_docdiretivo_assinado-1_tarjado.pdf
10:19:09 INFO     command: tesseract --psm 0 -l osd /tmp/tmpfeijko30.png stdout
10:19:10 INFO     command: tesseract -l por /tmp/tmpfeijko30.png stdout tsv
10:19:11 INFO     command: tesseract --psm 0 -l osd /tmp/tmpg7xn5_mg.png stdout
10:19:13 INFO     command: tesseract -l por /tmp/tmpg7xn5_mg.png stdout tsv
10:19:14 INFO     command: tesseract --psm 0 -l osd /tmp/tmpgm7f_ss0.png stdout
10:19:15 INFO     command: tesseract -l por /tmp/tmpgm7f_ss0.png stdout tsv
10:19:17 INFO     command: tesseract --psm 0 -l osd /tmp/tmp_uw4gijv.png stdout
10:19:18 INFO     command: tesseract -l por /tmp/tmp_uw4gijv.png stdout tsv
10:19:20 INFO     command: tesseract --psm 0 -l osd /tmp/tmp7bwj28su.png stdout
10:19:21 INFO     command: tesseract -l por /tmp/tmp7bwj28su.png stdout tsv
10:19:23 INFO     command: tesseract --psm 0 -l osd /tmp/tmpim53zrpg.png stdout
10:19:24 INFO     command: tesseract -l por /tmp/tmpim53zrpg.png stdout tsv
10:19:35 INFO     command: tesseract --psm 0 -l osd /tmp/tmp3e5rme7q.png stdout
10:19:36 INFO     command: tesseract -l por /tmp/tmp3e5rme7q.png stdout tsv
10:19:38 INFO     command: tesseract --psm 0 -l osd /tmp/tmp6rhs78f9.png stdout
10:19:38 INFO     command: tesseract -l por /tmp/tmp6rhs78f9.png stdout tsv
10:19:40 INFO     command: tesseract --psm 0 -l osd /tmp/tmp7ohwo0g7.png stdout
10:19:41 INFO     command: tesseract -l por /tmp/tmp7ohwo0g7.png stdout tsv
10:19:42 INFO     command: tesseract --psm 0 -l osd /tmp/tmpv9dwp03y.png stdout
10:19:44 INFO     command: tesseract -l por /tmp/tmpv9dwp03y.png stdout tsv
10:19:58 INFO     command: tesseract --psm 0 -l osd /tmp/tmp1nhqko5p.png stdout
10:19:59 INFO     command: tesseract -l por /tmp/tmp1nhqko5p.png stdout tsv
10:20:03 INFO     command: tesseract --psm 0 -l osd /tmp/tmpzmkv9gox.png stdout
10:20:04 INFO     command: tesseract -l por /tmp/tmpzmkv9gox.png stdout tsv
10:20:06 INFO     command: tesseract --psm 0 -l osd /tmp/tmplamhv1vp.png stdout
10:20:06 INFO     command: tesseract -l por /tmp/tmplamhv1vp.png stdout tsv
10:20:12 INFO     Finished converting document funai_ptd_2025_2027_docdiretivo_assinado-1_tarjado.pdf in 63.32 sec.
10:20:12 INFO     [4/7] ✓ FUNAI     :  15 riscos | 63.3s | ETA ~2min
10:20:12 INFO     [5/7] → incra_ptd_docdiretivo__assinado-1_assinado_assinado-copia_tarjada.pdf
10:20:12 INFO     detected formats: [<InputFormat.PDF: 'pdf'>]
10:20:12 INFO     Going to convert document batch...
10:20:12 INFO     Processing document incra_ptd_docdiretivo__assinado-1_assinado_assinado-copia_tarjada.pdf
10:20:13 INFO     command: tesseract --psm 0 -l osd /tmp/tmp134na1ls.png stdout
10:20:13 INFO     command: tesseract -l por /tmp/tmp134na1ls.png stdout tsv
10:20:15 INFO     command: tesseract --psm 0 -l osd /tmp/tmp91sz9__a.png stdout
10:20:17 INFO     command: tesseract -l por /tmp/tmp91sz9__a.png stdout tsv
10:20:21 INFO     command: tesseract --psm 0 -l osd /tmp/tmp5zj1264b.png stdout
10:20:22 INFO     command: tesseract -l por /tmp/tmp5zj1264b.png stdout tsv
10:20:24 INFO     command: tesseract --psm 0 -l osd /tmp/tmpebzfl8nz.png stdout
10:20:25 INFO     command: tesseract -l por /tmp/tmpebzfl8nz.png stdout tsv
10:20:27 INFO     command: tesseract --psm 0 -l osd /tmp/tmpdnt6vrw8.png stdout
10:20:27 INFO     command: tesseract -l por /tmp/tmpdnt6vrw8.png stdout tsv
10:20:29 INFO     command: tesseract --psm 0 -l osd /tmp/tmp8c8ikr2w.png stdout
10:20:31 INFO     command: tesseract -l por /tmp/tmp8c8ikr2w.png stdout tsv
10:20:46 INFO     command: tesseract --psm 0 -l osd /tmp/tmpaabgc589.png stdout
10:20:47 INFO     command: tesseract -l por /tmp/tmpaabgc589.png stdout tsv
10:20:49 INFO     command: tesseract --psm 0 -l osd /tmp/tmpgo12i6mc.png stdout
10:20:49 INFO     command: tesseract -l por /tmp/tmpgo12i6mc.png stdout tsv
10:20:51 INFO     command: tesseract --psm 0 -l osd /tmp/tmp2tj0t01c.png stdout
10:20:52 INFO     command: tesseract -l por /tmp/tmp2tj0t01c.png stdout tsv
10:20:54 INFO     command: tesseract --psm 0 -l osd /tmp/tmpzegig6xn.png stdout
10:20:56 INFO     command: tesseract -l por /tmp/tmpzegig6xn.png stdout tsv
10:21:00 INFO     command: tesseract --psm 0 -l osd /tmp/tmp_o9h9xid.png stdout
10:21:01 INFO     command: tesseract -l por /tmp/tmp_o9h9xid.png stdout tsv
10:21:06 INFO     command: tesseract --psm 0 -l osd /tmp/tmp5cpj7xma.png stdout
10:21:07 INFO     command: tesseract -l por /tmp/tmp5cpj7xma.png stdout tsv
10:21:11 INFO     command: tesseract --psm 0 -l osd /tmp/tmpe5mbts9h.png stdout
10:21:12 INFO     command: tesseract -l por /tmp/tmpe5mbts9h.png stdout tsv
10:21:18 INFO     Finished converting document incra_ptd_docdiretivo__assinado-1_assinado_assinado-copia_tarjada.pdf in 66.09 sec.
10:21:18 INFO     [5/7] ✓ INCRA     :  15 riscos | 66.1s | ETA ~1min
10:21:18 INFO     [6/7] → iti_doc_diretivo_assinado-1_tarjado.pdf
10:21:18 INFO     detected formats: [<InputFormat.PDF: 'pdf'>]
10:21:18 INFO     Going to convert document batch...
10:21:18 INFO     Processing document iti_doc_diretivo_assinado-1_tarjado.pdf
10:21:18 INFO     command: tesseract --psm 0 -l osd /tmp/tmpmq09thzr.png stdout
10:21:19 INFO     command: tesseract -l por /tmp/tmpmq09thzr.png stdout tsv
10:21:21 INFO     command: tesseract --psm 0 -l osd /tmp/tmp6o75ehl5.png stdout
10:21:22 INFO     command: tesseract -l por /tmp/tmp6o75ehl5.png stdout tsv
10:21:24 INFO     command: tesseract --psm 0 -l osd /tmp/tmp2jx7tskc.png stdout
10:21:25 INFO     command: tesseract -l por /tmp/tmp2jx7tskc.png stdout tsv
10:21:27 INFO     command: tesseract --psm 0 -l osd /tmp/tmpaj69qorq.png stdout
10:21:28 INFO     command: tesseract -l por /tmp/tmpaj69qorq.png stdout tsv
10:21:29 INFO     command: tesseract --psm 0 -l osd /tmp/tmpmm89t8yg.png stdout
10:21:30 INFO     command: tesseract -l por /tmp/tmpmm89t8yg.png stdout tsv
10:21:32 INFO     command: tesseract --psm 0 -l osd /tmp/tmp_pwvxj6q.png stdout
10:21:34 INFO     command: tesseract -l por /tmp/tmp_pwvxj6q.png stdout tsv
10:21:52 INFO     command: tesseract --psm 0 -l osd /tmp/tmpbviwduoa.png stdout
10:21:53 INFO     command: tesseract -l por /tmp/tmpbviwduoa.png stdout tsv
10:21:55 INFO     command: tesseract --psm 0 -l osd /tmp/tmpnf0zd8ql.png stdout
10:21:56 INFO     command: tesseract -l por /tmp/tmpnf0zd8ql.png stdout tsv
10:21:58 INFO     command: tesseract --psm 0 -l osd /tmp/tmp0b7n56d5.png stdout
10:21:59 INFO     command: tesseract -l por /tmp/tmp0b7n56d5.png stdout tsv
10:22:01 INFO     command: tesseract --psm 0 -l osd /tmp/tmp89xz7guz.png stdout
10:22:03 INFO     command: tesseract -l por /tmp/tmp89xz7guz.png stdout tsv
10:22:12 INFO     command: tesseract --psm 0 -l osd /tmp/tmp8a1ioh40.png stdout
10:22:13 INFO     command: tesseract -l por /tmp/tmp8a1ioh40.png stdout tsv
10:22:17 INFO     Finished converting document iti_doc_diretivo_assinado-1_tarjado.pdf in 59.13 sec.
10:22:17 INFO     [6/7] ✓ ITI       :  14 riscos | 59.1s | ETA ~53s
10:22:17 INFO     [7/7] → sgpr_ptd_2026_2027_docdiretivo_assinado-copia_tarjada.pdf
10:22:17 INFO     detected formats: [<InputFormat.PDF: 'pdf'>]
10:22:17 INFO     Going to convert document batch...
10:22:17 INFO     Processing document sgpr_ptd_2026_2027_docdiretivo_assinado-copia_tarjada.pdf
10:22:32 INFO     Finished converting document sgpr_ptd_2026_2027_docdiretivo_assinado-copia_tarjada.pdf in 15.67 sec.
10:22:32 INFO     [7/7] ✓ SGPR      :  10 riscos | 15.7s | ETA ~0s
10:22:32 INFO     ╔══════════════════════════════════════════════════════════════╗
10:22:32 INFO     ║                   RISCOS — fase concluída                    ║
10:22:32 INFO     ║  Processados: 7     |  ✓ 7  ⚠ 0                              ║
10:22:32 INFO     ║  Duração: 5.6 min                                            ║
10:22:32 INFO     ║  81 riscos | 7 órgãos                                        ║
10:22:32 INFO     ╚══════════════════════════════════════════════════════════════╝
10:22:32 INFO     81 riscos | 0 ações | 135 relações
10:22:32 INFO     ptd_corpus_raw                     : 261 linhas
10:22:32 INFO     ptd_pivot_eixos                    : 7 linhas
10:22:35 INFO     ptd_datas_assinatura               : 132 linhas
10:22:35 INFO     ptd_riscos                         : 81 linhas
10:22:35 INFO     ptd_riscos_acoes                   : 135 linhas
10:22:35 INFO     Manifesto salvo: pipeline_manifest.json | SHA-256 de 132 PDFs
10:22:35 INFO     ==================================================
10:22:35 INFO     PTD-BR v3.0-melhorado — PIPELINE CONCLUÍDO
10:22:35 INFO     ==================================================
10:22:35 INFO     ptd_corpus_raw.csv                        160 KB
10:22:35 INFO     ptd_pivot_eixos.csv                         0 KB
10:22:35 INFO     ptd_datas_assinatura.csv                    9 KB
10:22:35 INFO     ptd_riscos.csv                             23 KB
10:22:35 INFO     ptd_riscos_acoes.csv                        2 KB
10:22:35 INFO     proveniencia.json                           0 KB
10:22:35 INFO     pipeline_manifest.json                     20 KB
10:22:35 INFO     📦 Artefatos: https://github.com/freirelucas/teste/actions/runs/23976576307
10:22:35 INFO     ==================================================
