04:52:09 INFO     Docling disponível
04:52:09 WARNING  OCR fallback indisponível (IndentationError: unexpected indent (ptd_ocr_fallback.py, line 45))
04:52:11 INFO     Ignorado (guia/template/norma): ABNT-NBR-17225-Acessibilidade-Digital.pdf
04:52:11 INFO     Ignorado (guia/template/norma): cgrep-guia10passos-ptd-orgao.pdf
04:52:11 INFO     Ignorado (guia/template/norma): ABNT-NBR-17225-Acessibilidade-Digital.pdf
04:52:11 INFO     Scraping: 132 PDFs únicos | entregas: 68 | diretivos: 61
04:52:11 INFO     Baixando 132 PDFs únicos...
04:52:13 INFO     ✓ [  1/132] abin_ptd_anexo_de_entregas_assinado_pelo_orgao_ass   293.3KB
04:52:17 INFO     ✓ [  2/132] aeb_ptd_2025_2027_docdiretivo_aprovado_assinado-1_  1033.7KB
04:52:19 INFO     ✓ [  3/132] aeb_ptd_2025_2027_anexo_de_entregas_aprovado_assin   154.5KB
04:52:25 INFO     ✓ [  4/132] agu_ptd_2025_2027_docdiretivo_assinado_assinado_as  2860.3KB
04:52:28 INFO     ✓ [  5/132] agu_ptd_2025_2027_anexo_de_entregas_assinado_assin   525.5KB
04:52:31 INFO     ✓ [  6/132] ana_ptd_2025_2027_docdiretivo_assinado_assinado_as   477.2KB
04:52:34 INFO     ✓ [  7/132] ana_ptd_2025_2027_anexoentregas_assinado_assinado_   170.9KB
04:52:37 INFO     ✓ [  8/132] anac_ptd_2025_2026_docdiretivo_se_assinado_tarjado  1036.3KB
04:52:40 INFO     ✓ [  9/132] anac_ptd_2025_2026_anexo_de_entregas_se_assinado.p   215.2KB
04:52:44 INFO     ✓ [ 10/132] anatel_ptd_docdiretivo_assinado_2025_2026_assinado  1006.0KB
04:52:46 INFO     ✓ [ 11/132] anatel_ptd_2025_2026_anexo_de_entregas_do_ptd_publ    71.9KB
04:52:50 INFO     ✓ [ 12/132] ancine_ptd_2024_2026_docdiretivo_assinado-2_assina   961.8KB
04:52:53 INFO     ✓ [ 13/132] ancine_ptd_2024_2026_-_anexo_de_entregas_aprovado_   613.2KB
04:52:57 INFO     ✓ [ 14/132] ptd_aneel_2025-2027_docdiretivo_assinado_tarjado.p   779.6KB
04:52:59 INFO     ✓ [ 15/132] ptd_aneel_2025-2027_anexo_de_entregas_assinado.pdf   111.9KB
04:53:03 INFO     ✓ [ 16/132] anm_ptd_2025_2027_docdiretivo_assinadopeloorgao_ta  1092.5KB
04:53:07 INFO     ✓ [ 17/132] anm_ptd_2025_2027_anexo_entregas_assinadopeloorgao  1140.4KB
04:53:11 INFO     ✓ [ 18/132] anpd_ptd_2025_2027_docdiretivo_assinado_assinado_a  1044.3KB
04:53:13 INFO     ✓ [ 19/132] anpd_ptd_2025_2027_anexo_de_entregas_assinado_assi   166.5KB
04:53:17 INFO     ✓ [ 20/132] ans-plano_de_transformacao_digital_assinado-copia_  1023.4KB
04:53:19 INFO     ✓ [ 21/132] ans_ptd_2025_2026_anexo_de_entregas_assinado_assin   124.1KB
04:53:23 INFO     ✓ [ 22/132] antaq_ptd_2025_2027_docdiretivo_assinado_assinado_  1039.8KB
04:53:25 INFO     ✓ [ 23/132] antaq_ptd_2025_2027_anexoentregas_assinado_assinad   145.1KB
04:53:27 INFO     ✓ [ 24/132] mt_anexo_de_entregas_-_assinado_assinado_assinado_   143.6KB
04:53:38 INFO     ✓ [ 25/132] anvisa_ptd_docdiretivo_2025-2026_assinado_assinado  5771.2KB
04:53:41 INFO     ✓ [ 26/132] anvisa_ptd_anexo_de_entregas_2025_2026_assinado_as   239.0KB
04:53:44 INFO     ✓ [ 27/132] bcb_documento_diretivo_assinado_assinado_assinado-   713.7KB
04:53:46 INFO     ✓ [ 28/132] bcb_anexo_de_entregas_ptd_25_26-1_assinado_assinad   134.8KB
04:53:50 INFO     ✓ [ 29/132] cade_ptd_docdiretivo_2025_2026_assinado-2_assinado   810.4KB
04:53:53 INFO     ✓ [ 30/132] cade_ptd_anexo_de_entregas_2025_2026_assinado_copi   504.0KB
04:53:56 INFO     ✓ [ 31/132] mec_ptd_docdiretivo_2025-2026_sei_mec-5566673_copi   863.1KB
04:53:59 INFO     ✓ [ 32/132] mec_ptd_anexo-de-entregas_sei_mec-5576401_copia_ta   495.7KB
04:54:04 INFO     ✓ [ 33/132] mec_ptd_docdiretivo-versao-comunicacao_copia_tarja  1616.5KB
04:54:07 INFO     ✓ [ 34/132] md_ptd_2026_2027_anexo_de_entregas_assinado_assina   579.4KB
04:54:10 INFO     ✓ [ 35/132] md_ptd_2026_2027_anexo_de_entregas_assinado_assina   186.8KB
04:54:13 INFO     ✓ [ 36/132] md_ptd_temp_copia_tarjada.pdf                        741.9KB
04:54:17 INFO     ✓ [ 37/132] cgu_ptd_docdiretivo_assinado_assinado_assinado-cop  1085.4KB
04:54:20 INFO     ✓ [ 38/132] cgu_ptd_anexo_de_entregas_pactuadas_assinado_assin   514.1KB
04:54:24 INFO     ✓ [ 39/132] cnpq_ptd_2025_2027_docdiretivo_assinado_assinado_a   342.9KB
04:54:26 INFO     ✓ [ 40/132] cnpq_ptd_2025_2027_anexo_de_entregas_assinado_assi   136.1KB
04:54:30 INFO     ✓ [ 41/132] coaf_ptd_2025_2026_documento_diretivo_assinado_ass  1068.0KB
04:54:37 INFO     ✓ [ 42/132] coaf_ptd_2025_2026_anexo_de_entregas-2_assinado_as  3184.5KB
04:54:44 INFO     ✓ [ 43/132] ptd_midr-docdiretivo_aprovado_assinado_tarjado.pdf  3864.1KB
04:54:48 INFO     ✓ [ 44/132] ptd_midr_-_anexo_de_entregas_-_aprovado_assinado.p  1122.0KB
04:54:52 INFO     ✓ [ 45/132] mda-documento-diretivo-assinado_ptd-2025-207-copia   955.8KB
04:54:54 INFO     ✓ [ 46/132] cvm_ptd_2025_2027_docdiretivo_assinado_assinado_as   270.5KB
04:54:57 INFO     ✓ [ 47/132] cvm_ptd_2025_2027_anexoentregas_assinado_assinado_   409.0KB
04:55:01 INFO     ✓ [ 48/132] dnocs_ptd_doc_diretivo_2025_2026_assinado_orgao-2_   891.1KB
04:55:03 INFO     ✓ [ 49/132] dnocs_anexo_de_entregas_repactuado_2025_2026_assin   272.3KB
04:55:10 INFO     ✓ [ 50/132] fbn_ptd_2025_2027_docdiretivo_assinado-1_tarjado.p  2921.6KB
04:55:12 INFO     ✓ [ 51/132] fbn_ptd_2025_2027_anexo_de_entregas_assinado-1.pdf   162.3KB
04:55:17 INFO     ✓ [ 52/132] fcp_ptd_2025_2027_docdiretivo_assinado-1_tarjado.p  1612.0KB
04:55:19 INFO     ✓ [ 53/132] fcp_ptd_2025_2027_anexo_de_entregas_assinado-1.pdf   118.8KB
04:55:23 INFO     ✓ [ 54/132] fcrb_ptd_2025_2026_docdiretivo_aprovado_assinado-1   998.2KB
04:55:25 INFO     ✓ [ 55/132] fcrb_ptd_2025_2026_anexo_de_entregas_aprovado_assi   313.5KB
04:55:29 INFO     ✓ [ 56/132] fiocruz_novo-ptd_2-1_docdiretivo_repactuacao_2024-  1318.1KB
04:55:32 INFO     ✓ [ 57/132] fiocruz_ptd_anexo_de_entregas_assinado_v1_assinado   257.1KB
04:55:36 INFO     ✓ [ 58/132] fiocruz-ptd-06_2024-copia_tarjada.pdf               1693.8KB
04:55:41 INFO     ✓ [ 59/132] funai_ptd_2025_2027_docdiretivo_assinado-1_tarjado  1842.1KB
04:55:44 INFO     ✓ [ 60/132] funai_anexo_de_entregas_repactuado_2026_2027_assin   435.7KB
04:55:47 INFO     ✓ [ 61/132] funarte_ptd_docdiretivo_assinado_21_01_2025_assina   965.7KB
04:55:50 INFO     ✓ [ 62/132] funarte_ptd_anexo_de_entregas_assinado_v1_assinado   683.6KB
04:55:54 INFO     ✓ [ 63/132] fundacentro_ptd_2025_2027_docdiretivo_assinado_ass   826.6KB
04:55:57 INFO     ✓ [ 64/132] fundacentro_ptd_2025_2027_anexo_de_entregas_assina   635.5KB
04:56:01 INFO     ✓ [ 65/132] mma_ptd_docdiretivo_assinado_2025_2026-1_assinado_   949.3KB
04:56:03 INFO     ✓ [ 66/132] mma_ptd_anexo_de_entregas_aprovado_final_assinado_   174.8KB
04:56:07 INFO     ✓ [ 67/132] ibge_docdiretivo_2025_assinado_assinado_assinado-c  1167.3KB
04:56:09 INFO     ✓ [ 68/132] ibge_ptd_25_26_anexo_de_entregas_modelo_v2-1_assin   143.7KB
04:56:21 INFO     ✓ [ 69/132] incra_ptd_docdiretivo__assinado-1_assinado_assinad  7182.0KB
04:56:26 INFO     ✓ [ 70/132] incra_anexo_de_entregas_assinado-1_assinado_assina  1818.6KB
04:56:33 INFO     ✓ [ 71/132] inpi_ptd_docdiretivo_assinado_2025_2026_assinado_a  3322.4KB
04:56:39 INFO     ✓ [ 72/132] inpi_ptd_anexo_de_entregas_assinado_v1_assinado_as  3078.1KB
04:56:43 INFO     ✓ [ 73/132] inss_ptd_2025_2027_docdiretivo-assinado-copia_tarj  1173.3KB
04:56:45 INFO     ✓ [ 74/132] inss_ptd_2025_2027_anexo_de_entregas-assinado-copi   110.8KB
04:56:49 INFO     ✓ [ 75/132] iphan_ptd_docdiretivo_assinado_2025_2026_assinado_   885.7KB
04:56:52 INFO     ✓ [ 76/132] iphan_ptd_anexo_de_entregas_assinado_v1_assinado_a   310.9KB
04:57:01 INFO     ✓ [ 77/132] iti_doc_diretivo_assinado-1_tarjado.pdf             4905.1KB
04:57:04 INFO     ✓ [ 78/132] iti_anexo_de_entregas_assinado.pdf                   556.4KB
04:57:08 INFO     ✓ [ 79/132] mapa_ptd_2025_2027_docdiretivo_assinado-1_tarjado.  1740.9KB
04:57:10 INFO     ✓ [ 80/132] mapa_ptd_2025_2027_anexo_de_entregas_assinado-1.pd   261.9KB
04:57:19 INFO     ✓ [ 81/132] documento-diretivo-mcom-_-ptd-25_27-copia_tarjada.  4451.9KB
04:57:23 INFO     ✓ [ 82/132] anexo-de-entregas-mcom_ptd-25_27-copia_tarjada.pdf  1213.8KB
04:57:29 INFO     ✓ [ 83/132] ptd_21_24_mcom-copia_tarjada.pdf                    3040.7KB
04:57:33 INFO     ✓ [ 84/132] mcti_ptd_2025-2027_docdiretivo_assinado-copia_tarj  1030.7KB
04:57:35 INFO     ✓ [ 85/132] mcti_ptd_2025-2027_anexo-de-entregas_assinado-copi   145.8KB
04:57:38 INFO     ✓ [ 86/132] mda-anexo-entregas-assinado_ptd-2025-2027-copia-ta   284.6KB
04:57:41 INFO     ✓ [ 87/132] mdhc_ptd_2025_2027_docdiretivo_assinado_assinado_a   753.4KB
04:57:44 INFO     ✓ [ 88/132] mdhc_ptd_2025_2027_anexoentregas_assinado_assinado   186.8KB
04:57:46 INFO     ✓ [ 89/132] mdic_ptd_anexo_de_entregas_assinado_v1_assinado_as   176.6KB
04:57:50 INFO     ✓ [ 90/132] memp_ptd_2025_2026_docdiretivo_assinado_assinado_a  1030.1KB
04:57:52 INFO     ✓ [ 91/132] memp_ptd_2025_2026_anexo_de_entregas_assinado_assi   161.5KB
04:57:56 INFO     ✓ [ 92/132] mesp_ptd_2025_2027_docdiretivo_assinado_assinado_2  1147.7KB
04:57:59 INFO     ✓ [ 93/132] mesp_ptd_2025_2027_anexo_de_entregas_assinado_assi   226.6KB
04:58:02 INFO     ✓ [ 94/132] mf_ptd_2026_2027_documentodiretivo_assinado_assina   955.1KB
04:58:05 INFO     ✓ [ 95/132] mf_ptd_2026_2027_anexo_de_entregas_1_mf_se_assinad   241.2KB
04:58:08 INFO     ✓ [ 96/132] mgi_ptd_2025_2027_docdiretivo_assinado_assinado_as   375.2KB
04:58:10 INFO     ✓ [ 97/132] mgi_ptd_2025_2027_anexo_de_entregas_assinado_assin   256.1KB
04:58:14 INFO     ✓ [ 98/132] minc_ptd_2025_2027_docdiretivo_assinado-1_assinado   863.6KB
04:58:16 INFO     ✓ [ 99/132] minc_ptd_2025_2027_anexo_de_entregas_assinado-1_as   276.7KB
04:58:20 INFO     ✓ [100/132] mjsp_ptd_docdiretivo_assinado_2025_2026_assinado_a   954.0KB
04:58:23 INFO     ✓ [101/132] mjsp_ptd_anexo_de_entregas_assinado_v1_assinado_as   253.9KB
04:58:26 INFO     ✓ [102/132] mme_ptd_2025_2027_docdiretivo_assinado-copia_tarja   664.5KB
04:58:28 INFO     ✓ [103/132] mme_ptd_2025_2027_anexo_de_entregas_assinado__1_-c   111.1KB
04:58:32 INFO     ✓ [104/132] mmulheres_ptd_2025_2027_docdiretivo_assinado_assin  1078.3KB
04:58:34 INFO     ✓ [105/132] mmulheres_ptd_2025_2027_anexo_de_entregas_assinado   216.9KB
04:58:38 INFO     ✓ [106/132] mpi_ptd_2025_2027_docdiretivo_ministerio_dos_povos   947.9KB
04:58:40 INFO     ✓ [107/132] mpi_ptd_anexo_de_entregas_do_plano_de_tranformacao   191.9KB
04:58:44 INFO     ✓ [108/132] mpo_ptd_docdiretivo_assinado_2025_2026_assinado_as   806.3KB
04:58:47 INFO     ✓ [109/132] mpo_ptd_anexo_de_entregas_assinado_v1_assinado_ass   323.2KB
04:58:50 INFO     ✓ [110/132] mpor_ptd_2025_2027_docdiretivo_assinado_assinado_a   876.5KB
04:58:53 INFO     ✓ [111/132] mpor_ptd_2025_2027_anexo_de_entregas_assinado_assi   175.1KB
04:58:56 INFO     ✓ [112/132] mps_ptd_2025-2026_docdiretivo_final_assinado-1_ass  1024.4KB
04:58:59 INFO     ✓ [113/132] mps_ptd_2025-2026_anexo_de_entregas_final_assinado   165.0KB
04:59:02 INFO     ✓ [114/132] mre_ptd_docdiretivo_assinado_2025_2026_assinado_as   760.9KB
04:59:05 INFO     ✓ [115/132] mre_ptd_anexo_de_entregas_assinado_v1_assinado_ass   233.2KB
04:59:08 INFO     ✓ [116/132] mte_ptd_2025_2026_docdiretivo_assinado_assinado_as   729.6KB
04:59:11 INFO     ✓ [117/132] mte_ptd_anexo_de_entregas_assinado_v1__281_29_assi   459.5KB
04:59:15 INFO     ✓ [118/132] mtur_ptd_docdiretiv_assinado_30_01_2025_assinado_a  1050.4KB
04:59:17 INFO     ✓ [119/132] mtur_ptd_anexo_de_entregas_assinado_30_01_2025_ass   118.8KB
04:59:20 INFO     ✓ [120/132] pf_ptd_docdiretivo_2025_2027_assinado-copia_tarjad   964.3KB
04:59:23 INFO     ✓ [121/132] pf_ptd_anexo_de_entregas_2025_2027_assinado-copia_    62.5KB
04:59:26 INFO     ✓ [122/132] mf_ptd_2026_2027_anexo_de_entregas_4_mf_pgfn_assin   466.8KB
04:59:37 INFO     ✓ [123/132] previc_plano_de_transformacao_digital_2025_2026_29  6652.7KB
04:59:39 INFO     ✓ [124/132] previc_ptd_repactuacao_2025-2026_assinado_assinado   182.9KB
04:59:43 INFO     ✓ [125/132] prf_documentodiretivo_ptd_2026-2027_assinado_tarja   535.9KB
04:59:45 INFO     ✓ [126/132] prf_anexo_de_entregas_do_ptd__2026_2027___ptd___en   157.7KB
04:59:48 INFO     ✓ [127/132] mf_ptd_2026_2027_anexo_de_entregas_2_mf_rfb_assina   253.7KB
04:59:52 INFO     ✓ [128/132] sgpr_ptd_2026_2027_docdiretivo_assinado-copia_tarj   791.2KB
04:59:55 INFO     ✓ [129/132] sgpr_ptd_2025_2027_anexo_de_entregas_assinado-copi   897.9KB
04:59:58 INFO     ✓ [130/132] mf_ptd_2026_2027_anexo_de_entregas_3_mf_stn_assina   467.8KB
05:00:02 INFO     ✓ [131/132] susep_ptd_2025_2027_docdiretivo-assinado-copia_tar  1030.1KB
05:00:04 INFO     ✓ [132/132] susep_ptd_2025-2026_anexo_de_entregas_final_assina   221.9KB
05:00:06 INFO     132 OK | 0 erros | 123.3 MB total
05:00:12 INFO     Sanity: 132 PDFs | 113 texto | 19 imagem/OCR | 0 duplicatas
05:00:12 INFO     --siglas (debug): 15 PDFs de ['AGU', 'FIOCRUZ', 'FUNAI', 'FUNDACENTRO', 'INCRA', 'ITI', 'MCOM', 'SGPR']
05:00:12 INFO     DocumentConverter instanciado (singleton × 2: plain + OCR)
05:00:12 INFO     [1/15] → agu_ptd_2025_2027_anexo_de_entregas_assinado_assinado_assinado-copia_tarjada.pdf
05:00:12 INFO     detected formats: [<InputFormat.PDF: 'pdf'>]
05:00:12 INFO     Going to convert document batch...
05:00:12 INFO     Initializing pipeline for StandardPdfPipeline with options hash bc6794697da537796efc497178f9263f
05:00:12 INFO     Loading plugin 'docling_defaults'
05:00:12 INFO     Registered picture descriptions: ['picture_description_vlm_engine', 'vlm', 'api']
05:00:12 INFO     Loading plugin 'docling_defaults'
05:00:12 INFO     Registered ocr engines: ['auto', 'easyocr', 'kserve_v2_ocr', 'ocrmac', 'rapidocr', 'tesserocr', 'tesseract']
05:00:12 INFO     command: tesseract --list-langs
05:00:12 INFO     Loading plugin 'docling_defaults'
05:00:12 INFO     Registered layout engines: ['layout_object_detection', 'docling_layout_default', 'docling_experimental_table_crops_layout']
05:00:12 INFO     Accelerator device: 'cpu'
05:00:12 INFO     HTTP Request: GET https://huggingface.co/api/models/docling-project/docling-layout-heron/revision/main "HTTP/1.1 200 OK"
05:00:12 INFO     HTTP Request: HEAD https://huggingface.co/docling-project/docling-layout-heron/resolve/8f39ad3c0b4c58e9c2d2c84a38465abf757272d8/README.md "HTTP/1.1 307 Temporary Redirect"
05:00:12 INFO     HTTP Request: HEAD https://huggingface.co/api/resolve-cache/models/docling-project/docling-layout-heron/8f39ad3c0b4c58e9c2d2c84a38465abf757272d8/README.md "HTTP/1.1 200 OK"
05:00:12 INFO     HTTP Request: HEAD https://huggingface.co/docling-project/docling-layout-heron/resolve/8f39ad3c0b4c58e9c2d2c84a38465abf757272d8/.gitattributes "HTTP/1.1 307 Temporary Redirect"
05:00:12 WARNING  Warning: You are sending unauthenticated requests to the HF Hub. Please set a HF_TOKEN to enable higher rate limits and faster downloads.
05:00:12 INFO     HTTP Request: HEAD https://huggingface.co/docling-project/docling-layout-heron/resolve/8f39ad3c0b4c58e9c2d2c84a38465abf757272d8/config.json "HTTP/1.1 307 Temporary Redirect"
05:00:12 INFO     HTTP Request: HEAD https://huggingface.co/docling-project/docling-layout-heron/resolve/8f39ad3c0b4c58e9c2d2c84a38465abf757272d8/model.safetensors "HTTP/1.1 302 Found"
05:00:12 INFO     HTTP Request: HEAD https://huggingface.co/docling-project/docling-layout-heron/resolve/8f39ad3c0b4c58e9c2d2c84a38465abf757272d8/preprocessor_config.json "HTTP/1.1 307 Temporary Redirect"
05:00:12 INFO     HTTP Request: GET https://huggingface.co/api/resolve-cache/models/docling-project/docling-layout-heron/8f39ad3c0b4c58e9c2d2c84a38465abf757272d8/README.md "HTTP/1.1 200 OK"
05:00:12 INFO     HTTP Request: HEAD https://huggingface.co/api/resolve-cache/models/docling-project/docling-layout-heron/8f39ad3c0b4c58e9c2d2c84a38465abf757272d8/.gitattributes "HTTP/1.1 200 OK"
05:00:12 INFO     HTTP Request: HEAD https://huggingface.co/api/resolve-cache/models/docling-project/docling-layout-heron/8f39ad3c0b4c58e9c2d2c84a38465abf757272d8/config.json "HTTP/1.1 200 OK"
05:00:12 INFO     HTTP Request: HEAD https://huggingface.co/api/resolve-cache/models/docling-project/docling-layout-heron/8f39ad3c0b4c58e9c2d2c84a38465abf757272d8/preprocessor_config.json "HTTP/1.1 200 OK"
05:00:12 INFO     HTTP Request: HEAD https://huggingface.co/docling-project/docling-layout-heron/resolve/8f39ad3c0b4c58e9c2d2c84a38465abf757272d8/docling_heron_400.png "HTTP/1.1 307 Temporary Redirect"
05:00:12 INFO     HTTP Request: GET https://huggingface.co/api/resolve-cache/models/docling-project/docling-layout-heron/8f39ad3c0b4c58e9c2d2c84a38465abf757272d8/.gitattributes "HTTP/1.1 200 OK"
05:00:12 INFO     HTTP Request: GET https://huggingface.co/api/resolve-cache/models/docling-project/docling-layout-heron/8f39ad3c0b4c58e9c2d2c84a38465abf757272d8/config.json "HTTP/1.1 200 OK"
05:00:12 INFO     HTTP Request: GET https://huggingface.co/api/resolve-cache/models/docling-project/docling-layout-heron/8f39ad3c0b4c58e9c2d2c84a38465abf757272d8/preprocessor_config.json "HTTP/1.1 200 OK"
05:00:12 INFO     HTTP Request: HEAD https://huggingface.co/api/resolve-cache/models/docling-project/docling-layout-heron/8f39ad3c0b4c58e9c2d2c84a38465abf757272d8/docling_heron_400.png "HTTP/1.1 200 OK"
05:00:12 INFO     HTTP Request: GET https://huggingface.co/api/models/docling-project/docling-layout-heron/xet-read-token/8f39ad3c0b4c58e9c2d2c84a38465abf757272d8 "HTTP/1.1 200 OK"
05:00:12 INFO     HTTP Request: GET https://huggingface.co/api/resolve-cache/models/docling-project/docling-layout-heron/8f39ad3c0b4c58e9c2d2c84a38465abf757272d8/docling_heron_400.png "HTTP/1.1 200 OK"
05:00:14 INFO     Loading plugin 'docling_defaults'
05:00:14 INFO     Registered table structure engines: ['docling_tableformer', 'docling_tableformer_v2']
05:00:14 INFO     HTTP Request: GET https://huggingface.co/api/models/docling-project/docling-models/revision/v2.3.0 "HTTP/1.1 200 OK"
05:00:14 INFO     HTTP Request: HEAD https://huggingface.co/docling-project/docling-models/resolve/fc0f2d45e2218ea24bce5045f58a389aed16dc23/.gitignore "HTTP/1.1 307 Temporary Redirect"
05:00:14 INFO     HTTP Request: HEAD https://huggingface.co/docling-project/docling-models/resolve/fc0f2d45e2218ea24bce5045f58a389aed16dc23/.gitattributes "HTTP/1.1 307 Temporary Redirect"
05:00:14 INFO     HTTP Request: HEAD https://huggingface.co/docling-project/docling-models/resolve/fc0f2d45e2218ea24bce5045f58a389aed16dc23/README.md "HTTP/1.1 307 Temporary Redirect"
05:00:14 INFO     HTTP Request: HEAD https://huggingface.co/docling-project/docling-models/resolve/fc0f2d45e2218ea24bce5045f58a389aed16dc23/model_artifacts/tableformer/accurate/tableformer_accurate.safetensors "HTTP/1.1 302 Found"
05:00:14 INFO     HTTP Request: HEAD https://huggingface.co/docling-project/docling-models/resolve/fc0f2d45e2218ea24bce5045f58a389aed16dc23/model_artifacts/tableformer/accurate/tm_config.json "HTTP/1.1 307 Temporary Redirect"
05:00:14 INFO     HTTP Request: HEAD https://huggingface.co/docling-project/docling-models/resolve/fc0f2d45e2218ea24bce5045f58a389aed16dc23/config.json "HTTP/1.1 307 Temporary Redirect"
05:00:14 INFO     HTTP Request: HEAD https://huggingface.co/api/resolve-cache/models/docling-project/docling-models/fc0f2d45e2218ea24bce5045f58a389aed16dc23/.gitignore "HTTP/1.1 200 OK"
05:00:14 INFO     HTTP Request: HEAD https://huggingface.co/api/resolve-cache/models/docling-project/docling-models/fc0f2d45e2218ea24bce5045f58a389aed16dc23/.gitattributes "HTTP/1.1 200 OK"
05:00:14 INFO     HTTP Request: HEAD https://huggingface.co/api/resolve-cache/models/docling-project/docling-models/fc0f2d45e2218ea24bce5045f58a389aed16dc23/README.md "HTTP/1.1 200 OK"
05:00:14 INFO     HTTP Request: HEAD https://huggingface.co/api/resolve-cache/models/docling-project/docling-models/fc0f2d45e2218ea24bce5045f58a389aed16dc23/model_artifacts%2Ftableformer%2Faccurate%2Ftm_config.json "HTTP/1.1 200 OK"
05:00:14 INFO     HTTP Request: HEAD https://huggingface.co/api/resolve-cache/models/docling-project/docling-models/fc0f2d45e2218ea24bce5045f58a389aed16dc23/config.json "HTTP/1.1 200 OK"
05:00:14 INFO     HTTP Request: GET https://huggingface.co/api/resolve-cache/models/docling-project/docling-models/fc0f2d45e2218ea24bce5045f58a389aed16dc23/.gitignore "HTTP/1.1 200 OK"
05:00:14 INFO     HTTP Request: HEAD https://huggingface.co/docling-project/docling-models/resolve/fc0f2d45e2218ea24bce5045f58a389aed16dc23/model_artifacts/tableformer/fast/tableformer_fast.safetensors "HTTP/1.1 302 Found"
05:00:14 INFO     HTTP Request: GET https://huggingface.co/api/resolve-cache/models/docling-project/docling-models/fc0f2d45e2218ea24bce5045f58a389aed16dc23/README.md "HTTP/1.1 200 OK"
05:00:14 INFO     HTTP Request: GET https://huggingface.co/api/resolve-cache/models/docling-project/docling-models/fc0f2d45e2218ea24bce5045f58a389aed16dc23/.gitattributes "HTTP/1.1 200 OK"
05:00:14 INFO     HTTP Request: HEAD https://huggingface.co/docling-project/docling-models/resolve/fc0f2d45e2218ea24bce5045f58a389aed16dc23/model_artifacts/tableformer/fast/tm_config.json "HTTP/1.1 307 Temporary Redirect"
05:00:14 INFO     HTTP Request: GET https://huggingface.co/api/resolve-cache/models/docling-project/docling-models/fc0f2d45e2218ea24bce5045f58a389aed16dc23/model_artifacts%2Ftableformer%2Faccurate%2Ftm_config.json "HTTP/1.1 200 OK"
05:00:14 INFO     HTTP Request: GET https://huggingface.co/api/resolve-cache/models/docling-project/docling-models/fc0f2d45e2218ea24bce5045f58a389aed16dc23/config.json "HTTP/1.1 200 OK"
05:00:14 INFO     HTTP Request: GET https://huggingface.co/api/models/docling-project/docling-models/xet-read-token/fc0f2d45e2218ea24bce5045f58a389aed16dc23 "HTTP/1.1 200 OK"
05:00:14 INFO     HTTP Request: HEAD https://huggingface.co/api/resolve-cache/models/docling-project/docling-models/fc0f2d45e2218ea24bce5045f58a389aed16dc23/model_artifacts%2Ftableformer%2Ffast%2Ftm_config.json "HTTP/1.1 200 OK"
05:00:14 INFO     HTTP Request: GET https://huggingface.co/api/resolve-cache/models/docling-project/docling-models/fc0f2d45e2218ea24bce5045f58a389aed16dc23/model_artifacts%2Ftableformer%2Ffast%2Ftm_config.json "HTTP/1.1 200 OK"
05:00:14 INFO     HTTP Request: GET https://huggingface.co/api/models/docling-project/docling-models/xet-read-token/fc0f2d45e2218ea24bce5045f58a389aed16dc23 "HTTP/1.1 200 OK"
05:00:16 INFO     Accelerator device: 'cpu'
05:00:16 INFO     Processing document agu_ptd_2025_2027_anexo_de_entregas_assinado_assinado_assinado-copia_tarjada.pdf
05:00:17 INFO     command: tesseract --psm 0 -l osd /tmp/tmp8fsm2mky.png stdout
05:00:18 INFO     command: tesseract -l por /tmp/tmp8fsm2mky.png stdout tsv
05:00:21 INFO     command: tesseract --psm 0 -l osd /tmp/tmp1mpo8hy_.png stdout
05:00:22 INFO     command: tesseract -l por /tmp/tmp1mpo8hy_.png stdout tsv
05:00:39 INFO     Finished converting document agu_ptd_2025_2027_anexo_de_entregas_assinado_assinado_assinado-copia_tarjada.pdf in 27.51 sec.
05:00:39 INFO       pixel_budget (Docling) agu_ptd_2025_2027_anexo_de_entregas_assinado_assinado_assinado-copia_tarjada.pdf: 45.8% (área tabelas/1001817 px²)
05:00:39 INFO     [1/15] ✓ AGU       :   33 entregas | 27.5s | ETA ~6min
05:00:39 INFO     [2/15] → agu_ptd_2025_2027_docdiretivo_assinado_assinado_assinado-copia_tarjada.pdf
05:00:39 INFO     detected formats: [<InputFormat.PDF: 'pdf'>]
05:00:39 INFO     Going to convert document batch...
05:00:39 INFO     Processing document agu_ptd_2025_2027_docdiretivo_assinado_assinado_assinado-copia_tarjada.pdf
05:00:40 INFO     command: tesseract --psm 0 -l osd /tmp/tmpmvk6ij9a.png stdout
05:00:40 INFO     command: tesseract -l por /tmp/tmpmvk6ij9a.png stdout tsv
05:00:42 INFO     command: tesseract --psm 0 -l osd /tmp/tmp4ubpd_8c.png stdout
05:00:44 INFO     command: tesseract -l por /tmp/tmp4ubpd_8c.png stdout tsv
05:00:48 INFO     command: tesseract --psm 0 -l osd /tmp/tmpiicwbilx.png stdout
05:00:49 INFO     command: tesseract -l por /tmp/tmpiicwbilx.png stdout tsv
05:00:51 INFO     command: tesseract --psm 0 -l osd /tmp/tmpot26uydq.png stdout
05:00:52 INFO     command: tesseract -l por /tmp/tmpot26uydq.png stdout tsv
05:00:54 INFO     command: tesseract --psm 0 -l osd /tmp/tmpcjjaa3ip.png stdout
05:00:55 INFO     command: tesseract -l por /tmp/tmpcjjaa3ip.png stdout tsv
05:00:57 INFO     command: tesseract --psm 0 -l osd /tmp/tmpytt7it06.png stdout
05:00:59 INFO     command: tesseract -l por /tmp/tmpytt7it06.png stdout tsv
05:01:09 INFO     command: tesseract --psm 0 -l osd /tmp/tmpn4jta2g3.png stdout
05:01:10 INFO     command: tesseract -l por /tmp/tmpn4jta2g3.png stdout tsv
05:01:12 INFO     command: tesseract --psm 0 -l osd /tmp/tmpjg759gn4.png stdout
05:01:13 INFO     command: tesseract -l por /tmp/tmpjg759gn4.png stdout tsv
05:01:16 INFO     command: tesseract --psm 0 -l osd /tmp/tmp65ylugn8.png stdout
05:01:16 INFO     command: tesseract -l por /tmp/tmp65ylugn8.png stdout tsv
05:01:19 INFO     command: tesseract --psm 0 -l osd /tmp/tmplbx3q8_8.png stdout
05:01:20 INFO     command: tesseract -l por /tmp/tmplbx3q8_8.png stdout tsv
05:01:36 INFO     command: tesseract --psm 0 -l osd /tmp/tmprcbb7csk.png stdout
05:01:37 INFO     command: tesseract -l por /tmp/tmprcbb7csk.png stdout tsv
05:01:40 INFO     Finished converting document agu_ptd_2025_2027_docdiretivo_assinado_assinado_assinado-copia_tarjada.pdf in 60.63 sec.
05:01:40 INFO       pixel_budget (Docling) agu_ptd_2025_2027_docdiretivo_assinado_assinado_assinado-copia_tarjada.pdf: 2.1% (área tabelas/5513330 px²)
05:01:40 INFO     [2/15] ✓ AGU       :    6 entregas | 60.6s | ETA ~9min
05:01:40 INFO     [3/15] → anexo-de-entregas-mcom_ptd-25_27-copia_tarjada.pdf
05:01:40 INFO     detected formats: [<InputFormat.PDF: 'pdf'>]
05:01:40 INFO     Going to convert document batch...
05:01:40 INFO     Processing document anexo-de-entregas-mcom_ptd-25_27-copia_tarjada.pdf
05:01:41 INFO     command: tesseract --psm 0 -l osd /tmp/tmpibgv_65c.png stdout
05:01:42 INFO     command: tesseract -l por /tmp/tmpibgv_65c.png stdout tsv
05:01:44 INFO     command: tesseract --psm 0 -l osd /tmp/tmpoacu7t6j.png stdout
05:01:46 INFO     command: tesseract -l por /tmp/tmpoacu7t6j.png stdout tsv
05:01:59 INFO     command: tesseract --psm 0 -l osd /tmp/tmpzptgh_x2.png stdout
05:02:00 INFO     command: tesseract -l por /tmp/tmpzptgh_x2.png stdout tsv
05:02:20 INFO     Finished converting document anexo-de-entregas-mcom_ptd-25_27-copia_tarjada.pdf in 40.42 sec.
05:02:20 INFO       pixel_budget (Docling) anexo-de-entregas-mcom_ptd-25_27-copia_tarjada.pdf: 55.2% (área tabelas/1503636 px²)
05:02:20 INFO     [3/15] ✓ MCOM      :   55 entregas | 40.4s | ETA ~8min
05:02:20 INFO     [4/15] → documento-diretivo-mcom-_-ptd-25_27-copia_tarjada.pdf
05:02:20 INFO     detected formats: [<InputFormat.PDF: 'pdf'>]
05:02:20 INFO     Going to convert document batch...
05:02:20 INFO     Processing document documento-diretivo-mcom-_-ptd-25_27-copia_tarjada.pdf
05:02:21 INFO     command: tesseract --psm 0 -l osd /tmp/tmpl9h8415x.png stdout
05:02:21 INFO     command: tesseract -l por /tmp/tmpl9h8415x.png stdout tsv
05:02:23 INFO     command: tesseract --psm 0 -l osd /tmp/tmpkjgg0qw_.png stdout
05:02:25 INFO     command: tesseract -l por /tmp/tmpkjgg0qw_.png stdout tsv
05:02:31 INFO     command: tesseract --psm 0 -l osd /tmp/tmprp2v4qpx.png stdout
05:02:31 INFO     command: tesseract -l por /tmp/tmprp2v4qpx.png stdout tsv
05:02:32 INFO     command: tesseract --psm 0 -l osd /tmp/tmp6ehxor60.png stdout
05:02:33 INFO     command: tesseract -l por /tmp/tmp6ehxor60.png stdout tsv
05:02:35 INFO     command: tesseract --psm 0 -l osd /tmp/tmpdp4ubav6.png stdout
05:02:36 INFO     command: tesseract -l por /tmp/tmpdp4ubav6.png stdout tsv
05:02:38 INFO     command: tesseract --psm 0 -l osd /tmp/tmpki4s_ojf.png stdout
05:02:40 INFO     command: tesseract -l por /tmp/tmpki4s_ojf.png stdout tsv
05:02:52 INFO     command: tesseract --psm 0 -l osd /tmp/tmpo0j4e_i8.png stdout
05:02:53 INFO     command: tesseract -l por /tmp/tmpo0j4e_i8.png stdout tsv
05:02:57 INFO     command: tesseract --psm 0 -l osd /tmp/tmpcv19y_bl.png stdout
05:02:58 INFO     command: tesseract -l por /tmp/tmpcv19y_bl.png stdout tsv
05:03:00 INFO     command: tesseract --psm 0 -l osd /tmp/tmpdc10uwph.png stdout
05:03:01 INFO     command: tesseract -l por /tmp/tmpdc10uwph.png stdout tsv
05:03:03 INFO     command: tesseract --psm 0 -l osd /tmp/tmpc_n7d56s.png stdout
05:03:04 INFO     command: tesseract -l por /tmp/tmpc_n7d56s.png stdout tsv
05:03:10 INFO     command: tesseract --psm 0 -l osd /tmp/tmpxievwyo3.png stdout
05:03:11 INFO     command: tesseract -l por /tmp/tmpxievwyo3.png stdout tsv
05:03:16 INFO     command: tesseract --psm 0 -l osd /tmp/tmpa8kbuc_p.png stdout
05:03:17 INFO     command: tesseract -l por /tmp/tmpa8kbuc_p.png stdout tsv
05:03:19 INFO     command: tesseract --psm 0 -l osd /tmp/tmplxm8jq95.png stdout
05:03:19 INFO     command: tesseract -l por /tmp/tmplxm8jq95.png stdout tsv
05:03:22 INFO     command: tesseract --psm 0 -l osd /tmp/tmpdgw9gd_h.png stdout
05:03:22 INFO     command: tesseract -l por /tmp/tmpdgw9gd_h.png stdout tsv
05:03:28 INFO     Finished converting document documento-diretivo-mcom-_-ptd-25_27-copia_tarjada.pdf in 68.20 sec.
05:03:28 INFO       pixel_budget (Docling) documento-diretivo-mcom-_-ptd-25_27-copia_tarjada.pdf: 10.8% (área tabelas/7016966 px²)
05:03:28 WARNING  [4/15] ⚠ MCOM      :    0 entregas | 68.2s | ETA ~9min
05:03:28 INFO     [5/15] → fiocruz-ptd-06_2024-copia_tarjada.pdf
05:03:28 INFO     detected formats: [<InputFormat.PDF: 'pdf'>]
05:03:28 INFO     Going to convert document batch...
05:03:28 INFO     Initializing pipeline for StandardPdfPipeline with options hash d18651824ca6fe56cf3ccb20424ac2c8
05:03:28 INFO     Accelerator device: 'cpu'
05:03:29 INFO     HTTP Request: GET https://huggingface.co/api/models/docling-project/docling-layout-heron/revision/main "HTTP/1.1 200 OK"
05:03:29 INFO     HTTP Request: GET https://huggingface.co/api/models/docling-project/docling-models/revision/v2.3.0 "HTTP/1.1 200 OK"
05:03:29 INFO     Accelerator device: 'cpu'
05:03:30 INFO     Processing document fiocruz-ptd-06_2024-copia_tarjada.pdf
05:04:39 INFO     Finished converting document fiocruz-ptd-06_2024-copia_tarjada.pdf in 71.05 sec.
05:04:40 INFO       pixel_budget (Docling) fiocruz-ptd-06_2024-copia_tarjada.pdf: 36.4% (área tabelas/7518178 px²)
05:04:40 WARNING  [5/15] ⚠ FIOCRUZ   :    0 entregas | 71.1s | ETA ~8min
05:04:40 INFO     [6/15] → fiocruz_novo-ptd_2-1_docdiretivo_repactuacao_2024-2026_assinado_assinado-copia_tarjada.pdf
05:04:40 INFO     detected formats: [<InputFormat.PDF: 'pdf'>]
05:04:40 INFO     Going to convert document batch...
05:04:40 INFO     Processing document fiocruz_novo-ptd_2-1_docdiretivo_repactuacao_2024-2026_assinado_assinado-copia_tarjada.pdf
05:04:58 INFO     Finished converting document fiocruz_novo-ptd_2-1_docdiretivo_repactuacao_2024-2026_assinado_assinado-copia_tarjada.pdf in 18.02 sec.
05:04:58 INFO       pixel_budget (Docling) fiocruz_novo-ptd_2-1_docdiretivo_repactuacao_2024-2026_assinado_assinado-copia_tarjada.pdf: 11.3% (área tabelas/5012118 px²)
05:04:58 WARNING  [6/15] ⚠ FIOCRUZ   :    0 entregas | 18.0s | ETA ~7min
05:04:58 INFO     [7/15] → fiocruz_ptd_anexo_de_entregas_assinado_v1_assinado_assinado-1-copia_tarjada.pdf
05:04:58 INFO     detected formats: [<InputFormat.PDF: 'pdf'>]
05:04:58 INFO     Going to convert document batch...
05:04:58 INFO     Processing document fiocruz_ptd_anexo_de_entregas_assinado_v1_assinado_assinado-1-copia_tarjada.pdf
05:05:31 INFO     Finished converting document fiocruz_ptd_anexo_de_entregas_assinado_v1_assinado_assinado-1-copia_tarjada.pdf in 33.38 sec.
05:05:31 INFO       pixel_budget (Docling) fiocruz_ptd_anexo_de_entregas_assinado_v1_assinado_assinado-1-copia_tarjada.pdf: 54.7% (área tabelas/2004847 px²)
05:05:31 INFO     [7/15] ✓ FIOCRUZ   :   61 entregas | 33.4s | ETA ~6min
05:05:31 INFO     [8/15] → funai_anexo_de_entregas_repactuado_2026_2027_assinado_assinado_assinado.pdf
05:05:31 INFO     detected formats: [<InputFormat.PDF: 'pdf'>]
05:05:31 INFO     Going to convert document batch...
05:05:31 INFO     Processing document funai_anexo_de_entregas_repactuado_2026_2027_assinado_assinado_assinado.pdf
05:05:32 INFO     command: tesseract --psm 0 -l osd /tmp/tmp4avhdz4x.png stdout
05:05:33 INFO     command: tesseract -l por /tmp/tmp4avhdz4x.png stdout tsv
05:05:46 INFO     Finished converting document funai_anexo_de_entregas_repactuado_2026_2027_assinado_assinado_assinado.pdf in 15.44 sec.
05:05:46 INFO       pixel_budget (Docling) funai_anexo_de_entregas_repactuado_2026_2027_assinado_assinado_assinado.pdf: 49.8% (área tabelas/501212 px²)
05:05:46 INFO     [8/15] ✓ FUNAI     :   21 entregas | 15.5s | ETA ~4min
05:05:46 INFO     [9/15] → funai_ptd_2025_2027_docdiretivo_assinado-1_tarjado.pdf
05:05:46 INFO     detected formats: [<InputFormat.PDF: 'pdf'>]
05:05:46 INFO     Going to convert document batch...
05:05:46 INFO     Processing document funai_ptd_2025_2027_docdiretivo_assinado-1_tarjado.pdf
05:05:48 INFO     command: tesseract --psm 0 -l osd /tmp/tmpciolwec9.png stdout
05:05:48 INFO     command: tesseract -l por /tmp/tmpciolwec9.png stdout tsv
05:05:50 INFO     command: tesseract --psm 0 -l osd /tmp/tmpsy5tm9ir.png stdout
05:05:51 INFO     command: tesseract -l por /tmp/tmpsy5tm9ir.png stdout tsv
05:05:55 INFO     command: tesseract --psm 0 -l osd /tmp/tmpdqscr0hz.png stdout
05:05:56 INFO     command: tesseract -l por /tmp/tmpdqscr0hz.png stdout tsv
05:05:58 INFO     command: tesseract --psm 0 -l osd /tmp/tmpl5h3m2ie.png stdout
05:05:58 INFO     command: tesseract -l por /tmp/tmpl5h3m2ie.png stdout tsv
05:06:00 INFO     command: tesseract --psm 0 -l osd /tmp/tmpu7901fxt.png stdout
05:06:01 INFO     command: tesseract -l por /tmp/tmpu7901fxt.png stdout tsv
05:06:03 INFO     command: tesseract --psm 0 -l osd /tmp/tmp599iivxh.png stdout
05:06:05 INFO     command: tesseract -l por /tmp/tmp599iivxh.png stdout tsv
05:06:14 INFO     command: tesseract --psm 0 -l osd /tmp/tmpzz788uq_.png stdout
05:06:14 INFO     command: tesseract -l por /tmp/tmpzz788uq_.png stdout tsv
05:06:16 INFO     command: tesseract --psm 0 -l osd /tmp/tmpws6v7az2.png stdout
05:06:16 INFO     command: tesseract -l por /tmp/tmpws6v7az2.png stdout tsv
05:06:18 INFO     command: tesseract --psm 0 -l osd /tmp/tmpp0iktyr5.png stdout
05:06:18 INFO     command: tesseract -l por /tmp/tmpp0iktyr5.png stdout tsv
05:06:20 INFO     command: tesseract --psm 0 -l osd /tmp/tmpyekf2z03.png stdout
05:06:22 INFO     command: tesseract -l por /tmp/tmpyekf2z03.png stdout tsv
05:06:38 INFO     command: tesseract --psm 0 -l osd /tmp/tmp9sdem9st.png stdout
05:06:39 INFO     command: tesseract -l por /tmp/tmp9sdem9st.png stdout tsv
05:06:44 INFO     command: tesseract --psm 0 -l osd /tmp/tmpj4o87qdu.png stdout
05:06:44 INFO     command: tesseract -l por /tmp/tmpj4o87qdu.png stdout tsv
05:06:46 INFO     command: tesseract --psm 0 -l osd /tmp/tmp7c6wm266.png stdout
05:06:47 INFO     command: tesseract -l por /tmp/tmp7c6wm266.png stdout tsv
05:06:53 INFO     Finished converting document funai_ptd_2025_2027_docdiretivo_assinado-1_tarjado.pdf in 67.01 sec.
05:06:53 INFO       pixel_budget (Docling) funai_ptd_2025_2027_docdiretivo_assinado-1_tarjado.pdf: 16.4% (área tabelas/6515754 px²)
05:06:53 INFO     [9/15] ✓ FUNAI     :    8 entregas | 67.0s | ETA ~4min
05:06:53 INFO     [10/15] → incra_anexo_de_entregas_assinado-1_assinado_assinado-copia_tarjada.pdf
05:06:53 INFO     detected formats: [<InputFormat.PDF: 'pdf'>]
05:06:53 INFO     Going to convert document batch...
05:06:53 INFO     Processing document incra_anexo_de_entregas_assinado-1_assinado_assinado-copia_tarjada.pdf
05:06:54 INFO     command: tesseract --psm 0 -l osd /tmp/tmpyu3lw4yg.png stdout
05:06:55 INFO     command: tesseract -l por /tmp/tmpyu3lw4yg.png stdout tsv
05:06:58 INFO     command: tesseract --psm 0 -l osd /tmp/tmpew4xwqbd.png stdout
05:07:00 INFO     command: tesseract -l por /tmp/tmpew4xwqbd.png stdout tsv
05:07:06 INFO     command: tesseract --psm 0 -l osd /tmp/tmpazkugkgh.png stdout
05:07:07 INFO     command: tesseract -l por /tmp/tmpazkugkgh.png stdout tsv
05:07:10 INFO     command: tesseract --psm 0 -l osd /tmp/tmp454hx41m.png stdout
05:07:11 INFO     command: tesseract -l por /tmp/tmp454hx41m.png stdout tsv
05:07:14 INFO     command: tesseract --psm 0 -l osd /tmp/tmpji6lnu0r.png stdout
05:07:14 INFO     command: tesseract -l por /tmp/tmpji6lnu0r.png stdout tsv
05:08:48 INFO     Finished converting document incra_anexo_de_entregas_assinado-1_assinado_assinado-copia_tarjada.pdf in 114.61 sec.
05:08:48 INFO       pixel_budget (Docling) incra_anexo_de_entregas_assinado-1_assinado_assinado-copia_tarjada.pdf: 30.0% (área tabelas/2423520 px²)
05:08:48 INFO     [10/15] ✓ INCRA     :   10 entregas | 114.6s | ETA ~4min
05:08:48 INFO     [11/15] → incra_ptd_docdiretivo__assinado-1_assinado_assinado-copia_tarjada.pdf
05:08:48 INFO     detected formats: [<InputFormat.PDF: 'pdf'>]
05:08:48 INFO     Going to convert document batch...
05:08:48 INFO     Processing document incra_ptd_docdiretivo__assinado-1_assinado_assinado-copia_tarjada.pdf
05:08:49 INFO     command: tesseract --psm 0 -l osd /tmp/tmp7qdftwm9.png stdout
05:08:50 INFO     command: tesseract -l por /tmp/tmp7qdftwm9.png stdout tsv
05:08:52 INFO     command: tesseract --psm 0 -l osd /tmp/tmposk8lwso.png stdout
05:08:53 INFO     command: tesseract -l por /tmp/tmposk8lwso.png stdout tsv
05:09:00 INFO     command: tesseract --psm 0 -l osd /tmp/tmp96m1bbnm.png stdout
05:09:00 INFO     command: tesseract -l por /tmp/tmp96m1bbnm.png stdout tsv
05:09:03 INFO     command: tesseract --psm 0 -l osd /tmp/tmpnsvo7ezp.png stdout
05:09:03 INFO     command: tesseract -l por /tmp/tmpnsvo7ezp.png stdout tsv
05:09:05 INFO     command: tesseract --psm 0 -l osd /tmp/tmp73h9etp4.png stdout
05:09:06 INFO     command: tesseract -l por /tmp/tmp73h9etp4.png stdout tsv
05:09:08 INFO     command: tesseract --psm 0 -l osd /tmp/tmp0kso76t6.png stdout
05:09:09 INFO     command: tesseract -l por /tmp/tmp0kso76t6.png stdout tsv
05:09:24 INFO     command: tesseract --psm 0 -l osd /tmp/tmpzwpr7j1f.png stdout
05:09:25 INFO     command: tesseract -l por /tmp/tmpzwpr7j1f.png stdout tsv
05:09:27 INFO     command: tesseract --psm 0 -l osd /tmp/tmp03qqx44m.png stdout
05:09:27 INFO     command: tesseract -l por /tmp/tmp03qqx44m.png stdout tsv
05:09:29 INFO     command: tesseract --psm 0 -l osd /tmp/tmpt4tyamk4.png stdout
05:09:30 INFO     command: tesseract -l por /tmp/tmpt4tyamk4.png stdout tsv
05:09:32 INFO     command: tesseract --psm 0 -l osd /tmp/tmpo9f9xfbi.png stdout
05:09:33 INFO     command: tesseract -l por /tmp/tmpo9f9xfbi.png stdout tsv
05:09:37 INFO     command: tesseract --psm 0 -l osd /tmp/tmpdmc7y_8j.png stdout
05:09:38 INFO     command: tesseract -l por /tmp/tmpdmc7y_8j.png stdout tsv
05:09:43 INFO     command: tesseract --psm 0 -l osd /tmp/tmpz1c7homo.png stdout
05:09:44 INFO     command: tesseract -l por /tmp/tmpz1c7homo.png stdout tsv
05:09:50 INFO     command: tesseract --psm 0 -l osd /tmp/tmpv2y64qpd.png stdout
05:09:51 INFO     command: tesseract -l por /tmp/tmpv2y64qpd.png stdout tsv
05:09:59 INFO     Finished converting document incra_ptd_docdiretivo__assinado-1_assinado_assinado-copia_tarjada.pdf in 70.81 sec.
05:09:59 INFO       pixel_budget (Docling) incra_ptd_docdiretivo__assinado-1_assinado_assinado-copia_tarjada.pdf: 20.2% (área tabelas/6515754 px²)
05:09:59 INFO     [11/15] ✓ INCRA     :    9 entregas | 70.8s | ETA ~3min
05:09:59 INFO     [12/15] → iti_anexo_de_entregas_assinado.pdf
05:09:59 INFO     detected formats: [<InputFormat.PDF: 'pdf'>]
05:09:59 INFO     Going to convert document batch...
05:09:59 INFO     Processing document iti_anexo_de_entregas_assinado.pdf
05:10:00 INFO     command: tesseract --psm 0 -l osd /tmp/tmpn9pdqgqt.png stdout
05:10:01 INFO     command: tesseract -l por /tmp/tmpn9pdqgqt.png stdout tsv
05:10:17 INFO     Finished converting document iti_anexo_de_entregas_assinado.pdf in 17.72 sec.
05:10:17 INFO       pixel_budget (Docling) iti_anexo_de_entregas_assinado.pdf: 57.2% (área tabelas/501212 px²)
05:10:17 INFO     [12/15] ✓ ITI       :   31 entregas | 17.7s | ETA ~2min
05:10:17 INFO     [13/15] → iti_doc_diretivo_assinado-1_tarjado.pdf
05:10:17 INFO     detected formats: [<InputFormat.PDF: 'pdf'>]
05:10:17 INFO     Going to convert document batch...
05:10:17 INFO     Processing document iti_doc_diretivo_assinado-1_tarjado.pdf
05:10:18 INFO     command: tesseract --psm 0 -l osd /tmp/tmp11g7bq9a.png stdout
05:10:18 INFO     command: tesseract -l por /tmp/tmp11g7bq9a.png stdout tsv
05:10:20 INFO     command: tesseract --psm 0 -l osd /tmp/tmpfblqn3xc.png stdout
05:10:22 INFO     command: tesseract -l por /tmp/tmpfblqn3xc.png stdout tsv
05:10:26 INFO     command: tesseract --psm 0 -l osd /tmp/tmpqt6o87zz.png stdout
05:10:27 INFO     command: tesseract -l por /tmp/tmpqt6o87zz.png stdout tsv
05:10:29 INFO     command: tesseract --psm 0 -l osd /tmp/tmplpsw43r3.png stdout
05:10:29 INFO     command: tesseract -l por /tmp/tmplpsw43r3.png stdout tsv
05:10:31 INFO     command: tesseract --psm 0 -l osd /tmp/tmpyj5yh345.png stdout
05:10:32 INFO     command: tesseract -l por /tmp/tmpyj5yh345.png stdout tsv
05:10:34 INFO     command: tesseract --psm 0 -l osd /tmp/tmpnjc06aru.png stdout
05:10:35 INFO     command: tesseract -l por /tmp/tmpnjc06aru.png stdout tsv
05:10:49 INFO     command: tesseract --psm 0 -l osd /tmp/tmpk16j1yfd.png stdout
05:10:50 INFO     command: tesseract -l por /tmp/tmpk16j1yfd.png stdout tsv
05:10:52 INFO     command: tesseract --psm 0 -l osd /tmp/tmpgjvvg9bt.png stdout
05:10:53 INFO     command: tesseract -l por /tmp/tmpgjvvg9bt.png stdout tsv
05:10:55 INFO     command: tesseract --psm 0 -l osd /tmp/tmp1mbcjspr.png stdout
05:10:56 INFO     command: tesseract -l por /tmp/tmp1mbcjspr.png stdout tsv
05:10:58 INFO     command: tesseract --psm 0 -l osd /tmp/tmp6lsw2j63.png stdout
05:10:59 INFO     command: tesseract -l por /tmp/tmp6lsw2j63.png stdout tsv
05:11:05 INFO     command: tesseract --psm 0 -l osd /tmp/tmpr6xybqit.png stdout
05:11:06 INFO     command: tesseract -l por /tmp/tmpr6xybqit.png stdout tsv
05:11:13 INFO     Finished converting document iti_doc_diretivo_assinado-1_tarjado.pdf in 56.32 sec.
05:11:13 INFO       pixel_budget (Docling) iti_doc_diretivo_assinado-1_tarjado.pdf: 8.0% (área tabelas/5516339 px²)
05:11:13 INFO     [13/15] ✓ ITI       :    6 entregas | 56.3s | ETA ~1min
05:11:13 INFO     [14/15] → sgpr_ptd_2025_2027_anexo_de_entregas_assinado-copia_tarjada.pdf
05:11:13 INFO     detected formats: [<InputFormat.PDF: 'pdf'>]
05:11:13 INFO     Going to convert document batch...
05:11:13 INFO     Processing document sgpr_ptd_2025_2027_anexo_de_entregas_assinado-copia_tarjada.pdf
05:11:14 INFO     command: tesseract --psm 0 -l osd /tmp/tmp_l5veiz1.png stdout
05:11:15 INFO     command: tesseract -l por /tmp/tmp_l5veiz1.png stdout tsv
05:11:18 INFO     command: tesseract --psm 0 -l osd /tmp/tmpjtg7ylzt.png stdout
05:11:19 INFO     command: tesseract -l por /tmp/tmpjtg7ylzt.png stdout tsv
05:11:32 INFO     Finished converting document sgpr_ptd_2025_2027_anexo_de_entregas_assinado-copia_tarjada.pdf in 18.81 sec.
05:11:32 INFO       pixel_budget (Docling) sgpr_ptd_2025_2027_anexo_de_entregas_assinado-copia_tarjada.pdf: 29.5% (área tabelas/1002424 px²)
05:11:32 INFO     [14/15] ✓ SGPR      :   15 entregas | 18.8s | ETA ~49s
05:11:32 INFO     [15/15] → sgpr_ptd_2026_2027_docdiretivo_assinado-copia_tarjada.pdf
05:11:32 INFO     detected formats: [<InputFormat.PDF: 'pdf'>]
05:11:32 INFO     Going to convert document batch...
05:11:32 INFO     Processing document sgpr_ptd_2026_2027_docdiretivo_assinado-copia_tarjada.pdf
05:11:52 INFO     Finished converting document sgpr_ptd_2026_2027_docdiretivo_assinado-copia_tarjada.pdf in 19.89 sec.
05:11:52 INFO       pixel_budget (Docling) sgpr_ptd_2026_2027_docdiretivo_assinado-copia_tarjada.pdf: 8.2% (área tabelas/5513330 px²)
05:11:52 WARNING  [15/15] ⚠ SGPR      :    0 entregas | 19.9s | ETA ~0s
05:11:52 INFO     255 registros | 7 órgãos
05:11:52 INFO     ╔══════════════════════════════════════════════════════════════╗
05:11:52 INFO     ║                  ENTREGAS — fase concluída                   ║
05:11:52 INFO     ║  Processados: 15    |  ✓ 11  ⚠ 4                             ║
05:11:52 INFO     ║  Duração: 11.7 min                                           ║
05:11:52 INFO     ║  255 registros | 7 órgãos                                    ║
05:11:52 INFO     ╚══════════════════════════════════════════════════════════════╝
05:11:52 INFO     [1/7] → agu_ptd_2025_2027_docdiretivo_assinado_assinado_assinado-copia_tarjada.pdf
05:11:52 INFO     detected formats: [<InputFormat.PDF: 'pdf'>]
05:11:52 INFO     Going to convert document batch...
05:11:52 INFO     Processing document agu_ptd_2025_2027_docdiretivo_assinado_assinado_assinado-copia_tarjada.pdf
05:11:52 INFO     command: tesseract --psm 0 -l osd /tmp/tmpkolz5d_n.png stdout
05:11:53 INFO     command: tesseract -l por /tmp/tmpkolz5d_n.png stdout tsv
05:11:55 INFO     command: tesseract --psm 0 -l osd /tmp/tmpcgj58b7x.png stdout
05:11:56 INFO     command: tesseract -l por /tmp/tmpcgj58b7x.png stdout tsv
05:12:01 INFO     command: tesseract --psm 0 -l osd /tmp/tmpgzpmzzel.png stdout
05:12:02 INFO     command: tesseract -l por /tmp/tmpgzpmzzel.png stdout tsv
05:12:04 INFO     command: tesseract --psm 0 -l osd /tmp/tmpnbtuxesz.png stdout
05:12:05 INFO     command: tesseract -l por /tmp/tmpnbtuxesz.png stdout tsv
05:12:07 INFO     command: tesseract --psm 0 -l osd /tmp/tmpolu7hniw.png stdout
05:12:08 INFO     command: tesseract -l por /tmp/tmpolu7hniw.png stdout tsv
05:12:10 INFO     command: tesseract --psm 0 -l osd /tmp/tmpmjueiqc4.png stdout
05:12:11 INFO     command: tesseract -l por /tmp/tmpmjueiqc4.png stdout tsv
05:12:22 INFO     command: tesseract --psm 0 -l osd /tmp/tmp5jzkok48.png stdout
05:12:23 INFO     command: tesseract -l por /tmp/tmp5jzkok48.png stdout tsv
05:12:25 INFO     command: tesseract --psm 0 -l osd /tmp/tmpwg52xbut.png stdout
05:12:26 INFO     command: tesseract -l por /tmp/tmpwg52xbut.png stdout tsv
05:12:28 INFO     command: tesseract --psm 0 -l osd /tmp/tmpg69whceb.png stdout
05:12:29 INFO     command: tesseract -l por /tmp/tmpg69whceb.png stdout tsv
05:12:31 INFO     command: tesseract --psm 0 -l osd /tmp/tmps08pdu93.png stdout
05:12:33 INFO     command: tesseract -l por /tmp/tmps08pdu93.png stdout tsv
05:12:48 INFO     command: tesseract --psm 0 -l osd /tmp/tmp24ofszm6.png stdout
05:12:48 INFO     command: tesseract -l por /tmp/tmp24ofszm6.png stdout tsv
05:12:52 INFO     Finished converting document agu_ptd_2025_2027_docdiretivo_assinado_assinado_assinado-copia_tarjada.pdf in 60.04 sec.
05:12:52 INFO     [1/7] ✓ AGU       :   7 riscos | 60.0s | ETA ~6min
05:12:52 INFO     [2/7] → documento-diretivo-mcom-_-ptd-25_27-copia_tarjada.pdf
05:12:52 INFO     detected formats: [<InputFormat.PDF: 'pdf'>]
05:12:52 INFO     Going to convert document batch...
05:12:52 INFO     Processing document documento-diretivo-mcom-_-ptd-25_27-copia_tarjada.pdf
05:12:52 INFO     command: tesseract --psm 0 -l osd /tmp/tmpvpklvhov.png stdout
05:12:53 INFO     command: tesseract -l por /tmp/tmpvpklvhov.png stdout tsv
05:12:55 INFO     command: tesseract --psm 0 -l osd /tmp/tmpbvwvyhnh.png stdout
05:12:57 INFO     command: tesseract -l por /tmp/tmpbvwvyhnh.png stdout tsv
05:13:03 INFO     command: tesseract --psm 0 -l osd /tmp/tmp_erc7qi8.png stdout
05:13:04 INFO     command: tesseract -l por /tmp/tmp_erc7qi8.png stdout tsv
05:13:05 INFO     command: tesseract --psm 0 -l osd /tmp/tmpnw8kirga.png stdout
05:13:06 INFO     command: tesseract -l por /tmp/tmpnw8kirga.png stdout tsv
05:13:08 INFO     command: tesseract --psm 0 -l osd /tmp/tmpi7uf5tho.png stdout
05:13:09 INFO     command: tesseract -l por /tmp/tmpi7uf5tho.png stdout tsv
05:13:11 INFO     command: tesseract --psm 0 -l osd /tmp/tmphvrfwh89.png stdout
05:13:13 INFO     command: tesseract -l por /tmp/tmphvrfwh89.png stdout tsv
05:13:31 INFO     command: tesseract --psm 0 -l osd /tmp/tmpiv63q5dm.png stdout
05:13:31 INFO     command: tesseract -l por /tmp/tmpiv63q5dm.png stdout tsv
05:13:33 INFO     command: tesseract --psm 0 -l osd /tmp/tmpx7ob4j_r.png stdout
05:13:34 INFO     command: tesseract -l por /tmp/tmpx7ob4j_r.png stdout tsv
05:13:36 INFO     command: tesseract --psm 0 -l osd /tmp/tmp469rh1un.png stdout
05:13:37 INFO     command: tesseract -l por /tmp/tmp469rh1un.png stdout tsv
05:13:39 INFO     command: tesseract --psm 0 -l osd /tmp/tmprikba0un.png stdout
05:13:40 INFO     command: tesseract -l por /tmp/tmprikba0un.png stdout tsv
05:13:47 INFO     command: tesseract --psm 0 -l osd /tmp/tmphv10z14o.png stdout
05:13:48 INFO     command: tesseract -l por /tmp/tmphv10z14o.png stdout tsv
05:13:52 INFO     command: tesseract --psm 0 -l osd /tmp/tmpz1vpff7g.png stdout
05:13:53 INFO     command: tesseract -l por /tmp/tmpz1vpff7g.png stdout tsv
05:13:55 INFO     command: tesseract --psm 0 -l osd /tmp/tmpfdtp_160.png stdout
05:13:56 INFO     command: tesseract -l por /tmp/tmpfdtp_160.png stdout tsv
05:13:58 INFO     command: tesseract --psm 0 -l osd /tmp/tmprc7l6cb4.png stdout
05:13:58 INFO     command: tesseract -l por /tmp/tmprc7l6cb4.png stdout tsv
05:14:04 INFO     Finished converting document documento-diretivo-mcom-_-ptd-25_27-copia_tarjada.pdf in 72.58 sec.
05:14:04 INFO     [2/7] ✓ MCOM      :  14 riscos | 72.6s | ETA ~5min
05:14:04 INFO     [3/7] → fiocruz_novo-ptd_2-1_docdiretivo_repactuacao_2024-2026_assinado_assinado-copia_tarjada.pdf
05:14:04 INFO     detected formats: [<InputFormat.PDF: 'pdf'>]
05:14:04 INFO     Going to convert document batch...
05:14:04 INFO     Processing document fiocruz_novo-ptd_2-1_docdiretivo_repactuacao_2024-2026_assinado_assinado-copia_tarjada.pdf
05:14:22 INFO     Finished converting document fiocruz_novo-ptd_2-1_docdiretivo_repactuacao_2024-2026_assinado_assinado-copia_tarjada.pdf in 17.73 sec.
05:14:22 INFO     [3/7] ✓ FIOCRUZ   :   6 riscos | 17.7s | ETA ~3min
05:14:22 INFO     [4/7] → funai_ptd_2025_2027_docdiretivo_assinado-1_tarjado.pdf
05:14:22 INFO     detected formats: [<InputFormat.PDF: 'pdf'>]
05:14:22 INFO     Going to convert document batch...
05:14:22 INFO     Processing document funai_ptd_2025_2027_docdiretivo_assinado-1_tarjado.pdf
05:14:23 INFO     command: tesseract --psm 0 -l osd /tmp/tmpyjdrvyi7.png stdout
05:14:24 INFO     command: tesseract -l por /tmp/tmpyjdrvyi7.png stdout tsv
05:14:25 INFO     command: tesseract --psm 0 -l osd /tmp/tmp_6w6qjs2.png stdout
05:14:27 INFO     command: tesseract -l por /tmp/tmp_6w6qjs2.png stdout tsv
05:14:29 INFO     command: tesseract --psm 0 -l osd /tmp/tmpfq_5fd2k.png stdout
05:14:29 INFO     command: tesseract -l por /tmp/tmpfq_5fd2k.png stdout tsv
05:14:31 INFO     command: tesseract --psm 0 -l osd /tmp/tmp_06_23x5.png stdout
05:14:32 INFO     command: tesseract -l por /tmp/tmp_06_23x5.png stdout tsv
05:14:34 INFO     command: tesseract --psm 0 -l osd /tmp/tmp4gaw35c8.png stdout
05:14:35 INFO     command: tesseract -l por /tmp/tmp4gaw35c8.png stdout tsv
05:14:37 INFO     command: tesseract --psm 0 -l osd /tmp/tmpenu2fmux.png stdout
05:14:38 INFO     command: tesseract -l por /tmp/tmpenu2fmux.png stdout tsv
05:14:49 INFO     command: tesseract --psm 0 -l osd /tmp/tmph15pjcgv.png stdout
05:14:50 INFO     command: tesseract -l por /tmp/tmph15pjcgv.png stdout tsv
05:14:51 INFO     command: tesseract --psm 0 -l osd /tmp/tmpwbmbaocp.png stdout
05:14:52 INFO     command: tesseract -l por /tmp/tmpwbmbaocp.png stdout tsv
05:14:53 INFO     command: tesseract --psm 0 -l osd /tmp/tmpl2vggqho.png stdout
05:14:54 INFO     command: tesseract -l por /tmp/tmpl2vggqho.png stdout tsv
05:14:56 INFO     command: tesseract --psm 0 -l osd /tmp/tmpx9m0bk8h.png stdout
05:14:57 INFO     command: tesseract -l por /tmp/tmpx9m0bk8h.png stdout tsv
05:15:13 INFO     command: tesseract --psm 0 -l osd /tmp/tmpqxrszg7w.png stdout
05:15:14 INFO     command: tesseract -l por /tmp/tmpqxrszg7w.png stdout tsv
05:15:19 INFO     command: tesseract --psm 0 -l osd /tmp/tmpuqdou0gk.png stdout
05:15:19 INFO     command: tesseract -l por /tmp/tmpuqdou0gk.png stdout tsv
05:15:21 INFO     command: tesseract --psm 0 -l osd /tmp/tmp9uugx_yh.png stdout
05:15:22 INFO     command: tesseract -l por /tmp/tmp9uugx_yh.png stdout tsv
05:15:28 INFO     Finished converting document funai_ptd_2025_2027_docdiretivo_assinado-1_tarjado.pdf in 66.25 sec.
05:15:28 INFO     [4/7] ✓ FUNAI     :  15 riscos | 66.3s | ETA ~2min
05:15:28 INFO     [5/7] → incra_ptd_docdiretivo__assinado-1_assinado_assinado-copia_tarjada.pdf
05:15:28 INFO     detected formats: [<InputFormat.PDF: 'pdf'>]
05:15:28 INFO     Going to convert document batch...
05:15:28 INFO     Processing document incra_ptd_docdiretivo__assinado-1_assinado_assinado-copia_tarjada.pdf
05:15:30 INFO     command: tesseract --psm 0 -l osd /tmp/tmpjlrju44f.png stdout
05:15:30 INFO     command: tesseract -l por /tmp/tmpjlrju44f.png stdout tsv
05:15:32 INFO     command: tesseract --psm 0 -l osd /tmp/tmp85cemyfz.png stdout
05:15:34 INFO     command: tesseract -l por /tmp/tmp85cemyfz.png stdout tsv
05:15:40 INFO     command: tesseract --psm 0 -l osd /tmp/tmp_xdfqnxb.png stdout
05:15:40 INFO     command: tesseract -l por /tmp/tmp_xdfqnxb.png stdout tsv
05:15:42 INFO     command: tesseract --psm 0 -l osd /tmp/tmpbgvhe5jy.png stdout
05:15:43 INFO     command: tesseract -l por /tmp/tmpbgvhe5jy.png stdout tsv
05:15:45 INFO     command: tesseract --psm 0 -l osd /tmp/tmpaewae16f.png stdout
05:15:46 INFO     command: tesseract -l por /tmp/tmpaewae16f.png stdout tsv
05:15:48 INFO     command: tesseract --psm 0 -l osd /tmp/tmpbums3_5a.png stdout
05:15:49 INFO     command: tesseract -l por /tmp/tmpbums3_5a.png stdout tsv
05:16:05 INFO     command: tesseract --psm 0 -l osd /tmp/tmpdh_2kw2d.png stdout
05:16:06 INFO     command: tesseract -l por /tmp/tmpdh_2kw2d.png stdout tsv
05:16:08 INFO     command: tesseract --psm 0 -l osd /tmp/tmpbtd4_i53.png stdout
05:16:08 INFO     command: tesseract -l por /tmp/tmpbtd4_i53.png stdout tsv
05:16:10 INFO     command: tesseract --psm 0 -l osd /tmp/tmpuk89zh1r.png stdout
05:16:11 INFO     command: tesseract -l por /tmp/tmpuk89zh1r.png stdout tsv
05:16:13 INFO     command: tesseract --psm 0 -l osd /tmp/tmpdkxzyqy4.png stdout
05:16:14 INFO     command: tesseract -l por /tmp/tmpdkxzyqy4.png stdout tsv
05:16:20 INFO     command: tesseract --psm 0 -l osd /tmp/tmpigv9f_la.png stdout
05:16:21 INFO     command: tesseract -l por /tmp/tmpigv9f_la.png stdout tsv
05:16:33 INFO     command: tesseract --psm 0 -l osd /tmp/tmpr6_5_b0b.png stdout
05:16:33 INFO     command: tesseract -l por /tmp/tmpr6_5_b0b.png stdout tsv
05:16:35 INFO     command: tesseract --psm 0 -l osd /tmp/tmpghzvw8mn.png stdout
05:16:36 INFO     command: tesseract -l por /tmp/tmpghzvw8mn.png stdout tsv
05:16:44 INFO     Finished converting document incra_ptd_docdiretivo__assinado-1_assinado_assinado-copia_tarjada.pdf in 75.24 sec.
05:16:44 INFO     [5/7] ✓ INCRA     :  15 riscos | 75.3s | ETA ~1min
05:16:44 INFO     [6/7] → iti_doc_diretivo_assinado-1_tarjado.pdf
05:16:44 INFO     detected formats: [<InputFormat.PDF: 'pdf'>]
05:16:44 INFO     Going to convert document batch...
05:16:44 INFO     Processing document iti_doc_diretivo_assinado-1_tarjado.pdf
05:16:44 INFO     command: tesseract --psm 0 -l osd /tmp/tmpjmehusgd.png stdout
05:16:45 INFO     command: tesseract -l por /tmp/tmpjmehusgd.png stdout tsv
05:16:47 INFO     command: tesseract --psm 0 -l osd /tmp/tmp9c3ngzgz.png stdout
05:16:48 INFO     command: tesseract -l por /tmp/tmp9c3ngzgz.png stdout tsv
05:16:52 INFO     command: tesseract --psm 0 -l osd /tmp/tmp_8g5do_3.png stdout
05:16:53 INFO     command: tesseract -l por /tmp/tmp_8g5do_3.png stdout tsv
05:16:55 INFO     command: tesseract --psm 0 -l osd /tmp/tmp_igqf2lx.png stdout
05:16:55 INFO     command: tesseract -l por /tmp/tmp_igqf2lx.png stdout tsv
05:16:57 INFO     command: tesseract --psm 0 -l osd /tmp/tmp163v8d1k.png stdout
05:16:58 INFO     command: tesseract -l por /tmp/tmp163v8d1k.png stdout tsv
05:17:00 INFO     command: tesseract --psm 0 -l osd /tmp/tmpeuc0ifbq.png stdout
05:17:01 INFO     command: tesseract -l por /tmp/tmpeuc0ifbq.png stdout tsv
05:17:18 INFO     command: tesseract --psm 0 -l osd /tmp/tmp50_g9969.png stdout
05:17:19 INFO     command: tesseract -l por /tmp/tmp50_g9969.png stdout tsv
05:17:21 INFO     command: tesseract --psm 0 -l osd /tmp/tmpuw1s6qqc.png stdout
05:17:22 INFO     command: tesseract -l por /tmp/tmpuw1s6qqc.png stdout tsv
05:17:24 INFO     command: tesseract --psm 0 -l osd /tmp/tmp2zy1ocb9.png stdout
05:17:25 INFO     command: tesseract -l por /tmp/tmp2zy1ocb9.png stdout tsv
05:17:27 INFO     command: tesseract --psm 0 -l osd /tmp/tmpz82rb3n0.png stdout
05:17:28 INFO     command: tesseract -l por /tmp/tmpz82rb3n0.png stdout tsv
05:17:43 INFO     command: tesseract --psm 0 -l osd /tmp/tmp05d8y8wb.png stdout
05:17:43 INFO     command: tesseract -l por /tmp/tmp05d8y8wb.png stdout tsv
05:17:47 INFO     Finished converting document iti_doc_diretivo_assinado-1_tarjado.pdf in 63.16 sec.
05:17:47 INFO     [6/7] ✓ ITI       :  14 riscos | 63.2s | ETA ~59s
05:17:47 INFO     [7/7] → sgpr_ptd_2026_2027_docdiretivo_assinado-copia_tarjada.pdf
05:17:47 INFO     detected formats: [<InputFormat.PDF: 'pdf'>]
05:17:47 INFO     Going to convert document batch...
05:17:47 INFO     Processing document sgpr_ptd_2026_2027_docdiretivo_assinado-copia_tarjada.pdf
05:18:07 INFO     Finished converting document sgpr_ptd_2026_2027_docdiretivo_assinado-copia_tarjada.pdf in 20.04 sec.
05:18:07 INFO     [7/7] ✓ SGPR      :  10 riscos | 20.0s | ETA ~0s
05:18:07 INFO     ╔══════════════════════════════════════════════════════════════╗
05:18:07 INFO     ║                   RISCOS — fase concluída                    ║
05:18:07 INFO     ║  Processados: 7     |  ✓ 7  ⚠ 0                              ║
05:18:07 INFO     ║  Duração: 6.3 min                                            ║
05:18:07 INFO     ║  81 riscos | 7 órgãos                                        ║
05:18:07 INFO     ╚══════════════════════════════════════════════════════════════╝
05:18:07 INFO     81 riscos | 0 ações | 135 relações
05:18:07 INFO     ptd_corpus_raw                     : 255 linhas
05:18:07 INFO     ptd_pivot_eixos                    : 7 linhas
05:18:10 INFO     ptd_datas_assinatura               : 132 linhas
05:18:10 INFO     ptd_riscos                         : 81 linhas
05:18:10 INFO     ptd_riscos_acoes                   : 135 linhas
05:18:10 INFO     Manifesto salvo: pipeline_manifest.json | SHA-256 de 132 PDFs
05:18:10 INFO     ==================================================
05:18:10 INFO     PTD-BR v3.0-melhorado — PIPELINE CONCLUÍDO
05:18:10 INFO     ==================================================
05:18:10 INFO     ptd_corpus_raw.csv                        155 KB
05:18:10 INFO     ptd_pivot_eixos.csv                         0 KB
05:18:10 INFO     ptd_datas_assinatura.csv                    9 KB
05:18:10 INFO     ptd_riscos.csv                             23 KB
05:18:10 INFO     ptd_riscos_acoes.csv                        2 KB
05:18:10 INFO     proveniencia.json                           0 KB
05:18:10 INFO     pipeline_manifest.json                     20 KB
05:18:10 INFO     📦 Artefatos: https://github.com/freirelucas/teste/actions/runs/23971659415
05:18:10 INFO     ==================================================
