11:31:52 INFO     Docling disponível
11:31:52 WARNING  OCR fallback indisponível (IndentationError: unexpected indent (ptd_ocr_fallback.py, line 45))
11:31:53 INFO     Ignorado (guia/template/norma): ABNT-NBR-17225-Acessibilidade-Digital.pdf
11:31:53 INFO     Ignorado (guia/template/norma): cgrep-guia10passos-ptd-orgao.pdf
11:31:53 INFO     Ignorado (guia/template/norma): ABNT-NBR-17225-Acessibilidade-Digital.pdf
11:31:53 INFO     Scraping: 132 PDFs únicos | entregas: 68 | diretivos: 61
11:31:53 INFO     Baixando 132 PDFs únicos...
11:31:55 INFO     ✓ [  1/132] abin_ptd_anexo_de_entregas_assinado_pelo_orgao_ass   293.3KB
11:31:58 INFO     ✓ [  2/132] aeb_ptd_2025_2027_docdiretivo_aprovado_assinado-1_  1033.7KB
11:32:01 INFO     ✓ [  3/132] aeb_ptd_2025_2027_anexo_de_entregas_aprovado_assin   154.5KB
11:32:06 INFO     ✓ [  4/132] agu_ptd_2025_2027_docdiretivo_assinado_assinado_as  2860.3KB
11:32:08 INFO     ✓ [  5/132] agu_ptd_2025_2027_anexo_de_entregas_assinado_assin   525.5KB
11:32:11 INFO     ✓ [  6/132] ana_ptd_2025_2027_docdiretivo_assinado_assinado_as   477.2KB
11:32:13 INFO     ✓ [  7/132] ana_ptd_2025_2027_anexoentregas_assinado_assinado_   170.9KB
11:32:16 INFO     ✓ [  8/132] anac_ptd_2025_2026_docdiretivo_se_assinado_tarjado  1036.3KB
11:32:19 INFO     ✓ [  9/132] anac_ptd_2025_2026_anexo_de_entregas_se_assinado.p   215.2KB
11:32:22 INFO     ✓ [ 10/132] anatel_ptd_docdiretivo_assinado_2025_2026_assinado  1006.0KB
11:32:24 INFO     ✓ [ 11/132] anatel_ptd_2025_2026_anexo_de_entregas_do_ptd_publ    71.9KB
11:32:27 INFO     ✓ [ 12/132] ancine_ptd_2024_2026_docdiretivo_assinado-2_assina   961.8KB
11:32:30 INFO     ✓ [ 13/132] ancine_ptd_2024_2026_-_anexo_de_entregas_aprovado_   613.2KB
11:32:33 INFO     ✓ [ 14/132] ptd_aneel_2025-2027_docdiretivo_assinado_tarjado.p   779.6KB
11:32:35 INFO     ✓ [ 15/132] ptd_aneel_2025-2027_anexo_de_entregas_assinado.pdf   111.9KB
11:32:38 INFO     ✓ [ 16/132] anm_ptd_2025_2027_docdiretivo_assinadopeloorgao_ta  1092.5KB
11:32:41 INFO     ✓ [ 17/132] anm_ptd_2025_2027_anexo_entregas_assinadopeloorgao  1140.4KB
11:32:45 INFO     ✓ [ 18/132] anpd_ptd_2025_2027_docdiretivo_assinado_assinado_a  1044.3KB
11:32:47 INFO     ✓ [ 19/132] anpd_ptd_2025_2027_anexo_de_entregas_assinado_assi   166.5KB
11:32:50 INFO     ✓ [ 20/132] ans-plano_de_transformacao_digital_assinado-copia_  1023.4KB
11:32:52 INFO     ✓ [ 21/132] ans_ptd_2025_2026_anexo_de_entregas_assinado_assin   124.1KB
11:32:55 INFO     ✓ [ 22/132] antaq_ptd_2025_2027_docdiretivo_assinado_assinado_  1039.8KB
11:32:57 INFO     ✓ [ 23/132] antaq_ptd_2025_2027_anexoentregas_assinado_assinad   145.1KB
11:33:00 INFO     ✓ [ 24/132] mt_anexo_de_entregas_-_assinado_assinado_assinado_   143.6KB
11:33:08 INFO     ✓ [ 25/132] anvisa_ptd_docdiretivo_2025-2026_assinado_assinado  5771.2KB
11:33:10 INFO     ✓ [ 26/132] anvisa_ptd_anexo_de_entregas_2025_2026_assinado_as   239.0KB
11:33:13 INFO     ✓ [ 27/132] bcb_documento_diretivo_assinado_assinado_assinado-   713.7KB
11:33:15 INFO     ✓ [ 28/132] bcb_anexo_de_entregas_ptd_25_26-1_assinado_assinad   134.8KB
11:33:18 INFO     ✓ [ 29/132] cade_ptd_docdiretivo_2025_2026_assinado-2_assinado   810.4KB
11:33:21 INFO     ✓ [ 30/132] cade_ptd_anexo_de_entregas_2025_2026_assinado_copi   504.0KB
11:33:24 INFO     ✓ [ 31/132] mec_ptd_docdiretivo_2025-2026_sei_mec-5566673_copi   863.1KB
11:33:27 INFO     ✓ [ 32/132] mec_ptd_anexo-de-entregas_sei_mec-5576401_copia_ta   495.7KB
11:33:31 INFO     ✓ [ 33/132] mec_ptd_docdiretivo-versao-comunicacao_copia_tarja  1616.5KB
11:33:33 INFO     ✓ [ 34/132] md_ptd_2026_2027_anexo_de_entregas_assinado_assina   579.4KB
11:33:36 INFO     ✓ [ 35/132] md_ptd_2026_2027_anexo_de_entregas_assinado_assina   186.8KB
11:33:39 INFO     ✓ [ 36/132] md_ptd_temp_copia_tarjada.pdf                        741.9KB
11:33:42 INFO     ✓ [ 37/132] cgu_ptd_docdiretivo_assinado_assinado_assinado-cop  1085.4KB
11:33:44 INFO     ✓ [ 38/132] cgu_ptd_anexo_de_entregas_pactuadas_assinado_assin   514.1KB
11:33:47 INFO     ✓ [ 39/132] cnpq_ptd_2025_2027_docdiretivo_assinado_assinado_a   342.9KB
11:33:49 INFO     ✓ [ 40/132] cnpq_ptd_2025_2027_anexo_de_entregas_assinado_assi   136.1KB
11:33:52 INFO     ✓ [ 41/132] coaf_ptd_2025_2026_documento_diretivo_assinado_ass  1068.0KB
11:33:58 INFO     ✓ [ 42/132] coaf_ptd_2025_2026_anexo_de_entregas-2_assinado_as  3184.5KB
11:34:04 INFO     ✓ [ 43/132] ptd_midr-docdiretivo_aprovado_assinado_tarjado.pdf  3864.1KB
11:34:07 INFO     ✓ [ 44/132] ptd_midr_-_anexo_de_entregas_-_aprovado_assinado.p  1122.0KB
11:34:10 INFO     ✓ [ 45/132] mda-documento-diretivo-assinado_ptd-2025-207-copia   955.8KB
11:34:13 INFO     ✓ [ 46/132] cvm_ptd_2025_2027_docdiretivo_assinado_assinado_as   270.5KB
11:34:15 INFO     ✓ [ 47/132] cvm_ptd_2025_2027_anexoentregas_assinado_assinado_   409.0KB
11:34:18 INFO     ✓ [ 48/132] dnocs_ptd_doc_diretivo_2025_2026_assinado_orgao-2_   891.1KB
11:34:21 INFO     ✓ [ 49/132] dnocs_anexo_de_entregas_repactuado_2025_2026_assin   272.3KB
11:34:26 INFO     ✓ [ 50/132] fbn_ptd_2025_2027_docdiretivo_assinado-1_tarjado.p  2921.6KB
11:34:28 INFO     ✓ [ 51/132] fbn_ptd_2025_2027_anexo_de_entregas_assinado-1.pdf   162.3KB
11:34:32 INFO     ✓ [ 52/132] fcp_ptd_2025_2027_docdiretivo_assinado-1_tarjado.p  1612.0KB
11:34:34 INFO     ✓ [ 53/132] fcp_ptd_2025_2027_anexo_de_entregas_assinado-1.pdf   118.8KB
11:34:37 INFO     ✓ [ 54/132] fcrb_ptd_2025_2026_docdiretivo_aprovado_assinado-1   998.2KB
11:34:39 INFO     ✓ [ 55/132] fcrb_ptd_2025_2026_anexo_de_entregas_aprovado_assi   313.5KB
11:34:43 INFO     ✓ [ 56/132] fiocruz_novo-ptd_2-1_docdiretivo_repactuacao_2024-  1318.1KB
11:34:45 INFO     ✓ [ 57/132] fiocruz_ptd_anexo_de_entregas_assinado_v1_assinado   257.1KB
11:34:49 INFO     ✓ [ 58/132] fiocruz-ptd-06_2024-copia_tarjada.pdf               1693.8KB
11:34:53 INFO     ✓ [ 59/132] funai_ptd_2025_2027_docdiretivo_assinado-1_tarjado  1842.1KB
11:34:56 INFO     ✓ [ 60/132] funai_anexo_de_entregas_repactuado_2026_2027_assin   435.7KB
11:34:59 INFO     ✓ [ 61/132] funarte_ptd_docdiretivo_assinado_21_01_2025_assina   965.7KB
11:35:02 INFO     ✓ [ 62/132] funarte_ptd_anexo_de_entregas_assinado_v1_assinado   683.6KB
11:35:05 INFO     ✓ [ 63/132] fundacentro_ptd_2025_2027_docdiretivo_assinado_ass   826.6KB
11:35:07 INFO     ✓ [ 64/132] fundacentro_ptd_2025_2027_anexo_de_entregas_assina   635.5KB
11:35:11 INFO     ✓ [ 65/132] mma_ptd_docdiretivo_assinado_2025_2026-1_assinado_   949.3KB
11:35:13 INFO     ✓ [ 66/132] mma_ptd_anexo_de_entregas_aprovado_final_assinado_   174.8KB
11:35:16 INFO     ✓ [ 67/132] ibge_docdiretivo_2025_assinado_assinado_assinado-c  1167.3KB
11:35:18 INFO     ✓ [ 68/132] ibge_ptd_25_26_anexo_de_entregas_modelo_v2-1_assin   143.7KB
11:35:28 INFO     ✓ [ 69/132] incra_ptd_docdiretivo__assinado-1_assinado_assinad  7182.0KB
11:35:32 INFO     ✓ [ 70/132] incra_anexo_de_entregas_assinado-1_assinado_assina  1818.6KB
11:35:37 INFO     ✓ [ 71/132] inpi_ptd_docdiretivo_assinado_2025_2026_assinado_a  3322.4KB
11:35:43 INFO     ✓ [ 72/132] inpi_ptd_anexo_de_entregas_assinado_v1_assinado_as  3078.1KB
11:35:46 INFO     ✓ [ 73/132] inss_ptd_2025_2027_docdiretivo-assinado-copia_tarj  1173.3KB
11:35:48 INFO     ✓ [ 74/132] inss_ptd_2025_2027_anexo_de_entregas-assinado-copi   110.8KB
11:35:51 INFO     ✓ [ 75/132] iphan_ptd_docdiretivo_assinado_2025_2026_assinado_   885.7KB
11:35:53 INFO     ✓ [ 76/132] iphan_ptd_anexo_de_entregas_assinado_v1_assinado_a   310.9KB
11:36:01 INFO     ✓ [ 77/132] iti_doc_diretivo_assinado-1_tarjado.pdf             4905.1KB
11:36:03 INFO     ✓ [ 78/132] iti_anexo_de_entregas_assinado.pdf                   556.4KB
11:36:07 INFO     ✓ [ 79/132] mapa_ptd_2025_2027_docdiretivo_assinado-1_tarjado.  1740.9KB
11:36:09 INFO     ✓ [ 80/132] mapa_ptd_2025_2027_anexo_de_entregas_assinado-1.pd   261.9KB
11:36:16 INFO     ✓ [ 81/132] documento-diretivo-mcom-_-ptd-25_27-copia_tarjada.  4451.9KB
11:36:20 INFO     ✓ [ 82/132] anexo-de-entregas-mcom_ptd-25_27-copia_tarjada.pdf  1213.8KB
11:36:25 INFO     ✓ [ 83/132] ptd_21_24_mcom-copia_tarjada.pdf                    3040.7KB
11:36:28 INFO     ✓ [ 84/132] mcti_ptd_2025-2027_docdiretivo_assinado-copia_tarj  1030.7KB
11:36:30 INFO     ✓ [ 85/132] mcti_ptd_2025-2027_anexo-de-entregas_assinado-copi   145.8KB
11:36:33 INFO     ✓ [ 86/132] mda-anexo-entregas-assinado_ptd-2025-2027-copia-ta   284.6KB
11:36:36 INFO     ✓ [ 87/132] mdhc_ptd_2025_2027_docdiretivo_assinado_assinado_a   753.4KB
11:36:38 INFO     ✓ [ 88/132] mdhc_ptd_2025_2027_anexoentregas_assinado_assinado   186.8KB
11:36:40 INFO     ✓ [ 89/132] mdic_ptd_anexo_de_entregas_assinado_v1_assinado_as   176.6KB
11:36:43 INFO     ✓ [ 90/132] memp_ptd_2025_2026_docdiretivo_assinado_assinado_a  1030.1KB
11:36:45 INFO     ✓ [ 91/132] memp_ptd_2025_2026_anexo_de_entregas_assinado_assi   161.5KB
11:36:49 INFO     ✓ [ 92/132] mesp_ptd_2025_2027_docdiretivo_assinado_assinado_2  1147.7KB
11:36:51 INFO     ✓ [ 93/132] mesp_ptd_2025_2027_anexo_de_entregas_assinado_assi   226.6KB
11:36:54 INFO     ✓ [ 94/132] mf_ptd_2026_2027_documentodiretivo_assinado_assina   955.1KB
11:36:57 INFO     ✓ [ 95/132] mf_ptd_2026_2027_anexo_de_entregas_1_mf_se_assinad   241.2KB
11:36:59 INFO     ✓ [ 96/132] mgi_ptd_2025_2027_docdiretivo_assinado_assinado_as   375.2KB
11:37:02 INFO     ✓ [ 97/132] mgi_ptd_2025_2027_anexo_de_entregas_assinado_assin   256.1KB
11:37:05 INFO     ✓ [ 98/132] minc_ptd_2025_2027_docdiretivo_assinado-1_assinado   863.6KB
11:37:07 INFO     ✓ [ 99/132] minc_ptd_2025_2027_anexo_de_entregas_assinado-1_as   276.7KB
11:37:11 INFO     ✓ [100/132] mjsp_ptd_docdiretivo_assinado_2025_2026_assinado_a   954.0KB
11:37:13 INFO     ✓ [101/132] mjsp_ptd_anexo_de_entregas_assinado_v1_assinado_as   253.9KB
11:37:16 INFO     ✓ [102/132] mme_ptd_2025_2027_docdiretivo_assinado-copia_tarja   664.5KB
11:37:18 INFO     ✓ [103/132] mme_ptd_2025_2027_anexo_de_entregas_assinado__1_-c   111.1KB
11:37:21 INFO     ✓ [104/132] mmulheres_ptd_2025_2027_docdiretivo_assinado_assin  1078.3KB
11:37:24 INFO     ✓ [105/132] mmulheres_ptd_2025_2027_anexo_de_entregas_assinado   216.9KB
11:37:27 INFO     ✓ [106/132] mpi_ptd_2025_2027_docdiretivo_ministerio_dos_povos   947.9KB
11:37:29 INFO     ✓ [107/132] mpi_ptd_anexo_de_entregas_do_plano_de_tranformacao   191.9KB
11:37:32 INFO     ✓ [108/132] mpo_ptd_docdiretivo_assinado_2025_2026_assinado_as   806.3KB
11:37:35 INFO     ✓ [109/132] mpo_ptd_anexo_de_entregas_assinado_v1_assinado_ass   323.2KB
11:37:38 INFO     ✓ [110/132] mpor_ptd_2025_2027_docdiretivo_assinado_assinado_a   876.5KB
11:37:40 INFO     ✓ [111/132] mpor_ptd_2025_2027_anexo_de_entregas_assinado_assi   175.1KB
11:37:43 INFO     ✓ [112/132] mps_ptd_2025-2026_docdiretivo_final_assinado-1_ass  1024.4KB
11:37:46 INFO     ✓ [113/132] mps_ptd_2025-2026_anexo_de_entregas_final_assinado   165.0KB
11:37:49 INFO     ✓ [114/132] mre_ptd_docdiretivo_assinado_2025_2026_assinado_as   760.9KB
11:37:51 INFO     ✓ [115/132] mre_ptd_anexo_de_entregas_assinado_v1_assinado_ass   233.2KB
11:37:54 INFO     ✓ [116/132] mte_ptd_2025_2026_docdiretivo_assinado_assinado_as   729.6KB
11:37:56 INFO     ✓ [117/132] mte_ptd_anexo_de_entregas_assinado_v1__281_29_assi   459.5KB
11:38:00 INFO     ✓ [118/132] mtur_ptd_docdiretiv_assinado_30_01_2025_assinado_a  1050.4KB
11:38:02 INFO     ✓ [119/132] mtur_ptd_anexo_de_entregas_assinado_30_01_2025_ass   118.8KB
11:38:05 INFO     ✓ [120/132] pf_ptd_docdiretivo_2025_2027_assinado-copia_tarjad   964.3KB
11:38:07 INFO     ✓ [121/132] pf_ptd_anexo_de_entregas_2025_2027_assinado-copia_    62.5KB
11:38:09 INFO     ✓ [122/132] mf_ptd_2026_2027_anexo_de_entregas_4_mf_pgfn_assin   466.8KB
11:38:18 INFO     ✓ [123/132] previc_plano_de_transformacao_digital_2025_2026_29  6652.7KB
11:38:21 INFO     ✓ [124/132] previc_ptd_repactuacao_2025-2026_assinado_assinado   182.9KB
11:38:23 INFO     ✓ [125/132] prf_documentodiretivo_ptd_2026-2027_assinado_tarja   535.9KB
11:38:25 INFO     ✓ [126/132] prf_anexo_de_entregas_do_ptd__2026_2027___ptd___en   157.7KB
11:38:28 INFO     ✓ [127/132] mf_ptd_2026_2027_anexo_de_entregas_2_mf_rfb_assina   253.7KB
11:38:31 INFO     ✓ [128/132] sgpr_ptd_2026_2027_docdiretivo_assinado-copia_tarj   791.2KB
11:38:34 INFO     ✓ [129/132] sgpr_ptd_2025_2027_anexo_de_entregas_assinado-copi   897.9KB
11:38:36 INFO     ✓ [130/132] mf_ptd_2026_2027_anexo_de_entregas_3_mf_stn_assina   467.8KB
11:38:39 INFO     ✓ [131/132] susep_ptd_2025_2027_docdiretivo-assinado-copia_tar  1030.1KB
11:38:42 INFO     ✓ [132/132] susep_ptd_2025-2026_anexo_de_entregas_final_assina   221.9KB
11:38:43 INFO     132 OK | 0 erros | 123.3 MB total
11:38:49 INFO     Sanity: 132 PDFs | 113 texto | 19 imagem/OCR | 0 duplicatas
11:38:49 INFO     --siglas (debug): 15 PDFs de ['AGU', 'FIOCRUZ', 'FUNAI', 'FUNDACENTRO', 'INCRA', 'ITI', 'MCOM', 'SGPR']
11:38:49 INFO     DocumentConverter instanciado (singleton × 2: plain + OCR)
11:38:49 INFO     [1/15] → agu_ptd_2025_2027_anexo_de_entregas_assinado_assinado_assinado-copia_tarjada.pdf
11:38:49 INFO     detected formats: [<InputFormat.PDF: 'pdf'>]
11:38:49 INFO     Going to convert document batch...
11:38:49 INFO     Initializing pipeline for StandardPdfPipeline with options hash bc6794697da537796efc497178f9263f
11:38:49 INFO     Loading plugin 'docling_defaults'
11:38:49 INFO     Registered picture descriptions: ['picture_description_vlm_engine', 'vlm', 'api']
11:38:49 INFO     Loading plugin 'docling_defaults'
11:38:49 INFO     Registered ocr engines: ['auto', 'easyocr', 'kserve_v2_ocr', 'ocrmac', 'rapidocr', 'tesserocr', 'tesseract']
11:38:49 INFO     command: tesseract --list-langs
11:38:49 INFO     Loading plugin 'docling_defaults'
11:38:49 INFO     Registered layout engines: ['layout_object_detection', 'docling_layout_default', 'docling_experimental_table_crops_layout']
11:38:49 INFO     Accelerator device: 'cpu'
11:38:49 INFO     HTTP Request: GET https://huggingface.co/api/models/docling-project/docling-layout-heron/revision/main "HTTP/1.1 200 OK"
11:38:49 INFO     HTTP Request: HEAD https://huggingface.co/docling-project/docling-layout-heron/resolve/8f39ad3c0b4c58e9c2d2c84a38465abf757272d8/README.md "HTTP/1.1 307 Temporary Redirect"
11:38:49 WARNING  Warning: You are sending unauthenticated requests to the HF Hub. Please set a HF_TOKEN to enable higher rate limits and faster downloads.
11:38:49 INFO     HTTP Request: HEAD https://huggingface.co/api/resolve-cache/models/docling-project/docling-layout-heron/8f39ad3c0b4c58e9c2d2c84a38465abf757272d8/README.md "HTTP/1.1 200 OK"
11:38:49 INFO     HTTP Request: HEAD https://huggingface.co/docling-project/docling-layout-heron/resolve/8f39ad3c0b4c58e9c2d2c84a38465abf757272d8/config.json "HTTP/1.1 307 Temporary Redirect"
11:38:49 INFO     HTTP Request: HEAD https://huggingface.co/docling-project/docling-layout-heron/resolve/8f39ad3c0b4c58e9c2d2c84a38465abf757272d8/.gitattributes "HTTP/1.1 307 Temporary Redirect"
11:38:49 INFO     HTTP Request: HEAD https://huggingface.co/docling-project/docling-layout-heron/resolve/8f39ad3c0b4c58e9c2d2c84a38465abf757272d8/preprocessor_config.json "HTTP/1.1 307 Temporary Redirect"
11:38:49 INFO     HTTP Request: HEAD https://huggingface.co/docling-project/docling-layout-heron/resolve/8f39ad3c0b4c58e9c2d2c84a38465abf757272d8/model.safetensors "HTTP/1.1 302 Found"
11:38:49 INFO     HTTP Request: HEAD https://huggingface.co/docling-project/docling-layout-heron/resolve/8f39ad3c0b4c58e9c2d2c84a38465abf757272d8/docling_heron_400.png "HTTP/1.1 307 Temporary Redirect"
11:38:49 INFO     HTTP Request: HEAD https://huggingface.co/api/resolve-cache/models/docling-project/docling-layout-heron/8f39ad3c0b4c58e9c2d2c84a38465abf757272d8/config.json "HTTP/1.1 200 OK"
11:38:49 INFO     HTTP Request: HEAD https://huggingface.co/api/resolve-cache/models/docling-project/docling-layout-heron/8f39ad3c0b4c58e9c2d2c84a38465abf757272d8/.gitattributes "HTTP/1.1 200 OK"
11:38:49 INFO     HTTP Request: HEAD https://huggingface.co/api/resolve-cache/models/docling-project/docling-layout-heron/8f39ad3c0b4c58e9c2d2c84a38465abf757272d8/preprocessor_config.json "HTTP/1.1 200 OK"
11:38:49 INFO     HTTP Request: HEAD https://huggingface.co/api/resolve-cache/models/docling-project/docling-layout-heron/8f39ad3c0b4c58e9c2d2c84a38465abf757272d8/docling_heron_400.png "HTTP/1.1 200 OK"
11:38:49 INFO     HTTP Request: GET https://huggingface.co/api/resolve-cache/models/docling-project/docling-layout-heron/8f39ad3c0b4c58e9c2d2c84a38465abf757272d8/config.json "HTTP/1.1 200 OK"
11:38:49 INFO     HTTP Request: GET https://huggingface.co/api/resolve-cache/models/docling-project/docling-layout-heron/8f39ad3c0b4c58e9c2d2c84a38465abf757272d8/.gitattributes "HTTP/1.1 200 OK"
11:38:49 INFO     HTTP Request: GET https://huggingface.co/api/resolve-cache/models/docling-project/docling-layout-heron/8f39ad3c0b4c58e9c2d2c84a38465abf757272d8/preprocessor_config.json "HTTP/1.1 200 OK"
11:38:49 INFO     HTTP Request: GET https://huggingface.co/api/resolve-cache/models/docling-project/docling-layout-heron/8f39ad3c0b4c58e9c2d2c84a38465abf757272d8/docling_heron_400.png "HTTP/1.1 200 OK"
11:38:49 INFO     HTTP Request: GET https://huggingface.co/api/models/docling-project/docling-layout-heron/xet-read-token/8f39ad3c0b4c58e9c2d2c84a38465abf757272d8 "HTTP/1.1 200 OK"
11:38:49 INFO     HTTP Request: GET https://huggingface.co/api/resolve-cache/models/docling-project/docling-layout-heron/8f39ad3c0b4c58e9c2d2c84a38465abf757272d8/README.md "HTTP/1.1 200 OK"
11:38:51 INFO     Loading plugin 'docling_defaults'
11:38:51 INFO     Registered table structure engines: ['docling_tableformer', 'docling_tableformer_v2']
11:38:51 INFO     HTTP Request: GET https://huggingface.co/api/models/docling-project/docling-models/revision/v2.3.0 "HTTP/1.1 200 OK"
11:38:51 INFO     HTTP Request: HEAD https://huggingface.co/docling-project/docling-models/resolve/fc0f2d45e2218ea24bce5045f58a389aed16dc23/config.json "HTTP/1.1 307 Temporary Redirect"
11:38:51 INFO     HTTP Request: HEAD https://huggingface.co/docling-project/docling-models/resolve/fc0f2d45e2218ea24bce5045f58a389aed16dc23/.gitattributes "HTTP/1.1 307 Temporary Redirect"
11:38:51 INFO     HTTP Request: HEAD https://huggingface.co/docling-project/docling-models/resolve/fc0f2d45e2218ea24bce5045f58a389aed16dc23/.gitignore "HTTP/1.1 307 Temporary Redirect"
11:38:51 INFO     HTTP Request: HEAD https://huggingface.co/docling-project/docling-models/resolve/fc0f2d45e2218ea24bce5045f58a389aed16dc23/model_artifacts/tableformer/accurate/tableformer_accurate.safetensors "HTTP/1.1 302 Found"
11:38:51 INFO     HTTP Request: HEAD https://huggingface.co/docling-project/docling-models/resolve/fc0f2d45e2218ea24bce5045f58a389aed16dc23/model_artifacts/tableformer/accurate/tm_config.json "HTTP/1.1 307 Temporary Redirect"
11:38:51 INFO     HTTP Request: HEAD https://huggingface.co/docling-project/docling-models/resolve/fc0f2d45e2218ea24bce5045f58a389aed16dc23/README.md "HTTP/1.1 307 Temporary Redirect"
11:38:51 INFO     HTTP Request: HEAD https://huggingface.co/api/resolve-cache/models/docling-project/docling-models/fc0f2d45e2218ea24bce5045f58a389aed16dc23/config.json "HTTP/1.1 200 OK"
11:38:51 INFO     HTTP Request: HEAD https://huggingface.co/api/resolve-cache/models/docling-project/docling-models/fc0f2d45e2218ea24bce5045f58a389aed16dc23/.gitattributes "HTTP/1.1 200 OK"
11:38:51 INFO     HTTP Request: HEAD https://huggingface.co/api/resolve-cache/models/docling-project/docling-models/fc0f2d45e2218ea24bce5045f58a389aed16dc23/.gitignore "HTTP/1.1 200 OK"
11:38:51 INFO     HTTP Request: HEAD https://huggingface.co/api/resolve-cache/models/docling-project/docling-models/fc0f2d45e2218ea24bce5045f58a389aed16dc23/model_artifacts%2Ftableformer%2Faccurate%2Ftm_config.json "HTTP/1.1 200 OK"
11:38:51 INFO     HTTP Request: HEAD https://huggingface.co/api/resolve-cache/models/docling-project/docling-models/fc0f2d45e2218ea24bce5045f58a389aed16dc23/README.md "HTTP/1.1 200 OK"
11:38:51 INFO     HTTP Request: GET https://huggingface.co/api/resolve-cache/models/docling-project/docling-models/fc0f2d45e2218ea24bce5045f58a389aed16dc23/config.json "HTTP/1.1 200 OK"
11:38:51 INFO     HTTP Request: GET https://huggingface.co/api/resolve-cache/models/docling-project/docling-models/fc0f2d45e2218ea24bce5045f58a389aed16dc23/.gitattributes "HTTP/1.1 200 OK"
11:38:51 INFO     HTTP Request: GET https://huggingface.co/api/resolve-cache/models/docling-project/docling-models/fc0f2d45e2218ea24bce5045f58a389aed16dc23/.gitignore "HTTP/1.1 200 OK"
11:38:51 INFO     HTTP Request: HEAD https://huggingface.co/docling-project/docling-models/resolve/fc0f2d45e2218ea24bce5045f58a389aed16dc23/model_artifacts/tableformer/fast/tm_config.json "HTTP/1.1 307 Temporary Redirect"
11:38:51 INFO     HTTP Request: GET https://huggingface.co/api/resolve-cache/models/docling-project/docling-models/fc0f2d45e2218ea24bce5045f58a389aed16dc23/model_artifacts%2Ftableformer%2Faccurate%2Ftm_config.json "HTTP/1.1 200 OK"
11:38:51 INFO     HTTP Request: HEAD https://huggingface.co/docling-project/docling-models/resolve/fc0f2d45e2218ea24bce5045f58a389aed16dc23/model_artifacts/tableformer/fast/tableformer_fast.safetensors "HTTP/1.1 302 Found"
11:38:51 INFO     HTTP Request: GET https://huggingface.co/api/resolve-cache/models/docling-project/docling-models/fc0f2d45e2218ea24bce5045f58a389aed16dc23/README.md "HTTP/1.1 200 OK"
11:38:51 INFO     HTTP Request: GET https://huggingface.co/api/models/docling-project/docling-models/xet-read-token/fc0f2d45e2218ea24bce5045f58a389aed16dc23 "HTTP/1.1 200 OK"
11:38:51 INFO     HTTP Request: HEAD https://huggingface.co/api/resolve-cache/models/docling-project/docling-models/fc0f2d45e2218ea24bce5045f58a389aed16dc23/model_artifacts%2Ftableformer%2Ffast%2Ftm_config.json "HTTP/1.1 200 OK"
11:38:51 INFO     HTTP Request: GET https://huggingface.co/api/resolve-cache/models/docling-project/docling-models/fc0f2d45e2218ea24bce5045f58a389aed16dc23/model_artifacts%2Ftableformer%2Ffast%2Ftm_config.json "HTTP/1.1 200 OK"
11:38:52 INFO     Accelerator device: 'cpu'
11:38:52 INFO     Processing document agu_ptd_2025_2027_anexo_de_entregas_assinado_assinado_assinado-copia_tarjada.pdf
11:38:53 INFO     command: tesseract --psm 0 -l osd /tmp/tmpmc5ahbr1.png stdout
11:38:54 INFO     command: tesseract -l por /tmp/tmpmc5ahbr1.png stdout tsv
11:38:57 INFO     command: tesseract --psm 0 -l osd /tmp/tmpudifq5a8.png stdout
11:38:58 INFO     command: tesseract -l por /tmp/tmpudifq5a8.png stdout tsv
11:39:16 INFO     Finished converting document agu_ptd_2025_2027_anexo_de_entregas_assinado_assinado_assinado-copia_tarjada.pdf in 27.06 sec.
11:39:16 INFO       pixel_budget (Docling) agu_ptd_2025_2027_anexo_de_entregas_assinado_assinado_assinado-copia_tarjada.pdf: 45.8% (área tabelas/1001817 px²)
11:39:16 INFO     [1/15] ✓ AGU       :   33 entregas | 27.1s | ETA ~6min
11:39:16 INFO     [2/15] → agu_ptd_2025_2027_docdiretivo_assinado_assinado_assinado-copia_tarjada.pdf
11:39:16 INFO     detected formats: [<InputFormat.PDF: 'pdf'>]
11:39:16 INFO     Going to convert document batch...
11:39:16 INFO     Processing document agu_ptd_2025_2027_docdiretivo_assinado_assinado_assinado-copia_tarjada.pdf
11:39:16 INFO     command: tesseract --psm 0 -l osd /tmp/tmp3es5f1nq.png stdout
11:39:17 INFO     command: tesseract -l por /tmp/tmp3es5f1nq.png stdout tsv
11:39:19 INFO     command: tesseract --psm 0 -l osd /tmp/tmpm8gbxien.png stdout
11:39:20 INFO     command: tesseract -l por /tmp/tmpm8gbxien.png stdout tsv
11:39:23 INFO     command: tesseract --psm 0 -l osd /tmp/tmpefb2qlob.png stdout
11:39:24 INFO     command: tesseract -l por /tmp/tmpefb2qlob.png stdout tsv
11:39:26 INFO     command: tesseract --psm 0 -l osd /tmp/tmpxfupin7b.png stdout
11:39:27 INFO     command: tesseract -l por /tmp/tmpxfupin7b.png stdout tsv
11:39:29 INFO     command: tesseract --psm 0 -l osd /tmp/tmpkaujaf11.png stdout
11:39:30 INFO     command: tesseract -l por /tmp/tmpkaujaf11.png stdout tsv
11:39:32 INFO     command: tesseract --psm 0 -l osd /tmp/tmpqz_1h_sb.png stdout
11:39:33 INFO     command: tesseract -l por /tmp/tmpqz_1h_sb.png stdout tsv
11:39:43 INFO     command: tesseract --psm 0 -l osd /tmp/tmp997uhgeb.png stdout
11:39:44 INFO     command: tesseract -l por /tmp/tmp997uhgeb.png stdout tsv
11:39:46 INFO     command: tesseract --psm 0 -l osd /tmp/tmplwp8b5py.png stdout
11:39:47 INFO     command: tesseract -l por /tmp/tmplwp8b5py.png stdout tsv
11:39:49 INFO     command: tesseract --psm 0 -l osd /tmp/tmp96w2evbm.png stdout
11:39:50 INFO     command: tesseract -l por /tmp/tmp96w2evbm.png stdout tsv
11:39:52 INFO     command: tesseract --psm 0 -l osd /tmp/tmpucevebzb.png stdout
11:39:53 INFO     command: tesseract -l por /tmp/tmpucevebzb.png stdout tsv
11:40:10 INFO     command: tesseract --psm 0 -l osd /tmp/tmpkadmrgv3.png stdout
11:40:10 INFO     command: tesseract -l por /tmp/tmpkadmrgv3.png stdout tsv
11:40:13 INFO     Finished converting document agu_ptd_2025_2027_docdiretivo_assinado_assinado_assinado-copia_tarjada.pdf in 57.58 sec.
11:40:13 INFO       pixel_budget (Docling) agu_ptd_2025_2027_docdiretivo_assinado_assinado_assinado-copia_tarjada.pdf: 2.1% (área tabelas/5513330 px²)
11:40:13 INFO     [2/15] ✓ AGU       :    6 entregas | 57.6s | ETA ~9min
11:40:13 INFO     [3/15] → anexo-de-entregas-mcom_ptd-25_27-copia_tarjada.pdf
11:40:13 INFO     detected formats: [<InputFormat.PDF: 'pdf'>]
11:40:13 INFO     Going to convert document batch...
11:40:13 INFO     Processing document anexo-de-entregas-mcom_ptd-25_27-copia_tarjada.pdf
11:40:15 INFO     command: tesseract --psm 0 -l osd /tmp/tmptp46_09k.png stdout
11:40:15 INFO     command: tesseract -l por /tmp/tmptp46_09k.png stdout tsv
11:40:18 INFO     command: tesseract --psm 0 -l osd /tmp/tmp4wqy9jq8.png stdout
11:40:19 INFO     command: tesseract -l por /tmp/tmp4wqy9jq8.png stdout tsv
11:40:31 INFO     command: tesseract --psm 0 -l osd /tmp/tmph_w8ljpl.png stdout
11:40:32 INFO     command: tesseract -l por /tmp/tmph_w8ljpl.png stdout tsv
11:40:52 INFO     Finished converting document anexo-de-entregas-mcom_ptd-25_27-copia_tarjada.pdf in 38.75 sec.
11:40:52 INFO       pixel_budget (Docling) anexo-de-entregas-mcom_ptd-25_27-copia_tarjada.pdf: 55.2% (área tabelas/1503636 px²)
11:40:52 INFO     [3/15] ✓ MCOM      :   55 entregas | 38.8s | ETA ~8min
11:40:52 INFO     [4/15] → documento-diretivo-mcom-_-ptd-25_27-copia_tarjada.pdf
11:40:52 INFO     detected formats: [<InputFormat.PDF: 'pdf'>]
11:40:52 INFO     Going to convert document batch...
11:40:52 INFO     Processing document documento-diretivo-mcom-_-ptd-25_27-copia_tarjada.pdf
11:40:53 INFO     command: tesseract --psm 0 -l osd /tmp/tmpoz5vg5a2.png stdout
11:40:53 INFO     command: tesseract -l por /tmp/tmpoz5vg5a2.png stdout tsv
11:40:56 INFO     command: tesseract --psm 0 -l osd /tmp/tmp36mau9dk.png stdout
11:40:57 INFO     command: tesseract -l por /tmp/tmp36mau9dk.png stdout tsv
11:41:03 INFO     command: tesseract --psm 0 -l osd /tmp/tmp0omaahlj.png stdout
11:41:03 INFO     command: tesseract -l por /tmp/tmp0omaahlj.png stdout tsv
11:41:04 INFO     command: tesseract --psm 0 -l osd /tmp/tmp_hk5rte_.png stdout
11:41:05 INFO     command: tesseract -l por /tmp/tmp_hk5rte_.png stdout tsv
11:41:07 INFO     command: tesseract --psm 0 -l osd /tmp/tmpsvnnv0ma.png stdout
11:41:08 INFO     command: tesseract -l por /tmp/tmpsvnnv0ma.png stdout tsv
11:41:10 INFO     command: tesseract --psm 0 -l osd /tmp/tmpcntb0bt_.png stdout
11:41:12 INFO     command: tesseract -l por /tmp/tmpcntb0bt_.png stdout tsv
11:41:24 INFO     command: tesseract --psm 0 -l osd /tmp/tmpnf5ycrl7.png stdout
11:41:25 INFO     command: tesseract -l por /tmp/tmpnf5ycrl7.png stdout tsv
11:41:29 INFO     command: tesseract --psm 0 -l osd /tmp/tmptj4do9kh.png stdout
11:41:29 INFO     command: tesseract -l por /tmp/tmptj4do9kh.png stdout tsv
11:41:32 INFO     command: tesseract --psm 0 -l osd /tmp/tmpjunso5uz.png stdout
11:41:32 INFO     command: tesseract -l por /tmp/tmpjunso5uz.png stdout tsv
11:41:34 INFO     command: tesseract --psm 0 -l osd /tmp/tmphoamvctx.png stdout
11:41:36 INFO     command: tesseract -l por /tmp/tmphoamvctx.png stdout tsv
11:41:39 INFO     command: tesseract --psm 0 -l osd /tmp/tmpo8c7_gt9.png stdout
11:41:40 INFO     command: tesseract -l por /tmp/tmpo8c7_gt9.png stdout tsv
11:41:47 INFO     command: tesseract --psm 0 -l osd /tmp/tmpd9z1xukn.png stdout
11:41:47 INFO     command: tesseract -l por /tmp/tmpd9z1xukn.png stdout tsv
11:41:49 INFO     command: tesseract --psm 0 -l osd /tmp/tmpk_za69n4.png stdout
11:41:50 INFO     command: tesseract -l por /tmp/tmpk_za69n4.png stdout tsv
11:41:52 INFO     command: tesseract --psm 0 -l osd /tmp/tmpb5ugz6ag.png stdout
11:41:53 INFO     command: tesseract -l por /tmp/tmpb5ugz6ag.png stdout tsv
11:41:59 INFO     Finished converting document documento-diretivo-mcom-_-ptd-25_27-copia_tarjada.pdf in 66.52 sec.
11:41:59 INFO       pixel_budget (Docling) documento-diretivo-mcom-_-ptd-25_27-copia_tarjada.pdf: 10.8% (área tabelas/7016966 px²)
11:41:59 WARNING  [4/15] ⚠ MCOM      :    0 entregas | 66.5s | ETA ~8min
11:41:59 INFO     [5/15] → fiocruz-ptd-06_2024-copia_tarjada.pdf
11:41:59 INFO     detected formats: [<InputFormat.PDF: 'pdf'>]
11:41:59 INFO     Going to convert document batch...
11:41:59 INFO     Initializing pipeline for StandardPdfPipeline with options hash d18651824ca6fe56cf3ccb20424ac2c8
11:41:59 INFO     Accelerator device: 'cpu'
11:41:59 INFO     HTTP Request: GET https://huggingface.co/api/models/docling-project/docling-layout-heron/revision/main "HTTP/1.1 200 OK"
11:41:59 INFO     HTTP Request: GET https://huggingface.co/api/models/docling-project/docling-models/revision/v2.3.0 "HTTP/1.1 200 OK"
11:41:59 INFO     Accelerator device: 'cpu'
11:42:00 INFO     Processing document fiocruz-ptd-06_2024-copia_tarjada.pdf
11:43:07 INFO     Finished converting document fiocruz-ptd-06_2024-copia_tarjada.pdf in 68.52 sec.
11:43:07 INFO       pixel_budget (Docling) fiocruz-ptd-06_2024-copia_tarjada.pdf: 36.4% (área tabelas/7518178 px²)
11:43:07 WARNING  [5/15] ⚠ FIOCRUZ   :    0 entregas | 68.6s | ETA ~8min
11:43:07 INFO     [6/15] → fiocruz_novo-ptd_2-1_docdiretivo_repactuacao_2024-2026_assinado_assinado-copia_tarjada.pdf
11:43:07 INFO     detected formats: [<InputFormat.PDF: 'pdf'>]
11:43:07 INFO     Going to convert document batch...
11:43:07 INFO     Processing document fiocruz_novo-ptd_2-1_docdiretivo_repactuacao_2024-2026_assinado_assinado-copia_tarjada.pdf
11:43:25 INFO     Finished converting document fiocruz_novo-ptd_2-1_docdiretivo_repactuacao_2024-2026_assinado_assinado-copia_tarjada.pdf in 17.84 sec.
11:43:25 INFO       pixel_budget (Docling) fiocruz_novo-ptd_2-1_docdiretivo_repactuacao_2024-2026_assinado_assinado-copia_tarjada.pdf: 11.3% (área tabelas/5012118 px²)
11:43:25 WARNING  [6/15] ⚠ FIOCRUZ   :    0 entregas | 17.8s | ETA ~6min
11:43:25 INFO     [7/15] → fiocruz_ptd_anexo_de_entregas_assinado_v1_assinado_assinado-1-copia_tarjada.pdf
11:43:25 INFO     detected formats: [<InputFormat.PDF: 'pdf'>]
11:43:25 INFO     Going to convert document batch...
11:43:25 INFO     Processing document fiocruz_ptd_anexo_de_entregas_assinado_v1_assinado_assinado-1-copia_tarjada.pdf
11:43:57 INFO     Finished converting document fiocruz_ptd_anexo_de_entregas_assinado_v1_assinado_assinado-1-copia_tarjada.pdf in 31.73 sec.
11:43:57 INFO       pixel_budget (Docling) fiocruz_ptd_anexo_de_entregas_assinado_v1_assinado_assinado-1-copia_tarjada.pdf: 54.7% (área tabelas/2004847 px²)
11:43:57 INFO     [7/15] ✓ FIOCRUZ   :   62 entregas | 31.8s | ETA ~5min
11:43:57 INFO     [8/15] → funai_anexo_de_entregas_repactuado_2026_2027_assinado_assinado_assinado.pdf
11:43:57 INFO     detected formats: [<InputFormat.PDF: 'pdf'>]
11:43:57 INFO     Going to convert document batch...
11:43:57 INFO     Processing document funai_anexo_de_entregas_repactuado_2026_2027_assinado_assinado_assinado.pdf
11:43:58 INFO     command: tesseract --psm 0 -l osd /tmp/tmph_z_ashs.png stdout
11:43:59 INFO     command: tesseract -l por /tmp/tmph_z_ashs.png stdout tsv
11:44:12 INFO     Finished converting document funai_anexo_de_entregas_repactuado_2026_2027_assinado_assinado_assinado.pdf in 14.81 sec.
11:44:12 INFO       pixel_budget (Docling) funai_anexo_de_entregas_repactuado_2026_2027_assinado_assinado_assinado.pdf: 49.8% (área tabelas/501212 px²)
11:44:12 INFO     [8/15] ✓ FUNAI     :   22 entregas | 14.8s | ETA ~4min
11:44:12 INFO     [9/15] → funai_ptd_2025_2027_docdiretivo_assinado-1_tarjado.pdf
11:44:12 INFO     detected formats: [<InputFormat.PDF: 'pdf'>]
11:44:12 INFO     Going to convert document batch...
11:44:12 INFO     Processing document funai_ptd_2025_2027_docdiretivo_assinado-1_tarjado.pdf
11:44:13 INFO     command: tesseract --psm 0 -l osd /tmp/tmpjfys9z4v.png stdout
11:44:14 INFO     command: tesseract -l por /tmp/tmpjfys9z4v.png stdout tsv
11:44:15 INFO     command: tesseract --psm 0 -l osd /tmp/tmp7rdfytm_.png stdout
11:44:16 INFO     command: tesseract -l por /tmp/tmp7rdfytm_.png stdout tsv
11:44:18 INFO     command: tesseract --psm 0 -l osd /tmp/tmp9up17ij1.png stdout
11:44:19 INFO     command: tesseract -l por /tmp/tmp9up17ij1.png stdout tsv
11:44:21 INFO     command: tesseract --psm 0 -l osd /tmp/tmp9j17_zy6.png stdout
11:44:22 INFO     command: tesseract -l por /tmp/tmp9j17_zy6.png stdout tsv
11:44:24 INFO     command: tesseract --psm 0 -l osd /tmp/tmpjvn9fyiv.png stdout
11:44:24 INFO     command: tesseract -l por /tmp/tmpjvn9fyiv.png stdout tsv
11:44:26 INFO     command: tesseract --psm 0 -l osd /tmp/tmpoqj6zow_.png stdout
11:44:28 INFO     command: tesseract -l por /tmp/tmpoqj6zow_.png stdout tsv
11:44:38 INFO     command: tesseract --psm 0 -l osd /tmp/tmpghi4z8gn.png stdout
11:44:39 INFO     command: tesseract -l por /tmp/tmpghi4z8gn.png stdout tsv
11:44:40 INFO     command: tesseract --psm 0 -l osd /tmp/tmpdliwn1jd.png stdout
11:44:41 INFO     command: tesseract -l por /tmp/tmpdliwn1jd.png stdout tsv
11:44:42 INFO     command: tesseract --psm 0 -l osd /tmp/tmppb8n9aom.png stdout
11:44:43 INFO     command: tesseract -l por /tmp/tmppb8n9aom.png stdout tsv
11:44:44 INFO     command: tesseract --psm 0 -l osd /tmp/tmp0icbzb9v.png stdout
11:44:46 INFO     command: tesseract -l por /tmp/tmp0icbzb9v.png stdout tsv
11:44:58 INFO     command: tesseract --psm 0 -l osd /tmp/tmpo4xqfn_p.png stdout
11:44:59 INFO     command: tesseract -l por /tmp/tmpo4xqfn_p.png stdout tsv
11:45:06 INFO     command: tesseract --psm 0 -l osd /tmp/tmpf_lsgy0_.png stdout
11:45:07 INFO     command: tesseract -l por /tmp/tmpf_lsgy0_.png stdout tsv
11:45:09 INFO     command: tesseract --psm 0 -l osd /tmp/tmpy62e557g.png stdout
11:45:10 INFO     command: tesseract -l por /tmp/tmpy62e557g.png stdout tsv
11:45:16 INFO     Finished converting document funai_ptd_2025_2027_docdiretivo_assinado-1_tarjado.pdf in 64.39 sec.
11:45:16 INFO       pixel_budget (Docling) funai_ptd_2025_2027_docdiretivo_assinado-1_tarjado.pdf: 16.4% (área tabelas/6515754 px²)
11:45:16 INFO     [9/15] ✓ FUNAI     :    8 entregas | 64.4s | ETA ~4min
11:45:16 INFO     [10/15] → incra_anexo_de_entregas_assinado-1_assinado_assinado-copia_tarjada.pdf
11:45:16 INFO     detected formats: [<InputFormat.PDF: 'pdf'>]
11:45:16 INFO     Going to convert document batch...
11:45:16 INFO     Processing document incra_anexo_de_entregas_assinado-1_assinado_assinado-copia_tarjada.pdf
11:45:17 INFO     command: tesseract --psm 0 -l osd /tmp/tmpexyc1bts.png stdout
11:45:18 INFO     command: tesseract -l por /tmp/tmpexyc1bts.png stdout tsv
11:45:21 INFO     command: tesseract --psm 0 -l osd /tmp/tmpc07t0jnv.png stdout
11:45:22 INFO     command: tesseract -l por /tmp/tmpc07t0jnv.png stdout tsv
11:45:33 INFO     command: tesseract --psm 0 -l osd /tmp/tmpn20md26q.png stdout
11:45:34 INFO     command: tesseract -l por /tmp/tmpn20md26q.png stdout tsv
11:45:35 INFO     command: tesseract --psm 0 -l osd /tmp/tmppdcwutkt.png stdout
11:45:36 INFO     command: tesseract -l por /tmp/tmppdcwutkt.png stdout tsv
11:45:38 INFO     command: tesseract --psm 0 -l osd /tmp/tmp80mhjzee.png stdout
11:45:39 INFO     command: tesseract -l por /tmp/tmp80mhjzee.png stdout tsv
11:47:07 INFO     Finished converting document incra_anexo_de_entregas_assinado-1_assinado_assinado-copia_tarjada.pdf in 110.78 sec.
11:47:07 INFO       pixel_budget (Docling) incra_anexo_de_entregas_assinado-1_assinado_assinado-copia_tarjada.pdf: 30.0% (área tabelas/2423520 px²)
11:47:07 INFO     [10/15] ✓ INCRA     :   11 entregas | 110.8s | ETA ~4min
11:47:07 INFO     [11/15] → incra_ptd_docdiretivo__assinado-1_assinado_assinado-copia_tarjada.pdf
11:47:07 INFO     detected formats: [<InputFormat.PDF: 'pdf'>]
11:47:07 INFO     Going to convert document batch...
11:47:07 INFO     Processing document incra_ptd_docdiretivo__assinado-1_assinado_assinado-copia_tarjada.pdf
11:47:08 INFO     command: tesseract --psm 0 -l osd /tmp/tmpd0pz04fx.png stdout
11:47:09 INFO     command: tesseract -l por /tmp/tmpd0pz04fx.png stdout tsv
11:47:11 INFO     command: tesseract --psm 0 -l osd /tmp/tmp1aso2cie.png stdout
11:47:13 INFO     command: tesseract -l por /tmp/tmp1aso2cie.png stdout tsv
11:47:18 INFO     command: tesseract --psm 0 -l osd /tmp/tmpnsq12jgx.png stdout
11:47:19 INFO     command: tesseract -l por /tmp/tmpnsq12jgx.png stdout tsv
11:47:21 INFO     command: tesseract --psm 0 -l osd /tmp/tmpl209gt5b.png stdout
11:47:22 INFO     command: tesseract -l por /tmp/tmpl209gt5b.png stdout tsv
11:47:24 INFO     command: tesseract --psm 0 -l osd /tmp/tmp8696rjpw.png stdout
11:47:24 INFO     command: tesseract -l por /tmp/tmp8696rjpw.png stdout tsv
11:47:26 INFO     command: tesseract --psm 0 -l osd /tmp/tmplzcxb8e7.png stdout
11:47:28 INFO     command: tesseract -l por /tmp/tmplzcxb8e7.png stdout tsv
11:47:41 INFO     command: tesseract --psm 0 -l osd /tmp/tmpl6_u0bwa.png stdout
11:47:42 INFO     command: tesseract -l por /tmp/tmpl6_u0bwa.png stdout tsv
11:47:43 INFO     command: tesseract --psm 0 -l osd /tmp/tmpqg5ds0ea.png stdout
11:47:44 INFO     command: tesseract -l por /tmp/tmpqg5ds0ea.png stdout tsv
11:47:46 INFO     command: tesseract --psm 0 -l osd /tmp/tmpczkxuwbj.png stdout
11:47:47 INFO     command: tesseract -l por /tmp/tmpczkxuwbj.png stdout tsv
11:47:48 INFO     command: tesseract --psm 0 -l osd /tmp/tmpese4sozt.png stdout
11:47:50 INFO     command: tesseract -l por /tmp/tmpese4sozt.png stdout tsv
11:47:55 INFO     command: tesseract --psm 0 -l osd /tmp/tmpnf5u4jab.png stdout
11:47:56 INFO     command: tesseract -l por /tmp/tmpnf5u4jab.png stdout tsv
11:48:01 INFO     command: tesseract --psm 0 -l osd /tmp/tmph02wdiv_.png stdout
11:48:02 INFO     command: tesseract -l por /tmp/tmph02wdiv_.png stdout tsv
11:48:07 INFO     command: tesseract --psm 0 -l osd /tmp/tmpuqc7lr0b.png stdout
11:48:08 INFO     command: tesseract -l por /tmp/tmpuqc7lr0b.png stdout tsv
11:48:15 INFO     Finished converting document incra_ptd_docdiretivo__assinado-1_assinado_assinado-copia_tarjada.pdf in 68.32 sec.
11:48:15 INFO       pixel_budget (Docling) incra_ptd_docdiretivo__assinado-1_assinado_assinado-copia_tarjada.pdf: 20.2% (área tabelas/6515754 px²)
11:48:15 INFO     [11/15] ✓ INCRA     :    9 entregas | 68.3s | ETA ~3min
11:48:15 INFO     [12/15] → iti_anexo_de_entregas_assinado.pdf
11:48:15 INFO     detected formats: [<InputFormat.PDF: 'pdf'>]
11:48:15 INFO     Going to convert document batch...
11:48:15 INFO     Processing document iti_anexo_de_entregas_assinado.pdf
11:48:16 INFO     command: tesseract --psm 0 -l osd /tmp/tmpfpamec77.png stdout
11:48:17 INFO     command: tesseract -l por /tmp/tmpfpamec77.png stdout tsv
11:48:33 INFO     Finished converting document iti_anexo_de_entregas_assinado.pdf in 17.44 sec.
11:48:33 INFO       pixel_budget (Docling) iti_anexo_de_entregas_assinado.pdf: 57.2% (área tabelas/501212 px²)
11:48:33 INFO     [12/15] ✓ ITI       :   31 entregas | 17.4s | ETA ~2min
11:48:33 INFO     [13/15] → iti_doc_diretivo_assinado-1_tarjado.pdf
11:48:33 INFO     detected formats: [<InputFormat.PDF: 'pdf'>]
11:48:33 INFO     Going to convert document batch...
11:48:33 INFO     Processing document iti_doc_diretivo_assinado-1_tarjado.pdf
11:48:33 INFO     command: tesseract --psm 0 -l osd /tmp/tmpsgnf17ss.png stdout
11:48:34 INFO     command: tesseract -l por /tmp/tmpsgnf17ss.png stdout tsv
11:48:36 INFO     command: tesseract --psm 0 -l osd /tmp/tmpb05omesh.png stdout
11:48:37 INFO     command: tesseract -l por /tmp/tmpb05omesh.png stdout tsv
11:48:41 INFO     command: tesseract --psm 0 -l osd /tmp/tmpjnwocjce.png stdout
11:48:42 INFO     command: tesseract -l por /tmp/tmpjnwocjce.png stdout tsv
11:48:44 INFO     command: tesseract --psm 0 -l osd /tmp/tmpayhg9_vb.png stdout
11:48:45 INFO     command: tesseract -l por /tmp/tmpayhg9_vb.png stdout tsv
11:48:46 INFO     command: tesseract --psm 0 -l osd /tmp/tmprdfea6y6.png stdout
11:48:47 INFO     command: tesseract -l por /tmp/tmprdfea6y6.png stdout tsv
11:48:49 INFO     command: tesseract --psm 0 -l osd /tmp/tmpniyhpqqq.png stdout
11:48:50 INFO     command: tesseract -l por /tmp/tmpniyhpqqq.png stdout tsv
11:49:04 INFO     command: tesseract --psm 0 -l osd /tmp/tmplhxqe9mi.png stdout
11:49:05 INFO     command: tesseract -l por /tmp/tmplhxqe9mi.png stdout tsv
11:49:08 INFO     command: tesseract --psm 0 -l osd /tmp/tmpl_blittv.png stdout
11:49:08 INFO     command: tesseract -l por /tmp/tmpl_blittv.png stdout tsv
11:49:11 INFO     command: tesseract --psm 0 -l osd /tmp/tmpag0gmc15.png stdout
11:49:11 INFO     command: tesseract -l por /tmp/tmpag0gmc15.png stdout tsv
11:49:13 INFO     command: tesseract --psm 0 -l osd /tmp/tmpc13zj1m0.png stdout
11:49:15 INFO     command: tesseract -l por /tmp/tmpc13zj1m0.png stdout tsv
11:49:20 INFO     command: tesseract --psm 0 -l osd /tmp/tmpk9fvsxto.png stdout
11:49:21 INFO     command: tesseract -l por /tmp/tmpk9fvsxto.png stdout tsv
11:49:29 INFO     Finished converting document iti_doc_diretivo_assinado-1_tarjado.pdf in 56.37 sec.
11:49:29 INFO       pixel_budget (Docling) iti_doc_diretivo_assinado-1_tarjado.pdf: 8.0% (área tabelas/5516339 px²)
11:49:29 INFO     [13/15] ✓ ITI       :    6 entregas | 56.4s | ETA ~1min
11:49:29 INFO     [14/15] → sgpr_ptd_2025_2027_anexo_de_entregas_assinado-copia_tarjada.pdf
11:49:29 INFO     detected formats: [<InputFormat.PDF: 'pdf'>]
11:49:29 INFO     Going to convert document batch...
11:49:29 INFO     Processing document sgpr_ptd_2025_2027_anexo_de_entregas_assinado-copia_tarjada.pdf
11:49:30 INFO     command: tesseract --psm 0 -l osd /tmp/tmpar9ini3d.png stdout
11:49:31 INFO     command: tesseract -l por /tmp/tmpar9ini3d.png stdout tsv
11:49:34 INFO     command: tesseract --psm 0 -l osd /tmp/tmp9blzb7x5.png stdout
11:49:35 INFO     command: tesseract -l por /tmp/tmp9blzb7x5.png stdout tsv
11:49:46 INFO     Finished converting document sgpr_ptd_2025_2027_anexo_de_entregas_assinado-copia_tarjada.pdf in 17.11 sec.
11:49:46 INFO       pixel_budget (Docling) sgpr_ptd_2025_2027_anexo_de_entregas_assinado-copia_tarjada.pdf: 29.5% (área tabelas/1002424 px²)
11:49:46 INFO     [14/15] ✓ SGPR      :   18 entregas | 17.1s | ETA ~47s
11:49:46 INFO     [15/15] → sgpr_ptd_2026_2027_docdiretivo_assinado-copia_tarjada.pdf
11:49:46 INFO     detected formats: [<InputFormat.PDF: 'pdf'>]
11:49:46 INFO     Going to convert document batch...
11:49:46 INFO     Processing document sgpr_ptd_2026_2027_docdiretivo_assinado-copia_tarjada.pdf
11:50:06 INFO     Finished converting document sgpr_ptd_2026_2027_docdiretivo_assinado-copia_tarjada.pdf in 19.61 sec.
11:50:06 INFO       pixel_budget (Docling) sgpr_ptd_2026_2027_docdiretivo_assinado-copia_tarjada.pdf: 8.2% (área tabelas/5513330 px²)
11:50:06 WARNING  [15/15] ⚠ SGPR      :    0 entregas | 19.6s | ETA ~0s
11:50:06 INFO     261 registros | 7 órgãos
11:50:06 INFO     ╔══════════════════════════════════════════════════════════════╗
11:50:06 INFO     ║                  ENTREGAS — fase concluída                   ║
11:50:06 INFO     ║  Processados: 15    |  ✓ 11  ⚠ 4                             ║
11:50:06 INFO     ║  Duração: 11.3 min                                           ║
11:50:06 INFO     ║  261 registros | 7 órgãos                                    ║
11:50:06 INFO     ╚══════════════════════════════════════════════════════════════╝
11:50:06 INFO     [1/7] → agu_ptd_2025_2027_docdiretivo_assinado_assinado_assinado-copia_tarjada.pdf
11:50:06 INFO     detected formats: [<InputFormat.PDF: 'pdf'>]
11:50:06 INFO     Going to convert document batch...
11:50:06 INFO     Processing document agu_ptd_2025_2027_docdiretivo_assinado_assinado_assinado-copia_tarjada.pdf
11:50:06 INFO     command: tesseract --psm 0 -l osd /tmp/tmpni2trn8w.png stdout
11:50:07 INFO     command: tesseract -l por /tmp/tmpni2trn8w.png stdout tsv
11:50:09 INFO     command: tesseract --psm 0 -l osd /tmp/tmpzzjaw_4z.png stdout
11:50:11 INFO     command: tesseract -l por /tmp/tmpzzjaw_4z.png stdout tsv
11:50:16 INFO     command: tesseract --psm 0 -l osd /tmp/tmpbvrwdjzy.png stdout
11:50:16 INFO     command: tesseract -l por /tmp/tmpbvrwdjzy.png stdout tsv
11:50:18 INFO     command: tesseract --psm 0 -l osd /tmp/tmpqxywrynq.png stdout
11:50:19 INFO     command: tesseract -l por /tmp/tmpqxywrynq.png stdout tsv
11:50:21 INFO     command: tesseract --psm 0 -l osd /tmp/tmp_5kd7uhu.png stdout
11:50:22 INFO     command: tesseract -l por /tmp/tmp_5kd7uhu.png stdout tsv
11:50:24 INFO     command: tesseract --psm 0 -l osd /tmp/tmps3ieypnv.png stdout
11:50:26 INFO     command: tesseract -l por /tmp/tmps3ieypnv.png stdout tsv
11:50:36 INFO     command: tesseract --psm 0 -l osd /tmp/tmpyikjirkh.png stdout
11:50:37 INFO     command: tesseract -l por /tmp/tmpyikjirkh.png stdout tsv
11:50:39 INFO     command: tesseract --psm 0 -l osd /tmp/tmpkavkxjnl.png stdout
11:50:40 INFO     command: tesseract -l por /tmp/tmpkavkxjnl.png stdout tsv
11:50:42 INFO     command: tesseract --psm 0 -l osd /tmp/tmpgkfrb4ao.png stdout
11:50:43 INFO     command: tesseract -l por /tmp/tmpgkfrb4ao.png stdout tsv
11:50:46 INFO     command: tesseract --psm 0 -l osd /tmp/tmpzmt11vk6.png stdout
11:50:47 INFO     command: tesseract -l por /tmp/tmpzmt11vk6.png stdout tsv
11:51:01 INFO     command: tesseract --psm 0 -l osd /tmp/tmpipbw2z2y.png stdout
11:51:02 INFO     command: tesseract -l por /tmp/tmpipbw2z2y.png stdout tsv
11:51:05 INFO     Finished converting document agu_ptd_2025_2027_docdiretivo_assinado_assinado_assinado-copia_tarjada.pdf in 58.93 sec.
11:51:05 INFO     [1/7] ✓ AGU       :   7 riscos | 58.9s | ETA ~5min
11:51:05 INFO     [2/7] → documento-diretivo-mcom-_-ptd-25_27-copia_tarjada.pdf
11:51:05 INFO     detected formats: [<InputFormat.PDF: 'pdf'>]
11:51:05 INFO     Going to convert document batch...
11:51:05 INFO     Processing document documento-diretivo-mcom-_-ptd-25_27-copia_tarjada.pdf
11:51:05 INFO     command: tesseract --psm 0 -l osd /tmp/tmpev7do8es.png stdout
11:51:06 INFO     command: tesseract -l por /tmp/tmpev7do8es.png stdout tsv
11:51:08 INFO     command: tesseract --psm 0 -l osd /tmp/tmpxnl6wl14.png stdout
11:51:10 INFO     command: tesseract -l por /tmp/tmpxnl6wl14.png stdout tsv
11:51:16 INFO     command: tesseract --psm 0 -l osd /tmp/tmpf8clp6w2.png stdout
11:51:17 INFO     command: tesseract -l por /tmp/tmpf8clp6w2.png stdout tsv
11:51:18 INFO     command: tesseract --psm 0 -l osd /tmp/tmpnvvfommt.png stdout
11:51:19 INFO     command: tesseract -l por /tmp/tmpnvvfommt.png stdout tsv
11:51:21 INFO     command: tesseract --psm 0 -l osd /tmp/tmpgi_cqnq9.png stdout
11:51:21 INFO     command: tesseract -l por /tmp/tmpgi_cqnq9.png stdout tsv
11:51:24 INFO     command: tesseract --psm 0 -l osd /tmp/tmp9yr9201_.png stdout
11:51:25 INFO     command: tesseract -l por /tmp/tmp9yr9201_.png stdout tsv
11:51:40 INFO     command: tesseract --psm 0 -l osd /tmp/tmp7g8ek2oh.png stdout
11:51:41 INFO     command: tesseract -l por /tmp/tmp7g8ek2oh.png stdout tsv
11:51:43 INFO     command: tesseract --psm 0 -l osd /tmp/tmpligm1ax_.png stdout
11:51:43 INFO     command: tesseract -l por /tmp/tmpligm1ax_.png stdout tsv
11:51:46 INFO     command: tesseract --psm 0 -l osd /tmp/tmp2256rb2a.png stdout
11:51:46 INFO     command: tesseract -l por /tmp/tmp2256rb2a.png stdout tsv
11:51:48 INFO     command: tesseract --psm 0 -l osd /tmp/tmp615vtkov.png stdout
11:51:50 INFO     command: tesseract -l por /tmp/tmp615vtkov.png stdout tsv
11:51:55 INFO     command: tesseract --psm 0 -l osd /tmp/tmpi49okomh.png stdout
11:51:55 INFO     command: tesseract -l por /tmp/tmpi49okomh.png stdout tsv
11:52:01 INFO     command: tesseract --psm 0 -l osd /tmp/tmphqtggpjl.png stdout
11:52:02 INFO     command: tesseract -l por /tmp/tmphqtggpjl.png stdout tsv
11:52:03 INFO     command: tesseract --psm 0 -l osd /tmp/tmpwe91outu.png stdout
11:52:04 INFO     command: tesseract -l por /tmp/tmpwe91outu.png stdout tsv
11:52:06 INFO     command: tesseract --psm 0 -l osd /tmp/tmpglj1wy_5.png stdout
11:52:07 INFO     command: tesseract -l por /tmp/tmpglj1wy_5.png stdout tsv
11:52:13 INFO     Finished converting document documento-diretivo-mcom-_-ptd-25_27-copia_tarjada.pdf in 68.00 sec.
11:52:13 INFO     [2/7] ✓ MCOM      :  14 riscos | 68.0s | ETA ~5min
11:52:13 INFO     [3/7] → fiocruz_novo-ptd_2-1_docdiretivo_repactuacao_2024-2026_assinado_assinado-copia_tarjada.pdf
11:52:13 INFO     detected formats: [<InputFormat.PDF: 'pdf'>]
11:52:13 INFO     Going to convert document batch...
11:52:13 INFO     Processing document fiocruz_novo-ptd_2-1_docdiretivo_repactuacao_2024-2026_assinado_assinado-copia_tarjada.pdf
11:52:30 INFO     Finished converting document fiocruz_novo-ptd_2-1_docdiretivo_repactuacao_2024-2026_assinado_assinado-copia_tarjada.pdf in 17.45 sec.
11:52:30 INFO     [3/7] ✓ FIOCRUZ   :   6 riscos | 17.5s | ETA ~3min
11:52:30 INFO     [4/7] → funai_ptd_2025_2027_docdiretivo_assinado-1_tarjado.pdf
11:52:30 INFO     detected formats: [<InputFormat.PDF: 'pdf'>]
11:52:30 INFO     Going to convert document batch...
11:52:30 INFO     Processing document funai_ptd_2025_2027_docdiretivo_assinado-1_tarjado.pdf
11:52:32 INFO     command: tesseract --psm 0 -l osd /tmp/tmpvs9vnppi.png stdout
11:52:32 INFO     command: tesseract -l por /tmp/tmpvs9vnppi.png stdout tsv
11:52:33 INFO     command: tesseract --psm 0 -l osd /tmp/tmpe1o1bmag.png stdout
11:52:35 INFO     command: tesseract -l por /tmp/tmpe1o1bmag.png stdout tsv
11:52:38 INFO     command: tesseract --psm 0 -l osd /tmp/tmpwz8sfcfl.png stdout
11:52:39 INFO     command: tesseract -l por /tmp/tmpwz8sfcfl.png stdout tsv
11:52:41 INFO     command: tesseract --psm 0 -l osd /tmp/tmpk58h2jor.png stdout
11:52:41 INFO     command: tesseract -l por /tmp/tmpk58h2jor.png stdout tsv
11:52:43 INFO     command: tesseract --psm 0 -l osd /tmp/tmp3ixi5fda.png stdout
11:52:44 INFO     command: tesseract -l por /tmp/tmp3ixi5fda.png stdout tsv
11:52:46 INFO     command: tesseract --psm 0 -l osd /tmp/tmpc9g3ezmd.png stdout
11:52:47 INFO     command: tesseract -l por /tmp/tmpc9g3ezmd.png stdout tsv
11:52:57 INFO     command: tesseract --psm 0 -l osd /tmp/tmp_jgmlc63.png stdout
11:52:58 INFO     command: tesseract -l por /tmp/tmp_jgmlc63.png stdout tsv
11:53:00 INFO     command: tesseract --psm 0 -l osd /tmp/tmp2lia0b9p.png stdout
11:53:00 INFO     command: tesseract -l por /tmp/tmp2lia0b9p.png stdout tsv
11:53:02 INFO     command: tesseract --psm 0 -l osd /tmp/tmpsv6bhstb.png stdout
11:53:02 INFO     command: tesseract -l por /tmp/tmpsv6bhstb.png stdout tsv
11:53:04 INFO     command: tesseract --psm 0 -l osd /tmp/tmp44jmcq5p.png stdout
11:53:06 INFO     command: tesseract -l por /tmp/tmp44jmcq5p.png stdout tsv
11:53:17 INFO     command: tesseract --psm 0 -l osd /tmp/tmpvv86jvp6.png stdout
11:53:18 INFO     command: tesseract -l por /tmp/tmpvv86jvp6.png stdout tsv
11:53:23 INFO     command: tesseract --psm 0 -l osd /tmp/tmpkjkd67yj.png stdout
11:53:24 INFO     command: tesseract -l por /tmp/tmpkjkd67yj.png stdout tsv
11:53:26 INFO     command: tesseract --psm 0 -l osd /tmp/tmp8h8zv4gs.png stdout
11:53:27 INFO     command: tesseract -l por /tmp/tmp8h8zv4gs.png stdout tsv
11:53:33 INFO     Finished converting document funai_ptd_2025_2027_docdiretivo_assinado-1_tarjado.pdf in 63.17 sec.
11:53:33 INFO     [4/7] ✓ FUNAI     :  15 riscos | 63.2s | ETA ~2min
11:53:33 INFO     [5/7] → incra_ptd_docdiretivo__assinado-1_assinado_assinado-copia_tarjada.pdf
11:53:33 INFO     detected formats: [<InputFormat.PDF: 'pdf'>]
11:53:33 INFO     Going to convert document batch...
11:53:33 INFO     Processing document incra_ptd_docdiretivo__assinado-1_assinado_assinado-copia_tarjada.pdf
11:53:35 INFO     command: tesseract --psm 0 -l osd /tmp/tmphly0glei.png stdout
11:53:35 INFO     command: tesseract -l por /tmp/tmphly0glei.png stdout tsv
11:53:37 INFO     command: tesseract --psm 0 -l osd /tmp/tmp1phwdt56.png stdout
11:53:38 INFO     command: tesseract -l por /tmp/tmp1phwdt56.png stdout tsv
11:53:43 INFO     command: tesseract --psm 0 -l osd /tmp/tmpir4oakbu.png stdout
11:53:44 INFO     command: tesseract -l por /tmp/tmpir4oakbu.png stdout tsv
11:53:46 INFO     command: tesseract --psm 0 -l osd /tmp/tmpy6yqwk7j.png stdout
11:53:47 INFO     command: tesseract -l por /tmp/tmpy6yqwk7j.png stdout tsv
11:53:48 INFO     command: tesseract --psm 0 -l osd /tmp/tmpwf6cqqhu.png stdout
11:53:49 INFO     command: tesseract -l por /tmp/tmpwf6cqqhu.png stdout tsv
11:53:51 INFO     command: tesseract --psm 0 -l osd /tmp/tmpmu3sm0qu.png stdout
11:53:53 INFO     command: tesseract -l por /tmp/tmpmu3sm0qu.png stdout tsv
11:54:10 INFO     command: tesseract --psm 0 -l osd /tmp/tmpqglb06o9.png stdout
11:54:11 INFO     command: tesseract -l por /tmp/tmpqglb06o9.png stdout tsv
11:54:12 INFO     command: tesseract --psm 0 -l osd /tmp/tmp8xj83spt.png stdout
11:54:13 INFO     command: tesseract -l por /tmp/tmp8xj83spt.png stdout tsv
11:54:15 INFO     command: tesseract --psm 0 -l osd /tmp/tmp7i492o3r.png stdout
11:54:15 INFO     command: tesseract -l por /tmp/tmp7i492o3r.png stdout tsv
11:54:17 INFO     command: tesseract --psm 0 -l osd /tmp/tmp2fv_ivwo.png stdout
11:54:19 INFO     command: tesseract -l por /tmp/tmp2fv_ivwo.png stdout tsv
11:54:22 INFO     command: tesseract --psm 0 -l osd /tmp/tmpoedrt6ws.png stdout
11:54:23 INFO     command: tesseract -l por /tmp/tmpoedrt6ws.png stdout tsv
11:54:27 INFO     command: tesseract --psm 0 -l osd /tmp/tmptexl2yqk.png stdout
11:54:28 INFO     command: tesseract -l por /tmp/tmptexl2yqk.png stdout tsv
11:54:35 INFO     command: tesseract --psm 0 -l osd /tmp/tmpngbjyf5i.png stdout
11:54:36 INFO     command: tesseract -l por /tmp/tmpngbjyf5i.png stdout tsv
11:54:43 INFO     Finished converting document incra_ptd_docdiretivo__assinado-1_assinado_assinado-copia_tarjada.pdf in 69.99 sec.
11:54:43 INFO     [5/7] ✓ INCRA     :  15 riscos | 70.0s | ETA ~1min
11:54:43 INFO     [6/7] → iti_doc_diretivo_assinado-1_tarjado.pdf
11:54:43 INFO     detected formats: [<InputFormat.PDF: 'pdf'>]
11:54:43 INFO     Going to convert document batch...
11:54:43 INFO     Processing document iti_doc_diretivo_assinado-1_tarjado.pdf
11:54:44 INFO     command: tesseract --psm 0 -l osd /tmp/tmp_mr7qv7q.png stdout
11:54:45 INFO     command: tesseract -l por /tmp/tmp_mr7qv7q.png stdout tsv
11:54:46 INFO     command: tesseract --psm 0 -l osd /tmp/tmpz2oaqlqh.png stdout
11:54:48 INFO     command: tesseract -l por /tmp/tmpz2oaqlqh.png stdout tsv
11:54:52 INFO     command: tesseract --psm 0 -l osd /tmp/tmpi5z20p51.png stdout
11:54:53 INFO     command: tesseract -l por /tmp/tmpi5z20p51.png stdout tsv
11:54:55 INFO     command: tesseract --psm 0 -l osd /tmp/tmp0uk1gf1a.png stdout
11:54:56 INFO     command: tesseract -l por /tmp/tmp0uk1gf1a.png stdout tsv
11:54:57 INFO     command: tesseract --psm 0 -l osd /tmp/tmp0bwswwk9.png stdout
11:54:58 INFO     command: tesseract -l por /tmp/tmp0bwswwk9.png stdout tsv
11:55:00 INFO     command: tesseract --psm 0 -l osd /tmp/tmpcjodaa01.png stdout
11:55:01 INFO     command: tesseract -l por /tmp/tmpcjodaa01.png stdout tsv
11:55:11 INFO     command: tesseract --psm 0 -l osd /tmp/tmponm6kmll.png stdout
11:55:12 INFO     command: tesseract -l por /tmp/tmponm6kmll.png stdout tsv
11:55:16 INFO     command: tesseract --psm 0 -l osd /tmp/tmppcnz63py.png stdout
11:55:16 INFO     command: tesseract -l por /tmp/tmppcnz63py.png stdout tsv
11:55:19 INFO     command: tesseract --psm 0 -l osd /tmp/tmp0kw83b58.png stdout
11:55:19 INFO     command: tesseract -l por /tmp/tmp0kw83b58.png stdout tsv
11:55:21 INFO     command: tesseract --psm 0 -l osd /tmp/tmphxablph0.png stdout
11:55:23 INFO     command: tesseract -l por /tmp/tmphxablph0.png stdout tsv
11:55:31 INFO     command: tesseract --psm 0 -l osd /tmp/tmplp4sji0u.png stdout
11:55:32 INFO     command: tesseract -l por /tmp/tmplp4sji0u.png stdout tsv
11:55:38 INFO     Finished converting document iti_doc_diretivo_assinado-1_tarjado.pdf in 54.44 sec.
11:55:38 INFO     [6/7] ✓ ITI       :  14 riscos | 54.5s | ETA ~55s
11:55:38 INFO     [7/7] → sgpr_ptd_2026_2027_docdiretivo_assinado-copia_tarjada.pdf
11:55:38 INFO     detected formats: [<InputFormat.PDF: 'pdf'>]
11:55:38 INFO     Going to convert document batch...
11:55:38 INFO     Processing document sgpr_ptd_2026_2027_docdiretivo_assinado-copia_tarjada.pdf
11:55:58 INFO     Finished converting document sgpr_ptd_2026_2027_docdiretivo_assinado-copia_tarjada.pdf in 19.63 sec.
11:55:58 INFO     [7/7] ✓ SGPR      :  10 riscos | 19.6s | ETA ~0s
11:55:58 INFO     ╔══════════════════════════════════════════════════════════════╗
11:55:58 INFO     ║                   RISCOS — fase concluída                    ║
11:55:58 INFO     ║  Processados: 7     |  ✓ 7  ⚠ 0                              ║
11:55:58 INFO     ║  Duração: 5.9 min                                            ║
11:55:58 INFO     ║  81 riscos | 7 órgãos                                        ║
11:55:58 INFO     ╚══════════════════════════════════════════════════════════════╝
11:55:58 INFO     81 riscos | 0 ações | 135 relações
11:55:58 INFO     ptd_corpus_raw                     : 261 linhas
11:55:58 INFO     ptd_pivot_eixos                    : 7 linhas
11:56:01 INFO     ptd_datas_assinatura               : 132 linhas
11:56:01 INFO     ptd_riscos                         : 81 linhas
11:56:01 INFO     ptd_riscos_acoes                   : 135 linhas
11:56:01 INFO     Manifesto salvo: pipeline_manifest.json | SHA-256 de 132 PDFs
11:56:01 INFO     ==================================================
11:56:01 INFO     PTD-BR v3.0-melhorado — PIPELINE CONCLUÍDO
11:56:01 INFO     ==================================================
11:56:01 INFO     ptd_corpus_raw.csv                        160 KB
11:56:01 INFO     ptd_pivot_eixos.csv                         0 KB
11:56:01 INFO     ptd_datas_assinatura.csv                    9 KB
11:56:01 INFO     ptd_riscos.csv                             23 KB
11:56:01 INFO     ptd_riscos_acoes.csv                        2 KB
11:56:01 INFO     proveniencia.json                           0 KB
11:56:01 INFO     pipeline_manifest.json                     20 KB
11:56:01 INFO     📦 Artefatos: https://github.com/freirelucas/teste/actions/runs/23977987090
11:56:01 INFO     ==================================================
