03:21:21 INFO     Docling disponível
03:21:21 WARNING  OCR fallback indisponível (IndentationError: unexpected indent (ptd_ocr_fallback.py, line 45))
03:21:22 INFO     Ignorado (guia/template/norma): ABNT-NBR-17225-Acessibilidade-Digital.pdf
03:21:22 INFO     Ignorado (guia/template/norma): cgrep-guia10passos-ptd-orgao.pdf
03:21:22 INFO     Ignorado (guia/template/norma): ABNT-NBR-17225-Acessibilidade-Digital.pdf
03:21:22 INFO     Scraping: 132 PDFs únicos | entregas: 68 | diretivos: 61
03:21:22 INFO     Baixando 132 PDFs únicos...
03:21:24 INFO     ✓ [  1/132] abin_ptd_anexo_de_entregas_assinado_pelo_orgao_ass   293.3KB
03:21:28 INFO     ✓ [  2/132] aeb_ptd_2025_2027_docdiretivo_aprovado_assinado-1_  1033.7KB
03:21:30 INFO     ✓ [  3/132] aeb_ptd_2025_2027_anexo_de_entregas_aprovado_assin   154.5KB
03:21:35 INFO     ✓ [  4/132] agu_ptd_2025_2027_docdiretivo_assinado_assinado_as  2860.3KB
03:21:38 INFO     ✓ [  5/132] agu_ptd_2025_2027_anexo_de_entregas_assinado_assin   525.5KB
03:21:40 INFO     ✓ [  6/132] ana_ptd_2025_2027_docdiretivo_assinado_assinado_as   477.2KB
03:21:42 INFO     ✓ [  7/132] ana_ptd_2025_2027_anexoentregas_assinado_assinado_   170.9KB
03:21:46 INFO     ✓ [  8/132] anac_ptd_2025_2026_docdiretivo_se_assinado_tarjado  1036.3KB
03:21:48 INFO     ✓ [  9/132] anac_ptd_2025_2026_anexo_de_entregas_se_assinado.p   215.2KB
03:21:51 INFO     ✓ [ 10/132] anatel_ptd_docdiretivo_assinado_2025_2026_assinado  1006.0KB
03:21:53 INFO     ✓ [ 11/132] anatel_ptd_2025_2026_anexo_de_entregas_do_ptd_publ    71.9KB
03:21:56 INFO     ✓ [ 12/132] ancine_ptd_2024_2026_docdiretivo_assinado-2_assina   961.8KB
03:21:59 INFO     ✓ [ 13/132] ancine_ptd_2024_2026_-_anexo_de_entregas_aprovado_   613.2KB
03:22:02 INFO     ✓ [ 14/132] ptd_aneel_2025-2027_docdiretivo_assinado_tarjado.p   779.6KB
03:22:04 INFO     ✓ [ 15/132] ptd_aneel_2025-2027_anexo_de_entregas_assinado.pdf   111.9KB
03:22:07 INFO     ✓ [ 16/132] anm_ptd_2025_2027_docdiretivo_assinadopeloorgao_ta  1092.5KB
03:22:10 INFO     ✓ [ 17/132] anm_ptd_2025_2027_anexo_entregas_assinadopeloorgao  1140.4KB
03:22:13 INFO     ✓ [ 18/132] anpd_ptd_2025_2027_docdiretivo_assinado_assinado_a  1044.3KB
03:22:16 INFO     ✓ [ 19/132] anpd_ptd_2025_2027_anexo_de_entregas_assinado_assi   166.5KB
03:22:19 INFO     ✓ [ 20/132] ans-plano_de_transformacao_digital_assinado-copia_  1023.4KB
03:22:21 INFO     ✓ [ 21/132] ans_ptd_2025_2026_anexo_de_entregas_assinado_assin   124.1KB
03:22:24 INFO     ✓ [ 22/132] antaq_ptd_2025_2027_docdiretivo_assinado_assinado_  1039.8KB
03:22:26 INFO     ✓ [ 23/132] antaq_ptd_2025_2027_anexoentregas_assinado_assinad   145.1KB
03:22:28 INFO     ✓ [ 24/132] mt_anexo_de_entregas_-_assinado_assinado_assinado_   143.6KB
03:22:37 INFO     ✓ [ 25/132] anvisa_ptd_docdiretivo_2025-2026_assinado_assinado  5771.2KB
03:22:39 INFO     ✓ [ 26/132] anvisa_ptd_anexo_de_entregas_2025_2026_assinado_as   239.0KB
03:22:42 INFO     ✓ [ 27/132] bcb_documento_diretivo_assinado_assinado_assinado-   713.7KB
03:22:44 INFO     ✓ [ 28/132] bcb_anexo_de_entregas_ptd_25_26-1_assinado_assinad   134.8KB
03:22:47 INFO     ✓ [ 29/132] cade_ptd_docdiretivo_2025_2026_assinado-2_assinado   810.4KB
03:22:50 INFO     ✓ [ 30/132] cade_ptd_anexo_de_entregas_2025_2026_assinado_copi   504.0KB
03:22:53 INFO     ✓ [ 31/132] mec_ptd_docdiretivo_2025-2026_sei_mec-5566673_copi   863.1KB
03:22:55 INFO     ✓ [ 32/132] mec_ptd_anexo-de-entregas_sei_mec-5576401_copia_ta   495.7KB
03:22:59 INFO     ✓ [ 33/132] mec_ptd_docdiretivo-versao-comunicacao_copia_tarja  1616.5KB
03:23:02 INFO     ✓ [ 34/132] md_ptd_2026_2027_anexo_de_entregas_assinado_assina   579.4KB
03:23:04 INFO     ✓ [ 35/132] md_ptd_2026_2027_anexo_de_entregas_assinado_assina   186.8KB
03:23:07 INFO     ✓ [ 36/132] md_ptd_temp_copia_tarjada.pdf                        741.9KB
03:23:10 INFO     ✓ [ 37/132] cgu_ptd_docdiretivo_assinado_assinado_assinado-cop  1085.4KB
03:23:13 INFO     ✓ [ 38/132] cgu_ptd_anexo_de_entregas_pactuadas_assinado_assin   514.1KB
03:23:15 INFO     ✓ [ 39/132] cnpq_ptd_2025_2027_docdiretivo_assinado_assinado_a   342.9KB
03:23:17 INFO     ✓ [ 40/132] cnpq_ptd_2025_2027_anexo_de_entregas_assinado_assi   136.1KB
03:23:21 INFO     ✓ [ 41/132] coaf_ptd_2025_2026_documento_diretivo_assinado_ass  1068.0KB
03:23:26 INFO     ✓ [ 42/132] coaf_ptd_2025_2026_anexo_de_entregas-2_assinado_as  3184.5KB
03:23:32 INFO     ✓ [ 43/132] ptd_midr-docdiretivo_aprovado_assinado_tarjado.pdf  3864.1KB
03:23:36 INFO     ✓ [ 44/132] ptd_midr_-_anexo_de_entregas_-_aprovado_assinado.p  1122.0KB
03:23:39 INFO     ✓ [ 45/132] mda-documento-diretivo-assinado_ptd-2025-207-copia   955.8KB
03:23:41 INFO     ✓ [ 46/132] cvm_ptd_2025_2027_docdiretivo_assinado_assinado_as   270.5KB
03:23:43 INFO     ✓ [ 47/132] cvm_ptd_2025_2027_anexoentregas_assinado_assinado_   409.0KB
03:23:46 INFO     ✓ [ 48/132] dnocs_ptd_doc_diretivo_2025_2026_assinado_orgao-2_   891.1KB
03:23:49 INFO     ✓ [ 49/132] dnocs_anexo_de_entregas_repactuado_2025_2026_assin   272.3KB
03:23:54 INFO     ✓ [ 50/132] fbn_ptd_2025_2027_docdiretivo_assinado-1_tarjado.p  2921.6KB
03:23:56 INFO     ✓ [ 51/132] fbn_ptd_2025_2027_anexo_de_entregas_assinado-1.pdf   162.3KB
03:24:00 INFO     ✓ [ 52/132] fcp_ptd_2025_2027_docdiretivo_assinado-1_tarjado.p  1612.0KB
03:24:02 INFO     ✓ [ 53/132] fcp_ptd_2025_2027_anexo_de_entregas_assinado-1.pdf   118.8KB
03:24:05 INFO     ✓ [ 54/132] fcrb_ptd_2025_2026_docdiretivo_aprovado_assinado-1   998.2KB
03:24:08 INFO     ✓ [ 55/132] fcrb_ptd_2025_2026_anexo_de_entregas_aprovado_assi   313.5KB
03:24:11 INFO     ✓ [ 56/132] fiocruz_novo-ptd_2-1_docdiretivo_repactuacao_2024-  1318.1KB
03:24:13 INFO     ✓ [ 57/132] fiocruz_ptd_anexo_de_entregas_assinado_v1_assinado   257.1KB
03:24:17 INFO     ✓ [ 58/132] fiocruz-ptd-06_2024-copia_tarjada.pdf               1693.8KB
03:24:21 INFO     ✓ [ 59/132] funai_ptd_2025_2027_docdiretivo_assinado-1_tarjado  1842.1KB
03:24:24 INFO     ✓ [ 60/132] funai_anexo_de_entregas_repactuado_2026_2027_assin   435.7KB
03:24:27 INFO     ✓ [ 61/132] funarte_ptd_docdiretivo_assinado_21_01_2025_assina   965.7KB
03:24:30 INFO     ✓ [ 62/132] funarte_ptd_anexo_de_entregas_assinado_v1_assinado   683.6KB
03:24:33 INFO     ✓ [ 63/132] fundacentro_ptd_2025_2027_docdiretivo_assinado_ass   826.6KB
03:24:35 INFO     ✓ [ 64/132] fundacentro_ptd_2025_2027_anexo_de_entregas_assina   635.5KB
03:24:38 INFO     ✓ [ 65/132] mma_ptd_docdiretivo_assinado_2025_2026-1_assinado_   949.3KB
03:24:41 INFO     ✓ [ 66/132] mma_ptd_anexo_de_entregas_aprovado_final_assinado_   174.8KB
03:24:44 INFO     ✓ [ 67/132] ibge_docdiretivo_2025_assinado_assinado_assinado-c  1167.3KB
03:24:46 INFO     ✓ [ 68/132] ibge_ptd_25_26_anexo_de_entregas_modelo_v2-1_assin   143.7KB
03:24:56 INFO     ✓ [ 69/132] incra_ptd_docdiretivo__assinado-1_assinado_assinad  7182.0KB
03:25:00 INFO     ✓ [ 70/132] incra_anexo_de_entregas_assinado-1_assinado_assina  1818.6KB
03:25:05 INFO     ✓ [ 71/132] inpi_ptd_docdiretivo_assinado_2025_2026_assinado_a  3322.4KB
03:25:10 INFO     ✓ [ 72/132] inpi_ptd_anexo_de_entregas_assinado_v1_assinado_as  3078.1KB
03:25:13 INFO     ✓ [ 73/132] inss_ptd_2025_2027_docdiretivo-assinado-copia_tarj  1173.3KB
03:25:16 INFO     ✓ [ 74/132] inss_ptd_2025_2027_anexo_de_entregas-assinado-copi   110.8KB
03:25:19 INFO     ✓ [ 75/132] iphan_ptd_docdiretivo_assinado_2025_2026_assinado_   885.7KB
03:25:21 INFO     ✓ [ 76/132] iphan_ptd_anexo_de_entregas_assinado_v1_assinado_a   310.9KB
03:25:28 INFO     ✓ [ 77/132] iti_doc_diretivo_assinado-1_tarjado.pdf             4905.1KB
03:25:31 INFO     ✓ [ 78/132] iti_anexo_de_entregas_assinado.pdf                   556.4KB
03:25:35 INFO     ✓ [ 79/132] mapa_ptd_2025_2027_docdiretivo_assinado-1_tarjado.  1740.9KB
03:25:37 INFO     ✓ [ 80/132] mapa_ptd_2025_2027_anexo_de_entregas_assinado-1.pd   261.9KB
03:25:44 INFO     ✓ [ 81/132] documento-diretivo-mcom-_-ptd-25_27-copia_tarjada.  4451.9KB
03:25:47 INFO     ✓ [ 82/132] anexo-de-entregas-mcom_ptd-25_27-copia_tarjada.pdf  1213.8KB
03:25:52 INFO     ✓ [ 83/132] ptd_21_24_mcom-copia_tarjada.pdf                    3040.7KB
03:25:55 INFO     ✓ [ 84/132] mcti_ptd_2025-2027_docdiretivo_assinado-copia_tarj  1030.7KB
03:25:58 INFO     ✓ [ 85/132] mcti_ptd_2025-2027_anexo-de-entregas_assinado-copi   145.8KB
03:26:00 INFO     ✓ [ 86/132] mda-anexo-entregas-assinado_ptd-2025-2027-copia-ta   284.6KB
03:26:03 INFO     ✓ [ 87/132] mdhc_ptd_2025_2027_docdiretivo_assinado_assinado_a   753.4KB
03:26:05 INFO     ✓ [ 88/132] mdhc_ptd_2025_2027_anexoentregas_assinado_assinado   186.8KB
03:26:07 INFO     ✓ [ 89/132] mdic_ptd_anexo_de_entregas_assinado_v1_assinado_as   176.6KB
03:26:10 INFO     ✓ [ 90/132] memp_ptd_2025_2026_docdiretivo_assinado_assinado_a  1030.1KB
03:26:13 INFO     ✓ [ 91/132] memp_ptd_2025_2026_anexo_de_entregas_assinado_assi   161.5KB
03:26:16 INFO     ✓ [ 92/132] mesp_ptd_2025_2027_docdiretivo_assinado_assinado_2  1147.7KB
03:26:18 INFO     ✓ [ 93/132] mesp_ptd_2025_2027_anexo_de_entregas_assinado_assi   226.6KB
03:26:22 INFO     ✓ [ 94/132] mf_ptd_2026_2027_documentodiretivo_assinado_assina   955.1KB
03:26:24 INFO     ✓ [ 95/132] mf_ptd_2026_2027_anexo_de_entregas_1_mf_se_assinad   241.2KB
03:26:26 INFO     ✓ [ 96/132] mgi_ptd_2025_2027_docdiretivo_assinado_assinado_as   375.2KB
03:26:29 INFO     ✓ [ 97/132] mgi_ptd_2025_2027_anexo_de_entregas_assinado_assin   256.1KB
03:26:32 INFO     ✓ [ 98/132] minc_ptd_2025_2027_docdiretivo_assinado-1_assinado   863.6KB
03:26:34 INFO     ✓ [ 99/132] minc_ptd_2025_2027_anexo_de_entregas_assinado-1_as   276.7KB
03:26:38 INFO     ✓ [100/132] mjsp_ptd_docdiretivo_assinado_2025_2026_assinado_a   954.0KB
03:26:40 INFO     ✓ [101/132] mjsp_ptd_anexo_de_entregas_assinado_v1_assinado_as   253.9KB
03:26:43 INFO     ✓ [102/132] mme_ptd_2025_2027_docdiretivo_assinado-copia_tarja   664.5KB
03:26:45 INFO     ✓ [103/132] mme_ptd_2025_2027_anexo_de_entregas_assinado__1_-c   111.1KB
03:26:48 INFO     ✓ [104/132] mmulheres_ptd_2025_2027_docdiretivo_assinado_assin  1078.3KB
03:26:50 INFO     ✓ [105/132] mmulheres_ptd_2025_2027_anexo_de_entregas_assinado   216.9KB
03:26:54 INFO     ✓ [106/132] mpi_ptd_2025_2027_docdiretivo_ministerio_dos_povos   947.9KB
03:26:56 INFO     ✓ [107/132] mpi_ptd_anexo_de_entregas_do_plano_de_tranformacao   191.9KB
03:26:59 INFO     ✓ [108/132] mpo_ptd_docdiretivo_assinado_2025_2026_assinado_as   806.3KB
03:27:01 INFO     ✓ [109/132] mpo_ptd_anexo_de_entregas_assinado_v1_assinado_ass   323.2KB
03:27:04 INFO     ✓ [110/132] mpor_ptd_2025_2027_docdiretivo_assinado_assinado_a   876.5KB
03:27:06 INFO     ✓ [111/132] mpor_ptd_2025_2027_anexo_de_entregas_assinado_assi   175.1KB
03:27:10 INFO     ✓ [112/132] mps_ptd_2025-2026_docdiretivo_final_assinado-1_ass  1024.4KB
03:27:12 INFO     ✓ [113/132] mps_ptd_2025-2026_anexo_de_entregas_final_assinado   165.0KB
03:27:15 INFO     ✓ [114/132] mre_ptd_docdiretivo_assinado_2025_2026_assinado_as   760.9KB
03:27:17 INFO     ✓ [115/132] mre_ptd_anexo_de_entregas_assinado_v1_assinado_ass   233.2KB
03:27:20 INFO     ✓ [116/132] mte_ptd_2025_2026_docdiretivo_assinado_assinado_as   729.6KB
03:27:22 INFO     ✓ [117/132] mte_ptd_anexo_de_entregas_assinado_v1__281_29_assi   459.5KB
03:27:26 INFO     ✓ [118/132] mtur_ptd_docdiretiv_assinado_30_01_2025_assinado_a  1050.4KB
03:27:28 INFO     ✓ [119/132] mtur_ptd_anexo_de_entregas_assinado_30_01_2025_ass   118.8KB
03:27:31 INFO     ✓ [120/132] pf_ptd_docdiretivo_2025_2027_assinado-copia_tarjad   964.3KB
03:27:33 INFO     ✓ [121/132] pf_ptd_anexo_de_entregas_2025_2027_assinado-copia_    62.5KB
03:27:36 INFO     ✓ [122/132] mf_ptd_2026_2027_anexo_de_entregas_4_mf_pgfn_assin   466.8KB
03:27:45 INFO     ✓ [123/132] previc_plano_de_transformacao_digital_2025_2026_29  6652.7KB
03:27:47 INFO     ✓ [124/132] previc_ptd_repactuacao_2025-2026_assinado_assinado   182.9KB
03:27:49 INFO     ✓ [125/132] prf_documentodiretivo_ptd_2026-2027_assinado_tarja   535.9KB
03:27:52 INFO     ✓ [126/132] prf_anexo_de_entregas_do_ptd__2026_2027___ptd___en   157.7KB
03:27:54 INFO     ✓ [127/132] mf_ptd_2026_2027_anexo_de_entregas_2_mf_rfb_assina   253.7KB
03:27:57 INFO     ✓ [128/132] sgpr_ptd_2026_2027_docdiretivo_assinado-copia_tarj   791.2KB
03:28:00 INFO     ✓ [129/132] sgpr_ptd_2025_2027_anexo_de_entregas_assinado-copi   897.9KB
03:28:03 INFO     ✓ [130/132] mf_ptd_2026_2027_anexo_de_entregas_3_mf_stn_assina   467.8KB
03:28:06 INFO     ✓ [131/132] susep_ptd_2025_2027_docdiretivo-assinado-copia_tar  1030.1KB
03:28:08 INFO     ✓ [132/132] susep_ptd_2025-2026_anexo_de_entregas_final_assina   221.9KB
03:28:10 INFO     132 OK | 0 erros | 123.3 MB total
03:28:16 INFO     Sanity: 132 PDFs | 113 texto | 19 imagem/OCR | 0 duplicatas
03:28:16 INFO     --siglas (debug): 15 PDFs de ['AGU', 'FIOCRUZ', 'FUNAI', 'FUNDACENTRO', 'INCRA', 'ITI', 'MCOM', 'SGPR']
03:28:16 INFO     DocumentConverter instanciado (singleton × 2: plain + OCR)
03:28:16 INFO     [1/15] → agu_ptd_2025_2027_anexo_de_entregas_assinado_assinado_assinado-copia_tarjada.pdf
03:28:16 INFO     detected formats: [<InputFormat.PDF: 'pdf'>]
03:28:16 INFO     Going to convert document batch...
03:28:16 INFO     Initializing pipeline for StandardPdfPipeline with options hash bc6794697da537796efc497178f9263f
03:28:16 INFO     Loading plugin 'docling_defaults'
03:28:16 INFO     Registered picture descriptions: ['picture_description_vlm_engine', 'vlm', 'api']
03:28:16 INFO     Loading plugin 'docling_defaults'
03:28:16 INFO     Registered ocr engines: ['auto', 'easyocr', 'kserve_v2_ocr', 'ocrmac', 'rapidocr', 'tesserocr', 'tesseract']
03:28:16 INFO     command: tesseract --list-langs
03:28:16 INFO     Loading plugin 'docling_defaults'
03:28:16 INFO     Registered layout engines: ['layout_object_detection', 'docling_layout_default', 'docling_experimental_table_crops_layout']
03:28:16 INFO     Accelerator device: 'cpu'
03:28:16 INFO     HTTP Request: GET https://huggingface.co/api/models/docling-project/docling-layout-heron/revision/main "HTTP/1.1 200 OK"
03:28:16 INFO     HTTP Request: HEAD https://huggingface.co/docling-project/docling-layout-heron/resolve/8f39ad3c0b4c58e9c2d2c84a38465abf757272d8/.gitattributes "HTTP/1.1 307 Temporary Redirect"
03:28:16 WARNING  Warning: You are sending unauthenticated requests to the HF Hub. Please set a HF_TOKEN to enable higher rate limits and faster downloads.
03:28:16 INFO     HTTP Request: HEAD https://huggingface.co/api/resolve-cache/models/docling-project/docling-layout-heron/8f39ad3c0b4c58e9c2d2c84a38465abf757272d8/.gitattributes "HTTP/1.1 200 OK"
03:28:16 INFO     HTTP Request: HEAD https://huggingface.co/docling-project/docling-layout-heron/resolve/8f39ad3c0b4c58e9c2d2c84a38465abf757272d8/README.md "HTTP/1.1 307 Temporary Redirect"
03:28:16 INFO     HTTP Request: HEAD https://huggingface.co/docling-project/docling-layout-heron/resolve/8f39ad3c0b4c58e9c2d2c84a38465abf757272d8/docling_heron_400.png "HTTP/1.1 307 Temporary Redirect"
03:28:16 INFO     HTTP Request: HEAD https://huggingface.co/docling-project/docling-layout-heron/resolve/8f39ad3c0b4c58e9c2d2c84a38465abf757272d8/model.safetensors "HTTP/1.1 302 Found"
03:28:16 INFO     HTTP Request: GET https://huggingface.co/api/resolve-cache/models/docling-project/docling-layout-heron/8f39ad3c0b4c58e9c2d2c84a38465abf757272d8/.gitattributes "HTTP/1.1 200 OK"
03:28:16 INFO     HTTP Request: HEAD https://huggingface.co/docling-project/docling-layout-heron/resolve/8f39ad3c0b4c58e9c2d2c84a38465abf757272d8/config.json "HTTP/1.1 307 Temporary Redirect"
03:28:16 INFO     HTTP Request: HEAD https://huggingface.co/docling-project/docling-layout-heron/resolve/8f39ad3c0b4c58e9c2d2c84a38465abf757272d8/preprocessor_config.json "HTTP/1.1 307 Temporary Redirect"
03:28:16 INFO     HTTP Request: HEAD https://huggingface.co/api/resolve-cache/models/docling-project/docling-layout-heron/8f39ad3c0b4c58e9c2d2c84a38465abf757272d8/README.md "HTTP/1.1 200 OK"
03:28:16 INFO     HTTP Request: HEAD https://huggingface.co/api/resolve-cache/models/docling-project/docling-layout-heron/8f39ad3c0b4c58e9c2d2c84a38465abf757272d8/docling_heron_400.png "HTTP/1.1 200 OK"
03:28:16 INFO     HTTP Request: HEAD https://huggingface.co/api/resolve-cache/models/docling-project/docling-layout-heron/8f39ad3c0b4c58e9c2d2c84a38465abf757272d8/config.json "HTTP/1.1 200 OK"
03:28:16 INFO     HTTP Request: HEAD https://huggingface.co/api/resolve-cache/models/docling-project/docling-layout-heron/8f39ad3c0b4c58e9c2d2c84a38465abf757272d8/preprocessor_config.json "HTTP/1.1 200 OK"
03:28:16 INFO     HTTP Request: GET https://huggingface.co/api/resolve-cache/models/docling-project/docling-layout-heron/8f39ad3c0b4c58e9c2d2c84a38465abf757272d8/docling_heron_400.png "HTTP/1.1 200 OK"
03:28:16 INFO     HTTP Request: GET https://huggingface.co/api/resolve-cache/models/docling-project/docling-layout-heron/8f39ad3c0b4c58e9c2d2c84a38465abf757272d8/README.md "HTTP/1.1 200 OK"
03:28:16 INFO     HTTP Request: GET https://huggingface.co/api/resolve-cache/models/docling-project/docling-layout-heron/8f39ad3c0b4c58e9c2d2c84a38465abf757272d8/preprocessor_config.json "HTTP/1.1 200 OK"
03:28:16 INFO     HTTP Request: GET https://huggingface.co/api/models/docling-project/docling-layout-heron/xet-read-token/8f39ad3c0b4c58e9c2d2c84a38465abf757272d8 "HTTP/1.1 200 OK"
03:28:16 INFO     HTTP Request: GET https://huggingface.co/api/resolve-cache/models/docling-project/docling-layout-heron/8f39ad3c0b4c58e9c2d2c84a38465abf757272d8/config.json "HTTP/1.1 200 OK"
03:28:17 INFO     Loading plugin 'docling_defaults'
03:28:17 INFO     Registered table structure engines: ['docling_tableformer', 'docling_tableformer_v2']
03:28:17 INFO     HTTP Request: GET https://huggingface.co/api/models/docling-project/docling-models/revision/v2.3.0 "HTTP/1.1 200 OK"
03:28:17 INFO     HTTP Request: HEAD https://huggingface.co/docling-project/docling-models/resolve/fc0f2d45e2218ea24bce5045f58a389aed16dc23/README.md "HTTP/1.1 307 Temporary Redirect"
03:28:17 INFO     HTTP Request: HEAD https://huggingface.co/docling-project/docling-models/resolve/fc0f2d45e2218ea24bce5045f58a389aed16dc23/.gitignore "HTTP/1.1 307 Temporary Redirect"
03:28:17 INFO     HTTP Request: HEAD https://huggingface.co/docling-project/docling-models/resolve/fc0f2d45e2218ea24bce5045f58a389aed16dc23/.gitattributes "HTTP/1.1 307 Temporary Redirect"
03:28:17 INFO     HTTP Request: HEAD https://huggingface.co/docling-project/docling-models/resolve/fc0f2d45e2218ea24bce5045f58a389aed16dc23/config.json "HTTP/1.1 307 Temporary Redirect"
03:28:17 INFO     HTTP Request: HEAD https://huggingface.co/docling-project/docling-models/resolve/fc0f2d45e2218ea24bce5045f58a389aed16dc23/model_artifacts/tableformer/accurate/tableformer_accurate.safetensors "HTTP/1.1 302 Found"
03:28:17 INFO     HTTP Request: HEAD https://huggingface.co/api/resolve-cache/models/docling-project/docling-models/fc0f2d45e2218ea24bce5045f58a389aed16dc23/README.md "HTTP/1.1 200 OK"
03:28:17 INFO     HTTP Request: HEAD https://huggingface.co/docling-project/docling-models/resolve/fc0f2d45e2218ea24bce5045f58a389aed16dc23/model_artifacts/tableformer/accurate/tm_config.json "HTTP/1.1 307 Temporary Redirect"
03:28:17 INFO     HTTP Request: HEAD https://huggingface.co/api/resolve-cache/models/docling-project/docling-models/fc0f2d45e2218ea24bce5045f58a389aed16dc23/.gitattributes "HTTP/1.1 200 OK"
03:28:17 INFO     HTTP Request: HEAD https://huggingface.co/api/resolve-cache/models/docling-project/docling-models/fc0f2d45e2218ea24bce5045f58a389aed16dc23/config.json "HTTP/1.1 200 OK"
03:28:17 INFO     HTTP Request: HEAD https://huggingface.co/api/resolve-cache/models/docling-project/docling-models/fc0f2d45e2218ea24bce5045f58a389aed16dc23/.gitignore "HTTP/1.1 200 OK"
03:28:17 INFO     HTTP Request: GET https://huggingface.co/api/resolve-cache/models/docling-project/docling-models/fc0f2d45e2218ea24bce5045f58a389aed16dc23/README.md "HTTP/1.1 200 OK"
03:28:17 INFO     HTTP Request: HEAD https://huggingface.co/api/resolve-cache/models/docling-project/docling-models/fc0f2d45e2218ea24bce5045f58a389aed16dc23/model_artifacts%2Ftableformer%2Faccurate%2Ftm_config.json "HTTP/1.1 200 OK"
03:28:17 INFO     HTTP Request: HEAD https://huggingface.co/docling-project/docling-models/resolve/fc0f2d45e2218ea24bce5045f58a389aed16dc23/model_artifacts/tableformer/fast/tableformer_fast.safetensors "HTTP/1.1 302 Found"
03:28:17 INFO     HTTP Request: HEAD https://huggingface.co/docling-project/docling-models/resolve/fc0f2d45e2218ea24bce5045f58a389aed16dc23/model_artifacts/tableformer/fast/tm_config.json "HTTP/1.1 307 Temporary Redirect"
03:28:17 INFO     HTTP Request: GET https://huggingface.co/api/resolve-cache/models/docling-project/docling-models/fc0f2d45e2218ea24bce5045f58a389aed16dc23/config.json "HTTP/1.1 200 OK"
03:28:17 INFO     HTTP Request: GET https://huggingface.co/api/resolve-cache/models/docling-project/docling-models/fc0f2d45e2218ea24bce5045f58a389aed16dc23/.gitattributes "HTTP/1.1 200 OK"
03:28:17 INFO     HTTP Request: GET https://huggingface.co/api/resolve-cache/models/docling-project/docling-models/fc0f2d45e2218ea24bce5045f58a389aed16dc23/model_artifacts%2Ftableformer%2Faccurate%2Ftm_config.json "HTTP/1.1 200 OK"
03:28:17 INFO     HTTP Request: HEAD https://huggingface.co/api/resolve-cache/models/docling-project/docling-models/fc0f2d45e2218ea24bce5045f58a389aed16dc23/model_artifacts%2Ftableformer%2Ffast%2Ftm_config.json "HTTP/1.1 200 OK"
03:28:17 INFO     HTTP Request: GET https://huggingface.co/api/models/docling-project/docling-models/xet-read-token/fc0f2d45e2218ea24bce5045f58a389aed16dc23 "HTTP/1.1 200 OK"
03:28:17 INFO     HTTP Request: GET https://huggingface.co/api/resolve-cache/models/docling-project/docling-models/fc0f2d45e2218ea24bce5045f58a389aed16dc23/.gitignore "HTTP/1.1 200 OK"
03:28:17 INFO     HTTP Request: GET https://huggingface.co/api/resolve-cache/models/docling-project/docling-models/fc0f2d45e2218ea24bce5045f58a389aed16dc23/model_artifacts%2Ftableformer%2Ffast%2Ftm_config.json "HTTP/1.1 200 OK"
03:28:17 INFO     HTTP Request: GET https://huggingface.co/api/models/docling-project/docling-models/xet-read-token/fc0f2d45e2218ea24bce5045f58a389aed16dc23 "HTTP/1.1 200 OK"
03:28:19 INFO     Accelerator device: 'cpu'
03:28:19 INFO     Processing document agu_ptd_2025_2027_anexo_de_entregas_assinado_assinado_assinado-copia_tarjada.pdf
03:28:20 INFO     command: tesseract --psm 0 -l osd /tmp/tmp50lz851m.png stdout
03:28:20 INFO     command: tesseract -l por /tmp/tmp50lz851m.png stdout tsv
03:28:23 INFO     command: tesseract --psm 0 -l osd /tmp/tmpdwhcujb1.png stdout
03:28:24 INFO     command: tesseract -l por /tmp/tmpdwhcujb1.png stdout tsv
03:28:43 INFO     Finished converting document agu_ptd_2025_2027_anexo_de_entregas_assinado_assinado_assinado-copia_tarjada.pdf in 27.56 sec.
03:28:43 INFO       pixel_budget (Docling) agu_ptd_2025_2027_anexo_de_entregas_assinado_assinado_assinado-copia_tarjada.pdf: 45.8% (área tabelas/1001817 px²)
03:28:43 INFO     [1/15] ✓ AGU       :   33 entregas | 27.6s | ETA ~6min
03:28:43 INFO     [2/15] → agu_ptd_2025_2027_docdiretivo_assinado_assinado_assinado-copia_tarjada.pdf
03:28:43 INFO     detected formats: [<InputFormat.PDF: 'pdf'>]
03:28:43 INFO     Going to convert document batch...
03:28:43 INFO     Processing document agu_ptd_2025_2027_docdiretivo_assinado_assinado_assinado-copia_tarjada.pdf
03:28:44 INFO     command: tesseract --psm 0 -l osd /tmp/tmpocpl1pnd.png stdout
03:28:44 INFO     command: tesseract -l por /tmp/tmpocpl1pnd.png stdout tsv
03:28:46 INFO     command: tesseract --psm 0 -l osd /tmp/tmpczi73t89.png stdout
03:28:48 INFO     command: tesseract -l por /tmp/tmpczi73t89.png stdout tsv
03:28:51 INFO     command: tesseract --psm 0 -l osd /tmp/tmpl0cfl4u5.png stdout
03:28:52 INFO     command: tesseract -l por /tmp/tmpl0cfl4u5.png stdout tsv
03:28:55 INFO     command: tesseract --psm 0 -l osd /tmp/tmp2stlze1g.png stdout
03:28:55 INFO     command: tesseract -l por /tmp/tmp2stlze1g.png stdout tsv
03:28:58 INFO     command: tesseract --psm 0 -l osd /tmp/tmpwcqvkqc0.png stdout
03:28:58 INFO     command: tesseract -l por /tmp/tmpwcqvkqc0.png stdout tsv
03:29:00 INFO     command: tesseract --psm 0 -l osd /tmp/tmpgar9352_.png stdout
03:29:02 INFO     command: tesseract -l por /tmp/tmpgar9352_.png stdout tsv
03:29:12 INFO     command: tesseract --psm 0 -l osd /tmp/tmpgpi1eruq.png stdout
03:29:13 INFO     command: tesseract -l por /tmp/tmpgpi1eruq.png stdout tsv
03:29:15 INFO     command: tesseract --psm 0 -l osd /tmp/tmp9x7oso1y.png stdout
03:29:16 INFO     command: tesseract -l por /tmp/tmp9x7oso1y.png stdout tsv
03:29:18 INFO     command: tesseract --psm 0 -l osd /tmp/tmpt2lj28w9.png stdout
03:29:19 INFO     command: tesseract -l por /tmp/tmpt2lj28w9.png stdout tsv
03:29:21 INFO     command: tesseract --psm 0 -l osd /tmp/tmpfqibj4wb.png stdout
03:29:23 INFO     command: tesseract -l por /tmp/tmpfqibj4wb.png stdout tsv
03:29:37 INFO     command: tesseract --psm 0 -l osd /tmp/tmpjqb_z0eh.png stdout
03:29:38 INFO     command: tesseract -l por /tmp/tmpjqb_z0eh.png stdout tsv
03:29:41 INFO     Finished converting document agu_ptd_2025_2027_docdiretivo_assinado_assinado_assinado-copia_tarjada.pdf in 58.08 sec.
03:29:41 INFO       pixel_budget (Docling) agu_ptd_2025_2027_docdiretivo_assinado_assinado_assinado-copia_tarjada.pdf: 2.1% (área tabelas/5513330 px²)
03:29:41 INFO     [2/15] ✓ AGU       :    6 entregas | 58.1s | ETA ~9min
03:29:41 INFO     [3/15] → anexo-de-entregas-mcom_ptd-25_27-copia_tarjada.pdf
03:29:41 INFO     detected formats: [<InputFormat.PDF: 'pdf'>]
03:29:41 INFO     Going to convert document batch...
03:29:41 INFO     Processing document anexo-de-entregas-mcom_ptd-25_27-copia_tarjada.pdf
03:29:42 INFO     command: tesseract --psm 0 -l osd /tmp/tmp6fkah5c_.png stdout
03:29:43 INFO     command: tesseract -l por /tmp/tmp6fkah5c_.png stdout tsv
03:29:46 INFO     command: tesseract --psm 0 -l osd /tmp/tmp7t4zncuq.png stdout
03:29:47 INFO     command: tesseract -l por /tmp/tmp7t4zncuq.png stdout tsv
03:29:59 INFO     command: tesseract --psm 0 -l osd /tmp/tmpfa3eif_h.png stdout
03:30:00 INFO     command: tesseract -l por /tmp/tmpfa3eif_h.png stdout tsv
03:30:20 INFO     Finished converting document anexo-de-entregas-mcom_ptd-25_27-copia_tarjada.pdf in 38.36 sec.
03:30:20 INFO       pixel_budget (Docling) anexo-de-entregas-mcom_ptd-25_27-copia_tarjada.pdf: 55.2% (área tabelas/1503636 px²)
03:30:20 INFO     [3/15] ✓ MCOM      :   55 entregas | 38.4s | ETA ~8min
03:30:20 INFO     [4/15] → documento-diretivo-mcom-_-ptd-25_27-copia_tarjada.pdf
03:30:20 INFO     detected formats: [<InputFormat.PDF: 'pdf'>]
03:30:20 INFO     Going to convert document batch...
03:30:20 INFO     Processing document documento-diretivo-mcom-_-ptd-25_27-copia_tarjada.pdf
03:30:20 INFO     command: tesseract --psm 0 -l osd /tmp/tmpou8ismj2.png stdout
03:30:21 INFO     command: tesseract -l por /tmp/tmpou8ismj2.png stdout tsv
03:30:23 INFO     command: tesseract --psm 0 -l osd /tmp/tmpi9or5ovr.png stdout
03:30:25 INFO     command: tesseract -l por /tmp/tmpi9or5ovr.png stdout tsv
03:30:31 INFO     command: tesseract --psm 0 -l osd /tmp/tmp8_wyt3da.png stdout
03:30:32 INFO     command: tesseract -l por /tmp/tmp8_wyt3da.png stdout tsv
03:30:33 INFO     command: tesseract --psm 0 -l osd /tmp/tmpu751wlga.png stdout
03:30:34 INFO     command: tesseract -l por /tmp/tmpu751wlga.png stdout tsv
03:30:36 INFO     command: tesseract --psm 0 -l osd /tmp/tmp25hjj7ru.png stdout
03:30:37 INFO     command: tesseract -l por /tmp/tmp25hjj7ru.png stdout tsv
03:30:39 INFO     command: tesseract --psm 0 -l osd /tmp/tmp5gj4efym.png stdout
03:30:41 INFO     command: tesseract -l por /tmp/tmp5gj4efym.png stdout tsv
03:30:55 INFO     command: tesseract --psm 0 -l osd /tmp/tmpmkt6p8k1.png stdout
03:30:56 INFO     command: tesseract -l por /tmp/tmpmkt6p8k1.png stdout tsv
03:30:58 INFO     command: tesseract --psm 0 -l osd /tmp/tmp9bjma5fm.png stdout
03:30:59 INFO     command: tesseract -l por /tmp/tmp9bjma5fm.png stdout tsv
03:31:01 INFO     command: tesseract --psm 0 -l osd /tmp/tmpoucmowoh.png stdout
03:31:02 INFO     command: tesseract -l por /tmp/tmpoucmowoh.png stdout tsv
03:31:04 INFO     command: tesseract --psm 0 -l osd /tmp/tmp80zdkefy.png stdout
03:31:05 INFO     command: tesseract -l por /tmp/tmp80zdkefy.png stdout tsv
03:31:11 INFO     command: tesseract --psm 0 -l osd /tmp/tmp32f9bybr.png stdout
03:31:12 INFO     command: tesseract -l por /tmp/tmp32f9bybr.png stdout tsv
03:31:17 INFO     command: tesseract --psm 0 -l osd /tmp/tmpufzuf1am.png stdout
03:31:18 INFO     command: tesseract -l por /tmp/tmpufzuf1am.png stdout tsv
03:31:20 INFO     command: tesseract --psm 0 -l osd /tmp/tmpmdgwp02e.png stdout
03:31:20 INFO     command: tesseract -l por /tmp/tmpmdgwp02e.png stdout tsv
03:31:22 INFO     command: tesseract --psm 0 -l osd /tmp/tmpy_7q06go.png stdout
03:31:23 INFO     command: tesseract -l por /tmp/tmpy_7q06go.png stdout tsv
03:31:30 INFO     Finished converting document documento-diretivo-mcom-_-ptd-25_27-copia_tarjada.pdf in 70.69 sec.
03:31:30 INFO       pixel_budget (Docling) documento-diretivo-mcom-_-ptd-25_27-copia_tarjada.pdf: 10.8% (área tabelas/7016966 px²)
03:31:30 WARNING  [4/15] ⚠ MCOM      :    0 entregas | 70.7s | ETA ~8min
03:31:30 INFO     [5/15] → fiocruz-ptd-06_2024-copia_tarjada.pdf
03:31:30 INFO     detected formats: [<InputFormat.PDF: 'pdf'>]
03:31:30 INFO     Going to convert document batch...
03:31:30 INFO     Initializing pipeline for StandardPdfPipeline with options hash d18651824ca6fe56cf3ccb20424ac2c8
03:31:30 INFO     Accelerator device: 'cpu'
03:31:30 INFO     HTTP Request: GET https://huggingface.co/api/models/docling-project/docling-layout-heron/revision/main "HTTP/1.1 200 OK"
03:31:31 INFO     HTTP Request: GET https://huggingface.co/api/models/docling-project/docling-models/revision/v2.3.0 "HTTP/1.1 200 OK"
03:31:31 INFO     Accelerator device: 'cpu'
03:31:31 INFO     Processing document fiocruz-ptd-06_2024-copia_tarjada.pdf
03:32:39 INFO     Finished converting document fiocruz-ptd-06_2024-copia_tarjada.pdf in 68.73 sec.
03:32:39 INFO       pixel_budget (Docling) fiocruz-ptd-06_2024-copia_tarjada.pdf: 36.4% (área tabelas/7518178 px²)
03:32:39 WARNING  [5/15] ⚠ FIOCRUZ   :    0 entregas | 68.8s | ETA ~8min
03:32:39 INFO     [6/15] → fiocruz_novo-ptd_2-1_docdiretivo_repactuacao_2024-2026_assinado_assinado-copia_tarjada.pdf
03:32:39 INFO     detected formats: [<InputFormat.PDF: 'pdf'>]
03:32:39 INFO     Going to convert document batch...
03:32:39 INFO     Processing document fiocruz_novo-ptd_2-1_docdiretivo_repactuacao_2024-2026_assinado_assinado-copia_tarjada.pdf
03:32:57 INFO     Finished converting document fiocruz_novo-ptd_2-1_docdiretivo_repactuacao_2024-2026_assinado_assinado-copia_tarjada.pdf in 17.95 sec.
03:32:57 INFO       pixel_budget (Docling) fiocruz_novo-ptd_2-1_docdiretivo_repactuacao_2024-2026_assinado_assinado-copia_tarjada.pdf: 11.3% (área tabelas/5012118 px²)
03:32:57 WARNING  [6/15] ⚠ FIOCRUZ   :    0 entregas | 18.0s | ETA ~7min
03:32:57 INFO     [7/15] → fiocruz_ptd_anexo_de_entregas_assinado_v1_assinado_assinado-1-copia_tarjada.pdf
03:32:57 INFO     detected formats: [<InputFormat.PDF: 'pdf'>]
03:32:57 INFO     Going to convert document batch...
03:32:57 INFO     Processing document fiocruz_ptd_anexo_de_entregas_assinado_v1_assinado_assinado-1-copia_tarjada.pdf
03:33:29 INFO     Finished converting document fiocruz_ptd_anexo_de_entregas_assinado_v1_assinado_assinado-1-copia_tarjada.pdf in 31.98 sec.
03:33:29 INFO       pixel_budget (Docling) fiocruz_ptd_anexo_de_entregas_assinado_v1_assinado_assinado-1-copia_tarjada.pdf: 54.7% (área tabelas/2004847 px²)
03:33:29 INFO     [7/15] ✓ FIOCRUZ   :   61 entregas | 32.0s | ETA ~5min
03:33:29 INFO     [8/15] → funai_anexo_de_entregas_repactuado_2026_2027_assinado_assinado_assinado.pdf
03:33:29 INFO     detected formats: [<InputFormat.PDF: 'pdf'>]
03:33:29 INFO     Going to convert document batch...
03:33:29 INFO     Processing document funai_anexo_de_entregas_repactuado_2026_2027_assinado_assinado_assinado.pdf
03:33:30 INFO     command: tesseract --psm 0 -l osd /tmp/tmprm7ondfb.png stdout
03:33:31 INFO     command: tesseract -l por /tmp/tmprm7ondfb.png stdout tsv
03:33:44 INFO     Finished converting document funai_anexo_de_entregas_repactuado_2026_2027_assinado_assinado_assinado.pdf in 15.02 sec.
03:33:44 INFO       pixel_budget (Docling) funai_anexo_de_entregas_repactuado_2026_2027_assinado_assinado_assinado.pdf: 49.8% (área tabelas/501212 px²)
03:33:44 INFO     [8/15] ✓ FUNAI     :   21 entregas | 15.0s | ETA ~4min
03:33:44 INFO     [9/15] → funai_ptd_2025_2027_docdiretivo_assinado-1_tarjado.pdf
03:33:44 INFO     detected formats: [<InputFormat.PDF: 'pdf'>]
03:33:44 INFO     Going to convert document batch...
03:33:44 INFO     Processing document funai_ptd_2025_2027_docdiretivo_assinado-1_tarjado.pdf
03:33:46 INFO     command: tesseract --psm 0 -l osd /tmp/tmp4dsg0kvo.png stdout
03:33:46 INFO     command: tesseract -l por /tmp/tmp4dsg0kvo.png stdout tsv
03:33:47 INFO     command: tesseract --psm 0 -l osd /tmp/tmpv0k4sfr3.png stdout
03:33:49 INFO     command: tesseract -l por /tmp/tmpv0k4sfr3.png stdout tsv
03:33:52 INFO     command: tesseract --psm 0 -l osd /tmp/tmpx3bt0xsd.png stdout
03:33:53 INFO     command: tesseract -l por /tmp/tmpx3bt0xsd.png stdout tsv
03:33:55 INFO     command: tesseract --psm 0 -l osd /tmp/tmpivpb692g.png stdout
03:33:56 INFO     command: tesseract -l por /tmp/tmpivpb692g.png stdout tsv
03:33:58 INFO     command: tesseract --psm 0 -l osd /tmp/tmp_kqua6fe.png stdout
03:33:58 INFO     command: tesseract -l por /tmp/tmp_kqua6fe.png stdout tsv
03:34:00 INFO     command: tesseract --psm 0 -l osd /tmp/tmp1j3356ji.png stdout
03:34:02 INFO     command: tesseract -l por /tmp/tmp1j3356ji.png stdout tsv
03:34:09 INFO     command: tesseract --psm 0 -l osd /tmp/tmp032slkx_.png stdout
03:34:10 INFO     command: tesseract -l por /tmp/tmp032slkx_.png stdout tsv
03:34:11 INFO     command: tesseract --psm 0 -l osd /tmp/tmpueeft7et.png stdout
03:34:12 INFO     command: tesseract -l por /tmp/tmpueeft7et.png stdout tsv
03:34:13 INFO     command: tesseract --psm 0 -l osd /tmp/tmpkik02jqu.png stdout
03:34:14 INFO     command: tesseract -l por /tmp/tmpkik02jqu.png stdout tsv
03:34:16 INFO     command: tesseract --psm 0 -l osd /tmp/tmpykn7frk_.png stdout
03:34:17 INFO     command: tesseract -l por /tmp/tmpykn7frk_.png stdout tsv
03:34:29 INFO     command: tesseract --psm 0 -l osd /tmp/tmpxo4pkf8_.png stdout
03:34:31 INFO     command: tesseract -l por /tmp/tmpxo4pkf8_.png stdout tsv
03:34:36 INFO     command: tesseract --psm 0 -l osd /tmp/tmpebla42wg.png stdout
03:34:37 INFO     command: tesseract -l por /tmp/tmpebla42wg.png stdout tsv
03:34:39 INFO     command: tesseract --psm 0 -l osd /tmp/tmp9ajfb28v.png stdout
03:34:39 INFO     command: tesseract -l por /tmp/tmp9ajfb28v.png stdout tsv
03:34:46 INFO     Finished converting document funai_ptd_2025_2027_docdiretivo_assinado-1_tarjado.pdf in 61.51 sec.
03:34:46 INFO       pixel_budget (Docling) funai_ptd_2025_2027_docdiretivo_assinado-1_tarjado.pdf: 16.4% (área tabelas/6515754 px²)
03:34:46 INFO     [9/15] ✓ FUNAI     :    8 entregas | 61.5s | ETA ~4min
03:34:46 INFO     [10/15] → incra_anexo_de_entregas_assinado-1_assinado_assinado-copia_tarjada.pdf
03:34:46 INFO     detected formats: [<InputFormat.PDF: 'pdf'>]
03:34:46 INFO     Going to convert document batch...
03:34:46 INFO     Processing document incra_anexo_de_entregas_assinado-1_assinado_assinado-copia_tarjada.pdf
03:34:47 INFO     command: tesseract --psm 0 -l osd /tmp/tmpsajkdazq.png stdout
03:34:48 INFO     command: tesseract -l por /tmp/tmpsajkdazq.png stdout tsv
03:34:50 INFO     command: tesseract --psm 0 -l osd /tmp/tmp4xadmlhu.png stdout
03:34:52 INFO     command: tesseract -l por /tmp/tmp4xadmlhu.png stdout tsv
03:35:03 INFO     command: tesseract --psm 0 -l osd /tmp/tmpyma7co3k.png stdout
03:35:04 INFO     command: tesseract -l por /tmp/tmpyma7co3k.png stdout tsv
03:35:05 INFO     command: tesseract --psm 0 -l osd /tmp/tmpylfe28w4.png stdout
03:35:06 INFO     command: tesseract -l por /tmp/tmpylfe28w4.png stdout tsv
03:35:08 INFO     command: tesseract --psm 0 -l osd /tmp/tmp9f_3qzzx.png stdout
03:35:09 INFO     command: tesseract -l por /tmp/tmp9f_3qzzx.png stdout tsv
03:36:42 INFO     Finished converting document incra_anexo_de_entregas_assinado-1_assinado_assinado-copia_tarjada.pdf in 115.86 sec.
03:36:42 INFO       pixel_budget (Docling) incra_anexo_de_entregas_assinado-1_assinado_assinado-copia_tarjada.pdf: 30.0% (área tabelas/2423520 px²)
03:36:42 INFO     [10/15] ✓ INCRA     :   10 entregas | 115.9s | ETA ~4min
03:36:42 INFO     [11/15] → incra_ptd_docdiretivo__assinado-1_assinado_assinado-copia_tarjada.pdf
03:36:42 INFO     detected formats: [<InputFormat.PDF: 'pdf'>]
03:36:42 INFO     Going to convert document batch...
03:36:42 INFO     Processing document incra_ptd_docdiretivo__assinado-1_assinado_assinado-copia_tarjada.pdf
03:36:43 INFO     command: tesseract --psm 0 -l osd /tmp/tmphagybpw4.png stdout
03:36:43 INFO     command: tesseract -l por /tmp/tmphagybpw4.png stdout tsv
03:36:45 INFO     command: tesseract --psm 0 -l osd /tmp/tmpcwpgr2a6.png stdout
03:36:47 INFO     command: tesseract -l por /tmp/tmpcwpgr2a6.png stdout tsv
03:36:52 INFO     command: tesseract --psm 0 -l osd /tmp/tmpd8tpa8zc.png stdout
03:36:53 INFO     command: tesseract -l por /tmp/tmpd8tpa8zc.png stdout tsv
03:36:55 INFO     command: tesseract --psm 0 -l osd /tmp/tmpg7i68sa8.png stdout
03:36:56 INFO     command: tesseract -l por /tmp/tmpg7i68sa8.png stdout tsv
03:36:58 INFO     command: tesseract --psm 0 -l osd /tmp/tmp40n_rr10.png stdout
03:36:58 INFO     command: tesseract -l por /tmp/tmp40n_rr10.png stdout tsv
03:37:01 INFO     command: tesseract --psm 0 -l osd /tmp/tmph03p0gje.png stdout
03:37:02 INFO     command: tesseract -l por /tmp/tmph03p0gje.png stdout tsv
03:37:19 INFO     command: tesseract --psm 0 -l osd /tmp/tmpfvw3affz.png stdout
03:37:20 INFO     command: tesseract -l por /tmp/tmpfvw3affz.png stdout tsv
03:37:21 INFO     command: tesseract --psm 0 -l osd /tmp/tmpq1ugksig.png stdout
03:37:22 INFO     command: tesseract -l por /tmp/tmpq1ugksig.png stdout tsv
03:37:23 INFO     command: tesseract --psm 0 -l osd /tmp/tmp6yhltk55.png stdout
03:37:24 INFO     command: tesseract -l por /tmp/tmp6yhltk55.png stdout tsv
03:37:26 INFO     command: tesseract --psm 0 -l osd /tmp/tmpzus2p6hp.png stdout
03:37:27 INFO     command: tesseract -l por /tmp/tmpzus2p6hp.png stdout tsv
03:37:31 INFO     command: tesseract --psm 0 -l osd /tmp/tmpbupybeed.png stdout
03:37:32 INFO     command: tesseract -l por /tmp/tmpbupybeed.png stdout tsv
03:37:45 INFO     command: tesseract --psm 0 -l osd /tmp/tmphdmg9hfg.png stdout
03:37:46 INFO     command: tesseract -l por /tmp/tmphdmg9hfg.png stdout tsv
03:37:48 INFO     command: tesseract --psm 0 -l osd /tmp/tmpz_n60g2t.png stdout
03:37:49 INFO     command: tesseract -l por /tmp/tmpz_n60g2t.png stdout tsv
03:37:56 INFO     Finished converting document incra_ptd_docdiretivo__assinado-1_assinado_assinado-copia_tarjada.pdf in 74.62 sec.
03:37:56 INFO       pixel_budget (Docling) incra_ptd_docdiretivo__assinado-1_assinado_assinado-copia_tarjada.pdf: 20.2% (área tabelas/6515754 px²)
03:37:56 INFO     [11/15] ✓ INCRA     :    9 entregas | 74.6s | ETA ~3min
03:37:56 INFO     [12/15] → iti_anexo_de_entregas_assinado.pdf
03:37:56 INFO     detected formats: [<InputFormat.PDF: 'pdf'>]
03:37:56 INFO     Going to convert document batch...
03:37:56 INFO     Processing document iti_anexo_de_entregas_assinado.pdf
03:37:57 INFO     command: tesseract --psm 0 -l osd /tmp/tmpl6pk8res.png stdout
03:37:58 INFO     command: tesseract -l por /tmp/tmpl6pk8res.png stdout tsv
03:38:14 INFO     Finished converting document iti_anexo_de_entregas_assinado.pdf in 17.34 sec.
03:38:14 INFO       pixel_budget (Docling) iti_anexo_de_entregas_assinado.pdf: 57.2% (área tabelas/501212 px²)
03:38:14 INFO     [12/15] ✓ ITI       :   31 entregas | 17.4s | ETA ~2min
03:38:14 INFO     [13/15] → iti_doc_diretivo_assinado-1_tarjado.pdf
03:38:14 INFO     detected formats: [<InputFormat.PDF: 'pdf'>]
03:38:14 INFO     Going to convert document batch...
03:38:14 INFO     Processing document iti_doc_diretivo_assinado-1_tarjado.pdf
03:38:15 INFO     command: tesseract --psm 0 -l osd /tmp/tmpxfzpxvvr.png stdout
03:38:15 INFO     command: tesseract -l por /tmp/tmpxfzpxvvr.png stdout tsv
03:38:19 INFO     command: tesseract --psm 0 -l osd /tmp/tmpfffjskhh.png stdout
03:38:20 INFO     command: tesseract -l por /tmp/tmpfffjskhh.png stdout tsv
03:38:22 INFO     command: tesseract --psm 0 -l osd /tmp/tmpfr1xezid.png stdout
03:38:23 INFO     command: tesseract -l por /tmp/tmpfr1xezid.png stdout tsv
03:38:25 INFO     command: tesseract --psm 0 -l osd /tmp/tmpgugduxy9.png stdout
03:38:26 INFO     command: tesseract -l por /tmp/tmpgugduxy9.png stdout tsv
03:38:28 INFO     command: tesseract --psm 0 -l osd /tmp/tmpiagrqwmr.png stdout
03:38:29 INFO     command: tesseract -l por /tmp/tmpiagrqwmr.png stdout tsv
03:38:31 INFO     command: tesseract --psm 0 -l osd /tmp/tmpbm87w5bt.png stdout
03:38:32 INFO     command: tesseract -l por /tmp/tmpbm87w5bt.png stdout tsv
03:38:46 INFO     command: tesseract --psm 0 -l osd /tmp/tmpj145qnev.png stdout
03:38:47 INFO     command: tesseract -l por /tmp/tmpj145qnev.png stdout tsv
03:38:50 INFO     command: tesseract --psm 0 -l osd /tmp/tmp7ep7riw7.png stdout
03:38:51 INFO     command: tesseract -l por /tmp/tmp7ep7riw7.png stdout tsv
03:38:53 INFO     command: tesseract --psm 0 -l osd /tmp/tmp6mzbc0yv.png stdout
03:38:54 INFO     command: tesseract -l por /tmp/tmp6mzbc0yv.png stdout tsv
03:38:56 INFO     command: tesseract --psm 0 -l osd /tmp/tmpbvkc95b7.png stdout
03:38:57 INFO     command: tesseract -l por /tmp/tmpbvkc95b7.png stdout tsv
03:39:08 INFO     command: tesseract --psm 0 -l osd /tmp/tmppnkw83q9.png stdout
03:39:09 INFO     command: tesseract -l por /tmp/tmppnkw83q9.png stdout tsv
03:39:14 INFO     Finished converting document iti_doc_diretivo_assinado-1_tarjado.pdf in 59.96 sec.
03:39:14 INFO       pixel_budget (Docling) iti_doc_diretivo_assinado-1_tarjado.pdf: 8.0% (área tabelas/5516339 px²)
03:39:14 INFO     [13/15] ✓ ITI       :    6 entregas | 60.0s | ETA ~1min
03:39:14 INFO     [14/15] → sgpr_ptd_2025_2027_anexo_de_entregas_assinado-copia_tarjada.pdf
03:39:14 INFO     detected formats: [<InputFormat.PDF: 'pdf'>]
03:39:14 INFO     Going to convert document batch...
03:39:14 INFO     Processing document sgpr_ptd_2025_2027_anexo_de_entregas_assinado-copia_tarjada.pdf
03:39:14 INFO     command: tesseract --psm 0 -l osd /tmp/tmp_khawkfg.png stdout
03:39:15 INFO     command: tesseract -l por /tmp/tmp_khawkfg.png stdout tsv
03:39:18 INFO     command: tesseract --psm 0 -l osd /tmp/tmp8k3mqpi9.png stdout
03:39:19 INFO     command: tesseract -l por /tmp/tmp8k3mqpi9.png stdout tsv
03:39:30 INFO     Finished converting document sgpr_ptd_2025_2027_anexo_de_entregas_assinado-copia_tarjada.pdf in 16.05 sec.
03:39:30 INFO       pixel_budget (Docling) sgpr_ptd_2025_2027_anexo_de_entregas_assinado-copia_tarjada.pdf: 29.5% (área tabelas/1002424 px²)
03:39:30 INFO     [14/15] ✓ SGPR      :   15 entregas | 16.1s | ETA ~48s
03:39:30 INFO     [15/15] → sgpr_ptd_2026_2027_docdiretivo_assinado-copia_tarjada.pdf
03:39:30 INFO     detected formats: [<InputFormat.PDF: 'pdf'>]
03:39:30 INFO     Going to convert document batch...
03:39:30 INFO     Processing document sgpr_ptd_2026_2027_docdiretivo_assinado-copia_tarjada.pdf
03:39:49 INFO     Finished converting document sgpr_ptd_2026_2027_docdiretivo_assinado-copia_tarjada.pdf in 19.75 sec.
03:39:49 INFO       pixel_budget (Docling) sgpr_ptd_2026_2027_docdiretivo_assinado-copia_tarjada.pdf: 8.2% (área tabelas/5513330 px²)
03:39:49 WARNING  [15/15] ⚠ SGPR      :    0 entregas | 19.8s | ETA ~0s
03:39:49 INFO     255 registros | 7 órgãos
03:39:49 INFO     ╔══════════════════════════════════════════════════════════════╗
03:39:49 INFO     ║                  ENTREGAS — fase concluída                   ║
03:39:49 INFO     ║  Processados: 15    |  ✓ 11  ⚠ 4                             ║
03:39:49 INFO     ║  Duração: 11.6 min                                           ║
03:39:49 INFO     ║  255 registros | 7 órgãos                                    ║
03:39:49 INFO     ╚══════════════════════════════════════════════════════════════╝
03:39:49 INFO     [1/7] → agu_ptd_2025_2027_docdiretivo_assinado_assinado_assinado-copia_tarjada.pdf
03:39:49 INFO     detected formats: [<InputFormat.PDF: 'pdf'>]
03:39:49 INFO     Going to convert document batch...
03:39:49 INFO     Processing document agu_ptd_2025_2027_docdiretivo_assinado_assinado_assinado-copia_tarjada.pdf
03:39:50 INFO     command: tesseract --psm 0 -l osd /tmp/tmp05xl7uof.png stdout
03:39:50 INFO     command: tesseract -l por /tmp/tmp05xl7uof.png stdout tsv
03:39:52 INFO     command: tesseract --psm 0 -l osd /tmp/tmpii2vigqc.png stdout
03:39:54 INFO     command: tesseract -l por /tmp/tmpii2vigqc.png stdout tsv
03:39:57 INFO     command: tesseract --psm 0 -l osd /tmp/tmpttb8fj3v.png stdout
03:39:58 INFO     command: tesseract -l por /tmp/tmpttb8fj3v.png stdout tsv
03:40:00 INFO     command: tesseract --psm 0 -l osd /tmp/tmpvuypf53u.png stdout
03:40:01 INFO     command: tesseract -l por /tmp/tmpvuypf53u.png stdout tsv
03:40:03 INFO     command: tesseract --psm 0 -l osd /tmp/tmpuf6d4f8e.png stdout
03:40:04 INFO     command: tesseract -l por /tmp/tmpuf6d4f8e.png stdout tsv
03:40:06 INFO     command: tesseract --psm 0 -l osd /tmp/tmpnlva_k_3.png stdout
03:40:07 INFO     command: tesseract -l por /tmp/tmpnlva_k_3.png stdout tsv
03:40:18 INFO     command: tesseract --psm 0 -l osd /tmp/tmp_22i_nfk.png stdout
03:40:19 INFO     command: tesseract -l por /tmp/tmp_22i_nfk.png stdout tsv
03:40:21 INFO     command: tesseract --psm 0 -l osd /tmp/tmp4dxg2c3i.png stdout
03:40:22 INFO     command: tesseract -l por /tmp/tmp4dxg2c3i.png stdout tsv
03:40:24 INFO     command: tesseract --psm 0 -l osd /tmp/tmpgqrxmn_b.png stdout
03:40:25 INFO     command: tesseract -l por /tmp/tmpgqrxmn_b.png stdout tsv
03:40:27 INFO     command: tesseract --psm 0 -l osd /tmp/tmpjlo1tpim.png stdout
03:40:29 INFO     command: tesseract -l por /tmp/tmpjlo1tpim.png stdout tsv
03:40:44 INFO     command: tesseract --psm 0 -l osd /tmp/tmps_xrvhir.png stdout
03:40:45 INFO     command: tesseract -l por /tmp/tmps_xrvhir.png stdout tsv
03:40:48 INFO     Finished converting document agu_ptd_2025_2027_docdiretivo_assinado_assinado_assinado-copia_tarjada.pdf in 58.71 sec.
03:40:48 INFO     [1/7] ✓ AGU       :   7 riscos | 58.7s | ETA ~5min
03:40:48 INFO     [2/7] → documento-diretivo-mcom-_-ptd-25_27-copia_tarjada.pdf
03:40:48 INFO     detected formats: [<InputFormat.PDF: 'pdf'>]
03:40:48 INFO     Going to convert document batch...
03:40:48 INFO     Processing document documento-diretivo-mcom-_-ptd-25_27-copia_tarjada.pdf
03:40:49 INFO     command: tesseract --psm 0 -l osd /tmp/tmppf2a11_j.png stdout
03:40:49 INFO     command: tesseract -l por /tmp/tmppf2a11_j.png stdout tsv
03:40:51 INFO     command: tesseract --psm 0 -l osd /tmp/tmp4szyl14_.png stdout
03:40:52 INFO     command: tesseract -l por /tmp/tmp4szyl14_.png stdout tsv
03:41:00 INFO     command: tesseract --psm 0 -l osd /tmp/tmp5bmgwaoa.png stdout
03:41:00 INFO     command: tesseract -l por /tmp/tmp5bmgwaoa.png stdout tsv
03:41:02 INFO     command: tesseract --psm 0 -l osd /tmp/tmpi0ppzs3h.png stdout
03:41:02 INFO     command: tesseract -l por /tmp/tmpi0ppzs3h.png stdout tsv
03:41:04 INFO     command: tesseract --psm 0 -l osd /tmp/tmp62edq3y_.png stdout
03:41:05 INFO     command: tesseract -l por /tmp/tmp62edq3y_.png stdout tsv
03:41:07 INFO     command: tesseract --psm 0 -l osd /tmp/tmpexiafqel.png stdout
03:41:09 INFO     command: tesseract -l por /tmp/tmpexiafqel.png stdout tsv
03:41:23 INFO     command: tesseract --psm 0 -l osd /tmp/tmprxjn3_ze.png stdout
03:41:24 INFO     command: tesseract -l por /tmp/tmprxjn3_ze.png stdout tsv
03:41:26 INFO     command: tesseract --psm 0 -l osd /tmp/tmpktpvvkxh.png stdout
03:41:26 INFO     command: tesseract -l por /tmp/tmpktpvvkxh.png stdout tsv
03:41:29 INFO     command: tesseract --psm 0 -l osd /tmp/tmpbrajxn7r.png stdout
03:41:29 INFO     command: tesseract -l por /tmp/tmpbrajxn7r.png stdout tsv
03:41:31 INFO     command: tesseract --psm 0 -l osd /tmp/tmpu440utfs.png stdout
03:41:33 INFO     command: tesseract -l por /tmp/tmpu440utfs.png stdout tsv
03:41:45 INFO     command: tesseract --psm 0 -l osd /tmp/tmp2k7kkr8h.png stdout
03:41:46 INFO     command: tesseract -l por /tmp/tmp2k7kkr8h.png stdout tsv
03:41:48 INFO     command: tesseract --psm 0 -l osd /tmp/tmpz9vc2za6.png stdout
03:41:49 INFO     command: tesseract -l por /tmp/tmpz9vc2za6.png stdout tsv
03:41:51 INFO     command: tesseract --psm 0 -l osd /tmp/tmpoww7w_ua.png stdout
03:41:51 INFO     command: tesseract -l por /tmp/tmpoww7w_ua.png stdout tsv
03:41:54 INFO     command: tesseract --psm 0 -l osd /tmp/tmpk6rfxb_g.png stdout
03:41:54 INFO     command: tesseract -l por /tmp/tmpk6rfxb_g.png stdout tsv
03:42:00 INFO     Finished converting document documento-diretivo-mcom-_-ptd-25_27-copia_tarjada.pdf in 72.31 sec.
03:42:00 INFO     [2/7] ✓ MCOM      :  14 riscos | 72.3s | ETA ~5min
03:42:00 INFO     [3/7] → fiocruz_novo-ptd_2-1_docdiretivo_repactuacao_2024-2026_assinado_assinado-copia_tarjada.pdf
03:42:00 INFO     detected formats: [<InputFormat.PDF: 'pdf'>]
03:42:00 INFO     Going to convert document batch...
03:42:00 INFO     Processing document fiocruz_novo-ptd_2-1_docdiretivo_repactuacao_2024-2026_assinado_assinado-copia_tarjada.pdf
03:42:18 INFO     Finished converting document fiocruz_novo-ptd_2-1_docdiretivo_repactuacao_2024-2026_assinado_assinado-copia_tarjada.pdf in 17.73 sec.
03:42:18 INFO     [3/7] ✓ FIOCRUZ   :   6 riscos | 17.7s | ETA ~3min
03:42:18 INFO     [4/7] → funai_ptd_2025_2027_docdiretivo_assinado-1_tarjado.pdf
03:42:18 INFO     detected formats: [<InputFormat.PDF: 'pdf'>]
03:42:18 INFO     Going to convert document batch...
03:42:18 INFO     Processing document funai_ptd_2025_2027_docdiretivo_assinado-1_tarjado.pdf
03:42:19 INFO     command: tesseract --psm 0 -l osd /tmp/tmp69cx8l5c.png stdout
03:42:20 INFO     command: tesseract -l por /tmp/tmp69cx8l5c.png stdout tsv
03:42:21 INFO     command: tesseract --psm 0 -l osd /tmp/tmp342ozjwh.png stdout
03:42:23 INFO     command: tesseract -l por /tmp/tmp342ozjwh.png stdout tsv
03:42:24 INFO     command: tesseract --psm 0 -l osd /tmp/tmpflu3yjsx.png stdout
03:42:25 INFO     command: tesseract -l por /tmp/tmpflu3yjsx.png stdout tsv
03:42:27 INFO     command: tesseract --psm 0 -l osd /tmp/tmpdhjpfycp.png stdout
03:42:28 INFO     command: tesseract -l por /tmp/tmpdhjpfycp.png stdout tsv
03:42:30 INFO     command: tesseract --psm 0 -l osd /tmp/tmp9eicxkux.png stdout
03:42:30 INFO     command: tesseract -l por /tmp/tmp9eicxkux.png stdout tsv
03:42:32 INFO     command: tesseract --psm 0 -l osd /tmp/tmpnhk73x6x.png stdout
03:42:34 INFO     command: tesseract -l por /tmp/tmpnhk73x6x.png stdout tsv
03:42:45 INFO     command: tesseract --psm 0 -l osd /tmp/tmpf3eja6g5.png stdout
03:42:45 INFO     command: tesseract -l por /tmp/tmpf3eja6g5.png stdout tsv
03:42:47 INFO     command: tesseract --psm 0 -l osd /tmp/tmp06cbtjde.png stdout
03:42:47 INFO     command: tesseract -l por /tmp/tmp06cbtjde.png stdout tsv
03:42:49 INFO     command: tesseract --psm 0 -l osd /tmp/tmpin3a20qa.png stdout
03:42:49 INFO     command: tesseract -l por /tmp/tmpin3a20qa.png stdout tsv
03:42:51 INFO     command: tesseract --psm 0 -l osd /tmp/tmpm86b_ikd.png stdout
03:42:53 INFO     command: tesseract -l por /tmp/tmpm86b_ikd.png stdout tsv
03:43:05 INFO     command: tesseract --psm 0 -l osd /tmp/tmpaz3j_m8w.png stdout
03:43:06 INFO     command: tesseract -l por /tmp/tmpaz3j_m8w.png stdout tsv
03:43:14 INFO     command: tesseract --psm 0 -l osd /tmp/tmp0yfz12_m.png stdout
03:43:15 INFO     command: tesseract -l por /tmp/tmp0yfz12_m.png stdout tsv
03:43:17 INFO     command: tesseract --psm 0 -l osd /tmp/tmp66mmi3bi.png stdout
03:43:18 INFO     command: tesseract -l por /tmp/tmp66mmi3bi.png stdout tsv
03:43:24 INFO     Finished converting document funai_ptd_2025_2027_docdiretivo_assinado-1_tarjado.pdf in 66.01 sec.
03:43:24 INFO     [4/7] ✓ FUNAI     :  15 riscos | 66.0s | ETA ~2min
03:43:24 INFO     [5/7] → incra_ptd_docdiretivo__assinado-1_assinado_assinado-copia_tarjada.pdf
03:43:24 INFO     detected formats: [<InputFormat.PDF: 'pdf'>]
03:43:24 INFO     Going to convert document batch...
03:43:24 INFO     Processing document incra_ptd_docdiretivo__assinado-1_assinado_assinado-copia_tarjada.pdf
03:43:25 INFO     command: tesseract --psm 0 -l osd /tmp/tmpjwjiqci7.png stdout
03:43:26 INFO     command: tesseract -l por /tmp/tmpjwjiqci7.png stdout tsv
03:43:28 INFO     command: tesseract --psm 0 -l osd /tmp/tmp8lmqcc4a.png stdout
03:43:29 INFO     command: tesseract -l por /tmp/tmp8lmqcc4a.png stdout tsv
03:43:35 INFO     command: tesseract --psm 0 -l osd /tmp/tmp0p2zdwqc.png stdout
03:43:36 INFO     command: tesseract -l por /tmp/tmp0p2zdwqc.png stdout tsv
03:43:38 INFO     command: tesseract --psm 0 -l osd /tmp/tmpaur3urhg.png stdout
03:43:39 INFO     command: tesseract -l por /tmp/tmpaur3urhg.png stdout tsv
03:43:40 INFO     command: tesseract --psm 0 -l osd /tmp/tmphfq2yaer.png stdout
03:43:41 INFO     command: tesseract -l por /tmp/tmphfq2yaer.png stdout tsv
03:43:43 INFO     command: tesseract --psm 0 -l osd /tmp/tmpb3ra1kz5.png stdout
03:43:45 INFO     command: tesseract -l por /tmp/tmpb3ra1kz5.png stdout tsv
03:44:01 INFO     command: tesseract --psm 0 -l osd /tmp/tmpvljhm2qc.png stdout
03:44:02 INFO     command: tesseract -l por /tmp/tmpvljhm2qc.png stdout tsv
03:44:04 INFO     command: tesseract --psm 0 -l osd /tmp/tmpl_qgew2f.png stdout
03:44:04 INFO     command: tesseract -l por /tmp/tmpl_qgew2f.png stdout tsv
03:44:06 INFO     command: tesseract --psm 0 -l osd /tmp/tmpjd3p8mlf.png stdout
03:44:07 INFO     command: tesseract -l por /tmp/tmpjd3p8mlf.png stdout tsv
03:44:09 INFO     command: tesseract --psm 0 -l osd /tmp/tmpss1gh34b.png stdout
03:44:10 INFO     command: tesseract -l por /tmp/tmpss1gh34b.png stdout tsv
03:44:16 INFO     command: tesseract --psm 0 -l osd /tmp/tmptctvfuj6.png stdout
03:44:17 INFO     command: tesseract -l por /tmp/tmptctvfuj6.png stdout tsv
03:44:28 INFO     command: tesseract --psm 0 -l osd /tmp/tmpag1n7qc7.png stdout
03:44:29 INFO     command: tesseract -l por /tmp/tmpag1n7qc7.png stdout tsv
03:44:30 INFO     command: tesseract --psm 0 -l osd /tmp/tmp0mmvt9wr.png stdout
03:44:31 INFO     command: tesseract -l por /tmp/tmp0mmvt9wr.png stdout tsv
03:44:39 INFO     Finished converting document incra_ptd_docdiretivo__assinado-1_assinado_assinado-copia_tarjada.pdf in 74.66 sec.
03:44:39 INFO     [5/7] ✓ INCRA     :  15 riscos | 74.7s | ETA ~1min
03:44:39 INFO     [6/7] → iti_doc_diretivo_assinado-1_tarjado.pdf
03:44:39 INFO     detected formats: [<InputFormat.PDF: 'pdf'>]
03:44:39 INFO     Going to convert document batch...
03:44:39 INFO     Processing document iti_doc_diretivo_assinado-1_tarjado.pdf
03:44:39 INFO     command: tesseract --psm 0 -l osd /tmp/tmp67_4jymr.png stdout
03:44:40 INFO     command: tesseract -l por /tmp/tmp67_4jymr.png stdout tsv
03:44:42 INFO     command: tesseract --psm 0 -l osd /tmp/tmpfpwrv16t.png stdout
03:44:44 INFO     command: tesseract -l por /tmp/tmpfpwrv16t.png stdout tsv
03:44:46 INFO     command: tesseract --psm 0 -l osd /tmp/tmpen4w81e0.png stdout
03:44:47 INFO     command: tesseract -l por /tmp/tmpen4w81e0.png stdout tsv
03:44:49 INFO     command: tesseract --psm 0 -l osd /tmp/tmpgrad8wcy.png stdout
03:44:50 INFO     command: tesseract -l por /tmp/tmpgrad8wcy.png stdout tsv
03:44:51 INFO     command: tesseract --psm 0 -l osd /tmp/tmpk0lwy9pg.png stdout
03:44:52 INFO     command: tesseract -l por /tmp/tmpk0lwy9pg.png stdout tsv
03:44:54 INFO     command: tesseract --psm 0 -l osd /tmp/tmpzg5weyto.png stdout
03:44:56 INFO     command: tesseract -l por /tmp/tmpzg5weyto.png stdout tsv
03:45:12 INFO     command: tesseract --psm 0 -l osd /tmp/tmphu1r3avv.png stdout
03:45:13 INFO     command: tesseract -l por /tmp/tmphu1r3avv.png stdout tsv
03:45:15 INFO     command: tesseract --psm 0 -l osd /tmp/tmp784r8srp.png stdout
03:45:16 INFO     command: tesseract -l por /tmp/tmp784r8srp.png stdout tsv
03:45:18 INFO     command: tesseract --psm 0 -l osd /tmp/tmps3s6ltkp.png stdout
03:45:19 INFO     command: tesseract -l por /tmp/tmps3s6ltkp.png stdout tsv
03:45:21 INFO     command: tesseract --psm 0 -l osd /tmp/tmpjo0vrxnq.png stdout
03:45:22 INFO     command: tesseract -l por /tmp/tmpjo0vrxnq.png stdout tsv
03:45:38 INFO     command: tesseract --psm 0 -l osd /tmp/tmpa8srwjtl.png stdout
03:45:39 INFO     command: tesseract -l por /tmp/tmpa8srwjtl.png stdout tsv
03:45:42 INFO     Finished converting document iti_doc_diretivo_assinado-1_tarjado.pdf in 63.00 sec.
03:45:42 INFO     [6/7] ✓ ITI       :  14 riscos | 63.0s | ETA ~59s
03:45:42 INFO     [7/7] → sgpr_ptd_2026_2027_docdiretivo_assinado-copia_tarjada.pdf
03:45:42 INFO     detected formats: [<InputFormat.PDF: 'pdf'>]
03:45:42 INFO     Going to convert document batch...
03:45:42 INFO     Processing document sgpr_ptd_2026_2027_docdiretivo_assinado-copia_tarjada.pdf
03:46:02 INFO     Finished converting document sgpr_ptd_2026_2027_docdiretivo_assinado-copia_tarjada.pdf in 19.97 sec.
03:46:02 INFO     [7/7] ✓ SGPR      :  10 riscos | 20.0s | ETA ~0s
03:46:02 INFO     ╔══════════════════════════════════════════════════════════════╗
03:46:02 INFO     ║                   RISCOS — fase concluída                    ║
03:46:02 INFO     ║  Processados: 7     |  ✓ 7  ⚠ 0                              ║
03:46:02 INFO     ║  Duração: 6.2 min                                            ║
03:46:02 INFO     ║  81 riscos | 7 órgãos                                        ║
03:46:02 INFO     ╚══════════════════════════════════════════════════════════════╝
03:46:02 INFO     81 riscos | 0 ações | 135 relações
03:46:02 INFO     ptd_corpus_raw                     : 255 linhas
03:46:02 INFO     ptd_pivot_eixos                    : 7 linhas
03:46:05 INFO     ptd_datas_assinatura               : 132 linhas
03:46:05 INFO     ptd_riscos                         : 81 linhas
03:46:05 INFO     ptd_riscos_acoes                   : 135 linhas
03:46:05 INFO     Manifesto salvo: pipeline_manifest.json | SHA-256 de 132 PDFs
03:46:05 INFO     ==================================================
03:46:05 INFO     PTD-BR v3.0-melhorado — PIPELINE CONCLUÍDO
03:46:05 INFO     ==================================================
03:46:05 INFO     ptd_corpus_raw.csv                        155 KB
03:46:05 INFO     ptd_pivot_eixos.csv                         0 KB
03:46:05 INFO     ptd_datas_assinatura.csv                    9 KB
03:46:05 INFO     ptd_riscos.csv                             23 KB
03:46:05 INFO     ptd_riscos_acoes.csv                        2 KB
03:46:05 INFO     proveniencia.json                           0 KB
03:46:05 INFO     pipeline_manifest.json                     20 KB
03:46:05 INFO     📦 Artefatos: https://github.com/freirelucas/teste/actions/runs/23970228838
03:46:05 INFO     ==================================================
