15:34:48 INFO     Docling disponível
15:34:48 WARNING  OCR fallback indisponível (IndentationError: unexpected indent (ptd_ocr_fallback.py, line 45))
15:34:56 INFO     Ignorado (guia/template/norma): ABNT-NBR-17225-Acessibilidade-Digital.pdf
15:34:56 INFO     Ignorado (guia/template/norma): cgrep-guia10passos-ptd-orgao.pdf
15:34:56 INFO     Ignorado (guia/template/norma): ABNT-NBR-17225-Acessibilidade-Digital.pdf
15:34:56 INFO     Scraping: 132 PDFs únicos | entregas: 68 | diretivos: 61
15:34:56 INFO     Baixando 132 PDFs únicos...
15:34:58 INFO     ✓ [  1/132] abin_ptd_anexo_de_entregas_assinado_pelo_orgao_ass   293.3KB
15:35:01 INFO     ✓ [  2/132] aeb_ptd_2025_2027_docdiretivo_aprovado_assinado-1_  1033.7KB
15:35:04 INFO     ✓ [  3/132] aeb_ptd_2025_2027_anexo_de_entregas_aprovado_assin   154.5KB
15:35:12 INFO     ✓ [  4/132] agu_ptd_2025_2027_docdiretivo_assinado_assinado_as  2860.3KB
15:35:14 INFO     ✓ [  5/132] agu_ptd_2025_2027_anexo_de_entregas_assinado_assin   525.5KB
15:35:17 INFO     ✓ [  6/132] ana_ptd_2025_2027_docdiretivo_assinado_assinado_as   477.2KB
15:35:19 INFO     ✓ [  7/132] ana_ptd_2025_2027_anexoentregas_assinado_assinado_   170.9KB
15:35:22 INFO     ✓ [  8/132] anac_ptd_2025_2026_docdiretivo_se_assinado_tarjado  1036.3KB
15:35:25 INFO     ✓ [  9/132] anac_ptd_2025_2026_anexo_de_entregas_se_assinado.p   215.2KB
15:35:28 INFO     ✓ [ 10/132] anatel_ptd_docdiretivo_assinado_2025_2026_assinado  1006.0KB
15:35:30 INFO     ✓ [ 11/132] anatel_ptd_2025_2026_anexo_de_entregas_do_ptd_publ    71.9KB
15:35:34 INFO     ✓ [ 12/132] ancine_ptd_2024_2026_docdiretivo_assinado-2_assina   961.8KB
15:35:37 INFO     ✓ [ 13/132] ancine_ptd_2024_2026_-_anexo_de_entregas_aprovado_   613.2KB
15:35:40 INFO     ✓ [ 14/132] ptd_aneel_2025-2027_docdiretivo_assinado_tarjado.p   779.6KB
15:35:42 INFO     ✓ [ 15/132] ptd_aneel_2025-2027_anexo_de_entregas_assinado.pdf   111.9KB
15:35:45 INFO     ✓ [ 16/132] anm_ptd_2025_2027_docdiretivo_assinadopeloorgao_ta  1092.5KB
15:35:49 INFO     ✓ [ 17/132] anm_ptd_2025_2027_anexo_entregas_assinadopeloorgao  1140.4KB
15:35:52 INFO     ✓ [ 18/132] anpd_ptd_2025_2027_docdiretivo_assinado_assinado_a  1044.3KB
15:35:54 INFO     ✓ [ 19/132] anpd_ptd_2025_2027_anexo_de_entregas_assinado_assi   166.5KB
15:35:57 INFO     ✓ [ 20/132] ans-plano_de_transformacao_digital_assinado-copia_  1023.4KB
15:35:59 INFO     ✓ [ 21/132] ans_ptd_2025_2026_anexo_de_entregas_assinado_assin   124.1KB
15:36:03 INFO     ✓ [ 22/132] antaq_ptd_2025_2027_docdiretivo_assinado_assinado_  1039.8KB
15:36:05 INFO     ✓ [ 23/132] antaq_ptd_2025_2027_anexoentregas_assinado_assinad   145.1KB
15:36:07 INFO     ✓ [ 24/132] mt_anexo_de_entregas_-_assinado_assinado_assinado_   143.6KB
15:36:15 INFO     ✓ [ 25/132] anvisa_ptd_docdiretivo_2025-2026_assinado_assinado  5771.2KB
15:36:18 INFO     ✓ [ 26/132] anvisa_ptd_anexo_de_entregas_2025_2026_assinado_as   239.0KB
15:36:21 INFO     ✓ [ 27/132] bcb_documento_diretivo_assinado_assinado_assinado-   713.7KB
15:36:23 INFO     ✓ [ 28/132] bcb_anexo_de_entregas_ptd_25_26-1_assinado_assinad   134.8KB
15:36:26 INFO     ✓ [ 29/132] cade_ptd_docdiretivo_2025_2026_assinado-2_assinado   810.4KB
15:36:29 INFO     ✓ [ 30/132] cade_ptd_anexo_de_entregas_2025_2026_assinado_copi   504.0KB
15:36:32 INFO     ✓ [ 31/132] mec_ptd_docdiretivo_2025-2026_sei_mec-5566673_copi   863.1KB
15:36:34 INFO     ✓ [ 32/132] mec_ptd_anexo-de-entregas_sei_mec-5576401_copia_ta   495.7KB
15:36:38 INFO     ✓ [ 33/132] mec_ptd_docdiretivo-versao-comunicacao_copia_tarja  1616.5KB
15:36:41 INFO     ✓ [ 34/132] md_ptd_2026_2027_anexo_de_entregas_assinado_assina   579.4KB
15:36:43 INFO     ✓ [ 35/132] md_ptd_2026_2027_anexo_de_entregas_assinado_assina   186.8KB
15:36:46 INFO     ✓ [ 36/132] md_ptd_temp_copia_tarjada.pdf                        741.9KB
15:36:49 INFO     ✓ [ 37/132] cgu_ptd_docdiretivo_assinado_assinado_assinado-cop  1085.4KB
15:36:52 INFO     ✓ [ 38/132] cgu_ptd_anexo_de_entregas_pactuadas_assinado_assin   514.1KB
15:36:55 INFO     ✓ [ 39/132] cnpq_ptd_2025_2027_docdiretivo_assinado_assinado_a   342.9KB
15:36:57 INFO     ✓ [ 40/132] cnpq_ptd_2025_2027_anexo_de_entregas_assinado_assi   136.1KB
15:37:00 INFO     ✓ [ 41/132] coaf_ptd_2025_2026_documento_diretivo_assinado_ass  1068.0KB
15:37:06 INFO     ✓ [ 42/132] coaf_ptd_2025_2026_anexo_de_entregas-2_assinado_as  3184.5KB
15:37:12 INFO     ✓ [ 43/132] ptd_midr-docdiretivo_aprovado_assinado_tarjado.pdf  3864.1KB
15:37:15 INFO     ✓ [ 44/132] ptd_midr_-_anexo_de_entregas_-_aprovado_assinado.p  1122.0KB
15:37:18 INFO     ✓ [ 45/132] mda-documento-diretivo-assinado_ptd-2025-207-copia   955.8KB
15:37:21 INFO     ✓ [ 46/132] cvm_ptd_2025_2027_docdiretivo_assinado_assinado_as   270.5KB
15:37:23 INFO     ✓ [ 47/132] cvm_ptd_2025_2027_anexoentregas_assinado_assinado_   409.0KB
15:37:26 INFO     ✓ [ 48/132] dnocs_ptd_doc_diretivo_2025_2026_assinado_orgao-2_   891.1KB
15:37:29 INFO     ✓ [ 49/132] dnocs_anexo_de_entregas_repactuado_2025_2026_assin   272.3KB
15:37:34 INFO     ✓ [ 50/132] fbn_ptd_2025_2027_docdiretivo_assinado-1_tarjado.p  2921.6KB
15:37:36 INFO     ✓ [ 51/132] fbn_ptd_2025_2027_anexo_de_entregas_assinado-1.pdf   162.3KB
15:37:40 INFO     ✓ [ 52/132] fcp_ptd_2025_2027_docdiretivo_assinado-1_tarjado.p  1612.0KB
15:37:42 INFO     ✓ [ 53/132] fcp_ptd_2025_2027_anexo_de_entregas_assinado-1.pdf   118.8KB
15:37:45 INFO     ✓ [ 54/132] fcrb_ptd_2025_2026_docdiretivo_aprovado_assinado-1   998.2KB
15:37:48 INFO     ✓ [ 55/132] fcrb_ptd_2025_2026_anexo_de_entregas_aprovado_assi   313.5KB
15:37:51 INFO     ✓ [ 56/132] fiocruz_novo-ptd_2-1_docdiretivo_repactuacao_2024-  1318.1KB
15:37:53 INFO     ✓ [ 57/132] fiocruz_ptd_anexo_de_entregas_assinado_v1_assinado   257.1KB
15:37:57 INFO     ✓ [ 58/132] fiocruz-ptd-06_2024-copia_tarjada.pdf               1693.8KB
15:38:02 INFO     ✓ [ 59/132] funai_ptd_2025_2027_docdiretivo_assinado-1_tarjado  1842.1KB
15:38:04 INFO     ✓ [ 60/132] funai_anexo_de_entregas_repactuado_2026_2027_assin   435.7KB
15:38:07 INFO     ✓ [ 61/132] funarte_ptd_docdiretivo_assinado_21_01_2025_assina   965.7KB
15:38:10 INFO     ✓ [ 62/132] funarte_ptd_anexo_de_entregas_assinado_v1_assinado   683.6KB
15:38:13 INFO     ✓ [ 63/132] fundacentro_ptd_2025_2027_docdiretivo_assinado_ass   826.6KB
15:38:16 INFO     ✓ [ 64/132] fundacentro_ptd_2025_2027_anexo_de_entregas_assina   635.5KB
15:38:19 INFO     ✓ [ 65/132] mma_ptd_docdiretivo_assinado_2025_2026-1_assinado_   949.3KB
15:38:21 INFO     ✓ [ 66/132] mma_ptd_anexo_de_entregas_aprovado_final_assinado_   174.8KB
15:38:24 INFO     ✓ [ 67/132] ibge_docdiretivo_2025_assinado_assinado_assinado-c  1167.3KB
15:38:26 INFO     ✓ [ 68/132] ibge_ptd_25_26_anexo_de_entregas_modelo_v2-1_assin   143.7KB
15:38:36 INFO     ✓ [ 69/132] incra_ptd_docdiretivo__assinado-1_assinado_assinad  7182.0KB
15:38:40 INFO     ✓ [ 70/132] incra_anexo_de_entregas_assinado-1_assinado_assina  1818.6KB
15:38:46 INFO     ✓ [ 71/132] inpi_ptd_docdiretivo_assinado_2025_2026_assinado_a  3322.4KB
15:38:51 INFO     ✓ [ 72/132] inpi_ptd_anexo_de_entregas_assinado_v1_assinado_as  3078.1KB
15:38:54 INFO     ✓ [ 73/132] inss_ptd_2025_2027_docdiretivo-assinado-copia_tarj  1173.3KB
15:38:56 INFO     ✓ [ 74/132] inss_ptd_2025_2027_anexo_de_entregas-assinado-copi   110.8KB
15:38:59 INFO     ✓ [ 75/132] iphan_ptd_docdiretivo_assinado_2025_2026_assinado_   885.7KB
15:39:02 INFO     ✓ [ 76/132] iphan_ptd_anexo_de_entregas_assinado_v1_assinado_a   310.9KB
15:39:09 INFO     ✓ [ 77/132] iti_doc_diretivo_assinado-1_tarjado.pdf             4905.1KB
15:39:12 INFO     ✓ [ 78/132] iti_anexo_de_entregas_assinado.pdf                   556.4KB
15:39:16 INFO     ✓ [ 79/132] mapa_ptd_2025_2027_docdiretivo_assinado-1_tarjado.  1740.9KB
15:39:18 INFO     ✓ [ 80/132] mapa_ptd_2025_2027_anexo_de_entregas_assinado-1.pd   261.9KB
15:39:25 INFO     ✓ [ 81/132] documento-diretivo-mcom-_-ptd-25_27-copia_tarjada.  4451.9KB
15:39:29 INFO     ✓ [ 82/132] anexo-de-entregas-mcom_ptd-25_27-copia_tarjada.pdf  1213.8KB
15:39:34 INFO     ✓ [ 83/132] ptd_21_24_mcom-copia_tarjada.pdf                    3040.7KB
15:39:37 INFO     ✓ [ 84/132] mcti_ptd_2025-2027_docdiretivo_assinado-copia_tarj  1030.7KB
15:39:39 INFO     ✓ [ 85/132] mcti_ptd_2025-2027_anexo-de-entregas_assinado-copi   145.8KB
15:39:42 INFO     ✓ [ 86/132] mda-anexo-entregas-assinado_ptd-2025-2027-copia-ta   284.6KB
15:39:44 INFO     ✓ [ 87/132] mdhc_ptd_2025_2027_docdiretivo_assinado_assinado_a   753.4KB
15:39:47 INFO     ✓ [ 88/132] mdhc_ptd_2025_2027_anexoentregas_assinado_assinado   186.8KB
15:39:49 INFO     ✓ [ 89/132] mdic_ptd_anexo_de_entregas_assinado_v1_assinado_as   176.6KB
15:39:52 INFO     ✓ [ 90/132] memp_ptd_2025_2026_docdiretivo_assinado_assinado_a  1030.1KB
15:39:54 INFO     ✓ [ 91/132] memp_ptd_2025_2026_anexo_de_entregas_assinado_assi   161.5KB
15:39:58 INFO     ✓ [ 92/132] mesp_ptd_2025_2027_docdiretivo_assinado_assinado_2  1147.7KB
15:40:00 INFO     ✓ [ 93/132] mesp_ptd_2025_2027_anexo_de_entregas_assinado_assi   226.6KB
15:40:03 INFO     ✓ [ 94/132] mf_ptd_2026_2027_documentodiretivo_assinado_assina   955.1KB
15:40:06 INFO     ✓ [ 95/132] mf_ptd_2026_2027_anexo_de_entregas_1_mf_se_assinad   241.2KB
15:40:08 INFO     ✓ [ 96/132] mgi_ptd_2025_2027_docdiretivo_assinado_assinado_as   375.2KB
15:40:11 INFO     ✓ [ 97/132] mgi_ptd_2025_2027_anexo_de_entregas_assinado_assin   256.1KB
15:40:14 INFO     ✓ [ 98/132] minc_ptd_2025_2027_docdiretivo_assinado-1_assinado   863.6KB
15:40:16 INFO     ✓ [ 99/132] minc_ptd_2025_2027_anexo_de_entregas_assinado-1_as   276.7KB
15:40:20 INFO     ✓ [100/132] mjsp_ptd_docdiretivo_assinado_2025_2026_assinado_a   954.0KB
15:40:22 INFO     ✓ [101/132] mjsp_ptd_anexo_de_entregas_assinado_v1_assinado_as   253.9KB
15:40:25 INFO     ✓ [102/132] mme_ptd_2025_2027_docdiretivo_assinado-copia_tarja   664.5KB
15:40:27 INFO     ✓ [103/132] mme_ptd_2025_2027_anexo_de_entregas_assinado__1_-c   111.1KB
15:40:30 INFO     ✓ [104/132] mmulheres_ptd_2025_2027_docdiretivo_assinado_assin  1078.3KB
15:40:33 INFO     ✓ [105/132] mmulheres_ptd_2025_2027_anexo_de_entregas_assinado   216.9KB
15:40:36 INFO     ✓ [106/132] mpi_ptd_2025_2027_docdiretivo_ministerio_dos_povos   947.9KB
15:40:38 INFO     ✓ [107/132] mpi_ptd_anexo_de_entregas_do_plano_de_tranformacao   191.9KB
15:40:41 INFO     ✓ [108/132] mpo_ptd_docdiretivo_assinado_2025_2026_assinado_as   806.3KB
15:40:44 INFO     ✓ [109/132] mpo_ptd_anexo_de_entregas_assinado_v1_assinado_ass   323.2KB
15:40:47 INFO     ✓ [110/132] mpor_ptd_2025_2027_docdiretivo_assinado_assinado_a   876.5KB
15:40:49 INFO     ✓ [111/132] mpor_ptd_2025_2027_anexo_de_entregas_assinado_assi   175.1KB
15:40:52 INFO     ✓ [112/132] mps_ptd_2025-2026_docdiretivo_final_assinado-1_ass  1024.4KB
15:40:55 INFO     ✓ [113/132] mps_ptd_2025-2026_anexo_de_entregas_final_assinado   165.0KB
15:40:58 INFO     ✓ [114/132] mre_ptd_docdiretivo_assinado_2025_2026_assinado_as   760.9KB
15:41:00 INFO     ✓ [115/132] mre_ptd_anexo_de_entregas_assinado_v1_assinado_ass   233.2KB
15:41:03 INFO     ✓ [116/132] mte_ptd_2025_2026_docdiretivo_assinado_assinado_as   729.6KB
15:41:06 INFO     ✓ [117/132] mte_ptd_anexo_de_entregas_assinado_v1__281_29_assi   459.5KB
15:41:09 INFO     ✓ [118/132] mtur_ptd_docdiretiv_assinado_30_01_2025_assinado_a  1050.4KB
15:41:11 INFO     ✓ [119/132] mtur_ptd_anexo_de_entregas_assinado_30_01_2025_ass   118.8KB
15:41:14 INFO     ✓ [120/132] pf_ptd_docdiretivo_2025_2027_assinado-copia_tarjad   964.3KB
15:41:16 INFO     ✓ [121/132] pf_ptd_anexo_de_entregas_2025_2027_assinado-copia_    62.5KB
15:41:19 INFO     ✓ [122/132] mf_ptd_2026_2027_anexo_de_entregas_4_mf_pgfn_assin   466.8KB
15:41:28 INFO     ✓ [123/132] previc_plano_de_transformacao_digital_2025_2026_29  6652.7KB
15:41:30 INFO     ✓ [124/132] previc_ptd_repactuacao_2025-2026_assinado_assinado   182.9KB
15:41:33 INFO     ✓ [125/132] prf_documentodiretivo_ptd_2026-2027_assinado_tarja   535.9KB
15:41:35 INFO     ✓ [126/132] prf_anexo_de_entregas_do_ptd__2026_2027___ptd___en   157.7KB
15:41:38 INFO     ✓ [127/132] mf_ptd_2026_2027_anexo_de_entregas_2_mf_rfb_assina   253.7KB
15:41:41 INFO     ✓ [128/132] sgpr_ptd_2026_2027_docdiretivo_assinado-copia_tarj   791.2KB
15:41:44 INFO     ✓ [129/132] sgpr_ptd_2025_2027_anexo_de_entregas_assinado-copi   897.9KB
15:41:46 INFO     ✓ [130/132] mf_ptd_2026_2027_anexo_de_entregas_3_mf_stn_assina   467.8KB
15:41:50 INFO     ✓ [131/132] susep_ptd_2025_2027_docdiretivo-assinado-copia_tar  1030.1KB
15:41:53 INFO     ✓ [132/132] susep_ptd_2025-2026_anexo_de_entregas_final_assina   221.9KB
15:41:54 INFO     132 OK | 0 erros | 123.3 MB total
15:42:00 INFO     Sanity: 132 PDFs | 113 texto | 19 imagem/OCR | 0 duplicatas
15:42:00 INFO     --siglas (debug): 15 PDFs de ['AGU', 'FIOCRUZ', 'FUNAI', 'FUNDACENTRO', 'INCRA', 'ITI', 'MCOM', 'SGPR']
15:42:00 INFO     DocumentConverter instanciado (singleton × 2: plain + OCR)
15:42:00 INFO     [1/15] → agu_ptd_2025_2027_anexo_de_entregas_assinado_assinado_assinado-copia_tarjada.pdf
15:42:00 INFO     detected formats: [<InputFormat.PDF: 'pdf'>]
15:42:00 INFO     Going to convert document batch...
15:42:00 INFO     Initializing pipeline for StandardPdfPipeline with options hash bc6794697da537796efc497178f9263f
15:42:00 INFO     Loading plugin 'docling_defaults'
15:42:00 INFO     Registered picture descriptions: ['picture_description_vlm_engine', 'vlm', 'api']
15:42:00 INFO     Loading plugin 'docling_defaults'
15:42:00 INFO     Registered ocr engines: ['auto', 'easyocr', 'kserve_v2_ocr', 'ocrmac', 'rapidocr', 'tesserocr', 'tesseract']
15:42:00 INFO     command: tesseract --list-langs
15:42:00 INFO     Loading plugin 'docling_defaults'
15:42:00 INFO     Registered layout engines: ['layout_object_detection', 'docling_layout_default', 'docling_experimental_table_crops_layout']
15:42:00 INFO     Accelerator device: 'cpu'
15:42:00 INFO     HTTP Request: GET https://huggingface.co/api/models/docling-project/docling-layout-heron/revision/main "HTTP/1.1 200 OK"
15:42:00 INFO     HTTP Request: HEAD https://huggingface.co/docling-project/docling-layout-heron/resolve/8f39ad3c0b4c58e9c2d2c84a38465abf757272d8/README.md "HTTP/1.1 307 Temporary Redirect"
15:42:00 WARNING  Warning: You are sending unauthenticated requests to the HF Hub. Please set a HF_TOKEN to enable higher rate limits and faster downloads.
15:42:00 INFO     HTTP Request: HEAD https://huggingface.co/api/resolve-cache/models/docling-project/docling-layout-heron/8f39ad3c0b4c58e9c2d2c84a38465abf757272d8/README.md "HTTP/1.1 200 OK"
15:42:00 INFO     HTTP Request: HEAD https://huggingface.co/docling-project/docling-layout-heron/resolve/8f39ad3c0b4c58e9c2d2c84a38465abf757272d8/.gitattributes "HTTP/1.1 307 Temporary Redirect"
15:42:00 INFO     HTTP Request: HEAD https://huggingface.co/docling-project/docling-layout-heron/resolve/8f39ad3c0b4c58e9c2d2c84a38465abf757272d8/docling_heron_400.png "HTTP/1.1 307 Temporary Redirect"
15:42:00 INFO     HTTP Request: HEAD https://huggingface.co/docling-project/docling-layout-heron/resolve/8f39ad3c0b4c58e9c2d2c84a38465abf757272d8/model.safetensors "HTTP/1.1 302 Found"
15:42:00 INFO     HTTP Request: HEAD https://huggingface.co/docling-project/docling-layout-heron/resolve/8f39ad3c0b4c58e9c2d2c84a38465abf757272d8/config.json "HTTP/1.1 307 Temporary Redirect"
15:42:00 INFO     HTTP Request: HEAD https://huggingface.co/docling-project/docling-layout-heron/resolve/8f39ad3c0b4c58e9c2d2c84a38465abf757272d8/preprocessor_config.json "HTTP/1.1 307 Temporary Redirect"
15:42:00 INFO     HTTP Request: HEAD https://huggingface.co/api/resolve-cache/models/docling-project/docling-layout-heron/8f39ad3c0b4c58e9c2d2c84a38465abf757272d8/.gitattributes "HTTP/1.1 200 OK"
15:42:00 INFO     HTTP Request: HEAD https://huggingface.co/api/resolve-cache/models/docling-project/docling-layout-heron/8f39ad3c0b4c58e9c2d2c84a38465abf757272d8/docling_heron_400.png "HTTP/1.1 200 OK"
15:42:00 INFO     HTTP Request: HEAD https://huggingface.co/api/resolve-cache/models/docling-project/docling-layout-heron/8f39ad3c0b4c58e9c2d2c84a38465abf757272d8/config.json "HTTP/1.1 200 OK"
15:42:00 INFO     HTTP Request: GET https://huggingface.co/api/resolve-cache/models/docling-project/docling-layout-heron/8f39ad3c0b4c58e9c2d2c84a38465abf757272d8/README.md "HTTP/1.1 200 OK"
15:42:00 INFO     HTTP Request: HEAD https://huggingface.co/api/resolve-cache/models/docling-project/docling-layout-heron/8f39ad3c0b4c58e9c2d2c84a38465abf757272d8/preprocessor_config.json "HTTP/1.1 200 OK"
15:42:00 INFO     HTTP Request: GET https://huggingface.co/api/resolve-cache/models/docling-project/docling-layout-heron/8f39ad3c0b4c58e9c2d2c84a38465abf757272d8/.gitattributes "HTTP/1.1 200 OK"
15:42:00 INFO     HTTP Request: GET https://huggingface.co/api/resolve-cache/models/docling-project/docling-layout-heron/8f39ad3c0b4c58e9c2d2c84a38465abf757272d8/config.json "HTTP/1.1 200 OK"
15:42:00 INFO     HTTP Request: GET https://huggingface.co/api/resolve-cache/models/docling-project/docling-layout-heron/8f39ad3c0b4c58e9c2d2c84a38465abf757272d8/docling_heron_400.png "HTTP/1.1 200 OK"
15:42:00 INFO     HTTP Request: GET https://huggingface.co/api/resolve-cache/models/docling-project/docling-layout-heron/8f39ad3c0b4c58e9c2d2c84a38465abf757272d8/preprocessor_config.json "HTTP/1.1 200 OK"
15:42:00 INFO     HTTP Request: GET https://huggingface.co/api/models/docling-project/docling-layout-heron/xet-read-token/8f39ad3c0b4c58e9c2d2c84a38465abf757272d8 "HTTP/1.1 200 OK"
15:42:02 INFO     Loading plugin 'docling_defaults'
15:42:02 INFO     Registered table structure engines: ['docling_tableformer', 'docling_tableformer_v2']
15:42:02 INFO     HTTP Request: GET https://huggingface.co/api/models/docling-project/docling-models/revision/v2.3.0 "HTTP/1.1 200 OK"
15:42:02 INFO     HTTP Request: HEAD https://huggingface.co/docling-project/docling-models/resolve/fc0f2d45e2218ea24bce5045f58a389aed16dc23/config.json "HTTP/1.1 307 Temporary Redirect"
15:42:02 INFO     HTTP Request: HEAD https://huggingface.co/docling-project/docling-models/resolve/fc0f2d45e2218ea24bce5045f58a389aed16dc23/.gitignore "HTTP/1.1 307 Temporary Redirect"
15:42:02 INFO     HTTP Request: HEAD https://huggingface.co/docling-project/docling-models/resolve/fc0f2d45e2218ea24bce5045f58a389aed16dc23/.gitattributes "HTTP/1.1 307 Temporary Redirect"
15:42:02 INFO     HTTP Request: HEAD https://huggingface.co/docling-project/docling-models/resolve/fc0f2d45e2218ea24bce5045f58a389aed16dc23/model_artifacts/tableformer/accurate/tm_config.json "HTTP/1.1 307 Temporary Redirect"
15:42:02 INFO     HTTP Request: HEAD https://huggingface.co/docling-project/docling-models/resolve/fc0f2d45e2218ea24bce5045f58a389aed16dc23/model_artifacts/tableformer/accurate/tableformer_accurate.safetensors "HTTP/1.1 302 Found"
15:42:02 INFO     HTTP Request: HEAD https://huggingface.co/docling-project/docling-models/resolve/fc0f2d45e2218ea24bce5045f58a389aed16dc23/README.md "HTTP/1.1 307 Temporary Redirect"
15:42:02 INFO     HTTP Request: HEAD https://huggingface.co/api/resolve-cache/models/docling-project/docling-models/fc0f2d45e2218ea24bce5045f58a389aed16dc23/.gitignore "HTTP/1.1 200 OK"
15:42:02 INFO     HTTP Request: HEAD https://huggingface.co/api/resolve-cache/models/docling-project/docling-models/fc0f2d45e2218ea24bce5045f58a389aed16dc23/config.json "HTTP/1.1 200 OK"
15:42:02 INFO     HTTP Request: HEAD https://huggingface.co/api/resolve-cache/models/docling-project/docling-models/fc0f2d45e2218ea24bce5045f58a389aed16dc23/.gitattributes "HTTP/1.1 200 OK"
15:42:02 INFO     HTTP Request: HEAD https://huggingface.co/api/resolve-cache/models/docling-project/docling-models/fc0f2d45e2218ea24bce5045f58a389aed16dc23/model_artifacts%2Ftableformer%2Faccurate%2Ftm_config.json "HTTP/1.1 200 OK"
15:42:02 INFO     HTTP Request: HEAD https://huggingface.co/api/resolve-cache/models/docling-project/docling-models/fc0f2d45e2218ea24bce5045f58a389aed16dc23/README.md "HTTP/1.1 200 OK"
15:42:02 INFO     HTTP Request: HEAD https://huggingface.co/docling-project/docling-models/resolve/fc0f2d45e2218ea24bce5045f58a389aed16dc23/model_artifacts/tableformer/fast/tm_config.json "HTTP/1.1 307 Temporary Redirect"
15:42:02 INFO     HTTP Request: GET https://huggingface.co/api/resolve-cache/models/docling-project/docling-models/fc0f2d45e2218ea24bce5045f58a389aed16dc23/.gitignore "HTTP/1.1 200 OK"
15:42:02 INFO     HTTP Request: GET https://huggingface.co/api/resolve-cache/models/docling-project/docling-models/fc0f2d45e2218ea24bce5045f58a389aed16dc23/config.json "HTTP/1.1 200 OK"
15:42:02 INFO     HTTP Request: HEAD https://huggingface.co/docling-project/docling-models/resolve/fc0f2d45e2218ea24bce5045f58a389aed16dc23/model_artifacts/tableformer/fast/tableformer_fast.safetensors "HTTP/1.1 302 Found"
15:42:02 INFO     HTTP Request: GET https://huggingface.co/api/resolve-cache/models/docling-project/docling-models/fc0f2d45e2218ea24bce5045f58a389aed16dc23/.gitattributes "HTTP/1.1 200 OK"
15:42:02 INFO     HTTP Request: GET https://huggingface.co/api/resolve-cache/models/docling-project/docling-models/fc0f2d45e2218ea24bce5045f58a389aed16dc23/model_artifacts%2Ftableformer%2Faccurate%2Ftm_config.json "HTTP/1.1 200 OK"
15:42:02 INFO     HTTP Request: GET https://huggingface.co/api/models/docling-project/docling-models/xet-read-token/fc0f2d45e2218ea24bce5045f58a389aed16dc23 "HTTP/1.1 200 OK"
15:42:02 INFO     HTTP Request: GET https://huggingface.co/api/resolve-cache/models/docling-project/docling-models/fc0f2d45e2218ea24bce5045f58a389aed16dc23/README.md "HTTP/1.1 200 OK"
15:42:02 INFO     HTTP Request: HEAD https://huggingface.co/api/resolve-cache/models/docling-project/docling-models/fc0f2d45e2218ea24bce5045f58a389aed16dc23/model_artifacts%2Ftableformer%2Ffast%2Ftm_config.json "HTTP/1.1 200 OK"
15:42:02 INFO     HTTP Request: GET https://huggingface.co/api/resolve-cache/models/docling-project/docling-models/fc0f2d45e2218ea24bce5045f58a389aed16dc23/model_artifacts%2Ftableformer%2Ffast%2Ftm_config.json "HTTP/1.1 200 OK"
15:42:03 INFO     Accelerator device: 'cpu'
15:42:03 INFO     Processing document agu_ptd_2025_2027_anexo_de_entregas_assinado_assinado_assinado-copia_tarjada.pdf
15:42:04 INFO     command: tesseract --psm 0 -l osd /tmp/tmp1zex22g5.png stdout
15:42:05 INFO     command: tesseract -l por /tmp/tmp1zex22g5.png stdout tsv
15:42:08 INFO     command: tesseract --psm 0 -l osd /tmp/tmpkxl6kcsc.png stdout
15:42:09 INFO     command: tesseract -l por /tmp/tmpkxl6kcsc.png stdout tsv
15:42:28 INFO     Finished converting document agu_ptd_2025_2027_anexo_de_entregas_assinado_assinado_assinado-copia_tarjada.pdf in 27.94 sec.
15:42:28 INFO       pixel_budget (Docling) agu_ptd_2025_2027_anexo_de_entregas_assinado_assinado_assinado-copia_tarjada.pdf: 45.8% (área tabelas/1001817 px²)
15:42:28 INFO     [1/15] ✓ AGU       :   33 entregas | 28.0s | ETA ~6min
15:42:28 INFO     [2/15] → agu_ptd_2025_2027_docdiretivo_assinado_assinado_assinado-copia_tarjada.pdf
15:42:28 INFO     detected formats: [<InputFormat.PDF: 'pdf'>]
15:42:28 INFO     Going to convert document batch...
15:42:28 INFO     Processing document agu_ptd_2025_2027_docdiretivo_assinado_assinado_assinado-copia_tarjada.pdf
15:42:28 INFO     command: tesseract --psm 0 -l osd /tmp/tmpf81t8se1.png stdout
15:42:29 INFO     command: tesseract -l por /tmp/tmpf81t8se1.png stdout tsv
15:42:30 INFO     command: tesseract --psm 0 -l osd /tmp/tmp3w7xy5xx.png stdout
15:42:32 INFO     command: tesseract -l por /tmp/tmp3w7xy5xx.png stdout tsv
15:42:36 INFO     command: tesseract --psm 0 -l osd /tmp/tmp6temu7s2.png stdout
15:42:37 INFO     command: tesseract -l por /tmp/tmp6temu7s2.png stdout tsv
15:42:39 INFO     command: tesseract --psm 0 -l osd /tmp/tmpinx_78eh.png stdout
15:42:40 INFO     command: tesseract -l por /tmp/tmpinx_78eh.png stdout tsv
15:42:42 INFO     command: tesseract --psm 0 -l osd /tmp/tmpuvnmmguz.png stdout
15:42:43 INFO     command: tesseract -l por /tmp/tmpuvnmmguz.png stdout tsv
15:42:45 INFO     command: tesseract --psm 0 -l osd /tmp/tmpckt6r6jh.png stdout
15:42:46 INFO     command: tesseract -l por /tmp/tmpckt6r6jh.png stdout tsv
15:42:57 INFO     command: tesseract --psm 0 -l osd /tmp/tmpks9hlrwo.png stdout
15:42:58 INFO     command: tesseract -l por /tmp/tmpks9hlrwo.png stdout tsv
15:43:00 INFO     command: tesseract --psm 0 -l osd /tmp/tmp2hat15st.png stdout
15:43:01 INFO     command: tesseract -l por /tmp/tmp2hat15st.png stdout tsv
15:43:03 INFO     command: tesseract --psm 0 -l osd /tmp/tmpe3rdipms.png stdout
15:43:04 INFO     command: tesseract -l por /tmp/tmpe3rdipms.png stdout tsv
15:43:06 INFO     command: tesseract --psm 0 -l osd /tmp/tmpl7ee8f8p.png stdout
15:43:08 INFO     command: tesseract -l por /tmp/tmpl7ee8f8p.png stdout tsv
15:43:21 INFO     command: tesseract --psm 0 -l osd /tmp/tmp2wltvbxp.png stdout
15:43:21 INFO     command: tesseract -l por /tmp/tmp2wltvbxp.png stdout tsv
15:43:25 INFO     Finished converting document agu_ptd_2025_2027_docdiretivo_assinado_assinado_assinado-copia_tarjada.pdf in 57.00 sec.
15:43:25 INFO       pixel_budget (Docling) agu_ptd_2025_2027_docdiretivo_assinado_assinado_assinado-copia_tarjada.pdf: 2.1% (área tabelas/5513330 px²)
15:43:25 INFO     [2/15] ✓ AGU       :    6 entregas | 57.0s | ETA ~9min
15:43:25 INFO     [3/15] → anexo-de-entregas-mcom_ptd-25_27-copia_tarjada.pdf
15:43:25 INFO     detected formats: [<InputFormat.PDF: 'pdf'>]
15:43:25 INFO     Going to convert document batch...
15:43:25 INFO     Processing document anexo-de-entregas-mcom_ptd-25_27-copia_tarjada.pdf
15:43:26 INFO     command: tesseract --psm 0 -l osd /tmp/tmpqop1n4q1.png stdout
15:43:27 INFO     command: tesseract -l por /tmp/tmpqop1n4q1.png stdout tsv
15:43:30 INFO     command: tesseract --psm 0 -l osd /tmp/tmp6pyt95e3.png stdout
15:43:31 INFO     command: tesseract -l por /tmp/tmp6pyt95e3.png stdout tsv
15:43:42 INFO     command: tesseract --psm 0 -l osd /tmp/tmp2m8ssfms.png stdout
15:43:43 INFO     command: tesseract -l por /tmp/tmp2m8ssfms.png stdout tsv
15:44:03 INFO     Finished converting document anexo-de-entregas-mcom_ptd-25_27-copia_tarjada.pdf in 38.75 sec.
15:44:04 INFO       pixel_budget (Docling) anexo-de-entregas-mcom_ptd-25_27-copia_tarjada.pdf: 55.2% (área tabelas/1503636 px²)
15:44:04 INFO     [3/15] ✓ MCOM      :   55 entregas | 38.8s | ETA ~8min
15:44:04 INFO     [4/15] → documento-diretivo-mcom-_-ptd-25_27-copia_tarjada.pdf
15:44:04 INFO     detected formats: [<InputFormat.PDF: 'pdf'>]
15:44:04 INFO     Going to convert document batch...
15:44:04 INFO     Processing document documento-diretivo-mcom-_-ptd-25_27-copia_tarjada.pdf
15:44:04 INFO     command: tesseract --psm 0 -l osd /tmp/tmpc29y03fq.png stdout
15:44:05 INFO     command: tesseract -l por /tmp/tmpc29y03fq.png stdout tsv
15:44:07 INFO     command: tesseract --psm 0 -l osd /tmp/tmpvf51qmbj.png stdout
15:44:08 INFO     command: tesseract -l por /tmp/tmpvf51qmbj.png stdout tsv
15:44:15 INFO     command: tesseract --psm 0 -l osd /tmp/tmp750zou_3.png stdout
15:44:16 INFO     command: tesseract -l por /tmp/tmp750zou_3.png stdout tsv
15:44:17 INFO     command: tesseract --psm 0 -l osd /tmp/tmp8g0dy52i.png stdout
15:44:18 INFO     command: tesseract -l por /tmp/tmp8g0dy52i.png stdout tsv
15:44:20 INFO     command: tesseract --psm 0 -l osd /tmp/tmpy7en5f09.png stdout
15:44:20 INFO     command: tesseract -l por /tmp/tmpy7en5f09.png stdout tsv
15:44:23 INFO     command: tesseract --psm 0 -l osd /tmp/tmp7dxag90t.png stdout
15:44:24 INFO     command: tesseract -l por /tmp/tmp7dxag90t.png stdout tsv
15:44:42 INFO     command: tesseract --psm 0 -l osd /tmp/tmphdq56j_p.png stdout
15:44:43 INFO     command: tesseract -l por /tmp/tmphdq56j_p.png stdout tsv
15:44:45 INFO     command: tesseract --psm 0 -l osd /tmp/tmp374wjqou.png stdout
15:44:45 INFO     command: tesseract -l por /tmp/tmp374wjqou.png stdout tsv
15:44:48 INFO     command: tesseract --psm 0 -l osd /tmp/tmpiujdnxkq.png stdout
15:44:48 INFO     command: tesseract -l por /tmp/tmpiujdnxkq.png stdout tsv
15:44:50 INFO     command: tesseract --psm 0 -l osd /tmp/tmpufo7hmui.png stdout
15:44:52 INFO     command: tesseract -l por /tmp/tmpufo7hmui.png stdout tsv
15:44:57 INFO     command: tesseract --psm 0 -l osd /tmp/tmpvhsuul02.png stdout
15:44:58 INFO     command: tesseract -l por /tmp/tmpvhsuul02.png stdout tsv
15:45:04 INFO     command: tesseract --psm 0 -l osd /tmp/tmppfyje4p3.png stdout
15:45:05 INFO     command: tesseract -l por /tmp/tmppfyje4p3.png stdout tsv
15:45:07 INFO     command: tesseract --psm 0 -l osd /tmp/tmpex819_e3.png stdout
15:45:07 INFO     command: tesseract -l por /tmp/tmpex819_e3.png stdout tsv
15:45:09 INFO     command: tesseract --psm 0 -l osd /tmp/tmpuwtw6g0u.png stdout
15:45:10 INFO     command: tesseract -l por /tmp/tmpuwtw6g0u.png stdout tsv
15:45:16 INFO     Finished converting document documento-diretivo-mcom-_-ptd-25_27-copia_tarjada.pdf in 72.52 sec.
15:45:16 INFO       pixel_budget (Docling) documento-diretivo-mcom-_-ptd-25_27-copia_tarjada.pdf: 10.8% (área tabelas/7016966 px²)
15:45:16 WARNING  [4/15] ⚠ MCOM      :    0 entregas | 72.5s | ETA ~8min
15:45:16 INFO     [5/15] → fiocruz-ptd-06_2024-copia_tarjada.pdf
15:45:16 INFO     detected formats: [<InputFormat.PDF: 'pdf'>]
15:45:16 INFO     Going to convert document batch...
15:45:16 INFO     Initializing pipeline for StandardPdfPipeline with options hash d18651824ca6fe56cf3ccb20424ac2c8
15:45:16 INFO     Accelerator device: 'cpu'
15:45:16 INFO     HTTP Request: GET https://huggingface.co/api/models/docling-project/docling-layout-heron/revision/main "HTTP/1.1 200 OK"
15:45:17 INFO     HTTP Request: GET https://huggingface.co/api/models/docling-project/docling-models/revision/v2.3.0 "HTTP/1.1 200 OK"
15:45:17 INFO     Accelerator device: 'cpu'
15:45:17 INFO     Processing document fiocruz-ptd-06_2024-copia_tarjada.pdf
15:46:25 INFO     Finished converting document fiocruz-ptd-06_2024-copia_tarjada.pdf in 68.99 sec.
15:46:25 INFO       pixel_budget (Docling) fiocruz-ptd-06_2024-copia_tarjada.pdf: 36.4% (área tabelas/7518178 px²)
15:46:25 WARNING  [5/15] ⚠ FIOCRUZ   :    0 entregas | 69.0s | ETA ~8min
15:46:25 INFO     [6/15] → fiocruz_novo-ptd_2-1_docdiretivo_repactuacao_2024-2026_assinado_assinado-copia_tarjada.pdf
15:46:25 INFO     detected formats: [<InputFormat.PDF: 'pdf'>]
15:46:25 INFO     Going to convert document batch...
15:46:25 INFO     Processing document fiocruz_novo-ptd_2-1_docdiretivo_repactuacao_2024-2026_assinado_assinado-copia_tarjada.pdf
15:46:43 INFO     Finished converting document fiocruz_novo-ptd_2-1_docdiretivo_repactuacao_2024-2026_assinado_assinado-copia_tarjada.pdf in 17.92 sec.
15:46:43 INFO       pixel_budget (Docling) fiocruz_novo-ptd_2-1_docdiretivo_repactuacao_2024-2026_assinado_assinado-copia_tarjada.pdf: 11.3% (área tabelas/5012118 px²)
15:46:43 WARNING  [6/15] ⚠ FIOCRUZ   :    0 entregas | 17.9s | ETA ~7min
15:46:43 INFO     [7/15] → fiocruz_ptd_anexo_de_entregas_assinado_v1_assinado_assinado-1-copia_tarjada.pdf
15:46:43 INFO     detected formats: [<InputFormat.PDF: 'pdf'>]
15:46:43 INFO     Going to convert document batch...
15:46:43 INFO     Processing document fiocruz_ptd_anexo_de_entregas_assinado_v1_assinado_assinado-1-copia_tarjada.pdf
15:47:15 INFO     Finished converting document fiocruz_ptd_anexo_de_entregas_assinado_v1_assinado_assinado-1-copia_tarjada.pdf in 32.08 sec.
15:47:15 INFO       pixel_budget (Docling) fiocruz_ptd_anexo_de_entregas_assinado_v1_assinado_assinado-1-copia_tarjada.pdf: 54.7% (área tabelas/2004847 px²)
15:47:15 INFO     [7/15] ✓ FIOCRUZ   :   62 entregas | 32.1s | ETA ~6min
15:47:15 INFO     [8/15] → funai_anexo_de_entregas_repactuado_2026_2027_assinado_assinado_assinado.pdf
15:47:15 INFO     detected formats: [<InputFormat.PDF: 'pdf'>]
15:47:15 INFO     Going to convert document batch...
15:47:15 INFO     Processing document funai_anexo_de_entregas_repactuado_2026_2027_assinado_assinado_assinado.pdf
15:47:16 INFO     command: tesseract --psm 0 -l osd /tmp/tmpt43xfgc3.png stdout
15:47:17 INFO     command: tesseract -l por /tmp/tmpt43xfgc3.png stdout tsv
15:47:30 INFO     Finished converting document funai_anexo_de_entregas_repactuado_2026_2027_assinado_assinado_assinado.pdf in 14.98 sec.
15:47:30 INFO       pixel_budget (Docling) funai_anexo_de_entregas_repactuado_2026_2027_assinado_assinado_assinado.pdf: 49.8% (área tabelas/501212 px²)
15:47:30 INFO     [8/15] ✓ FUNAI     :   22 entregas | 15.0s | ETA ~4min
15:47:30 INFO     [9/15] → funai_ptd_2025_2027_docdiretivo_assinado-1_tarjado.pdf
15:47:30 INFO     detected formats: [<InputFormat.PDF: 'pdf'>]
15:47:30 INFO     Going to convert document batch...
15:47:30 INFO     Processing document funai_ptd_2025_2027_docdiretivo_assinado-1_tarjado.pdf
15:47:32 INFO     command: tesseract --psm 0 -l osd /tmp/tmpacpiu3f4.png stdout
15:47:32 INFO     command: tesseract -l por /tmp/tmpacpiu3f4.png stdout tsv
15:47:33 INFO     command: tesseract --psm 0 -l osd /tmp/tmpb_b__mne.png stdout
15:47:35 INFO     command: tesseract -l por /tmp/tmpb_b__mne.png stdout tsv
15:47:39 INFO     command: tesseract --psm 0 -l osd /tmp/tmpzvjfv7l5.png stdout
15:47:39 INFO     command: tesseract -l por /tmp/tmpzvjfv7l5.png stdout tsv
15:47:41 INFO     command: tesseract --psm 0 -l osd /tmp/tmp_ivab0gg.png stdout
15:47:42 INFO     command: tesseract -l por /tmp/tmp_ivab0gg.png stdout tsv
15:47:44 INFO     command: tesseract --psm 0 -l osd /tmp/tmp5vo2rcd4.png stdout
15:47:44 INFO     command: tesseract -l por /tmp/tmp5vo2rcd4.png stdout tsv
15:47:47 INFO     command: tesseract --psm 0 -l osd /tmp/tmpoy9xsfc2.png stdout
15:47:48 INFO     command: tesseract -l por /tmp/tmpoy9xsfc2.png stdout tsv
15:48:00 INFO     command: tesseract --psm 0 -l osd /tmp/tmp5enzmkzi.png stdout
15:48:01 INFO     command: tesseract -l por /tmp/tmp5enzmkzi.png stdout tsv
15:48:02 INFO     command: tesseract --psm 0 -l osd /tmp/tmpgl2b4h43.png stdout
15:48:03 INFO     command: tesseract -l por /tmp/tmpgl2b4h43.png stdout tsv
15:48:04 INFO     command: tesseract --psm 0 -l osd /tmp/tmp6n47y7mo.png stdout
15:48:05 INFO     command: tesseract -l por /tmp/tmp6n47y7mo.png stdout tsv
15:48:06 INFO     command: tesseract --psm 0 -l osd /tmp/tmp53l9hsya.png stdout
15:48:08 INFO     command: tesseract -l por /tmp/tmp53l9hsya.png stdout tsv
15:48:28 INFO     command: tesseract --psm 0 -l osd /tmp/tmppy9tjbae.png stdout
15:48:29 INFO     command: tesseract -l por /tmp/tmppy9tjbae.png stdout tsv
15:48:31 INFO     command: tesseract --psm 0 -l osd /tmp/tmpfkuoqmp2.png stdout
15:48:31 INFO     command: tesseract -l por /tmp/tmpfkuoqmp2.png stdout tsv
15:48:33 INFO     command: tesseract --psm 0 -l osd /tmp/tmphmxw719t.png stdout
15:48:34 INFO     command: tesseract -l por /tmp/tmphmxw719t.png stdout tsv
15:48:40 INFO     Finished converting document funai_ptd_2025_2027_docdiretivo_assinado-1_tarjado.pdf in 70.23 sec.
15:48:40 INFO       pixel_budget (Docling) funai_ptd_2025_2027_docdiretivo_assinado-1_tarjado.pdf: 16.4% (área tabelas/6515754 px²)
15:48:40 INFO     [9/15] ✓ FUNAI     :    8 entregas | 70.2s | ETA ~4min
15:48:40 INFO     [10/15] → incra_anexo_de_entregas_assinado-1_assinado_assinado-copia_tarjada.pdf
15:48:40 INFO     detected formats: [<InputFormat.PDF: 'pdf'>]
15:48:40 INFO     Going to convert document batch...
15:48:40 INFO     Processing document incra_anexo_de_entregas_assinado-1_assinado_assinado-copia_tarjada.pdf
15:48:41 INFO     command: tesseract --psm 0 -l osd /tmp/tmp9nja_0w1.png stdout
15:48:42 INFO     command: tesseract -l por /tmp/tmp9nja_0w1.png stdout tsv
15:48:45 INFO     command: tesseract --psm 0 -l osd /tmp/tmp9chjr8c4.png stdout
15:48:47 INFO     command: tesseract -l por /tmp/tmp9chjr8c4.png stdout tsv
15:48:50 INFO     command: tesseract --psm 0 -l osd /tmp/tmpht983prn.png stdout
15:48:51 INFO     command: tesseract -l por /tmp/tmpht983prn.png stdout tsv
15:48:54 INFO     command: tesseract --psm 0 -l osd /tmp/tmpaik7oxp1.png stdout
15:48:55 INFO     command: tesseract -l por /tmp/tmpaik7oxp1.png stdout tsv
15:48:57 INFO     command: tesseract --psm 0 -l osd /tmp/tmpsj59up0u.png stdout
15:48:58 INFO     command: tesseract -l por /tmp/tmpsj59up0u.png stdout tsv
15:50:27 INFO     Finished converting document incra_anexo_de_entregas_assinado-1_assinado_assinado-copia_tarjada.pdf in 107.15 sec.
15:50:28 INFO       pixel_budget (Docling) incra_anexo_de_entregas_assinado-1_assinado_assinado-copia_tarjada.pdf: 30.0% (área tabelas/2423520 px²)
15:50:28 INFO     [10/15] ✓ INCRA     :   11 entregas | 107.2s | ETA ~4min
15:50:28 INFO     [11/15] → incra_ptd_docdiretivo__assinado-1_assinado_assinado-copia_tarjada.pdf
15:50:28 INFO     detected formats: [<InputFormat.PDF: 'pdf'>]
15:50:28 INFO     Going to convert document batch...
15:50:28 INFO     Processing document incra_ptd_docdiretivo__assinado-1_assinado_assinado-copia_tarjada.pdf
15:50:29 INFO     command: tesseract --psm 0 -l osd /tmp/tmpn5r1o3yb.png stdout
15:50:29 INFO     command: tesseract -l por /tmp/tmpn5r1o3yb.png stdout tsv
15:50:32 INFO     command: tesseract --psm 0 -l osd /tmp/tmpdwx_6r70.png stdout
15:50:33 INFO     command: tesseract -l por /tmp/tmpdwx_6r70.png stdout tsv
15:50:39 INFO     command: tesseract --psm 0 -l osd /tmp/tmpak1gu4l1.png stdout
15:50:39 INFO     command: tesseract -l por /tmp/tmpak1gu4l1.png stdout tsv
15:50:41 INFO     command: tesseract --psm 0 -l osd /tmp/tmpjjdd_xzs.png stdout
15:50:42 INFO     command: tesseract -l por /tmp/tmpjjdd_xzs.png stdout tsv
15:50:44 INFO     command: tesseract --psm 0 -l osd /tmp/tmprhtnn6lb.png stdout
15:50:44 INFO     command: tesseract -l por /tmp/tmprhtnn6lb.png stdout tsv
15:50:47 INFO     command: tesseract --psm 0 -l osd /tmp/tmpm_3hisb7.png stdout
15:50:48 INFO     command: tesseract -l por /tmp/tmpm_3hisb7.png stdout tsv
15:51:04 INFO     command: tesseract --psm 0 -l osd /tmp/tmp2jwjqqvv.png stdout
15:51:05 INFO     command: tesseract -l por /tmp/tmp2jwjqqvv.png stdout tsv
15:51:07 INFO     command: tesseract --psm 0 -l osd /tmp/tmp_dv_s1lq.png stdout
15:51:07 INFO     command: tesseract -l por /tmp/tmp_dv_s1lq.png stdout tsv
15:51:09 INFO     command: tesseract --psm 0 -l osd /tmp/tmp6v018y24.png stdout
15:51:10 INFO     command: tesseract -l por /tmp/tmp6v018y24.png stdout tsv
15:51:12 INFO     command: tesseract --psm 0 -l osd /tmp/tmpifuq9ym2.png stdout
15:51:13 INFO     command: tesseract -l por /tmp/tmpifuq9ym2.png stdout tsv
15:51:22 INFO     command: tesseract --psm 0 -l osd /tmp/tmpd43qva2l.png stdout
15:51:23 INFO     command: tesseract -l por /tmp/tmpd43qva2l.png stdout tsv
15:51:32 INFO     command: tesseract --psm 0 -l osd /tmp/tmpqjwl9_zn.png stdout
15:51:32 INFO     command: tesseract -l por /tmp/tmpqjwl9_zn.png stdout tsv
15:51:34 INFO     command: tesseract --psm 0 -l osd /tmp/tmp6bqdy_04.png stdout
15:51:35 INFO     command: tesseract -l por /tmp/tmp6bqdy_04.png stdout tsv
15:51:42 INFO     Finished converting document incra_ptd_docdiretivo__assinado-1_assinado_assinado-copia_tarjada.pdf in 74.77 sec.
15:51:42 INFO       pixel_budget (Docling) incra_ptd_docdiretivo__assinado-1_assinado_assinado-copia_tarjada.pdf: 20.2% (área tabelas/6515754 px²)
15:51:42 INFO     [11/15] ✓ INCRA     :    9 entregas | 74.8s | ETA ~3min
15:51:42 INFO     [12/15] → iti_anexo_de_entregas_assinado.pdf
15:51:42 INFO     detected formats: [<InputFormat.PDF: 'pdf'>]
15:51:42 INFO     Going to convert document batch...
15:51:42 INFO     Processing document iti_anexo_de_entregas_assinado.pdf
15:51:43 INFO     command: tesseract --psm 0 -l osd /tmp/tmp5ziuz1_j.png stdout
15:51:44 INFO     command: tesseract -l por /tmp/tmp5ziuz1_j.png stdout tsv
15:52:00 INFO     Finished converting document iti_anexo_de_entregas_assinado.pdf in 17.36 sec.
15:52:00 INFO       pixel_budget (Docling) iti_anexo_de_entregas_assinado.pdf: 57.2% (área tabelas/501212 px²)
15:52:00 INFO     [12/15] ✓ ITI       :   31 entregas | 17.4s | ETA ~2min
15:52:00 INFO     [13/15] → iti_doc_diretivo_assinado-1_tarjado.pdf
15:52:00 INFO     detected formats: [<InputFormat.PDF: 'pdf'>]
15:52:00 INFO     Going to convert document batch...
15:52:00 INFO     Processing document iti_doc_diretivo_assinado-1_tarjado.pdf
15:52:00 INFO     command: tesseract --psm 0 -l osd /tmp/tmp7ls5mcfw.png stdout
15:52:01 INFO     command: tesseract -l por /tmp/tmp7ls5mcfw.png stdout tsv
15:52:03 INFO     command: tesseract --psm 0 -l osd /tmp/tmp9o7trzg8.png stdout
15:52:05 INFO     command: tesseract -l por /tmp/tmp9o7trzg8.png stdout tsv
15:52:08 INFO     command: tesseract --psm 0 -l osd /tmp/tmpdw15ljwg.png stdout
15:52:09 INFO     command: tesseract -l por /tmp/tmpdw15ljwg.png stdout tsv
15:52:11 INFO     command: tesseract --psm 0 -l osd /tmp/tmpzlgljjeq.png stdout
15:52:11 INFO     command: tesseract -l por /tmp/tmpzlgljjeq.png stdout tsv
15:52:13 INFO     command: tesseract --psm 0 -l osd /tmp/tmp85pggq9_.png stdout
15:52:14 INFO     command: tesseract -l por /tmp/tmp85pggq9_.png stdout tsv
15:52:16 INFO     command: tesseract --psm 0 -l osd /tmp/tmpe_4wa81z.png stdout
15:52:17 INFO     command: tesseract -l por /tmp/tmpe_4wa81z.png stdout tsv
15:52:31 INFO     command: tesseract --psm 0 -l osd /tmp/tmpbhl3uk5a.png stdout
15:52:32 INFO     command: tesseract -l por /tmp/tmpbhl3uk5a.png stdout tsv
15:52:34 INFO     command: tesseract --psm 0 -l osd /tmp/tmp5n_gi0e5.png stdout
15:52:35 INFO     command: tesseract -l por /tmp/tmp5n_gi0e5.png stdout tsv
15:52:37 INFO     command: tesseract --psm 0 -l osd /tmp/tmpocqots_8.png stdout
15:52:38 INFO     command: tesseract -l por /tmp/tmpocqots_8.png stdout tsv
15:52:40 INFO     command: tesseract --psm 0 -l osd /tmp/tmp38p37p40.png stdout
15:52:41 INFO     command: tesseract -l por /tmp/tmp38p37p40.png stdout tsv
15:52:57 INFO     command: tesseract --psm 0 -l osd /tmp/tmp_4z0kk3k.png stdout
15:52:57 INFO     command: tesseract -l por /tmp/tmp_4z0kk3k.png stdout tsv
15:53:01 INFO     Finished converting document iti_doc_diretivo_assinado-1_tarjado.pdf in 60.93 sec.
15:53:01 INFO       pixel_budget (Docling) iti_doc_diretivo_assinado-1_tarjado.pdf: 8.0% (área tabelas/5516339 px²)
15:53:01 INFO     [13/15] ✓ ITI       :    6 entregas | 60.9s | ETA ~1min
15:53:01 INFO     [14/15] → sgpr_ptd_2025_2027_anexo_de_entregas_assinado-copia_tarjada.pdf
15:53:01 INFO     detected formats: [<InputFormat.PDF: 'pdf'>]
15:53:01 INFO     Going to convert document batch...
15:53:01 INFO     Processing document sgpr_ptd_2025_2027_anexo_de_entregas_assinado-copia_tarjada.pdf
15:53:02 INFO     command: tesseract --psm 0 -l osd /tmp/tmpozq7nz4l.png stdout
15:53:02 INFO     command: tesseract -l por /tmp/tmpozq7nz4l.png stdout tsv
15:53:05 INFO     command: tesseract --psm 0 -l osd /tmp/tmpj8vfbodq.png stdout
15:53:07 INFO     command: tesseract -l por /tmp/tmpj8vfbodq.png stdout tsv
15:53:18 INFO     Finished converting document sgpr_ptd_2025_2027_anexo_de_entregas_assinado-copia_tarjada.pdf in 17.56 sec.
15:53:18 INFO       pixel_budget (Docling) sgpr_ptd_2025_2027_anexo_de_entregas_assinado-copia_tarjada.pdf: 29.5% (área tabelas/1002424 px²)
15:53:18 INFO     [14/15] ✓ SGPR      :   18 entregas | 17.6s | ETA ~48s
15:53:18 INFO     [15/15] → sgpr_ptd_2026_2027_docdiretivo_assinado-copia_tarjada.pdf
15:53:18 INFO     detected formats: [<InputFormat.PDF: 'pdf'>]
15:53:18 INFO     Going to convert document batch...
15:53:18 INFO     Processing document sgpr_ptd_2026_2027_docdiretivo_assinado-copia_tarjada.pdf
15:53:38 INFO     Finished converting document sgpr_ptd_2026_2027_docdiretivo_assinado-copia_tarjada.pdf in 19.79 sec.
15:53:38 INFO       pixel_budget (Docling) sgpr_ptd_2026_2027_docdiretivo_assinado-copia_tarjada.pdf: 8.2% (área tabelas/5513330 px²)
15:53:38 WARNING  [15/15] ⚠ SGPR      :    0 entregas | 19.8s | ETA ~0s
15:53:38 INFO     261 registros | 7 órgãos
15:53:38 INFO     ╔══════════════════════════════════════════════════════════════╗
15:53:38 INFO     ║                  ENTREGAS — fase concluída                   ║
15:53:38 INFO     ║  Processados: 15    |  ✓ 11  ⚠ 4                             ║
15:53:38 INFO     ║  Duração: 11.6 min                                           ║
15:53:38 INFO     ║  261 registros | 7 órgãos                                    ║
15:53:38 INFO     ╚══════════════════════════════════════════════════════════════╝
15:53:38 INFO     [1/7] → agu_ptd_2025_2027_docdiretivo_assinado_assinado_assinado-copia_tarjada.pdf
15:53:38 INFO     detected formats: [<InputFormat.PDF: 'pdf'>]
15:53:38 INFO     Going to convert document batch...
15:53:38 INFO     Processing document agu_ptd_2025_2027_docdiretivo_assinado_assinado_assinado-copia_tarjada.pdf
15:53:39 INFO     command: tesseract --psm 0 -l osd /tmp/tmp0c6pyvmk.png stdout
15:53:39 INFO     command: tesseract -l por /tmp/tmp0c6pyvmk.png stdout tsv
15:53:41 INFO     command: tesseract --psm 0 -l osd /tmp/tmpx0mcb7ic.png stdout
15:53:42 INFO     command: tesseract -l por /tmp/tmpx0mcb7ic.png stdout tsv
15:53:46 INFO     command: tesseract --psm 0 -l osd /tmp/tmpzr6c7w7c.png stdout
15:53:47 INFO     command: tesseract -l por /tmp/tmpzr6c7w7c.png stdout tsv
15:53:49 INFO     command: tesseract --psm 0 -l osd /tmp/tmpx_z942bg.png stdout
15:53:50 INFO     command: tesseract -l por /tmp/tmpx_z942bg.png stdout tsv
15:53:52 INFO     command: tesseract --psm 0 -l osd /tmp/tmp1pjp5d_l.png stdout
15:53:53 INFO     command: tesseract -l por /tmp/tmp1pjp5d_l.png stdout tsv
15:53:55 INFO     command: tesseract --psm 0 -l osd /tmp/tmpv7b3kvt1.png stdout
15:53:56 INFO     command: tesseract -l por /tmp/tmpv7b3kvt1.png stdout tsv
15:54:06 INFO     command: tesseract --psm 0 -l osd /tmp/tmp1k5irdbt.png stdout
15:54:06 INFO     command: tesseract -l por /tmp/tmp1k5irdbt.png stdout tsv
15:54:09 INFO     command: tesseract --psm 0 -l osd /tmp/tmpxnjyd_8n.png stdout
15:54:09 INFO     command: tesseract -l por /tmp/tmpxnjyd_8n.png stdout tsv
15:54:12 INFO     command: tesseract --psm 0 -l osd /tmp/tmp7kw8rzm5.png stdout
15:54:12 INFO     command: tesseract -l por /tmp/tmp7kw8rzm5.png stdout tsv
15:54:15 INFO     command: tesseract --psm 0 -l osd /tmp/tmpw7rwsi5i.png stdout
15:54:16 INFO     command: tesseract -l por /tmp/tmpw7rwsi5i.png stdout tsv
15:54:30 INFO     command: tesseract --psm 0 -l osd /tmp/tmpc2nkae_n.png stdout
15:54:31 INFO     command: tesseract -l por /tmp/tmpc2nkae_n.png stdout tsv
15:54:34 INFO     Finished converting document agu_ptd_2025_2027_docdiretivo_assinado_assinado_assinado-copia_tarjada.pdf in 56.21 sec.
15:54:34 INFO     [1/7] ✓ AGU       :   7 riscos | 56.2s | ETA ~5min
15:54:34 INFO     [2/7] → documento-diretivo-mcom-_-ptd-25_27-copia_tarjada.pdf
15:54:34 INFO     detected formats: [<InputFormat.PDF: 'pdf'>]
15:54:34 INFO     Going to convert document batch...
15:54:34 INFO     Processing document documento-diretivo-mcom-_-ptd-25_27-copia_tarjada.pdf
15:54:35 INFO     command: tesseract --psm 0 -l osd /tmp/tmpfwec7454.png stdout
15:54:35 INFO     command: tesseract -l por /tmp/tmpfwec7454.png stdout tsv
15:54:38 INFO     command: tesseract --psm 0 -l osd /tmp/tmp5sjltqvb.png stdout
15:54:39 INFO     command: tesseract -l por /tmp/tmp5sjltqvb.png stdout tsv
15:54:45 INFO     command: tesseract --psm 0 -l osd /tmp/tmp7d_8z425.png stdout
15:54:46 INFO     command: tesseract -l por /tmp/tmp7d_8z425.png stdout tsv
15:54:47 INFO     command: tesseract --psm 0 -l osd /tmp/tmpkh5y5gj3.png stdout
15:54:48 INFO     command: tesseract -l por /tmp/tmpkh5y5gj3.png stdout tsv
15:54:50 INFO     command: tesseract --psm 0 -l osd /tmp/tmp5jrsvalp.png stdout
15:54:50 INFO     command: tesseract -l por /tmp/tmp5jrsvalp.png stdout tsv
15:54:53 INFO     command: tesseract --psm 0 -l osd /tmp/tmpprwxgfdq.png stdout
15:54:54 INFO     command: tesseract -l por /tmp/tmpprwxgfdq.png stdout tsv
15:55:06 INFO     command: tesseract --psm 0 -l osd /tmp/tmpvn3ckg_a.png stdout
15:55:07 INFO     command: tesseract -l por /tmp/tmpvn3ckg_a.png stdout tsv
15:55:11 INFO     command: tesseract --psm 0 -l osd /tmp/tmpcwx6yjdn.png stdout
15:55:11 INFO     command: tesseract -l por /tmp/tmpcwx6yjdn.png stdout tsv
15:55:14 INFO     command: tesseract --psm 0 -l osd /tmp/tmpxuqwl_ff.png stdout
15:55:15 INFO     command: tesseract -l por /tmp/tmpxuqwl_ff.png stdout tsv
15:55:17 INFO     command: tesseract --psm 0 -l osd /tmp/tmp6sosk_w7.png stdout
15:55:18 INFO     command: tesseract -l por /tmp/tmp6sosk_w7.png stdout tsv
15:55:23 INFO     command: tesseract --psm 0 -l osd /tmp/tmp7gta54la.png stdout
15:55:24 INFO     command: tesseract -l por /tmp/tmp7gta54la.png stdout tsv
15:55:30 INFO     command: tesseract --psm 0 -l osd /tmp/tmpuvndjhm7.png stdout
15:55:31 INFO     command: tesseract -l por /tmp/tmpuvndjhm7.png stdout tsv
15:55:33 INFO     command: tesseract --psm 0 -l osd /tmp/tmpyu177o6s.png stdout
15:55:33 INFO     command: tesseract -l por /tmp/tmpyu177o6s.png stdout tsv
15:55:35 INFO     command: tesseract --psm 0 -l osd /tmp/tmpu9_5ahnk.png stdout
15:55:36 INFO     command: tesseract -l por /tmp/tmpu9_5ahnk.png stdout tsv
15:55:42 INFO     Finished converting document documento-diretivo-mcom-_-ptd-25_27-copia_tarjada.pdf in 67.74 sec.
15:55:42 INFO     [2/7] ✓ MCOM      :  14 riscos | 67.8s | ETA ~5min
15:55:42 INFO     [3/7] → fiocruz_novo-ptd_2-1_docdiretivo_repactuacao_2024-2026_assinado_assinado-copia_tarjada.pdf
15:55:42 INFO     detected formats: [<InputFormat.PDF: 'pdf'>]
15:55:42 INFO     Going to convert document batch...
15:55:42 INFO     Processing document fiocruz_novo-ptd_2-1_docdiretivo_repactuacao_2024-2026_assinado_assinado-copia_tarjada.pdf
15:56:00 INFO     Finished converting document fiocruz_novo-ptd_2-1_docdiretivo_repactuacao_2024-2026_assinado_assinado-copia_tarjada.pdf in 17.71 sec.
15:56:00 INFO     [3/7] ✓ FIOCRUZ   :   6 riscos | 17.7s | ETA ~3min
15:56:00 INFO     [4/7] → funai_ptd_2025_2027_docdiretivo_assinado-1_tarjado.pdf
15:56:00 INFO     detected formats: [<InputFormat.PDF: 'pdf'>]
15:56:00 INFO     Going to convert document batch...
15:56:00 INFO     Processing document funai_ptd_2025_2027_docdiretivo_assinado-1_tarjado.pdf
15:56:01 INFO     command: tesseract --psm 0 -l osd /tmp/tmpqd6jsjo7.png stdout
15:56:02 INFO     command: tesseract -l por /tmp/tmpqd6jsjo7.png stdout tsv
15:56:03 INFO     command: tesseract --psm 0 -l osd /tmp/tmpel3_9lwb.png stdout
15:56:04 INFO     command: tesseract -l por /tmp/tmpel3_9lwb.png stdout tsv
15:56:07 INFO     command: tesseract --psm 0 -l osd /tmp/tmphzeab5xz.png stdout
15:56:08 INFO     command: tesseract -l por /tmp/tmphzeab5xz.png stdout tsv
15:56:10 INFO     command: tesseract --psm 0 -l osd /tmp/tmpn86pdnoz.png stdout
15:56:10 INFO     command: tesseract -l por /tmp/tmpn86pdnoz.png stdout tsv
15:56:12 INFO     command: tesseract --psm 0 -l osd /tmp/tmp40jm65pw.png stdout
15:56:13 INFO     command: tesseract -l por /tmp/tmp40jm65pw.png stdout tsv
15:56:15 INFO     command: tesseract --psm 0 -l osd /tmp/tmpvwloaj6v.png stdout
15:56:16 INFO     command: tesseract -l por /tmp/tmpvwloaj6v.png stdout tsv
15:56:27 INFO     command: tesseract --psm 0 -l osd /tmp/tmp_4gax6uo.png stdout
15:56:28 INFO     command: tesseract -l por /tmp/tmp_4gax6uo.png stdout tsv
15:56:29 INFO     command: tesseract --psm 0 -l osd /tmp/tmp2wt3xhcm.png stdout
15:56:30 INFO     command: tesseract -l por /tmp/tmp2wt3xhcm.png stdout tsv
15:56:31 INFO     command: tesseract --psm 0 -l osd /tmp/tmppdtbx9cr.png stdout
15:56:32 INFO     command: tesseract -l por /tmp/tmppdtbx9cr.png stdout tsv
15:56:34 INFO     command: tesseract --psm 0 -l osd /tmp/tmp8os9qask.png stdout
15:56:35 INFO     command: tesseract -l por /tmp/tmp8os9qask.png stdout tsv
15:56:47 INFO     command: tesseract --psm 0 -l osd /tmp/tmpu_ubif8p.png stdout
15:56:48 INFO     command: tesseract -l por /tmp/tmpu_ubif8p.png stdout tsv
15:56:57 INFO     command: tesseract --psm 0 -l osd /tmp/tmppi40ixae.png stdout
15:56:58 INFO     command: tesseract -l por /tmp/tmppi40ixae.png stdout tsv
15:57:00 INFO     command: tesseract --psm 0 -l osd /tmp/tmpsf_jztnw.png stdout
15:57:00 INFO     command: tesseract -l por /tmp/tmpsf_jztnw.png stdout tsv
15:57:07 INFO     Finished converting document funai_ptd_2025_2027_docdiretivo_assinado-1_tarjado.pdf in 67.08 sec.
15:57:07 INFO     [4/7] ✓ FUNAI     :  15 riscos | 67.1s | ETA ~2min
15:57:07 INFO     [5/7] → incra_ptd_docdiretivo__assinado-1_assinado_assinado-copia_tarjada.pdf
15:57:07 INFO     detected formats: [<InputFormat.PDF: 'pdf'>]
15:57:07 INFO     Going to convert document batch...
15:57:07 INFO     Processing document incra_ptd_docdiretivo__assinado-1_assinado_assinado-copia_tarjada.pdf
15:57:08 INFO     command: tesseract --psm 0 -l osd /tmp/tmpmhmfx91m.png stdout
15:57:08 INFO     command: tesseract -l por /tmp/tmpmhmfx91m.png stdout tsv
15:57:10 INFO     command: tesseract --psm 0 -l osd /tmp/tmpch8u5zq1.png stdout
15:57:12 INFO     command: tesseract -l por /tmp/tmpch8u5zq1.png stdout tsv
15:57:19 INFO     command: tesseract --psm 0 -l osd /tmp/tmpqz_epw42.png stdout
15:57:19 INFO     command: tesseract -l por /tmp/tmpqz_epw42.png stdout tsv
15:57:21 INFO     command: tesseract --psm 0 -l osd /tmp/tmpb15bya0u.png stdout
15:57:22 INFO     command: tesseract -l por /tmp/tmpb15bya0u.png stdout tsv
15:57:24 INFO     command: tesseract --psm 0 -l osd /tmp/tmpk7llc4g_.png stdout
15:57:25 INFO     command: tesseract -l por /tmp/tmpk7llc4g_.png stdout tsv
15:57:27 INFO     command: tesseract --psm 0 -l osd /tmp/tmpbb4i512e.png stdout
15:57:28 INFO     command: tesseract -l por /tmp/tmpbb4i512e.png stdout tsv
15:57:45 INFO     command: tesseract --psm 0 -l osd /tmp/tmpt5vu5pfq.png stdout
15:57:45 INFO     command: tesseract -l por /tmp/tmpt5vu5pfq.png stdout tsv
15:57:47 INFO     command: tesseract --psm 0 -l osd /tmp/tmpskzv0a_u.png stdout
15:57:48 INFO     command: tesseract -l por /tmp/tmpskzv0a_u.png stdout tsv
15:57:49 INFO     command: tesseract --psm 0 -l osd /tmp/tmp6v66gpr5.png stdout
15:57:50 INFO     command: tesseract -l por /tmp/tmp6v66gpr5.png stdout tsv
15:57:52 INFO     command: tesseract --psm 0 -l osd /tmp/tmpi4zmg2un.png stdout
15:57:53 INFO     command: tesseract -l por /tmp/tmpi4zmg2un.png stdout tsv
15:57:57 INFO     command: tesseract --psm 0 -l osd /tmp/tmp666_n3yo.png stdout
15:57:58 INFO     command: tesseract -l por /tmp/tmp666_n3yo.png stdout tsv
15:58:11 INFO     command: tesseract --psm 0 -l osd /tmp/tmp0izq381c.png stdout
15:58:12 INFO     command: tesseract -l por /tmp/tmp0izq381c.png stdout tsv
15:58:14 INFO     command: tesseract --psm 0 -l osd /tmp/tmp3icwwivz.png stdout
15:58:14 INFO     command: tesseract -l por /tmp/tmp3icwwivz.png stdout tsv
15:58:22 INFO     Finished converting document incra_ptd_docdiretivo__assinado-1_assinado_assinado-copia_tarjada.pdf in 75.43 sec.
15:58:22 INFO     [5/7] ✓ INCRA     :  15 riscos | 75.4s | ETA ~1min
15:58:22 INFO     [6/7] → iti_doc_diretivo_assinado-1_tarjado.pdf
15:58:22 INFO     detected formats: [<InputFormat.PDF: 'pdf'>]
15:58:22 INFO     Going to convert document batch...
15:58:22 INFO     Processing document iti_doc_diretivo_assinado-1_tarjado.pdf
15:58:23 INFO     command: tesseract --psm 0 -l osd /tmp/tmp5ey4nvya.png stdout
15:58:23 INFO     command: tesseract -l por /tmp/tmp5ey4nvya.png stdout tsv
15:58:26 INFO     command: tesseract --psm 0 -l osd /tmp/tmp1cavy69g.png stdout
15:58:27 INFO     command: tesseract -l por /tmp/tmp1cavy69g.png stdout tsv
15:58:31 INFO     command: tesseract --psm 0 -l osd /tmp/tmpzb4weurt.png stdout
15:58:31 INFO     command: tesseract -l por /tmp/tmpzb4weurt.png stdout tsv
15:58:33 INFO     command: tesseract --psm 0 -l osd /tmp/tmphkq7uql7.png stdout
15:58:34 INFO     command: tesseract -l por /tmp/tmphkq7uql7.png stdout tsv
15:58:36 INFO     command: tesseract --psm 0 -l osd /tmp/tmpn3tu2ovq.png stdout
15:58:36 INFO     command: tesseract -l por /tmp/tmpn3tu2ovq.png stdout tsv
15:58:39 INFO     command: tesseract --psm 0 -l osd /tmp/tmpi49tr2fu.png stdout
15:58:40 INFO     command: tesseract -l por /tmp/tmpi49tr2fu.png stdout tsv
15:58:57 INFO     command: tesseract --psm 0 -l osd /tmp/tmp1ndxuw4p.png stdout
15:58:57 INFO     command: tesseract -l por /tmp/tmp1ndxuw4p.png stdout tsv
15:58:59 INFO     command: tesseract --psm 0 -l osd /tmp/tmpc1aik4if.png stdout
15:59:00 INFO     command: tesseract -l por /tmp/tmpc1aik4if.png stdout tsv
15:59:02 INFO     command: tesseract --psm 0 -l osd /tmp/tmps_8j78us.png stdout
15:59:03 INFO     command: tesseract -l por /tmp/tmps_8j78us.png stdout tsv
15:59:05 INFO     command: tesseract --psm 0 -l osd /tmp/tmpj2mzonnh.png stdout
15:59:06 INFO     command: tesseract -l por /tmp/tmpj2mzonnh.png stdout tsv
15:59:14 INFO     command: tesseract --psm 0 -l osd /tmp/tmp91bitbo7.png stdout
15:59:15 INFO     command: tesseract -l por /tmp/tmp91bitbo7.png stdout tsv
15:59:23 INFO     Finished converting document iti_doc_diretivo_assinado-1_tarjado.pdf in 60.59 sec.
15:59:23 INFO     [6/7] ✓ ITI       :  14 riscos | 60.6s | ETA ~57s
15:59:23 INFO     [7/7] → sgpr_ptd_2026_2027_docdiretivo_assinado-copia_tarjada.pdf
15:59:23 INFO     detected formats: [<InputFormat.PDF: 'pdf'>]
15:59:23 INFO     Going to convert document batch...
15:59:23 INFO     Processing document sgpr_ptd_2026_2027_docdiretivo_assinado-copia_tarjada.pdf
15:59:43 INFO     Finished converting document sgpr_ptd_2026_2027_docdiretivo_assinado-copia_tarjada.pdf in 19.79 sec.
15:59:43 INFO     [7/7] ✓ SGPR      :  10 riscos | 19.8s | ETA ~0s
15:59:43 INFO     ╔══════════════════════════════════════════════════════════════╗
15:59:43 INFO     ║                   RISCOS — fase concluída                    ║
15:59:43 INFO     ║  Processados: 7     |  ✓ 7  ⚠ 0                              ║
15:59:43 INFO     ║  Duração: 6.1 min                                            ║
15:59:43 INFO     ║  81 riscos | 7 órgãos                                        ║
15:59:43 INFO     ╚══════════════════════════════════════════════════════════════╝
15:59:43 INFO     81 riscos | 0 ações | 135 relações
15:59:43 INFO     ptd_corpus_raw                     : 261 linhas
15:59:43 INFO     ptd_pivot_eixos                    : 7 linhas
15:59:46 INFO     ptd_datas_assinatura               : 132 linhas
15:59:46 INFO     ptd_riscos                         : 81 linhas
15:59:46 INFO     ptd_riscos_acoes                   : 135 linhas
15:59:46 INFO     Manifesto salvo: pipeline_manifest.json | SHA-256 de 132 PDFs
15:59:46 INFO     ==================================================
15:59:46 INFO     PTD-BR v3.0-melhorado — PIPELINE CONCLUÍDO
15:59:46 INFO     ==================================================
15:59:46 INFO     ptd_corpus_raw.csv                        160 KB
15:59:46 INFO     ptd_pivot_eixos.csv                         0 KB
15:59:46 INFO     ptd_datas_assinatura.csv                    9 KB
15:59:46 INFO     ptd_riscos.csv                             23 KB
15:59:46 INFO     ptd_riscos_acoes.csv                        2 KB
15:59:46 INFO     proveniencia.json                           0 KB
15:59:46 INFO     pipeline_manifest.json                     20 KB
15:59:46 INFO     📦 Artefatos: https://github.com/freirelucas/teste/actions/runs/23981940564
15:59:46 INFO     ==================================================
