03:34:24 INFO     Docling disponível
03:34:24 WARNING  OCR fallback indisponível (IndentationError: unexpected indent (ptd_ocr_fallback.py, line 45))
03:34:26 INFO     Ignorado (guia/template/norma): ABNT-NBR-17225-Acessibilidade-Digital.pdf
03:34:26 INFO     Ignorado (guia/template/norma): cgrep-guia10passos-ptd-orgao.pdf
03:34:26 INFO     Ignorado (guia/template/norma): ABNT-NBR-17225-Acessibilidade-Digital.pdf
03:34:26 INFO     Scraping: 132 PDFs únicos | entregas: 68 | diretivos: 61
03:34:26 INFO     Baixando 132 PDFs únicos...
03:34:27 INFO     ✓ [  1/132] abin_ptd_anexo_de_entregas_assinado_pelo_orgao_ass   293.3KB
03:34:32 INFO     ✓ [  2/132] aeb_ptd_2025_2027_docdiretivo_aprovado_assinado-1_  1033.7KB
03:34:34 INFO     ✓ [  3/132] aeb_ptd_2025_2027_anexo_de_entregas_aprovado_assin   154.5KB
03:34:40 INFO     ✓ [  4/132] agu_ptd_2025_2027_docdiretivo_assinado_assinado_as  2860.3KB
03:34:43 INFO     ✓ [  5/132] agu_ptd_2025_2027_anexo_de_entregas_assinado_assin   525.5KB
03:34:46 INFO     ✓ [  6/132] ana_ptd_2025_2027_docdiretivo_assinado_assinado_as   477.2KB
03:34:48 INFO     ✓ [  7/132] ana_ptd_2025_2027_anexoentregas_assinado_assinado_   170.9KB
03:34:52 INFO     ✓ [  8/132] anac_ptd_2025_2026_docdiretivo_se_assinado_tarjado  1036.3KB
03:34:55 INFO     ✓ [  9/132] anac_ptd_2025_2026_anexo_de_entregas_se_assinado.p   215.2KB
03:34:58 INFO     ✓ [ 10/132] anatel_ptd_docdiretivo_assinado_2025_2026_assinado  1006.0KB
03:35:00 INFO     ✓ [ 11/132] anatel_ptd_2025_2026_anexo_de_entregas_do_ptd_publ    71.9KB
03:35:04 INFO     ✓ [ 12/132] ancine_ptd_2024_2026_docdiretivo_assinado-2_assina   961.8KB
03:35:07 INFO     ✓ [ 13/132] ancine_ptd_2024_2026_-_anexo_de_entregas_aprovado_   613.2KB
03:35:10 INFO     ✓ [ 14/132] ptd_aneel_2025-2027_docdiretivo_assinado_tarjado.p   779.6KB
03:35:12 INFO     ✓ [ 15/132] ptd_aneel_2025-2027_anexo_de_entregas_assinado.pdf   111.9KB
03:35:16 INFO     ✓ [ 16/132] anm_ptd_2025_2027_docdiretivo_assinadopeloorgao_ta  1092.5KB
03:35:20 INFO     ✓ [ 17/132] anm_ptd_2025_2027_anexo_entregas_assinadopeloorgao  1140.4KB
03:35:23 INFO     ✓ [ 18/132] anpd_ptd_2025_2027_docdiretivo_assinado_assinado_a  1044.3KB
03:35:26 INFO     ✓ [ 19/132] anpd_ptd_2025_2027_anexo_de_entregas_assinado_assi   166.5KB
03:35:29 INFO     ✓ [ 20/132] ans-plano_de_transformacao_digital_assinado-copia_  1023.4KB
03:35:31 INFO     ✓ [ 21/132] ans_ptd_2025_2026_anexo_de_entregas_assinado_assin   124.1KB
03:35:35 INFO     ✓ [ 22/132] antaq_ptd_2025_2027_docdiretivo_assinado_assinado_  1039.8KB
03:35:37 INFO     ✓ [ 23/132] antaq_ptd_2025_2027_anexoentregas_assinado_assinad   145.1KB
03:35:39 INFO     ✓ [ 24/132] mt_anexo_de_entregas_-_assinado_assinado_assinado_   143.6KB
03:35:48 INFO     ✓ [ 25/132] anvisa_ptd_docdiretivo_2025-2026_assinado_assinado  5771.2KB
03:35:51 INFO     ✓ [ 26/132] anvisa_ptd_anexo_de_entregas_2025_2026_assinado_as   239.0KB
03:35:54 INFO     ✓ [ 27/132] bcb_documento_diretivo_assinado_assinado_assinado-   713.7KB
03:35:56 INFO     ✓ [ 28/132] bcb_anexo_de_entregas_ptd_25_26-1_assinado_assinad   134.8KB
03:36:00 INFO     ✓ [ 29/132] cade_ptd_docdiretivo_2025_2026_assinado-2_assinado   810.4KB
03:36:03 INFO     ✓ [ 30/132] cade_ptd_anexo_de_entregas_2025_2026_assinado_copi   504.0KB
03:36:06 INFO     ✓ [ 31/132] mec_ptd_docdiretivo_2025-2026_sei_mec-5566673_copi   863.1KB
03:36:08 INFO     ✓ [ 32/132] mec_ptd_anexo-de-entregas_sei_mec-5576401_copia_ta   495.7KB
03:36:13 INFO     ✓ [ 33/132] mec_ptd_docdiretivo-versao-comunicacao_copia_tarja  1616.5KB
03:36:16 INFO     ✓ [ 34/132] md_ptd_2026_2027_anexo_de_entregas_assinado_assina   579.4KB
03:36:18 INFO     ✓ [ 35/132] md_ptd_2026_2027_anexo_de_entregas_assinado_assina   186.8KB
03:36:21 INFO     ✓ [ 36/132] md_ptd_temp_copia_tarjada.pdf                        741.9KB
03:36:25 INFO     ✓ [ 37/132] cgu_ptd_docdiretivo_assinado_assinado_assinado-cop  1085.4KB
03:36:28 INFO     ✓ [ 38/132] cgu_ptd_anexo_de_entregas_pactuadas_assinado_assin   514.1KB
03:36:30 INFO     ✓ [ 39/132] cnpq_ptd_2025_2027_docdiretivo_assinado_assinado_a   342.9KB
03:36:33 INFO     ✓ [ 40/132] cnpq_ptd_2025_2027_anexo_de_entregas_assinado_assi   136.1KB
03:36:36 INFO     ✓ [ 41/132] coaf_ptd_2025_2026_documento_diretivo_assinado_ass  1068.0KB
03:36:43 INFO     ✓ [ 42/132] coaf_ptd_2025_2026_anexo_de_entregas-2_assinado_as  3184.5KB
03:36:50 INFO     ✓ [ 43/132] ptd_midr-docdiretivo_aprovado_assinado_tarjado.pdf  3864.1KB
03:36:54 INFO     ✓ [ 44/132] ptd_midr_-_anexo_de_entregas_-_aprovado_assinado.p  1122.0KB
03:36:57 INFO     ✓ [ 45/132] mda-documento-diretivo-assinado_ptd-2025-207-copia   955.8KB
03:36:59 INFO     ✓ [ 46/132] cvm_ptd_2025_2027_docdiretivo_assinado_assinado_as   270.5KB
03:37:02 INFO     ✓ [ 47/132] cvm_ptd_2025_2027_anexoentregas_assinado_assinado_   409.0KB
03:37:06 INFO     ✓ [ 48/132] dnocs_ptd_doc_diretivo_2025_2026_assinado_orgao-2_   891.1KB
03:37:08 INFO     ✓ [ 49/132] dnocs_anexo_de_entregas_repactuado_2025_2026_assin   272.3KB
03:37:14 INFO     ✓ [ 50/132] fbn_ptd_2025_2027_docdiretivo_assinado-1_tarjado.p  2921.6KB
03:37:21 INFO     ✓ [ 51/132] fbn_ptd_2025_2027_anexo_de_entregas_assinado-1.pdf   162.3KB
03:37:26 INFO     ✓ [ 52/132] fcp_ptd_2025_2027_docdiretivo_assinado-1_tarjado.p  1612.0KB
03:37:28 INFO     ✓ [ 53/132] fcp_ptd_2025_2027_anexo_de_entregas_assinado-1.pdf   118.8KB
03:37:32 INFO     ✓ [ 54/132] fcrb_ptd_2025_2026_docdiretivo_aprovado_assinado-1   998.2KB
03:37:34 INFO     ✓ [ 55/132] fcrb_ptd_2025_2026_anexo_de_entregas_aprovado_assi   313.5KB
03:37:38 INFO     ✓ [ 56/132] fiocruz_novo-ptd_2-1_docdiretivo_repactuacao_2024-  1318.1KB
03:37:40 INFO     ✓ [ 57/132] fiocruz_ptd_anexo_de_entregas_assinado_v1_assinado   257.1KB
03:37:45 INFO     ✓ [ 58/132] fiocruz-ptd-06_2024-copia_tarjada.pdf               1693.8KB
03:37:50 INFO     ✓ [ 59/132] funai_ptd_2025_2027_docdiretivo_assinado-1_tarjado  1842.1KB
03:37:52 INFO     ✓ [ 60/132] funai_anexo_de_entregas_repactuado_2026_2027_assin   435.7KB
03:37:56 INFO     ✓ [ 61/132] funarte_ptd_docdiretivo_assinado_21_01_2025_assina   965.7KB
03:37:59 INFO     ✓ [ 62/132] funarte_ptd_anexo_de_entregas_assinado_v1_assinado   683.6KB
03:38:02 INFO     ✓ [ 63/132] fundacentro_ptd_2025_2027_docdiretivo_assinado_ass   826.6KB
03:38:05 INFO     ✓ [ 64/132] fundacentro_ptd_2025_2027_anexo_de_entregas_assina   635.5KB
03:38:08 INFO     ✓ [ 65/132] mma_ptd_docdiretivo_assinado_2025_2026-1_assinado_   949.3KB
03:38:11 INFO     ✓ [ 66/132] mma_ptd_anexo_de_entregas_aprovado_final_assinado_   174.8KB
03:38:14 INFO     ✓ [ 67/132] ibge_docdiretivo_2025_assinado_assinado_assinado-c  1167.3KB
03:38:17 INFO     ✓ [ 68/132] ibge_ptd_25_26_anexo_de_entregas_modelo_v2-1_assin   143.7KB
03:38:28 INFO     ✓ [ 69/132] incra_ptd_docdiretivo__assinado-1_assinado_assinad  7182.0KB
03:38:33 INFO     ✓ [ 70/132] incra_anexo_de_entregas_assinado-1_assinado_assina  1818.6KB
03:38:39 INFO     ✓ [ 71/132] inpi_ptd_docdiretivo_assinado_2025_2026_assinado_a  3322.4KB
03:38:46 INFO     ✓ [ 72/132] inpi_ptd_anexo_de_entregas_assinado_v1_assinado_as  3078.1KB
03:38:49 INFO     ✓ [ 73/132] inss_ptd_2025_2027_docdiretivo-assinado-copia_tarj  1173.3KB
03:38:52 INFO     ✓ [ 74/132] inss_ptd_2025_2027_anexo_de_entregas-assinado-copi   110.8KB
03:38:55 INFO     ✓ [ 75/132] iphan_ptd_docdiretivo_assinado_2025_2026_assinado_   885.7KB
03:38:58 INFO     ✓ [ 76/132] iphan_ptd_anexo_de_entregas_assinado_v1_assinado_a   310.9KB
03:39:06 INFO     ✓ [ 77/132] iti_doc_diretivo_assinado-1_tarjado.pdf             4905.1KB
03:39:09 INFO     ✓ [ 78/132] iti_anexo_de_entregas_assinado.pdf                   556.4KB
03:39:14 INFO     ✓ [ 79/132] mapa_ptd_2025_2027_docdiretivo_assinado-1_tarjado.  1740.9KB
03:39:16 INFO     ✓ [ 80/132] mapa_ptd_2025_2027_anexo_de_entregas_assinado-1.pd   261.9KB
03:39:24 INFO     ✓ [ 81/132] documento-diretivo-mcom-_-ptd-25_27-copia_tarjada.  4451.9KB
03:39:28 INFO     ✓ [ 82/132] anexo-de-entregas-mcom_ptd-25_27-copia_tarjada.pdf  1213.8KB
03:39:34 INFO     ✓ [ 83/132] ptd_21_24_mcom-copia_tarjada.pdf                    3040.7KB
03:39:37 INFO     ✓ [ 84/132] mcti_ptd_2025-2027_docdiretivo_assinado-copia_tarj  1030.7KB
03:39:40 INFO     ✓ [ 85/132] mcti_ptd_2025-2027_anexo-de-entregas_assinado-copi   145.8KB
03:39:42 INFO     ✓ [ 86/132] mda-anexo-entregas-assinado_ptd-2025-2027-copia-ta   284.6KB
03:39:45 INFO     ✓ [ 87/132] mdhc_ptd_2025_2027_docdiretivo_assinado_assinado_a   753.4KB
03:39:48 INFO     ✓ [ 88/132] mdhc_ptd_2025_2027_anexoentregas_assinado_assinado   186.8KB
03:39:50 INFO     ✓ [ 89/132] mdic_ptd_anexo_de_entregas_assinado_v1_assinado_as   176.6KB
03:39:54 INFO     ✓ [ 90/132] memp_ptd_2025_2026_docdiretivo_assinado_assinado_a  1030.1KB
03:39:56 INFO     ✓ [ 91/132] memp_ptd_2025_2026_anexo_de_entregas_assinado_assi   161.5KB
03:40:00 INFO     ✓ [ 92/132] mesp_ptd_2025_2027_docdiretivo_assinado_assinado_2  1147.7KB
03:40:02 INFO     ✓ [ 93/132] mesp_ptd_2025_2027_anexo_de_entregas_assinado_assi   226.6KB
03:40:06 INFO     ✓ [ 94/132] mf_ptd_2026_2027_documentodiretivo_assinado_assina   955.1KB
03:40:08 INFO     ✓ [ 95/132] mf_ptd_2026_2027_anexo_de_entregas_1_mf_se_assinad   241.2KB
03:40:11 INFO     ✓ [ 96/132] mgi_ptd_2025_2027_docdiretivo_assinado_assinado_as   375.2KB
03:40:13 INFO     ✓ [ 97/132] mgi_ptd_2025_2027_anexo_de_entregas_assinado_assin   256.1KB
03:40:17 INFO     ✓ [ 98/132] minc_ptd_2025_2027_docdiretivo_assinado-1_assinado   863.6KB
03:40:19 INFO     ✓ [ 99/132] minc_ptd_2025_2027_anexo_de_entregas_assinado-1_as   276.7KB
03:40:23 INFO     ✓ [100/132] mjsp_ptd_docdiretivo_assinado_2025_2026_assinado_a   954.0KB
03:40:25 INFO     ✓ [101/132] mjsp_ptd_anexo_de_entregas_assinado_v1_assinado_as   253.9KB
03:40:28 INFO     ✓ [102/132] mme_ptd_2025_2027_docdiretivo_assinado-copia_tarja   664.5KB
03:40:30 INFO     ✓ [103/132] mme_ptd_2025_2027_anexo_de_entregas_assinado__1_-c   111.1KB
03:40:34 INFO     ✓ [104/132] mmulheres_ptd_2025_2027_docdiretivo_assinado_assin  1078.3KB
03:40:37 INFO     ✓ [105/132] mmulheres_ptd_2025_2027_anexo_de_entregas_assinado   216.9KB
03:40:41 INFO     ✓ [106/132] mpi_ptd_2025_2027_docdiretivo_ministerio_dos_povos   947.9KB
03:40:43 INFO     ✓ [107/132] mpi_ptd_anexo_de_entregas_do_plano_de_tranformacao   191.9KB
03:40:46 INFO     ✓ [108/132] mpo_ptd_docdiretivo_assinado_2025_2026_assinado_as   806.3KB
03:40:49 INFO     ✓ [109/132] mpo_ptd_anexo_de_entregas_assinado_v1_assinado_ass   323.2KB
03:40:52 INFO     ✓ [110/132] mpor_ptd_2025_2027_docdiretivo_assinado_assinado_a   876.5KB
03:40:54 INFO     ✓ [111/132] mpor_ptd_2025_2027_anexo_de_entregas_assinado_assi   175.1KB
03:40:58 INFO     ✓ [112/132] mps_ptd_2025-2026_docdiretivo_final_assinado-1_ass  1024.4KB
03:41:00 INFO     ✓ [113/132] mps_ptd_2025-2026_anexo_de_entregas_final_assinado   165.0KB
03:41:04 INFO     ✓ [114/132] mre_ptd_docdiretivo_assinado_2025_2026_assinado_as   760.9KB
03:41:06 INFO     ✓ [115/132] mre_ptd_anexo_de_entregas_assinado_v1_assinado_ass   233.2KB
03:41:10 INFO     ✓ [116/132] mte_ptd_2025_2026_docdiretivo_assinado_assinado_as   729.6KB
03:41:12 INFO     ✓ [117/132] mte_ptd_anexo_de_entregas_assinado_v1__281_29_assi   459.5KB
03:41:16 INFO     ✓ [118/132] mtur_ptd_docdiretiv_assinado_30_01_2025_assinado_a  1050.4KB
03:41:18 INFO     ✓ [119/132] mtur_ptd_anexo_de_entregas_assinado_30_01_2025_ass   118.8KB
03:41:22 INFO     ✓ [120/132] pf_ptd_docdiretivo_2025_2027_assinado-copia_tarjad   964.3KB
03:41:24 INFO     ✓ [121/132] pf_ptd_anexo_de_entregas_2025_2027_assinado-copia_    62.5KB
03:41:27 INFO     ✓ [122/132] mf_ptd_2026_2027_anexo_de_entregas_4_mf_pgfn_assin   466.8KB
03:41:37 INFO     ✓ [123/132] previc_plano_de_transformacao_digital_2025_2026_29  6652.7KB
03:41:40 INFO     ✓ [124/132] previc_ptd_repactuacao_2025-2026_assinado_assinado   182.9KB
03:41:43 INFO     ✓ [125/132] prf_documentodiretivo_ptd_2026-2027_assinado_tarja   535.9KB
03:41:45 INFO     ✓ [126/132] prf_anexo_de_entregas_do_ptd__2026_2027___ptd___en   157.7KB
03:41:47 INFO     ✓ [127/132] mf_ptd_2026_2027_anexo_de_entregas_2_mf_rfb_assina   253.7KB
03:41:51 INFO     ✓ [128/132] sgpr_ptd_2026_2027_docdiretivo_assinado-copia_tarj   791.2KB
03:41:54 INFO     ✓ [129/132] sgpr_ptd_2025_2027_anexo_de_entregas_assinado-copi   897.9KB
03:41:57 INFO     ✓ [130/132] mf_ptd_2026_2027_anexo_de_entregas_3_mf_stn_assina   467.8KB
03:42:00 INFO     ✓ [131/132] susep_ptd_2025_2027_docdiretivo-assinado-copia_tar  1030.1KB
03:42:03 INFO     ✓ [132/132] susep_ptd_2025-2026_anexo_de_entregas_final_assina   221.9KB
03:42:04 INFO     132 OK | 0 erros | 123.3 MB total
03:42:10 INFO     Sanity: 132 PDFs | 113 texto | 19 imagem/OCR | 0 duplicatas
03:42:10 INFO     --siglas (debug): 13 PDFs de ['AGU', 'FIOCRUZ', 'FUNAI', 'FUNDACENTRO', 'INCRA', 'ITI', 'MCOM', 'SGPR']
03:42:10 INFO     DocumentConverter instanciado (singleton × 2: plain + OCR)
03:42:10 INFO     [1/13] → agu_ptd_2025_2027_anexo_de_entregas_assinado_assinado_assinado-copia_tarjada.pdf
03:42:10 INFO     detected formats: [<InputFormat.PDF: 'pdf'>]
03:42:10 INFO     Going to convert document batch...
03:42:10 INFO     Initializing pipeline for StandardPdfPipeline with options hash bc6794697da537796efc497178f9263f
03:42:10 INFO     Loading plugin 'docling_defaults'
03:42:10 INFO     Registered picture descriptions: ['picture_description_vlm_engine', 'vlm', 'api']
03:42:10 INFO     Loading plugin 'docling_defaults'
03:42:10 INFO     Registered ocr engines: ['auto', 'easyocr', 'kserve_v2_ocr', 'ocrmac', 'rapidocr', 'tesserocr', 'tesseract']
03:42:10 INFO     command: tesseract --list-langs
03:42:10 INFO     Loading plugin 'docling_defaults'
03:42:10 INFO     Registered layout engines: ['layout_object_detection', 'docling_layout_default', 'docling_experimental_table_crops_layout']
03:42:10 INFO     Accelerator device: 'cpu'
03:42:10 INFO     HTTP Request: GET https://huggingface.co/api/models/docling-project/docling-layout-heron/revision/main "HTTP/1.1 200 OK"
03:42:10 INFO     HTTP Request: HEAD https://huggingface.co/docling-project/docling-layout-heron/resolve/8f39ad3c0b4c58e9c2d2c84a38465abf757272d8/README.md "HTTP/1.1 307 Temporary Redirect"
03:42:10 INFO     HTTP Request: HEAD https://huggingface.co/api/resolve-cache/models/docling-project/docling-layout-heron/8f39ad3c0b4c58e9c2d2c84a38465abf757272d8/README.md "HTTP/1.1 200 OK"
03:42:10 INFO     HTTP Request: GET https://huggingface.co/api/resolve-cache/models/docling-project/docling-layout-heron/8f39ad3c0b4c58e9c2d2c84a38465abf757272d8/README.md "HTTP/1.1 200 OK"
03:42:10 INFO     HTTP Request: HEAD https://huggingface.co/docling-project/docling-layout-heron/resolve/8f39ad3c0b4c58e9c2d2c84a38465abf757272d8/preprocessor_config.json "HTTP/1.1 307 Temporary Redirect"
03:42:10 WARNING  Warning: You are sending unauthenticated requests to the HF Hub. Please set a HF_TOKEN to enable higher rate limits and faster downloads.
03:42:10 INFO     HTTP Request: HEAD https://huggingface.co/docling-project/docling-layout-heron/resolve/8f39ad3c0b4c58e9c2d2c84a38465abf757272d8/config.json "HTTP/1.1 307 Temporary Redirect"
03:42:10 INFO     HTTP Request: HEAD https://huggingface.co/docling-project/docling-layout-heron/resolve/8f39ad3c0b4c58e9c2d2c84a38465abf757272d8/model.safetensors "HTTP/1.1 302 Found"
03:42:10 INFO     HTTP Request: HEAD https://huggingface.co/docling-project/docling-layout-heron/resolve/8f39ad3c0b4c58e9c2d2c84a38465abf757272d8/.gitattributes "HTTP/1.1 307 Temporary Redirect"
03:42:10 INFO     HTTP Request: HEAD https://huggingface.co/docling-project/docling-layout-heron/resolve/8f39ad3c0b4c58e9c2d2c84a38465abf757272d8/docling_heron_400.png "HTTP/1.1 307 Temporary Redirect"
03:42:10 INFO     HTTP Request: HEAD https://huggingface.co/api/resolve-cache/models/docling-project/docling-layout-heron/8f39ad3c0b4c58e9c2d2c84a38465abf757272d8/preprocessor_config.json "HTTP/1.1 200 OK"
03:42:10 INFO     HTTP Request: HEAD https://huggingface.co/api/resolve-cache/models/docling-project/docling-layout-heron/8f39ad3c0b4c58e9c2d2c84a38465abf757272d8/config.json "HTTP/1.1 200 OK"
03:42:10 INFO     HTTP Request: HEAD https://huggingface.co/api/resolve-cache/models/docling-project/docling-layout-heron/8f39ad3c0b4c58e9c2d2c84a38465abf757272d8/.gitattributes "HTTP/1.1 200 OK"
03:42:10 INFO     HTTP Request: GET https://huggingface.co/api/resolve-cache/models/docling-project/docling-layout-heron/8f39ad3c0b4c58e9c2d2c84a38465abf757272d8/preprocessor_config.json "HTTP/1.1 200 OK"
03:42:10 INFO     HTTP Request: HEAD https://huggingface.co/api/resolve-cache/models/docling-project/docling-layout-heron/8f39ad3c0b4c58e9c2d2c84a38465abf757272d8/docling_heron_400.png "HTTP/1.1 200 OK"
03:42:10 INFO     HTTP Request: GET https://huggingface.co/api/resolve-cache/models/docling-project/docling-layout-heron/8f39ad3c0b4c58e9c2d2c84a38465abf757272d8/config.json "HTTP/1.1 200 OK"
03:42:10 INFO     HTTP Request: GET https://huggingface.co/api/resolve-cache/models/docling-project/docling-layout-heron/8f39ad3c0b4c58e9c2d2c84a38465abf757272d8/.gitattributes "HTTP/1.1 200 OK"
03:42:10 INFO     HTTP Request: GET https://huggingface.co/api/resolve-cache/models/docling-project/docling-layout-heron/8f39ad3c0b4c58e9c2d2c84a38465abf757272d8/docling_heron_400.png "HTTP/1.1 200 OK"
03:42:10 INFO     HTTP Request: GET https://huggingface.co/api/models/docling-project/docling-layout-heron/xet-read-token/8f39ad3c0b4c58e9c2d2c84a38465abf757272d8 "HTTP/1.1 200 OK"
03:42:12 INFO     Loading plugin 'docling_defaults'
03:42:12 INFO     Registered table structure engines: ['docling_tableformer', 'docling_tableformer_v2']
03:42:12 INFO     HTTP Request: GET https://huggingface.co/api/models/docling-project/docling-models/revision/v2.3.0 "HTTP/1.1 200 OK"
03:42:12 INFO     HTTP Request: HEAD https://huggingface.co/docling-project/docling-models/resolve/fc0f2d45e2218ea24bce5045f58a389aed16dc23/.gitignore "HTTP/1.1 307 Temporary Redirect"
03:42:12 INFO     HTTP Request: HEAD https://huggingface.co/docling-project/docling-models/resolve/fc0f2d45e2218ea24bce5045f58a389aed16dc23/README.md "HTTP/1.1 307 Temporary Redirect"
03:42:12 INFO     HTTP Request: HEAD https://huggingface.co/docling-project/docling-models/resolve/fc0f2d45e2218ea24bce5045f58a389aed16dc23/model_artifacts/tableformer/accurate/tm_config.json "HTTP/1.1 307 Temporary Redirect"
03:42:12 INFO     HTTP Request: HEAD https://huggingface.co/docling-project/docling-models/resolve/fc0f2d45e2218ea24bce5045f58a389aed16dc23/.gitattributes "HTTP/1.1 307 Temporary Redirect"
03:42:12 INFO     HTTP Request: HEAD https://huggingface.co/docling-project/docling-models/resolve/fc0f2d45e2218ea24bce5045f58a389aed16dc23/model_artifacts/tableformer/accurate/tableformer_accurate.safetensors "HTTP/1.1 302 Found"
03:42:12 INFO     HTTP Request: HEAD https://huggingface.co/docling-project/docling-models/resolve/fc0f2d45e2218ea24bce5045f58a389aed16dc23/config.json "HTTP/1.1 307 Temporary Redirect"
03:42:12 INFO     HTTP Request: HEAD https://huggingface.co/api/resolve-cache/models/docling-project/docling-models/fc0f2d45e2218ea24bce5045f58a389aed16dc23/.gitignore "HTTP/1.1 200 OK"
03:42:12 INFO     HTTP Request: HEAD https://huggingface.co/api/resolve-cache/models/docling-project/docling-models/fc0f2d45e2218ea24bce5045f58a389aed16dc23/README.md "HTTP/1.1 200 OK"
03:42:12 INFO     HTTP Request: HEAD https://huggingface.co/api/resolve-cache/models/docling-project/docling-models/fc0f2d45e2218ea24bce5045f58a389aed16dc23/.gitattributes "HTTP/1.1 200 OK"
03:42:12 INFO     HTTP Request: HEAD https://huggingface.co/api/resolve-cache/models/docling-project/docling-models/fc0f2d45e2218ea24bce5045f58a389aed16dc23/model_artifacts%2Ftableformer%2Faccurate%2Ftm_config.json "HTTP/1.1 200 OK"
03:42:12 INFO     HTTP Request: HEAD https://huggingface.co/docling-project/docling-models/resolve/fc0f2d45e2218ea24bce5045f58a389aed16dc23/model_artifacts/tableformer/fast/tm_config.json "HTTP/1.1 307 Temporary Redirect"
03:42:12 INFO     HTTP Request: GET https://huggingface.co/api/resolve-cache/models/docling-project/docling-models/fc0f2d45e2218ea24bce5045f58a389aed16dc23/.gitignore "HTTP/1.1 200 OK"
03:42:12 INFO     HTTP Request: HEAD https://huggingface.co/docling-project/docling-models/resolve/fc0f2d45e2218ea24bce5045f58a389aed16dc23/model_artifacts/tableformer/fast/tableformer_fast.safetensors "HTTP/1.1 302 Found"
03:42:12 INFO     HTTP Request: HEAD https://huggingface.co/api/resolve-cache/models/docling-project/docling-models/fc0f2d45e2218ea24bce5045f58a389aed16dc23/config.json "HTTP/1.1 200 OK"
03:42:12 INFO     HTTP Request: GET https://huggingface.co/api/resolve-cache/models/docling-project/docling-models/fc0f2d45e2218ea24bce5045f58a389aed16dc23/README.md "HTTP/1.1 200 OK"
03:42:12 INFO     HTTP Request: GET https://huggingface.co/api/resolve-cache/models/docling-project/docling-models/fc0f2d45e2218ea24bce5045f58a389aed16dc23/model_artifacts%2Ftableformer%2Faccurate%2Ftm_config.json "HTTP/1.1 200 OK"
03:42:12 INFO     HTTP Request: GET https://huggingface.co/api/resolve-cache/models/docling-project/docling-models/fc0f2d45e2218ea24bce5045f58a389aed16dc23/.gitattributes "HTTP/1.1 200 OK"
03:42:12 INFO     HTTP Request: HEAD https://huggingface.co/api/resolve-cache/models/docling-project/docling-models/fc0f2d45e2218ea24bce5045f58a389aed16dc23/model_artifacts%2Ftableformer%2Ffast%2Ftm_config.json "HTTP/1.1 200 OK"
03:42:12 INFO     HTTP Request: GET https://huggingface.co/api/resolve-cache/models/docling-project/docling-models/fc0f2d45e2218ea24bce5045f58a389aed16dc23/config.json "HTTP/1.1 200 OK"
03:42:12 INFO     HTTP Request: GET https://huggingface.co/api/models/docling-project/docling-models/xet-read-token/fc0f2d45e2218ea24bce5045f58a389aed16dc23 "HTTP/1.1 200 OK"
03:42:12 INFO     HTTP Request: GET https://huggingface.co/api/resolve-cache/models/docling-project/docling-models/fc0f2d45e2218ea24bce5045f58a389aed16dc23/model_artifacts%2Ftableformer%2Ffast%2Ftm_config.json "HTTP/1.1 200 OK"
03:42:12 INFO     HTTP Request: GET https://huggingface.co/api/models/docling-project/docling-models/xet-read-token/fc0f2d45e2218ea24bce5045f58a389aed16dc23 "HTTP/1.1 200 OK"
03:42:14 INFO     Accelerator device: 'cpu'
03:42:14 INFO     Processing document agu_ptd_2025_2027_anexo_de_entregas_assinado_assinado_assinado-copia_tarjada.pdf
03:42:15 INFO     command: tesseract --psm 0 -l osd /tmp/tmpccnkhijb.png stdout
03:42:15 INFO     command: tesseract -l por /tmp/tmpccnkhijb.png stdout tsv
03:42:19 INFO     command: tesseract --psm 0 -l osd /tmp/tmp_ooiqx9p.png stdout
03:42:20 INFO     command: tesseract -l por /tmp/tmp_ooiqx9p.png stdout tsv
03:42:39 INFO     Finished converting document agu_ptd_2025_2027_anexo_de_entregas_assinado_assinado_assinado-copia_tarjada.pdf in 28.79 sec.
03:42:39 INFO       pixel_budget (Docling) agu_ptd_2025_2027_anexo_de_entregas_assinado_assinado_assinado-copia_tarjada.pdf: 45.8% (área tabelas/1001817 px²)
03:42:39 INFO     [1/13] ✓ AGU       :   33 entregas | 28.8s | ETA ~5min
03:42:39 INFO     [2/13] → agu_ptd_2025_2027_docdiretivo_assinado_assinado_assinado-copia_tarjada.pdf
03:42:39 INFO     detected formats: [<InputFormat.PDF: 'pdf'>]
03:42:39 INFO     Going to convert document batch...
03:42:39 INFO     Processing document agu_ptd_2025_2027_docdiretivo_assinado_assinado_assinado-copia_tarjada.pdf
03:42:39 INFO     command: tesseract --psm 0 -l osd /tmp/tmpp4u5sy2i.png stdout
03:42:40 INFO     command: tesseract -l por /tmp/tmpp4u5sy2i.png stdout tsv
03:42:41 INFO     command: tesseract --psm 0 -l osd /tmp/tmpwyof13na.png stdout
03:42:43 INFO     command: tesseract -l por /tmp/tmpwyof13na.png stdout tsv
03:42:47 INFO     command: tesseract --psm 0 -l osd /tmp/tmp4z8soaiq.png stdout
03:42:48 INFO     command: tesseract -l por /tmp/tmp4z8soaiq.png stdout tsv
03:42:50 INFO     command: tesseract --psm 0 -l osd /tmp/tmp3tq4aewk.png stdout
03:42:51 INFO     command: tesseract -l por /tmp/tmp3tq4aewk.png stdout tsv
03:42:53 INFO     command: tesseract --psm 0 -l osd /tmp/tmpjd_99oee.png stdout
03:42:54 INFO     command: tesseract -l por /tmp/tmpjd_99oee.png stdout tsv
03:42:56 INFO     command: tesseract --psm 0 -l osd /tmp/tmpinre_wp3.png stdout
03:42:58 INFO     command: tesseract -l por /tmp/tmpinre_wp3.png stdout tsv
03:43:08 INFO     command: tesseract --psm 0 -l osd /tmp/tmphz7ux32v.png stdout
03:43:09 INFO     command: tesseract -l por /tmp/tmphz7ux32v.png stdout tsv
03:43:11 INFO     command: tesseract --psm 0 -l osd /tmp/tmpu8v_uhen.png stdout
03:43:12 INFO     command: tesseract -l por /tmp/tmpu8v_uhen.png stdout tsv
03:43:14 INFO     command: tesseract --psm 0 -l osd /tmp/tmpjumasxi3.png stdout
03:43:15 INFO     command: tesseract -l por /tmp/tmpjumasxi3.png stdout tsv
03:43:17 INFO     command: tesseract --psm 0 -l osd /tmp/tmpowddt3na.png stdout
03:43:19 INFO     command: tesseract -l por /tmp/tmpowddt3na.png stdout tsv
03:43:33 INFO     command: tesseract --psm 0 -l osd /tmp/tmpo4tqz6eq.png stdout
03:43:34 INFO     command: tesseract -l por /tmp/tmpo4tqz6eq.png stdout tsv
03:43:37 INFO     Finished converting document agu_ptd_2025_2027_docdiretivo_assinado_assinado_assinado-copia_tarjada.pdf in 58.58 sec.
03:43:37 INFO       pixel_budget (Docling) agu_ptd_2025_2027_docdiretivo_assinado_assinado_assinado-copia_tarjada.pdf: 2.1% (área tabelas/5513330 px²)
03:43:37 INFO     [2/13] ✓ AGU       :    6 entregas | 58.6s | ETA ~8min
03:43:37 INFO     [3/13] → fiocruz-ptd-06_2024-copia_tarjada.pdf
03:43:37 INFO     detected formats: [<InputFormat.PDF: 'pdf'>]
03:43:37 INFO     Going to convert document batch...
03:43:37 INFO     Initializing pipeline for StandardPdfPipeline with options hash d18651824ca6fe56cf3ccb20424ac2c8
03:43:37 INFO     Accelerator device: 'cpu'
03:43:37 INFO     HTTP Request: GET https://huggingface.co/api/models/docling-project/docling-layout-heron/revision/main "HTTP/1.1 200 OK"
03:43:38 INFO     HTTP Request: GET https://huggingface.co/api/models/docling-project/docling-models/revision/v2.3.0 "HTTP/1.1 200 OK"
03:43:38 INFO     Accelerator device: 'cpu'
03:43:38 INFO     Processing document fiocruz-ptd-06_2024-copia_tarjada.pdf
03:44:46 INFO     Finished converting document fiocruz-ptd-06_2024-copia_tarjada.pdf in 68.32 sec.
03:44:46 INFO       pixel_budget (Docling) fiocruz-ptd-06_2024-copia_tarjada.pdf: 36.4% (área tabelas/7518178 px²)
03:44:46 WARNING  [3/13] ⚠ FIOCRUZ   :    0 entregas | 68.4s | ETA ~8min
03:44:46 INFO     [4/13] → fiocruz_novo-ptd_2-1_docdiretivo_repactuacao_2024-2026_assinado_assinado-copia_tarjada.pdf
03:44:46 INFO     detected formats: [<InputFormat.PDF: 'pdf'>]
03:44:46 INFO     Going to convert document batch...
03:44:46 INFO     Processing document fiocruz_novo-ptd_2-1_docdiretivo_repactuacao_2024-2026_assinado_assinado-copia_tarjada.pdf
03:45:03 INFO     Finished converting document fiocruz_novo-ptd_2-1_docdiretivo_repactuacao_2024-2026_assinado_assinado-copia_tarjada.pdf in 17.63 sec.
03:45:03 INFO       pixel_budget (Docling) fiocruz_novo-ptd_2-1_docdiretivo_repactuacao_2024-2026_assinado_assinado-copia_tarjada.pdf: 11.3% (área tabelas/5012118 px²)
03:45:03 WARNING  [4/13] ⚠ FIOCRUZ   :    0 entregas | 17.6s | ETA ~6min
03:45:03 INFO     [5/13] → fiocruz_ptd_anexo_de_entregas_assinado_v1_assinado_assinado-1-copia_tarjada.pdf
03:45:03 INFO     detected formats: [<InputFormat.PDF: 'pdf'>]
03:45:03 INFO     Going to convert document batch...
03:45:03 INFO     Processing document fiocruz_ptd_anexo_de_entregas_assinado_v1_assinado_assinado-1-copia_tarjada.pdf
03:45:35 INFO     Finished converting document fiocruz_ptd_anexo_de_entregas_assinado_v1_assinado_assinado-1-copia_tarjada.pdf in 31.97 sec.
03:45:35 INFO       pixel_budget (Docling) fiocruz_ptd_anexo_de_entregas_assinado_v1_assinado_assinado-1-copia_tarjada.pdf: 54.7% (área tabelas/2004847 px²)
03:45:35 INFO     [5/13] ✓ FIOCRUZ   :   61 entregas | 32.0s | ETA ~5min
03:45:35 INFO     [6/13] → funai_anexo_de_entregas_repactuado_2026_2027_assinado_assinado_assinado.pdf
03:45:35 INFO     detected formats: [<InputFormat.PDF: 'pdf'>]
03:45:35 INFO     Going to convert document batch...
03:45:35 INFO     Processing document funai_anexo_de_entregas_repactuado_2026_2027_assinado_assinado_assinado.pdf
03:45:36 INFO     command: tesseract --psm 0 -l osd /tmp/tmp0dxw98dk.png stdout
03:45:37 INFO     command: tesseract -l por /tmp/tmp0dxw98dk.png stdout tsv
03:45:50 INFO     Finished converting document funai_anexo_de_entregas_repactuado_2026_2027_assinado_assinado_assinado.pdf in 14.83 sec.
03:45:50 INFO       pixel_budget (Docling) funai_anexo_de_entregas_repactuado_2026_2027_assinado_assinado_assinado.pdf: 49.8% (área tabelas/501212 px²)
03:45:50 INFO     [6/13] ✓ FUNAI     :   21 entregas | 14.8s | ETA ~4min
03:45:50 INFO     [7/13] → funai_ptd_2025_2027_docdiretivo_assinado-1_tarjado.pdf
03:45:50 INFO     detected formats: [<InputFormat.PDF: 'pdf'>]
03:45:50 INFO     Going to convert document batch...
03:45:50 INFO     Processing document funai_ptd_2025_2027_docdiretivo_assinado-1_tarjado.pdf
03:45:52 INFO     command: tesseract --psm 0 -l osd /tmp/tmp59f550u3.png stdout
03:45:52 INFO     command: tesseract -l por /tmp/tmp59f550u3.png stdout tsv
03:45:53 INFO     command: tesseract --psm 0 -l osd /tmp/tmp6i64sv43.png stdout
03:45:55 INFO     command: tesseract -l por /tmp/tmp6i64sv43.png stdout tsv
03:45:59 INFO     command: tesseract --psm 0 -l osd /tmp/tmp487yn3xp.png stdout
03:45:59 INFO     command: tesseract -l por /tmp/tmp487yn3xp.png stdout tsv
03:46:01 INFO     command: tesseract --psm 0 -l osd /tmp/tmphtcus17f.png stdout
03:46:02 INFO     command: tesseract -l por /tmp/tmphtcus17f.png stdout tsv
03:46:04 INFO     command: tesseract --psm 0 -l osd /tmp/tmp6v6lutgh.png stdout
03:46:04 INFO     command: tesseract -l por /tmp/tmp6v6lutgh.png stdout tsv
03:46:07 INFO     command: tesseract --psm 0 -l osd /tmp/tmpwiiv0a2w.png stdout
03:46:08 INFO     command: tesseract -l por /tmp/tmpwiiv0a2w.png stdout tsv
03:46:18 INFO     command: tesseract --psm 0 -l osd /tmp/tmpemd2f764.png stdout
03:46:19 INFO     command: tesseract -l por /tmp/tmpemd2f764.png stdout tsv
03:46:20 INFO     command: tesseract --psm 0 -l osd /tmp/tmpswmkattb.png stdout
03:46:21 INFO     command: tesseract -l por /tmp/tmpswmkattb.png stdout tsv
03:46:22 INFO     command: tesseract --psm 0 -l osd /tmp/tmpd1xc35na.png stdout
03:46:23 INFO     command: tesseract -l por /tmp/tmpd1xc35na.png stdout tsv
03:46:25 INFO     command: tesseract --psm 0 -l osd /tmp/tmpcnydh7r4.png stdout
03:46:26 INFO     command: tesseract -l por /tmp/tmpcnydh7r4.png stdout tsv
03:46:38 INFO     command: tesseract --psm 0 -l osd /tmp/tmp3tel_aq7.png stdout
03:46:39 INFO     command: tesseract -l por /tmp/tmp3tel_aq7.png stdout tsv
03:46:47 INFO     command: tesseract --psm 0 -l osd /tmp/tmptc_9b348.png stdout
03:46:48 INFO     command: tesseract -l por /tmp/tmptc_9b348.png stdout tsv
03:46:49 INFO     command: tesseract --psm 0 -l osd /tmp/tmpdo_qbnj2.png stdout
03:46:50 INFO     command: tesseract -l por /tmp/tmpdo_qbnj2.png stdout tsv
03:46:57 INFO     Finished converting document funai_ptd_2025_2027_docdiretivo_assinado-1_tarjado.pdf in 66.28 sec.
03:46:57 INFO       pixel_budget (Docling) funai_ptd_2025_2027_docdiretivo_assinado-1_tarjado.pdf: 16.4% (área tabelas/6515754 px²)
03:46:57 INFO     [7/13] ✓ FUNAI     :    8 entregas | 66.3s | ETA ~4min
03:46:57 INFO     [8/13] → incra_anexo_de_entregas_assinado-1_assinado_assinado-copia_tarjada.pdf
03:46:57 INFO     detected formats: [<InputFormat.PDF: 'pdf'>]
03:46:57 INFO     Going to convert document batch...
03:46:57 INFO     Processing document incra_anexo_de_entregas_assinado-1_assinado_assinado-copia_tarjada.pdf
03:46:58 INFO     command: tesseract --psm 0 -l osd /tmp/tmpysvqrmab.png stdout
03:46:59 INFO     command: tesseract -l por /tmp/tmpysvqrmab.png stdout tsv
03:47:01 INFO     command: tesseract --psm 0 -l osd /tmp/tmpx5dneyi9.png stdout
03:47:03 INFO     command: tesseract -l por /tmp/tmpx5dneyi9.png stdout tsv
03:47:12 INFO     command: tesseract --psm 0 -l osd /tmp/tmpubv51eyq.png stdout
03:47:13 INFO     command: tesseract -l por /tmp/tmpubv51eyq.png stdout tsv
03:47:14 INFO     command: tesseract --psm 0 -l osd /tmp/tmpfv9phxzv.png stdout
03:47:15 INFO     command: tesseract -l por /tmp/tmpfv9phxzv.png stdout tsv
03:47:18 INFO     command: tesseract --psm 0 -l osd /tmp/tmpyy8ycu9_.png stdout
03:47:18 INFO     command: tesseract -l por /tmp/tmpyy8ycu9_.png stdout tsv
03:48:49 INFO     Finished converting document incra_anexo_de_entregas_assinado-1_assinado_assinado-copia_tarjada.pdf in 112.52 sec.
03:48:49 INFO       pixel_budget (Docling) incra_anexo_de_entregas_assinado-1_assinado_assinado-copia_tarjada.pdf: 30.0% (área tabelas/2423520 px²)
03:48:49 INFO     [8/13] ✓ INCRA     :   10 entregas | 112.5s | ETA ~4min
03:48:49 INFO     [9/13] → incra_ptd_docdiretivo__assinado-1_assinado_assinado-copia_tarjada.pdf
03:48:49 INFO     detected formats: [<InputFormat.PDF: 'pdf'>]
03:48:49 INFO     Going to convert document batch...
03:48:49 INFO     Processing document incra_ptd_docdiretivo__assinado-1_assinado_assinado-copia_tarjada.pdf
03:48:50 INFO     command: tesseract --psm 0 -l osd /tmp/tmpgqs4zo1d.png stdout
03:48:51 INFO     command: tesseract -l por /tmp/tmpgqs4zo1d.png stdout tsv
03:48:53 INFO     command: tesseract --psm 0 -l osd /tmp/tmpd96okkmo.png stdout
03:48:54 INFO     command: tesseract -l por /tmp/tmpd96okkmo.png stdout tsv
03:49:00 INFO     command: tesseract --psm 0 -l osd /tmp/tmp5onuydu6.png stdout
03:49:01 INFO     command: tesseract -l por /tmp/tmp5onuydu6.png stdout tsv
03:49:03 INFO     command: tesseract --psm 0 -l osd /tmp/tmptu46f5m3.png stdout
03:49:03 INFO     command: tesseract -l por /tmp/tmptu46f5m3.png stdout tsv
03:49:05 INFO     command: tesseract --psm 0 -l osd /tmp/tmp2y174pqy.png stdout
03:49:06 INFO     command: tesseract -l por /tmp/tmp2y174pqy.png stdout tsv
03:49:08 INFO     command: tesseract --psm 0 -l osd /tmp/tmpsmzcfbt6.png stdout
03:49:09 INFO     command: tesseract -l por /tmp/tmpsmzcfbt6.png stdout tsv
03:49:26 INFO     command: tesseract --psm 0 -l osd /tmp/tmpt8zb3vq9.png stdout
03:49:26 INFO     command: tesseract -l por /tmp/tmpt8zb3vq9.png stdout tsv
03:49:28 INFO     command: tesseract --psm 0 -l osd /tmp/tmp897si3nc.png stdout
03:49:29 INFO     command: tesseract -l por /tmp/tmp897si3nc.png stdout tsv
03:49:30 INFO     command: tesseract --psm 0 -l osd /tmp/tmppm1ryawh.png stdout
03:49:31 INFO     command: tesseract -l por /tmp/tmppm1ryawh.png stdout tsv
03:49:33 INFO     command: tesseract --psm 0 -l osd /tmp/tmp9v_471oe.png stdout
03:49:34 INFO     command: tesseract -l por /tmp/tmp9v_471oe.png stdout tsv
03:49:40 INFO     command: tesseract --psm 0 -l osd /tmp/tmpazuqum81.png stdout
03:49:40 INFO     command: tesseract -l por /tmp/tmpazuqum81.png stdout tsv
03:49:44 INFO     command: tesseract --psm 0 -l osd /tmp/tmpig6s_olg.png stdout
03:49:45 INFO     command: tesseract -l por /tmp/tmpig6s_olg.png stdout tsv
03:49:50 INFO     command: tesseract --psm 0 -l osd /tmp/tmpywzq6o7q.png stdout
03:49:51 INFO     command: tesseract -l por /tmp/tmpywzq6o7q.png stdout tsv
03:49:58 INFO     Finished converting document incra_ptd_docdiretivo__assinado-1_assinado_assinado-copia_tarjada.pdf in 69.09 sec.
03:49:58 INFO       pixel_budget (Docling) incra_ptd_docdiretivo__assinado-1_assinado_assinado-copia_tarjada.pdf: 20.2% (área tabelas/6515754 px²)
03:49:58 INFO     [9/13] ✓ INCRA     :    9 entregas | 69.1s | ETA ~3min
03:49:58 INFO     [10/13] → iti_anexo_de_entregas_assinado.pdf
03:49:58 INFO     detected formats: [<InputFormat.PDF: 'pdf'>]
03:49:58 INFO     Going to convert document batch...
03:49:58 INFO     Processing document iti_anexo_de_entregas_assinado.pdf
03:49:59 INFO     command: tesseract --psm 0 -l osd /tmp/tmppla3gsmk.png stdout
03:50:00 INFO     command: tesseract -l por /tmp/tmppla3gsmk.png stdout tsv
03:50:15 INFO     Finished converting document iti_anexo_de_entregas_assinado.pdf in 17.30 sec.
03:50:15 INFO       pixel_budget (Docling) iti_anexo_de_entregas_assinado.pdf: 57.2% (área tabelas/501212 px²)
03:50:15 INFO     [10/13] ✓ ITI       :   31 entregas | 17.3s | ETA ~2min
03:50:15 INFO     [11/13] → iti_doc_diretivo_assinado-1_tarjado.pdf
03:50:15 INFO     detected formats: [<InputFormat.PDF: 'pdf'>]
03:50:15 INFO     Going to convert document batch...
03:50:15 INFO     Processing document iti_doc_diretivo_assinado-1_tarjado.pdf
03:50:16 INFO     command: tesseract --psm 0 -l osd /tmp/tmpfg4b5v6k.png stdout
03:50:17 INFO     command: tesseract -l por /tmp/tmpfg4b5v6k.png stdout tsv
03:50:19 INFO     command: tesseract --psm 0 -l osd /tmp/tmplo9r3vb8.png stdout
03:50:20 INFO     command: tesseract -l por /tmp/tmplo9r3vb8.png stdout tsv
03:50:25 INFO     command: tesseract --psm 0 -l osd /tmp/tmph25l_jcq.png stdout
03:50:25 INFO     command: tesseract -l por /tmp/tmph25l_jcq.png stdout tsv
03:50:27 INFO     command: tesseract --psm 0 -l osd /tmp/tmpawi7x_gd.png stdout
03:50:28 INFO     command: tesseract -l por /tmp/tmpawi7x_gd.png stdout tsv
03:50:30 INFO     command: tesseract --psm 0 -l osd /tmp/tmp71jbk4pk.png stdout
03:50:30 INFO     command: tesseract -l por /tmp/tmp71jbk4pk.png stdout tsv
03:50:33 INFO     command: tesseract --psm 0 -l osd /tmp/tmpmerawv5g.png stdout
03:50:34 INFO     command: tesseract -l por /tmp/tmpmerawv5g.png stdout tsv
03:50:51 INFO     command: tesseract --psm 0 -l osd /tmp/tmpsvqrl7hr.png stdout
03:50:51 INFO     command: tesseract -l por /tmp/tmpsvqrl7hr.png stdout tsv
03:50:53 INFO     command: tesseract --psm 0 -l osd /tmp/tmp5l6y7vgz.png stdout
03:50:54 INFO     command: tesseract -l por /tmp/tmp5l6y7vgz.png stdout tsv
03:50:56 INFO     command: tesseract --psm 0 -l osd /tmp/tmpv4u_1vsp.png stdout
03:50:57 INFO     command: tesseract -l por /tmp/tmpv4u_1vsp.png stdout tsv
03:50:59 INFO     command: tesseract --psm 0 -l osd /tmp/tmp2gfyin7j.png stdout
03:51:00 INFO     command: tesseract -l por /tmp/tmp2gfyin7j.png stdout tsv
03:51:16 INFO     command: tesseract --psm 0 -l osd /tmp/tmph1dmbj0o.png stdout
03:51:16 INFO     command: tesseract -l por /tmp/tmph1dmbj0o.png stdout tsv
03:51:20 INFO     Finished converting document iti_doc_diretivo_assinado-1_tarjado.pdf in 64.10 sec.
03:51:20 INFO       pixel_budget (Docling) iti_doc_diretivo_assinado-1_tarjado.pdf: 8.0% (área tabelas/5516339 px²)
03:51:20 INFO     [11/13] ✓ ITI       :    6 entregas | 64.1s | ETA ~1min
03:51:20 INFO     [12/13] → sgpr_ptd_2025_2027_anexo_de_entregas_assinado-copia_tarjada.pdf
03:51:20 INFO     detected formats: [<InputFormat.PDF: 'pdf'>]
03:51:20 INFO     Going to convert document batch...
03:51:20 INFO     Processing document sgpr_ptd_2025_2027_anexo_de_entregas_assinado-copia_tarjada.pdf
03:51:21 INFO     command: tesseract --psm 0 -l osd /tmp/tmpeef4uudz.png stdout
03:51:21 INFO     command: tesseract -l por /tmp/tmpeef4uudz.png stdout tsv
03:51:24 INFO     command: tesseract --psm 0 -l osd /tmp/tmp63_cvygl.png stdout
03:51:25 INFO     command: tesseract -l por /tmp/tmp63_cvygl.png stdout tsv
03:51:39 INFO     Finished converting document sgpr_ptd_2025_2027_anexo_de_entregas_assinado-copia_tarjada.pdf in 19.72 sec.
03:51:39 INFO       pixel_budget (Docling) sgpr_ptd_2025_2027_anexo_de_entregas_assinado-copia_tarjada.pdf: 29.5% (área tabelas/1002424 px²)
03:51:39 INFO     [12/13] ✓ SGPR      :   15 entregas | 19.7s | ETA ~47s
03:51:39 INFO     [13/13] → sgpr_ptd_2026_2027_docdiretivo_assinado-copia_tarjada.pdf
03:51:39 INFO     detected formats: [<InputFormat.PDF: 'pdf'>]
03:51:39 INFO     Going to convert document batch...
03:51:39 INFO     Processing document sgpr_ptd_2026_2027_docdiretivo_assinado-copia_tarjada.pdf
03:51:59 INFO     Finished converting document sgpr_ptd_2026_2027_docdiretivo_assinado-copia_tarjada.pdf in 20.10 sec.
03:51:59 INFO       pixel_budget (Docling) sgpr_ptd_2026_2027_docdiretivo_assinado-copia_tarjada.pdf: 8.2% (área tabelas/5513330 px²)
03:51:59 WARNING  [13/13] ⚠ SGPR      :    0 entregas | 20.1s | ETA ~0s
03:51:59 INFO     200 registros | 6 órgãos
03:51:59 INFO     ╔══════════════════════════════════════════════════════════════╗
03:51:59 INFO     ║                  ENTREGAS — fase concluída                   ║
03:51:59 INFO     ║  Processados: 13    |  ✓ 10  ⚠ 3                             ║
03:51:59 INFO     ║  Duração: 9.8 min                                            ║
03:51:59 INFO     ║  200 registros | 6 órgãos                                    ║
03:51:59 INFO     ╚══════════════════════════════════════════════════════════════╝
03:51:59 INFO     [1/6] → agu_ptd_2025_2027_docdiretivo_assinado_assinado_assinado-copia_tarjada.pdf
03:51:59 INFO     detected formats: [<InputFormat.PDF: 'pdf'>]
03:51:59 INFO     Going to convert document batch...
03:51:59 INFO     Processing document agu_ptd_2025_2027_docdiretivo_assinado_assinado_assinado-copia_tarjada.pdf
03:52:00 INFO     command: tesseract --psm 0 -l osd /tmp/tmp2lsa08j9.png stdout
03:52:00 INFO     command: tesseract -l por /tmp/tmp2lsa08j9.png stdout tsv
03:52:02 INFO     command: tesseract --psm 0 -l osd /tmp/tmpk84d2ns6.png stdout
03:52:04 INFO     command: tesseract -l por /tmp/tmpk84d2ns6.png stdout tsv
03:52:09 INFO     command: tesseract --psm 0 -l osd /tmp/tmpf61h9lzp.png stdout
03:52:09 INFO     command: tesseract -l por /tmp/tmpf61h9lzp.png stdout tsv
03:52:12 INFO     command: tesseract --psm 0 -l osd /tmp/tmp44h_9g0y.png stdout
03:52:12 INFO     command: tesseract -l por /tmp/tmp44h_9g0y.png stdout tsv
03:52:15 INFO     command: tesseract --psm 0 -l osd /tmp/tmpnvzl8yl0.png stdout
03:52:15 INFO     command: tesseract -l por /tmp/tmpnvzl8yl0.png stdout tsv
03:52:18 INFO     command: tesseract --psm 0 -l osd /tmp/tmpn02wd7f4.png stdout
03:52:19 INFO     command: tesseract -l por /tmp/tmpn02wd7f4.png stdout tsv
03:52:29 INFO     command: tesseract --psm 0 -l osd /tmp/tmpees1jkgo.png stdout
03:52:30 INFO     command: tesseract -l por /tmp/tmpees1jkgo.png stdout tsv
03:52:32 INFO     command: tesseract --psm 0 -l osd /tmp/tmpdqwsv0kv.png stdout
03:52:33 INFO     command: tesseract -l por /tmp/tmpdqwsv0kv.png stdout tsv
03:52:35 INFO     command: tesseract --psm 0 -l osd /tmp/tmpkijx7i38.png stdout
03:52:36 INFO     command: tesseract -l por /tmp/tmpkijx7i38.png stdout tsv
03:52:39 INFO     command: tesseract --psm 0 -l osd /tmp/tmpuzd84tfw.png stdout
03:52:40 INFO     command: tesseract -l por /tmp/tmpuzd84tfw.png stdout tsv
03:52:55 INFO     command: tesseract --psm 0 -l osd /tmp/tmpekrw99yl.png stdout
03:52:56 INFO     command: tesseract -l por /tmp/tmpekrw99yl.png stdout tsv
03:52:59 INFO     Finished converting document agu_ptd_2025_2027_docdiretivo_assinado_assinado_assinado-copia_tarjada.pdf in 59.56 sec.
03:52:59 INFO     [1/6] ✓ AGU       :   7 riscos | 59.6s | ETA ~4min
03:52:59 INFO     [2/6] → fiocruz_novo-ptd_2-1_docdiretivo_repactuacao_2024-2026_assinado_assinado-copia_tarjada.pdf
03:52:59 INFO     detected formats: [<InputFormat.PDF: 'pdf'>]
03:52:59 INFO     Going to convert document batch...
03:52:59 INFO     Processing document fiocruz_novo-ptd_2-1_docdiretivo_repactuacao_2024-2026_assinado_assinado-copia_tarjada.pdf
03:53:17 INFO     Finished converting document fiocruz_novo-ptd_2-1_docdiretivo_repactuacao_2024-2026_assinado_assinado-copia_tarjada.pdf in 17.80 sec.
03:53:17 INFO     [2/6] ✓ FIOCRUZ   :   6 riscos | 17.8s | ETA ~2min
03:53:17 INFO     [3/6] → funai_ptd_2025_2027_docdiretivo_assinado-1_tarjado.pdf
03:53:17 INFO     detected formats: [<InputFormat.PDF: 'pdf'>]
03:53:17 INFO     Going to convert document batch...
03:53:17 INFO     Processing document funai_ptd_2025_2027_docdiretivo_assinado-1_tarjado.pdf
03:53:18 INFO     command: tesseract --psm 0 -l osd /tmp/tmpvy5g17du.png stdout
03:53:19 INFO     command: tesseract -l por /tmp/tmpvy5g17du.png stdout tsv
03:53:20 INFO     command: tesseract --psm 0 -l osd /tmp/tmpl58q1_47.png stdout
03:53:21 INFO     command: tesseract -l por /tmp/tmpl58q1_47.png stdout tsv
03:53:25 INFO     command: tesseract --psm 0 -l osd /tmp/tmp4jtnufca.png stdout
03:53:26 INFO     command: tesseract -l por /tmp/tmp4jtnufca.png stdout tsv
03:53:28 INFO     command: tesseract --psm 0 -l osd /tmp/tmprbmo4phz.png stdout
03:53:28 INFO     command: tesseract -l por /tmp/tmprbmo4phz.png stdout tsv
03:53:30 INFO     command: tesseract --psm 0 -l osd /tmp/tmpi590she0.png stdout
03:53:31 INFO     command: tesseract -l por /tmp/tmpi590she0.png stdout tsv
03:53:33 INFO     command: tesseract --psm 0 -l osd /tmp/tmplaqo3ucr.png stdout
03:53:34 INFO     command: tesseract -l por /tmp/tmplaqo3ucr.png stdout tsv
03:53:45 INFO     command: tesseract --psm 0 -l osd /tmp/tmp4q8u1zcm.png stdout
03:53:45 INFO     command: tesseract -l por /tmp/tmp4q8u1zcm.png stdout tsv
03:53:47 INFO     command: tesseract --psm 0 -l osd /tmp/tmpqaqujgnx.png stdout
03:53:47 INFO     command: tesseract -l por /tmp/tmpqaqujgnx.png stdout tsv
03:53:49 INFO     command: tesseract --psm 0 -l osd /tmp/tmp8gqxlrlo.png stdout
03:53:50 INFO     command: tesseract -l por /tmp/tmp8gqxlrlo.png stdout tsv
03:53:51 INFO     command: tesseract --psm 0 -l osd /tmp/tmpvs3pua1v.png stdout
03:53:53 INFO     command: tesseract -l por /tmp/tmpvs3pua1v.png stdout tsv
03:54:08 INFO     command: tesseract --psm 0 -l osd /tmp/tmpmbnf6s42.png stdout
03:54:09 INFO     command: tesseract -l por /tmp/tmpmbnf6s42.png stdout tsv
03:54:14 INFO     command: tesseract --psm 0 -l osd /tmp/tmpdj7s1npt.png stdout
03:54:15 INFO     command: tesseract -l por /tmp/tmpdj7s1npt.png stdout tsv
03:54:17 INFO     command: tesseract --psm 0 -l osd /tmp/tmpkrmzzbzg.png stdout
03:54:17 INFO     command: tesseract -l por /tmp/tmpkrmzzbzg.png stdout tsv
03:54:24 INFO     Finished converting document funai_ptd_2025_2027_docdiretivo_assinado-1_tarjado.pdf in 66.95 sec.
03:54:24 INFO     [3/6] ✓ FUNAI     :  15 riscos | 67.0s | ETA ~2min
03:54:24 INFO     [4/6] → incra_ptd_docdiretivo__assinado-1_assinado_assinado-copia_tarjada.pdf
03:54:24 INFO     detected formats: [<InputFormat.PDF: 'pdf'>]
03:54:24 INFO     Going to convert document batch...
03:54:24 INFO     Processing document incra_ptd_docdiretivo__assinado-1_assinado_assinado-copia_tarjada.pdf
03:54:25 INFO     command: tesseract --psm 0 -l osd /tmp/tmp4d0yjdde.png stdout
03:54:25 INFO     command: tesseract -l por /tmp/tmp4d0yjdde.png stdout tsv
03:54:28 INFO     command: tesseract --psm 0 -l osd /tmp/tmpthwnsmtt.png stdout
03:54:29 INFO     command: tesseract -l por /tmp/tmpthwnsmtt.png stdout tsv
03:54:36 INFO     command: tesseract --psm 0 -l osd /tmp/tmpvbqpo37q.png stdout
03:54:36 INFO     command: tesseract -l por /tmp/tmpvbqpo37q.png stdout tsv
03:54:38 INFO     command: tesseract --psm 0 -l osd /tmp/tmpkwnezl_q.png stdout
03:54:39 INFO     command: tesseract -l por /tmp/tmpkwnezl_q.png stdout tsv
03:54:41 INFO     command: tesseract --psm 0 -l osd /tmp/tmpkim8ia8z.png stdout
03:54:41 INFO     command: tesseract -l por /tmp/tmpkim8ia8z.png stdout tsv
03:54:44 INFO     command: tesseract --psm 0 -l osd /tmp/tmpvozyg6hr.png stdout
03:54:45 INFO     command: tesseract -l por /tmp/tmpvozyg6hr.png stdout tsv
03:55:00 INFO     command: tesseract --psm 0 -l osd /tmp/tmp2a6cr3kf.png stdout
03:55:01 INFO     command: tesseract -l por /tmp/tmp2a6cr3kf.png stdout tsv
03:55:03 INFO     command: tesseract --psm 0 -l osd /tmp/tmp0acqchon.png stdout
03:55:03 INFO     command: tesseract -l por /tmp/tmp0acqchon.png stdout tsv
03:55:05 INFO     command: tesseract --psm 0 -l osd /tmp/tmpkfohdwc6.png stdout
03:55:06 INFO     command: tesseract -l por /tmp/tmpkfohdwc6.png stdout tsv
03:55:08 INFO     command: tesseract --psm 0 -l osd /tmp/tmps4vgpgx6.png stdout
03:55:09 INFO     command: tesseract -l por /tmp/tmps4vgpgx6.png stdout tsv
03:55:17 INFO     command: tesseract --psm 0 -l osd /tmp/tmp5gri6r1b.png stdout
03:55:18 INFO     command: tesseract -l por /tmp/tmp5gri6r1b.png stdout tsv
03:55:23 INFO     command: tesseract --psm 0 -l osd /tmp/tmpg0670195.png stdout
03:55:24 INFO     command: tesseract -l por /tmp/tmpg0670195.png stdout tsv
03:55:27 INFO     command: tesseract --psm 0 -l osd /tmp/tmp6bb0vb2l.png stdout
03:55:28 INFO     command: tesseract -l por /tmp/tmp6bb0vb2l.png stdout tsv
03:55:35 INFO     Finished converting document incra_ptd_docdiretivo__assinado-1_assinado_assinado-copia_tarjada.pdf in 71.47 sec.
03:55:35 INFO     [4/6] ✓ INCRA     :  15 riscos | 71.5s | ETA ~1min
03:55:35 INFO     [5/6] → iti_doc_diretivo_assinado-1_tarjado.pdf
03:55:35 INFO     detected formats: [<InputFormat.PDF: 'pdf'>]
03:55:35 INFO     Going to convert document batch...
03:55:35 INFO     Processing document iti_doc_diretivo_assinado-1_tarjado.pdf
03:55:36 INFO     command: tesseract --psm 0 -l osd /tmp/tmp9db9zy8u.png stdout
03:55:36 INFO     command: tesseract -l por /tmp/tmp9db9zy8u.png stdout tsv
03:55:39 INFO     command: tesseract --psm 0 -l osd /tmp/tmp3m92e0u8.png stdout
03:55:40 INFO     command: tesseract -l por /tmp/tmp3m92e0u8.png stdout tsv
03:55:43 INFO     command: tesseract --psm 0 -l osd /tmp/tmptcx54rdr.png stdout
03:55:43 INFO     command: tesseract -l por /tmp/tmptcx54rdr.png stdout tsv
03:55:45 INFO     command: tesseract --psm 0 -l osd /tmp/tmpz_o3i9ju.png stdout
03:55:46 INFO     command: tesseract -l por /tmp/tmpz_o3i9ju.png stdout tsv
03:55:48 INFO     command: tesseract --psm 0 -l osd /tmp/tmpfbitf1pk.png stdout
03:55:48 INFO     command: tesseract -l por /tmp/tmpfbitf1pk.png stdout tsv
03:55:51 INFO     command: tesseract --psm 0 -l osd /tmp/tmpveofvo9q.png stdout
03:55:52 INFO     command: tesseract -l por /tmp/tmpveofvo9q.png stdout tsv
03:56:08 INFO     command: tesseract --psm 0 -l osd /tmp/tmpsepzp1wb.png stdout
03:56:08 INFO     command: tesseract -l por /tmp/tmpsepzp1wb.png stdout tsv
03:56:10 INFO     command: tesseract --psm 0 -l osd /tmp/tmpxqveck2f.png stdout
03:56:11 INFO     command: tesseract -l por /tmp/tmpxqveck2f.png stdout tsv
03:56:13 INFO     command: tesseract --psm 0 -l osd /tmp/tmprminneg1.png stdout
03:56:14 INFO     command: tesseract -l por /tmp/tmprminneg1.png stdout tsv
03:56:16 INFO     command: tesseract --psm 0 -l osd /tmp/tmpj58x15w_.png stdout
03:56:17 INFO     command: tesseract -l por /tmp/tmpj58x15w_.png stdout tsv
03:56:23 INFO     command: tesseract --psm 0 -l osd /tmp/tmpyna0z8xv.png stdout
03:56:24 INFO     command: tesseract -l por /tmp/tmpyna0z8xv.png stdout tsv
03:56:33 INFO     Finished converting document iti_doc_diretivo_assinado-1_tarjado.pdf in 58.20 sec.
03:56:33 INFO     [5/6] ✓ ITI       :  14 riscos | 58.2s | ETA ~55s
03:56:33 INFO     [6/6] → sgpr_ptd_2026_2027_docdiretivo_assinado-copia_tarjada.pdf
03:56:33 INFO     detected formats: [<InputFormat.PDF: 'pdf'>]
03:56:33 INFO     Going to convert document batch...
03:56:33 INFO     Processing document sgpr_ptd_2026_2027_docdiretivo_assinado-copia_tarjada.pdf
03:56:53 INFO     Finished converting document sgpr_ptd_2026_2027_docdiretivo_assinado-copia_tarjada.pdf in 19.99 sec.
03:56:53 INFO     [6/6] ✓ SGPR      :  10 riscos | 20.0s | ETA ~0s
03:56:53 INFO     ╔══════════════════════════════════════════════════════════════╗
03:56:53 INFO     ║                   RISCOS — fase concluída                    ║
03:56:53 INFO     ║  Processados: 6     |  ✓ 6  ⚠ 0                              ║
03:56:53 INFO     ║  Duração: 4.9 min                                            ║
03:56:53 INFO     ║  67 riscos | 6 órgãos                                        ║
03:56:53 INFO     ╚══════════════════════════════════════════════════════════════╝
03:56:53 INFO     67 riscos | 0 ações | 109 relações
03:56:53 INFO     ptd_corpus_raw                     : 200 linhas
03:56:53 INFO     ptd_pivot_eixos                    : 6 linhas
03:56:57 INFO     ptd_datas_assinatura               : 132 linhas
03:56:57 INFO     ptd_riscos                         : 67 linhas
03:56:57 INFO     ptd_riscos_acoes                   : 109 linhas
03:56:57 INFO     Manifesto salvo: pipeline_manifest.json | SHA-256 de 132 PDFs
03:56:57 INFO     ==================================================
03:56:57 INFO     PTD-BR v3.0-melhorado — PIPELINE CONCLUÍDO
03:56:57 INFO     ==================================================
03:56:57 INFO     ptd_corpus_raw.csv                        125 KB
03:56:57 INFO     ptd_pivot_eixos.csv                         0 KB
03:56:57 INFO     ptd_datas_assinatura.csv                    9 KB
03:56:57 INFO     ptd_riscos.csv                             19 KB
03:56:57 INFO     ptd_riscos_acoes.csv                        2 KB
03:56:57 INFO     proveniencia.json                           0 KB
03:56:57 INFO     pipeline_manifest.json                     20 KB
03:56:57 INFO     📦 Artefatos: https://github.com/freirelucas/teste/actions/runs/23932500153
03:56:57 INFO     ==================================================
