15:07:37 INFO     Docling disponível
15:07:37 WARNING  OCR fallback indisponível (IndentationError: unexpected indent (ptd_ocr_fallback.py, line 45))
15:07:39 INFO     Ignorado (guia/template/norma): ABNT-NBR-17225-Acessibilidade-Digital.pdf
15:07:39 INFO     Ignorado (guia/template/norma): cgrep-guia10passos-ptd-orgao.pdf
15:07:39 INFO     Ignorado (guia/template/norma): ABNT-NBR-17225-Acessibilidade-Digital.pdf
15:07:39 INFO     Scraping: 132 PDFs únicos | entregas: 68 | diretivos: 61
15:07:39 INFO     Baixando 132 PDFs únicos...
15:07:41 INFO     ✓ [  1/132] abin_ptd_anexo_de_entregas_assinado_pelo_orgao_ass   293.3KB
15:07:45 INFO     ✓ [  2/132] aeb_ptd_2025_2027_docdiretivo_aprovado_assinado-1_  1033.7KB
15:07:48 INFO     ✓ [  3/132] aeb_ptd_2025_2027_anexo_de_entregas_aprovado_assin   154.5KB
15:07:54 INFO     ✓ [  4/132] agu_ptd_2025_2027_docdiretivo_assinado_assinado_as  2860.3KB
15:07:57 INFO     ✓ [  5/132] agu_ptd_2025_2027_anexo_de_entregas_assinado_assin   525.5KB
15:08:00 INFO     ✓ [  6/132] ana_ptd_2025_2027_docdiretivo_assinado_assinado_as   477.2KB
15:08:02 INFO     ✓ [  7/132] ana_ptd_2025_2027_anexoentregas_assinado_assinado_   170.9KB
15:08:06 INFO     ✓ [  8/132] anac_ptd_2025_2026_docdiretivo_se_assinado_tarjado  1036.3KB
15:08:08 INFO     ✓ [  9/132] anac_ptd_2025_2026_anexo_de_entregas_se_assinado.p   215.2KB
15:08:12 INFO     ✓ [ 10/132] anatel_ptd_docdiretivo_assinado_2025_2026_assinado  1006.0KB
15:08:14 INFO     ✓ [ 11/132] anatel_ptd_2025_2026_anexo_de_entregas_do_ptd_publ    71.9KB
15:08:18 INFO     ✓ [ 12/132] ancine_ptd_2024_2026_docdiretivo_assinado-2_assina   961.8KB
15:08:21 INFO     ✓ [ 13/132] ancine_ptd_2024_2026_-_anexo_de_entregas_aprovado_   613.2KB
15:08:24 INFO     ✓ [ 14/132] ptd_aneel_2025-2027_docdiretivo_assinado_tarjado.p   779.6KB
15:08:26 INFO     ✓ [ 15/132] ptd_aneel_2025-2027_anexo_de_entregas_assinado.pdf   111.9KB
15:08:30 INFO     ✓ [ 16/132] anm_ptd_2025_2027_docdiretivo_assinadopeloorgao_ta  1092.5KB
15:08:34 INFO     ✓ [ 17/132] anm_ptd_2025_2027_anexo_entregas_assinadopeloorgao  1140.4KB
15:08:38 INFO     ✓ [ 18/132] anpd_ptd_2025_2027_docdiretivo_assinado_assinado_a  1044.3KB
15:08:40 INFO     ✓ [ 19/132] anpd_ptd_2025_2027_anexo_de_entregas_assinado_assi   166.5KB
15:08:44 INFO     ✓ [ 20/132] ans-plano_de_transformacao_digital_assinado-copia_  1023.4KB
15:08:46 INFO     ✓ [ 21/132] ans_ptd_2025_2026_anexo_de_entregas_assinado_assin   124.1KB
15:08:50 INFO     ✓ [ 22/132] antaq_ptd_2025_2027_docdiretivo_assinado_assinado_  1039.8KB
15:08:52 INFO     ✓ [ 23/132] antaq_ptd_2025_2027_anexoentregas_assinado_assinad   145.1KB
15:08:54 INFO     ✓ [ 24/132] mt_anexo_de_entregas_-_assinado_assinado_assinado_   143.6KB
15:09:05 INFO     ✓ [ 25/132] anvisa_ptd_docdiretivo_2025-2026_assinado_assinado  5771.2KB
15:09:07 INFO     ✓ [ 26/132] anvisa_ptd_anexo_de_entregas_2025_2026_assinado_as   239.0KB
15:09:11 INFO     ✓ [ 27/132] bcb_documento_diretivo_assinado_assinado_assinado-   713.7KB
15:09:13 INFO     ✓ [ 28/132] bcb_anexo_de_entregas_ptd_25_26-1_assinado_assinad   134.8KB
15:09:17 INFO     ✓ [ 29/132] cade_ptd_docdiretivo_2025_2026_assinado-2_assinado   810.4KB
15:09:20 INFO     ✓ [ 30/132] cade_ptd_anexo_de_entregas_2025_2026_assinado_copi   504.0KB
15:09:23 INFO     ✓ [ 31/132] mec_ptd_docdiretivo_2025-2026_sei_mec-5566673_copi   863.1KB
15:09:26 INFO     ✓ [ 32/132] mec_ptd_anexo-de-entregas_sei_mec-5576401_copia_ta   495.7KB
15:09:30 INFO     ✓ [ 33/132] mec_ptd_docdiretivo-versao-comunicacao_copia_tarja  1616.5KB
15:09:33 INFO     ✓ [ 34/132] md_ptd_2026_2027_anexo_de_entregas_assinado_assina   579.4KB
15:09:36 INFO     ✓ [ 35/132] md_ptd_2026_2027_anexo_de_entregas_assinado_assina   186.8KB
15:09:39 INFO     ✓ [ 36/132] md_ptd_temp_copia_tarjada.pdf                        741.9KB
15:09:43 INFO     ✓ [ 37/132] cgu_ptd_docdiretivo_assinado_assinado_assinado-cop  1085.4KB
15:09:46 INFO     ✓ [ 38/132] cgu_ptd_anexo_de_entregas_pactuadas_assinado_assin   514.1KB
15:09:48 INFO     ✓ [ 39/132] cnpq_ptd_2025_2027_docdiretivo_assinado_assinado_a   342.9KB
15:09:51 INFO     ✓ [ 40/132] cnpq_ptd_2025_2027_anexo_de_entregas_assinado_assi   136.1KB
15:09:54 INFO     ✓ [ 41/132] coaf_ptd_2025_2026_documento_diretivo_assinado_ass  1068.0KB
15:10:01 INFO     ✓ [ 42/132] coaf_ptd_2025_2026_anexo_de_entregas-2_assinado_as  3184.5KB
15:10:08 INFO     ✓ [ 43/132] ptd_midr-docdiretivo_aprovado_assinado_tarjado.pdf  3864.1KB
15:10:12 INFO     ✓ [ 44/132] ptd_midr_-_anexo_de_entregas_-_aprovado_assinado.p  1122.0KB
15:10:15 INFO     ✓ [ 45/132] mda-documento-diretivo-assinado_ptd-2025-207-copia   955.8KB
15:10:18 INFO     ✓ [ 46/132] cvm_ptd_2025_2027_docdiretivo_assinado_assinado_as   270.5KB
15:10:21 INFO     ✓ [ 47/132] cvm_ptd_2025_2027_anexoentregas_assinado_assinado_   409.0KB
15:10:25 INFO     ✓ [ 48/132] dnocs_ptd_doc_diretivo_2025_2026_assinado_orgao-2_   891.1KB
15:10:27 INFO     ✓ [ 49/132] dnocs_anexo_de_entregas_repactuado_2025_2026_assin   272.3KB
15:10:34 INFO     ✓ [ 50/132] fbn_ptd_2025_2027_docdiretivo_assinado-1_tarjado.p  2921.6KB
15:10:36 INFO     ✓ [ 51/132] fbn_ptd_2025_2027_anexo_de_entregas_assinado-1.pdf   162.3KB
15:10:41 INFO     ✓ [ 52/132] fcp_ptd_2025_2027_docdiretivo_assinado-1_tarjado.p  1612.0KB
15:10:43 INFO     ✓ [ 53/132] fcp_ptd_2025_2027_anexo_de_entregas_assinado-1.pdf   118.8KB
15:10:46 INFO     ✓ [ 54/132] fcrb_ptd_2025_2026_docdiretivo_aprovado_assinado-1   998.2KB
15:10:49 INFO     ✓ [ 55/132] fcrb_ptd_2025_2026_anexo_de_entregas_aprovado_assi   313.5KB
15:10:53 INFO     ✓ [ 56/132] fiocruz_novo-ptd_2-1_docdiretivo_repactuacao_2024-  1318.1KB
15:10:56 INFO     ✓ [ 57/132] fiocruz_ptd_anexo_de_entregas_assinado_v1_assinado   257.1KB
15:11:00 INFO     ✓ [ 58/132] fiocruz-ptd-06_2024-copia_tarjada.pdf               1693.8KB
15:11:05 INFO     ✓ [ 59/132] funai_ptd_2025_2027_docdiretivo_assinado-1_tarjado  1842.1KB
15:11:08 INFO     ✓ [ 60/132] funai_anexo_de_entregas_repactuado_2026_2027_assin   435.7KB
15:11:11 INFO     ✓ [ 61/132] funarte_ptd_docdiretivo_assinado_21_01_2025_assina   965.7KB
15:11:14 INFO     ✓ [ 62/132] funarte_ptd_anexo_de_entregas_assinado_v1_assinado   683.6KB
15:11:18 INFO     ✓ [ 63/132] fundacentro_ptd_2025_2027_docdiretivo_assinado_ass   826.6KB
15:11:21 INFO     ✓ [ 64/132] fundacentro_ptd_2025_2027_anexo_de_entregas_assina   635.5KB
15:11:24 INFO     ✓ [ 65/132] mma_ptd_docdiretivo_assinado_2025_2026-1_assinado_   949.3KB
15:11:27 INFO     ✓ [ 66/132] mma_ptd_anexo_de_entregas_aprovado_final_assinado_   174.8KB
15:11:31 INFO     ✓ [ 67/132] ibge_docdiretivo_2025_assinado_assinado_assinado-c  1167.3KB
15:11:33 INFO     ✓ [ 68/132] ibge_ptd_25_26_anexo_de_entregas_modelo_v2-1_assin   143.7KB
15:11:45 INFO     ✓ [ 69/132] incra_ptd_docdiretivo__assinado-1_assinado_assinad  7182.0KB
15:11:49 INFO     ✓ [ 70/132] incra_anexo_de_entregas_assinado-1_assinado_assina  1818.6KB
15:11:56 INFO     ✓ [ 71/132] inpi_ptd_docdiretivo_assinado_2025_2026_assinado_a  3322.4KB
15:12:03 INFO     ✓ [ 72/132] inpi_ptd_anexo_de_entregas_assinado_v1_assinado_as  3078.1KB
15:12:06 INFO     ✓ [ 73/132] inss_ptd_2025_2027_docdiretivo-assinado-copia_tarj  1173.3KB
15:12:09 INFO     ✓ [ 74/132] inss_ptd_2025_2027_anexo_de_entregas-assinado-copi   110.8KB
15:12:12 INFO     ✓ [ 75/132] iphan_ptd_docdiretivo_assinado_2025_2026_assinado_   885.7KB
15:12:15 INFO     ✓ [ 76/132] iphan_ptd_anexo_de_entregas_assinado_v1_assinado_a   310.9KB
15:12:23 INFO     ✓ [ 77/132] iti_doc_diretivo_assinado-1_tarjado.pdf             4905.1KB
15:12:27 INFO     ✓ [ 78/132] iti_anexo_de_entregas_assinado.pdf                   556.4KB
15:12:31 INFO     ✓ [ 79/132] mapa_ptd_2025_2027_docdiretivo_assinado-1_tarjado.  1740.9KB
15:12:34 INFO     ✓ [ 80/132] mapa_ptd_2025_2027_anexo_de_entregas_assinado-1.pd   261.9KB
15:12:42 INFO     ✓ [ 81/132] documento-diretivo-mcom-_-ptd-25_27-copia_tarjada.  4451.9KB
15:12:46 INFO     ✓ [ 82/132] anexo-de-entregas-mcom_ptd-25_27-copia_tarjada.pdf  1213.8KB
15:12:52 INFO     ✓ [ 83/132] ptd_21_24_mcom-copia_tarjada.pdf                    3040.7KB
15:12:56 INFO     ✓ [ 84/132] mcti_ptd_2025-2027_docdiretivo_assinado-copia_tarj  1030.7KB
15:12:58 INFO     ✓ [ 85/132] mcti_ptd_2025-2027_anexo-de-entregas_assinado-copi   145.8KB
15:13:01 INFO     ✓ [ 86/132] mda-anexo-entregas-assinado_ptd-2025-2027-copia-ta   284.6KB
15:13:04 INFO     ✓ [ 87/132] mdhc_ptd_2025_2027_docdiretivo_assinado_assinado_a   753.4KB
15:13:07 INFO     ✓ [ 88/132] mdhc_ptd_2025_2027_anexoentregas_assinado_assinado   186.8KB
15:13:09 INFO     ✓ [ 89/132] mdic_ptd_anexo_de_entregas_assinado_v1_assinado_as   176.6KB
15:13:13 INFO     ✓ [ 90/132] memp_ptd_2025_2026_docdiretivo_assinado_assinado_a  1030.1KB
15:13:15 INFO     ✓ [ 91/132] memp_ptd_2025_2026_anexo_de_entregas_assinado_assi   161.5KB
15:13:19 INFO     ✓ [ 92/132] mesp_ptd_2025_2027_docdiretivo_assinado_assinado_2  1147.7KB
15:13:21 INFO     ✓ [ 93/132] mesp_ptd_2025_2027_anexo_de_entregas_assinado_assi   226.6KB
15:13:25 INFO     ✓ [ 94/132] mf_ptd_2026_2027_documentodiretivo_assinado_assina   955.1KB
15:13:27 INFO     ✓ [ 95/132] mf_ptd_2026_2027_anexo_de_entregas_1_mf_se_assinad   241.2KB
15:13:30 INFO     ✓ [ 96/132] mgi_ptd_2025_2027_docdiretivo_assinado_assinado_as   375.2KB
15:13:33 INFO     ✓ [ 97/132] mgi_ptd_2025_2027_anexo_de_entregas_assinado_assin   256.1KB
15:13:36 INFO     ✓ [ 98/132] minc_ptd_2025_2027_docdiretivo_assinado-1_assinado   863.6KB
15:13:39 INFO     ✓ [ 99/132] minc_ptd_2025_2027_anexo_de_entregas_assinado-1_as   276.7KB
15:13:43 INFO     ✓ [100/132] mjsp_ptd_docdiretivo_assinado_2025_2026_assinado_a   954.0KB
15:13:45 INFO     ✓ [101/132] mjsp_ptd_anexo_de_entregas_assinado_v1_assinado_as   253.9KB
15:13:49 INFO     ✓ [102/132] mme_ptd_2025_2027_docdiretivo_assinado-copia_tarja   664.5KB
15:13:51 INFO     ✓ [103/132] mme_ptd_2025_2027_anexo_de_entregas_assinado__1_-c   111.1KB
15:13:55 INFO     ✓ [104/132] mmulheres_ptd_2025_2027_docdiretivo_assinado_assin  1078.3KB
15:13:57 INFO     ✓ [105/132] mmulheres_ptd_2025_2027_anexo_de_entregas_assinado   216.9KB
15:14:00 INFO     ✓ [106/132] mpi_ptd_2025_2027_docdiretivo_ministerio_dos_povos   947.9KB
15:14:03 INFO     ✓ [107/132] mpi_ptd_anexo_de_entregas_do_plano_de_tranformacao   191.9KB
15:14:06 INFO     ✓ [108/132] mpo_ptd_docdiretivo_assinado_2025_2026_assinado_as   806.3KB
15:14:09 INFO     ✓ [109/132] mpo_ptd_anexo_de_entregas_assinado_v1_assinado_ass   323.2KB
15:14:12 INFO     ✓ [110/132] mpor_ptd_2025_2027_docdiretivo_assinado_assinado_a   876.5KB
15:14:15 INFO     ✓ [111/132] mpor_ptd_2025_2027_anexo_de_entregas_assinado_assi   175.1KB
15:14:18 INFO     ✓ [112/132] mps_ptd_2025-2026_docdiretivo_final_assinado-1_ass  1024.4KB
15:14:21 INFO     ✓ [113/132] mps_ptd_2025-2026_anexo_de_entregas_final_assinado   165.0KB
15:14:24 INFO     ✓ [114/132] mre_ptd_docdiretivo_assinado_2025_2026_assinado_as   760.9KB
15:14:27 INFO     ✓ [115/132] mre_ptd_anexo_de_entregas_assinado_v1_assinado_ass   233.2KB
15:14:30 INFO     ✓ [116/132] mte_ptd_2025_2026_docdiretivo_assinado_assinado_as   729.6KB
15:14:33 INFO     ✓ [117/132] mte_ptd_anexo_de_entregas_assinado_v1__281_29_assi   459.5KB
15:14:37 INFO     ✓ [118/132] mtur_ptd_docdiretiv_assinado_30_01_2025_assinado_a  1050.4KB
15:14:39 INFO     ✓ [119/132] mtur_ptd_anexo_de_entregas_assinado_30_01_2025_ass   118.8KB
15:14:42 INFO     ✓ [120/132] pf_ptd_docdiretivo_2025_2027_assinado-copia_tarjad   964.3KB
15:14:44 INFO     ✓ [121/132] pf_ptd_anexo_de_entregas_2025_2027_assinado-copia_    62.5KB
15:14:47 INFO     ✓ [122/132] mf_ptd_2026_2027_anexo_de_entregas_4_mf_pgfn_assin   466.8KB
15:14:59 INFO     ✓ [123/132] previc_plano_de_transformacao_digital_2025_2026_29  6652.7KB
15:15:01 INFO     ✓ [124/132] previc_ptd_repactuacao_2025-2026_assinado_assinado   182.9KB
15:15:04 INFO     ✓ [125/132] prf_documentodiretivo_ptd_2026-2027_assinado_tarja   535.9KB
15:15:06 INFO     ✓ [126/132] prf_anexo_de_entregas_do_ptd__2026_2027___ptd___en   157.7KB
15:15:09 INFO     ✓ [127/132] mf_ptd_2026_2027_anexo_de_entregas_2_mf_rfb_assina   253.7KB
15:15:12 INFO     ✓ [128/132] sgpr_ptd_2026_2027_docdiretivo_assinado-copia_tarj   791.2KB
15:15:16 INFO     ✓ [129/132] sgpr_ptd_2025_2027_anexo_de_entregas_assinado-copi   897.9KB
15:15:19 INFO     ✓ [130/132] mf_ptd_2026_2027_anexo_de_entregas_3_mf_stn_assina   467.8KB
15:15:22 INFO     ✓ [131/132] susep_ptd_2025_2027_docdiretivo-assinado-copia_tar  1030.1KB
15:15:25 INFO     ✓ [132/132] susep_ptd_2025-2026_anexo_de_entregas_final_assina   221.9KB
15:15:26 INFO     132 OK | 0 erros | 123.3 MB total
15:15:32 INFO     Sanity: 132 PDFs | 113 texto | 19 imagem/OCR | 0 duplicatas
15:15:32 INFO     --siglas (debug): 13 PDFs de ['AGU', 'FIOCRUZ', 'FUNAI', 'FUNDACENTRO', 'INCRA', 'ITI', 'MCOM', 'SGPR']
15:15:32 INFO     DocumentConverter instanciado (singleton × 2: plain + OCR)
15:15:32 INFO     [1/13] → agu_ptd_2025_2027_anexo_de_entregas_assinado_assinado_assinado-copia_tarjada.pdf
15:15:32 INFO     detected formats: [<InputFormat.PDF: 'pdf'>]
15:15:32 INFO     Going to convert document batch...
15:15:32 INFO     Initializing pipeline for StandardPdfPipeline with options hash bc6794697da537796efc497178f9263f
15:15:32 INFO     Loading plugin 'docling_defaults'
15:15:32 INFO     Registered picture descriptions: ['picture_description_vlm_engine', 'vlm', 'api']
15:15:32 INFO     Loading plugin 'docling_defaults'
15:15:32 INFO     Registered ocr engines: ['auto', 'easyocr', 'kserve_v2_ocr', 'ocrmac', 'rapidocr', 'tesserocr', 'tesseract']
15:15:32 INFO     command: tesseract --list-langs
15:15:32 INFO     Loading plugin 'docling_defaults'
15:15:32 INFO     Registered layout engines: ['layout_object_detection', 'docling_layout_default', 'docling_experimental_table_crops_layout']
15:15:32 INFO     Accelerator device: 'cpu'
15:15:32 INFO     HTTP Request: GET https://huggingface.co/api/models/docling-project/docling-layout-heron/revision/main "HTTP/1.1 200 OK"
15:15:32 INFO     HTTP Request: HEAD https://huggingface.co/docling-project/docling-layout-heron/resolve/8f39ad3c0b4c58e9c2d2c84a38465abf757272d8/README.md "HTTP/1.1 307 Temporary Redirect"
15:15:32 WARNING  Warning: You are sending unauthenticated requests to the HF Hub. Please set a HF_TOKEN to enable higher rate limits and faster downloads.
15:15:32 INFO     HTTP Request: HEAD https://huggingface.co/api/resolve-cache/models/docling-project/docling-layout-heron/8f39ad3c0b4c58e9c2d2c84a38465abf757272d8/README.md "HTTP/1.1 200 OK"
15:15:32 INFO     HTTP Request: HEAD https://huggingface.co/docling-project/docling-layout-heron/resolve/8f39ad3c0b4c58e9c2d2c84a38465abf757272d8/config.json "HTTP/1.1 307 Temporary Redirect"
15:15:32 INFO     HTTP Request: HEAD https://huggingface.co/docling-project/docling-layout-heron/resolve/8f39ad3c0b4c58e9c2d2c84a38465abf757272d8/preprocessor_config.json "HTTP/1.1 307 Temporary Redirect"
15:15:32 INFO     HTTP Request: GET https://huggingface.co/api/resolve-cache/models/docling-project/docling-layout-heron/8f39ad3c0b4c58e9c2d2c84a38465abf757272d8/README.md "HTTP/1.1 200 OK"
15:15:32 INFO     HTTP Request: HEAD https://huggingface.co/docling-project/docling-layout-heron/resolve/8f39ad3c0b4c58e9c2d2c84a38465abf757272d8/docling_heron_400.png "HTTP/1.1 307 Temporary Redirect"
15:15:32 INFO     HTTP Request: HEAD https://huggingface.co/docling-project/docling-layout-heron/resolve/8f39ad3c0b4c58e9c2d2c84a38465abf757272d8/model.safetensors "HTTP/1.1 302 Found"
15:15:32 INFO     HTTP Request: HEAD https://huggingface.co/docling-project/docling-layout-heron/resolve/8f39ad3c0b4c58e9c2d2c84a38465abf757272d8/.gitattributes "HTTP/1.1 307 Temporary Redirect"
15:15:32 INFO     HTTP Request: HEAD https://huggingface.co/api/resolve-cache/models/docling-project/docling-layout-heron/8f39ad3c0b4c58e9c2d2c84a38465abf757272d8/config.json "HTTP/1.1 200 OK"
15:15:32 INFO     HTTP Request: HEAD https://huggingface.co/api/resolve-cache/models/docling-project/docling-layout-heron/8f39ad3c0b4c58e9c2d2c84a38465abf757272d8/preprocessor_config.json "HTTP/1.1 200 OK"
15:15:32 INFO     HTTP Request: HEAD https://huggingface.co/api/resolve-cache/models/docling-project/docling-layout-heron/8f39ad3c0b4c58e9c2d2c84a38465abf757272d8/docling_heron_400.png "HTTP/1.1 200 OK"
15:15:32 INFO     HTTP Request: HEAD https://huggingface.co/api/resolve-cache/models/docling-project/docling-layout-heron/8f39ad3c0b4c58e9c2d2c84a38465abf757272d8/.gitattributes "HTTP/1.1 200 OK"
15:15:32 INFO     HTTP Request: GET https://huggingface.co/api/resolve-cache/models/docling-project/docling-layout-heron/8f39ad3c0b4c58e9c2d2c84a38465abf757272d8/config.json "HTTP/1.1 200 OK"
15:15:32 INFO     HTTP Request: GET https://huggingface.co/api/resolve-cache/models/docling-project/docling-layout-heron/8f39ad3c0b4c58e9c2d2c84a38465abf757272d8/docling_heron_400.png "HTTP/1.1 200 OK"
15:15:32 INFO     HTTP Request: GET https://huggingface.co/api/resolve-cache/models/docling-project/docling-layout-heron/8f39ad3c0b4c58e9c2d2c84a38465abf757272d8/preprocessor_config.json "HTTP/1.1 200 OK"
15:15:32 INFO     HTTP Request: GET https://huggingface.co/api/resolve-cache/models/docling-project/docling-layout-heron/8f39ad3c0b4c58e9c2d2c84a38465abf757272d8/.gitattributes "HTTP/1.1 200 OK"
15:15:32 INFO     HTTP Request: GET https://huggingface.co/api/models/docling-project/docling-layout-heron/xet-read-token/8f39ad3c0b4c58e9c2d2c84a38465abf757272d8 "HTTP/1.1 200 OK"
15:15:34 INFO     Loading plugin 'docling_defaults'
15:15:34 INFO     Registered table structure engines: ['docling_tableformer', 'docling_tableformer_v2']
15:15:34 INFO     HTTP Request: GET https://huggingface.co/api/models/docling-project/docling-models/revision/v2.3.0 "HTTP/1.1 200 OK"
15:15:34 INFO     HTTP Request: HEAD https://huggingface.co/docling-project/docling-models/resolve/fc0f2d45e2218ea24bce5045f58a389aed16dc23/README.md "HTTP/1.1 307 Temporary Redirect"
15:15:34 INFO     HTTP Request: HEAD https://huggingface.co/docling-project/docling-models/resolve/fc0f2d45e2218ea24bce5045f58a389aed16dc23/.gitignore "HTTP/1.1 307 Temporary Redirect"
15:15:34 INFO     HTTP Request: HEAD https://huggingface.co/docling-project/docling-models/resolve/fc0f2d45e2218ea24bce5045f58a389aed16dc23/model_artifacts/tableformer/accurate/tableformer_accurate.safetensors "HTTP/1.1 302 Found"
15:15:34 INFO     HTTP Request: HEAD https://huggingface.co/docling-project/docling-models/resolve/fc0f2d45e2218ea24bce5045f58a389aed16dc23/model_artifacts/tableformer/accurate/tm_config.json "HTTP/1.1 307 Temporary Redirect"
15:15:34 INFO     HTTP Request: HEAD https://huggingface.co/docling-project/docling-models/resolve/fc0f2d45e2218ea24bce5045f58a389aed16dc23/config.json "HTTP/1.1 307 Temporary Redirect"
15:15:35 INFO     HTTP Request: HEAD https://huggingface.co/api/resolve-cache/models/docling-project/docling-models/fc0f2d45e2218ea24bce5045f58a389aed16dc23/README.md "HTTP/1.1 200 OK"
15:15:35 INFO     HTTP Request: HEAD https://huggingface.co/api/resolve-cache/models/docling-project/docling-models/fc0f2d45e2218ea24bce5045f58a389aed16dc23/.gitignore "HTTP/1.1 200 OK"
15:15:35 INFO     HTTP Request: HEAD https://huggingface.co/docling-project/docling-models/resolve/fc0f2d45e2218ea24bce5045f58a389aed16dc23/.gitattributes "HTTP/1.1 307 Temporary Redirect"
15:15:35 INFO     HTTP Request: HEAD https://huggingface.co/api/resolve-cache/models/docling-project/docling-models/fc0f2d45e2218ea24bce5045f58a389aed16dc23/model_artifacts%2Ftableformer%2Faccurate%2Ftm_config.json "HTTP/1.1 200 OK"
15:15:35 INFO     HTTP Request: HEAD https://huggingface.co/api/resolve-cache/models/docling-project/docling-models/fc0f2d45e2218ea24bce5045f58a389aed16dc23/config.json "HTTP/1.1 200 OK"
15:15:35 INFO     HTTP Request: HEAD https://huggingface.co/docling-project/docling-models/resolve/fc0f2d45e2218ea24bce5045f58a389aed16dc23/model_artifacts/tableformer/fast/tm_config.json "HTTP/1.1 307 Temporary Redirect"
15:15:35 INFO     HTTP Request: HEAD https://huggingface.co/docling-project/docling-models/resolve/fc0f2d45e2218ea24bce5045f58a389aed16dc23/model_artifacts/tableformer/fast/tableformer_fast.safetensors "HTTP/1.1 302 Found"
15:15:35 INFO     HTTP Request: HEAD https://huggingface.co/api/resolve-cache/models/docling-project/docling-models/fc0f2d45e2218ea24bce5045f58a389aed16dc23/.gitattributes "HTTP/1.1 200 OK"
15:15:35 INFO     HTTP Request: GET https://huggingface.co/api/resolve-cache/models/docling-project/docling-models/fc0f2d45e2218ea24bce5045f58a389aed16dc23/README.md "HTTP/1.1 200 OK"
15:15:35 INFO     HTTP Request: GET https://huggingface.co/api/resolve-cache/models/docling-project/docling-models/fc0f2d45e2218ea24bce5045f58a389aed16dc23/config.json "HTTP/1.1 200 OK"
15:15:35 INFO     HTTP Request: GET https://huggingface.co/api/resolve-cache/models/docling-project/docling-models/fc0f2d45e2218ea24bce5045f58a389aed16dc23/.gitignore "HTTP/1.1 200 OK"
15:15:35 INFO     HTTP Request: GET https://huggingface.co/api/resolve-cache/models/docling-project/docling-models/fc0f2d45e2218ea24bce5045f58a389aed16dc23/model_artifacts%2Ftableformer%2Faccurate%2Ftm_config.json "HTTP/1.1 200 OK"
15:15:35 INFO     HTTP Request: HEAD https://huggingface.co/api/resolve-cache/models/docling-project/docling-models/fc0f2d45e2218ea24bce5045f58a389aed16dc23/model_artifacts%2Ftableformer%2Ffast%2Ftm_config.json "HTTP/1.1 200 OK"
15:15:35 INFO     HTTP Request: GET https://huggingface.co/api/models/docling-project/docling-models/xet-read-token/fc0f2d45e2218ea24bce5045f58a389aed16dc23 "HTTP/1.1 200 OK"
15:15:35 INFO     HTTP Request: GET https://huggingface.co/api/resolve-cache/models/docling-project/docling-models/fc0f2d45e2218ea24bce5045f58a389aed16dc23/.gitattributes "HTTP/1.1 200 OK"
15:15:35 INFO     HTTP Request: GET https://huggingface.co/api/resolve-cache/models/docling-project/docling-models/fc0f2d45e2218ea24bce5045f58a389aed16dc23/model_artifacts%2Ftableformer%2Ffast%2Ftm_config.json "HTTP/1.1 200 OK"
15:15:35 INFO     HTTP Request: GET https://huggingface.co/api/models/docling-project/docling-models/xet-read-token/fc0f2d45e2218ea24bce5045f58a389aed16dc23 "HTTP/1.1 200 OK"
15:15:36 INFO     Accelerator device: 'cpu'
15:15:36 INFO     Processing document agu_ptd_2025_2027_anexo_de_entregas_assinado_assinado_assinado-copia_tarjada.pdf
15:15:37 INFO     command: tesseract --psm 0 -l osd /tmp/tmporj_3z4r.png stdout
15:15:38 INFO     command: tesseract -l por /tmp/tmporj_3z4r.png stdout tsv
15:15:41 INFO     command: tesseract --psm 0 -l osd /tmp/tmpinga0wtr.png stdout
15:15:42 INFO     command: tesseract -l por /tmp/tmpinga0wtr.png stdout tsv
15:16:00 INFO     Finished converting document agu_ptd_2025_2027_anexo_de_entregas_assinado_assinado_assinado-copia_tarjada.pdf in 28.41 sec.
15:16:00 INFO       pixel_budget (Docling) agu_ptd_2025_2027_anexo_de_entregas_assinado_assinado_assinado-copia_tarjada.pdf: 45.8% (área tabelas/1001817 px²)
15:16:00 INFO     [1/13] ✓ AGU       :   33 entregas | 28.4s | ETA ~5min
15:16:00 INFO     [2/13] → agu_ptd_2025_2027_docdiretivo_assinado_assinado_assinado-copia_tarjada.pdf
15:16:00 INFO     detected formats: [<InputFormat.PDF: 'pdf'>]
15:16:00 INFO     Going to convert document batch...
15:16:00 INFO     Processing document agu_ptd_2025_2027_docdiretivo_assinado_assinado_assinado-copia_tarjada.pdf
15:16:01 INFO     command: tesseract --psm 0 -l osd /tmp/tmpt3e61obz.png stdout
15:16:01 INFO     command: tesseract -l por /tmp/tmpt3e61obz.png stdout tsv
15:16:03 INFO     command: tesseract --psm 0 -l osd /tmp/tmp6o5z1jo5.png stdout
15:16:05 INFO     command: tesseract -l por /tmp/tmp6o5z1jo5.png stdout tsv
15:16:09 INFO     command: tesseract --psm 0 -l osd /tmp/tmp5krmjos7.png stdout
15:16:09 INFO     command: tesseract -l por /tmp/tmp5krmjos7.png stdout tsv
15:16:12 INFO     command: tesseract --psm 0 -l osd /tmp/tmp6_qmag47.png stdout
15:16:12 INFO     command: tesseract -l por /tmp/tmp6_qmag47.png stdout tsv
15:16:15 INFO     command: tesseract --psm 0 -l osd /tmp/tmpxm1qpxrk.png stdout
15:16:15 INFO     command: tesseract -l por /tmp/tmpxm1qpxrk.png stdout tsv
15:16:17 INFO     command: tesseract --psm 0 -l osd /tmp/tmpv3fp03in.png stdout
15:16:19 INFO     command: tesseract -l por /tmp/tmpv3fp03in.png stdout tsv
15:16:29 INFO     command: tesseract --psm 0 -l osd /tmp/tmp1_vhh5v_.png stdout
15:16:30 INFO     command: tesseract -l por /tmp/tmp1_vhh5v_.png stdout tsv
15:16:32 INFO     command: tesseract --psm 0 -l osd /tmp/tmpz3nndc06.png stdout
15:16:33 INFO     command: tesseract -l por /tmp/tmpz3nndc06.png stdout tsv
15:16:35 INFO     command: tesseract --psm 0 -l osd /tmp/tmpn6akrlrh.png stdout
15:16:36 INFO     command: tesseract -l por /tmp/tmpn6akrlrh.png stdout tsv
15:16:38 INFO     command: tesseract --psm 0 -l osd /tmp/tmpsf9447z2.png stdout
15:16:40 INFO     command: tesseract -l por /tmp/tmpsf9447z2.png stdout tsv
15:16:52 INFO     command: tesseract --psm 0 -l osd /tmp/tmp0mufycs_.png stdout
15:16:53 INFO     command: tesseract -l por /tmp/tmp0mufycs_.png stdout tsv
15:16:56 INFO     Finished converting document agu_ptd_2025_2027_docdiretivo_assinado_assinado_assinado-copia_tarjada.pdf in 55.68 sec.
15:16:56 INFO       pixel_budget (Docling) agu_ptd_2025_2027_docdiretivo_assinado_assinado_assinado-copia_tarjada.pdf: 2.1% (área tabelas/5513330 px²)
15:16:56 INFO     [2/13] ✓ AGU       :    6 entregas | 55.7s | ETA ~7min
15:16:56 INFO     [3/13] → fiocruz-ptd-06_2024-copia_tarjada.pdf
15:16:56 INFO     detected formats: [<InputFormat.PDF: 'pdf'>]
15:16:56 INFO     Going to convert document batch...
15:16:56 INFO     Initializing pipeline for StandardPdfPipeline with options hash d18651824ca6fe56cf3ccb20424ac2c8
15:16:56 INFO     Accelerator device: 'cpu'
15:16:56 INFO     HTTP Request: GET https://huggingface.co/api/models/docling-project/docling-layout-heron/revision/main "HTTP/1.1 200 OK"
15:16:57 INFO     HTTP Request: GET https://huggingface.co/api/models/docling-project/docling-models/revision/v2.3.0 "HTTP/1.1 200 OK"
15:16:57 INFO     Accelerator device: 'cpu'
15:16:57 INFO     Processing document fiocruz-ptd-06_2024-copia_tarjada.pdf
15:18:05 INFO     Finished converting document fiocruz-ptd-06_2024-copia_tarjada.pdf in 69.35 sec.
15:18:05 INFO       pixel_budget (Docling) fiocruz-ptd-06_2024-copia_tarjada.pdf: 36.4% (área tabelas/7518178 px²)
15:18:05 WARNING  [3/13] ⚠ FIOCRUZ   :    0 entregas | 69.4s | ETA ~8min
15:18:05 INFO     [4/13] → fiocruz_novo-ptd_2-1_docdiretivo_repactuacao_2024-2026_assinado_assinado-copia_tarjada.pdf
15:18:05 INFO     detected formats: [<InputFormat.PDF: 'pdf'>]
15:18:05 INFO     Going to convert document batch...
15:18:05 INFO     Processing document fiocruz_novo-ptd_2-1_docdiretivo_repactuacao_2024-2026_assinado_assinado-copia_tarjada.pdf
15:18:23 INFO     Finished converting document fiocruz_novo-ptd_2-1_docdiretivo_repactuacao_2024-2026_assinado_assinado-copia_tarjada.pdf in 17.79 sec.
15:18:23 INFO       pixel_budget (Docling) fiocruz_novo-ptd_2-1_docdiretivo_repactuacao_2024-2026_assinado_assinado-copia_tarjada.pdf: 11.3% (área tabelas/5012118 px²)
15:18:23 WARNING  [4/13] ⚠ FIOCRUZ   :    0 entregas | 17.8s | ETA ~6min
15:18:23 INFO     [5/13] → fiocruz_ptd_anexo_de_entregas_assinado_v1_assinado_assinado-1-copia_tarjada.pdf
15:18:23 INFO     detected formats: [<InputFormat.PDF: 'pdf'>]
15:18:23 INFO     Going to convert document batch...
15:18:23 INFO     Processing document fiocruz_ptd_anexo_de_entregas_assinado_v1_assinado_assinado-1-copia_tarjada.pdf
15:18:56 INFO     Finished converting document fiocruz_ptd_anexo_de_entregas_assinado_v1_assinado_assinado-1-copia_tarjada.pdf in 32.68 sec.
15:18:56 INFO       pixel_budget (Docling) fiocruz_ptd_anexo_de_entregas_assinado_v1_assinado_assinado-1-copia_tarjada.pdf: 54.7% (área tabelas/2004847 px²)
15:18:56 INFO     [5/13] ✓ FIOCRUZ   :   61 entregas | 32.7s | ETA ~5min
15:18:56 INFO     [6/13] → funai_anexo_de_entregas_repactuado_2026_2027_assinado_assinado_assinado.pdf
15:18:56 INFO     detected formats: [<InputFormat.PDF: 'pdf'>]
15:18:56 INFO     Going to convert document batch...
15:18:56 INFO     Processing document funai_anexo_de_entregas_repactuado_2026_2027_assinado_assinado_assinado.pdf
15:18:57 INFO     command: tesseract --psm 0 -l osd /tmp/tmpr6shwjzx.png stdout
15:18:58 INFO     command: tesseract -l por /tmp/tmpr6shwjzx.png stdout tsv
15:19:11 INFO     Finished converting document funai_anexo_de_entregas_repactuado_2026_2027_assinado_assinado_assinado.pdf in 14.92 sec.
15:19:11 INFO       pixel_budget (Docling) funai_anexo_de_entregas_repactuado_2026_2027_assinado_assinado_assinado.pdf: 49.8% (área tabelas/501212 px²)
15:19:11 INFO     [6/13] ✓ FUNAI     :   21 entregas | 14.9s | ETA ~4min
15:19:11 INFO     [7/13] → funai_ptd_2025_2027_docdiretivo_assinado-1_tarjado.pdf
15:19:11 INFO     detected formats: [<InputFormat.PDF: 'pdf'>]
15:19:11 INFO     Going to convert document batch...
15:19:11 INFO     Processing document funai_ptd_2025_2027_docdiretivo_assinado-1_tarjado.pdf
15:19:12 INFO     command: tesseract --psm 0 -l osd /tmp/tmp5indj3hs.png stdout
15:19:13 INFO     command: tesseract -l por /tmp/tmp5indj3hs.png stdout tsv
15:19:14 INFO     command: tesseract --psm 0 -l osd /tmp/tmp9igv6ol4.png stdout
15:19:16 INFO     command: tesseract -l por /tmp/tmp9igv6ol4.png stdout tsv
15:19:17 INFO     command: tesseract --psm 0 -l osd /tmp/tmp4pput0_s.png stdout
15:19:18 INFO     command: tesseract -l por /tmp/tmp4pput0_s.png stdout tsv
15:19:20 INFO     command: tesseract --psm 0 -l osd /tmp/tmpaae9es_q.png stdout
15:19:21 INFO     command: tesseract -l por /tmp/tmpaae9es_q.png stdout tsv
15:19:22 INFO     command: tesseract --psm 0 -l osd /tmp/tmpscgr96i5.png stdout
15:19:23 INFO     command: tesseract -l por /tmp/tmpscgr96i5.png stdout tsv
15:19:25 INFO     command: tesseract --psm 0 -l osd /tmp/tmpa0rkb6ep.png stdout
15:19:27 INFO     command: tesseract -l por /tmp/tmpa0rkb6ep.png stdout tsv
15:19:37 INFO     command: tesseract --psm 0 -l osd /tmp/tmpzfbbl0g5.png stdout
15:19:38 INFO     command: tesseract -l por /tmp/tmpzfbbl0g5.png stdout tsv
15:19:39 INFO     command: tesseract --psm 0 -l osd /tmp/tmpie12bfga.png stdout
15:19:40 INFO     command: tesseract -l por /tmp/tmpie12bfga.png stdout tsv
15:19:41 INFO     command: tesseract --psm 0 -l osd /tmp/tmpqax0c5y3.png stdout
15:19:42 INFO     command: tesseract -l por /tmp/tmpqax0c5y3.png stdout tsv
15:19:44 INFO     command: tesseract --psm 0 -l osd /tmp/tmp45tci733.png stdout
15:19:45 INFO     command: tesseract -l por /tmp/tmp45tci733.png stdout tsv
15:19:56 INFO     command: tesseract --psm 0 -l osd /tmp/tmp0kyz9spy.png stdout
15:19:57 INFO     command: tesseract -l por /tmp/tmp0kyz9spy.png stdout tsv
15:20:06 INFO     command: tesseract --psm 0 -l osd /tmp/tmpcan6sv8c.png stdout
15:20:07 INFO     command: tesseract -l por /tmp/tmpcan6sv8c.png stdout tsv
15:20:09 INFO     command: tesseract --psm 0 -l osd /tmp/tmp128_ddew.png stdout
15:20:10 INFO     command: tesseract -l por /tmp/tmp128_ddew.png stdout tsv
15:20:16 INFO     Finished converting document funai_ptd_2025_2027_docdiretivo_assinado-1_tarjado.pdf in 65.09 sec.
15:20:16 INFO       pixel_budget (Docling) funai_ptd_2025_2027_docdiretivo_assinado-1_tarjado.pdf: 16.4% (área tabelas/6515754 px²)
15:20:16 INFO     [7/13] ✓ FUNAI     :    8 entregas | 65.1s | ETA ~4min
15:20:16 INFO     [8/13] → incra_anexo_de_entregas_assinado-1_assinado_assinado-copia_tarjada.pdf
15:20:16 INFO     detected formats: [<InputFormat.PDF: 'pdf'>]
15:20:16 INFO     Going to convert document batch...
15:20:16 INFO     Processing document incra_anexo_de_entregas_assinado-1_assinado_assinado-copia_tarjada.pdf
15:20:17 INFO     command: tesseract --psm 0 -l osd /tmp/tmp9ere40_d.png stdout
15:20:18 INFO     command: tesseract -l por /tmp/tmp9ere40_d.png stdout tsv
15:20:21 INFO     command: tesseract --psm 0 -l osd /tmp/tmpcyhptn12.png stdout
15:20:22 INFO     command: tesseract -l por /tmp/tmpcyhptn12.png stdout tsv
15:20:31 INFO     command: tesseract --psm 0 -l osd /tmp/tmpwuees_5x.png stdout
15:20:32 INFO     command: tesseract -l por /tmp/tmpwuees_5x.png stdout tsv
15:20:33 INFO     command: tesseract --psm 0 -l osd /tmp/tmpqw94nwb7.png stdout
15:20:34 INFO     command: tesseract -l por /tmp/tmpqw94nwb7.png stdout tsv
15:20:36 INFO     command: tesseract --psm 0 -l osd /tmp/tmp61lk9_hg.png stdout
15:20:37 INFO     command: tesseract -l por /tmp/tmp61lk9_hg.png stdout tsv
15:22:07 INFO     Finished converting document incra_anexo_de_entregas_assinado-1_assinado_assinado-copia_tarjada.pdf in 111.35 sec.
15:22:07 INFO       pixel_budget (Docling) incra_anexo_de_entregas_assinado-1_assinado_assinado-copia_tarjada.pdf: 30.0% (área tabelas/2423520 px²)
15:22:07 INFO     [8/13] ✓ INCRA     :   10 entregas | 111.4s | ETA ~4min
15:22:07 INFO     [9/13] → incra_ptd_docdiretivo__assinado-1_assinado_assinado-copia_tarjada.pdf
15:22:07 INFO     detected formats: [<InputFormat.PDF: 'pdf'>]
15:22:07 INFO     Going to convert document batch...
15:22:07 INFO     Processing document incra_ptd_docdiretivo__assinado-1_assinado_assinado-copia_tarjada.pdf
15:22:09 INFO     command: tesseract --psm 0 -l osd /tmp/tmpb7e7o4z8.png stdout
15:22:09 INFO     command: tesseract -l por /tmp/tmpb7e7o4z8.png stdout tsv
15:22:11 INFO     command: tesseract --psm 0 -l osd /tmp/tmpgvo5ogye.png stdout
15:22:13 INFO     command: tesseract -l por /tmp/tmpgvo5ogye.png stdout tsv
15:22:18 INFO     command: tesseract --psm 0 -l osd /tmp/tmpm6o021dk.png stdout
15:22:19 INFO     command: tesseract -l por /tmp/tmpm6o021dk.png stdout tsv
15:22:21 INFO     command: tesseract --psm 0 -l osd /tmp/tmpopj7olq7.png stdout
15:22:21 INFO     command: tesseract -l por /tmp/tmpopj7olq7.png stdout tsv
15:22:23 INFO     command: tesseract --psm 0 -l osd /tmp/tmpvmatipal.png stdout
15:22:24 INFO     command: tesseract -l por /tmp/tmpvmatipal.png stdout tsv
15:22:26 INFO     command: tesseract --psm 0 -l osd /tmp/tmpcr8s7_k7.png stdout
15:22:27 INFO     command: tesseract -l por /tmp/tmpcr8s7_k7.png stdout tsv
15:22:45 INFO     command: tesseract --psm 0 -l osd /tmp/tmpce5r11av.png stdout
15:22:45 INFO     command: tesseract -l por /tmp/tmpce5r11av.png stdout tsv
15:22:47 INFO     command: tesseract --psm 0 -l osd /tmp/tmp44hneyfo.png stdout
15:22:48 INFO     command: tesseract -l por /tmp/tmp44hneyfo.png stdout tsv
15:22:49 INFO     command: tesseract --psm 0 -l osd /tmp/tmpkn_lx05o.png stdout
15:22:50 INFO     command: tesseract -l por /tmp/tmpkn_lx05o.png stdout tsv
15:22:52 INFO     command: tesseract --psm 0 -l osd /tmp/tmpk1zogw0x.png stdout
15:22:53 INFO     command: tesseract -l por /tmp/tmpk1zogw0x.png stdout tsv
15:22:59 INFO     command: tesseract --psm 0 -l osd /tmp/tmpxs2n7gdm.png stdout
15:23:00 INFO     command: tesseract -l por /tmp/tmpxs2n7gdm.png stdout tsv
15:23:08 INFO     command: tesseract --psm 0 -l osd /tmp/tmp_ri98763.png stdout
15:23:09 INFO     command: tesseract -l por /tmp/tmp_ri98763.png stdout tsv
15:23:11 INFO     command: tesseract --psm 0 -l osd /tmp/tmpqz_yqk87.png stdout
15:23:12 INFO     command: tesseract -l por /tmp/tmpqz_yqk87.png stdout tsv
15:23:20 INFO     Finished converting document incra_ptd_docdiretivo__assinado-1_assinado_assinado-copia_tarjada.pdf in 72.56 sec.
15:23:20 INFO       pixel_budget (Docling) incra_ptd_docdiretivo__assinado-1_assinado_assinado-copia_tarjada.pdf: 20.2% (área tabelas/6515754 px²)
15:23:20 INFO     [9/13] ✓ INCRA     :    9 entregas | 72.6s | ETA ~3min
15:23:20 INFO     [10/13] → iti_anexo_de_entregas_assinado.pdf
15:23:20 INFO     detected formats: [<InputFormat.PDF: 'pdf'>]
15:23:20 INFO     Going to convert document batch...
15:23:20 INFO     Processing document iti_anexo_de_entregas_assinado.pdf
15:23:21 INFO     command: tesseract --psm 0 -l osd /tmp/tmpusfr58bj.png stdout
15:23:22 INFO     command: tesseract -l por /tmp/tmpusfr58bj.png stdout tsv
15:23:37 INFO     Finished converting document iti_anexo_de_entregas_assinado.pdf in 17.51 sec.
15:23:37 INFO       pixel_budget (Docling) iti_anexo_de_entregas_assinado.pdf: 57.2% (área tabelas/501212 px²)
15:23:37 INFO     [10/13] ✓ ITI       :   31 entregas | 17.5s | ETA ~2min
15:23:37 INFO     [11/13] → iti_doc_diretivo_assinado-1_tarjado.pdf
15:23:37 INFO     detected formats: [<InputFormat.PDF: 'pdf'>]
15:23:37 INFO     Going to convert document batch...
15:23:37 INFO     Processing document iti_doc_diretivo_assinado-1_tarjado.pdf
15:23:38 INFO     command: tesseract --psm 0 -l osd /tmp/tmprbivud9l.png stdout
15:23:39 INFO     command: tesseract -l por /tmp/tmprbivud9l.png stdout tsv
15:23:41 INFO     command: tesseract --psm 0 -l osd /tmp/tmpavetoz64.png stdout
15:23:42 INFO     command: tesseract -l por /tmp/tmpavetoz64.png stdout tsv
15:23:47 INFO     command: tesseract --psm 0 -l osd /tmp/tmp_sb548d6.png stdout
15:23:48 INFO     command: tesseract -l por /tmp/tmp_sb548d6.png stdout tsv
15:23:50 INFO     command: tesseract --psm 0 -l osd /tmp/tmpsb1sgrpy.png stdout
15:23:51 INFO     command: tesseract -l por /tmp/tmpsb1sgrpy.png stdout tsv
15:23:52 INFO     command: tesseract --psm 0 -l osd /tmp/tmpqd4vfj5r.png stdout
15:23:53 INFO     command: tesseract -l por /tmp/tmpqd4vfj5r.png stdout tsv
15:23:55 INFO     command: tesseract --psm 0 -l osd /tmp/tmpiwbtt8f0.png stdout
15:23:57 INFO     command: tesseract -l por /tmp/tmpiwbtt8f0.png stdout tsv
15:24:14 INFO     command: tesseract --psm 0 -l osd /tmp/tmpiln18w44.png stdout
15:24:15 INFO     command: tesseract -l por /tmp/tmpiln18w44.png stdout tsv
15:24:17 INFO     command: tesseract --psm 0 -l osd /tmp/tmpi2igqwqp.png stdout
15:24:18 INFO     command: tesseract -l por /tmp/tmpi2igqwqp.png stdout tsv
15:24:20 INFO     command: tesseract --psm 0 -l osd /tmp/tmpzbghg6gz.png stdout
15:24:20 INFO     command: tesseract -l por /tmp/tmpzbghg6gz.png stdout tsv
15:24:23 INFO     command: tesseract --psm 0 -l osd /tmp/tmpwh334uqo.png stdout
15:24:24 INFO     command: tesseract -l por /tmp/tmpwh334uqo.png stdout tsv
15:24:31 INFO     command: tesseract --psm 0 -l osd /tmp/tmpsm0yjj3d.png stdout
15:24:31 INFO     command: tesseract -l por /tmp/tmpsm0yjj3d.png stdout tsv
15:24:38 INFO     Finished converting document iti_doc_diretivo_assinado-1_tarjado.pdf in 60.64 sec.
15:24:38 INFO       pixel_budget (Docling) iti_doc_diretivo_assinado-1_tarjado.pdf: 8.0% (área tabelas/5516339 px²)
15:24:38 INFO     [11/13] ✓ ITI       :    6 entregas | 60.7s | ETA ~1min
15:24:38 INFO     [12/13] → sgpr_ptd_2025_2027_anexo_de_entregas_assinado-copia_tarjada.pdf
15:24:38 INFO     detected formats: [<InputFormat.PDF: 'pdf'>]
15:24:38 INFO     Going to convert document batch...
15:24:38 INFO     Processing document sgpr_ptd_2025_2027_anexo_de_entregas_assinado-copia_tarjada.pdf
15:24:39 INFO     command: tesseract --psm 0 -l osd /tmp/tmpyh_e7nnd.png stdout
15:24:40 INFO     command: tesseract -l por /tmp/tmpyh_e7nnd.png stdout tsv
15:24:43 INFO     command: tesseract --psm 0 -l osd /tmp/tmpq5lio_c_.png stdout
15:24:44 INFO     command: tesseract -l por /tmp/tmpq5lio_c_.png stdout tsv
15:24:56 INFO     Finished converting document sgpr_ptd_2025_2027_anexo_de_entregas_assinado-copia_tarjada.pdf in 17.87 sec.
15:24:56 INFO       pixel_budget (Docling) sgpr_ptd_2025_2027_anexo_de_entregas_assinado-copia_tarjada.pdf: 29.5% (área tabelas/1002424 px²)
15:24:56 INFO     [12/13] ✓ SGPR      :   15 entregas | 17.9s | ETA ~47s
15:24:56 INFO     [13/13] → sgpr_ptd_2026_2027_docdiretivo_assinado-copia_tarjada.pdf
15:24:56 INFO     detected formats: [<InputFormat.PDF: 'pdf'>]
15:24:56 INFO     Going to convert document batch...
15:24:56 INFO     Processing document sgpr_ptd_2026_2027_docdiretivo_assinado-copia_tarjada.pdf
15:25:16 INFO     Finished converting document sgpr_ptd_2026_2027_docdiretivo_assinado-copia_tarjada.pdf in 20.28 sec.
15:25:16 INFO       pixel_budget (Docling) sgpr_ptd_2026_2027_docdiretivo_assinado-copia_tarjada.pdf: 8.2% (área tabelas/5513330 px²)
15:25:16 WARNING  [13/13] ⚠ SGPR      :    0 entregas | 20.3s | ETA ~0s
15:25:16 INFO     200 registros | 6 órgãos
15:25:16 INFO     ╔══════════════════════════════════════════════════════════════╗
15:25:16 INFO     ║                  ENTREGAS — fase concluída                   ║
15:25:16 INFO     ║  Processados: 13    |  ✓ 10  ⚠ 3                             ║
15:25:16 INFO     ║  Duração: 9.7 min                                            ║
15:25:16 INFO     ║  200 registros | 6 órgãos                                    ║
15:25:16 INFO     ╚══════════════════════════════════════════════════════════════╝
15:25:16 INFO     [1/6] → agu_ptd_2025_2027_docdiretivo_assinado_assinado_assinado-copia_tarjada.pdf
15:25:16 INFO     detected formats: [<InputFormat.PDF: 'pdf'>]
15:25:16 INFO     Going to convert document batch...
15:25:16 INFO     Processing document agu_ptd_2025_2027_docdiretivo_assinado_assinado_assinado-copia_tarjada.pdf
15:25:17 INFO     command: tesseract --psm 0 -l osd /tmp/tmp0d9c_9hb.png stdout
15:25:17 INFO     command: tesseract -l por /tmp/tmp0d9c_9hb.png stdout tsv
15:25:20 INFO     command: tesseract --psm 0 -l osd /tmp/tmp5h0e9x1r.png stdout
15:25:21 INFO     command: tesseract -l por /tmp/tmp5h0e9x1r.png stdout tsv
15:25:23 INFO     command: tesseract --psm 0 -l osd /tmp/tmp8ccqhfd2.png stdout
15:25:23 INFO     command: tesseract -l por /tmp/tmp8ccqhfd2.png stdout tsv
15:25:26 INFO     command: tesseract --psm 0 -l osd /tmp/tmpt1i3yoyy.png stdout
15:25:27 INFO     command: tesseract -l por /tmp/tmpt1i3yoyy.png stdout tsv
15:25:29 INFO     command: tesseract --psm 0 -l osd /tmp/tmp6jm34ys0.png stdout
15:25:30 INFO     command: tesseract -l por /tmp/tmp6jm34ys0.png stdout tsv
15:25:32 INFO     command: tesseract --psm 0 -l osd /tmp/tmpgvuzz1pr.png stdout
15:25:33 INFO     command: tesseract -l por /tmp/tmpgvuzz1pr.png stdout tsv
15:25:44 INFO     command: tesseract --psm 0 -l osd /tmp/tmp94wq2jah.png stdout
15:25:44 INFO     command: tesseract -l por /tmp/tmp94wq2jah.png stdout tsv
15:25:47 INFO     command: tesseract --psm 0 -l osd /tmp/tmpo3fnihzt.png stdout
15:25:48 INFO     command: tesseract -l por /tmp/tmpo3fnihzt.png stdout tsv
15:25:50 INFO     command: tesseract --psm 0 -l osd /tmp/tmpmjequ47b.png stdout
15:25:51 INFO     command: tesseract -l por /tmp/tmpmjequ47b.png stdout tsv
15:25:53 INFO     command: tesseract --psm 0 -l osd /tmp/tmpze9_m62j.png stdout
15:25:54 INFO     command: tesseract -l por /tmp/tmpze9_m62j.png stdout tsv
15:26:06 INFO     command: tesseract --psm 0 -l osd /tmp/tmp0zkwkaxa.png stdout
15:26:07 INFO     command: tesseract -l por /tmp/tmp0zkwkaxa.png stdout tsv
15:26:11 INFO     Finished converting document agu_ptd_2025_2027_docdiretivo_assinado_assinado_assinado-copia_tarjada.pdf in 54.72 sec.
15:26:11 INFO     [1/6] ✓ AGU       :   7 riscos | 54.7s | ETA ~4min
15:26:11 INFO     [2/6] → fiocruz_novo-ptd_2-1_docdiretivo_repactuacao_2024-2026_assinado_assinado-copia_tarjada.pdf
15:26:11 INFO     detected formats: [<InputFormat.PDF: 'pdf'>]
15:26:11 INFO     Going to convert document batch...
15:26:11 INFO     Processing document fiocruz_novo-ptd_2-1_docdiretivo_repactuacao_2024-2026_assinado_assinado-copia_tarjada.pdf
15:26:29 INFO     Finished converting document fiocruz_novo-ptd_2-1_docdiretivo_repactuacao_2024-2026_assinado_assinado-copia_tarjada.pdf in 17.82 sec.
15:26:29 INFO     [2/6] ✓ FIOCRUZ   :   6 riscos | 17.8s | ETA ~2min
15:26:29 INFO     [3/6] → funai_ptd_2025_2027_docdiretivo_assinado-1_tarjado.pdf
15:26:29 INFO     detected formats: [<InputFormat.PDF: 'pdf'>]
15:26:29 INFO     Going to convert document batch...
15:26:29 INFO     Processing document funai_ptd_2025_2027_docdiretivo_assinado-1_tarjado.pdf
15:26:30 INFO     command: tesseract --psm 0 -l osd /tmp/tmpl47vt68b.png stdout
15:26:31 INFO     command: tesseract -l por /tmp/tmpl47vt68b.png stdout tsv
15:26:32 INFO     command: tesseract --psm 0 -l osd /tmp/tmphaafswft.png stdout
15:26:33 INFO     command: tesseract -l por /tmp/tmphaafswft.png stdout tsv
15:26:37 INFO     command: tesseract --psm 0 -l osd /tmp/tmpfhsh9jka.png stdout
15:26:38 INFO     command: tesseract -l por /tmp/tmpfhsh9jka.png stdout tsv
15:26:40 INFO     command: tesseract --psm 0 -l osd /tmp/tmppvjfdbsa.png stdout
15:26:40 INFO     command: tesseract -l por /tmp/tmppvjfdbsa.png stdout tsv
15:26:42 INFO     command: tesseract --psm 0 -l osd /tmp/tmpsayyk2f9.png stdout
15:26:43 INFO     command: tesseract -l por /tmp/tmpsayyk2f9.png stdout tsv
15:26:45 INFO     command: tesseract --psm 0 -l osd /tmp/tmpo2gqau4_.png stdout
15:26:46 INFO     command: tesseract -l por /tmp/tmpo2gqau4_.png stdout tsv
15:26:57 INFO     command: tesseract --psm 0 -l osd /tmp/tmpbv_llagq.png stdout
15:26:58 INFO     command: tesseract -l por /tmp/tmpbv_llagq.png stdout tsv
15:26:59 INFO     command: tesseract --psm 0 -l osd /tmp/tmpvsppzj9s.png stdout
15:27:00 INFO     command: tesseract -l por /tmp/tmpvsppzj9s.png stdout tsv
15:27:01 INFO     command: tesseract --psm 0 -l osd /tmp/tmpsmkto4ho.png stdout
15:27:02 INFO     command: tesseract -l por /tmp/tmpsmkto4ho.png stdout tsv
15:27:04 INFO     command: tesseract --psm 0 -l osd /tmp/tmpp51h353r.png stdout
15:27:05 INFO     command: tesseract -l por /tmp/tmpp51h353r.png stdout tsv
15:27:20 INFO     command: tesseract --psm 0 -l osd /tmp/tmp6hf9s1pk.png stdout
15:27:21 INFO     command: tesseract -l por /tmp/tmp6hf9s1pk.png stdout tsv
15:27:27 INFO     command: tesseract --psm 0 -l osd /tmp/tmprucboocd.png stdout
15:27:28 INFO     command: tesseract -l por /tmp/tmprucboocd.png stdout tsv
15:27:29 INFO     command: tesseract --psm 0 -l osd /tmp/tmptrnw1cmz.png stdout
15:27:30 INFO     command: tesseract -l por /tmp/tmptrnw1cmz.png stdout tsv
15:27:37 INFO     Finished converting document funai_ptd_2025_2027_docdiretivo_assinado-1_tarjado.pdf in 67.80 sec.
15:27:37 INFO     [3/6] ✓ FUNAI     :  15 riscos | 67.8s | ETA ~2min
15:27:37 INFO     [4/6] → incra_ptd_docdiretivo__assinado-1_assinado_assinado-copia_tarjada.pdf
15:27:37 INFO     detected formats: [<InputFormat.PDF: 'pdf'>]
15:27:37 INFO     Going to convert document batch...
15:27:37 INFO     Processing document incra_ptd_docdiretivo__assinado-1_assinado_assinado-copia_tarjada.pdf
15:27:38 INFO     command: tesseract --psm 0 -l osd /tmp/tmp1og30mx9.png stdout
15:27:38 INFO     command: tesseract -l por /tmp/tmp1og30mx9.png stdout tsv
15:27:40 INFO     command: tesseract --psm 0 -l osd /tmp/tmpdpaub39n.png stdout
15:27:42 INFO     command: tesseract -l por /tmp/tmpdpaub39n.png stdout tsv
15:27:47 INFO     command: tesseract --psm 0 -l osd /tmp/tmpkk6ac351.png stdout
15:27:48 INFO     command: tesseract -l por /tmp/tmpkk6ac351.png stdout tsv
15:27:50 INFO     command: tesseract --psm 0 -l osd /tmp/tmpqt7th10_.png stdout
15:27:50 INFO     command: tesseract -l por /tmp/tmpqt7th10_.png stdout tsv
15:27:52 INFO     command: tesseract --psm 0 -l osd /tmp/tmpwzj5hofp.png stdout
15:27:53 INFO     command: tesseract -l por /tmp/tmpwzj5hofp.png stdout tsv
15:27:55 INFO     command: tesseract --psm 0 -l osd /tmp/tmpqw4pfaxx.png stdout
15:27:56 INFO     command: tesseract -l por /tmp/tmpqw4pfaxx.png stdout tsv
15:28:13 INFO     command: tesseract --psm 0 -l osd /tmp/tmpniv6xml6.png stdout
15:28:14 INFO     command: tesseract -l por /tmp/tmpniv6xml6.png stdout tsv
15:28:15 INFO     command: tesseract --psm 0 -l osd /tmp/tmpkkro2x9c.png stdout
15:28:16 INFO     command: tesseract -l por /tmp/tmpkkro2x9c.png stdout tsv
15:28:18 INFO     command: tesseract --psm 0 -l osd /tmp/tmput0vjx_e.png stdout
15:28:19 INFO     command: tesseract -l por /tmp/tmput0vjx_e.png stdout tsv
15:28:20 INFO     command: tesseract --psm 0 -l osd /tmp/tmp2pmaor78.png stdout
15:28:22 INFO     command: tesseract -l por /tmp/tmp2pmaor78.png stdout tsv
15:28:27 INFO     command: tesseract --psm 0 -l osd /tmp/tmp8ccwxai9.png stdout
15:28:28 INFO     command: tesseract -l por /tmp/tmp8ccwxai9.png stdout tsv
15:28:40 INFO     command: tesseract --psm 0 -l osd /tmp/tmpropm482w.png stdout
15:28:41 INFO     command: tesseract -l por /tmp/tmpropm482w.png stdout tsv
15:28:42 INFO     command: tesseract --psm 0 -l osd /tmp/tmpsdy_v01d.png stdout
15:28:43 INFO     command: tesseract -l por /tmp/tmpsdy_v01d.png stdout tsv
15:28:51 INFO     Finished converting document incra_ptd_docdiretivo__assinado-1_assinado_assinado-copia_tarjada.pdf in 73.97 sec.
15:28:51 INFO     [4/6] ✓ INCRA     :  15 riscos | 74.0s | ETA ~1min
15:28:51 INFO     [5/6] → iti_doc_diretivo_assinado-1_tarjado.pdf
15:28:51 INFO     detected formats: [<InputFormat.PDF: 'pdf'>]
15:28:51 INFO     Going to convert document batch...
15:28:51 INFO     Processing document iti_doc_diretivo_assinado-1_tarjado.pdf
15:28:51 INFO     command: tesseract --psm 0 -l osd /tmp/tmpcqrgekyk.png stdout
15:28:52 INFO     command: tesseract -l por /tmp/tmpcqrgekyk.png stdout tsv
15:28:54 INFO     command: tesseract --psm 0 -l osd /tmp/tmprawfpi5d.png stdout
15:28:55 INFO     command: tesseract -l por /tmp/tmprawfpi5d.png stdout tsv
15:28:59 INFO     command: tesseract --psm 0 -l osd /tmp/tmptlp_u6ft.png stdout
15:29:00 INFO     command: tesseract -l por /tmp/tmptlp_u6ft.png stdout tsv
15:29:01 INFO     command: tesseract --psm 0 -l osd /tmp/tmpwqjmdm6m.png stdout
15:29:02 INFO     command: tesseract -l por /tmp/tmpwqjmdm6m.png stdout tsv
15:29:04 INFO     command: tesseract --psm 0 -l osd /tmp/tmpgyr7cf74.png stdout
15:29:05 INFO     command: tesseract -l por /tmp/tmpgyr7cf74.png stdout tsv
15:29:07 INFO     command: tesseract --psm 0 -l osd /tmp/tmpf14ur67n.png stdout
15:29:08 INFO     command: tesseract -l por /tmp/tmpf14ur67n.png stdout tsv
15:29:21 INFO     command: tesseract --psm 0 -l osd /tmp/tmpeb8cq2gu.png stdout
15:29:22 INFO     command: tesseract -l por /tmp/tmpeb8cq2gu.png stdout tsv
15:29:24 INFO     command: tesseract --psm 0 -l osd /tmp/tmpa3hshyav.png stdout
15:29:25 INFO     command: tesseract -l por /tmp/tmpa3hshyav.png stdout tsv
15:29:28 INFO     command: tesseract --psm 0 -l osd /tmp/tmpewxj74bx.png stdout
15:29:28 INFO     command: tesseract -l por /tmp/tmpewxj74bx.png stdout tsv
15:29:31 INFO     command: tesseract --psm 0 -l osd /tmp/tmpk_8r_1cu.png stdout
15:29:32 INFO     command: tesseract -l por /tmp/tmpk_8r_1cu.png stdout tsv
15:29:42 INFO     command: tesseract --psm 0 -l osd /tmp/tmp6zm8armc.png stdout
15:29:43 INFO     command: tesseract -l por /tmp/tmp6zm8armc.png stdout tsv
15:29:48 INFO     Finished converting document iti_doc_diretivo_assinado-1_tarjado.pdf in 57.68 sec.
15:29:48 INFO     [5/6] ✓ ITI       :  14 riscos | 57.7s | ETA ~54s
15:29:48 INFO     [6/6] → sgpr_ptd_2026_2027_docdiretivo_assinado-copia_tarjada.pdf
15:29:48 INFO     detected formats: [<InputFormat.PDF: 'pdf'>]
15:29:48 INFO     Going to convert document batch...
15:29:48 INFO     Processing document sgpr_ptd_2026_2027_docdiretivo_assinado-copia_tarjada.pdf
15:30:08 INFO     Finished converting document sgpr_ptd_2026_2027_docdiretivo_assinado-copia_tarjada.pdf in 20.16 sec.
15:30:08 INFO     [6/6] ✓ SGPR      :  10 riscos | 20.2s | ETA ~0s
15:30:08 INFO     ╔══════════════════════════════════════════════════════════════╗
15:30:08 INFO     ║                   RISCOS — fase concluída                    ║
15:30:08 INFO     ║  Processados: 6     |  ✓ 6  ⚠ 0                              ║
15:30:08 INFO     ║  Duração: 4.9 min                                            ║
15:30:08 INFO     ║  67 riscos | 6 órgãos                                        ║
15:30:08 INFO     ╚══════════════════════════════════════════════════════════════╝
15:30:08 INFO     67 riscos | 0 ações | 109 relações
15:30:09 INFO     ptd_corpus_raw                     : 200 linhas
15:30:09 INFO     ptd_pivot_eixos                    : 6 linhas
15:30:12 INFO     ptd_datas_assinatura               : 132 linhas
15:30:12 INFO     ptd_riscos                         : 67 linhas
15:30:12 INFO     ptd_riscos_acoes                   : 109 linhas
15:30:12 INFO     Manifesto salvo: pipeline_manifest.json | SHA-256 de 132 PDFs
15:30:12 INFO     ==================================================
15:30:12 INFO     PTD-BR v3.0-melhorado — PIPELINE CONCLUÍDO
15:30:12 INFO     ==================================================
15:30:12 INFO     ptd_corpus_raw.csv                        125 KB
15:30:12 INFO     ptd_pivot_eixos.csv                         0 KB
15:30:12 INFO     ptd_datas_assinatura.csv                    9 KB
15:30:12 INFO     ptd_riscos.csv                             19 KB
15:30:12 INFO     ptd_riscos_acoes.csv                        2 KB
15:30:12 INFO     proveniencia.json                           0 KB
15:30:12 INFO     pipeline_manifest.json                     20 KB
15:30:12 INFO     📦 Artefatos: https://github.com/freirelucas/teste/actions/runs/23950857201
15:30:12 INFO     ==================================================
