05:23:56 INFO     Docling disponível
05:23:56 WARNING  OCR fallback indisponível (IndentationError: unexpected indent (ptd_ocr_fallback.py, line 45))
05:23:57 INFO     Ignorado (guia/template/norma): ABNT-NBR-17225-Acessibilidade-Digital.pdf
05:23:57 INFO     Ignorado (guia/template/norma): cgrep-guia10passos-ptd-orgao.pdf
05:23:57 INFO     Ignorado (guia/template/norma): ABNT-NBR-17225-Acessibilidade-Digital.pdf
05:23:57 INFO     Scraping: 132 PDFs únicos | entregas: 68 | diretivos: 61
05:23:57 INFO     Baixando 132 PDFs únicos...
05:23:58 INFO     ✓ [  1/132] abin_ptd_anexo_de_entregas_assinado_pelo_orgao_ass   293.3KB
05:24:02 INFO     ✓ [  2/132] aeb_ptd_2025_2027_docdiretivo_aprovado_assinado-1_  1033.7KB
05:24:05 INFO     ✓ [  3/132] aeb_ptd_2025_2027_anexo_de_entregas_aprovado_assin   154.5KB
05:24:10 INFO     ✓ [  4/132] agu_ptd_2025_2027_docdiretivo_assinado_assinado_as  2860.3KB
05:24:13 INFO     ✓ [  5/132] agu_ptd_2025_2027_anexo_de_entregas_assinado_assin   525.5KB
05:24:15 INFO     ✓ [  6/132] ana_ptd_2025_2027_docdiretivo_assinado_assinado_as   477.2KB
05:24:17 INFO     ✓ [  7/132] ana_ptd_2025_2027_anexoentregas_assinado_assinado_   170.9KB
05:24:21 INFO     ✓ [  8/132] anac_ptd_2025_2026_docdiretivo_se_assinado_tarjado  1036.3KB
05:24:23 INFO     ✓ [  9/132] anac_ptd_2025_2026_anexo_de_entregas_se_assinado.p   215.2KB
05:24:26 INFO     ✓ [ 10/132] anatel_ptd_docdiretivo_assinado_2025_2026_assinado  1006.0KB
05:24:28 INFO     ✓ [ 11/132] anatel_ptd_2025_2026_anexo_de_entregas_do_ptd_publ    71.9KB
05:24:31 INFO     ✓ [ 12/132] ancine_ptd_2024_2026_docdiretivo_assinado-2_assina   961.8KB
05:24:34 INFO     ✓ [ 13/132] ancine_ptd_2024_2026_-_anexo_de_entregas_aprovado_   613.2KB
05:24:37 INFO     ✓ [ 14/132] ptd_aneel_2025-2027_docdiretivo_assinado_tarjado.p   779.6KB
05:24:39 INFO     ✓ [ 15/132] ptd_aneel_2025-2027_anexo_de_entregas_assinado.pdf   111.9KB
05:24:43 INFO     ✓ [ 16/132] anm_ptd_2025_2027_docdiretivo_assinadopeloorgao_ta  1092.5KB
05:24:46 INFO     ✓ [ 17/132] anm_ptd_2025_2027_anexo_entregas_assinadopeloorgao  1140.4KB
05:24:49 INFO     ✓ [ 18/132] anpd_ptd_2025_2027_docdiretivo_assinado_assinado_a  1044.3KB
05:24:51 INFO     ✓ [ 19/132] anpd_ptd_2025_2027_anexo_de_entregas_assinado_assi   166.5KB
05:24:55 INFO     ✓ [ 20/132] ans-plano_de_transformacao_digital_assinado-copia_  1023.4KB
05:24:57 INFO     ✓ [ 21/132] ans_ptd_2025_2026_anexo_de_entregas_assinado_assin   124.1KB
05:25:00 INFO     ✓ [ 22/132] antaq_ptd_2025_2027_docdiretivo_assinado_assinado_  1039.8KB
05:25:02 INFO     ✓ [ 23/132] antaq_ptd_2025_2027_anexoentregas_assinado_assinad   145.1KB
05:25:04 INFO     ✓ [ 24/132] mt_anexo_de_entregas_-_assinado_assinado_assinado_   143.6KB
05:25:13 INFO     ✓ [ 25/132] anvisa_ptd_docdiretivo_2025-2026_assinado_assinado  5771.2KB
05:25:15 INFO     ✓ [ 26/132] anvisa_ptd_anexo_de_entregas_2025_2026_assinado_as   239.0KB
05:25:18 INFO     ✓ [ 27/132] bcb_documento_diretivo_assinado_assinado_assinado-   713.7KB
05:25:20 INFO     ✓ [ 28/132] bcb_anexo_de_entregas_ptd_25_26-1_assinado_assinad   134.8KB
05:25:23 INFO     ✓ [ 29/132] cade_ptd_docdiretivo_2025_2026_assinado-2_assinado   810.4KB
05:25:26 INFO     ✓ [ 30/132] cade_ptd_anexo_de_entregas_2025_2026_assinado_copi   504.0KB
05:25:29 INFO     ✓ [ 31/132] mec_ptd_docdiretivo_2025-2026_sei_mec-5566673_copi   863.1KB
05:25:31 INFO     ✓ [ 32/132] mec_ptd_anexo-de-entregas_sei_mec-5576401_copia_ta   495.7KB
05:25:35 INFO     ✓ [ 33/132] mec_ptd_docdiretivo-versao-comunicacao_copia_tarja  1616.5KB
05:25:38 INFO     ✓ [ 34/132] md_ptd_2026_2027_anexo_de_entregas_assinado_assina   579.4KB
05:25:40 INFO     ✓ [ 35/132] md_ptd_2026_2027_anexo_de_entregas_assinado_assina   186.8KB
05:25:43 INFO     ✓ [ 36/132] md_ptd_temp_copia_tarjada.pdf                        741.9KB
05:25:46 INFO     ✓ [ 37/132] cgu_ptd_docdiretivo_assinado_assinado_assinado-cop  1085.4KB
05:25:48 INFO     ✓ [ 38/132] cgu_ptd_anexo_de_entregas_pactuadas_assinado_assin   514.1KB
05:25:51 INFO     ✓ [ 39/132] cnpq_ptd_2025_2027_docdiretivo_assinado_assinado_a   342.9KB
05:25:53 INFO     ✓ [ 40/132] cnpq_ptd_2025_2027_anexo_de_entregas_assinado_assi   136.1KB
05:25:56 INFO     ✓ [ 41/132] coaf_ptd_2025_2026_documento_diretivo_assinado_ass  1068.0KB
05:26:02 INFO     ✓ [ 42/132] coaf_ptd_2025_2026_anexo_de_entregas-2_assinado_as  3184.5KB
05:26:08 INFO     ✓ [ 43/132] ptd_midr-docdiretivo_aprovado_assinado_tarjado.pdf  3864.1KB
05:26:11 INFO     ✓ [ 44/132] ptd_midr_-_anexo_de_entregas_-_aprovado_assinado.p  1122.0KB
05:26:14 INFO     ✓ [ 45/132] mda-documento-diretivo-assinado_ptd-2025-207-copia   955.8KB
05:26:16 INFO     ✓ [ 46/132] cvm_ptd_2025_2027_docdiretivo_assinado_assinado_as   270.5KB
05:26:19 INFO     ✓ [ 47/132] cvm_ptd_2025_2027_anexoentregas_assinado_assinado_   409.0KB
05:26:22 INFO     ✓ [ 48/132] dnocs_ptd_doc_diretivo_2025_2026_assinado_orgao-2_   891.1KB
05:26:24 INFO     ✓ [ 49/132] dnocs_anexo_de_entregas_repactuado_2025_2026_assin   272.3KB
05:26:29 INFO     ✓ [ 50/132] fbn_ptd_2025_2027_docdiretivo_assinado-1_tarjado.p  2921.6KB
05:26:31 INFO     ✓ [ 51/132] fbn_ptd_2025_2027_anexo_de_entregas_assinado-1.pdf   162.3KB
05:26:35 INFO     ✓ [ 52/132] fcp_ptd_2025_2027_docdiretivo_assinado-1_tarjado.p  1612.0KB
05:26:37 INFO     ✓ [ 53/132] fcp_ptd_2025_2027_anexo_de_entregas_assinado-1.pdf   118.8KB
05:26:40 INFO     ✓ [ 54/132] fcrb_ptd_2025_2026_docdiretivo_aprovado_assinado-1   998.2KB
05:26:43 INFO     ✓ [ 55/132] fcrb_ptd_2025_2026_anexo_de_entregas_aprovado_assi   313.5KB
05:26:46 INFO     ✓ [ 56/132] fiocruz_novo-ptd_2-1_docdiretivo_repactuacao_2024-  1318.1KB
05:26:49 INFO     ✓ [ 57/132] fiocruz_ptd_anexo_de_entregas_assinado_v1_assinado   257.1KB
05:26:53 INFO     ✓ [ 58/132] fiocruz-ptd-06_2024-copia_tarjada.pdf               1693.8KB
05:26:57 INFO     ✓ [ 59/132] funai_ptd_2025_2027_docdiretivo_assinado-1_tarjado  1842.1KB
05:26:59 INFO     ✓ [ 60/132] funai_anexo_de_entregas_repactuado_2026_2027_assin   435.7KB
05:27:02 INFO     ✓ [ 61/132] funarte_ptd_docdiretivo_assinado_21_01_2025_assina   965.7KB
05:27:05 INFO     ✓ [ 62/132] funarte_ptd_anexo_de_entregas_assinado_v1_assinado   683.6KB
05:27:08 INFO     ✓ [ 63/132] fundacentro_ptd_2025_2027_docdiretivo_assinado_ass   826.6KB
05:27:11 INFO     ✓ [ 64/132] fundacentro_ptd_2025_2027_anexo_de_entregas_assina   635.5KB
05:27:14 INFO     ✓ [ 65/132] mma_ptd_docdiretivo_assinado_2025_2026-1_assinado_   949.3KB
05:27:16 INFO     ✓ [ 66/132] mma_ptd_anexo_de_entregas_aprovado_final_assinado_   174.8KB
05:27:19 INFO     ✓ [ 67/132] ibge_docdiretivo_2025_assinado_assinado_assinado-c  1167.3KB
05:27:21 INFO     ✓ [ 68/132] ibge_ptd_25_26_anexo_de_entregas_modelo_v2-1_assin   143.7KB
05:27:31 INFO     ✓ [ 69/132] incra_ptd_docdiretivo__assinado-1_assinado_assinad  7182.0KB
05:27:35 INFO     ✓ [ 70/132] incra_anexo_de_entregas_assinado-1_assinado_assina  1818.6KB
05:27:41 INFO     ✓ [ 71/132] inpi_ptd_docdiretivo_assinado_2025_2026_assinado_a  3322.4KB
05:27:46 INFO     ✓ [ 72/132] inpi_ptd_anexo_de_entregas_assinado_v1_assinado_as  3078.1KB
05:27:49 INFO     ✓ [ 73/132] inss_ptd_2025_2027_docdiretivo-assinado-copia_tarj  1173.3KB
05:27:51 INFO     ✓ [ 74/132] inss_ptd_2025_2027_anexo_de_entregas-assinado-copi   110.8KB
05:27:54 INFO     ✓ [ 75/132] iphan_ptd_docdiretivo_assinado_2025_2026_assinado_   885.7KB
05:27:56 INFO     ✓ [ 76/132] iphan_ptd_anexo_de_entregas_assinado_v1_assinado_a   310.9KB
05:28:04 INFO     ✓ [ 77/132] iti_doc_diretivo_assinado-1_tarjado.pdf             4905.1KB
05:28:06 INFO     ✓ [ 78/132] iti_anexo_de_entregas_assinado.pdf                   556.4KB
05:28:10 INFO     ✓ [ 79/132] mapa_ptd_2025_2027_docdiretivo_assinado-1_tarjado.  1740.9KB
05:28:13 INFO     ✓ [ 80/132] mapa_ptd_2025_2027_anexo_de_entregas_assinado-1.pd   261.9KB
05:28:19 INFO     ✓ [ 81/132] documento-diretivo-mcom-_-ptd-25_27-copia_tarjada.  4451.9KB
05:28:23 INFO     ✓ [ 82/132] anexo-de-entregas-mcom_ptd-25_27-copia_tarjada.pdf  1213.8KB
05:28:28 INFO     ✓ [ 83/132] ptd_21_24_mcom-copia_tarjada.pdf                    3040.7KB
05:28:31 INFO     ✓ [ 84/132] mcti_ptd_2025-2027_docdiretivo_assinado-copia_tarj  1030.7KB
05:28:33 INFO     ✓ [ 85/132] mcti_ptd_2025-2027_anexo-de-entregas_assinado-copi   145.8KB
05:28:36 INFO     ✓ [ 86/132] mda-anexo-entregas-assinado_ptd-2025-2027-copia-ta   284.6KB
05:28:38 INFO     ✓ [ 87/132] mdhc_ptd_2025_2027_docdiretivo_assinado_assinado_a   753.4KB
05:28:41 INFO     ✓ [ 88/132] mdhc_ptd_2025_2027_anexoentregas_assinado_assinado   186.8KB
05:28:43 INFO     ✓ [ 89/132] mdic_ptd_anexo_de_entregas_assinado_v1_assinado_as   176.6KB
05:28:46 INFO     ✓ [ 90/132] memp_ptd_2025_2026_docdiretivo_assinado_assinado_a  1030.1KB
05:28:48 INFO     ✓ [ 91/132] memp_ptd_2025_2026_anexo_de_entregas_assinado_assi   161.5KB
05:28:52 INFO     ✓ [ 92/132] mesp_ptd_2025_2027_docdiretivo_assinado_assinado_2  1147.7KB
05:28:54 INFO     ✓ [ 93/132] mesp_ptd_2025_2027_anexo_de_entregas_assinado_assi   226.6KB
05:28:57 INFO     ✓ [ 94/132] mf_ptd_2026_2027_documentodiretivo_assinado_assina   955.1KB
05:28:59 INFO     ✓ [ 95/132] mf_ptd_2026_2027_anexo_de_entregas_1_mf_se_assinad   241.2KB
05:29:02 INFO     ✓ [ 96/132] mgi_ptd_2025_2027_docdiretivo_assinado_assinado_as   375.2KB
05:29:04 INFO     ✓ [ 97/132] mgi_ptd_2025_2027_anexo_de_entregas_assinado_assin   256.1KB
05:29:07 INFO     ✓ [ 98/132] minc_ptd_2025_2027_docdiretivo_assinado-1_assinado   863.6KB
05:29:10 INFO     ✓ [ 99/132] minc_ptd_2025_2027_anexo_de_entregas_assinado-1_as   276.7KB
05:29:13 INFO     ✓ [100/132] mjsp_ptd_docdiretivo_assinado_2025_2026_assinado_a   954.0KB
05:29:15 INFO     ✓ [101/132] mjsp_ptd_anexo_de_entregas_assinado_v1_assinado_as   253.9KB
05:29:18 INFO     ✓ [102/132] mme_ptd_2025_2027_docdiretivo_assinado-copia_tarja   664.5KB
05:29:20 INFO     ✓ [103/132] mme_ptd_2025_2027_anexo_de_entregas_assinado__1_-c   111.1KB
05:29:23 INFO     ✓ [104/132] mmulheres_ptd_2025_2027_docdiretivo_assinado_assin  1078.3KB
05:29:26 INFO     ✓ [105/132] mmulheres_ptd_2025_2027_anexo_de_entregas_assinado   216.9KB
05:29:29 INFO     ✓ [106/132] mpi_ptd_2025_2027_docdiretivo_ministerio_dos_povos   947.9KB
05:29:31 INFO     ✓ [107/132] mpi_ptd_anexo_de_entregas_do_plano_de_tranformacao   191.9KB
05:29:34 INFO     ✓ [108/132] mpo_ptd_docdiretivo_assinado_2025_2026_assinado_as   806.3KB
05:29:37 INFO     ✓ [109/132] mpo_ptd_anexo_de_entregas_assinado_v1_assinado_ass   323.2KB
05:29:40 INFO     ✓ [110/132] mpor_ptd_2025_2027_docdiretivo_assinado_assinado_a   876.5KB
05:29:42 INFO     ✓ [111/132] mpor_ptd_2025_2027_anexo_de_entregas_assinado_assi   175.1KB
05:29:46 INFO     ✓ [112/132] mps_ptd_2025-2026_docdiretivo_final_assinado-1_ass  1024.4KB
05:29:48 INFO     ✓ [113/132] mps_ptd_2025-2026_anexo_de_entregas_final_assinado   165.0KB
05:29:51 INFO     ✓ [114/132] mre_ptd_docdiretivo_assinado_2025_2026_assinado_as   760.9KB
05:29:53 INFO     ✓ [115/132] mre_ptd_anexo_de_entregas_assinado_v1_assinado_ass   233.2KB
05:29:56 INFO     ✓ [116/132] mte_ptd_2025_2026_docdiretivo_assinado_assinado_as   729.6KB
05:29:59 INFO     ✓ [117/132] mte_ptd_anexo_de_entregas_assinado_v1__281_29_assi   459.5KB
05:30:02 INFO     ✓ [118/132] mtur_ptd_docdiretiv_assinado_30_01_2025_assinado_a  1050.4KB
05:30:04 INFO     ✓ [119/132] mtur_ptd_anexo_de_entregas_assinado_30_01_2025_ass   118.8KB
05:30:07 INFO     ✓ [120/132] pf_ptd_docdiretivo_2025_2027_assinado-copia_tarjad   964.3KB
05:30:09 INFO     ✓ [121/132] pf_ptd_anexo_de_entregas_2025_2027_assinado-copia_    62.5KB
05:30:12 INFO     ✓ [122/132] mf_ptd_2026_2027_anexo_de_entregas_4_mf_pgfn_assin   466.8KB
05:30:21 INFO     ✓ [123/132] previc_plano_de_transformacao_digital_2025_2026_29  6652.7KB
05:30:23 INFO     ✓ [124/132] previc_ptd_repactuacao_2025-2026_assinado_assinado   182.9KB
05:30:26 INFO     ✓ [125/132] prf_documentodiretivo_ptd_2026-2027_assinado_tarja   535.9KB
05:30:28 INFO     ✓ [126/132] prf_anexo_de_entregas_do_ptd__2026_2027___ptd___en   157.7KB
05:30:30 INFO     ✓ [127/132] mf_ptd_2026_2027_anexo_de_entregas_2_mf_rfb_assina   253.7KB
05:30:33 INFO     ✓ [128/132] sgpr_ptd_2026_2027_docdiretivo_assinado-copia_tarj   791.2KB
05:30:36 INFO     ✓ [129/132] sgpr_ptd_2025_2027_anexo_de_entregas_assinado-copi   897.9KB
05:30:39 INFO     ✓ [130/132] mf_ptd_2026_2027_anexo_de_entregas_3_mf_stn_assina   467.8KB
05:30:42 INFO     ✓ [131/132] susep_ptd_2025_2027_docdiretivo-assinado-copia_tar  1030.1KB
05:30:44 INFO     ✓ [132/132] susep_ptd_2025-2026_anexo_de_entregas_final_assina   221.9KB
05:30:46 INFO     132 OK | 0 erros | 123.3 MB total
05:30:51 INFO     Sanity: 132 PDFs | 113 texto | 19 imagem/OCR | 0 duplicatas
05:30:51 INFO     --siglas (debug): 15 PDFs de ['AGU', 'FIOCRUZ', 'FUNAI', 'FUNDACENTRO', 'INCRA', 'ITI', 'MCOM', 'SGPR']
05:30:51 INFO     DocumentConverter instanciado (singleton × 2: plain + OCR)
05:30:51 INFO     [1/15] → agu_ptd_2025_2027_anexo_de_entregas_assinado_assinado_assinado-copia_tarjada.pdf
05:30:51 INFO     detected formats: [<InputFormat.PDF: 'pdf'>]
05:30:51 INFO     Going to convert document batch...
05:30:51 INFO     Initializing pipeline for StandardPdfPipeline with options hash bc6794697da537796efc497178f9263f
05:30:51 INFO     Loading plugin 'docling_defaults'
05:30:51 INFO     Registered picture descriptions: ['picture_description_vlm_engine', 'vlm', 'api']
05:30:51 INFO     Loading plugin 'docling_defaults'
05:30:51 INFO     Registered ocr engines: ['auto', 'easyocr', 'kserve_v2_ocr', 'ocrmac', 'rapidocr', 'tesserocr', 'tesseract']
05:30:51 INFO     command: tesseract --list-langs
05:30:51 INFO     Loading plugin 'docling_defaults'
05:30:51 INFO     Registered layout engines: ['layout_object_detection', 'docling_layout_default', 'docling_experimental_table_crops_layout']
05:30:51 INFO     Accelerator device: 'cpu'
05:30:51 INFO     HTTP Request: GET https://huggingface.co/api/models/docling-project/docling-layout-heron/revision/main "HTTP/1.1 200 OK"
05:30:51 INFO     HTTP Request: HEAD https://huggingface.co/docling-project/docling-layout-heron/resolve/8f39ad3c0b4c58e9c2d2c84a38465abf757272d8/README.md "HTTP/1.1 307 Temporary Redirect"
05:30:51 INFO     HTTP Request: HEAD https://huggingface.co/api/resolve-cache/models/docling-project/docling-layout-heron/8f39ad3c0b4c58e9c2d2c84a38465abf757272d8/README.md "HTTP/1.1 200 OK"
05:30:51 INFO     HTTP Request: HEAD https://huggingface.co/docling-project/docling-layout-heron/resolve/8f39ad3c0b4c58e9c2d2c84a38465abf757272d8/docling_heron_400.png "HTTP/1.1 307 Temporary Redirect"
05:30:51 INFO     HTTP Request: GET https://huggingface.co/api/resolve-cache/models/docling-project/docling-layout-heron/8f39ad3c0b4c58e9c2d2c84a38465abf757272d8/README.md "HTTP/1.1 200 OK"
05:30:51 INFO     HTTP Request: HEAD https://huggingface.co/docling-project/docling-layout-heron/resolve/8f39ad3c0b4c58e9c2d2c84a38465abf757272d8/config.json "HTTP/1.1 307 Temporary Redirect"
05:30:51 INFO     HTTP Request: HEAD https://huggingface.co/docling-project/docling-layout-heron/resolve/8f39ad3c0b4c58e9c2d2c84a38465abf757272d8/preprocessor_config.json "HTTP/1.1 307 Temporary Redirect"
05:30:51 INFO     HTTP Request: HEAD https://huggingface.co/docling-project/docling-layout-heron/resolve/8f39ad3c0b4c58e9c2d2c84a38465abf757272d8/.gitattributes "HTTP/1.1 307 Temporary Redirect"
05:30:51 INFO     HTTP Request: HEAD https://huggingface.co/api/resolve-cache/models/docling-project/docling-layout-heron/8f39ad3c0b4c58e9c2d2c84a38465abf757272d8/docling_heron_400.png "HTTP/1.1 200 OK"
05:30:51 INFO     HTTP Request: HEAD https://huggingface.co/api/resolve-cache/models/docling-project/docling-layout-heron/8f39ad3c0b4c58e9c2d2c84a38465abf757272d8/config.json "HTTP/1.1 200 OK"
05:30:51 INFO     HTTP Request: HEAD https://huggingface.co/docling-project/docling-layout-heron/resolve/8f39ad3c0b4c58e9c2d2c84a38465abf757272d8/model.safetensors "HTTP/1.1 302 Found"
05:30:51 INFO     HTTP Request: HEAD https://huggingface.co/api/resolve-cache/models/docling-project/docling-layout-heron/8f39ad3c0b4c58e9c2d2c84a38465abf757272d8/preprocessor_config.json "HTTP/1.1 200 OK"
05:30:51 INFO     HTTP Request: HEAD https://huggingface.co/api/resolve-cache/models/docling-project/docling-layout-heron/8f39ad3c0b4c58e9c2d2c84a38465abf757272d8/.gitattributes "HTTP/1.1 200 OK"
05:30:52 INFO     HTTP Request: GET https://huggingface.co/api/resolve-cache/models/docling-project/docling-layout-heron/8f39ad3c0b4c58e9c2d2c84a38465abf757272d8/docling_heron_400.png "HTTP/1.1 200 OK"
05:30:52 INFO     HTTP Request: GET https://huggingface.co/api/resolve-cache/models/docling-project/docling-layout-heron/8f39ad3c0b4c58e9c2d2c84a38465abf757272d8/.gitattributes "HTTP/1.1 200 OK"
05:30:52 INFO     HTTP Request: GET https://huggingface.co/api/resolve-cache/models/docling-project/docling-layout-heron/8f39ad3c0b4c58e9c2d2c84a38465abf757272d8/config.json "HTTP/1.1 200 OK"
05:30:52 INFO     HTTP Request: GET https://huggingface.co/api/resolve-cache/models/docling-project/docling-layout-heron/8f39ad3c0b4c58e9c2d2c84a38465abf757272d8/preprocessor_config.json "HTTP/1.1 200 OK"
05:30:52 INFO     HTTP Request: GET https://huggingface.co/api/models/docling-project/docling-layout-heron/xet-read-token/8f39ad3c0b4c58e9c2d2c84a38465abf757272d8 "HTTP/1.1 200 OK"
05:30:53 INFO     Loading plugin 'docling_defaults'
05:30:53 INFO     Registered table structure engines: ['docling_tableformer', 'docling_tableformer_v2']
05:30:53 INFO     HTTP Request: GET https://huggingface.co/api/models/docling-project/docling-models/revision/v2.3.0 "HTTP/1.1 200 OK"
05:30:53 INFO     HTTP Request: HEAD https://huggingface.co/docling-project/docling-models/resolve/fc0f2d45e2218ea24bce5045f58a389aed16dc23/.gitignore "HTTP/1.1 307 Temporary Redirect"
05:30:53 INFO     HTTP Request: HEAD https://huggingface.co/docling-project/docling-models/resolve/fc0f2d45e2218ea24bce5045f58a389aed16dc23/README.md "HTTP/1.1 307 Temporary Redirect"
05:30:53 INFO     HTTP Request: HEAD https://huggingface.co/docling-project/docling-models/resolve/fc0f2d45e2218ea24bce5045f58a389aed16dc23/config.json "HTTP/1.1 307 Temporary Redirect"
05:30:53 INFO     HTTP Request: HEAD https://huggingface.co/api/resolve-cache/models/docling-project/docling-models/fc0f2d45e2218ea24bce5045f58a389aed16dc23/.gitignore "HTTP/1.1 200 OK"
05:30:53 INFO     HTTP Request: HEAD https://huggingface.co/docling-project/docling-models/resolve/fc0f2d45e2218ea24bce5045f58a389aed16dc23/model_artifacts/tableformer/accurate/tm_config.json "HTTP/1.1 307 Temporary Redirect"
05:30:53 INFO     HTTP Request: HEAD https://huggingface.co/docling-project/docling-models/resolve/fc0f2d45e2218ea24bce5045f58a389aed16dc23/model_artifacts/tableformer/accurate/tableformer_accurate.safetensors "HTTP/1.1 302 Found"
05:30:53 WARNING  Warning: You are sending unauthenticated requests to the HF Hub. Please set a HF_TOKEN to enable higher rate limits and faster downloads.
05:30:53 INFO     HTTP Request: HEAD https://huggingface.co/api/resolve-cache/models/docling-project/docling-models/fc0f2d45e2218ea24bce5045f58a389aed16dc23/README.md "HTTP/1.1 200 OK"
05:30:53 INFO     HTTP Request: HEAD https://huggingface.co/docling-project/docling-models/resolve/fc0f2d45e2218ea24bce5045f58a389aed16dc23/.gitattributes "HTTP/1.1 307 Temporary Redirect"
05:30:53 INFO     HTTP Request: HEAD https://huggingface.co/api/resolve-cache/models/docling-project/docling-models/fc0f2d45e2218ea24bce5045f58a389aed16dc23/config.json "HTTP/1.1 200 OK"
05:30:53 INFO     HTTP Request: HEAD https://huggingface.co/api/resolve-cache/models/docling-project/docling-models/fc0f2d45e2218ea24bce5045f58a389aed16dc23/model_artifacts%2Ftableformer%2Faccurate%2Ftm_config.json "HTTP/1.1 200 OK"
05:30:53 INFO     HTTP Request: HEAD https://huggingface.co/api/resolve-cache/models/docling-project/docling-models/fc0f2d45e2218ea24bce5045f58a389aed16dc23/.gitattributes "HTTP/1.1 200 OK"
05:30:53 INFO     HTTP Request: HEAD https://huggingface.co/docling-project/docling-models/resolve/fc0f2d45e2218ea24bce5045f58a389aed16dc23/model_artifacts/tableformer/fast/tm_config.json "HTTP/1.1 307 Temporary Redirect"
05:30:53 INFO     HTTP Request: HEAD https://huggingface.co/docling-project/docling-models/resolve/fc0f2d45e2218ea24bce5045f58a389aed16dc23/model_artifacts/tableformer/fast/tableformer_fast.safetensors "HTTP/1.1 302 Found"
05:30:53 INFO     HTTP Request: GET https://huggingface.co/api/resolve-cache/models/docling-project/docling-models/fc0f2d45e2218ea24bce5045f58a389aed16dc23/config.json "HTTP/1.1 200 OK"
05:30:53 INFO     HTTP Request: GET https://huggingface.co/api/resolve-cache/models/docling-project/docling-models/fc0f2d45e2218ea24bce5045f58a389aed16dc23/README.md "HTTP/1.1 200 OK"
05:30:53 INFO     HTTP Request: GET https://huggingface.co/api/resolve-cache/models/docling-project/docling-models/fc0f2d45e2218ea24bce5045f58a389aed16dc23/.gitignore "HTTP/1.1 200 OK"
05:30:53 INFO     HTTP Request: HEAD https://huggingface.co/api/resolve-cache/models/docling-project/docling-models/fc0f2d45e2218ea24bce5045f58a389aed16dc23/model_artifacts%2Ftableformer%2Ffast%2Ftm_config.json "HTTP/1.1 200 OK"
05:30:53 INFO     HTTP Request: GET https://huggingface.co/api/resolve-cache/models/docling-project/docling-models/fc0f2d45e2218ea24bce5045f58a389aed16dc23/model_artifacts%2Ftableformer%2Faccurate%2Ftm_config.json "HTTP/1.1 200 OK"
05:30:53 INFO     HTTP Request: GET https://huggingface.co/api/resolve-cache/models/docling-project/docling-models/fc0f2d45e2218ea24bce5045f58a389aed16dc23/.gitattributes "HTTP/1.1 200 OK"
05:30:53 INFO     HTTP Request: GET https://huggingface.co/api/resolve-cache/models/docling-project/docling-models/fc0f2d45e2218ea24bce5045f58a389aed16dc23/model_artifacts%2Ftableformer%2Ffast%2Ftm_config.json "HTTP/1.1 200 OK"
05:30:53 INFO     HTTP Request: GET https://huggingface.co/api/models/docling-project/docling-models/xet-read-token/fc0f2d45e2218ea24bce5045f58a389aed16dc23 "HTTP/1.1 200 OK"
05:30:53 INFO     HTTP Request: GET https://huggingface.co/api/models/docling-project/docling-models/xet-read-token/fc0f2d45e2218ea24bce5045f58a389aed16dc23 "HTTP/1.1 200 OK"
05:30:55 INFO     Accelerator device: 'cpu'
05:30:55 INFO     Processing document agu_ptd_2025_2027_anexo_de_entregas_assinado_assinado_assinado-copia_tarjada.pdf
05:30:56 INFO     command: tesseract --psm 0 -l osd /tmp/tmpg9gehlxt.png stdout
05:30:56 INFO     command: tesseract -l por /tmp/tmpg9gehlxt.png stdout tsv
05:30:59 INFO     command: tesseract --psm 0 -l osd /tmp/tmpbgldl6tc.png stdout
05:31:01 INFO     command: tesseract -l por /tmp/tmpbgldl6tc.png stdout tsv
05:31:20 INFO     Finished converting document agu_ptd_2025_2027_anexo_de_entregas_assinado_assinado_assinado-copia_tarjada.pdf in 29.12 sec.
05:31:20 INFO       pixel_budget (Docling) agu_ptd_2025_2027_anexo_de_entregas_assinado_assinado_assinado-copia_tarjada.pdf: 45.8% (área tabelas/1001817 px²)
05:31:20 INFO     [1/15] ✓ AGU       :   33 entregas | 29.1s | ETA ~6min
05:31:20 INFO     [2/15] → agu_ptd_2025_2027_docdiretivo_assinado_assinado_assinado-copia_tarjada.pdf
05:31:20 INFO     detected formats: [<InputFormat.PDF: 'pdf'>]
05:31:20 INFO     Going to convert document batch...
05:31:20 INFO     Processing document agu_ptd_2025_2027_docdiretivo_assinado_assinado_assinado-copia_tarjada.pdf
05:31:21 INFO     command: tesseract --psm 0 -l osd /tmp/tmp6nrjln6z.png stdout
05:31:21 INFO     command: tesseract -l por /tmp/tmp6nrjln6z.png stdout tsv
05:31:23 INFO     command: tesseract --psm 0 -l osd /tmp/tmp1puq6kwb.png stdout
05:31:25 INFO     command: tesseract -l por /tmp/tmp1puq6kwb.png stdout tsv
05:31:28 INFO     command: tesseract --psm 0 -l osd /tmp/tmp25a2u7lw.png stdout
05:31:29 INFO     command: tesseract -l por /tmp/tmp25a2u7lw.png stdout tsv
05:31:31 INFO     command: tesseract --psm 0 -l osd /tmp/tmp1x48fkav.png stdout
05:31:32 INFO     command: tesseract -l por /tmp/tmp1x48fkav.png stdout tsv
05:31:34 INFO     command: tesseract --psm 0 -l osd /tmp/tmp4yc15g9s.png stdout
05:31:35 INFO     command: tesseract -l por /tmp/tmp4yc15g9s.png stdout tsv
05:31:37 INFO     command: tesseract --psm 0 -l osd /tmp/tmpxyajluz7.png stdout
05:31:39 INFO     command: tesseract -l por /tmp/tmpxyajluz7.png stdout tsv
05:31:49 INFO     command: tesseract --psm 0 -l osd /tmp/tmpxipuxhi8.png stdout
05:31:50 INFO     command: tesseract -l por /tmp/tmpxipuxhi8.png stdout tsv
05:31:52 INFO     command: tesseract --psm 0 -l osd /tmp/tmpdkp4wqoe.png stdout
05:31:53 INFO     command: tesseract -l por /tmp/tmpdkp4wqoe.png stdout tsv
05:31:55 INFO     command: tesseract --psm 0 -l osd /tmp/tmp_8swkbxe.png stdout
05:31:56 INFO     command: tesseract -l por /tmp/tmp_8swkbxe.png stdout tsv
05:31:58 INFO     command: tesseract --psm 0 -l osd /tmp/tmpd_jmon1y.png stdout
05:32:00 INFO     command: tesseract -l por /tmp/tmpd_jmon1y.png stdout tsv
05:32:14 INFO     command: tesseract --psm 0 -l osd /tmp/tmpewt95fn7.png stdout
05:32:15 INFO     command: tesseract -l por /tmp/tmpewt95fn7.png stdout tsv
05:32:18 INFO     Finished converting document agu_ptd_2025_2027_docdiretivo_assinado_assinado_assinado-copia_tarjada.pdf in 57.67 sec.
05:32:18 INFO       pixel_budget (Docling) agu_ptd_2025_2027_docdiretivo_assinado_assinado_assinado-copia_tarjada.pdf: 2.1% (área tabelas/5513330 px²)
05:32:18 INFO     [2/15] ✓ AGU       :    6 entregas | 57.7s | ETA ~9min
05:32:18 INFO     [3/15] → anexo-de-entregas-mcom_ptd-25_27-copia_tarjada.pdf
05:32:18 INFO     detected formats: [<InputFormat.PDF: 'pdf'>]
05:32:18 INFO     Going to convert document batch...
05:32:18 INFO     Processing document anexo-de-entregas-mcom_ptd-25_27-copia_tarjada.pdf
05:32:19 INFO     command: tesseract --psm 0 -l osd /tmp/tmpmmm1gf9e.png stdout
05:32:20 INFO     command: tesseract -l por /tmp/tmpmmm1gf9e.png stdout tsv
05:32:23 INFO     command: tesseract --psm 0 -l osd /tmp/tmpduj1lqv9.png stdout
05:32:24 INFO     command: tesseract -l por /tmp/tmpduj1lqv9.png stdout tsv
05:32:38 INFO     command: tesseract --psm 0 -l osd /tmp/tmpubupfckh.png stdout
05:32:39 INFO     command: tesseract -l por /tmp/tmpubupfckh.png stdout tsv
05:32:59 INFO     Finished converting document anexo-de-entregas-mcom_ptd-25_27-copia_tarjada.pdf in 41.20 sec.
05:32:59 INFO       pixel_budget (Docling) anexo-de-entregas-mcom_ptd-25_27-copia_tarjada.pdf: 55.2% (área tabelas/1503636 px²)
05:32:59 INFO     [3/15] ✓ MCOM      :   55 entregas | 41.2s | ETA ~8min
05:32:59 INFO     [4/15] → documento-diretivo-mcom-_-ptd-25_27-copia_tarjada.pdf
05:32:59 INFO     detected formats: [<InputFormat.PDF: 'pdf'>]
05:32:59 INFO     Going to convert document batch...
05:32:59 INFO     Processing document documento-diretivo-mcom-_-ptd-25_27-copia_tarjada.pdf
05:33:00 INFO     command: tesseract --psm 0 -l osd /tmp/tmp8eesk4r8.png stdout
05:33:00 INFO     command: tesseract -l por /tmp/tmp8eesk4r8.png stdout tsv
05:33:02 INFO     command: tesseract --psm 0 -l osd /tmp/tmplo053bin.png stdout
05:33:04 INFO     command: tesseract -l por /tmp/tmplo053bin.png stdout tsv
05:33:10 INFO     command: tesseract --psm 0 -l osd /tmp/tmp_qnvlj20.png stdout
05:33:11 INFO     command: tesseract -l por /tmp/tmp_qnvlj20.png stdout tsv
05:33:12 INFO     command: tesseract --psm 0 -l osd /tmp/tmpygvsc2r3.png stdout
05:33:13 INFO     command: tesseract -l por /tmp/tmpygvsc2r3.png stdout tsv
05:33:15 INFO     command: tesseract --psm 0 -l osd /tmp/tmpee8uwp9s.png stdout
05:33:16 INFO     command: tesseract -l por /tmp/tmpee8uwp9s.png stdout tsv
05:33:18 INFO     command: tesseract --psm 0 -l osd /tmp/tmpb4t5nv2j.png stdout
05:33:20 INFO     command: tesseract -l por /tmp/tmpb4t5nv2j.png stdout tsv
05:33:32 INFO     command: tesseract --psm 0 -l osd /tmp/tmp83ut8786.png stdout
05:33:33 INFO     command: tesseract -l por /tmp/tmp83ut8786.png stdout tsv
05:33:37 INFO     command: tesseract --psm 0 -l osd /tmp/tmpl3nl1pz9.png stdout
05:33:37 INFO     command: tesseract -l por /tmp/tmpl3nl1pz9.png stdout tsv
05:33:40 INFO     command: tesseract --psm 0 -l osd /tmp/tmpazw1he58.png stdout
05:33:41 INFO     command: tesseract -l por /tmp/tmpazw1he58.png stdout tsv
05:33:43 INFO     command: tesseract --psm 0 -l osd /tmp/tmp7a7y6dp7.png stdout
05:33:44 INFO     command: tesseract -l por /tmp/tmp7a7y6dp7.png stdout tsv
05:33:49 INFO     command: tesseract --psm 0 -l osd /tmp/tmppuad4zr1.png stdout
05:33:50 INFO     command: tesseract -l por /tmp/tmppuad4zr1.png stdout tsv
05:33:56 INFO     command: tesseract --psm 0 -l osd /tmp/tmpuzplrhic.png stdout
05:33:56 INFO     command: tesseract -l por /tmp/tmpuzplrhic.png stdout tsv
05:33:58 INFO     command: tesseract --psm 0 -l osd /tmp/tmpt0in4j64.png stdout
05:33:59 INFO     command: tesseract -l por /tmp/tmpt0in4j64.png stdout tsv
05:34:01 INFO     command: tesseract --psm 0 -l osd /tmp/tmp6y3hsuh5.png stdout
05:34:02 INFO     command: tesseract -l por /tmp/tmp6y3hsuh5.png stdout tsv
05:34:08 INFO     Finished converting document documento-diretivo-mcom-_-ptd-25_27-copia_tarjada.pdf in 68.71 sec.
05:34:08 INFO       pixel_budget (Docling) documento-diretivo-mcom-_-ptd-25_27-copia_tarjada.pdf: 10.8% (área tabelas/7016966 px²)
05:34:08 WARNING  [4/15] ⚠ MCOM      :    0 entregas | 68.7s | ETA ~9min
05:34:08 INFO     [5/15] → fiocruz-ptd-06_2024-copia_tarjada.pdf
05:34:08 INFO     detected formats: [<InputFormat.PDF: 'pdf'>]
05:34:08 INFO     Going to convert document batch...
05:34:08 INFO     Initializing pipeline for StandardPdfPipeline with options hash d18651824ca6fe56cf3ccb20424ac2c8
05:34:08 INFO     Accelerator device: 'cpu'
05:34:08 INFO     HTTP Request: GET https://huggingface.co/api/models/docling-project/docling-layout-heron/revision/main "HTTP/1.1 200 OK"
05:34:09 INFO     HTTP Request: GET https://huggingface.co/api/models/docling-project/docling-models/revision/v2.3.0 "HTTP/1.1 200 OK"
05:34:09 INFO     Accelerator device: 'cpu'
05:34:09 INFO     Processing document fiocruz-ptd-06_2024-copia_tarjada.pdf
05:35:19 INFO     Finished converting document fiocruz-ptd-06_2024-copia_tarjada.pdf in 71.40 sec.
05:35:19 INFO       pixel_budget (Docling) fiocruz-ptd-06_2024-copia_tarjada.pdf: 36.4% (área tabelas/7518178 px²)
05:35:19 WARNING  [5/15] ⚠ FIOCRUZ   :    0 entregas | 71.4s | ETA ~8min
05:35:19 INFO     [6/15] → fiocruz_novo-ptd_2-1_docdiretivo_repactuacao_2024-2026_assinado_assinado-copia_tarjada.pdf
05:35:19 INFO     detected formats: [<InputFormat.PDF: 'pdf'>]
05:35:19 INFO     Going to convert document batch...
05:35:19 INFO     Processing document fiocruz_novo-ptd_2-1_docdiretivo_repactuacao_2024-2026_assinado_assinado-copia_tarjada.pdf
05:35:38 INFO     Finished converting document fiocruz_novo-ptd_2-1_docdiretivo_repactuacao_2024-2026_assinado_assinado-copia_tarjada.pdf in 18.33 sec.
05:35:38 INFO       pixel_budget (Docling) fiocruz_novo-ptd_2-1_docdiretivo_repactuacao_2024-2026_assinado_assinado-copia_tarjada.pdf: 11.3% (área tabelas/5012118 px²)
05:35:38 WARNING  [6/15] ⚠ FIOCRUZ   :    0 entregas | 18.3s | ETA ~7min
05:35:38 INFO     [7/15] → fiocruz_ptd_anexo_de_entregas_assinado_v1_assinado_assinado-1-copia_tarjada.pdf
05:35:38 INFO     detected formats: [<InputFormat.PDF: 'pdf'>]
05:35:38 INFO     Going to convert document batch...
05:35:38 INFO     Processing document fiocruz_ptd_anexo_de_entregas_assinado_v1_assinado_assinado-1-copia_tarjada.pdf
05:36:11 INFO     Finished converting document fiocruz_ptd_anexo_de_entregas_assinado_v1_assinado_assinado-1-copia_tarjada.pdf in 32.71 sec.
05:36:11 INFO       pixel_budget (Docling) fiocruz_ptd_anexo_de_entregas_assinado_v1_assinado_assinado-1-copia_tarjada.pdf: 54.7% (área tabelas/2004847 px²)
05:36:11 INFO     [7/15] ✓ FIOCRUZ   :   61 entregas | 32.7s | ETA ~6min
05:36:11 INFO     [8/15] → funai_anexo_de_entregas_repactuado_2026_2027_assinado_assinado_assinado.pdf
05:36:11 INFO     detected formats: [<InputFormat.PDF: 'pdf'>]
05:36:11 INFO     Going to convert document batch...
05:36:11 INFO     Processing document funai_anexo_de_entregas_repactuado_2026_2027_assinado_assinado_assinado.pdf
05:36:11 INFO     command: tesseract --psm 0 -l osd /tmp/tmpmq94xg32.png stdout
05:36:12 INFO     command: tesseract -l por /tmp/tmpmq94xg32.png stdout tsv
05:36:26 INFO     Finished converting document funai_anexo_de_entregas_repactuado_2026_2027_assinado_assinado_assinado.pdf in 15.29 sec.
05:36:26 INFO       pixel_budget (Docling) funai_anexo_de_entregas_repactuado_2026_2027_assinado_assinado_assinado.pdf: 49.8% (área tabelas/501212 px²)
05:36:26 INFO     [8/15] ✓ FUNAI     :   21 entregas | 15.3s | ETA ~4min
05:36:26 INFO     [9/15] → funai_ptd_2025_2027_docdiretivo_assinado-1_tarjado.pdf
05:36:26 INFO     detected formats: [<InputFormat.PDF: 'pdf'>]
05:36:26 INFO     Going to convert document batch...
05:36:26 INFO     Processing document funai_ptd_2025_2027_docdiretivo_assinado-1_tarjado.pdf
05:36:27 INFO     command: tesseract --psm 0 -l osd /tmp/tmpz92apkfy.png stdout
05:36:28 INFO     command: tesseract -l por /tmp/tmpz92apkfy.png stdout tsv
05:36:29 INFO     command: tesseract --psm 0 -l osd /tmp/tmpp7ybe7_d.png stdout
05:36:30 INFO     command: tesseract -l por /tmp/tmpp7ybe7_d.png stdout tsv
05:36:33 INFO     command: tesseract --psm 0 -l osd /tmp/tmpz5r4fwqg.png stdout
05:36:34 INFO     command: tesseract -l por /tmp/tmpz5r4fwqg.png stdout tsv
05:36:36 INFO     command: tesseract --psm 0 -l osd /tmp/tmphfr3ir5h.png stdout
05:36:37 INFO     command: tesseract -l por /tmp/tmphfr3ir5h.png stdout tsv
05:36:39 INFO     command: tesseract --psm 0 -l osd /tmp/tmpn378jhuz.png stdout
05:36:39 INFO     command: tesseract -l por /tmp/tmpn378jhuz.png stdout tsv
05:36:41 INFO     command: tesseract --psm 0 -l osd /tmp/tmpz0bz0vsl.png stdout
05:36:43 INFO     command: tesseract -l por /tmp/tmpz0bz0vsl.png stdout tsv
05:36:54 INFO     command: tesseract --psm 0 -l osd /tmp/tmpcmfsk17w.png stdout
05:36:54 INFO     command: tesseract -l por /tmp/tmpcmfsk17w.png stdout tsv
05:36:56 INFO     command: tesseract --psm 0 -l osd /tmp/tmpqreowx_g.png stdout
05:36:57 INFO     command: tesseract -l por /tmp/tmpqreowx_g.png stdout tsv
05:36:58 INFO     command: tesseract --psm 0 -l osd /tmp/tmp2cgjlpbu.png stdout
05:36:59 INFO     command: tesseract -l por /tmp/tmp2cgjlpbu.png stdout tsv
05:37:00 INFO     command: tesseract --psm 0 -l osd /tmp/tmp1s_h6jkn.png stdout
05:37:02 INFO     command: tesseract -l por /tmp/tmp1s_h6jkn.png stdout tsv
05:37:13 INFO     command: tesseract --psm 0 -l osd /tmp/tmpiv_7w7ly.png stdout
05:37:14 INFO     command: tesseract -l por /tmp/tmpiv_7w7ly.png stdout tsv
05:37:22 INFO     command: tesseract --psm 0 -l osd /tmp/tmp5auiu6v6.png stdout
05:37:23 INFO     command: tesseract -l por /tmp/tmp5auiu6v6.png stdout tsv
05:37:25 INFO     command: tesseract --psm 0 -l osd /tmp/tmp7zi5fqye.png stdout
05:37:25 INFO     command: tesseract -l por /tmp/tmp7zi5fqye.png stdout tsv
05:37:32 INFO     Finished converting document funai_ptd_2025_2027_docdiretivo_assinado-1_tarjado.pdf in 66.38 sec.
05:37:32 INFO       pixel_budget (Docling) funai_ptd_2025_2027_docdiretivo_assinado-1_tarjado.pdf: 16.4% (área tabelas/6515754 px²)
05:37:32 INFO     [9/15] ✓ FUNAI     :    8 entregas | 66.4s | ETA ~4min
05:37:32 INFO     [10/15] → incra_anexo_de_entregas_assinado-1_assinado_assinado-copia_tarjada.pdf
05:37:32 INFO     detected formats: [<InputFormat.PDF: 'pdf'>]
05:37:32 INFO     Going to convert document batch...
05:37:32 INFO     Processing document incra_anexo_de_entregas_assinado-1_assinado_assinado-copia_tarjada.pdf
05:37:33 INFO     command: tesseract --psm 0 -l osd /tmp/tmpfizras1b.png stdout
05:37:34 INFO     command: tesseract -l por /tmp/tmpfizras1b.png stdout tsv
05:37:37 INFO     command: tesseract --psm 0 -l osd /tmp/tmpufchf9ds.png stdout
05:37:39 INFO     command: tesseract -l por /tmp/tmpufchf9ds.png stdout tsv
05:37:43 INFO     command: tesseract --psm 0 -l osd /tmp/tmpthmqmkwa.png stdout
05:37:44 INFO     command: tesseract -l por /tmp/tmpthmqmkwa.png stdout tsv
05:37:45 INFO     command: tesseract --psm 0 -l osd /tmp/tmpqh1yqdlm.png stdout
05:37:47 INFO     command: tesseract -l por /tmp/tmpqh1yqdlm.png stdout tsv
05:37:49 INFO     command: tesseract --psm 0 -l osd /tmp/tmp7vvvdnmf.png stdout
05:37:50 INFO     command: tesseract -l por /tmp/tmp7vvvdnmf.png stdout tsv
05:39:22 INFO     Finished converting document incra_anexo_de_entregas_assinado-1_assinado_assinado-copia_tarjada.pdf in 109.69 sec.
05:39:22 INFO       pixel_budget (Docling) incra_anexo_de_entregas_assinado-1_assinado_assinado-copia_tarjada.pdf: 30.0% (área tabelas/2423520 px²)
05:39:22 INFO     [10/15] ✓ INCRA     :   10 entregas | 109.7s | ETA ~4min
05:39:22 INFO     [11/15] → incra_ptd_docdiretivo__assinado-1_assinado_assinado-copia_tarjada.pdf
05:39:22 INFO     detected formats: [<InputFormat.PDF: 'pdf'>]
05:39:22 INFO     Going to convert document batch...
05:39:22 INFO     Processing document incra_ptd_docdiretivo__assinado-1_assinado_assinado-copia_tarjada.pdf
05:39:23 INFO     command: tesseract --psm 0 -l osd /tmp/tmp7ozzrxz_.png stdout
05:39:24 INFO     command: tesseract -l por /tmp/tmp7ozzrxz_.png stdout tsv
05:39:26 INFO     command: tesseract --psm 0 -l osd /tmp/tmpwey8g0sb.png stdout
05:39:27 INFO     command: tesseract -l por /tmp/tmpwey8g0sb.png stdout tsv
05:39:34 INFO     command: tesseract --psm 0 -l osd /tmp/tmpyptok_kf.png stdout
05:39:34 INFO     command: tesseract -l por /tmp/tmpyptok_kf.png stdout tsv
05:39:36 INFO     command: tesseract --psm 0 -l osd /tmp/tmpo0x8e2uo.png stdout
05:39:37 INFO     command: tesseract -l por /tmp/tmpo0x8e2uo.png stdout tsv
05:39:39 INFO     command: tesseract --psm 0 -l osd /tmp/tmp1_l6tinh.png stdout
05:39:39 INFO     command: tesseract -l por /tmp/tmp1_l6tinh.png stdout tsv
05:39:42 INFO     command: tesseract --psm 0 -l osd /tmp/tmpzx6pu3qv.png stdout
05:39:43 INFO     command: tesseract -l por /tmp/tmpzx6pu3qv.png stdout tsv
05:40:00 INFO     command: tesseract --psm 0 -l osd /tmp/tmpmrp5pgdj.png stdout
05:40:01 INFO     command: tesseract -l por /tmp/tmpmrp5pgdj.png stdout tsv
05:40:02 INFO     command: tesseract --psm 0 -l osd /tmp/tmpjvt7utoi.png stdout
05:40:03 INFO     command: tesseract -l por /tmp/tmpjvt7utoi.png stdout tsv
05:40:05 INFO     command: tesseract --psm 0 -l osd /tmp/tmpb8qdjs8l.png stdout
05:40:05 INFO     command: tesseract -l por /tmp/tmpb8qdjs8l.png stdout tsv
05:40:07 INFO     command: tesseract --psm 0 -l osd /tmp/tmpg22aby89.png stdout
05:40:09 INFO     command: tesseract -l por /tmp/tmpg22aby89.png stdout tsv
05:40:15 INFO     command: tesseract --psm 0 -l osd /tmp/tmpk4aygi1h.png stdout
05:40:16 INFO     command: tesseract -l por /tmp/tmpk4aygi1h.png stdout tsv
05:40:28 INFO     command: tesseract --psm 0 -l osd /tmp/tmp1hnyl2hp.png stdout
05:40:28 INFO     command: tesseract -l por /tmp/tmp1hnyl2hp.png stdout tsv
05:40:30 INFO     command: tesseract --psm 0 -l osd /tmp/tmpr_rgsq3k.png stdout
05:40:31 INFO     command: tesseract -l por /tmp/tmpr_rgsq3k.png stdout tsv
05:40:39 INFO     Finished converting document incra_ptd_docdiretivo__assinado-1_assinado_assinado-copia_tarjada.pdf in 76.77 sec.
05:40:39 INFO       pixel_budget (Docling) incra_ptd_docdiretivo__assinado-1_assinado_assinado-copia_tarjada.pdf: 20.2% (área tabelas/6515754 px²)
05:40:39 INFO     [11/15] ✓ INCRA     :    9 entregas | 76.8s | ETA ~3min
05:40:39 INFO     [12/15] → iti_anexo_de_entregas_assinado.pdf
05:40:39 INFO     detected formats: [<InputFormat.PDF: 'pdf'>]
05:40:39 INFO     Going to convert document batch...
05:40:39 INFO     Processing document iti_anexo_de_entregas_assinado.pdf
05:40:40 INFO     command: tesseract --psm 0 -l osd /tmp/tmpxuqycof4.png stdout
05:40:40 INFO     command: tesseract -l por /tmp/tmpxuqycof4.png stdout tsv
05:40:57 INFO     Finished converting document iti_anexo_de_entregas_assinado.pdf in 17.83 sec.
05:40:57 INFO       pixel_budget (Docling) iti_anexo_de_entregas_assinado.pdf: 57.2% (área tabelas/501212 px²)
05:40:57 INFO     [12/15] ✓ ITI       :   31 entregas | 17.8s | ETA ~2min
05:40:57 INFO     [13/15] → iti_doc_diretivo_assinado-1_tarjado.pdf
05:40:57 INFO     detected formats: [<InputFormat.PDF: 'pdf'>]
05:40:57 INFO     Going to convert document batch...
05:40:57 INFO     Processing document iti_doc_diretivo_assinado-1_tarjado.pdf
05:40:57 INFO     command: tesseract --psm 0 -l osd /tmp/tmplkzcq699.png stdout
05:40:58 INFO     command: tesseract -l por /tmp/tmplkzcq699.png stdout tsv
05:41:00 INFO     command: tesseract --psm 0 -l osd /tmp/tmp7vcsmkgn.png stdout
05:41:01 INFO     command: tesseract -l por /tmp/tmp7vcsmkgn.png stdout tsv
05:41:05 INFO     command: tesseract --psm 0 -l osd /tmp/tmptojx0vry.png stdout
05:41:05 INFO     command: tesseract -l por /tmp/tmptojx0vry.png stdout tsv
05:41:07 INFO     command: tesseract --psm 0 -l osd /tmp/tmp_y9ygeq1.png stdout
05:41:08 INFO     command: tesseract -l por /tmp/tmp_y9ygeq1.png stdout tsv
05:41:10 INFO     command: tesseract --psm 0 -l osd /tmp/tmp0grc8k9x.png stdout
05:41:10 INFO     command: tesseract -l por /tmp/tmp0grc8k9x.png stdout tsv
05:41:13 INFO     command: tesseract --psm 0 -l osd /tmp/tmp853lgryh.png stdout
05:41:14 INFO     command: tesseract -l por /tmp/tmp853lgryh.png stdout tsv
05:41:26 INFO     command: tesseract --psm 0 -l osd /tmp/tmptiqfk0s7.png stdout
05:41:27 INFO     command: tesseract -l por /tmp/tmptiqfk0s7.png stdout tsv
05:41:30 INFO     command: tesseract --psm 0 -l osd /tmp/tmpgrbdztsi.png stdout
05:41:31 INFO     command: tesseract -l por /tmp/tmpgrbdztsi.png stdout tsv
05:41:33 INFO     command: tesseract --psm 0 -l osd /tmp/tmp8etk5wrz.png stdout
05:41:34 INFO     command: tesseract -l por /tmp/tmp8etk5wrz.png stdout tsv
05:41:36 INFO     command: tesseract --psm 0 -l osd /tmp/tmp0fempeza.png stdout
05:41:38 INFO     command: tesseract -l por /tmp/tmp0fempeza.png stdout tsv
05:41:51 INFO     command: tesseract --psm 0 -l osd /tmp/tmp4tq3grdb.png stdout
05:41:52 INFO     command: tesseract -l por /tmp/tmp4tq3grdb.png stdout tsv
05:41:55 INFO     Finished converting document iti_doc_diretivo_assinado-1_tarjado.pdf in 58.40 sec.
05:41:55 INFO       pixel_budget (Docling) iti_doc_diretivo_assinado-1_tarjado.pdf: 8.0% (área tabelas/5516339 px²)
05:41:55 INFO     [13/15] ✓ ITI       :    6 entregas | 58.4s | ETA ~1min
05:41:55 INFO     [14/15] → sgpr_ptd_2025_2027_anexo_de_entregas_assinado-copia_tarjada.pdf
05:41:55 INFO     detected formats: [<InputFormat.PDF: 'pdf'>]
05:41:55 INFO     Going to convert document batch...
05:41:55 INFO     Processing document sgpr_ptd_2025_2027_anexo_de_entregas_assinado-copia_tarjada.pdf
05:41:56 INFO     command: tesseract --psm 0 -l osd /tmp/tmpfw0cbc8o.png stdout
05:41:57 INFO     command: tesseract -l por /tmp/tmpfw0cbc8o.png stdout tsv
05:42:00 INFO     command: tesseract --psm 0 -l osd /tmp/tmpkkcwg6vy.png stdout
05:42:01 INFO     command: tesseract -l por /tmp/tmpkkcwg6vy.png stdout tsv
05:42:15 INFO     Finished converting document sgpr_ptd_2025_2027_anexo_de_entregas_assinado-copia_tarjada.pdf in 20.28 sec.
05:42:15 INFO       pixel_budget (Docling) sgpr_ptd_2025_2027_anexo_de_entregas_assinado-copia_tarjada.pdf: 29.5% (área tabelas/1002424 px²)
05:42:15 INFO     [14/15] ✓ SGPR      :   15 entregas | 20.3s | ETA ~49s
05:42:15 INFO     [15/15] → sgpr_ptd_2026_2027_docdiretivo_assinado-copia_tarjada.pdf
05:42:15 INFO     detected formats: [<InputFormat.PDF: 'pdf'>]
05:42:15 INFO     Going to convert document batch...
05:42:15 INFO     Processing document sgpr_ptd_2026_2027_docdiretivo_assinado-copia_tarjada.pdf
05:42:36 INFO     Finished converting document sgpr_ptd_2026_2027_docdiretivo_assinado-copia_tarjada.pdf in 20.21 sec.
05:42:36 INFO       pixel_budget (Docling) sgpr_ptd_2026_2027_docdiretivo_assinado-copia_tarjada.pdf: 8.2% (área tabelas/5513330 px²)
05:42:36 WARNING  [15/15] ⚠ SGPR      :    0 entregas | 20.2s | ETA ~0s
05:42:36 INFO     255 registros | 7 órgãos
05:42:36 INFO     ╔══════════════════════════════════════════════════════════════╗
05:42:36 INFO     ║                  ENTREGAS — fase concluída                   ║
05:42:36 INFO     ║  Processados: 15    |  ✓ 11  ⚠ 4                             ║
05:42:36 INFO     ║  Duração: 11.7 min                                           ║
05:42:36 INFO     ║  255 registros | 7 órgãos                                    ║
05:42:36 INFO     ╚══════════════════════════════════════════════════════════════╝
05:42:36 INFO     [1/7] → agu_ptd_2025_2027_docdiretivo_assinado_assinado_assinado-copia_tarjada.pdf
05:42:36 INFO     detected formats: [<InputFormat.PDF: 'pdf'>]
05:42:36 INFO     Going to convert document batch...
05:42:36 INFO     Processing document agu_ptd_2025_2027_docdiretivo_assinado_assinado_assinado-copia_tarjada.pdf
05:42:36 INFO     command: tesseract --psm 0 -l osd /tmp/tmp350gn05w.png stdout
05:42:36 INFO     command: tesseract -l por /tmp/tmp350gn05w.png stdout tsv
05:42:38 INFO     command: tesseract --psm 0 -l osd /tmp/tmpvp7zwmoh.png stdout
05:42:40 INFO     command: tesseract -l por /tmp/tmpvp7zwmoh.png stdout tsv
05:42:43 INFO     command: tesseract --psm 0 -l osd /tmp/tmp3qot_1mv.png stdout
05:42:43 INFO     command: tesseract -l por /tmp/tmp3qot_1mv.png stdout tsv
05:42:46 INFO     command: tesseract --psm 0 -l osd /tmp/tmpbwfcenwy.png stdout
05:42:46 INFO     command: tesseract -l por /tmp/tmpbwfcenwy.png stdout tsv
05:42:49 INFO     command: tesseract --psm 0 -l osd /tmp/tmpi1tmwsxq.png stdout
05:42:49 INFO     command: tesseract -l por /tmp/tmpi1tmwsxq.png stdout tsv
05:42:52 INFO     command: tesseract --psm 0 -l osd /tmp/tmpljkvu75b.png stdout
05:42:53 INFO     command: tesseract -l por /tmp/tmpljkvu75b.png stdout tsv
05:43:04 INFO     command: tesseract --psm 0 -l osd /tmp/tmpjkjndod8.png stdout
05:43:05 INFO     command: tesseract -l por /tmp/tmpjkjndod8.png stdout tsv
05:43:07 INFO     command: tesseract --psm 0 -l osd /tmp/tmppt8ke6s0.png stdout
05:43:08 INFO     command: tesseract -l por /tmp/tmppt8ke6s0.png stdout tsv
05:43:10 INFO     command: tesseract --psm 0 -l osd /tmp/tmpp1ngvc7v.png stdout
05:43:11 INFO     command: tesseract -l por /tmp/tmpp1ngvc7v.png stdout tsv
05:43:13 INFO     command: tesseract --psm 0 -l osd /tmp/tmp6puvyy7w.png stdout
05:43:15 INFO     command: tesseract -l por /tmp/tmp6puvyy7w.png stdout tsv
05:43:31 INFO     command: tesseract --psm 0 -l osd /tmp/tmp3qw_80fr.png stdout
05:43:32 INFO     command: tesseract -l por /tmp/tmp3qw_80fr.png stdout tsv
05:43:35 INFO     Finished converting document agu_ptd_2025_2027_docdiretivo_assinado_assinado_assinado-copia_tarjada.pdf in 59.48 sec.
05:43:35 INFO     [1/7] ✓ AGU       :   7 riscos | 59.5s | ETA ~5min
05:43:35 INFO     [2/7] → documento-diretivo-mcom-_-ptd-25_27-copia_tarjada.pdf
05:43:35 INFO     detected formats: [<InputFormat.PDF: 'pdf'>]
05:43:35 INFO     Going to convert document batch...
05:43:35 INFO     Processing document documento-diretivo-mcom-_-ptd-25_27-copia_tarjada.pdf
05:43:36 INFO     command: tesseract --psm 0 -l osd /tmp/tmp7n1l7ye0.png stdout
05:43:36 INFO     command: tesseract -l por /tmp/tmp7n1l7ye0.png stdout tsv
05:43:39 INFO     command: tesseract --psm 0 -l osd /tmp/tmpq53mic5a.png stdout
05:43:40 INFO     command: tesseract -l por /tmp/tmpq53mic5a.png stdout tsv
05:43:46 INFO     command: tesseract --psm 0 -l osd /tmp/tmp_53k6y2x.png stdout
05:43:47 INFO     command: tesseract -l por /tmp/tmp_53k6y2x.png stdout tsv
05:43:48 INFO     command: tesseract --psm 0 -l osd /tmp/tmpzmx3s8xy.png stdout
05:43:49 INFO     command: tesseract -l por /tmp/tmpzmx3s8xy.png stdout tsv
05:43:51 INFO     command: tesseract --psm 0 -l osd /tmp/tmpqo8wu7et.png stdout
05:43:51 INFO     command: tesseract -l por /tmp/tmpqo8wu7et.png stdout tsv
05:43:54 INFO     command: tesseract --psm 0 -l osd /tmp/tmpq1n5769s.png stdout
05:43:55 INFO     command: tesseract -l por /tmp/tmpq1n5769s.png stdout tsv
05:44:07 INFO     command: tesseract --psm 0 -l osd /tmp/tmp_o3bowvn.png stdout
05:44:08 INFO     command: tesseract -l por /tmp/tmp_o3bowvn.png stdout tsv
05:44:12 INFO     command: tesseract --psm 0 -l osd /tmp/tmpbzrs0x1c.png stdout
05:44:13 INFO     command: tesseract -l por /tmp/tmpbzrs0x1c.png stdout tsv
05:44:15 INFO     command: tesseract --psm 0 -l osd /tmp/tmp6spvgal3.png stdout
05:44:16 INFO     command: tesseract -l por /tmp/tmp6spvgal3.png stdout tsv
05:44:18 INFO     command: tesseract --psm 0 -l osd /tmp/tmpphw2yxm4.png stdout
05:44:19 INFO     command: tesseract -l por /tmp/tmpphw2yxm4.png stdout tsv
05:44:26 INFO     command: tesseract --psm 0 -l osd /tmp/tmp80qq1kid.png stdout
05:44:27 INFO     command: tesseract -l por /tmp/tmp80qq1kid.png stdout tsv
05:44:32 INFO     command: tesseract --psm 0 -l osd /tmp/tmpwbrpyshl.png stdout
05:44:33 INFO     command: tesseract -l por /tmp/tmpwbrpyshl.png stdout tsv
05:44:35 INFO     command: tesseract --psm 0 -l osd /tmp/tmp11ztv64v.png stdout
05:44:35 INFO     command: tesseract -l por /tmp/tmp11ztv64v.png stdout tsv
05:44:38 INFO     command: tesseract --psm 0 -l osd /tmp/tmpgijw0ud9.png stdout
05:44:38 INFO     command: tesseract -l por /tmp/tmpgijw0ud9.png stdout tsv
05:44:45 INFO     Finished converting document documento-diretivo-mcom-_-ptd-25_27-copia_tarjada.pdf in 69.49 sec.
05:44:45 INFO     [2/7] ✓ MCOM      :  14 riscos | 69.5s | ETA ~5min
05:44:45 INFO     [3/7] → fiocruz_novo-ptd_2-1_docdiretivo_repactuacao_2024-2026_assinado_assinado-copia_tarjada.pdf
05:44:45 INFO     detected formats: [<InputFormat.PDF: 'pdf'>]
05:44:45 INFO     Going to convert document batch...
05:44:45 INFO     Processing document fiocruz_novo-ptd_2-1_docdiretivo_repactuacao_2024-2026_assinado_assinado-copia_tarjada.pdf
05:45:03 INFO     Finished converting document fiocruz_novo-ptd_2-1_docdiretivo_repactuacao_2024-2026_assinado_assinado-copia_tarjada.pdf in 18.57 sec.
05:45:03 INFO     [3/7] ✓ FIOCRUZ   :   6 riscos | 18.6s | ETA ~3min
05:45:03 INFO     [4/7] → funai_ptd_2025_2027_docdiretivo_assinado-1_tarjado.pdf
05:45:03 INFO     detected formats: [<InputFormat.PDF: 'pdf'>]
05:45:03 INFO     Going to convert document batch...
05:45:03 INFO     Processing document funai_ptd_2025_2027_docdiretivo_assinado-1_tarjado.pdf
05:45:04 INFO     command: tesseract --psm 0 -l osd /tmp/tmpyxgxpo50.png stdout
05:45:05 INFO     command: tesseract -l por /tmp/tmpyxgxpo50.png stdout tsv
05:45:06 INFO     command: tesseract --psm 0 -l osd /tmp/tmp30c6ff63.png stdout
05:45:08 INFO     command: tesseract -l por /tmp/tmp30c6ff63.png stdout tsv
05:45:11 INFO     command: tesseract --psm 0 -l osd /tmp/tmpw_6haumo.png stdout
05:45:12 INFO     command: tesseract -l por /tmp/tmpw_6haumo.png stdout tsv
05:45:14 INFO     command: tesseract --psm 0 -l osd /tmp/tmp3e_xtc4c.png stdout
05:45:15 INFO     command: tesseract -l por /tmp/tmp3e_xtc4c.png stdout tsv
05:45:17 INFO     command: tesseract --psm 0 -l osd /tmp/tmp0rxd3i0r.png stdout
05:45:17 INFO     command: tesseract -l por /tmp/tmp0rxd3i0r.png stdout tsv
05:45:20 INFO     command: tesseract --psm 0 -l osd /tmp/tmpi_xg6016.png stdout
05:45:21 INFO     command: tesseract -l por /tmp/tmpi_xg6016.png stdout tsv
05:45:31 INFO     command: tesseract --psm 0 -l osd /tmp/tmp0xokfgxy.png stdout
05:45:32 INFO     command: tesseract -l por /tmp/tmp0xokfgxy.png stdout tsv
05:45:33 INFO     command: tesseract --psm 0 -l osd /tmp/tmpu6dtbv2h.png stdout
05:45:34 INFO     command: tesseract -l por /tmp/tmpu6dtbv2h.png stdout tsv
05:45:35 INFO     command: tesseract --psm 0 -l osd /tmp/tmpy_b1cz6x.png stdout
05:45:36 INFO     command: tesseract -l por /tmp/tmpy_b1cz6x.png stdout tsv
05:45:38 INFO     command: tesseract --psm 0 -l osd /tmp/tmp9v_sjijj.png stdout
05:45:39 INFO     command: tesseract -l por /tmp/tmp9v_sjijj.png stdout tsv
05:45:52 INFO     command: tesseract --psm 0 -l osd /tmp/tmpffoizaoo.png stdout
05:45:53 INFO     command: tesseract -l por /tmp/tmpffoizaoo.png stdout tsv
05:46:00 INFO     command: tesseract --psm 0 -l osd /tmp/tmpw62p9yit.png stdout
05:46:01 INFO     command: tesseract -l por /tmp/tmpw62p9yit.png stdout tsv
05:46:03 INFO     command: tesseract --psm 0 -l osd /tmp/tmpuj3lj5d9.png stdout
05:46:03 INFO     command: tesseract -l por /tmp/tmpuj3lj5d9.png stdout tsv
05:46:10 INFO     Finished converting document funai_ptd_2025_2027_docdiretivo_assinado-1_tarjado.pdf in 67.03 sec.
05:46:10 INFO     [4/7] ✓ FUNAI     :  15 riscos | 67.0s | ETA ~2min
05:46:10 INFO     [5/7] → incra_ptd_docdiretivo__assinado-1_assinado_assinado-copia_tarjada.pdf
05:46:10 INFO     detected formats: [<InputFormat.PDF: 'pdf'>]
05:46:10 INFO     Going to convert document batch...
05:46:10 INFO     Processing document incra_ptd_docdiretivo__assinado-1_assinado_assinado-copia_tarjada.pdf
05:46:11 INFO     command: tesseract --psm 0 -l osd /tmp/tmpxbnxuepf.png stdout
05:46:12 INFO     command: tesseract -l por /tmp/tmpxbnxuepf.png stdout tsv
05:46:14 INFO     command: tesseract --psm 0 -l osd /tmp/tmpab386xmf.png stdout
05:46:15 INFO     command: tesseract -l por /tmp/tmpab386xmf.png stdout tsv
05:46:22 INFO     command: tesseract --psm 0 -l osd /tmp/tmpsnl8iuyi.png stdout
05:46:22 INFO     command: tesseract -l por /tmp/tmpsnl8iuyi.png stdout tsv
05:46:24 INFO     command: tesseract --psm 0 -l osd /tmp/tmpsuejmws8.png stdout
05:46:25 INFO     command: tesseract -l por /tmp/tmpsuejmws8.png stdout tsv
05:46:27 INFO     command: tesseract --psm 0 -l osd /tmp/tmpbpv4qngk.png stdout
05:46:27 INFO     command: tesseract -l por /tmp/tmpbpv4qngk.png stdout tsv
05:46:30 INFO     command: tesseract --psm 0 -l osd /tmp/tmp4jcyj2jz.png stdout
05:46:31 INFO     command: tesseract -l por /tmp/tmp4jcyj2jz.png stdout tsv
05:46:43 INFO     command: tesseract --psm 0 -l osd /tmp/tmp_r0p4csd.png stdout
05:46:44 INFO     command: tesseract -l por /tmp/tmp_r0p4csd.png stdout tsv
05:46:46 INFO     command: tesseract --psm 0 -l osd /tmp/tmp8jj1zph_.png stdout
05:46:47 INFO     command: tesseract -l por /tmp/tmp8jj1zph_.png stdout tsv
05:46:49 INFO     command: tesseract --psm 0 -l osd /tmp/tmp7fvl2clh.png stdout
05:46:49 INFO     command: tesseract -l por /tmp/tmp7fvl2clh.png stdout tsv
05:46:51 INFO     command: tesseract --psm 0 -l osd /tmp/tmpqjmqot1o.png stdout
05:46:53 INFO     command: tesseract -l por /tmp/tmpqjmqot1o.png stdout tsv
05:46:57 INFO     command: tesseract --psm 0 -l osd /tmp/tmp_76t48_8.png stdout
05:46:58 INFO     command: tesseract -l por /tmp/tmp_76t48_8.png stdout tsv
05:47:07 INFO     command: tesseract --psm 0 -l osd /tmp/tmphkgedbt1.png stdout
05:47:08 INFO     command: tesseract -l por /tmp/tmphkgedbt1.png stdout tsv
05:47:11 INFO     command: tesseract --psm 0 -l osd /tmp/tmpbdljgl63.png stdout
05:47:11 INFO     command: tesseract -l por /tmp/tmpbdljgl63.png stdout tsv
05:47:19 INFO     Finished converting document incra_ptd_docdiretivo__assinado-1_assinado_assinado-copia_tarjada.pdf in 69.18 sec.
05:47:19 INFO     [5/7] ✓ INCRA     :  15 riscos | 69.2s | ETA ~1min
05:47:19 INFO     [6/7] → iti_doc_diretivo_assinado-1_tarjado.pdf
05:47:19 INFO     detected formats: [<InputFormat.PDF: 'pdf'>]
05:47:19 INFO     Going to convert document batch...
05:47:19 INFO     Processing document iti_doc_diretivo_assinado-1_tarjado.pdf
05:47:20 INFO     command: tesseract --psm 0 -l osd /tmp/tmpqu6cio9t.png stdout
05:47:20 INFO     command: tesseract -l por /tmp/tmpqu6cio9t.png stdout tsv
05:47:22 INFO     command: tesseract --psm 0 -l osd /tmp/tmpc4g4vvir.png stdout
05:47:24 INFO     command: tesseract -l por /tmp/tmpc4g4vvir.png stdout tsv
05:47:28 INFO     command: tesseract --psm 0 -l osd /tmp/tmpugsh4533.png stdout
05:47:29 INFO     command: tesseract -l por /tmp/tmpugsh4533.png stdout tsv
05:47:31 INFO     command: tesseract --psm 0 -l osd /tmp/tmpqmpeexgy.png stdout
05:47:32 INFO     command: tesseract -l por /tmp/tmpqmpeexgy.png stdout tsv
05:47:33 INFO     command: tesseract --psm 0 -l osd /tmp/tmp1n_f7sia.png stdout
05:47:34 INFO     command: tesseract -l por /tmp/tmp1n_f7sia.png stdout tsv
05:47:36 INFO     command: tesseract --psm 0 -l osd /tmp/tmpkxpsoqnb.png stdout
05:47:38 INFO     command: tesseract -l por /tmp/tmpkxpsoqnb.png stdout tsv
05:47:51 INFO     command: tesseract --psm 0 -l osd /tmp/tmp9gqdsoia.png stdout
05:47:52 INFO     command: tesseract -l por /tmp/tmp9gqdsoia.png stdout tsv
05:47:54 INFO     command: tesseract --psm 0 -l osd /tmp/tmphu5lwdfm.png stdout
05:47:55 INFO     command: tesseract -l por /tmp/tmphu5lwdfm.png stdout tsv
05:47:57 INFO     command: tesseract --psm 0 -l osd /tmp/tmphdywchk9.png stdout
05:47:58 INFO     command: tesseract -l por /tmp/tmphdywchk9.png stdout tsv
05:48:00 INFO     command: tesseract --psm 0 -l osd /tmp/tmpqrspkij2.png stdout
05:48:01 INFO     command: tesseract -l por /tmp/tmpqrspkij2.png stdout tsv
05:48:08 INFO     command: tesseract --psm 0 -l osd /tmp/tmpzztx5r82.png stdout
05:48:09 INFO     command: tesseract -l por /tmp/tmpzztx5r82.png stdout tsv
05:48:17 INFO     Finished converting document iti_doc_diretivo_assinado-1_tarjado.pdf in 57.62 sec.
05:48:17 INFO     [6/7] ✓ ITI       :  14 riscos | 57.6s | ETA ~57s
05:48:17 INFO     [7/7] → sgpr_ptd_2026_2027_docdiretivo_assinado-copia_tarjada.pdf
05:48:17 INFO     detected formats: [<InputFormat.PDF: 'pdf'>]
05:48:17 INFO     Going to convert document batch...
05:48:17 INFO     Processing document sgpr_ptd_2026_2027_docdiretivo_assinado-copia_tarjada.pdf
05:48:37 INFO     Finished converting document sgpr_ptd_2026_2027_docdiretivo_assinado-copia_tarjada.pdf in 20.44 sec.
05:48:37 INFO     [7/7] ✓ SGPR      :  10 riscos | 20.5s | ETA ~0s
05:48:37 INFO     ╔══════════════════════════════════════════════════════════════╗
05:48:37 INFO     ║                   RISCOS — fase concluída                    ║
05:48:37 INFO     ║  Processados: 7     |  ✓ 7  ⚠ 0                              ║
05:48:37 INFO     ║  Duração: 6.0 min                                            ║
05:48:37 INFO     ║  81 riscos | 7 órgãos                                        ║
05:48:37 INFO     ╚══════════════════════════════════════════════════════════════╝
05:48:37 INFO     81 riscos | 0 ações | 135 relações
05:48:37 INFO     ptd_corpus_raw                     : 255 linhas
05:48:37 INFO     ptd_pivot_eixos                    : 7 linhas
05:48:41 INFO     ptd_datas_assinatura               : 132 linhas
05:48:41 INFO     ptd_riscos                         : 81 linhas
05:48:41 INFO     ptd_riscos_acoes                   : 135 linhas
05:48:41 INFO     Manifesto salvo: pipeline_manifest.json | SHA-256 de 132 PDFs
05:48:41 INFO     ==================================================
05:48:41 INFO     PTD-BR v3.0-melhorado — PIPELINE CONCLUÍDO
05:48:41 INFO     ==================================================
05:48:41 INFO     ptd_corpus_raw.csv                        155 KB
05:48:41 INFO     ptd_pivot_eixos.csv                         0 KB
05:48:41 INFO     ptd_datas_assinatura.csv                    9 KB
05:48:41 INFO     ptd_riscos.csv                             23 KB
05:48:41 INFO     ptd_riscos_acoes.csv                        2 KB
05:48:41 INFO     proveniencia.json                           0 KB
05:48:41 INFO     pipeline_manifest.json                     20 KB
05:48:41 INFO     📦 Artefatos: https://github.com/freirelucas/teste/actions/runs/23972157595
05:48:41 INFO     ==================================================
