10:47:40 INFO     Docling disponível
10:47:40 WARNING  OCR fallback indisponível (IndentationError: unexpected indent (ptd_ocr_fallback.py, line 45))
10:47:41 INFO     Ignorado (guia/template/norma): ABNT-NBR-17225-Acessibilidade-Digital.pdf
10:47:41 INFO     Ignorado (guia/template/norma): cgrep-guia10passos-ptd-orgao.pdf
10:47:41 INFO     Ignorado (guia/template/norma): ABNT-NBR-17225-Acessibilidade-Digital.pdf
10:47:41 INFO     Scraping: 132 PDFs únicos | entregas: 68 | diretivos: 61
10:47:41 INFO     Baixando 132 PDFs únicos...
10:47:43 INFO     ✓ [  1/132] abin_ptd_anexo_de_entregas_assinado_pelo_orgao_ass   293.3KB
10:47:46 INFO     ✓ [  2/132] aeb_ptd_2025_2027_docdiretivo_aprovado_assinado-1_  1033.7KB
10:47:48 INFO     ✓ [  3/132] aeb_ptd_2025_2027_anexo_de_entregas_aprovado_assin   154.5KB
10:47:54 INFO     ✓ [  4/132] agu_ptd_2025_2027_docdiretivo_assinado_assinado_as  2860.3KB
10:47:56 INFO     ✓ [  5/132] agu_ptd_2025_2027_anexo_de_entregas_assinado_assin   525.5KB
10:47:59 INFO     ✓ [  6/132] ana_ptd_2025_2027_docdiretivo_assinado_assinado_as   477.2KB
10:48:01 INFO     ✓ [  7/132] ana_ptd_2025_2027_anexoentregas_assinado_assinado_   170.9KB
10:48:04 INFO     ✓ [  8/132] anac_ptd_2025_2026_docdiretivo_se_assinado_tarjado  1036.3KB
10:48:07 INFO     ✓ [  9/132] anac_ptd_2025_2026_anexo_de_entregas_se_assinado.p   215.2KB
10:48:10 INFO     ✓ [ 10/132] anatel_ptd_docdiretivo_assinado_2025_2026_assinado  1006.0KB
10:48:12 INFO     ✓ [ 11/132] anatel_ptd_2025_2026_anexo_de_entregas_do_ptd_publ    71.9KB
10:48:15 INFO     ✓ [ 12/132] ancine_ptd_2024_2026_docdiretivo_assinado-2_assina   961.8KB
10:48:18 INFO     ✓ [ 13/132] ancine_ptd_2024_2026_-_anexo_de_entregas_aprovado_   613.2KB
10:48:21 INFO     ✓ [ 14/132] ptd_aneel_2025-2027_docdiretivo_assinado_tarjado.p   779.6KB
10:48:23 INFO     ✓ [ 15/132] ptd_aneel_2025-2027_anexo_de_entregas_assinado.pdf   111.9KB
10:48:26 INFO     ✓ [ 16/132] anm_ptd_2025_2027_docdiretivo_assinadopeloorgao_ta  1092.5KB
10:48:29 INFO     ✓ [ 17/132] anm_ptd_2025_2027_anexo_entregas_assinadopeloorgao  1140.4KB
10:48:33 INFO     ✓ [ 18/132] anpd_ptd_2025_2027_docdiretivo_assinado_assinado_a  1044.3KB
10:48:35 INFO     ✓ [ 19/132] anpd_ptd_2025_2027_anexo_de_entregas_assinado_assi   166.5KB
10:48:38 INFO     ✓ [ 20/132] ans-plano_de_transformacao_digital_assinado-copia_  1023.4KB
10:48:40 INFO     ✓ [ 21/132] ans_ptd_2025_2026_anexo_de_entregas_assinado_assin   124.1KB
10:48:43 INFO     ✓ [ 22/132] antaq_ptd_2025_2027_docdiretivo_assinado_assinado_  1039.8KB
10:48:45 INFO     ✓ [ 23/132] antaq_ptd_2025_2027_anexoentregas_assinado_assinad   145.1KB
10:48:48 INFO     ✓ [ 24/132] mt_anexo_de_entregas_-_assinado_assinado_assinado_   143.6KB
10:48:56 INFO     ✓ [ 25/132] anvisa_ptd_docdiretivo_2025-2026_assinado_assinado  5771.2KB
10:48:58 INFO     ✓ [ 26/132] anvisa_ptd_anexo_de_entregas_2025_2026_assinado_as   239.0KB
10:49:01 INFO     ✓ [ 27/132] bcb_documento_diretivo_assinado_assinado_assinado-   713.7KB
10:49:03 INFO     ✓ [ 28/132] bcb_anexo_de_entregas_ptd_25_26-1_assinado_assinad   134.8KB
10:49:06 INFO     ✓ [ 29/132] cade_ptd_docdiretivo_2025_2026_assinado-2_assinado   810.4KB
10:49:09 INFO     ✓ [ 30/132] cade_ptd_anexo_de_entregas_2025_2026_assinado_copi   504.0KB
10:49:12 INFO     ✓ [ 31/132] mec_ptd_docdiretivo_2025-2026_sei_mec-5566673_copi   863.1KB
10:49:14 INFO     ✓ [ 32/132] mec_ptd_anexo-de-entregas_sei_mec-5576401_copia_ta   495.7KB
10:49:18 INFO     ✓ [ 33/132] mec_ptd_docdiretivo-versao-comunicacao_copia_tarja  1616.5KB
10:49:21 INFO     ✓ [ 34/132] md_ptd_2026_2027_anexo_de_entregas_assinado_assina   579.4KB
10:49:23 INFO     ✓ [ 35/132] md_ptd_2026_2027_anexo_de_entregas_assinado_assina   186.8KB
10:49:26 INFO     ✓ [ 36/132] md_ptd_temp_copia_tarjada.pdf                        741.9KB
10:49:29 INFO     ✓ [ 37/132] cgu_ptd_docdiretivo_assinado_assinado_assinado-cop  1085.4KB
10:49:32 INFO     ✓ [ 38/132] cgu_ptd_anexo_de_entregas_pactuadas_assinado_assin   514.1KB
10:49:35 INFO     ✓ [ 39/132] cnpq_ptd_2025_2027_docdiretivo_assinado_assinado_a   342.9KB
10:49:37 INFO     ✓ [ 40/132] cnpq_ptd_2025_2027_anexo_de_entregas_assinado_assi   136.1KB
10:49:40 INFO     ✓ [ 41/132] coaf_ptd_2025_2026_documento_diretivo_assinado_ass  1068.0KB
10:49:46 INFO     ✓ [ 42/132] coaf_ptd_2025_2026_anexo_de_entregas-2_assinado_as  3184.5KB
10:49:52 INFO     ✓ [ 43/132] ptd_midr-docdiretivo_aprovado_assinado_tarjado.pdf  3864.1KB
10:49:55 INFO     ✓ [ 44/132] ptd_midr_-_anexo_de_entregas_-_aprovado_assinado.p  1122.0KB
10:49:58 INFO     ✓ [ 45/132] mda-documento-diretivo-assinado_ptd-2025-207-copia   955.8KB
10:50:00 INFO     ✓ [ 46/132] cvm_ptd_2025_2027_docdiretivo_assinado_assinado_as   270.5KB
10:50:03 INFO     ✓ [ 47/132] cvm_ptd_2025_2027_anexoentregas_assinado_assinado_   409.0KB
10:50:06 INFO     ✓ [ 48/132] dnocs_ptd_doc_diretivo_2025_2026_assinado_orgao-2_   891.1KB
10:50:08 INFO     ✓ [ 49/132] dnocs_anexo_de_entregas_repactuado_2025_2026_assin   272.3KB
10:50:13 INFO     ✓ [ 50/132] fbn_ptd_2025_2027_docdiretivo_assinado-1_tarjado.p  2921.6KB
10:50:15 INFO     ✓ [ 51/132] fbn_ptd_2025_2027_anexo_de_entregas_assinado-1.pdf   162.3KB
10:50:19 INFO     ✓ [ 52/132] fcp_ptd_2025_2027_docdiretivo_assinado-1_tarjado.p  1612.0KB
10:50:21 INFO     ✓ [ 53/132] fcp_ptd_2025_2027_anexo_de_entregas_assinado-1.pdf   118.8KB
10:50:24 INFO     ✓ [ 54/132] fcrb_ptd_2025_2026_docdiretivo_aprovado_assinado-1   998.2KB
10:50:27 INFO     ✓ [ 55/132] fcrb_ptd_2025_2026_anexo_de_entregas_aprovado_assi   313.5KB
10:50:30 INFO     ✓ [ 56/132] fiocruz_novo-ptd_2-1_docdiretivo_repactuacao_2024-  1318.1KB
10:50:33 INFO     ✓ [ 57/132] fiocruz_ptd_anexo_de_entregas_assinado_v1_assinado   257.1KB
10:50:36 INFO     ✓ [ 58/132] fiocruz-ptd-06_2024-copia_tarjada.pdf               1693.8KB
10:50:40 INFO     ✓ [ 59/132] funai_ptd_2025_2027_docdiretivo_assinado-1_tarjado  1842.1KB
10:50:43 INFO     ✓ [ 60/132] funai_anexo_de_entregas_repactuado_2026_2027_assin   435.7KB
10:50:46 INFO     ✓ [ 61/132] funarte_ptd_docdiretivo_assinado_21_01_2025_assina   965.7KB
10:50:49 INFO     ✓ [ 62/132] funarte_ptd_anexo_de_entregas_assinado_v1_assinado   683.6KB
10:50:51 INFO     ✓ [ 63/132] fundacentro_ptd_2025_2027_docdiretivo_assinado_ass   826.6KB
10:50:54 INFO     ✓ [ 64/132] fundacentro_ptd_2025_2027_anexo_de_entregas_assina   635.5KB
10:50:57 INFO     ✓ [ 65/132] mma_ptd_docdiretivo_assinado_2025_2026-1_assinado_   949.3KB
10:50:59 INFO     ✓ [ 66/132] mma_ptd_anexo_de_entregas_aprovado_final_assinado_   174.8KB
10:51:03 INFO     ✓ [ 67/132] ibge_docdiretivo_2025_assinado_assinado_assinado-c  1167.3KB
10:51:05 INFO     ✓ [ 68/132] ibge_ptd_25_26_anexo_de_entregas_modelo_v2-1_assin   143.7KB
10:51:15 INFO     ✓ [ 69/132] incra_ptd_docdiretivo__assinado-1_assinado_assinad  7182.0KB
10:51:19 INFO     ✓ [ 70/132] incra_anexo_de_entregas_assinado-1_assinado_assina  1818.6KB
10:51:24 INFO     ✓ [ 71/132] inpi_ptd_docdiretivo_assinado_2025_2026_assinado_a  3322.4KB
10:51:30 INFO     ✓ [ 72/132] inpi_ptd_anexo_de_entregas_assinado_v1_assinado_as  3078.1KB
10:51:33 INFO     ✓ [ 73/132] inss_ptd_2025_2027_docdiretivo-assinado-copia_tarj  1173.3KB
10:51:35 INFO     ✓ [ 74/132] inss_ptd_2025_2027_anexo_de_entregas-assinado-copi   110.8KB
10:51:38 INFO     ✓ [ 75/132] iphan_ptd_docdiretivo_assinado_2025_2026_assinado_   885.7KB
10:51:40 INFO     ✓ [ 76/132] iphan_ptd_anexo_de_entregas_assinado_v1_assinado_a   310.9KB
10:51:48 INFO     ✓ [ 77/132] iti_doc_diretivo_assinado-1_tarjado.pdf             4905.1KB
10:51:50 INFO     ✓ [ 78/132] iti_anexo_de_entregas_assinado.pdf                   556.4KB
10:51:54 INFO     ✓ [ 79/132] mapa_ptd_2025_2027_docdiretivo_assinado-1_tarjado.  1740.9KB
10:51:56 INFO     ✓ [ 80/132] mapa_ptd_2025_2027_anexo_de_entregas_assinado-1.pd   261.9KB
10:52:03 INFO     ✓ [ 81/132] documento-diretivo-mcom-_-ptd-25_27-copia_tarjada.  4451.9KB
10:52:06 INFO     ✓ [ 82/132] anexo-de-entregas-mcom_ptd-25_27-copia_tarjada.pdf  1213.8KB
10:52:12 INFO     ✓ [ 83/132] ptd_21_24_mcom-copia_tarjada.pdf                    3040.7KB
10:52:15 INFO     ✓ [ 84/132] mcti_ptd_2025-2027_docdiretivo_assinado-copia_tarj  1030.7KB
10:52:17 INFO     ✓ [ 85/132] mcti_ptd_2025-2027_anexo-de-entregas_assinado-copi   145.8KB
10:52:19 INFO     ✓ [ 86/132] mda-anexo-entregas-assinado_ptd-2025-2027-copia-ta   284.6KB
10:52:22 INFO     ✓ [ 87/132] mdhc_ptd_2025_2027_docdiretivo_assinado_assinado_a   753.4KB
10:52:24 INFO     ✓ [ 88/132] mdhc_ptd_2025_2027_anexoentregas_assinado_assinado   186.8KB
10:52:27 INFO     ✓ [ 89/132] mdic_ptd_anexo_de_entregas_assinado_v1_assinado_as   176.6KB
10:52:30 INFO     ✓ [ 90/132] memp_ptd_2025_2026_docdiretivo_assinado_assinado_a  1030.1KB
10:52:32 INFO     ✓ [ 91/132] memp_ptd_2025_2026_anexo_de_entregas_assinado_assi   161.5KB
10:52:35 INFO     ✓ [ 92/132] mesp_ptd_2025_2027_docdiretivo_assinado_assinado_2  1147.7KB
10:52:38 INFO     ✓ [ 93/132] mesp_ptd_2025_2027_anexo_de_entregas_assinado_assi   226.6KB
10:52:41 INFO     ✓ [ 94/132] mf_ptd_2026_2027_documentodiretivo_assinado_assina   955.1KB
10:52:43 INFO     ✓ [ 95/132] mf_ptd_2026_2027_anexo_de_entregas_1_mf_se_assinad   241.2KB
10:52:46 INFO     ✓ [ 96/132] mgi_ptd_2025_2027_docdiretivo_assinado_assinado_as   375.2KB
10:52:48 INFO     ✓ [ 97/132] mgi_ptd_2025_2027_anexo_de_entregas_assinado_assin   256.1KB
10:52:51 INFO     ✓ [ 98/132] minc_ptd_2025_2027_docdiretivo_assinado-1_assinado   863.6KB
10:52:54 INFO     ✓ [ 99/132] minc_ptd_2025_2027_anexo_de_entregas_assinado-1_as   276.7KB
10:52:57 INFO     ✓ [100/132] mjsp_ptd_docdiretivo_assinado_2025_2026_assinado_a   954.0KB
10:52:59 INFO     ✓ [101/132] mjsp_ptd_anexo_de_entregas_assinado_v1_assinado_as   253.9KB
10:53:02 INFO     ✓ [102/132] mme_ptd_2025_2027_docdiretivo_assinado-copia_tarja   664.5KB
10:53:04 INFO     ✓ [103/132] mme_ptd_2025_2027_anexo_de_entregas_assinado__1_-c   111.1KB
10:53:07 INFO     ✓ [104/132] mmulheres_ptd_2025_2027_docdiretivo_assinado_assin  1078.3KB
10:53:10 INFO     ✓ [105/132] mmulheres_ptd_2025_2027_anexo_de_entregas_assinado   216.9KB
10:53:13 INFO     ✓ [106/132] mpi_ptd_2025_2027_docdiretivo_ministerio_dos_povos   947.9KB
10:53:15 INFO     ✓ [107/132] mpi_ptd_anexo_de_entregas_do_plano_de_tranformacao   191.9KB
10:53:18 INFO     ✓ [108/132] mpo_ptd_docdiretivo_assinado_2025_2026_assinado_as   806.3KB
10:53:20 INFO     ✓ [109/132] mpo_ptd_anexo_de_entregas_assinado_v1_assinado_ass   323.2KB
10:53:23 INFO     ✓ [110/132] mpor_ptd_2025_2027_docdiretivo_assinado_assinado_a   876.5KB
10:53:26 INFO     ✓ [111/132] mpor_ptd_2025_2027_anexo_de_entregas_assinado_assi   175.1KB
10:53:29 INFO     ✓ [112/132] mps_ptd_2025-2026_docdiretivo_final_assinado-1_ass  1024.4KB
10:53:31 INFO     ✓ [113/132] mps_ptd_2025-2026_anexo_de_entregas_final_assinado   165.0KB
10:53:34 INFO     ✓ [114/132] mre_ptd_docdiretivo_assinado_2025_2026_assinado_as   760.9KB
10:53:36 INFO     ✓ [115/132] mre_ptd_anexo_de_entregas_assinado_v1_assinado_ass   233.2KB
10:53:39 INFO     ✓ [116/132] mte_ptd_2025_2026_docdiretivo_assinado_assinado_as   729.6KB
10:53:42 INFO     ✓ [117/132] mte_ptd_anexo_de_entregas_assinado_v1__281_29_assi   459.5KB
10:53:45 INFO     ✓ [118/132] mtur_ptd_docdiretiv_assinado_30_01_2025_assinado_a  1050.4KB
10:53:47 INFO     ✓ [119/132] mtur_ptd_anexo_de_entregas_assinado_30_01_2025_ass   118.8KB
10:53:50 INFO     ✓ [120/132] pf_ptd_docdiretivo_2025_2027_assinado-copia_tarjad   964.3KB
10:53:52 INFO     ✓ [121/132] pf_ptd_anexo_de_entregas_2025_2027_assinado-copia_    62.5KB
10:53:55 INFO     ✓ [122/132] mf_ptd_2026_2027_anexo_de_entregas_4_mf_pgfn_assin   466.8KB
10:54:04 INFO     ✓ [123/132] previc_plano_de_transformacao_digital_2025_2026_29  6652.7KB
10:54:06 INFO     ✓ [124/132] previc_ptd_repactuacao_2025-2026_assinado_assinado   182.9KB
10:54:09 INFO     ✓ [125/132] prf_documentodiretivo_ptd_2026-2027_assinado_tarja   535.9KB
10:54:11 INFO     ✓ [126/132] prf_anexo_de_entregas_do_ptd__2026_2027___ptd___en   157.7KB
10:54:13 INFO     ✓ [127/132] mf_ptd_2026_2027_anexo_de_entregas_2_mf_rfb_assina   253.7KB
10:54:16 INFO     ✓ [128/132] sgpr_ptd_2026_2027_docdiretivo_assinado-copia_tarj   791.2KB
10:54:19 INFO     ✓ [129/132] sgpr_ptd_2025_2027_anexo_de_entregas_assinado-copi   897.9KB
10:54:22 INFO     ✓ [130/132] mf_ptd_2026_2027_anexo_de_entregas_3_mf_stn_assina   467.8KB
10:54:25 INFO     ✓ [131/132] susep_ptd_2025_2027_docdiretivo-assinado-copia_tar  1030.1KB
10:54:27 INFO     ✓ [132/132] susep_ptd_2025-2026_anexo_de_entregas_final_assina   221.9KB
10:54:29 INFO     132 OK | 0 erros | 123.3 MB total
10:54:34 INFO     Sanity: 132 PDFs | 113 texto | 19 imagem/OCR | 0 duplicatas
10:54:34 INFO     --siglas (debug): 15 PDFs de ['AGU', 'FIOCRUZ', 'FUNAI', 'FUNDACENTRO', 'INCRA', 'ITI', 'MCOM', 'SGPR']
10:54:34 INFO     DocumentConverter instanciado (singleton × 2: plain + OCR)
10:54:34 INFO     [1/15] → agu_ptd_2025_2027_anexo_de_entregas_assinado_assinado_assinado-copia_tarjada.pdf
10:54:34 INFO     detected formats: [<InputFormat.PDF: 'pdf'>]
10:54:34 INFO     Going to convert document batch...
10:54:34 INFO     Initializing pipeline for StandardPdfPipeline with options hash bc6794697da537796efc497178f9263f
10:54:34 INFO     Loading plugin 'docling_defaults'
10:54:34 INFO     Registered picture descriptions: ['picture_description_vlm_engine', 'vlm', 'api']
10:54:34 INFO     Loading plugin 'docling_defaults'
10:54:35 INFO     Registered ocr engines: ['auto', 'easyocr', 'kserve_v2_ocr', 'ocrmac', 'rapidocr', 'tesserocr', 'tesseract']
10:54:35 INFO     command: tesseract --list-langs
10:54:35 INFO     Loading plugin 'docling_defaults'
10:54:35 INFO     Registered layout engines: ['layout_object_detection', 'docling_layout_default', 'docling_experimental_table_crops_layout']
10:54:35 INFO     Accelerator device: 'cpu'
10:54:35 INFO     HTTP Request: GET https://huggingface.co/api/models/docling-project/docling-layout-heron/revision/main "HTTP/1.1 200 OK"
10:54:35 INFO     HTTP Request: HEAD https://huggingface.co/docling-project/docling-layout-heron/resolve/8f39ad3c0b4c58e9c2d2c84a38465abf757272d8/README.md "HTTP/1.1 307 Temporary Redirect"
10:54:35 INFO     HTTP Request: HEAD https://huggingface.co/api/resolve-cache/models/docling-project/docling-layout-heron/8f39ad3c0b4c58e9c2d2c84a38465abf757272d8/README.md "HTTP/1.1 200 OK"
10:54:35 INFO     HTTP Request: GET https://huggingface.co/api/resolve-cache/models/docling-project/docling-layout-heron/8f39ad3c0b4c58e9c2d2c84a38465abf757272d8/README.md "HTTP/1.1 200 OK"
10:54:35 INFO     HTTP Request: HEAD https://huggingface.co/docling-project/docling-layout-heron/resolve/8f39ad3c0b4c58e9c2d2c84a38465abf757272d8/docling_heron_400.png "HTTP/1.1 307 Temporary Redirect"
10:54:35 WARNING  Warning: You are sending unauthenticated requests to the HF Hub. Please set a HF_TOKEN to enable higher rate limits and faster downloads.
10:54:35 INFO     HTTP Request: HEAD https://huggingface.co/docling-project/docling-layout-heron/resolve/8f39ad3c0b4c58e9c2d2c84a38465abf757272d8/model.safetensors "HTTP/1.1 302 Found"
10:54:35 INFO     HTTP Request: HEAD https://huggingface.co/docling-project/docling-layout-heron/resolve/8f39ad3c0b4c58e9c2d2c84a38465abf757272d8/preprocessor_config.json "HTTP/1.1 307 Temporary Redirect"
10:54:35 INFO     HTTP Request: HEAD https://huggingface.co/docling-project/docling-layout-heron/resolve/8f39ad3c0b4c58e9c2d2c84a38465abf757272d8/config.json "HTTP/1.1 307 Temporary Redirect"
10:54:35 INFO     HTTP Request: HEAD https://huggingface.co/docling-project/docling-layout-heron/resolve/8f39ad3c0b4c58e9c2d2c84a38465abf757272d8/.gitattributes "HTTP/1.1 307 Temporary Redirect"
10:54:35 INFO     HTTP Request: HEAD https://huggingface.co/api/resolve-cache/models/docling-project/docling-layout-heron/8f39ad3c0b4c58e9c2d2c84a38465abf757272d8/docling_heron_400.png "HTTP/1.1 200 OK"
10:54:35 INFO     HTTP Request: HEAD https://huggingface.co/api/resolve-cache/models/docling-project/docling-layout-heron/8f39ad3c0b4c58e9c2d2c84a38465abf757272d8/preprocessor_config.json "HTTP/1.1 200 OK"
10:54:35 INFO     HTTP Request: HEAD https://huggingface.co/api/resolve-cache/models/docling-project/docling-layout-heron/8f39ad3c0b4c58e9c2d2c84a38465abf757272d8/config.json "HTTP/1.1 200 OK"
10:54:35 INFO     HTTP Request: HEAD https://huggingface.co/api/resolve-cache/models/docling-project/docling-layout-heron/8f39ad3c0b4c58e9c2d2c84a38465abf757272d8/.gitattributes "HTTP/1.1 200 OK"
10:54:35 INFO     HTTP Request: GET https://huggingface.co/api/resolve-cache/models/docling-project/docling-layout-heron/8f39ad3c0b4c58e9c2d2c84a38465abf757272d8/docling_heron_400.png "HTTP/1.1 200 OK"
10:54:35 INFO     HTTP Request: GET https://huggingface.co/api/resolve-cache/models/docling-project/docling-layout-heron/8f39ad3c0b4c58e9c2d2c84a38465abf757272d8/config.json "HTTP/1.1 200 OK"
10:54:35 INFO     HTTP Request: GET https://huggingface.co/api/resolve-cache/models/docling-project/docling-layout-heron/8f39ad3c0b4c58e9c2d2c84a38465abf757272d8/.gitattributes "HTTP/1.1 200 OK"
10:54:35 INFO     HTTP Request: GET https://huggingface.co/api/resolve-cache/models/docling-project/docling-layout-heron/8f39ad3c0b4c58e9c2d2c84a38465abf757272d8/preprocessor_config.json "HTTP/1.1 200 OK"
10:54:35 INFO     HTTP Request: GET https://huggingface.co/api/models/docling-project/docling-layout-heron/xet-read-token/8f39ad3c0b4c58e9c2d2c84a38465abf757272d8 "HTTP/1.1 200 OK"
10:54:36 INFO     Loading plugin 'docling_defaults'
10:54:36 INFO     Registered table structure engines: ['docling_tableformer', 'docling_tableformer_v2']
10:54:36 INFO     HTTP Request: GET https://huggingface.co/api/models/docling-project/docling-models/revision/v2.3.0 "HTTP/1.1 200 OK"
10:54:36 INFO     HTTP Request: HEAD https://huggingface.co/docling-project/docling-models/resolve/fc0f2d45e2218ea24bce5045f58a389aed16dc23/.gitignore "HTTP/1.1 307 Temporary Redirect"
10:54:36 INFO     HTTP Request: HEAD https://huggingface.co/docling-project/docling-models/resolve/fc0f2d45e2218ea24bce5045f58a389aed16dc23/README.md "HTTP/1.1 307 Temporary Redirect"
10:54:36 INFO     HTTP Request: HEAD https://huggingface.co/docling-project/docling-models/resolve/fc0f2d45e2218ea24bce5045f58a389aed16dc23/model_artifacts/tableformer/accurate/tableformer_accurate.safetensors "HTTP/1.1 302 Found"
10:54:36 INFO     HTTP Request: HEAD https://huggingface.co/docling-project/docling-models/resolve/fc0f2d45e2218ea24bce5045f58a389aed16dc23/config.json "HTTP/1.1 307 Temporary Redirect"
10:54:36 INFO     HTTP Request: HEAD https://huggingface.co/docling-project/docling-models/resolve/fc0f2d45e2218ea24bce5045f58a389aed16dc23/.gitattributes "HTTP/1.1 307 Temporary Redirect"
10:54:36 INFO     HTTP Request: HEAD https://huggingface.co/api/resolve-cache/models/docling-project/docling-models/fc0f2d45e2218ea24bce5045f58a389aed16dc23/.gitignore "HTTP/1.1 200 OK"
10:54:36 INFO     HTTP Request: HEAD https://huggingface.co/api/resolve-cache/models/docling-project/docling-models/fc0f2d45e2218ea24bce5045f58a389aed16dc23/README.md "HTTP/1.1 200 OK"
10:54:36 INFO     HTTP Request: HEAD https://huggingface.co/api/resolve-cache/models/docling-project/docling-models/fc0f2d45e2218ea24bce5045f58a389aed16dc23/config.json "HTTP/1.1 200 OK"
10:54:36 INFO     HTTP Request: HEAD https://huggingface.co/api/resolve-cache/models/docling-project/docling-models/fc0f2d45e2218ea24bce5045f58a389aed16dc23/.gitattributes "HTTP/1.1 200 OK"
10:54:36 INFO     HTTP Request: HEAD https://huggingface.co/docling-project/docling-models/resolve/fc0f2d45e2218ea24bce5045f58a389aed16dc23/model_artifacts/tableformer/fast/tableformer_fast.safetensors "HTTP/1.1 302 Found"
10:54:36 INFO     HTTP Request: HEAD https://huggingface.co/docling-project/docling-models/resolve/fc0f2d45e2218ea24bce5045f58a389aed16dc23/model_artifacts/tableformer/fast/tm_config.json "HTTP/1.1 307 Temporary Redirect"
10:54:36 INFO     HTTP Request: GET https://huggingface.co/api/resolve-cache/models/docling-project/docling-models/fc0f2d45e2218ea24bce5045f58a389aed16dc23/.gitignore "HTTP/1.1 200 OK"
10:54:36 INFO     HTTP Request: HEAD https://huggingface.co/docling-project/docling-models/resolve/fc0f2d45e2218ea24bce5045f58a389aed16dc23/model_artifacts/tableformer/accurate/tm_config.json "HTTP/1.1 307 Temporary Redirect"
10:54:36 INFO     HTTP Request: GET https://huggingface.co/api/resolve-cache/models/docling-project/docling-models/fc0f2d45e2218ea24bce5045f58a389aed16dc23/.gitattributes "HTTP/1.1 200 OK"
10:54:36 INFO     HTTP Request: GET https://huggingface.co/api/resolve-cache/models/docling-project/docling-models/fc0f2d45e2218ea24bce5045f58a389aed16dc23/README.md "HTTP/1.1 200 OK"
10:54:36 INFO     HTTP Request: HEAD https://huggingface.co/api/resolve-cache/models/docling-project/docling-models/fc0f2d45e2218ea24bce5045f58a389aed16dc23/model_artifacts%2Ftableformer%2Ffast%2Ftm_config.json "HTTP/1.1 200 OK"
10:54:36 INFO     HTTP Request: GET https://huggingface.co/api/resolve-cache/models/docling-project/docling-models/fc0f2d45e2218ea24bce5045f58a389aed16dc23/config.json "HTTP/1.1 200 OK"
10:54:36 INFO     HTTP Request: HEAD https://huggingface.co/api/resolve-cache/models/docling-project/docling-models/fc0f2d45e2218ea24bce5045f58a389aed16dc23/model_artifacts%2Ftableformer%2Faccurate%2Ftm_config.json "HTTP/1.1 200 OK"
10:54:36 INFO     HTTP Request: GET https://huggingface.co/api/models/docling-project/docling-models/xet-read-token/fc0f2d45e2218ea24bce5045f58a389aed16dc23 "HTTP/1.1 200 OK"
10:54:36 INFO     HTTP Request: GET https://huggingface.co/api/resolve-cache/models/docling-project/docling-models/fc0f2d45e2218ea24bce5045f58a389aed16dc23/model_artifacts%2Ftableformer%2Ffast%2Ftm_config.json "HTTP/1.1 200 OK"
10:54:36 INFO     HTTP Request: GET https://huggingface.co/api/resolve-cache/models/docling-project/docling-models/fc0f2d45e2218ea24bce5045f58a389aed16dc23/model_artifacts%2Ftableformer%2Faccurate%2Ftm_config.json "HTTP/1.1 200 OK"
10:54:38 INFO     Accelerator device: 'cpu'
10:54:38 INFO     Processing document agu_ptd_2025_2027_anexo_de_entregas_assinado_assinado_assinado-copia_tarjada.pdf
10:54:38 INFO     command: tesseract --psm 0 -l osd /tmp/tmp05xjxdsz.png stdout
10:54:39 INFO     command: tesseract -l por /tmp/tmp05xjxdsz.png stdout tsv
10:54:42 INFO     command: tesseract --psm 0 -l osd /tmp/tmpdss4yfeu.png stdout
10:54:43 INFO     command: tesseract -l por /tmp/tmpdss4yfeu.png stdout tsv
10:55:02 INFO     Finished converting document agu_ptd_2025_2027_anexo_de_entregas_assinado_assinado_assinado-copia_tarjada.pdf in 27.67 sec.
10:55:02 INFO       pixel_budget (Docling) agu_ptd_2025_2027_anexo_de_entregas_assinado_assinado_assinado-copia_tarjada.pdf: 45.8% (área tabelas/1001817 px²)
10:55:02 INFO     [1/15] ✓ AGU       :   33 entregas | 27.7s | ETA ~6min
10:55:02 INFO     [2/15] → agu_ptd_2025_2027_docdiretivo_assinado_assinado_assinado-copia_tarjada.pdf
10:55:02 INFO     detected formats: [<InputFormat.PDF: 'pdf'>]
10:55:02 INFO     Going to convert document batch...
10:55:02 INFO     Processing document agu_ptd_2025_2027_docdiretivo_assinado_assinado_assinado-copia_tarjada.pdf
10:55:03 INFO     command: tesseract --psm 0 -l osd /tmp/tmpxfwtcb79.png stdout
10:55:03 INFO     command: tesseract -l por /tmp/tmpxfwtcb79.png stdout tsv
10:55:06 INFO     command: tesseract --psm 0 -l osd /tmp/tmpxiyw4lw2.png stdout
10:55:07 INFO     command: tesseract -l por /tmp/tmpxiyw4lw2.png stdout tsv
10:55:09 INFO     command: tesseract --psm 0 -l osd /tmp/tmphzymp83q.png stdout
10:55:10 INFO     command: tesseract -l por /tmp/tmphzymp83q.png stdout tsv
10:55:12 INFO     command: tesseract --psm 0 -l osd /tmp/tmphrgh9gpt.png stdout
10:55:12 INFO     command: tesseract -l por /tmp/tmphrgh9gpt.png stdout tsv
10:55:15 INFO     command: tesseract --psm 0 -l osd /tmp/tmp00rajwrb.png stdout
10:55:15 INFO     command: tesseract -l por /tmp/tmp00rajwrb.png stdout tsv
10:55:18 INFO     command: tesseract --psm 0 -l osd /tmp/tmpl1w6s1cr.png stdout
10:55:19 INFO     command: tesseract -l por /tmp/tmpl1w6s1cr.png stdout tsv
10:55:29 INFO     command: tesseract --psm 0 -l osd /tmp/tmpvfdt6yhp.png stdout
10:55:30 INFO     command: tesseract -l por /tmp/tmpvfdt6yhp.png stdout tsv
10:55:32 INFO     command: tesseract --psm 0 -l osd /tmp/tmpj1vdpwzf.png stdout
10:55:33 INFO     command: tesseract -l por /tmp/tmpj1vdpwzf.png stdout tsv
10:55:35 INFO     command: tesseract --psm 0 -l osd /tmp/tmpmyqw6esr.png stdout
10:55:36 INFO     command: tesseract -l por /tmp/tmpmyqw6esr.png stdout tsv
10:55:38 INFO     command: tesseract --psm 0 -l osd /tmp/tmp28mfhqaz.png stdout
10:55:40 INFO     command: tesseract -l por /tmp/tmp28mfhqaz.png stdout tsv
10:55:56 INFO     command: tesseract --psm 0 -l osd /tmp/tmpdnj9cgth.png stdout
10:55:56 INFO     command: tesseract -l por /tmp/tmpdnj9cgth.png stdout tsv
10:55:59 INFO     Finished converting document agu_ptd_2025_2027_docdiretivo_assinado_assinado_assinado-copia_tarjada.pdf in 57.25 sec.
10:55:59 INFO       pixel_budget (Docling) agu_ptd_2025_2027_docdiretivo_assinado_assinado_assinado-copia_tarjada.pdf: 2.1% (área tabelas/5513330 px²)
10:55:59 INFO     [2/15] ✓ AGU       :    6 entregas | 57.3s | ETA ~9min
10:55:59 INFO     [3/15] → anexo-de-entregas-mcom_ptd-25_27-copia_tarjada.pdf
10:55:59 INFO     detected formats: [<InputFormat.PDF: 'pdf'>]
10:55:59 INFO     Going to convert document batch...
10:55:59 INFO     Processing document anexo-de-entregas-mcom_ptd-25_27-copia_tarjada.pdf
10:56:00 INFO     command: tesseract --psm 0 -l osd /tmp/tmptbvxvsh0.png stdout
10:56:01 INFO     command: tesseract -l por /tmp/tmptbvxvsh0.png stdout tsv
10:56:04 INFO     command: tesseract --psm 0 -l osd /tmp/tmpvririytf.png stdout
10:56:05 INFO     command: tesseract -l por /tmp/tmpvririytf.png stdout tsv
10:56:18 INFO     command: tesseract --psm 0 -l osd /tmp/tmpnohq4vlm.png stdout
10:56:19 INFO     command: tesseract -l por /tmp/tmpnohq4vlm.png stdout tsv
10:56:39 INFO     Finished converting document anexo-de-entregas-mcom_ptd-25_27-copia_tarjada.pdf in 39.09 sec.
10:56:39 INFO       pixel_budget (Docling) anexo-de-entregas-mcom_ptd-25_27-copia_tarjada.pdf: 55.2% (área tabelas/1503636 px²)
10:56:39 INFO     [3/15] ✓ MCOM      :   55 entregas | 39.1s | ETA ~8min
10:56:39 INFO     [4/15] → documento-diretivo-mcom-_-ptd-25_27-copia_tarjada.pdf
10:56:39 INFO     detected formats: [<InputFormat.PDF: 'pdf'>]
10:56:39 INFO     Going to convert document batch...
10:56:39 INFO     Processing document documento-diretivo-mcom-_-ptd-25_27-copia_tarjada.pdf
10:56:39 INFO     command: tesseract --psm 0 -l osd /tmp/tmp0hwa5fww.png stdout
10:56:40 INFO     command: tesseract -l por /tmp/tmp0hwa5fww.png stdout tsv
10:56:42 INFO     command: tesseract --psm 0 -l osd /tmp/tmpuvassuh7.png stdout
10:56:43 INFO     command: tesseract -l por /tmp/tmpuvassuh7.png stdout tsv
10:56:50 INFO     command: tesseract --psm 0 -l osd /tmp/tmp4r4l52m5.png stdout
10:56:50 INFO     command: tesseract -l por /tmp/tmp4r4l52m5.png stdout tsv
10:56:51 INFO     command: tesseract --psm 0 -l osd /tmp/tmpxzfieikm.png stdout
10:56:52 INFO     command: tesseract -l por /tmp/tmpxzfieikm.png stdout tsv
10:56:54 INFO     command: tesseract --psm 0 -l osd /tmp/tmp7x65uajk.png stdout
10:56:55 INFO     command: tesseract -l por /tmp/tmp7x65uajk.png stdout tsv
10:56:57 INFO     command: tesseract --psm 0 -l osd /tmp/tmp0fju2ch0.png stdout
10:56:59 INFO     command: tesseract -l por /tmp/tmp0fju2ch0.png stdout tsv
10:57:16 INFO     command: tesseract --psm 0 -l osd /tmp/tmppi48r6o9.png stdout
10:57:17 INFO     command: tesseract -l por /tmp/tmppi48r6o9.png stdout tsv
10:57:19 INFO     command: tesseract --psm 0 -l osd /tmp/tmprqdxri63.png stdout
10:57:20 INFO     command: tesseract -l por /tmp/tmprqdxri63.png stdout tsv
10:57:22 INFO     command: tesseract --psm 0 -l osd /tmp/tmpp8duk797.png stdout
10:57:23 INFO     command: tesseract -l por /tmp/tmpp8duk797.png stdout tsv
10:57:25 INFO     command: tesseract --psm 0 -l osd /tmp/tmp5fuxdgjv.png stdout
10:57:26 INFO     command: tesseract -l por /tmp/tmp5fuxdgjv.png stdout tsv
10:57:35 INFO     command: tesseract --psm 0 -l osd /tmp/tmpo5x904l5.png stdout
10:57:36 INFO     command: tesseract -l por /tmp/tmpo5x904l5.png stdout tsv
10:57:39 INFO     command: tesseract --psm 0 -l osd /tmp/tmpta3d9eg7.png stdout
10:57:40 INFO     command: tesseract -l por /tmp/tmpta3d9eg7.png stdout tsv
10:57:42 INFO     command: tesseract --psm 0 -l osd /tmp/tmpsy7o2763.png stdout
10:57:42 INFO     command: tesseract -l por /tmp/tmpsy7o2763.png stdout tsv
10:57:45 INFO     command: tesseract --psm 0 -l osd /tmp/tmpwya6jckk.png stdout
10:57:45 INFO     command: tesseract -l por /tmp/tmpwya6jckk.png stdout tsv
10:57:52 INFO     Finished converting document documento-diretivo-mcom-_-ptd-25_27-copia_tarjada.pdf in 73.13 sec.
10:57:52 INFO       pixel_budget (Docling) documento-diretivo-mcom-_-ptd-25_27-copia_tarjada.pdf: 10.8% (área tabelas/7016966 px²)
10:57:52 WARNING  [4/15] ⚠ MCOM      :    0 entregas | 73.1s | ETA ~9min
10:57:52 INFO     [5/15] → fiocruz-ptd-06_2024-copia_tarjada.pdf
10:57:52 INFO     detected formats: [<InputFormat.PDF: 'pdf'>]
10:57:52 INFO     Going to convert document batch...
10:57:52 INFO     Initializing pipeline for StandardPdfPipeline with options hash d18651824ca6fe56cf3ccb20424ac2c8
10:57:52 INFO     Accelerator device: 'cpu'
10:57:52 INFO     HTTP Request: GET https://huggingface.co/api/models/docling-project/docling-layout-heron/revision/main "HTTP/1.1 200 OK"
10:57:52 INFO     HTTP Request: GET https://huggingface.co/api/models/docling-project/docling-models/revision/v2.3.0 "HTTP/1.1 200 OK"
10:57:52 INFO     Accelerator device: 'cpu'
10:57:53 INFO     Processing document fiocruz-ptd-06_2024-copia_tarjada.pdf
10:59:03 INFO     Finished converting document fiocruz-ptd-06_2024-copia_tarjada.pdf in 71.06 sec.
10:59:03 INFO       pixel_budget (Docling) fiocruz-ptd-06_2024-copia_tarjada.pdf: 36.4% (área tabelas/7518178 px²)
10:59:03 WARNING  [5/15] ⚠ FIOCRUZ   :    0 entregas | 71.1s | ETA ~8min
10:59:03 INFO     [6/15] → fiocruz_novo-ptd_2-1_docdiretivo_repactuacao_2024-2026_assinado_assinado-copia_tarjada.pdf
10:59:03 INFO     detected formats: [<InputFormat.PDF: 'pdf'>]
10:59:03 INFO     Going to convert document batch...
10:59:03 INFO     Processing document fiocruz_novo-ptd_2-1_docdiretivo_repactuacao_2024-2026_assinado_assinado-copia_tarjada.pdf
10:59:21 INFO     Finished converting document fiocruz_novo-ptd_2-1_docdiretivo_repactuacao_2024-2026_assinado_assinado-copia_tarjada.pdf in 18.62 sec.
10:59:21 INFO       pixel_budget (Docling) fiocruz_novo-ptd_2-1_docdiretivo_repactuacao_2024-2026_assinado_assinado-copia_tarjada.pdf: 11.3% (área tabelas/5012118 px²)
10:59:21 WARNING  [6/15] ⚠ FIOCRUZ   :    0 entregas | 18.6s | ETA ~7min
10:59:21 INFO     [7/15] → fiocruz_ptd_anexo_de_entregas_assinado_v1_assinado_assinado-1-copia_tarjada.pdf
10:59:21 INFO     detected formats: [<InputFormat.PDF: 'pdf'>]
10:59:21 INFO     Going to convert document batch...
10:59:21 INFO     Processing document fiocruz_ptd_anexo_de_entregas_assinado_v1_assinado_assinado-1-copia_tarjada.pdf
10:59:53 INFO     Finished converting document fiocruz_ptd_anexo_de_entregas_assinado_v1_assinado_assinado-1-copia_tarjada.pdf in 32.05 sec.
10:59:53 INFO       pixel_budget (Docling) fiocruz_ptd_anexo_de_entregas_assinado_v1_assinado_assinado-1-copia_tarjada.pdf: 54.7% (área tabelas/2004847 px²)
10:59:53 INFO     [7/15] ✓ FIOCRUZ   :   62 entregas | 32.1s | ETA ~6min
10:59:53 INFO     [8/15] → funai_anexo_de_entregas_repactuado_2026_2027_assinado_assinado_assinado.pdf
10:59:53 INFO     detected formats: [<InputFormat.PDF: 'pdf'>]
10:59:53 INFO     Going to convert document batch...
10:59:53 INFO     Processing document funai_anexo_de_entregas_repactuado_2026_2027_assinado_assinado_assinado.pdf
10:59:54 INFO     command: tesseract --psm 0 -l osd /tmp/tmpvrqsib2d.png stdout
10:59:55 INFO     command: tesseract -l por /tmp/tmpvrqsib2d.png stdout tsv
11:00:09 INFO     Finished converting document funai_anexo_de_entregas_repactuado_2026_2027_assinado_assinado_assinado.pdf in 15.03 sec.
11:00:09 INFO       pixel_budget (Docling) funai_anexo_de_entregas_repactuado_2026_2027_assinado_assinado_assinado.pdf: 49.8% (área tabelas/501212 px²)
11:00:09 INFO     [8/15] ✓ FUNAI     :   22 entregas | 15.0s | ETA ~4min
11:00:09 INFO     [9/15] → funai_ptd_2025_2027_docdiretivo_assinado-1_tarjado.pdf
11:00:09 INFO     detected formats: [<InputFormat.PDF: 'pdf'>]
11:00:09 INFO     Going to convert document batch...
11:00:09 INFO     Processing document funai_ptd_2025_2027_docdiretivo_assinado-1_tarjado.pdf
11:00:10 INFO     command: tesseract --psm 0 -l osd /tmp/tmpt2xo4a3j.png stdout
11:00:11 INFO     command: tesseract -l por /tmp/tmpt2xo4a3j.png stdout tsv
11:00:12 INFO     command: tesseract --psm 0 -l osd /tmp/tmpojm5f9qt.png stdout
11:00:13 INFO     command: tesseract -l por /tmp/tmpojm5f9qt.png stdout tsv
11:00:18 INFO     command: tesseract --psm 0 -l osd /tmp/tmpt_m_mi_9.png stdout
11:00:19 INFO     command: tesseract -l por /tmp/tmpt_m_mi_9.png stdout tsv
11:00:21 INFO     command: tesseract --psm 0 -l osd /tmp/tmp6nl6lbs7.png stdout
11:00:22 INFO     command: tesseract -l por /tmp/tmp6nl6lbs7.png stdout tsv
11:00:23 INFO     command: tesseract --psm 0 -l osd /tmp/tmp8681s8dt.png stdout
11:00:24 INFO     command: tesseract -l por /tmp/tmp8681s8dt.png stdout tsv
11:00:26 INFO     command: tesseract --psm 0 -l osd /tmp/tmpp8w9wnci.png stdout
11:00:28 INFO     command: tesseract -l por /tmp/tmpp8w9wnci.png stdout tsv
11:00:37 INFO     command: tesseract --psm 0 -l osd /tmp/tmp5a1ukhnp.png stdout
11:00:38 INFO     command: tesseract -l por /tmp/tmp5a1ukhnp.png stdout tsv
11:00:40 INFO     command: tesseract --psm 0 -l osd /tmp/tmp5m8d23u8.png stdout
11:00:40 INFO     command: tesseract -l por /tmp/tmp5m8d23u8.png stdout tsv
11:00:42 INFO     command: tesseract --psm 0 -l osd /tmp/tmp9avx_oc0.png stdout
11:00:42 INFO     command: tesseract -l por /tmp/tmp9avx_oc0.png stdout tsv
11:00:44 INFO     command: tesseract --psm 0 -l osd /tmp/tmp7pe8t8oy.png stdout
11:00:45 INFO     command: tesseract -l por /tmp/tmp7pe8t8oy.png stdout tsv
11:00:57 INFO     command: tesseract --psm 0 -l osd /tmp/tmp_c5v_mp4.png stdout
11:00:58 INFO     command: tesseract -l por /tmp/tmp_c5v_mp4.png stdout tsv
11:01:06 INFO     command: tesseract --psm 0 -l osd /tmp/tmp5l6u555k.png stdout
11:01:07 INFO     command: tesseract -l por /tmp/tmp5l6u555k.png stdout tsv
11:01:09 INFO     command: tesseract --psm 0 -l osd /tmp/tmp7f6w_0af.png stdout
11:01:10 INFO     command: tesseract -l por /tmp/tmp7f6w_0af.png stdout tsv
11:01:16 INFO     Finished converting document funai_ptd_2025_2027_docdiretivo_assinado-1_tarjado.pdf in 67.47 sec.
11:01:16 INFO       pixel_budget (Docling) funai_ptd_2025_2027_docdiretivo_assinado-1_tarjado.pdf: 16.4% (área tabelas/6515754 px²)
11:01:16 INFO     [9/15] ✓ FUNAI     :    8 entregas | 67.5s | ETA ~4min
11:01:16 INFO     [10/15] → incra_anexo_de_entregas_assinado-1_assinado_assinado-copia_tarjada.pdf
11:01:16 INFO     detected formats: [<InputFormat.PDF: 'pdf'>]
11:01:16 INFO     Going to convert document batch...
11:01:16 INFO     Processing document incra_anexo_de_entregas_assinado-1_assinado_assinado-copia_tarjada.pdf
11:01:17 INFO     command: tesseract --psm 0 -l osd /tmp/tmpplsj7ugx.png stdout
11:01:18 INFO     command: tesseract -l por /tmp/tmpplsj7ugx.png stdout tsv
11:01:21 INFO     command: tesseract --psm 0 -l osd /tmp/tmp2vx105zm.png stdout
11:01:22 INFO     command: tesseract -l por /tmp/tmp2vx105zm.png stdout tsv
11:01:27 INFO     command: tesseract --psm 0 -l osd /tmp/tmpi_8g2ejz.png stdout
11:01:29 INFO     command: tesseract -l por /tmp/tmpi_8g2ejz.png stdout tsv
11:01:32 INFO     command: tesseract --psm 0 -l osd /tmp/tmp1ydf8axz.png stdout
11:01:33 INFO     command: tesseract -l por /tmp/tmp1ydf8axz.png stdout tsv
11:01:35 INFO     command: tesseract --psm 0 -l osd /tmp/tmp9f3x1j6o.png stdout
11:01:36 INFO     command: tesseract -l por /tmp/tmp9f3x1j6o.png stdout tsv
11:03:06 INFO     Finished converting document incra_anexo_de_entregas_assinado-1_assinado_assinado-copia_tarjada.pdf in 110.35 sec.
11:03:06 INFO       pixel_budget (Docling) incra_anexo_de_entregas_assinado-1_assinado_assinado-copia_tarjada.pdf: 30.0% (área tabelas/2423520 px²)
11:03:06 INFO     [10/15] ✓ INCRA     :   11 entregas | 110.4s | ETA ~4min
11:03:06 INFO     [11/15] → incra_ptd_docdiretivo__assinado-1_assinado_assinado-copia_tarjada.pdf
11:03:06 INFO     detected formats: [<InputFormat.PDF: 'pdf'>]
11:03:06 INFO     Going to convert document batch...
11:03:06 INFO     Processing document incra_ptd_docdiretivo__assinado-1_assinado_assinado-copia_tarjada.pdf
11:03:08 INFO     command: tesseract --psm 0 -l osd /tmp/tmpmipxnmdq.png stdout
11:03:08 INFO     command: tesseract -l por /tmp/tmpmipxnmdq.png stdout tsv
11:03:10 INFO     command: tesseract --psm 0 -l osd /tmp/tmpe13sbelt.png stdout
11:03:11 INFO     command: tesseract -l por /tmp/tmpe13sbelt.png stdout tsv
11:03:18 INFO     command: tesseract --psm 0 -l osd /tmp/tmp4u9favwu.png stdout
11:03:19 INFO     command: tesseract -l por /tmp/tmp4u9favwu.png stdout tsv
11:03:21 INFO     command: tesseract --psm 0 -l osd /tmp/tmp_scwneon.png stdout
11:03:22 INFO     command: tesseract -l por /tmp/tmp_scwneon.png stdout tsv
11:03:23 INFO     command: tesseract --psm 0 -l osd /tmp/tmp_dxjk05k.png stdout
11:03:24 INFO     command: tesseract -l por /tmp/tmp_dxjk05k.png stdout tsv
11:03:26 INFO     command: tesseract --psm 0 -l osd /tmp/tmpx708wz4n.png stdout
11:03:28 INFO     command: tesseract -l por /tmp/tmpx708wz4n.png stdout tsv
11:03:45 INFO     command: tesseract --psm 0 -l osd /tmp/tmpouti6gqs.png stdout
11:03:45 INFO     command: tesseract -l por /tmp/tmpouti6gqs.png stdout tsv
11:03:47 INFO     command: tesseract --psm 0 -l osd /tmp/tmpy7eyw5s2.png stdout
11:03:48 INFO     command: tesseract -l por /tmp/tmpy7eyw5s2.png stdout tsv
11:03:49 INFO     command: tesseract --psm 0 -l osd /tmp/tmpxs7k36tu.png stdout
11:03:50 INFO     command: tesseract -l por /tmp/tmpxs7k36tu.png stdout tsv
11:03:52 INFO     command: tesseract --psm 0 -l osd /tmp/tmptvoklh_y.png stdout
11:03:53 INFO     command: tesseract -l por /tmp/tmptvoklh_y.png stdout tsv
11:03:57 INFO     command: tesseract --psm 0 -l osd /tmp/tmpin5qho25.png stdout
11:03:58 INFO     command: tesseract -l por /tmp/tmpin5qho25.png stdout tsv
11:04:11 INFO     command: tesseract --psm 0 -l osd /tmp/tmp1mp47sn0.png stdout
11:04:12 INFO     command: tesseract -l por /tmp/tmp1mp47sn0.png stdout tsv
11:04:14 INFO     command: tesseract --psm 0 -l osd /tmp/tmpnbb5a489.png stdout
11:04:15 INFO     command: tesseract -l por /tmp/tmpnbb5a489.png stdout tsv
11:04:22 INFO     Finished converting document incra_ptd_docdiretivo__assinado-1_assinado_assinado-copia_tarjada.pdf in 75.69 sec.
11:04:22 INFO       pixel_budget (Docling) incra_ptd_docdiretivo__assinado-1_assinado_assinado-copia_tarjada.pdf: 20.2% (área tabelas/6515754 px²)
11:04:22 INFO     [11/15] ✓ INCRA     :    9 entregas | 75.7s | ETA ~3min
11:04:22 INFO     [12/15] → iti_anexo_de_entregas_assinado.pdf
11:04:22 INFO     detected formats: [<InputFormat.PDF: 'pdf'>]
11:04:22 INFO     Going to convert document batch...
11:04:22 INFO     Processing document iti_anexo_de_entregas_assinado.pdf
11:04:23 INFO     command: tesseract --psm 0 -l osd /tmp/tmpk8g_avsu.png stdout
11:04:24 INFO     command: tesseract -l por /tmp/tmpk8g_avsu.png stdout tsv
11:04:40 INFO     Finished converting document iti_anexo_de_entregas_assinado.pdf in 17.62 sec.
11:04:40 INFO       pixel_budget (Docling) iti_anexo_de_entregas_assinado.pdf: 57.2% (área tabelas/501212 px²)
11:04:40 INFO     [12/15] ✓ ITI       :   31 entregas | 17.6s | ETA ~2min
11:04:40 INFO     [13/15] → iti_doc_diretivo_assinado-1_tarjado.pdf
11:04:40 INFO     detected formats: [<InputFormat.PDF: 'pdf'>]
11:04:40 INFO     Going to convert document batch...
11:04:40 INFO     Processing document iti_doc_diretivo_assinado-1_tarjado.pdf
11:04:40 INFO     command: tesseract --psm 0 -l osd /tmp/tmphrkd08er.png stdout
11:04:41 INFO     command: tesseract -l por /tmp/tmphrkd08er.png stdout tsv
11:04:44 INFO     command: tesseract --psm 0 -l osd /tmp/tmpx1a00ny4.png stdout
11:04:45 INFO     command: tesseract -l por /tmp/tmpx1a00ny4.png stdout tsv
11:04:49 INFO     command: tesseract --psm 0 -l osd /tmp/tmp9c_vla2_.png stdout
11:04:50 INFO     command: tesseract -l por /tmp/tmp9c_vla2_.png stdout tsv
11:04:52 INFO     command: tesseract --psm 0 -l osd /tmp/tmpxfcp7f0o.png stdout
11:04:52 INFO     command: tesseract -l por /tmp/tmpxfcp7f0o.png stdout tsv
11:04:54 INFO     command: tesseract --psm 0 -l osd /tmp/tmp1glnouc9.png stdout
11:04:55 INFO     command: tesseract -l por /tmp/tmp1glnouc9.png stdout tsv
11:04:57 INFO     command: tesseract --psm 0 -l osd /tmp/tmps4j43pl7.png stdout
11:04:58 INFO     command: tesseract -l por /tmp/tmps4j43pl7.png stdout tsv
11:05:16 INFO     command: tesseract --psm 0 -l osd /tmp/tmp5zhzsrnx.png stdout
11:05:17 INFO     command: tesseract -l por /tmp/tmp5zhzsrnx.png stdout tsv
11:05:19 INFO     command: tesseract --psm 0 -l osd /tmp/tmpvzn64c1u.png stdout
11:05:19 INFO     command: tesseract -l por /tmp/tmpvzn64c1u.png stdout tsv
11:05:22 INFO     command: tesseract --psm 0 -l osd /tmp/tmp123x71jb.png stdout
11:05:22 INFO     command: tesseract -l por /tmp/tmp123x71jb.png stdout tsv
11:05:25 INFO     command: tesseract --psm 0 -l osd /tmp/tmpil1mage5.png stdout
11:05:26 INFO     command: tesseract -l por /tmp/tmpil1mage5.png stdout tsv
11:05:41 INFO     command: tesseract --psm 0 -l osd /tmp/tmpohlat9xt.png stdout
11:05:42 INFO     command: tesseract -l por /tmp/tmpohlat9xt.png stdout tsv
11:05:45 INFO     Finished converting document iti_doc_diretivo_assinado-1_tarjado.pdf in 65.33 sec.
11:05:45 INFO       pixel_budget (Docling) iti_doc_diretivo_assinado-1_tarjado.pdf: 8.0% (área tabelas/5516339 px²)
11:05:45 INFO     [13/15] ✓ ITI       :    6 entregas | 65.3s | ETA ~1min
11:05:45 INFO     [14/15] → sgpr_ptd_2025_2027_anexo_de_entregas_assinado-copia_tarjada.pdf
11:05:45 INFO     detected formats: [<InputFormat.PDF: 'pdf'>]
11:05:45 INFO     Going to convert document batch...
11:05:45 INFO     Processing document sgpr_ptd_2025_2027_anexo_de_entregas_assinado-copia_tarjada.pdf
11:05:46 INFO     command: tesseract --psm 0 -l osd /tmp/tmpuuxf8ask.png stdout
11:05:47 INFO     command: tesseract -l por /tmp/tmpuuxf8ask.png stdout tsv
11:05:50 INFO     command: tesseract --psm 0 -l osd /tmp/tmpij7f184k.png stdout
11:05:51 INFO     command: tesseract -l por /tmp/tmpij7f184k.png stdout tsv
11:06:05 INFO     Finished converting document sgpr_ptd_2025_2027_anexo_de_entregas_assinado-copia_tarjada.pdf in 20.22 sec.
11:06:05 INFO       pixel_budget (Docling) sgpr_ptd_2025_2027_anexo_de_entregas_assinado-copia_tarjada.pdf: 29.5% (área tabelas/1002424 px²)
11:06:05 INFO     [14/15] ✓ SGPR      :   18 entregas | 20.2s | ETA ~49s
11:06:05 INFO     [15/15] → sgpr_ptd_2026_2027_docdiretivo_assinado-copia_tarjada.pdf
11:06:05 INFO     detected formats: [<InputFormat.PDF: 'pdf'>]
11:06:05 INFO     Going to convert document batch...
11:06:05 INFO     Processing document sgpr_ptd_2026_2027_docdiretivo_assinado-copia_tarjada.pdf
11:06:25 INFO     Finished converting document sgpr_ptd_2026_2027_docdiretivo_assinado-copia_tarjada.pdf in 20.19 sec.
11:06:25 INFO       pixel_budget (Docling) sgpr_ptd_2026_2027_docdiretivo_assinado-copia_tarjada.pdf: 8.2% (área tabelas/5513330 px²)
11:06:25 WARNING  [15/15] ⚠ SGPR      :    0 entregas | 20.2s | ETA ~0s
11:06:26 INFO     261 registros | 7 órgãos
11:06:26 INFO     ╔══════════════════════════════════════════════════════════════╗
11:06:26 INFO     ║                  ENTREGAS — fase concluída                   ║
11:06:26 INFO     ║  Processados: 15    |  ✓ 11  ⚠ 4                             ║
11:06:26 INFO     ║  Duração: 11.9 min                                           ║
11:06:26 INFO     ║  261 registros | 7 órgãos                                    ║
11:06:26 INFO     ╚══════════════════════════════════════════════════════════════╝
11:06:26 INFO     [1/7] → agu_ptd_2025_2027_docdiretivo_assinado_assinado_assinado-copia_tarjada.pdf
11:06:26 INFO     detected formats: [<InputFormat.PDF: 'pdf'>]
11:06:26 INFO     Going to convert document batch...
11:06:26 INFO     Processing document agu_ptd_2025_2027_docdiretivo_assinado_assinado_assinado-copia_tarjada.pdf
11:06:26 INFO     command: tesseract --psm 0 -l osd /tmp/tmp_0wn5vnc.png stdout
11:06:26 INFO     command: tesseract -l por /tmp/tmp_0wn5vnc.png stdout tsv
11:06:28 INFO     command: tesseract --psm 0 -l osd /tmp/tmpdc6fcyb3.png stdout
11:06:30 INFO     command: tesseract -l por /tmp/tmpdc6fcyb3.png stdout tsv
11:06:33 INFO     command: tesseract --psm 0 -l osd /tmp/tmp7p63penl.png stdout
11:06:34 INFO     command: tesseract -l por /tmp/tmp7p63penl.png stdout tsv
11:06:36 INFO     command: tesseract --psm 0 -l osd /tmp/tmp6zliayjl.png stdout
11:06:37 INFO     command: tesseract -l por /tmp/tmp6zliayjl.png stdout tsv
11:06:39 INFO     command: tesseract --psm 0 -l osd /tmp/tmpr6t9r2ze.png stdout
11:06:40 INFO     command: tesseract -l por /tmp/tmpr6t9r2ze.png stdout tsv
11:06:42 INFO     command: tesseract --psm 0 -l osd /tmp/tmpjo8__8hk.png stdout
11:06:44 INFO     command: tesseract -l por /tmp/tmpjo8__8hk.png stdout tsv
11:06:54 INFO     command: tesseract --psm 0 -l osd /tmp/tmpv1vtiqv_.png stdout
11:06:55 INFO     command: tesseract -l por /tmp/tmpv1vtiqv_.png stdout tsv
11:06:57 INFO     command: tesseract --psm 0 -l osd /tmp/tmpid94csrg.png stdout
11:06:58 INFO     command: tesseract -l por /tmp/tmpid94csrg.png stdout tsv
11:07:00 INFO     command: tesseract --psm 0 -l osd /tmp/tmpot_rjr74.png stdout
11:07:01 INFO     command: tesseract -l por /tmp/tmpot_rjr74.png stdout tsv
11:07:03 INFO     command: tesseract --psm 0 -l osd /tmp/tmp85wtg00f.png stdout
11:07:04 INFO     command: tesseract -l por /tmp/tmp85wtg00f.png stdout tsv
11:07:18 INFO     command: tesseract --psm 0 -l osd /tmp/tmp8zbq8o7c.png stdout
11:07:19 INFO     command: tesseract -l por /tmp/tmp8zbq8o7c.png stdout tsv
11:07:22 INFO     Finished converting document agu_ptd_2025_2027_docdiretivo_assinado_assinado_assinado-copia_tarjada.pdf in 56.71 sec.
11:07:22 INFO     [1/7] ✓ AGU       :   7 riscos | 56.7s | ETA ~5min
11:07:22 INFO     [2/7] → documento-diretivo-mcom-_-ptd-25_27-copia_tarjada.pdf
11:07:22 INFO     detected formats: [<InputFormat.PDF: 'pdf'>]
11:07:22 INFO     Going to convert document batch...
11:07:22 INFO     Processing document documento-diretivo-mcom-_-ptd-25_27-copia_tarjada.pdf
11:07:23 INFO     command: tesseract --psm 0 -l osd /tmp/tmp942j8in1.png stdout
11:07:23 INFO     command: tesseract -l por /tmp/tmp942j8in1.png stdout tsv
11:07:25 INFO     command: tesseract --psm 0 -l osd /tmp/tmpjbekh606.png stdout
11:07:26 INFO     command: tesseract -l por /tmp/tmpjbekh606.png stdout tsv
11:07:31 INFO     command: tesseract --psm 0 -l osd /tmp/tmpxrf77z_4.png stdout
11:07:32 INFO     command: tesseract -l por /tmp/tmpxrf77z_4.png stdout tsv
11:07:33 INFO     command: tesseract --psm 0 -l osd /tmp/tmpjtx3fbfs.png stdout
11:07:34 INFO     command: tesseract -l por /tmp/tmpjtx3fbfs.png stdout tsv
11:07:36 INFO     command: tesseract --psm 0 -l osd /tmp/tmp07edcfvr.png stdout
11:07:37 INFO     command: tesseract -l por /tmp/tmp07edcfvr.png stdout tsv
11:07:39 INFO     command: tesseract --psm 0 -l osd /tmp/tmppt1x5m28.png stdout
11:07:41 INFO     command: tesseract -l por /tmp/tmppt1x5m28.png stdout tsv
11:07:56 INFO     command: tesseract --psm 0 -l osd /tmp/tmp36khllpv.png stdout
11:07:57 INFO     command: tesseract -l por /tmp/tmp36khllpv.png stdout tsv
11:07:58 INFO     command: tesseract --psm 0 -l osd /tmp/tmp6y9995rd.png stdout
11:07:59 INFO     command: tesseract -l por /tmp/tmp6y9995rd.png stdout tsv
11:08:01 INFO     command: tesseract --psm 0 -l osd /tmp/tmpoyze0j_d.png stdout
11:08:02 INFO     command: tesseract -l por /tmp/tmpoyze0j_d.png stdout tsv
11:08:04 INFO     command: tesseract --psm 0 -l osd /tmp/tmpppfwwoal.png stdout
11:08:05 INFO     command: tesseract -l por /tmp/tmpppfwwoal.png stdout tsv
11:08:14 INFO     command: tesseract --psm 0 -l osd /tmp/tmp69i8q3_v.png stdout
11:08:15 INFO     command: tesseract -l por /tmp/tmp69i8q3_v.png stdout tsv
11:08:18 INFO     command: tesseract --psm 0 -l osd /tmp/tmp48mjyp7l.png stdout
11:08:18 INFO     command: tesseract -l por /tmp/tmp48mjyp7l.png stdout tsv
11:08:20 INFO     command: tesseract --psm 0 -l osd /tmp/tmp15k6f2s8.png stdout
11:08:21 INFO     command: tesseract -l por /tmp/tmp15k6f2s8.png stdout tsv
11:08:23 INFO     command: tesseract --psm 0 -l osd /tmp/tmptft8eklx.png stdout
11:08:24 INFO     command: tesseract -l por /tmp/tmptft8eklx.png stdout tsv
11:08:30 INFO     Finished converting document documento-diretivo-mcom-_-ptd-25_27-copia_tarjada.pdf in 67.45 sec.
11:08:30 INFO     [2/7] ✓ MCOM      :  14 riscos | 67.5s | ETA ~5min
11:08:30 INFO     [3/7] → fiocruz_novo-ptd_2-1_docdiretivo_repactuacao_2024-2026_assinado_assinado-copia_tarjada.pdf
11:08:30 INFO     detected formats: [<InputFormat.PDF: 'pdf'>]
11:08:30 INFO     Going to convert document batch...
11:08:30 INFO     Processing document fiocruz_novo-ptd_2-1_docdiretivo_repactuacao_2024-2026_assinado_assinado-copia_tarjada.pdf
11:08:47 INFO     Finished converting document fiocruz_novo-ptd_2-1_docdiretivo_repactuacao_2024-2026_assinado_assinado-copia_tarjada.pdf in 17.67 sec.
11:08:47 INFO     [3/7] ✓ FIOCRUZ   :   6 riscos | 17.7s | ETA ~3min
11:08:47 INFO     [4/7] → funai_ptd_2025_2027_docdiretivo_assinado-1_tarjado.pdf
11:08:47 INFO     detected formats: [<InputFormat.PDF: 'pdf'>]
11:08:47 INFO     Going to convert document batch...
11:08:47 INFO     Processing document funai_ptd_2025_2027_docdiretivo_assinado-1_tarjado.pdf
11:08:49 INFO     command: tesseract --psm 0 -l osd /tmp/tmpt3_ui6as.png stdout
11:08:49 INFO     command: tesseract -l por /tmp/tmpt3_ui6as.png stdout tsv
11:08:51 INFO     command: tesseract --psm 0 -l osd /tmp/tmpd3a9uz63.png stdout
11:08:52 INFO     command: tesseract -l por /tmp/tmpd3a9uz63.png stdout tsv
11:08:56 INFO     command: tesseract --psm 0 -l osd /tmp/tmptirwizgr.png stdout
11:08:57 INFO     command: tesseract -l por /tmp/tmptirwizgr.png stdout tsv
11:08:59 INFO     command: tesseract --psm 0 -l osd /tmp/tmpxy0hvdbm.png stdout
11:09:00 INFO     command: tesseract -l por /tmp/tmpxy0hvdbm.png stdout tsv
11:09:01 INFO     command: tesseract --psm 0 -l osd /tmp/tmp_lqa7pde.png stdout
11:09:02 INFO     command: tesseract -l por /tmp/tmp_lqa7pde.png stdout tsv
11:09:04 INFO     command: tesseract --psm 0 -l osd /tmp/tmpjhgikl1b.png stdout
11:09:06 INFO     command: tesseract -l por /tmp/tmpjhgikl1b.png stdout tsv
11:09:17 INFO     command: tesseract --psm 0 -l osd /tmp/tmph8sb4xsk.png stdout
11:09:17 INFO     command: tesseract -l por /tmp/tmph8sb4xsk.png stdout tsv
11:09:19 INFO     command: tesseract --psm 0 -l osd /tmp/tmpf8wd6l74.png stdout
11:09:19 INFO     command: tesseract -l por /tmp/tmpf8wd6l74.png stdout tsv
11:09:21 INFO     command: tesseract --psm 0 -l osd /tmp/tmpi22ufurn.png stdout
11:09:22 INFO     command: tesseract -l por /tmp/tmpi22ufurn.png stdout tsv
11:09:23 INFO     command: tesseract --psm 0 -l osd /tmp/tmp0scadym5.png stdout
11:09:25 INFO     command: tesseract -l por /tmp/tmp0scadym5.png stdout tsv
11:09:39 INFO     command: tesseract --psm 0 -l osd /tmp/tmp4uh7738n.png stdout
11:09:40 INFO     command: tesseract -l por /tmp/tmp4uh7738n.png stdout tsv
11:09:46 INFO     command: tesseract --psm 0 -l osd /tmp/tmphyimildm.png stdout
11:09:47 INFO     command: tesseract -l por /tmp/tmphyimildm.png stdout tsv
11:09:48 INFO     command: tesseract --psm 0 -l osd /tmp/tmpbyy9uiwy.png stdout
11:09:49 INFO     command: tesseract -l por /tmp/tmpbyy9uiwy.png stdout tsv
11:09:56 INFO     Finished converting document funai_ptd_2025_2027_docdiretivo_assinado-1_tarjado.pdf in 68.31 sec.
11:09:56 INFO     [4/7] ✓ FUNAI     :  15 riscos | 68.3s | ETA ~2min
11:09:56 INFO     [5/7] → incra_ptd_docdiretivo__assinado-1_assinado_assinado-copia_tarjada.pdf
11:09:56 INFO     detected formats: [<InputFormat.PDF: 'pdf'>]
11:09:56 INFO     Going to convert document batch...
11:09:56 INFO     Processing document incra_ptd_docdiretivo__assinado-1_assinado_assinado-copia_tarjada.pdf
11:09:57 INFO     command: tesseract --psm 0 -l osd /tmp/tmp5xs_rrpl.png stdout
11:09:57 INFO     command: tesseract -l por /tmp/tmp5xs_rrpl.png stdout tsv
11:09:59 INFO     command: tesseract --psm 0 -l osd /tmp/tmpum3o7rbu.png stdout
11:10:01 INFO     command: tesseract -l por /tmp/tmpum3o7rbu.png stdout tsv
11:10:06 INFO     command: tesseract --psm 0 -l osd /tmp/tmpp5z7cg8x.png stdout
11:10:07 INFO     command: tesseract -l por /tmp/tmpp5z7cg8x.png stdout tsv
11:10:09 INFO     command: tesseract --psm 0 -l osd /tmp/tmp7_1w5luf.png stdout
11:10:10 INFO     command: tesseract -l por /tmp/tmp7_1w5luf.png stdout tsv
11:10:11 INFO     command: tesseract --psm 0 -l osd /tmp/tmpfedc1a7a.png stdout
11:10:12 INFO     command: tesseract -l por /tmp/tmpfedc1a7a.png stdout tsv
11:10:14 INFO     command: tesseract --psm 0 -l osd /tmp/tmpole4457u.png stdout
11:10:16 INFO     command: tesseract -l por /tmp/tmpole4457u.png stdout tsv
11:10:32 INFO     command: tesseract --psm 0 -l osd /tmp/tmpf5osr29b.png stdout
11:10:33 INFO     command: tesseract -l por /tmp/tmpf5osr29b.png stdout tsv
11:10:35 INFO     command: tesseract --psm 0 -l osd /tmp/tmpol_wkikr.png stdout
11:10:35 INFO     command: tesseract -l por /tmp/tmpol_wkikr.png stdout tsv
11:10:37 INFO     command: tesseract --psm 0 -l osd /tmp/tmpwinos7kh.png stdout
11:10:38 INFO     command: tesseract -l por /tmp/tmpwinos7kh.png stdout tsv
11:10:40 INFO     command: tesseract --psm 0 -l osd /tmp/tmp5j9znkmo.png stdout
11:10:41 INFO     command: tesseract -l por /tmp/tmp5j9znkmo.png stdout tsv
11:10:45 INFO     command: tesseract --psm 0 -l osd /tmp/tmpyb4lo3xk.png stdout
11:10:46 INFO     command: tesseract -l por /tmp/tmpyb4lo3xk.png stdout tsv
11:10:51 INFO     command: tesseract --psm 0 -l osd /tmp/tmp_ni34ofn.png stdout
11:10:52 INFO     command: tesseract -l por /tmp/tmp_ni34ofn.png stdout tsv
11:10:59 INFO     command: tesseract --psm 0 -l osd /tmp/tmpncj6zudy.png stdout
11:10:59 INFO     command: tesseract -l por /tmp/tmpncj6zudy.png stdout tsv
11:11:07 INFO     Finished converting document incra_ptd_docdiretivo__assinado-1_assinado_assinado-copia_tarjada.pdf in 71.53 sec.
11:11:07 INFO     [5/7] ✓ INCRA     :  15 riscos | 71.5s | ETA ~1min
11:11:07 INFO     [6/7] → iti_doc_diretivo_assinado-1_tarjado.pdf
11:11:07 INFO     detected formats: [<InputFormat.PDF: 'pdf'>]
11:11:07 INFO     Going to convert document batch...
11:11:07 INFO     Processing document iti_doc_diretivo_assinado-1_tarjado.pdf
11:11:08 INFO     command: tesseract --psm 0 -l osd /tmp/tmpz1shoadc.png stdout
11:11:08 INFO     command: tesseract -l por /tmp/tmpz1shoadc.png stdout tsv
11:11:11 INFO     command: tesseract --psm 0 -l osd /tmp/tmpxpaoois5.png stdout
11:11:12 INFO     command: tesseract -l por /tmp/tmpxpaoois5.png stdout tsv
11:11:16 INFO     command: tesseract --psm 0 -l osd /tmp/tmpv19ypuh7.png stdout
11:11:17 INFO     command: tesseract -l por /tmp/tmpv19ypuh7.png stdout tsv
11:11:19 INFO     command: tesseract --psm 0 -l osd /tmp/tmp25lggrz_.png stdout
11:11:20 INFO     command: tesseract -l por /tmp/tmp25lggrz_.png stdout tsv
11:11:21 INFO     command: tesseract --psm 0 -l osd /tmp/tmps2irc099.png stdout
11:11:22 INFO     command: tesseract -l por /tmp/tmps2irc099.png stdout tsv
11:11:24 INFO     command: tesseract --psm 0 -l osd /tmp/tmpyi5ahyd1.png stdout
11:11:26 INFO     command: tesseract -l por /tmp/tmpyi5ahyd1.png stdout tsv
11:11:38 INFO     command: tesseract --psm 0 -l osd /tmp/tmpk_hi2hsc.png stdout
11:11:39 INFO     command: tesseract -l por /tmp/tmpk_hi2hsc.png stdout tsv
11:11:41 INFO     command: tesseract --psm 0 -l osd /tmp/tmpbif4_ai9.png stdout
11:11:42 INFO     command: tesseract -l por /tmp/tmpbif4_ai9.png stdout tsv
11:11:44 INFO     command: tesseract --psm 0 -l osd /tmp/tmpj_4undav.png stdout
11:11:45 INFO     command: tesseract -l por /tmp/tmpj_4undav.png stdout tsv
11:11:47 INFO     command: tesseract --psm 0 -l osd /tmp/tmp3yorbr8p.png stdout
11:11:48 INFO     command: tesseract -l por /tmp/tmp3yorbr8p.png stdout tsv
11:12:00 INFO     command: tesseract --psm 0 -l osd /tmp/tmpxxyg6l_s.png stdout
11:12:01 INFO     command: tesseract -l por /tmp/tmpxxyg6l_s.png stdout tsv
11:12:05 INFO     Finished converting document iti_doc_diretivo_assinado-1_tarjado.pdf in 57.80 sec.
11:12:05 INFO     [6/7] ✓ ITI       :  14 riscos | 57.8s | ETA ~57s
11:12:05 INFO     [7/7] → sgpr_ptd_2026_2027_docdiretivo_assinado-copia_tarjada.pdf
11:12:05 INFO     detected formats: [<InputFormat.PDF: 'pdf'>]
11:12:05 INFO     Going to convert document batch...
11:12:05 INFO     Processing document sgpr_ptd_2026_2027_docdiretivo_assinado-copia_tarjada.pdf
11:12:25 INFO     Finished converting document sgpr_ptd_2026_2027_docdiretivo_assinado-copia_tarjada.pdf in 20.07 sec.
11:12:25 INFO     [7/7] ✓ SGPR      :  10 riscos | 20.1s | ETA ~0s
11:12:25 INFO     ╔══════════════════════════════════════════════════════════════╗
11:12:25 INFO     ║                   RISCOS — fase concluída                    ║
11:12:25 INFO     ║  Processados: 7     |  ✓ 7  ⚠ 0                              ║
11:12:25 INFO     ║  Duração: 6.0 min                                            ║
11:12:25 INFO     ║  81 riscos | 7 órgãos                                        ║
11:12:25 INFO     ╚══════════════════════════════════════════════════════════════╝
11:12:25 INFO     81 riscos | 0 ações | 135 relações
11:12:25 INFO     ptd_corpus_raw                     : 261 linhas
11:12:25 INFO     ptd_pivot_eixos                    : 7 linhas
11:12:28 INFO     ptd_datas_assinatura               : 132 linhas
11:12:28 INFO     ptd_riscos                         : 81 linhas
11:12:28 INFO     ptd_riscos_acoes                   : 135 linhas
11:12:28 INFO     Manifesto salvo: pipeline_manifest.json | SHA-256 de 132 PDFs
11:12:28 INFO     ==================================================
11:12:28 INFO     PTD-BR v3.0-melhorado — PIPELINE CONCLUÍDO
11:12:28 INFO     ==================================================
11:12:28 INFO     ptd_corpus_raw.csv                        160 KB
11:12:28 INFO     ptd_pivot_eixos.csv                         0 KB
11:12:28 INFO     ptd_datas_assinatura.csv                    9 KB
11:12:28 INFO     ptd_riscos.csv                             23 KB
11:12:28 INFO     ptd_riscos_acoes.csv                        2 KB
11:12:28 INFO     proveniencia.json                           0 KB
11:12:28 INFO     pipeline_manifest.json                     20 KB
11:12:28 INFO     📦 Artefatos: https://github.com/freirelucas/teste/actions/runs/23977319474
11:12:28 INFO     ==================================================
