21:32:26 INFO     Docling disponível
21:32:26 WARNING  OCR fallback indisponível (IndentationError: unexpected indent (ptd_ocr_fallback.py, line 45))
21:32:27 INFO     Ignorado (guia/template/norma): ABNT-NBR-17225-Acessibilidade-Digital.pdf
21:32:27 INFO     Ignorado (guia/template/norma): cgrep-guia10passos-ptd-orgao.pdf
21:32:27 INFO     Ignorado (guia/template/norma): ABNT-NBR-17225-Acessibilidade-Digital.pdf
21:32:27 INFO     Scraping: 132 PDFs únicos | entregas: 68 | diretivos: 61
21:32:27 INFO     Baixando 132 PDFs únicos...
21:32:29 INFO     ✓ [  1/132] abin_ptd_anexo_de_entregas_assinado_pelo_orgao_ass   293.3KB
21:32:33 INFO     ✓ [  2/132] aeb_ptd_2025_2027_docdiretivo_aprovado_assinado-1_  1033.7KB
21:32:35 INFO     ✓ [  3/132] aeb_ptd_2025_2027_anexo_de_entregas_aprovado_assin   154.5KB
21:32:40 INFO     ✓ [  4/132] agu_ptd_2025_2027_docdiretivo_assinado_assinado_as  2860.3KB
21:32:43 INFO     ✓ [  5/132] agu_ptd_2025_2027_anexo_de_entregas_assinado_assin   525.5KB
21:32:45 INFO     ✓ [  6/132] ana_ptd_2025_2027_docdiretivo_assinado_assinado_as   477.2KB
21:32:48 INFO     ✓ [  7/132] ana_ptd_2025_2027_anexoentregas_assinado_assinado_   170.9KB
21:32:51 INFO     ✓ [  8/132] anac_ptd_2025_2026_docdiretivo_se_assinado_tarjado  1036.3KB
21:32:53 INFO     ✓ [  9/132] anac_ptd_2025_2026_anexo_de_entregas_se_assinado.p   215.2KB
21:32:56 INFO     ✓ [ 10/132] anatel_ptd_docdiretivo_assinado_2025_2026_assinado  1006.0KB
21:32:58 INFO     ✓ [ 11/132] anatel_ptd_2025_2026_anexo_de_entregas_do_ptd_publ    71.9KB
21:33:02 INFO     ✓ [ 12/132] ancine_ptd_2024_2026_docdiretivo_assinado-2_assina   961.8KB
21:33:04 INFO     ✓ [ 13/132] ancine_ptd_2024_2026_-_anexo_de_entregas_aprovado_   613.2KB
21:33:07 INFO     ✓ [ 14/132] ptd_aneel_2025-2027_docdiretivo_assinado_tarjado.p   779.6KB
21:33:09 INFO     ✓ [ 15/132] ptd_aneel_2025-2027_anexo_de_entregas_assinado.pdf   111.9KB
21:33:13 INFO     ✓ [ 16/132] anm_ptd_2025_2027_docdiretivo_assinadopeloorgao_ta  1092.5KB
21:33:16 INFO     ✓ [ 17/132] anm_ptd_2025_2027_anexo_entregas_assinadopeloorgao  1140.4KB
21:33:20 INFO     ✓ [ 18/132] anpd_ptd_2025_2027_docdiretivo_assinado_assinado_a  1044.3KB
21:33:22 INFO     ✓ [ 19/132] anpd_ptd_2025_2027_anexo_de_entregas_assinado_assi   166.5KB
21:33:25 INFO     ✓ [ 20/132] ans-plano_de_transformacao_digital_assinado-copia_  1023.4KB
21:33:27 INFO     ✓ [ 21/132] ans_ptd_2025_2026_anexo_de_entregas_assinado_assin   124.1KB
21:33:30 INFO     ✓ [ 22/132] antaq_ptd_2025_2027_docdiretivo_assinado_assinado_  1039.8KB
21:33:32 INFO     ✓ [ 23/132] antaq_ptd_2025_2027_anexoentregas_assinado_assinad   145.1KB
21:33:34 INFO     ✓ [ 24/132] mt_anexo_de_entregas_-_assinado_assinado_assinado_   143.6KB
21:33:43 INFO     ✓ [ 25/132] anvisa_ptd_docdiretivo_2025-2026_assinado_assinado  5771.2KB
21:33:45 INFO     ✓ [ 26/132] anvisa_ptd_anexo_de_entregas_2025_2026_assinado_as   239.0KB
21:33:48 INFO     ✓ [ 27/132] bcb_documento_diretivo_assinado_assinado_assinado-   713.7KB
21:33:50 INFO     ✓ [ 28/132] bcb_anexo_de_entregas_ptd_25_26-1_assinado_assinad   134.8KB
21:33:53 INFO     ✓ [ 29/132] cade_ptd_docdiretivo_2025_2026_assinado-2_assinado   810.4KB
21:33:56 INFO     ✓ [ 30/132] cade_ptd_anexo_de_entregas_2025_2026_assinado_copi   504.0KB
21:33:59 INFO     ✓ [ 31/132] mec_ptd_docdiretivo_2025-2026_sei_mec-5566673_copi   863.1KB
21:34:01 INFO     ✓ [ 32/132] mec_ptd_anexo-de-entregas_sei_mec-5576401_copia_ta   495.7KB
21:34:05 INFO     ✓ [ 33/132] mec_ptd_docdiretivo-versao-comunicacao_copia_tarja  1616.5KB
21:34:07 INFO     ✓ [ 34/132] md_ptd_2026_2027_anexo_de_entregas_assinado_assina   579.4KB
21:34:10 INFO     ✓ [ 35/132] md_ptd_2026_2027_anexo_de_entregas_assinado_assina   186.8KB
21:34:13 INFO     ✓ [ 36/132] md_ptd_temp_copia_tarjada.pdf                        741.9KB
21:34:16 INFO     ✓ [ 37/132] cgu_ptd_docdiretivo_assinado_assinado_assinado-cop  1085.4KB
21:34:18 INFO     ✓ [ 38/132] cgu_ptd_anexo_de_entregas_pactuadas_assinado_assin   514.1KB
21:34:21 INFO     ✓ [ 39/132] cnpq_ptd_2025_2027_docdiretivo_assinado_assinado_a   342.9KB
21:34:23 INFO     ✓ [ 40/132] cnpq_ptd_2025_2027_anexo_de_entregas_assinado_assi   136.1KB
21:34:26 INFO     ✓ [ 41/132] coaf_ptd_2025_2026_documento_diretivo_assinado_ass  1068.0KB
21:34:32 INFO     ✓ [ 42/132] coaf_ptd_2025_2026_anexo_de_entregas-2_assinado_as  3184.5KB
21:34:38 INFO     ✓ [ 43/132] ptd_midr-docdiretivo_aprovado_assinado_tarjado.pdf  3864.1KB
21:34:41 INFO     ✓ [ 44/132] ptd_midr_-_anexo_de_entregas_-_aprovado_assinado.p  1122.0KB
21:34:44 INFO     ✓ [ 45/132] mda-documento-diretivo-assinado_ptd-2025-207-copia   955.8KB
21:34:47 INFO     ✓ [ 46/132] cvm_ptd_2025_2027_docdiretivo_assinado_assinado_as   270.5KB
21:34:49 INFO     ✓ [ 47/132] cvm_ptd_2025_2027_anexoentregas_assinado_assinado_   409.0KB
21:34:52 INFO     ✓ [ 48/132] dnocs_ptd_doc_diretivo_2025_2026_assinado_orgao-2_   891.1KB
21:34:55 INFO     ✓ [ 49/132] dnocs_anexo_de_entregas_repactuado_2025_2026_assin   272.3KB
21:35:00 INFO     ✓ [ 50/132] fbn_ptd_2025_2027_docdiretivo_assinado-1_tarjado.p  2921.6KB
21:35:02 INFO     ✓ [ 51/132] fbn_ptd_2025_2027_anexo_de_entregas_assinado-1.pdf   162.3KB
21:35:06 INFO     ✓ [ 52/132] fcp_ptd_2025_2027_docdiretivo_assinado-1_tarjado.p  1612.0KB
21:35:08 INFO     ✓ [ 53/132] fcp_ptd_2025_2027_anexo_de_entregas_assinado-1.pdf   118.8KB
21:35:11 INFO     ✓ [ 54/132] fcrb_ptd_2025_2026_docdiretivo_aprovado_assinado-1   998.2KB
21:35:14 INFO     ✓ [ 55/132] fcrb_ptd_2025_2026_anexo_de_entregas_aprovado_assi   313.5KB
21:35:17 INFO     ✓ [ 56/132] fiocruz_novo-ptd_2-1_docdiretivo_repactuacao_2024-  1318.1KB
21:35:20 INFO     ✓ [ 57/132] fiocruz_ptd_anexo_de_entregas_assinado_v1_assinado   257.1KB
21:35:23 INFO     ✓ [ 58/132] fiocruz-ptd-06_2024-copia_tarjada.pdf               1693.8KB
21:35:28 INFO     ✓ [ 59/132] funai_ptd_2025_2027_docdiretivo_assinado-1_tarjado  1842.1KB
21:35:30 INFO     ✓ [ 60/132] funai_anexo_de_entregas_repactuado_2026_2027_assin   435.7KB
21:35:33 INFO     ✓ [ 61/132] funarte_ptd_docdiretivo_assinado_21_01_2025_assina   965.7KB
21:35:36 INFO     ✓ [ 62/132] funarte_ptd_anexo_de_entregas_assinado_v1_assinado   683.6KB
21:35:39 INFO     ✓ [ 63/132] fundacentro_ptd_2025_2027_docdiretivo_assinado_ass   826.6KB
21:35:42 INFO     ✓ [ 64/132] fundacentro_ptd_2025_2027_anexo_de_entregas_assina   635.5KB
21:35:45 INFO     ✓ [ 65/132] mma_ptd_docdiretivo_assinado_2025_2026-1_assinado_   949.3KB
21:35:47 INFO     ✓ [ 66/132] mma_ptd_anexo_de_entregas_aprovado_final_assinado_   174.8KB
21:35:50 INFO     ✓ [ 67/132] ibge_docdiretivo_2025_assinado_assinado_assinado-c  1167.3KB
21:35:52 INFO     ✓ [ 68/132] ibge_ptd_25_26_anexo_de_entregas_modelo_v2-1_assin   143.7KB
21:36:02 INFO     ✓ [ 69/132] incra_ptd_docdiretivo__assinado-1_assinado_assinad  7182.0KB
21:36:06 INFO     ✓ [ 70/132] incra_anexo_de_entregas_assinado-1_assinado_assina  1818.6KB
21:36:12 INFO     ✓ [ 71/132] inpi_ptd_docdiretivo_assinado_2025_2026_assinado_a  3322.4KB
21:36:17 INFO     ✓ [ 72/132] inpi_ptd_anexo_de_entregas_assinado_v1_assinado_as  3078.1KB
21:36:21 INFO     ✓ [ 73/132] inss_ptd_2025_2027_docdiretivo-assinado-copia_tarj  1173.3KB
21:36:23 INFO     ✓ [ 74/132] inss_ptd_2025_2027_anexo_de_entregas-assinado-copi   110.8KB
21:36:26 INFO     ✓ [ 75/132] iphan_ptd_docdiretivo_assinado_2025_2026_assinado_   885.7KB
21:36:28 INFO     ✓ [ 76/132] iphan_ptd_anexo_de_entregas_assinado_v1_assinado_a   310.9KB
21:36:35 INFO     ✓ [ 77/132] iti_doc_diretivo_assinado-1_tarjado.pdf             4905.1KB
21:36:38 INFO     ✓ [ 78/132] iti_anexo_de_entregas_assinado.pdf                   556.4KB
21:36:42 INFO     ✓ [ 79/132] mapa_ptd_2025_2027_docdiretivo_assinado-1_tarjado.  1740.9KB
21:36:44 INFO     ✓ [ 80/132] mapa_ptd_2025_2027_anexo_de_entregas_assinado-1.pd   261.9KB
21:36:51 INFO     ✓ [ 81/132] documento-diretivo-mcom-_-ptd-25_27-copia_tarjada.  4451.9KB
21:36:54 INFO     ✓ [ 82/132] anexo-de-entregas-mcom_ptd-25_27-copia_tarjada.pdf  1213.8KB
21:37:00 INFO     ✓ [ 83/132] ptd_21_24_mcom-copia_tarjada.pdf                    3040.7KB
21:37:03 INFO     ✓ [ 84/132] mcti_ptd_2025-2027_docdiretivo_assinado-copia_tarj  1030.7KB
21:37:05 INFO     ✓ [ 85/132] mcti_ptd_2025-2027_anexo-de-entregas_assinado-copi   145.8KB
21:37:07 INFO     ✓ [ 86/132] mda-anexo-entregas-assinado_ptd-2025-2027-copia-ta   284.6KB
21:37:10 INFO     ✓ [ 87/132] mdhc_ptd_2025_2027_docdiretivo_assinado_assinado_a   753.4KB
21:37:12 INFO     ✓ [ 88/132] mdhc_ptd_2025_2027_anexoentregas_assinado_assinado   186.8KB
21:37:15 INFO     ✓ [ 89/132] mdic_ptd_anexo_de_entregas_assinado_v1_assinado_as   176.6KB
21:37:18 INFO     ✓ [ 90/132] memp_ptd_2025_2026_docdiretivo_assinado_assinado_a  1030.1KB
21:37:20 INFO     ✓ [ 91/132] memp_ptd_2025_2026_anexo_de_entregas_assinado_assi   161.5KB
21:37:24 INFO     ✓ [ 92/132] mesp_ptd_2025_2027_docdiretivo_assinado_assinado_2  1147.7KB
21:37:26 INFO     ✓ [ 93/132] mesp_ptd_2025_2027_anexo_de_entregas_assinado_assi   226.6KB
21:37:29 INFO     ✓ [ 94/132] mf_ptd_2026_2027_documentodiretivo_assinado_assina   955.1KB
21:37:32 INFO     ✓ [ 95/132] mf_ptd_2026_2027_anexo_de_entregas_1_mf_se_assinad   241.2KB
21:37:34 INFO     ✓ [ 96/132] mgi_ptd_2025_2027_docdiretivo_assinado_assinado_as   375.2KB
21:37:36 INFO     ✓ [ 97/132] mgi_ptd_2025_2027_anexo_de_entregas_assinado_assin   256.1KB
21:37:40 INFO     ✓ [ 98/132] minc_ptd_2025_2027_docdiretivo_assinado-1_assinado   863.6KB
21:37:42 INFO     ✓ [ 99/132] minc_ptd_2025_2027_anexo_de_entregas_assinado-1_as   276.7KB
21:37:45 INFO     ✓ [100/132] mjsp_ptd_docdiretivo_assinado_2025_2026_assinado_a   954.0KB
21:37:48 INFO     ✓ [101/132] mjsp_ptd_anexo_de_entregas_assinado_v1_assinado_as   253.9KB
21:37:50 INFO     ✓ [102/132] mme_ptd_2025_2027_docdiretivo_assinado-copia_tarja   664.5KB
21:37:52 INFO     ✓ [103/132] mme_ptd_2025_2027_anexo_de_entregas_assinado__1_-c   111.1KB
21:37:56 INFO     ✓ [104/132] mmulheres_ptd_2025_2027_docdiretivo_assinado_assin  1078.3KB
21:37:58 INFO     ✓ [105/132] mmulheres_ptd_2025_2027_anexo_de_entregas_assinado   216.9KB
21:38:01 INFO     ✓ [106/132] mpi_ptd_2025_2027_docdiretivo_ministerio_dos_povos   947.9KB
21:38:03 INFO     ✓ [107/132] mpi_ptd_anexo_de_entregas_do_plano_de_tranformacao   191.9KB
21:38:06 INFO     ✓ [108/132] mpo_ptd_docdiretivo_assinado_2025_2026_assinado_as   806.3KB
21:38:09 INFO     ✓ [109/132] mpo_ptd_anexo_de_entregas_assinado_v1_assinado_ass   323.2KB
21:38:12 INFO     ✓ [110/132] mpor_ptd_2025_2027_docdiretivo_assinado_assinado_a   876.5KB
21:38:14 INFO     ✓ [111/132] mpor_ptd_2025_2027_anexo_de_entregas_assinado_assi   175.1KB
21:38:17 INFO     ✓ [112/132] mps_ptd_2025-2026_docdiretivo_final_assinado-1_ass  1024.4KB
21:38:20 INFO     ✓ [113/132] mps_ptd_2025-2026_anexo_de_entregas_final_assinado   165.0KB
21:38:23 INFO     ✓ [114/132] mre_ptd_docdiretivo_assinado_2025_2026_assinado_as   760.9KB
21:38:25 INFO     ✓ [115/132] mre_ptd_anexo_de_entregas_assinado_v1_assinado_ass   233.2KB
21:38:28 INFO     ✓ [116/132] mte_ptd_2025_2026_docdiretivo_assinado_assinado_as   729.6KB
21:38:31 INFO     ✓ [117/132] mte_ptd_anexo_de_entregas_assinado_v1__281_29_assi   459.5KB
21:38:34 INFO     ✓ [118/132] mtur_ptd_docdiretiv_assinado_30_01_2025_assinado_a  1050.4KB
21:38:36 INFO     ✓ [119/132] mtur_ptd_anexo_de_entregas_assinado_30_01_2025_ass   118.8KB
21:38:39 INFO     ✓ [120/132] pf_ptd_docdiretivo_2025_2027_assinado-copia_tarjad   964.3KB
21:38:41 INFO     ✓ [121/132] pf_ptd_anexo_de_entregas_2025_2027_assinado-copia_    62.5KB
21:38:44 INFO     ✓ [122/132] mf_ptd_2026_2027_anexo_de_entregas_4_mf_pgfn_assin   466.8KB
21:38:53 INFO     ✓ [123/132] previc_plano_de_transformacao_digital_2025_2026_29  6652.7KB
21:38:55 INFO     ✓ [124/132] previc_ptd_repactuacao_2025-2026_assinado_assinado   182.9KB
21:38:58 INFO     ✓ [125/132] prf_documentodiretivo_ptd_2026-2027_assinado_tarja   535.9KB
21:39:00 INFO     ✓ [126/132] prf_anexo_de_entregas_do_ptd__2026_2027___ptd___en   157.7KB
21:39:02 INFO     ✓ [127/132] mf_ptd_2026_2027_anexo_de_entregas_2_mf_rfb_assina   253.7KB
21:39:05 INFO     ✓ [128/132] sgpr_ptd_2026_2027_docdiretivo_assinado-copia_tarj   791.2KB
21:39:09 INFO     ✓ [129/132] sgpr_ptd_2025_2027_anexo_de_entregas_assinado-copi   897.9KB
21:39:11 INFO     ✓ [130/132] mf_ptd_2026_2027_anexo_de_entregas_3_mf_stn_assina   467.8KB
21:39:14 INFO     ✓ [131/132] susep_ptd_2025_2027_docdiretivo-assinado-copia_tar  1030.1KB
21:39:17 INFO     ✓ [132/132] susep_ptd_2025-2026_anexo_de_entregas_final_assina   221.9KB
21:39:18 INFO     132 OK | 0 erros | 123.3 MB total
21:39:24 INFO     Sanity: 132 PDFs | 113 texto | 19 imagem/OCR | 0 duplicatas
21:39:24 INFO     --siglas (debug): 15 PDFs de ['AGU', 'FIOCRUZ', 'FUNAI', 'FUNDACENTRO', 'INCRA', 'ITI', 'MCOM', 'SGPR']
21:39:24 INFO     DocumentConverter instanciado (singleton × 2: plain + OCR)
21:39:24 INFO     [1/15] → agu_ptd_2025_2027_anexo_de_entregas_assinado_assinado_assinado-copia_tarjada.pdf
21:39:24 INFO     detected formats: [<InputFormat.PDF: 'pdf'>]
21:39:24 INFO     Going to convert document batch...
21:39:24 INFO     Initializing pipeline for StandardPdfPipeline with options hash bc6794697da537796efc497178f9263f
21:39:24 INFO     Loading plugin 'docling_defaults'
21:39:24 INFO     Registered picture descriptions: ['picture_description_vlm_engine', 'vlm', 'api']
21:39:24 INFO     Loading plugin 'docling_defaults'
21:39:24 INFO     Registered ocr engines: ['auto', 'easyocr', 'kserve_v2_ocr', 'ocrmac', 'rapidocr', 'tesserocr', 'tesseract']
21:39:24 INFO     command: tesseract --list-langs
21:39:24 INFO     Loading plugin 'docling_defaults'
21:39:24 INFO     Registered layout engines: ['layout_object_detection', 'docling_layout_default', 'docling_experimental_table_crops_layout']
21:39:24 INFO     Accelerator device: 'cpu'
21:39:24 INFO     HTTP Request: GET https://huggingface.co/api/models/docling-project/docling-layout-heron/revision/main "HTTP/1.1 200 OK"
21:39:24 INFO     HTTP Request: HEAD https://huggingface.co/docling-project/docling-layout-heron/resolve/8f39ad3c0b4c58e9c2d2c84a38465abf757272d8/README.md "HTTP/1.1 307 Temporary Redirect"
21:39:24 INFO     HTTP Request: HEAD https://huggingface.co/api/resolve-cache/models/docling-project/docling-layout-heron/8f39ad3c0b4c58e9c2d2c84a38465abf757272d8/README.md "HTTP/1.1 200 OK"
21:39:24 INFO     HTTP Request: HEAD https://huggingface.co/docling-project/docling-layout-heron/resolve/8f39ad3c0b4c58e9c2d2c84a38465abf757272d8/preprocessor_config.json "HTTP/1.1 307 Temporary Redirect"
21:39:24 WARNING  Warning: You are sending unauthenticated requests to the HF Hub. Please set a HF_TOKEN to enable higher rate limits and faster downloads.
21:39:24 INFO     HTTP Request: HEAD https://huggingface.co/docling-project/docling-layout-heron/resolve/8f39ad3c0b4c58e9c2d2c84a38465abf757272d8/.gitattributes "HTTP/1.1 307 Temporary Redirect"
21:39:24 INFO     HTTP Request: GET https://huggingface.co/api/resolve-cache/models/docling-project/docling-layout-heron/8f39ad3c0b4c58e9c2d2c84a38465abf757272d8/README.md "HTTP/1.1 200 OK"
21:39:24 INFO     HTTP Request: HEAD https://huggingface.co/docling-project/docling-layout-heron/resolve/8f39ad3c0b4c58e9c2d2c84a38465abf757272d8/config.json "HTTP/1.1 307 Temporary Redirect"
21:39:24 INFO     HTTP Request: HEAD https://huggingface.co/docling-project/docling-layout-heron/resolve/8f39ad3c0b4c58e9c2d2c84a38465abf757272d8/model.safetensors "HTTP/1.1 302 Found"
21:39:24 INFO     HTTP Request: HEAD https://huggingface.co/docling-project/docling-layout-heron/resolve/8f39ad3c0b4c58e9c2d2c84a38465abf757272d8/docling_heron_400.png "HTTP/1.1 307 Temporary Redirect"
21:39:24 INFO     HTTP Request: HEAD https://huggingface.co/api/resolve-cache/models/docling-project/docling-layout-heron/8f39ad3c0b4c58e9c2d2c84a38465abf757272d8/preprocessor_config.json "HTTP/1.1 200 OK"
21:39:24 INFO     HTTP Request: HEAD https://huggingface.co/api/resolve-cache/models/docling-project/docling-layout-heron/8f39ad3c0b4c58e9c2d2c84a38465abf757272d8/.gitattributes "HTTP/1.1 200 OK"
21:39:24 INFO     HTTP Request: HEAD https://huggingface.co/api/resolve-cache/models/docling-project/docling-layout-heron/8f39ad3c0b4c58e9c2d2c84a38465abf757272d8/config.json "HTTP/1.1 200 OK"
21:39:24 INFO     HTTP Request: HEAD https://huggingface.co/api/resolve-cache/models/docling-project/docling-layout-heron/8f39ad3c0b4c58e9c2d2c84a38465abf757272d8/docling_heron_400.png "HTTP/1.1 200 OK"
21:39:24 INFO     HTTP Request: GET https://huggingface.co/api/resolve-cache/models/docling-project/docling-layout-heron/8f39ad3c0b4c58e9c2d2c84a38465abf757272d8/preprocessor_config.json "HTTP/1.1 200 OK"
21:39:24 INFO     HTTP Request: GET https://huggingface.co/api/resolve-cache/models/docling-project/docling-layout-heron/8f39ad3c0b4c58e9c2d2c84a38465abf757272d8/.gitattributes "HTTP/1.1 200 OK"
21:39:24 INFO     HTTP Request: GET https://huggingface.co/api/resolve-cache/models/docling-project/docling-layout-heron/8f39ad3c0b4c58e9c2d2c84a38465abf757272d8/config.json "HTTP/1.1 200 OK"
21:39:24 INFO     HTTP Request: GET https://huggingface.co/api/resolve-cache/models/docling-project/docling-layout-heron/8f39ad3c0b4c58e9c2d2c84a38465abf757272d8/docling_heron_400.png "HTTP/1.1 200 OK"
21:39:24 INFO     HTTP Request: GET https://huggingface.co/api/models/docling-project/docling-layout-heron/xet-read-token/8f39ad3c0b4c58e9c2d2c84a38465abf757272d8 "HTTP/1.1 200 OK"
21:39:26 INFO     Loading plugin 'docling_defaults'
21:39:26 INFO     Registered table structure engines: ['docling_tableformer', 'docling_tableformer_v2']
21:39:26 INFO     HTTP Request: GET https://huggingface.co/api/models/docling-project/docling-models/revision/v2.3.0 "HTTP/1.1 200 OK"
21:39:26 INFO     HTTP Request: HEAD https://huggingface.co/docling-project/docling-models/resolve/fc0f2d45e2218ea24bce5045f58a389aed16dc23/.gitattributes "HTTP/1.1 307 Temporary Redirect"
21:39:26 INFO     HTTP Request: HEAD https://huggingface.co/docling-project/docling-models/resolve/fc0f2d45e2218ea24bce5045f58a389aed16dc23/config.json "HTTP/1.1 307 Temporary Redirect"
21:39:26 INFO     HTTP Request: HEAD https://huggingface.co/docling-project/docling-models/resolve/fc0f2d45e2218ea24bce5045f58a389aed16dc23/README.md "HTTP/1.1 307 Temporary Redirect"
21:39:26 INFO     HTTP Request: HEAD https://huggingface.co/docling-project/docling-models/resolve/fc0f2d45e2218ea24bce5045f58a389aed16dc23/model_artifacts/tableformer/accurate/tm_config.json "HTTP/1.1 307 Temporary Redirect"
21:39:26 INFO     HTTP Request: HEAD https://huggingface.co/docling-project/docling-models/resolve/fc0f2d45e2218ea24bce5045f58a389aed16dc23/.gitignore "HTTP/1.1 307 Temporary Redirect"
21:39:26 INFO     HTTP Request: HEAD https://huggingface.co/docling-project/docling-models/resolve/fc0f2d45e2218ea24bce5045f58a389aed16dc23/model_artifacts/tableformer/accurate/tableformer_accurate.safetensors "HTTP/1.1 302 Found"
21:39:26 INFO     HTTP Request: HEAD https://huggingface.co/api/resolve-cache/models/docling-project/docling-models/fc0f2d45e2218ea24bce5045f58a389aed16dc23/.gitattributes "HTTP/1.1 200 OK"
21:39:26 INFO     HTTP Request: HEAD https://huggingface.co/api/resolve-cache/models/docling-project/docling-models/fc0f2d45e2218ea24bce5045f58a389aed16dc23/config.json "HTTP/1.1 200 OK"
21:39:26 INFO     HTTP Request: HEAD https://huggingface.co/api/resolve-cache/models/docling-project/docling-models/fc0f2d45e2218ea24bce5045f58a389aed16dc23/README.md "HTTP/1.1 200 OK"
21:39:26 INFO     HTTP Request: HEAD https://huggingface.co/api/resolve-cache/models/docling-project/docling-models/fc0f2d45e2218ea24bce5045f58a389aed16dc23/model_artifacts%2Ftableformer%2Faccurate%2Ftm_config.json "HTTP/1.1 200 OK"
21:39:26 INFO     HTTP Request: HEAD https://huggingface.co/api/resolve-cache/models/docling-project/docling-models/fc0f2d45e2218ea24bce5045f58a389aed16dc23/.gitignore "HTTP/1.1 200 OK"
21:39:26 INFO     HTTP Request: GET https://huggingface.co/api/resolve-cache/models/docling-project/docling-models/fc0f2d45e2218ea24bce5045f58a389aed16dc23/model_artifacts%2Ftableformer%2Faccurate%2Ftm_config.json "HTTP/1.1 200 OK"
21:39:26 INFO     HTTP Request: HEAD https://huggingface.co/docling-project/docling-models/resolve/fc0f2d45e2218ea24bce5045f58a389aed16dc23/model_artifacts/tableformer/fast/tableformer_fast.safetensors "HTTP/1.1 302 Found"
21:39:26 INFO     HTTP Request: HEAD https://huggingface.co/docling-project/docling-models/resolve/fc0f2d45e2218ea24bce5045f58a389aed16dc23/model_artifacts/tableformer/fast/tm_config.json "HTTP/1.1 307 Temporary Redirect"
21:39:26 INFO     HTTP Request: GET https://huggingface.co/api/resolve-cache/models/docling-project/docling-models/fc0f2d45e2218ea24bce5045f58a389aed16dc23/README.md "HTTP/1.1 200 OK"
21:39:26 INFO     HTTP Request: GET https://huggingface.co/api/resolve-cache/models/docling-project/docling-models/fc0f2d45e2218ea24bce5045f58a389aed16dc23/.gitignore "HTTP/1.1 200 OK"
21:39:26 INFO     HTTP Request: GET https://huggingface.co/api/resolve-cache/models/docling-project/docling-models/fc0f2d45e2218ea24bce5045f58a389aed16dc23/.gitattributes "HTTP/1.1 200 OK"
21:39:26 INFO     HTTP Request: GET https://huggingface.co/api/resolve-cache/models/docling-project/docling-models/fc0f2d45e2218ea24bce5045f58a389aed16dc23/config.json "HTTP/1.1 200 OK"
21:39:26 INFO     HTTP Request: HEAD https://huggingface.co/api/resolve-cache/models/docling-project/docling-models/fc0f2d45e2218ea24bce5045f58a389aed16dc23/model_artifacts%2Ftableformer%2Ffast%2Ftm_config.json "HTTP/1.1 200 OK"
21:39:26 INFO     HTTP Request: GET https://huggingface.co/api/models/docling-project/docling-models/xet-read-token/fc0f2d45e2218ea24bce5045f58a389aed16dc23 "HTTP/1.1 200 OK"
21:39:26 INFO     HTTP Request: GET https://huggingface.co/api/resolve-cache/models/docling-project/docling-models/fc0f2d45e2218ea24bce5045f58a389aed16dc23/model_artifacts%2Ftableformer%2Ffast%2Ftm_config.json "HTTP/1.1 200 OK"
21:39:26 INFO     HTTP Request: GET https://huggingface.co/api/models/docling-project/docling-models/xet-read-token/fc0f2d45e2218ea24bce5045f58a389aed16dc23 "HTTP/1.1 200 OK"
21:39:27 INFO     Accelerator device: 'cpu'
21:39:27 INFO     Processing document agu_ptd_2025_2027_anexo_de_entregas_assinado_assinado_assinado-copia_tarjada.pdf
21:39:28 INFO     command: tesseract --psm 0 -l osd /tmp/tmpqwu9lpqp.png stdout
21:39:29 INFO     command: tesseract -l por /tmp/tmpqwu9lpqp.png stdout tsv
21:39:32 INFO     command: tesseract --psm 0 -l osd /tmp/tmpixq2wz08.png stdout
21:39:33 INFO     command: tesseract -l por /tmp/tmpixq2wz08.png stdout tsv
21:39:52 INFO     Finished converting document agu_ptd_2025_2027_anexo_de_entregas_assinado_assinado_assinado-copia_tarjada.pdf in 28.59 sec.
21:39:52 INFO       pixel_budget (Docling) agu_ptd_2025_2027_anexo_de_entregas_assinado_assinado_assinado-copia_tarjada.pdf: 45.8% (área tabelas/1001817 px²)
21:39:52 INFO     [1/15] ✓ AGU       :   33 entregas | 28.6s | ETA ~6min
21:39:52 INFO     [2/15] → agu_ptd_2025_2027_docdiretivo_assinado_assinado_assinado-copia_tarjada.pdf
21:39:52 INFO     detected formats: [<InputFormat.PDF: 'pdf'>]
21:39:52 INFO     Going to convert document batch...
21:39:52 INFO     Processing document agu_ptd_2025_2027_docdiretivo_assinado_assinado_assinado-copia_tarjada.pdf
21:39:53 INFO     command: tesseract --psm 0 -l osd /tmp/tmpw_mwzrp0.png stdout
21:39:53 INFO     command: tesseract -l por /tmp/tmpw_mwzrp0.png stdout tsv
21:39:56 INFO     command: tesseract --psm 0 -l osd /tmp/tmpfo0oekrg.png stdout
21:39:57 INFO     command: tesseract -l por /tmp/tmpfo0oekrg.png stdout tsv
21:40:01 INFO     command: tesseract --psm 0 -l osd /tmp/tmp6lhpdcws.png stdout
21:40:02 INFO     command: tesseract -l por /tmp/tmp6lhpdcws.png stdout tsv
21:40:04 INFO     command: tesseract --psm 0 -l osd /tmp/tmp7t_ot4mw.png stdout
21:40:05 INFO     command: tesseract -l por /tmp/tmp7t_ot4mw.png stdout tsv
21:40:07 INFO     command: tesseract --psm 0 -l osd /tmp/tmpzuauvmhb.png stdout
21:40:08 INFO     command: tesseract -l por /tmp/tmpzuauvmhb.png stdout tsv
21:40:10 INFO     command: tesseract --psm 0 -l osd /tmp/tmpt83d8qqz.png stdout
21:40:11 INFO     command: tesseract -l por /tmp/tmpt83d8qqz.png stdout tsv
21:40:22 INFO     command: tesseract --psm 0 -l osd /tmp/tmptidd13_8.png stdout
21:40:23 INFO     command: tesseract -l por /tmp/tmptidd13_8.png stdout tsv
21:40:25 INFO     command: tesseract --psm 0 -l osd /tmp/tmpvza63hpa.png stdout
21:40:26 INFO     command: tesseract -l por /tmp/tmpvza63hpa.png stdout tsv
21:40:28 INFO     command: tesseract --psm 0 -l osd /tmp/tmp8n1rkvh9.png stdout
21:40:29 INFO     command: tesseract -l por /tmp/tmp8n1rkvh9.png stdout tsv
21:40:31 INFO     command: tesseract --psm 0 -l osd /tmp/tmppprh1mxp.png stdout
21:40:32 INFO     command: tesseract -l por /tmp/tmppprh1mxp.png stdout tsv
21:40:44 INFO     command: tesseract --psm 0 -l osd /tmp/tmpo4q2w9zq.png stdout
21:40:45 INFO     command: tesseract -l por /tmp/tmpo4q2w9zq.png stdout tsv
21:40:49 INFO     Finished converting document agu_ptd_2025_2027_docdiretivo_assinado_assinado_assinado-copia_tarjada.pdf in 56.62 sec.
21:40:49 INFO       pixel_budget (Docling) agu_ptd_2025_2027_docdiretivo_assinado_assinado_assinado-copia_tarjada.pdf: 2.1% (área tabelas/5513330 px²)
21:40:49 INFO     [2/15] ✓ AGU       :    6 entregas | 56.6s | ETA ~9min
21:40:49 INFO     [3/15] → anexo-de-entregas-mcom_ptd-25_27-copia_tarjada.pdf
21:40:49 INFO     detected formats: [<InputFormat.PDF: 'pdf'>]
21:40:49 INFO     Going to convert document batch...
21:40:49 INFO     Processing document anexo-de-entregas-mcom_ptd-25_27-copia_tarjada.pdf
21:40:50 INFO     command: tesseract --psm 0 -l osd /tmp/tmpagkjha8g.png stdout
21:40:51 INFO     command: tesseract -l por /tmp/tmpagkjha8g.png stdout tsv
21:40:54 INFO     command: tesseract --psm 0 -l osd /tmp/tmp9wrvm4xv.png stdout
21:40:55 INFO     command: tesseract -l por /tmp/tmp9wrvm4xv.png stdout tsv
21:41:08 INFO     command: tesseract --psm 0 -l osd /tmp/tmpa4zgf01t.png stdout
21:41:09 INFO     command: tesseract -l por /tmp/tmpa4zgf01t.png stdout tsv
21:41:28 INFO     Finished converting document anexo-de-entregas-mcom_ptd-25_27-copia_tarjada.pdf in 39.44 sec.
21:41:28 INFO       pixel_budget (Docling) anexo-de-entregas-mcom_ptd-25_27-copia_tarjada.pdf: 55.2% (área tabelas/1503636 px²)
21:41:28 INFO     [3/15] ✓ MCOM      :   55 entregas | 39.5s | ETA ~8min
21:41:28 INFO     [4/15] → documento-diretivo-mcom-_-ptd-25_27-copia_tarjada.pdf
21:41:28 INFO     detected formats: [<InputFormat.PDF: 'pdf'>]
21:41:28 INFO     Going to convert document batch...
21:41:28 INFO     Processing document documento-diretivo-mcom-_-ptd-25_27-copia_tarjada.pdf
21:41:29 INFO     command: tesseract --psm 0 -l osd /tmp/tmpmjcm739w.png stdout
21:41:29 INFO     command: tesseract -l por /tmp/tmpmjcm739w.png stdout tsv
21:41:32 INFO     command: tesseract --psm 0 -l osd /tmp/tmpqoxosw3u.png stdout
21:41:33 INFO     command: tesseract -l por /tmp/tmpqoxosw3u.png stdout tsv
21:41:39 INFO     command: tesseract --psm 0 -l osd /tmp/tmps0ezu3a0.png stdout
21:41:40 INFO     command: tesseract -l por /tmp/tmps0ezu3a0.png stdout tsv
21:41:41 INFO     command: tesseract --psm 0 -l osd /tmp/tmpmji3nghe.png stdout
21:41:42 INFO     command: tesseract -l por /tmp/tmpmji3nghe.png stdout tsv
21:41:44 INFO     command: tesseract --psm 0 -l osd /tmp/tmpkaqzl_3z.png stdout
21:41:45 INFO     command: tesseract -l por /tmp/tmpkaqzl_3z.png stdout tsv
21:41:47 INFO     command: tesseract --psm 0 -l osd /tmp/tmpjb36shb8.png stdout
21:41:49 INFO     command: tesseract -l por /tmp/tmpjb36shb8.png stdout tsv
21:42:04 INFO     command: tesseract --psm 0 -l osd /tmp/tmpssbppkcy.png stdout
21:42:05 INFO     command: tesseract -l por /tmp/tmpssbppkcy.png stdout tsv
21:42:07 INFO     command: tesseract --psm 0 -l osd /tmp/tmprqes8pfe.png stdout
21:42:08 INFO     command: tesseract -l por /tmp/tmprqes8pfe.png stdout tsv
21:42:10 INFO     command: tesseract --psm 0 -l osd /tmp/tmpgx0iccpg.png stdout
21:42:11 INFO     command: tesseract -l por /tmp/tmpgx0iccpg.png stdout tsv
21:42:13 INFO     command: tesseract --psm 0 -l osd /tmp/tmpkj3aon24.png stdout
21:42:14 INFO     command: tesseract -l por /tmp/tmpkj3aon24.png stdout tsv
21:42:18 INFO     command: tesseract --psm 0 -l osd /tmp/tmprqpdi6fd.png stdout
21:42:19 INFO     command: tesseract -l por /tmp/tmprqpdi6fd.png stdout tsv
21:42:26 INFO     command: tesseract --psm 0 -l osd /tmp/tmp2wpwqeci.png stdout
21:42:27 INFO     command: tesseract -l por /tmp/tmp2wpwqeci.png stdout tsv
21:42:28 INFO     command: tesseract --psm 0 -l osd /tmp/tmplrkv22i9.png stdout
21:42:29 INFO     command: tesseract -l por /tmp/tmplrkv22i9.png stdout tsv
21:42:31 INFO     command: tesseract --psm 0 -l osd /tmp/tmpqwxz3r5r.png stdout
21:42:32 INFO     command: tesseract -l por /tmp/tmpqwxz3r5r.png stdout tsv
21:42:38 INFO     Finished converting document documento-diretivo-mcom-_-ptd-25_27-copia_tarjada.pdf in 69.34 sec.
21:42:38 INFO       pixel_budget (Docling) documento-diretivo-mcom-_-ptd-25_27-copia_tarjada.pdf: 10.8% (área tabelas/7016966 px²)
21:42:38 WARNING  [4/15] ⚠ MCOM      :    0 entregas | 69.4s | ETA ~8min
21:42:38 INFO     [5/15] → fiocruz-ptd-06_2024-copia_tarjada.pdf
21:42:38 INFO     detected formats: [<InputFormat.PDF: 'pdf'>]
21:42:38 INFO     Going to convert document batch...
21:42:38 INFO     Initializing pipeline for StandardPdfPipeline with options hash d18651824ca6fe56cf3ccb20424ac2c8
21:42:38 INFO     Accelerator device: 'cpu'
21:42:38 INFO     HTTP Request: GET https://huggingface.co/api/models/docling-project/docling-layout-heron/revision/main "HTTP/1.1 200 OK"
21:42:39 INFO     HTTP Request: GET https://huggingface.co/api/models/docling-project/docling-models/revision/v2.3.0 "HTTP/1.1 200 OK"
21:42:39 INFO     Accelerator device: 'cpu'
21:42:39 INFO     Processing document fiocruz-ptd-06_2024-copia_tarjada.pdf
21:43:46 INFO     Finished converting document fiocruz-ptd-06_2024-copia_tarjada.pdf in 68.04 sec.
21:43:46 INFO       pixel_budget (Docling) fiocruz-ptd-06_2024-copia_tarjada.pdf: 36.4% (área tabelas/7518178 px²)
21:43:46 WARNING  [5/15] ⚠ FIOCRUZ   :    0 entregas | 68.1s | ETA ~8min
21:43:46 INFO     [6/15] → fiocruz_novo-ptd_2-1_docdiretivo_repactuacao_2024-2026_assinado_assinado-copia_tarjada.pdf
21:43:46 INFO     detected formats: [<InputFormat.PDF: 'pdf'>]
21:43:46 INFO     Going to convert document batch...
21:43:46 INFO     Processing document fiocruz_novo-ptd_2-1_docdiretivo_repactuacao_2024-2026_assinado_assinado-copia_tarjada.pdf
21:44:04 INFO     Finished converting document fiocruz_novo-ptd_2-1_docdiretivo_repactuacao_2024-2026_assinado_assinado-copia_tarjada.pdf in 17.91 sec.
21:44:04 INFO       pixel_budget (Docling) fiocruz_novo-ptd_2-1_docdiretivo_repactuacao_2024-2026_assinado_assinado-copia_tarjada.pdf: 11.3% (área tabelas/5012118 px²)
21:44:04 WARNING  [6/15] ⚠ FIOCRUZ   :    0 entregas | 17.9s | ETA ~7min
21:44:04 INFO     [7/15] → fiocruz_ptd_anexo_de_entregas_assinado_v1_assinado_assinado-1-copia_tarjada.pdf
21:44:04 INFO     detected formats: [<InputFormat.PDF: 'pdf'>]
21:44:04 INFO     Going to convert document batch...
21:44:04 INFO     Processing document fiocruz_ptd_anexo_de_entregas_assinado_v1_assinado_assinado-1-copia_tarjada.pdf
21:44:36 INFO     Finished converting document fiocruz_ptd_anexo_de_entregas_assinado_v1_assinado_assinado-1-copia_tarjada.pdf in 31.93 sec.
21:44:36 INFO       pixel_budget (Docling) fiocruz_ptd_anexo_de_entregas_assinado_v1_assinado_assinado-1-copia_tarjada.pdf: 54.7% (área tabelas/2004847 px²)
21:44:36 INFO     [7/15] ✓ FIOCRUZ   :   62 entregas | 32.0s | ETA ~5min
21:44:36 INFO     [8/15] → funai_anexo_de_entregas_repactuado_2026_2027_assinado_assinado_assinado.pdf
21:44:36 INFO     detected formats: [<InputFormat.PDF: 'pdf'>]
21:44:36 INFO     Going to convert document batch...
21:44:36 INFO     Processing document funai_anexo_de_entregas_repactuado_2026_2027_assinado_assinado_assinado.pdf
21:44:37 INFO     command: tesseract --psm 0 -l osd /tmp/tmpcvcnuxtb.png stdout
21:44:37 INFO     command: tesseract -l por /tmp/tmpcvcnuxtb.png stdout tsv
21:44:51 INFO     Finished converting document funai_anexo_de_entregas_repactuado_2026_2027_assinado_assinado_assinado.pdf in 14.95 sec.
21:44:51 INFO       pixel_budget (Docling) funai_anexo_de_entregas_repactuado_2026_2027_assinado_assinado_assinado.pdf: 49.8% (área tabelas/501212 px²)
21:44:51 INFO     [8/15] ✓ FUNAI     :   22 entregas | 15.0s | ETA ~4min
21:44:51 INFO     [9/15] → funai_ptd_2025_2027_docdiretivo_assinado-1_tarjado.pdf
21:44:51 INFO     detected formats: [<InputFormat.PDF: 'pdf'>]
21:44:51 INFO     Going to convert document batch...
21:44:51 INFO     Processing document funai_ptd_2025_2027_docdiretivo_assinado-1_tarjado.pdf
21:44:52 INFO     command: tesseract --psm 0 -l osd /tmp/tmp9mzwbas5.png stdout
21:44:53 INFO     command: tesseract -l por /tmp/tmp9mzwbas5.png stdout tsv
21:44:54 INFO     command: tesseract --psm 0 -l osd /tmp/tmpe73z3xq1.png stdout
21:44:55 INFO     command: tesseract -l por /tmp/tmpe73z3xq1.png stdout tsv
21:44:58 INFO     command: tesseract --psm 0 -l osd /tmp/tmphvkc5jg9.png stdout
21:44:59 INFO     command: tesseract -l por /tmp/tmphvkc5jg9.png stdout tsv
21:45:01 INFO     command: tesseract --psm 0 -l osd /tmp/tmpd4veoar7.png stdout
21:45:02 INFO     command: tesseract -l por /tmp/tmpd4veoar7.png stdout tsv
21:45:03 INFO     command: tesseract --psm 0 -l osd /tmp/tmpu5hj7rwe.png stdout
21:45:04 INFO     command: tesseract -l por /tmp/tmpu5hj7rwe.png stdout tsv
21:45:06 INFO     command: tesseract --psm 0 -l osd /tmp/tmpjiqou722.png stdout
21:45:08 INFO     command: tesseract -l por /tmp/tmpjiqou722.png stdout tsv
21:45:18 INFO     command: tesseract --psm 0 -l osd /tmp/tmpnp6mxa3d.png stdout
21:45:19 INFO     command: tesseract -l por /tmp/tmpnp6mxa3d.png stdout tsv
21:45:20 INFO     command: tesseract --psm 0 -l osd /tmp/tmpnsyivuvt.png stdout
21:45:21 INFO     command: tesseract -l por /tmp/tmpnsyivuvt.png stdout tsv
21:45:23 INFO     command: tesseract --psm 0 -l osd /tmp/tmpwhzpb57l.png stdout
21:45:23 INFO     command: tesseract -l por /tmp/tmpwhzpb57l.png stdout tsv
21:45:25 INFO     command: tesseract --psm 0 -l osd /tmp/tmp3k0fdclg.png stdout
21:45:26 INFO     command: tesseract -l por /tmp/tmp3k0fdclg.png stdout tsv
21:45:38 INFO     command: tesseract --psm 0 -l osd /tmp/tmpfhnofska.png stdout
21:45:39 INFO     command: tesseract -l por /tmp/tmpfhnofska.png stdout tsv
21:45:44 INFO     command: tesseract --psm 0 -l osd /tmp/tmpqhej3yzg.png stdout
21:45:45 INFO     command: tesseract -l por /tmp/tmpqhej3yzg.png stdout tsv
21:45:47 INFO     command: tesseract --psm 0 -l osd /tmp/tmp8prii5n8.png stdout
21:45:48 INFO     command: tesseract -l por /tmp/tmp8prii5n8.png stdout tsv
21:45:54 INFO     Finished converting document funai_ptd_2025_2027_docdiretivo_assinado-1_tarjado.pdf in 63.63 sec.
21:45:54 INFO       pixel_budget (Docling) funai_ptd_2025_2027_docdiretivo_assinado-1_tarjado.pdf: 16.4% (área tabelas/6515754 px²)
21:45:54 INFO     [9/15] ✓ FUNAI     :    8 entregas | 63.6s | ETA ~4min
21:45:54 INFO     [10/15] → incra_anexo_de_entregas_assinado-1_assinado_assinado-copia_tarjada.pdf
21:45:54 INFO     detected formats: [<InputFormat.PDF: 'pdf'>]
21:45:54 INFO     Going to convert document batch...
21:45:54 INFO     Processing document incra_anexo_de_entregas_assinado-1_assinado_assinado-copia_tarjada.pdf
21:45:55 INFO     command: tesseract --psm 0 -l osd /tmp/tmp6gcqw9ad.png stdout
21:45:56 INFO     command: tesseract -l por /tmp/tmp6gcqw9ad.png stdout tsv
21:45:59 INFO     command: tesseract --psm 0 -l osd /tmp/tmpg2z8cv4g.png stdout
21:46:01 INFO     command: tesseract -l por /tmp/tmpg2z8cv4g.png stdout tsv
21:46:06 INFO     command: tesseract --psm 0 -l osd /tmp/tmp0nh0xk9d.png stdout
21:46:07 INFO     command: tesseract -l por /tmp/tmp0nh0xk9d.png stdout tsv
21:46:10 INFO     command: tesseract --psm 0 -l osd /tmp/tmpevr8r80x.png stdout
21:46:11 INFO     command: tesseract -l por /tmp/tmpevr8r80x.png stdout tsv
21:46:13 INFO     command: tesseract --psm 0 -l osd /tmp/tmpbpke9zu6.png stdout
21:46:14 INFO     command: tesseract -l por /tmp/tmpbpke9zu6.png stdout tsv
21:47:44 INFO     Finished converting document incra_anexo_de_entregas_assinado-1_assinado_assinado-copia_tarjada.pdf in 109.36 sec.
21:47:44 INFO       pixel_budget (Docling) incra_anexo_de_entregas_assinado-1_assinado_assinado-copia_tarjada.pdf: 30.0% (área tabelas/2423520 px²)
21:47:44 INFO     [10/15] ✓ INCRA     :   11 entregas | 109.4s | ETA ~4min
21:47:44 INFO     [11/15] → incra_ptd_docdiretivo__assinado-1_assinado_assinado-copia_tarjada.pdf
21:47:44 INFO     detected formats: [<InputFormat.PDF: 'pdf'>]
21:47:44 INFO     Going to convert document batch...
21:47:44 INFO     Processing document incra_ptd_docdiretivo__assinado-1_assinado_assinado-copia_tarjada.pdf
21:47:45 INFO     command: tesseract --psm 0 -l osd /tmp/tmp09uc34eo.png stdout
21:47:45 INFO     command: tesseract -l por /tmp/tmp09uc34eo.png stdout tsv
21:47:47 INFO     command: tesseract --psm 0 -l osd /tmp/tmprihlambm.png stdout
21:47:49 INFO     command: tesseract -l por /tmp/tmprihlambm.png stdout tsv
21:47:54 INFO     command: tesseract --psm 0 -l osd /tmp/tmpvi46wzbd.png stdout
21:47:55 INFO     command: tesseract -l por /tmp/tmpvi46wzbd.png stdout tsv
21:47:57 INFO     command: tesseract --psm 0 -l osd /tmp/tmpd7i32j7n.png stdout
21:47:58 INFO     command: tesseract -l por /tmp/tmpd7i32j7n.png stdout tsv
21:47:59 INFO     command: tesseract --psm 0 -l osd /tmp/tmp2gwbp600.png stdout
21:48:00 INFO     command: tesseract -l por /tmp/tmp2gwbp600.png stdout tsv
21:48:02 INFO     command: tesseract --psm 0 -l osd /tmp/tmp7j3a594l.png stdout
21:48:04 INFO     command: tesseract -l por /tmp/tmp7j3a594l.png stdout tsv
21:48:18 INFO     command: tesseract --psm 0 -l osd /tmp/tmp1pyoua5j.png stdout
21:48:19 INFO     command: tesseract -l por /tmp/tmp1pyoua5j.png stdout tsv
21:48:20 INFO     command: tesseract --psm 0 -l osd /tmp/tmpbuc_8tm9.png stdout
21:48:21 INFO     command: tesseract -l por /tmp/tmpbuc_8tm9.png stdout tsv
21:48:23 INFO     command: tesseract --psm 0 -l osd /tmp/tmpddzajdwm.png stdout
21:48:23 INFO     command: tesseract -l por /tmp/tmpddzajdwm.png stdout tsv
21:48:25 INFO     command: tesseract --psm 0 -l osd /tmp/tmp2pq1seuf.png stdout
21:48:27 INFO     command: tesseract -l por /tmp/tmp2pq1seuf.png stdout tsv
21:48:31 INFO     command: tesseract --psm 0 -l osd /tmp/tmpxdoorjgx.png stdout
21:48:32 INFO     command: tesseract -l por /tmp/tmpxdoorjgx.png stdout tsv
21:48:37 INFO     command: tesseract --psm 0 -l osd /tmp/tmpd6kkul6f.png stdout
21:48:38 INFO     command: tesseract -l por /tmp/tmpd6kkul6f.png stdout tsv
21:48:44 INFO     command: tesseract --psm 0 -l osd /tmp/tmpoz66pm7q.png stdout
21:48:45 INFO     command: tesseract -l por /tmp/tmpoz66pm7q.png stdout tsv
21:48:52 INFO     Finished converting document incra_ptd_docdiretivo__assinado-1_assinado_assinado-copia_tarjada.pdf in 68.61 sec.
21:48:52 INFO       pixel_budget (Docling) incra_ptd_docdiretivo__assinado-1_assinado_assinado-copia_tarjada.pdf: 20.2% (área tabelas/6515754 px²)
21:48:52 INFO     [11/15] ✓ INCRA     :    9 entregas | 68.6s | ETA ~3min
21:48:52 INFO     [12/15] → iti_anexo_de_entregas_assinado.pdf
21:48:52 INFO     detected formats: [<InputFormat.PDF: 'pdf'>]
21:48:52 INFO     Going to convert document batch...
21:48:52 INFO     Processing document iti_anexo_de_entregas_assinado.pdf
21:48:53 INFO     command: tesseract --psm 0 -l osd /tmp/tmptcpspe27.png stdout
21:48:54 INFO     command: tesseract -l por /tmp/tmptcpspe27.png stdout tsv
21:49:10 INFO     Finished converting document iti_anexo_de_entregas_assinado.pdf in 17.30 sec.
21:49:10 INFO       pixel_budget (Docling) iti_anexo_de_entregas_assinado.pdf: 57.2% (área tabelas/501212 px²)
21:49:10 INFO     [12/15] ✓ ITI       :   31 entregas | 17.3s | ETA ~2min
21:49:10 INFO     [13/15] → iti_doc_diretivo_assinado-1_tarjado.pdf
21:49:10 INFO     detected formats: [<InputFormat.PDF: 'pdf'>]
21:49:10 INFO     Going to convert document batch...
21:49:10 INFO     Processing document iti_doc_diretivo_assinado-1_tarjado.pdf
21:49:10 INFO     command: tesseract --psm 0 -l osd /tmp/tmpdx7c12ab.png stdout
21:49:11 INFO     command: tesseract -l por /tmp/tmpdx7c12ab.png stdout tsv
21:49:14 INFO     command: tesseract --psm 0 -l osd /tmp/tmpxrabsg3i.png stdout
21:49:15 INFO     command: tesseract -l por /tmp/tmpxrabsg3i.png stdout tsv
21:49:18 INFO     command: tesseract --psm 0 -l osd /tmp/tmp0i5j16nh.png stdout
21:49:19 INFO     command: tesseract -l por /tmp/tmp0i5j16nh.png stdout tsv
21:49:21 INFO     command: tesseract --psm 0 -l osd /tmp/tmpdut1bjnx.png stdout
21:49:22 INFO     command: tesseract -l por /tmp/tmpdut1bjnx.png stdout tsv
21:49:23 INFO     command: tesseract --psm 0 -l osd /tmp/tmpa2k40swc.png stdout
21:49:24 INFO     command: tesseract -l por /tmp/tmpa2k40swc.png stdout tsv
21:49:26 INFO     command: tesseract --psm 0 -l osd /tmp/tmpwos1rei1.png stdout
21:49:28 INFO     command: tesseract -l por /tmp/tmpwos1rei1.png stdout tsv
21:49:40 INFO     command: tesseract --psm 0 -l osd /tmp/tmp6q9e74ns.png stdout
21:49:41 INFO     command: tesseract -l por /tmp/tmp6q9e74ns.png stdout tsv
21:49:44 INFO     command: tesseract --psm 0 -l osd /tmp/tmp0nmjxbbo.png stdout
21:49:44 INFO     command: tesseract -l por /tmp/tmp0nmjxbbo.png stdout tsv
21:49:47 INFO     command: tesseract --psm 0 -l osd /tmp/tmpu7ybjxvv.png stdout
21:49:47 INFO     command: tesseract -l por /tmp/tmpu7ybjxvv.png stdout tsv
21:49:49 INFO     command: tesseract --psm 0 -l osd /tmp/tmp8pvym56_.png stdout
21:49:51 INFO     command: tesseract -l por /tmp/tmp8pvym56_.png stdout tsv
21:50:05 INFO     command: tesseract --psm 0 -l osd /tmp/tmpel0s_t25.png stdout
21:50:05 INFO     command: tesseract -l por /tmp/tmpel0s_t25.png stdout tsv
21:50:09 INFO     Finished converting document iti_doc_diretivo_assinado-1_tarjado.pdf in 58.89 sec.
21:50:09 INFO       pixel_budget (Docling) iti_doc_diretivo_assinado-1_tarjado.pdf: 8.0% (área tabelas/5516339 px²)
21:50:09 INFO     [13/15] ✓ ITI       :    6 entregas | 58.9s | ETA ~1min
21:50:09 INFO     [14/15] → sgpr_ptd_2025_2027_anexo_de_entregas_assinado-copia_tarjada.pdf
21:50:09 INFO     detected formats: [<InputFormat.PDF: 'pdf'>]
21:50:09 INFO     Going to convert document batch...
21:50:09 INFO     Processing document sgpr_ptd_2025_2027_anexo_de_entregas_assinado-copia_tarjada.pdf
21:50:10 INFO     command: tesseract --psm 0 -l osd /tmp/tmpk0qw9qbi.png stdout
21:50:10 INFO     command: tesseract -l por /tmp/tmpk0qw9qbi.png stdout tsv
21:50:13 INFO     command: tesseract --psm 0 -l osd /tmp/tmpalskprig.png stdout
21:50:15 INFO     command: tesseract -l por /tmp/tmpalskprig.png stdout tsv
21:50:27 INFO     Finished converting document sgpr_ptd_2025_2027_anexo_de_entregas_assinado-copia_tarjada.pdf in 18.19 sec.
21:50:27 INFO       pixel_budget (Docling) sgpr_ptd_2025_2027_anexo_de_entregas_assinado-copia_tarjada.pdf: 29.5% (área tabelas/1002424 px²)
21:50:27 INFO     [14/15] ✓ SGPR      :   18 entregas | 18.2s | ETA ~47s
21:50:27 INFO     [15/15] → sgpr_ptd_2026_2027_docdiretivo_assinado-copia_tarjada.pdf
21:50:27 INFO     detected formats: [<InputFormat.PDF: 'pdf'>]
21:50:27 INFO     Going to convert document batch...
21:50:27 INFO     Processing document sgpr_ptd_2026_2027_docdiretivo_assinado-copia_tarjada.pdf
21:50:46 INFO     Finished converting document sgpr_ptd_2026_2027_docdiretivo_assinado-copia_tarjada.pdf in 19.69 sec.
21:50:46 INFO       pixel_budget (Docling) sgpr_ptd_2026_2027_docdiretivo_assinado-copia_tarjada.pdf: 8.2% (área tabelas/5513330 px²)
21:50:46 WARNING  [15/15] ⚠ SGPR      :    0 entregas | 19.7s | ETA ~0s
21:50:47 INFO     261 registros | 7 órgãos
21:50:47 INFO     ╔══════════════════════════════════════════════════════════════╗
21:50:47 INFO     ║                  ENTREGAS — fase concluída                   ║
21:50:47 INFO     ║  Processados: 15    |  ✓ 11  ⚠ 4                             ║
21:50:47 INFO     ║  Duração: 11.4 min                                           ║
21:50:47 INFO     ║  261 registros | 7 órgãos                                    ║
21:50:47 INFO     ╚══════════════════════════════════════════════════════════════╝
21:50:47 INFO     [1/7] → agu_ptd_2025_2027_docdiretivo_assinado_assinado_assinado-copia_tarjada.pdf
21:50:47 INFO     detected formats: [<InputFormat.PDF: 'pdf'>]
21:50:47 INFO     Going to convert document batch...
21:50:47 INFO     Processing document agu_ptd_2025_2027_docdiretivo_assinado_assinado_assinado-copia_tarjada.pdf
21:50:47 INFO     command: tesseract --psm 0 -l osd /tmp/tmpz4dmbxto.png stdout
21:50:47 INFO     command: tesseract -l por /tmp/tmpz4dmbxto.png stdout tsv
21:50:49 INFO     command: tesseract --psm 0 -l osd /tmp/tmpmo3svd4f.png stdout
21:50:50 INFO     command: tesseract -l por /tmp/tmpmo3svd4f.png stdout tsv
21:50:55 INFO     command: tesseract --psm 0 -l osd /tmp/tmp5rw1w1kd.png stdout
21:50:56 INFO     command: tesseract -l por /tmp/tmp5rw1w1kd.png stdout tsv
21:50:58 INFO     command: tesseract --psm 0 -l osd /tmp/tmpkf_yb07u.png stdout
21:50:59 INFO     command: tesseract -l por /tmp/tmpkf_yb07u.png stdout tsv
21:51:01 INFO     command: tesseract --psm 0 -l osd /tmp/tmpzjtd7gg_.png stdout
21:51:02 INFO     command: tesseract -l por /tmp/tmpzjtd7gg_.png stdout tsv
21:51:04 INFO     command: tesseract --psm 0 -l osd /tmp/tmpnkcebej3.png stdout
21:51:06 INFO     command: tesseract -l por /tmp/tmpnkcebej3.png stdout tsv
21:51:17 INFO     command: tesseract --psm 0 -l osd /tmp/tmpfbxqnm50.png stdout
21:51:17 INFO     command: tesseract -l por /tmp/tmpfbxqnm50.png stdout tsv
21:51:20 INFO     command: tesseract --psm 0 -l osd /tmp/tmpssb_bzx8.png stdout
21:51:20 INFO     command: tesseract -l por /tmp/tmpssb_bzx8.png stdout tsv
21:51:23 INFO     command: tesseract --psm 0 -l osd /tmp/tmplaa8_uz3.png stdout
21:51:23 INFO     command: tesseract -l por /tmp/tmplaa8_uz3.png stdout tsv
21:51:26 INFO     command: tesseract --psm 0 -l osd /tmp/tmpmrgpcmxk.png stdout
21:51:27 INFO     command: tesseract -l por /tmp/tmpmrgpcmxk.png stdout tsv
21:51:40 INFO     command: tesseract --psm 0 -l osd /tmp/tmpgydfq9gx.png stdout
21:51:41 INFO     command: tesseract -l por /tmp/tmpgydfq9gx.png stdout tsv
21:51:44 INFO     Finished converting document agu_ptd_2025_2027_docdiretivo_assinado_assinado_assinado-copia_tarjada.pdf in 57.75 sec.
21:51:44 INFO     [1/7] ✓ AGU       :   7 riscos | 57.8s | ETA ~5min
21:51:44 INFO     [2/7] → documento-diretivo-mcom-_-ptd-25_27-copia_tarjada.pdf
21:51:44 INFO     detected formats: [<InputFormat.PDF: 'pdf'>]
21:51:44 INFO     Going to convert document batch...
21:51:44 INFO     Processing document documento-diretivo-mcom-_-ptd-25_27-copia_tarjada.pdf
21:51:45 INFO     command: tesseract --psm 0 -l osd /tmp/tmpy3jo898j.png stdout
21:51:45 INFO     command: tesseract -l por /tmp/tmpy3jo898j.png stdout tsv
21:51:48 INFO     command: tesseract --psm 0 -l osd /tmp/tmp6usnl7sd.png stdout
21:51:49 INFO     command: tesseract -l por /tmp/tmp6usnl7sd.png stdout tsv
21:51:56 INFO     command: tesseract --psm 0 -l osd /tmp/tmprery2h27.png stdout
21:51:57 INFO     command: tesseract -l por /tmp/tmprery2h27.png stdout tsv
21:51:58 INFO     command: tesseract --psm 0 -l osd /tmp/tmppsoukzj_.png stdout
21:51:59 INFO     command: tesseract -l por /tmp/tmppsoukzj_.png stdout tsv
21:52:01 INFO     command: tesseract --psm 0 -l osd /tmp/tmpysem9fx_.png stdout
21:52:01 INFO     command: tesseract -l por /tmp/tmpysem9fx_.png stdout tsv
21:52:04 INFO     command: tesseract --psm 0 -l osd /tmp/tmpb25aglk4.png stdout
21:52:05 INFO     command: tesseract -l por /tmp/tmpb25aglk4.png stdout tsv
21:52:19 INFO     command: tesseract --psm 0 -l osd /tmp/tmpd59lkv_m.png stdout
21:52:20 INFO     command: tesseract -l por /tmp/tmpd59lkv_m.png stdout tsv
21:52:22 INFO     command: tesseract --psm 0 -l osd /tmp/tmp_0tfzau8.png stdout
21:52:23 INFO     command: tesseract -l por /tmp/tmp_0tfzau8.png stdout tsv
21:52:25 INFO     command: tesseract --psm 0 -l osd /tmp/tmposvljv8w.png stdout
21:52:26 INFO     command: tesseract -l por /tmp/tmposvljv8w.png stdout tsv
21:52:28 INFO     command: tesseract --psm 0 -l osd /tmp/tmpl49xbe8y.png stdout
21:52:29 INFO     command: tesseract -l por /tmp/tmpl49xbe8y.png stdout tsv
21:52:35 INFO     command: tesseract --psm 0 -l osd /tmp/tmpbx_6i203.png stdout
21:52:36 INFO     command: tesseract -l por /tmp/tmpbx_6i203.png stdout tsv
21:52:41 INFO     command: tesseract --psm 0 -l osd /tmp/tmp6_usmlsw.png stdout
21:52:42 INFO     command: tesseract -l por /tmp/tmp6_usmlsw.png stdout tsv
21:52:44 INFO     command: tesseract --psm 0 -l osd /tmp/tmpwk23_p1j.png stdout
21:52:44 INFO     command: tesseract -l por /tmp/tmpwk23_p1j.png stdout tsv
21:52:46 INFO     command: tesseract --psm 0 -l osd /tmp/tmp4_tzmhwc.png stdout
21:52:47 INFO     command: tesseract -l por /tmp/tmp4_tzmhwc.png stdout tsv
21:52:53 INFO     Finished converting document documento-diretivo-mcom-_-ptd-25_27-copia_tarjada.pdf in 68.99 sec.
21:52:53 INFO     [2/7] ✓ MCOM      :  14 riscos | 69.0s | ETA ~5min
21:52:53 INFO     [3/7] → fiocruz_novo-ptd_2-1_docdiretivo_repactuacao_2024-2026_assinado_assinado-copia_tarjada.pdf
21:52:53 INFO     detected formats: [<InputFormat.PDF: 'pdf'>]
21:52:53 INFO     Going to convert document batch...
21:52:53 INFO     Processing document fiocruz_novo-ptd_2-1_docdiretivo_repactuacao_2024-2026_assinado_assinado-copia_tarjada.pdf
21:53:11 INFO     Finished converting document fiocruz_novo-ptd_2-1_docdiretivo_repactuacao_2024-2026_assinado_assinado-copia_tarjada.pdf in 17.60 sec.
21:53:11 INFO     [3/7] ✓ FIOCRUZ   :   6 riscos | 17.6s | ETA ~3min
21:53:11 INFO     [4/7] → funai_ptd_2025_2027_docdiretivo_assinado-1_tarjado.pdf
21:53:11 INFO     detected formats: [<InputFormat.PDF: 'pdf'>]
21:53:11 INFO     Going to convert document batch...
21:53:11 INFO     Processing document funai_ptd_2025_2027_docdiretivo_assinado-1_tarjado.pdf
21:53:12 INFO     command: tesseract --psm 0 -l osd /tmp/tmpr_boj2pr.png stdout
21:53:13 INFO     command: tesseract -l por /tmp/tmpr_boj2pr.png stdout tsv
21:53:14 INFO     command: tesseract --psm 0 -l osd /tmp/tmpp8y1d3tn.png stdout
21:53:15 INFO     command: tesseract -l por /tmp/tmpp8y1d3tn.png stdout tsv
21:53:19 INFO     command: tesseract --psm 0 -l osd /tmp/tmpr6bepb8x.png stdout
21:53:19 INFO     command: tesseract -l por /tmp/tmpr6bepb8x.png stdout tsv
21:53:21 INFO     command: tesseract --psm 0 -l osd /tmp/tmpdrl4dcou.png stdout
21:53:22 INFO     command: tesseract -l por /tmp/tmpdrl4dcou.png stdout tsv
21:53:24 INFO     command: tesseract --psm 0 -l osd /tmp/tmpwf_gkir_.png stdout
21:53:24 INFO     command: tesseract -l por /tmp/tmpwf_gkir_.png stdout tsv
21:53:26 INFO     command: tesseract --psm 0 -l osd /tmp/tmp1nrq0kvn.png stdout
21:53:28 INFO     command: tesseract -l por /tmp/tmp1nrq0kvn.png stdout tsv
21:53:39 INFO     command: tesseract --psm 0 -l osd /tmp/tmpeupmgxkj.png stdout
21:53:40 INFO     command: tesseract -l por /tmp/tmpeupmgxkj.png stdout tsv
21:53:41 INFO     command: tesseract --psm 0 -l osd /tmp/tmp8w2yv3us.png stdout
21:53:42 INFO     command: tesseract -l por /tmp/tmp8w2yv3us.png stdout tsv
21:53:43 INFO     command: tesseract --psm 0 -l osd /tmp/tmp73h1kz3f.png stdout
21:53:44 INFO     command: tesseract -l por /tmp/tmp73h1kz3f.png stdout tsv
21:53:46 INFO     command: tesseract --psm 0 -l osd /tmp/tmpwmi9efst.png stdout
21:53:47 INFO     command: tesseract -l por /tmp/tmpwmi9efst.png stdout tsv
21:53:59 INFO     command: tesseract --psm 0 -l osd /tmp/tmp239ty65u.png stdout
21:54:00 INFO     command: tesseract -l por /tmp/tmp239ty65u.png stdout tsv
21:54:06 INFO     command: tesseract --psm 0 -l osd /tmp/tmp27r9sfvy.png stdout
21:54:07 INFO     command: tesseract -l por /tmp/tmp27r9sfvy.png stdout tsv
21:54:09 INFO     command: tesseract --psm 0 -l osd /tmp/tmp0o2m_v01.png stdout
21:54:09 INFO     command: tesseract -l por /tmp/tmp0o2m_v01.png stdout tsv
21:54:16 INFO     Finished converting document funai_ptd_2025_2027_docdiretivo_assinado-1_tarjado.pdf in 64.82 sec.
21:54:16 INFO     [4/7] ✓ FUNAI     :  15 riscos | 64.8s | ETA ~2min
21:54:16 INFO     [5/7] → incra_ptd_docdiretivo__assinado-1_assinado_assinado-copia_tarjada.pdf
21:54:16 INFO     detected formats: [<InputFormat.PDF: 'pdf'>]
21:54:16 INFO     Going to convert document batch...
21:54:16 INFO     Processing document incra_ptd_docdiretivo__assinado-1_assinado_assinado-copia_tarjada.pdf
21:54:17 INFO     command: tesseract --psm 0 -l osd /tmp/tmp__c3zpn8.png stdout
21:54:17 INFO     command: tesseract -l por /tmp/tmp__c3zpn8.png stdout tsv
21:54:20 INFO     command: tesseract --psm 0 -l osd /tmp/tmpimuwev_o.png stdout
21:54:21 INFO     command: tesseract -l por /tmp/tmpimuwev_o.png stdout tsv
21:54:28 INFO     command: tesseract --psm 0 -l osd /tmp/tmp6k5pwb8c.png stdout
21:54:28 INFO     command: tesseract -l por /tmp/tmp6k5pwb8c.png stdout tsv
21:54:30 INFO     command: tesseract --psm 0 -l osd /tmp/tmpihcr_036.png stdout
21:54:31 INFO     command: tesseract -l por /tmp/tmpihcr_036.png stdout tsv
21:54:33 INFO     command: tesseract --psm 0 -l osd /tmp/tmpc5w4mq7o.png stdout
21:54:33 INFO     command: tesseract -l por /tmp/tmpc5w4mq7o.png stdout tsv
21:54:36 INFO     command: tesseract --psm 0 -l osd /tmp/tmpgjk663uh.png stdout
21:54:37 INFO     command: tesseract -l por /tmp/tmpgjk663uh.png stdout tsv
21:54:52 INFO     command: tesseract --psm 0 -l osd /tmp/tmpkdai1old.png stdout
21:54:53 INFO     command: tesseract -l por /tmp/tmpkdai1old.png stdout tsv
21:54:54 INFO     command: tesseract --psm 0 -l osd /tmp/tmpjo08l52b.png stdout
21:54:55 INFO     command: tesseract -l por /tmp/tmpjo08l52b.png stdout tsv
21:54:57 INFO     command: tesseract --psm 0 -l osd /tmp/tmp69eskd2x.png stdout
21:54:57 INFO     command: tesseract -l por /tmp/tmp69eskd2x.png stdout tsv
21:54:59 INFO     command: tesseract --psm 0 -l osd /tmp/tmpadh865rx.png stdout
21:55:01 INFO     command: tesseract -l por /tmp/tmpadh865rx.png stdout tsv
21:55:05 INFO     command: tesseract --psm 0 -l osd /tmp/tmpf69_vfh_.png stdout
21:55:06 INFO     command: tesseract -l por /tmp/tmpf69_vfh_.png stdout tsv
21:55:14 INFO     command: tesseract --psm 0 -l osd /tmp/tmpt76tun1d.png stdout
21:55:15 INFO     command: tesseract -l por /tmp/tmpt76tun1d.png stdout tsv
21:55:18 INFO     command: tesseract --psm 0 -l osd /tmp/tmpp4x2aq4u.png stdout
21:55:18 INFO     command: tesseract -l por /tmp/tmpp4x2aq4u.png stdout tsv
21:55:26 INFO     Finished converting document incra_ptd_docdiretivo__assinado-1_assinado_assinado-copia_tarjada.pdf in 70.09 sec.
21:55:26 INFO     [5/7] ✓ INCRA     :  15 riscos | 70.1s | ETA ~1min
21:55:26 INFO     [6/7] → iti_doc_diretivo_assinado-1_tarjado.pdf
21:55:26 INFO     detected formats: [<InputFormat.PDF: 'pdf'>]
21:55:26 INFO     Going to convert document batch...
21:55:26 INFO     Processing document iti_doc_diretivo_assinado-1_tarjado.pdf
21:55:27 INFO     command: tesseract --psm 0 -l osd /tmp/tmpj7zoi0is.png stdout
21:55:27 INFO     command: tesseract -l por /tmp/tmpj7zoi0is.png stdout tsv
21:55:29 INFO     command: tesseract --psm 0 -l osd /tmp/tmpy1lbukve.png stdout
21:55:31 INFO     command: tesseract -l por /tmp/tmpy1lbukve.png stdout tsv
21:55:34 INFO     command: tesseract --psm 0 -l osd /tmp/tmp_45hppkc.png stdout
21:55:35 INFO     command: tesseract -l por /tmp/tmp_45hppkc.png stdout tsv
21:55:37 INFO     command: tesseract --psm 0 -l osd /tmp/tmpfu_h4bxr.png stdout
21:55:38 INFO     command: tesseract -l por /tmp/tmpfu_h4bxr.png stdout tsv
21:55:40 INFO     command: tesseract --psm 0 -l osd /tmp/tmp6zs4yolr.png stdout
21:55:40 INFO     command: tesseract -l por /tmp/tmp6zs4yolr.png stdout tsv
21:55:42 INFO     command: tesseract --psm 0 -l osd /tmp/tmpggaoawoj.png stdout
21:55:44 INFO     command: tesseract -l por /tmp/tmpggaoawoj.png stdout tsv
21:56:00 INFO     command: tesseract --psm 0 -l osd /tmp/tmp7qk9lf90.png stdout
21:56:01 INFO     command: tesseract -l por /tmp/tmp7qk9lf90.png stdout tsv
21:56:03 INFO     command: tesseract --psm 0 -l osd /tmp/tmpc93qqidz.png stdout
21:56:04 INFO     command: tesseract -l por /tmp/tmpc93qqidz.png stdout tsv
21:56:06 INFO     command: tesseract --psm 0 -l osd /tmp/tmpt_g99mg9.png stdout
21:56:07 INFO     command: tesseract -l por /tmp/tmpt_g99mg9.png stdout tsv
21:56:09 INFO     command: tesseract --psm 0 -l osd /tmp/tmp6ujz9x85.png stdout
21:56:10 INFO     command: tesseract -l por /tmp/tmp6ujz9x85.png stdout tsv
21:56:16 INFO     command: tesseract --psm 0 -l osd /tmp/tmpmj3tmiat.png stdout
21:56:17 INFO     command: tesseract -l por /tmp/tmpmj3tmiat.png stdout tsv
21:56:23 INFO     Finished converting document iti_doc_diretivo_assinado-1_tarjado.pdf in 57.34 sec.
21:56:23 INFO     [6/7] ✓ ITI       :  14 riscos | 57.4s | ETA ~56s
21:56:23 INFO     [7/7] → sgpr_ptd_2026_2027_docdiretivo_assinado-copia_tarjada.pdf
21:56:23 INFO     detected formats: [<InputFormat.PDF: 'pdf'>]
21:56:23 INFO     Going to convert document batch...
21:56:23 INFO     Processing document sgpr_ptd_2026_2027_docdiretivo_assinado-copia_tarjada.pdf
21:56:43 INFO     Finished converting document sgpr_ptd_2026_2027_docdiretivo_assinado-copia_tarjada.pdf in 19.93 sec.
21:56:43 INFO     [7/7] ✓ SGPR      :  10 riscos | 19.9s | ETA ~0s
21:56:43 INFO     ╔══════════════════════════════════════════════════════════════╗
21:56:43 INFO     ║                   RISCOS — fase concluída                    ║
21:56:43 INFO     ║  Processados: 7     |  ✓ 7  ⚠ 0                              ║
21:56:43 INFO     ║  Duração: 5.9 min                                            ║
21:56:43 INFO     ║  81 riscos | 7 órgãos                                        ║
21:56:43 INFO     ╚══════════════════════════════════════════════════════════════╝
21:56:43 INFO     81 riscos | 0 ações | 135 relações
21:56:43 INFO     ptd_corpus_raw                     : 261 linhas
21:56:43 INFO     ptd_pivot_eixos                    : 7 linhas
21:56:46 INFO     ptd_datas_assinatura               : 132 linhas
21:56:46 INFO     ptd_riscos                         : 81 linhas
21:56:46 INFO     ptd_riscos_acoes                   : 135 linhas
21:56:46 INFO     Manifesto salvo: pipeline_manifest.json | SHA-256 de 132 PDFs
21:56:46 INFO     ==================================================
21:56:46 INFO     PTD-BR v3.0-melhorado — PIPELINE CONCLUÍDO
21:56:46 INFO     ==================================================
21:56:46 INFO     ptd_corpus_raw.csv                        160 KB
21:56:46 INFO     ptd_pivot_eixos.csv                         0 KB
21:56:46 INFO     ptd_datas_assinatura.csv                    9 KB
21:56:46 INFO     ptd_riscos.csv                             23 KB
21:56:46 INFO     ptd_riscos_acoes.csv                        2 KB
21:56:46 INFO     proveniencia.json                           0 KB
21:56:46 INFO     pipeline_manifest.json                     20 KB
21:56:46 INFO     📦 Artefatos: https://github.com/freirelucas/teste/actions/runs/23987983400
21:56:46 INFO     ==================================================
