09:23:36 INFO     Docling disponível
09:23:36 WARNING  OCR fallback indisponível (IndentationError: unexpected indent (ptd_ocr_fallback.py, line 45))
09:23:38 INFO     Ignorado (guia/template/norma): ABNT-NBR-17225-Acessibilidade-Digital.pdf
09:23:38 INFO     Ignorado (guia/template/norma): cgrep-guia10passos-ptd-orgao.pdf
09:23:38 INFO     Ignorado (guia/template/norma): ABNT-NBR-17225-Acessibilidade-Digital.pdf
09:23:38 INFO     Scraping: 132 PDFs únicos | entregas: 68 | diretivos: 61
09:23:38 INFO     Baixando 132 PDFs únicos...
09:23:39 INFO     ✓ [  1/132] abin_ptd_anexo_de_entregas_assinado_pelo_orgao_ass   293.3KB
09:23:44 INFO     ✓ [  2/132] aeb_ptd_2025_2027_docdiretivo_aprovado_assinado-1_  1033.7KB
09:23:46 INFO     ✓ [  3/132] aeb_ptd_2025_2027_anexo_de_entregas_aprovado_assin   154.5KB
09:23:52 INFO     ✓ [  4/132] agu_ptd_2025_2027_docdiretivo_assinado_assinado_as  2860.3KB
09:23:55 INFO     ✓ [  5/132] agu_ptd_2025_2027_anexo_de_entregas_assinado_assin   525.5KB
09:23:58 INFO     ✓ [  6/132] ana_ptd_2025_2027_docdiretivo_assinado_assinado_as   477.2KB
09:24:01 INFO     ✓ [  7/132] ana_ptd_2025_2027_anexoentregas_assinado_assinado_   170.9KB
09:24:05 INFO     ✓ [  8/132] anac_ptd_2025_2026_docdiretivo_se_assinado_tarjado  1036.3KB
09:24:07 INFO     ✓ [  9/132] anac_ptd_2025_2026_anexo_de_entregas_se_assinado.p   215.2KB
09:24:11 INFO     ✓ [ 10/132] anatel_ptd_docdiretivo_assinado_2025_2026_assinado  1006.0KB
09:24:13 INFO     ✓ [ 11/132] anatel_ptd_2025_2026_anexo_de_entregas_do_ptd_publ    71.9KB
09:24:17 INFO     ✓ [ 12/132] ancine_ptd_2024_2026_docdiretivo_assinado-2_assina   961.8KB
09:24:20 INFO     ✓ [ 13/132] ancine_ptd_2024_2026_-_anexo_de_entregas_aprovado_   613.2KB
09:24:23 INFO     ✓ [ 14/132] ptd_aneel_2025-2027_docdiretivo_assinado_tarjado.p   779.6KB
09:24:25 INFO     ✓ [ 15/132] ptd_aneel_2025-2027_anexo_de_entregas_assinado.pdf   111.9KB
09:24:29 INFO     ✓ [ 16/132] anm_ptd_2025_2027_docdiretivo_assinadopeloorgao_ta  1092.5KB
09:24:33 INFO     ✓ [ 17/132] anm_ptd_2025_2027_anexo_entregas_assinadopeloorgao  1140.4KB
09:24:36 INFO     ✓ [ 18/132] anpd_ptd_2025_2027_docdiretivo_assinado_assinado_a  1044.3KB
09:24:39 INFO     ✓ [ 19/132] anpd_ptd_2025_2027_anexo_de_entregas_assinado_assi   166.5KB
09:24:42 INFO     ✓ [ 20/132] ans-plano_de_transformacao_digital_assinado-copia_  1023.4KB
09:24:45 INFO     ✓ [ 21/132] ans_ptd_2025_2026_anexo_de_entregas_assinado_assin   124.1KB
09:24:48 INFO     ✓ [ 22/132] antaq_ptd_2025_2027_docdiretivo_assinado_assinado_  1039.8KB
09:24:50 INFO     ✓ [ 23/132] antaq_ptd_2025_2027_anexoentregas_assinado_assinad   145.1KB
09:24:53 INFO     ✓ [ 24/132] mt_anexo_de_entregas_-_assinado_assinado_assinado_   143.6KB
09:25:03 INFO     ✓ [ 25/132] anvisa_ptd_docdiretivo_2025-2026_assinado_assinado  5771.2KB
09:25:06 INFO     ✓ [ 26/132] anvisa_ptd_anexo_de_entregas_2025_2026_assinado_as   239.0KB
09:25:09 INFO     ✓ [ 27/132] bcb_documento_diretivo_assinado_assinado_assinado-   713.7KB
09:25:11 INFO     ✓ [ 28/132] bcb_anexo_de_entregas_ptd_25_26-1_assinado_assinad   134.8KB
09:25:15 INFO     ✓ [ 29/132] cade_ptd_docdiretivo_2025_2026_assinado-2_assinado   810.4KB
09:25:19 INFO     ✓ [ 30/132] cade_ptd_anexo_de_entregas_2025_2026_assinado_copi   504.0KB
09:25:22 INFO     ✓ [ 31/132] mec_ptd_docdiretivo_2025-2026_sei_mec-5566673_copi   863.1KB
09:25:25 INFO     ✓ [ 32/132] mec_ptd_anexo-de-entregas_sei_mec-5576401_copia_ta   495.7KB
09:25:30 INFO     ✓ [ 33/132] mec_ptd_docdiretivo-versao-comunicacao_copia_tarja  1616.5KB
09:25:33 INFO     ✓ [ 34/132] md_ptd_2026_2027_anexo_de_entregas_assinado_assina   579.4KB
09:25:35 INFO     ✓ [ 35/132] md_ptd_2026_2027_anexo_de_entregas_assinado_assina   186.8KB
09:25:39 INFO     ✓ [ 36/132] md_ptd_temp_copia_tarjada.pdf                        741.9KB
09:25:42 INFO     ✓ [ 37/132] cgu_ptd_docdiretivo_assinado_assinado_assinado-cop  1085.4KB
09:25:45 INFO     ✓ [ 38/132] cgu_ptd_anexo_de_entregas_pactuadas_assinado_assin   514.1KB
09:25:48 INFO     ✓ [ 39/132] cnpq_ptd_2025_2027_docdiretivo_assinado_assinado_a   342.9KB
09:25:50 INFO     ✓ [ 40/132] cnpq_ptd_2025_2027_anexo_de_entregas_assinado_assi   136.1KB
09:25:54 INFO     ✓ [ 41/132] coaf_ptd_2025_2026_documento_diretivo_assinado_ass  1068.0KB
09:26:00 INFO     ✓ [ 42/132] coaf_ptd_2025_2026_anexo_de_entregas-2_assinado_as  3184.5KB
09:26:08 INFO     ✓ [ 43/132] ptd_midr-docdiretivo_aprovado_assinado_tarjado.pdf  3864.1KB
09:26:11 INFO     ✓ [ 44/132] ptd_midr_-_anexo_de_entregas_-_aprovado_assinado.p  1122.0KB
09:26:15 INFO     ✓ [ 45/132] mda-documento-diretivo-assinado_ptd-2025-207-copia   955.8KB
09:26:17 INFO     ✓ [ 46/132] cvm_ptd_2025_2027_docdiretivo_assinado_assinado_as   270.5KB
09:26:20 INFO     ✓ [ 47/132] cvm_ptd_2025_2027_anexoentregas_assinado_assinado_   409.0KB
09:26:24 INFO     ✓ [ 48/132] dnocs_ptd_doc_diretivo_2025_2026_assinado_orgao-2_   891.1KB
09:26:26 INFO     ✓ [ 49/132] dnocs_anexo_de_entregas_repactuado_2025_2026_assin   272.3KB
09:26:33 INFO     ✓ [ 50/132] fbn_ptd_2025_2027_docdiretivo_assinado-1_tarjado.p  2921.6KB
09:26:35 INFO     ✓ [ 51/132] fbn_ptd_2025_2027_anexo_de_entregas_assinado-1.pdf   162.3KB
09:26:39 INFO     ✓ [ 52/132] fcp_ptd_2025_2027_docdiretivo_assinado-1_tarjado.p  1612.0KB
09:26:42 INFO     ✓ [ 53/132] fcp_ptd_2025_2027_anexo_de_entregas_assinado-1.pdf   118.8KB
09:26:45 INFO     ✓ [ 54/132] fcrb_ptd_2025_2026_docdiretivo_aprovado_assinado-1   998.2KB
09:26:48 INFO     ✓ [ 55/132] fcrb_ptd_2025_2026_anexo_de_entregas_aprovado_assi   313.5KB
09:26:52 INFO     ✓ [ 56/132] fiocruz_novo-ptd_2-1_docdiretivo_repactuacao_2024-  1318.1KB
09:26:54 INFO     ✓ [ 57/132] fiocruz_ptd_anexo_de_entregas_assinado_v1_assinado   257.1KB
09:27:00 INFO     ✓ [ 58/132] fiocruz-ptd-06_2024-copia_tarjada.pdf               1693.8KB
09:27:04 INFO     ✓ [ 59/132] funai_ptd_2025_2027_docdiretivo_assinado-1_tarjado  1842.1KB
09:27:07 INFO     ✓ [ 60/132] funai_anexo_de_entregas_repactuado_2026_2027_assin   435.7KB
09:27:10 INFO     ✓ [ 61/132] funarte_ptd_docdiretivo_assinado_21_01_2025_assina   965.7KB
09:27:14 INFO     ✓ [ 62/132] funarte_ptd_anexo_de_entregas_assinado_v1_assinado   683.6KB
09:27:17 INFO     ✓ [ 63/132] fundacentro_ptd_2025_2027_docdiretivo_assinado_ass   826.6KB
09:27:20 INFO     ✓ [ 64/132] fundacentro_ptd_2025_2027_anexo_de_entregas_assina   635.5KB
09:27:24 INFO     ✓ [ 65/132] mma_ptd_docdiretivo_assinado_2025_2026-1_assinado_   949.3KB
09:27:26 INFO     ✓ [ 66/132] mma_ptd_anexo_de_entregas_aprovado_final_assinado_   174.8KB
09:27:31 INFO     ✓ [ 67/132] ibge_docdiretivo_2025_assinado_assinado_assinado-c  1167.3KB
09:27:33 INFO     ✓ [ 68/132] ibge_ptd_25_26_anexo_de_entregas_modelo_v2-1_assin   143.7KB
09:27:45 INFO     ✓ [ 69/132] incra_ptd_docdiretivo__assinado-1_assinado_assinad  7182.0KB
09:27:50 INFO     ✓ [ 70/132] incra_anexo_de_entregas_assinado-1_assinado_assina  1818.6KB
09:27:56 INFO     ✓ [ 71/132] inpi_ptd_docdiretivo_assinado_2025_2026_assinado_a  3322.4KB
09:28:03 INFO     ✓ [ 72/132] inpi_ptd_anexo_de_entregas_assinado_v1_assinado_as  3078.1KB
09:28:07 INFO     ✓ [ 73/132] inss_ptd_2025_2027_docdiretivo-assinado-copia_tarj  1173.3KB
09:28:09 INFO     ✓ [ 74/132] inss_ptd_2025_2027_anexo_de_entregas-assinado-copi   110.8KB
09:28:12 INFO     ✓ [ 75/132] iphan_ptd_docdiretivo_assinado_2025_2026_assinado_   885.7KB
09:28:15 INFO     ✓ [ 76/132] iphan_ptd_anexo_de_entregas_assinado_v1_assinado_a   310.9KB
09:28:24 INFO     ✓ [ 77/132] iti_doc_diretivo_assinado-1_tarjado.pdf             4905.1KB
09:28:28 INFO     ✓ [ 78/132] iti_anexo_de_entregas_assinado.pdf                   556.4KB
09:28:32 INFO     ✓ [ 79/132] mapa_ptd_2025_2027_docdiretivo_assinado-1_tarjado.  1740.9KB
09:28:35 INFO     ✓ [ 80/132] mapa_ptd_2025_2027_anexo_de_entregas_assinado-1.pd   261.9KB
09:28:43 INFO     ✓ [ 81/132] documento-diretivo-mcom-_-ptd-25_27-copia_tarjada.  4451.9KB
09:28:47 INFO     ✓ [ 82/132] anexo-de-entregas-mcom_ptd-25_27-copia_tarjada.pdf  1213.8KB
09:28:53 INFO     ✓ [ 83/132] ptd_21_24_mcom-copia_tarjada.pdf                    3040.7KB
09:28:57 INFO     ✓ [ 84/132] mcti_ptd_2025-2027_docdiretivo_assinado-copia_tarj  1030.7KB
09:28:59 INFO     ✓ [ 85/132] mcti_ptd_2025-2027_anexo-de-entregas_assinado-copi   145.8KB
09:29:02 INFO     ✓ [ 86/132] mda-anexo-entregas-assinado_ptd-2025-2027-copia-ta   284.6KB
09:29:05 INFO     ✓ [ 87/132] mdhc_ptd_2025_2027_docdiretivo_assinado_assinado_a   753.4KB
09:29:08 INFO     ✓ [ 88/132] mdhc_ptd_2025_2027_anexoentregas_assinado_assinado   186.8KB
09:29:10 INFO     ✓ [ 89/132] mdic_ptd_anexo_de_entregas_assinado_v1_assinado_as   176.6KB
09:29:14 INFO     ✓ [ 90/132] memp_ptd_2025_2026_docdiretivo_assinado_assinado_a  1030.1KB
09:29:16 INFO     ✓ [ 91/132] memp_ptd_2025_2026_anexo_de_entregas_assinado_assi   161.5KB
09:29:20 INFO     ✓ [ 92/132] mesp_ptd_2025_2027_docdiretivo_assinado_assinado_2  1147.7KB
09:29:23 INFO     ✓ [ 93/132] mesp_ptd_2025_2027_anexo_de_entregas_assinado_assi   226.6KB
09:29:27 INFO     ✓ [ 94/132] mf_ptd_2026_2027_documentodiretivo_assinado_assina   955.1KB
09:29:29 INFO     ✓ [ 95/132] mf_ptd_2026_2027_anexo_de_entregas_1_mf_se_assinad   241.2KB
09:29:32 INFO     ✓ [ 96/132] mgi_ptd_2025_2027_docdiretivo_assinado_assinado_as   375.2KB
09:29:35 INFO     ✓ [ 97/132] mgi_ptd_2025_2027_anexo_de_entregas_assinado_assin   256.1KB
09:29:38 INFO     ✓ [ 98/132] minc_ptd_2025_2027_docdiretivo_assinado-1_assinado   863.6KB
09:29:41 INFO     ✓ [ 99/132] minc_ptd_2025_2027_anexo_de_entregas_assinado-1_as   276.7KB
09:29:44 INFO     ✓ [100/132] mjsp_ptd_docdiretivo_assinado_2025_2026_assinado_a   954.0KB
09:29:47 INFO     ✓ [101/132] mjsp_ptd_anexo_de_entregas_assinado_v1_assinado_as   253.9KB
09:29:50 INFO     ✓ [102/132] mme_ptd_2025_2027_docdiretivo_assinado-copia_tarja   664.5KB
09:29:53 INFO     ✓ [103/132] mme_ptd_2025_2027_anexo_de_entregas_assinado__1_-c   111.1KB
09:29:56 INFO     ✓ [104/132] mmulheres_ptd_2025_2027_docdiretivo_assinado_assin  1078.3KB
09:29:59 INFO     ✓ [105/132] mmulheres_ptd_2025_2027_anexo_de_entregas_assinado   216.9KB
09:30:03 INFO     ✓ [106/132] mpi_ptd_2025_2027_docdiretivo_ministerio_dos_povos   947.9KB
09:30:05 INFO     ✓ [107/132] mpi_ptd_anexo_de_entregas_do_plano_de_tranformacao   191.9KB
09:30:09 INFO     ✓ [108/132] mpo_ptd_docdiretivo_assinado_2025_2026_assinado_as   806.3KB
09:30:11 INFO     ✓ [109/132] mpo_ptd_anexo_de_entregas_assinado_v1_assinado_ass   323.2KB
09:30:15 INFO     ✓ [110/132] mpor_ptd_2025_2027_docdiretivo_assinado_assinado_a   876.5KB
09:30:18 INFO     ✓ [111/132] mpor_ptd_2025_2027_anexo_de_entregas_assinado_assi   175.1KB
09:30:21 INFO     ✓ [112/132] mps_ptd_2025-2026_docdiretivo_final_assinado-1_ass  1024.4KB
09:30:24 INFO     ✓ [113/132] mps_ptd_2025-2026_anexo_de_entregas_final_assinado   165.0KB
09:30:27 INFO     ✓ [114/132] mre_ptd_docdiretivo_assinado_2025_2026_assinado_as   760.9KB
09:30:30 INFO     ✓ [115/132] mre_ptd_anexo_de_entregas_assinado_v1_assinado_ass   233.2KB
09:30:33 INFO     ✓ [116/132] mte_ptd_2025_2026_docdiretivo_assinado_assinado_as   729.6KB
09:30:36 INFO     ✓ [117/132] mte_ptd_anexo_de_entregas_assinado_v1__281_29_assi   459.5KB
09:30:40 INFO     ✓ [118/132] mtur_ptd_docdiretiv_assinado_30_01_2025_assinado_a  1050.4KB
09:30:42 INFO     ✓ [119/132] mtur_ptd_anexo_de_entregas_assinado_30_01_2025_ass   118.8KB
09:30:46 INFO     ✓ [120/132] pf_ptd_docdiretivo_2025_2027_assinado-copia_tarjad   964.3KB
09:30:48 INFO     ✓ [121/132] pf_ptd_anexo_de_entregas_2025_2027_assinado-copia_    62.5KB
09:30:51 INFO     ✓ [122/132] mf_ptd_2026_2027_anexo_de_entregas_4_mf_pgfn_assin   466.8KB
09:31:02 INFO     ✓ [123/132] previc_plano_de_transformacao_digital_2025_2026_29  6652.7KB
09:31:05 INFO     ✓ [124/132] previc_ptd_repactuacao_2025-2026_assinado_assinado   182.9KB
09:31:08 INFO     ✓ [125/132] prf_documentodiretivo_ptd_2026-2027_assinado_tarja   535.9KB
09:31:11 INFO     ✓ [126/132] prf_anexo_de_entregas_do_ptd__2026_2027___ptd___en   157.7KB
09:31:14 INFO     ✓ [127/132] mf_ptd_2026_2027_anexo_de_entregas_2_mf_rfb_assina   253.7KB
09:31:17 INFO     ✓ [128/132] sgpr_ptd_2026_2027_docdiretivo_assinado-copia_tarj   791.2KB
09:31:21 INFO     ✓ [129/132] sgpr_ptd_2025_2027_anexo_de_entregas_assinado-copi   897.9KB
09:31:24 INFO     ✓ [130/132] mf_ptd_2026_2027_anexo_de_entregas_3_mf_stn_assina   467.8KB
09:31:28 INFO     ✓ [131/132] susep_ptd_2025_2027_docdiretivo-assinado-copia_tar  1030.1KB
09:31:30 INFO     ✓ [132/132] susep_ptd_2025-2026_anexo_de_entregas_final_assina   221.9KB
09:31:31 INFO     132 OK | 0 erros | 123.3 MB total
09:31:37 INFO     Sanity: 132 PDFs | 113 texto | 19 imagem/OCR | 0 duplicatas
09:31:37 INFO     --siglas (debug): 15 PDFs de ['AGU', 'FIOCRUZ', 'FUNAI', 'FUNDACENTRO', 'INCRA', 'ITI', 'MCOM', 'SGPR']
09:31:37 INFO     DocumentConverter instanciado (singleton × 2: plain + OCR)
09:31:37 INFO     [1/15] → agu_ptd_2025_2027_anexo_de_entregas_assinado_assinado_assinado-copia_tarjada.pdf
09:31:37 INFO     detected formats: [<InputFormat.PDF: 'pdf'>]
09:31:37 INFO     Going to convert document batch...
09:31:37 INFO     Initializing pipeline for StandardPdfPipeline with options hash bc6794697da537796efc497178f9263f
09:31:37 INFO     Loading plugin 'docling_defaults'
09:31:37 INFO     Registered picture descriptions: ['picture_description_vlm_engine', 'vlm', 'api']
09:31:37 INFO     Loading plugin 'docling_defaults'
09:31:37 INFO     Registered ocr engines: ['auto', 'easyocr', 'kserve_v2_ocr', 'ocrmac', 'rapidocr', 'tesserocr', 'tesseract']
09:31:37 INFO     command: tesseract --list-langs
09:31:37 INFO     Loading plugin 'docling_defaults'
09:31:37 INFO     Registered layout engines: ['layout_object_detection', 'docling_layout_default', 'docling_experimental_table_crops_layout']
09:31:37 INFO     Accelerator device: 'cpu'
09:31:37 INFO     HTTP Request: GET https://huggingface.co/api/models/docling-project/docling-layout-heron/revision/main "HTTP/1.1 200 OK"
09:31:37 INFO     HTTP Request: HEAD https://huggingface.co/docling-project/docling-layout-heron/resolve/8f39ad3c0b4c58e9c2d2c84a38465abf757272d8/README.md "HTTP/1.1 307 Temporary Redirect"
09:31:37 INFO     HTTP Request: HEAD https://huggingface.co/api/resolve-cache/models/docling-project/docling-layout-heron/8f39ad3c0b4c58e9c2d2c84a38465abf757272d8/README.md "HTTP/1.1 200 OK"
09:31:37 INFO     HTTP Request: HEAD https://huggingface.co/docling-project/docling-layout-heron/resolve/8f39ad3c0b4c58e9c2d2c84a38465abf757272d8/config.json "HTTP/1.1 307 Temporary Redirect"
09:31:37 WARNING  Warning: You are sending unauthenticated requests to the HF Hub. Please set a HF_TOKEN to enable higher rate limits and faster downloads.
09:31:37 INFO     HTTP Request: HEAD https://huggingface.co/docling-project/docling-layout-heron/resolve/8f39ad3c0b4c58e9c2d2c84a38465abf757272d8/preprocessor_config.json "HTTP/1.1 307 Temporary Redirect"
09:31:37 INFO     HTTP Request: GET https://huggingface.co/api/resolve-cache/models/docling-project/docling-layout-heron/8f39ad3c0b4c58e9c2d2c84a38465abf757272d8/README.md "HTTP/1.1 200 OK"
09:31:37 INFO     HTTP Request: HEAD https://huggingface.co/docling-project/docling-layout-heron/resolve/8f39ad3c0b4c58e9c2d2c84a38465abf757272d8/.gitattributes "HTTP/1.1 307 Temporary Redirect"
09:31:37 INFO     HTTP Request: HEAD https://huggingface.co/docling-project/docling-layout-heron/resolve/8f39ad3c0b4c58e9c2d2c84a38465abf757272d8/docling_heron_400.png "HTTP/1.1 307 Temporary Redirect"
09:31:37 INFO     HTTP Request: HEAD https://huggingface.co/docling-project/docling-layout-heron/resolve/8f39ad3c0b4c58e9c2d2c84a38465abf757272d8/model.safetensors "HTTP/1.1 302 Found"
09:31:37 INFO     HTTP Request: HEAD https://huggingface.co/api/resolve-cache/models/docling-project/docling-layout-heron/8f39ad3c0b4c58e9c2d2c84a38465abf757272d8/config.json "HTTP/1.1 200 OK"
09:31:37 INFO     HTTP Request: HEAD https://huggingface.co/api/resolve-cache/models/docling-project/docling-layout-heron/8f39ad3c0b4c58e9c2d2c84a38465abf757272d8/preprocessor_config.json "HTTP/1.1 200 OK"
09:31:37 INFO     HTTP Request: HEAD https://huggingface.co/api/resolve-cache/models/docling-project/docling-layout-heron/8f39ad3c0b4c58e9c2d2c84a38465abf757272d8/docling_heron_400.png "HTTP/1.1 200 OK"
09:31:37 INFO     HTTP Request: HEAD https://huggingface.co/api/resolve-cache/models/docling-project/docling-layout-heron/8f39ad3c0b4c58e9c2d2c84a38465abf757272d8/.gitattributes "HTTP/1.1 200 OK"
09:31:37 INFO     HTTP Request: GET https://huggingface.co/api/resolve-cache/models/docling-project/docling-layout-heron/8f39ad3c0b4c58e9c2d2c84a38465abf757272d8/config.json "HTTP/1.1 200 OK"
09:31:37 INFO     HTTP Request: GET https://huggingface.co/api/resolve-cache/models/docling-project/docling-layout-heron/8f39ad3c0b4c58e9c2d2c84a38465abf757272d8/.gitattributes "HTTP/1.1 200 OK"
09:31:37 INFO     HTTP Request: GET https://huggingface.co/api/resolve-cache/models/docling-project/docling-layout-heron/8f39ad3c0b4c58e9c2d2c84a38465abf757272d8/preprocessor_config.json "HTTP/1.1 200 OK"
09:31:37 INFO     HTTP Request: GET https://huggingface.co/api/resolve-cache/models/docling-project/docling-layout-heron/8f39ad3c0b4c58e9c2d2c84a38465abf757272d8/docling_heron_400.png "HTTP/1.1 200 OK"
09:31:37 INFO     HTTP Request: GET https://huggingface.co/api/models/docling-project/docling-layout-heron/xet-read-token/8f39ad3c0b4c58e9c2d2c84a38465abf757272d8 "HTTP/1.1 200 OK"
09:31:39 INFO     Loading plugin 'docling_defaults'
09:31:39 INFO     Registered table structure engines: ['docling_tableformer', 'docling_tableformer_v2']
09:31:39 INFO     HTTP Request: GET https://huggingface.co/api/models/docling-project/docling-models/revision/v2.3.0 "HTTP/1.1 200 OK"
09:31:39 INFO     HTTP Request: HEAD https://huggingface.co/docling-project/docling-models/resolve/fc0f2d45e2218ea24bce5045f58a389aed16dc23/README.md "HTTP/1.1 307 Temporary Redirect"
09:31:39 INFO     HTTP Request: HEAD https://huggingface.co/docling-project/docling-models/resolve/fc0f2d45e2218ea24bce5045f58a389aed16dc23/.gitattributes "HTTP/1.1 307 Temporary Redirect"
09:31:39 INFO     HTTP Request: HEAD https://huggingface.co/docling-project/docling-models/resolve/fc0f2d45e2218ea24bce5045f58a389aed16dc23/model_artifacts/tableformer/accurate/tm_config.json "HTTP/1.1 307 Temporary Redirect"
09:31:39 INFO     HTTP Request: HEAD https://huggingface.co/docling-project/docling-models/resolve/fc0f2d45e2218ea24bce5045f58a389aed16dc23/model_artifacts/tableformer/accurate/tableformer_accurate.safetensors "HTTP/1.1 302 Found"
09:31:39 INFO     HTTP Request: HEAD https://huggingface.co/docling-project/docling-models/resolve/fc0f2d45e2218ea24bce5045f58a389aed16dc23/.gitignore "HTTP/1.1 307 Temporary Redirect"
09:31:39 INFO     HTTP Request: HEAD https://huggingface.co/docling-project/docling-models/resolve/fc0f2d45e2218ea24bce5045f58a389aed16dc23/config.json "HTTP/1.1 307 Temporary Redirect"
09:31:39 INFO     HTTP Request: HEAD https://huggingface.co/api/resolve-cache/models/docling-project/docling-models/fc0f2d45e2218ea24bce5045f58a389aed16dc23/README.md "HTTP/1.1 200 OK"
09:31:39 INFO     HTTP Request: HEAD https://huggingface.co/api/resolve-cache/models/docling-project/docling-models/fc0f2d45e2218ea24bce5045f58a389aed16dc23/.gitattributes "HTTP/1.1 200 OK"
09:31:39 INFO     HTTP Request: HEAD https://huggingface.co/api/resolve-cache/models/docling-project/docling-models/fc0f2d45e2218ea24bce5045f58a389aed16dc23/model_artifacts%2Ftableformer%2Faccurate%2Ftm_config.json "HTTP/1.1 200 OK"
09:31:39 INFO     HTTP Request: HEAD https://huggingface.co/api/resolve-cache/models/docling-project/docling-models/fc0f2d45e2218ea24bce5045f58a389aed16dc23/.gitignore "HTTP/1.1 200 OK"
09:31:39 INFO     HTTP Request: HEAD https://huggingface.co/api/resolve-cache/models/docling-project/docling-models/fc0f2d45e2218ea24bce5045f58a389aed16dc23/config.json "HTTP/1.1 200 OK"
09:31:39 INFO     HTTP Request: HEAD https://huggingface.co/docling-project/docling-models/resolve/fc0f2d45e2218ea24bce5045f58a389aed16dc23/model_artifacts/tableformer/fast/tm_config.json "HTTP/1.1 307 Temporary Redirect"
09:31:39 INFO     HTTP Request: GET https://huggingface.co/api/resolve-cache/models/docling-project/docling-models/fc0f2d45e2218ea24bce5045f58a389aed16dc23/README.md "HTTP/1.1 200 OK"
09:31:39 INFO     HTTP Request: GET https://huggingface.co/api/resolve-cache/models/docling-project/docling-models/fc0f2d45e2218ea24bce5045f58a389aed16dc23/.gitattributes "HTTP/1.1 200 OK"
09:31:39 INFO     HTTP Request: HEAD https://huggingface.co/docling-project/docling-models/resolve/fc0f2d45e2218ea24bce5045f58a389aed16dc23/model_artifacts/tableformer/fast/tableformer_fast.safetensors "HTTP/1.1 302 Found"
09:31:39 INFO     HTTP Request: GET https://huggingface.co/api/resolve-cache/models/docling-project/docling-models/fc0f2d45e2218ea24bce5045f58a389aed16dc23/model_artifacts%2Ftableformer%2Faccurate%2Ftm_config.json "HTTP/1.1 200 OK"
09:31:39 INFO     HTTP Request: GET https://huggingface.co/api/resolve-cache/models/docling-project/docling-models/fc0f2d45e2218ea24bce5045f58a389aed16dc23/.gitignore "HTTP/1.1 200 OK"
09:31:39 INFO     HTTP Request: GET https://huggingface.co/api/resolve-cache/models/docling-project/docling-models/fc0f2d45e2218ea24bce5045f58a389aed16dc23/config.json "HTTP/1.1 200 OK"
09:31:39 INFO     HTTP Request: HEAD https://huggingface.co/api/resolve-cache/models/docling-project/docling-models/fc0f2d45e2218ea24bce5045f58a389aed16dc23/model_artifacts%2Ftableformer%2Ffast%2Ftm_config.json "HTTP/1.1 200 OK"
09:31:39 INFO     HTTP Request: GET https://huggingface.co/api/models/docling-project/docling-models/xet-read-token/fc0f2d45e2218ea24bce5045f58a389aed16dc23 "HTTP/1.1 200 OK"
09:31:39 INFO     HTTP Request: GET https://huggingface.co/api/resolve-cache/models/docling-project/docling-models/fc0f2d45e2218ea24bce5045f58a389aed16dc23/model_artifacts%2Ftableformer%2Ffast%2Ftm_config.json "HTTP/1.1 200 OK"
09:31:39 INFO     HTTP Request: GET https://huggingface.co/api/models/docling-project/docling-models/xet-read-token/fc0f2d45e2218ea24bce5045f58a389aed16dc23 "HTTP/1.1 200 OK"
09:31:41 INFO     Accelerator device: 'cpu'
09:31:41 INFO     Processing document agu_ptd_2025_2027_anexo_de_entregas_assinado_assinado_assinado-copia_tarjada.pdf
09:31:42 INFO     command: tesseract --psm 0 -l osd /tmp/tmp8ngrl3kq.png stdout
09:31:43 INFO     command: tesseract -l por /tmp/tmp8ngrl3kq.png stdout tsv
09:31:46 INFO     command: tesseract --psm 0 -l osd /tmp/tmplho6pejs.png stdout
09:31:47 INFO     command: tesseract -l por /tmp/tmplho6pejs.png stdout tsv
09:32:00 INFO     Finished converting document agu_ptd_2025_2027_anexo_de_entregas_assinado_assinado_assinado-copia_tarjada.pdf in 23.73 sec.
09:32:00 INFO       pixel_budget (Docling) agu_ptd_2025_2027_anexo_de_entregas_assinado_assinado_assinado-copia_tarjada.pdf: 45.8% (área tabelas/1001817 px²)
09:32:00 INFO     [1/15] ✓ AGU       :   33 entregas | 23.7s | ETA ~5min
09:32:00 INFO     [2/15] → agu_ptd_2025_2027_docdiretivo_assinado_assinado_assinado-copia_tarjada.pdf
09:32:00 INFO     detected formats: [<InputFormat.PDF: 'pdf'>]
09:32:00 INFO     Going to convert document batch...
09:32:00 INFO     Processing document agu_ptd_2025_2027_docdiretivo_assinado_assinado_assinado-copia_tarjada.pdf
09:32:01 INFO     command: tesseract --psm 0 -l osd /tmp/tmpzfl8qg9v.png stdout
09:32:01 INFO     command: tesseract -l por /tmp/tmpzfl8qg9v.png stdout tsv
09:32:03 INFO     command: tesseract --psm 0 -l osd /tmp/tmpu_s72gyc.png stdout
09:32:05 INFO     command: tesseract -l por /tmp/tmpu_s72gyc.png stdout tsv
09:32:07 INFO     command: tesseract --psm 0 -l osd /tmp/tmpw0ewdrz4.png stdout
09:32:08 INFO     command: tesseract -l por /tmp/tmpw0ewdrz4.png stdout tsv
09:32:10 INFO     command: tesseract --psm 0 -l osd /tmp/tmpvihl8l7l.png stdout
09:32:11 INFO     command: tesseract -l por /tmp/tmpvihl8l7l.png stdout tsv
09:32:13 INFO     command: tesseract --psm 0 -l osd /tmp/tmpt9zhb9fh.png stdout
09:32:14 INFO     command: tesseract -l por /tmp/tmpt9zhb9fh.png stdout tsv
09:32:16 INFO     command: tesseract --psm 0 -l osd /tmp/tmplzvwe5mk.png stdout
09:32:17 INFO     command: tesseract -l por /tmp/tmplzvwe5mk.png stdout tsv
09:32:26 INFO     command: tesseract --psm 0 -l osd /tmp/tmpc41ni4dk.png stdout
09:32:27 INFO     command: tesseract -l por /tmp/tmpc41ni4dk.png stdout tsv
09:32:29 INFO     command: tesseract --psm 0 -l osd /tmp/tmpxw5foy1c.png stdout
09:32:30 INFO     command: tesseract -l por /tmp/tmpxw5foy1c.png stdout tsv
09:32:32 INFO     command: tesseract --psm 0 -l osd /tmp/tmplspg6ju1.png stdout
09:32:33 INFO     command: tesseract -l por /tmp/tmplspg6ju1.png stdout tsv
09:32:35 INFO     command: tesseract --psm 0 -l osd /tmp/tmpqxw0xu_2.png stdout
09:32:37 INFO     command: tesseract -l por /tmp/tmpqxw0xu_2.png stdout tsv
09:32:49 INFO     command: tesseract --psm 0 -l osd /tmp/tmpevv276w_.png stdout
09:32:51 INFO     command: tesseract -l por /tmp/tmpevv276w_.png stdout tsv
09:32:54 INFO     Finished converting document agu_ptd_2025_2027_docdiretivo_assinado_assinado_assinado-copia_tarjada.pdf in 53.16 sec.
09:32:54 INFO       pixel_budget (Docling) agu_ptd_2025_2027_docdiretivo_assinado_assinado_assinado-copia_tarjada.pdf: 2.1% (área tabelas/5513330 px²)
09:32:54 INFO     [2/15] ✓ AGU       :    6 entregas | 53.2s | ETA ~8min
09:32:54 INFO     [3/15] → anexo-de-entregas-mcom_ptd-25_27-copia_tarjada.pdf
09:32:54 INFO     detected formats: [<InputFormat.PDF: 'pdf'>]
09:32:54 INFO     Going to convert document batch...
09:32:54 INFO     Processing document anexo-de-entregas-mcom_ptd-25_27-copia_tarjada.pdf
09:32:55 INFO     command: tesseract --psm 0 -l osd /tmp/tmpbnqc84fd.png stdout
09:32:56 INFO     command: tesseract -l por /tmp/tmpbnqc84fd.png stdout tsv
09:32:58 INFO     command: tesseract --psm 0 -l osd /tmp/tmpmqpesxsu.png stdout
09:33:00 INFO     command: tesseract -l por /tmp/tmpmqpesxsu.png stdout tsv
09:33:11 INFO     command: tesseract --psm 0 -l osd /tmp/tmp5jfjxmfe.png stdout
09:33:12 INFO     command: tesseract -l por /tmp/tmp5jfjxmfe.png stdout tsv
09:33:26 INFO     Finished converting document anexo-de-entregas-mcom_ptd-25_27-copia_tarjada.pdf in 31.95 sec.
09:33:26 INFO       pixel_budget (Docling) anexo-de-entregas-mcom_ptd-25_27-copia_tarjada.pdf: 55.2% (área tabelas/1503636 px²)
09:33:26 INFO     [3/15] ✓ MCOM      :   55 entregas | 32.0s | ETA ~7min
09:33:26 INFO     [4/15] → documento-diretivo-mcom-_-ptd-25_27-copia_tarjada.pdf
09:33:26 INFO     detected formats: [<InputFormat.PDF: 'pdf'>]
09:33:26 INFO     Going to convert document batch...
09:33:26 INFO     Processing document documento-diretivo-mcom-_-ptd-25_27-copia_tarjada.pdf
09:33:26 INFO     command: tesseract --psm 0 -l osd /tmp/tmpzzftaago.png stdout
09:33:27 INFO     command: tesseract -l por /tmp/tmpzzftaago.png stdout tsv
09:33:29 INFO     command: tesseract --psm 0 -l osd /tmp/tmp38m8kp4o.png stdout
09:33:30 INFO     command: tesseract -l por /tmp/tmp38m8kp4o.png stdout tsv
09:33:35 INFO     command: tesseract --psm 0 -l osd /tmp/tmp26y3xh73.png stdout
09:33:35 INFO     command: tesseract -l por /tmp/tmp26y3xh73.png stdout tsv
09:33:36 INFO     command: tesseract --psm 0 -l osd /tmp/tmptngz9fj1.png stdout
09:33:37 INFO     command: tesseract -l por /tmp/tmptngz9fj1.png stdout tsv
09:33:39 INFO     command: tesseract --psm 0 -l osd /tmp/tmp6so4wr_o.png stdout
09:33:40 INFO     command: tesseract -l por /tmp/tmp6so4wr_o.png stdout tsv
09:33:43 INFO     command: tesseract --psm 0 -l osd /tmp/tmpd6e3isqy.png stdout
09:33:44 INFO     command: tesseract -l por /tmp/tmpd6e3isqy.png stdout tsv
09:33:59 INFO     command: tesseract --psm 0 -l osd /tmp/tmp7_4_9aky.png stdout
09:34:00 INFO     command: tesseract -l por /tmp/tmp7_4_9aky.png stdout tsv
09:34:02 INFO     command: tesseract --psm 0 -l osd /tmp/tmp4d8vr8f8.png stdout
09:34:03 INFO     command: tesseract -l por /tmp/tmp4d8vr8f8.png stdout tsv
09:34:05 INFO     command: tesseract --psm 0 -l osd /tmp/tmpveox2gvq.png stdout
09:34:06 INFO     command: tesseract -l por /tmp/tmpveox2gvq.png stdout tsv
09:34:08 INFO     command: tesseract --psm 0 -l osd /tmp/tmpc_8ysapt.png stdout
09:34:10 INFO     command: tesseract -l por /tmp/tmpc_8ysapt.png stdout tsv
09:34:15 INFO     command: tesseract --psm 0 -l osd /tmp/tmp4um66zh_.png stdout
09:34:17 INFO     command: tesseract -l por /tmp/tmp4um66zh_.png stdout tsv
09:34:20 INFO     command: tesseract --psm 0 -l osd /tmp/tmp0a068d1u.png stdout
09:34:21 INFO     command: tesseract -l por /tmp/tmp0a068d1u.png stdout tsv
09:34:23 INFO     command: tesseract --psm 0 -l osd /tmp/tmp9mcwfi0m.png stdout
09:34:24 INFO     command: tesseract -l por /tmp/tmp9mcwfi0m.png stdout tsv
09:34:26 INFO     command: tesseract --psm 0 -l osd /tmp/tmp9aouy0m7.png stdout
09:34:27 INFO     command: tesseract -l por /tmp/tmp9aouy0m7.png stdout tsv
09:34:32 INFO     Finished converting document documento-diretivo-mcom-_-ptd-25_27-copia_tarjada.pdf in 66.00 sec.
09:34:32 INFO       pixel_budget (Docling) documento-diretivo-mcom-_-ptd-25_27-copia_tarjada.pdf: 10.8% (área tabelas/7016966 px²)
09:34:32 WARNING  [4/15] ⚠ MCOM      :    0 entregas | 66.0s | ETA ~8min
09:34:32 INFO     [5/15] → fiocruz-ptd-06_2024-copia_tarjada.pdf
09:34:32 INFO     detected formats: [<InputFormat.PDF: 'pdf'>]
09:34:32 INFO     Going to convert document batch...
09:34:32 INFO     Initializing pipeline for StandardPdfPipeline with options hash d18651824ca6fe56cf3ccb20424ac2c8
09:34:32 INFO     Accelerator device: 'cpu'
09:34:32 INFO     HTTP Request: GET https://huggingface.co/api/models/docling-project/docling-layout-heron/revision/main "HTTP/1.1 200 OK"
09:34:32 INFO     HTTP Request: GET https://huggingface.co/api/models/docling-project/docling-models/revision/v2.3.0 "HTTP/1.1 200 OK"
09:34:32 INFO     Accelerator device: 'cpu'
09:34:33 INFO     Processing document fiocruz-ptd-06_2024-copia_tarjada.pdf
09:35:25 INFO     Finished converting document fiocruz-ptd-06_2024-copia_tarjada.pdf in 53.63 sec.
09:35:25 INFO       pixel_budget (Docling) fiocruz-ptd-06_2024-copia_tarjada.pdf: 36.4% (área tabelas/7518178 px²)
09:35:25 WARNING  [5/15] ⚠ FIOCRUZ   :    0 entregas | 53.7s | ETA ~7min
09:35:25 INFO     [6/15] → fiocruz_novo-ptd_2-1_docdiretivo_repactuacao_2024-2026_assinado_assinado-copia_tarjada.pdf
09:35:25 INFO     detected formats: [<InputFormat.PDF: 'pdf'>]
09:35:25 INFO     Going to convert document batch...
09:35:25 INFO     Processing document fiocruz_novo-ptd_2-1_docdiretivo_repactuacao_2024-2026_assinado_assinado-copia_tarjada.pdf
09:35:40 INFO     Finished converting document fiocruz_novo-ptd_2-1_docdiretivo_repactuacao_2024-2026_assinado_assinado-copia_tarjada.pdf in 14.74 sec.
09:35:40 INFO       pixel_budget (Docling) fiocruz_novo-ptd_2-1_docdiretivo_repactuacao_2024-2026_assinado_assinado-copia_tarjada.pdf: 11.3% (área tabelas/5012118 px²)
09:35:40 WARNING  [6/15] ⚠ FIOCRUZ   :    0 entregas | 14.7s | ETA ~6min
09:35:40 INFO     [7/15] → fiocruz_ptd_anexo_de_entregas_assinado_v1_assinado_assinado-1-copia_tarjada.pdf
09:35:40 INFO     detected formats: [<InputFormat.PDF: 'pdf'>]
09:35:40 INFO     Going to convert document batch...
09:35:40 INFO     Processing document fiocruz_ptd_anexo_de_entregas_assinado_v1_assinado_assinado-1-copia_tarjada.pdf
09:36:02 INFO     Finished converting document fiocruz_ptd_anexo_de_entregas_assinado_v1_assinado_assinado-1-copia_tarjada.pdf in 22.10 sec.
09:36:02 INFO       pixel_budget (Docling) fiocruz_ptd_anexo_de_entregas_assinado_v1_assinado_assinado-1-copia_tarjada.pdf: 54.7% (área tabelas/2004847 px²)
09:36:02 INFO     [7/15] ✓ FIOCRUZ   :   62 entregas | 22.1s | ETA ~5min
09:36:02 INFO     [8/15] → funai_anexo_de_entregas_repactuado_2026_2027_assinado_assinado_assinado.pdf
09:36:02 INFO     detected formats: [<InputFormat.PDF: 'pdf'>]
09:36:02 INFO     Going to convert document batch...
09:36:02 INFO     Processing document funai_anexo_de_entregas_repactuado_2026_2027_assinado_assinado_assinado.pdf
09:36:03 INFO     command: tesseract --psm 0 -l osd /tmp/tmprwq6pwbs.png stdout
09:36:04 INFO     command: tesseract -l por /tmp/tmprwq6pwbs.png stdout tsv
09:36:14 INFO     Finished converting document funai_anexo_de_entregas_repactuado_2026_2027_assinado_assinado_assinado.pdf in 11.50 sec.
09:36:14 INFO       pixel_budget (Docling) funai_anexo_de_entregas_repactuado_2026_2027_assinado_assinado_assinado.pdf: 49.8% (área tabelas/501212 px²)
09:36:14 INFO     [8/15] ✓ FUNAI     :   22 entregas | 11.5s | ETA ~4min
09:36:14 INFO     [9/15] → funai_ptd_2025_2027_docdiretivo_assinado-1_tarjado.pdf
09:36:14 INFO     detected formats: [<InputFormat.PDF: 'pdf'>]
09:36:14 INFO     Going to convert document batch...
09:36:14 INFO     Processing document funai_ptd_2025_2027_docdiretivo_assinado-1_tarjado.pdf
09:36:15 INFO     command: tesseract --psm 0 -l osd /tmp/tmpsztcxpqf.png stdout
09:36:16 INFO     command: tesseract -l por /tmp/tmpsztcxpqf.png stdout tsv
09:36:17 INFO     command: tesseract --psm 0 -l osd /tmp/tmpdpxgumnj.png stdout
09:36:18 INFO     command: tesseract -l por /tmp/tmpdpxgumnj.png stdout tsv
09:36:20 INFO     command: tesseract --psm 0 -l osd /tmp/tmpzux9veqz.png stdout
09:36:21 INFO     command: tesseract -l por /tmp/tmpzux9veqz.png stdout tsv
09:36:23 INFO     command: tesseract --psm 0 -l osd /tmp/tmpm7p5756p.png stdout
09:36:24 INFO     command: tesseract -l por /tmp/tmpm7p5756p.png stdout tsv
09:36:25 INFO     command: tesseract --psm 0 -l osd /tmp/tmpnm2mmnwx.png stdout
09:36:26 INFO     command: tesseract -l por /tmp/tmpnm2mmnwx.png stdout tsv
09:36:28 INFO     command: tesseract --psm 0 -l osd /tmp/tmpbn1rykrv.png stdout
09:36:30 INFO     command: tesseract -l por /tmp/tmpbn1rykrv.png stdout tsv
09:36:39 INFO     command: tesseract --psm 0 -l osd /tmp/tmpa5j8krro.png stdout
09:36:40 INFO     command: tesseract -l por /tmp/tmpa5j8krro.png stdout tsv
09:36:41 INFO     command: tesseract --psm 0 -l osd /tmp/tmp2u834o8k.png stdout
09:36:42 INFO     command: tesseract -l por /tmp/tmp2u834o8k.png stdout tsv
09:36:44 INFO     command: tesseract --psm 0 -l osd /tmp/tmpazxo035p.png stdout
09:36:45 INFO     command: tesseract -l por /tmp/tmpazxo035p.png stdout tsv
09:36:46 INFO     command: tesseract --psm 0 -l osd /tmp/tmpf76e5syn.png stdout
09:36:48 INFO     command: tesseract -l por /tmp/tmpf76e5syn.png stdout tsv
09:37:03 INFO     command: tesseract --psm 0 -l osd /tmp/tmpw5ay7xbf.png stdout
09:37:05 INFO     command: tesseract -l por /tmp/tmpw5ay7xbf.png stdout tsv
09:37:09 INFO     command: tesseract --psm 0 -l osd /tmp/tmpfnf9egol.png stdout
09:37:10 INFO     command: tesseract -l por /tmp/tmpfnf9egol.png stdout tsv
09:37:12 INFO     command: tesseract --psm 0 -l osd /tmp/tmpy4udxouc.png stdout
09:37:13 INFO     command: tesseract -l por /tmp/tmpy4udxouc.png stdout tsv
09:37:18 INFO     Finished converting document funai_ptd_2025_2027_docdiretivo_assinado-1_tarjado.pdf in 64.16 sec.
09:37:18 INFO       pixel_budget (Docling) funai_ptd_2025_2027_docdiretivo_assinado-1_tarjado.pdf: 16.4% (área tabelas/6515754 px²)
09:37:18 INFO     [9/15] ✓ FUNAI     :    8 entregas | 64.2s | ETA ~3min
09:37:18 INFO     [10/15] → incra_anexo_de_entregas_assinado-1_assinado_assinado-copia_tarjada.pdf
09:37:18 INFO     detected formats: [<InputFormat.PDF: 'pdf'>]
09:37:18 INFO     Going to convert document batch...
09:37:18 INFO     Processing document incra_anexo_de_entregas_assinado-1_assinado_assinado-copia_tarjada.pdf
09:37:19 INFO     command: tesseract --psm 0 -l osd /tmp/tmp7u100ddq.png stdout
09:37:20 INFO     command: tesseract -l por /tmp/tmp7u100ddq.png stdout tsv
09:37:23 INFO     command: tesseract --psm 0 -l osd /tmp/tmphb224vg1.png stdout
09:37:24 INFO     command: tesseract -l por /tmp/tmphb224vg1.png stdout tsv
09:37:31 INFO     command: tesseract --psm 0 -l osd /tmp/tmpqv90anij.png stdout
09:37:33 INFO     command: tesseract -l por /tmp/tmpqv90anij.png stdout tsv
09:37:34 INFO     command: tesseract --psm 0 -l osd /tmp/tmp1s7jl7x1.png stdout
09:37:35 INFO     command: tesseract -l por /tmp/tmp1s7jl7x1.png stdout tsv
09:37:37 INFO     command: tesseract --psm 0 -l osd /tmp/tmp7i7ybst_.png stdout
09:37:38 INFO     command: tesseract -l por /tmp/tmp7i7ybst_.png stdout tsv
09:38:34 INFO     Finished converting document incra_anexo_de_entregas_assinado-1_assinado_assinado-copia_tarjada.pdf in 76.61 sec.
09:38:34 INFO       pixel_budget (Docling) incra_anexo_de_entregas_assinado-1_assinado_assinado-copia_tarjada.pdf: 30.0% (área tabelas/2423520 px²)
09:38:34 INFO     [10/15] ✓ INCRA     :   11 entregas | 76.6s | ETA ~3min
09:38:34 INFO     [11/15] → incra_ptd_docdiretivo__assinado-1_assinado_assinado-copia_tarjada.pdf
09:38:34 INFO     detected formats: [<InputFormat.PDF: 'pdf'>]
09:38:34 INFO     Going to convert document batch...
09:38:34 INFO     Processing document incra_ptd_docdiretivo__assinado-1_assinado_assinado-copia_tarjada.pdf
09:38:36 INFO     command: tesseract --psm 0 -l osd /tmp/tmp3rtxmeqt.png stdout
09:38:36 INFO     command: tesseract -l por /tmp/tmp3rtxmeqt.png stdout tsv
09:38:38 INFO     command: tesseract --psm 0 -l osd /tmp/tmpvtbcu_ql.png stdout
09:38:40 INFO     command: tesseract -l por /tmp/tmpvtbcu_ql.png stdout tsv
09:38:44 INFO     command: tesseract --psm 0 -l osd /tmp/tmp_tuvtuiz.png stdout
09:38:45 INFO     command: tesseract -l por /tmp/tmp_tuvtuiz.png stdout tsv
09:38:47 INFO     command: tesseract --psm 0 -l osd /tmp/tmpb7k0q517.png stdout
09:38:48 INFO     command: tesseract -l por /tmp/tmpb7k0q517.png stdout tsv
09:38:50 INFO     command: tesseract --psm 0 -l osd /tmp/tmpsj1aw92l.png stdout
09:38:50 INFO     command: tesseract -l por /tmp/tmpsj1aw92l.png stdout tsv
09:38:52 INFO     command: tesseract --psm 0 -l osd /tmp/tmpiytdcmxc.png stdout
09:38:54 INFO     command: tesseract -l por /tmp/tmpiytdcmxc.png stdout tsv
09:39:07 INFO     command: tesseract --psm 0 -l osd /tmp/tmplk6xb8xk.png stdout
09:39:08 INFO     command: tesseract -l por /tmp/tmplk6xb8xk.png stdout tsv
09:39:10 INFO     command: tesseract --psm 0 -l osd /tmp/tmpd94n70lu.png stdout
09:39:11 INFO     command: tesseract -l por /tmp/tmpd94n70lu.png stdout tsv
09:39:12 INFO     command: tesseract --psm 0 -l osd /tmp/tmpxcq285th.png stdout
09:39:13 INFO     command: tesseract -l por /tmp/tmpxcq285th.png stdout tsv
09:39:15 INFO     command: tesseract --psm 0 -l osd /tmp/tmpj311mvu_.png stdout
09:39:17 INFO     command: tesseract -l por /tmp/tmpj311mvu_.png stdout tsv
09:39:24 INFO     command: tesseract --psm 0 -l osd /tmp/tmpfy_5n4t2.png stdout
09:39:26 INFO     command: tesseract -l por /tmp/tmpfy_5n4t2.png stdout tsv
09:39:30 INFO     command: tesseract --psm 0 -l osd /tmp/tmpwi5_en3t.png stdout
09:39:32 INFO     command: tesseract -l por /tmp/tmpwi5_en3t.png stdout tsv
09:39:34 INFO     command: tesseract --psm 0 -l osd /tmp/tmpz3u0q8on.png stdout
09:39:34 INFO     command: tesseract -l por /tmp/tmpz3u0q8on.png stdout tsv
09:39:40 INFO     Finished converting document incra_ptd_docdiretivo__assinado-1_assinado_assinado-copia_tarjada.pdf in 66.01 sec.
09:39:40 INFO       pixel_budget (Docling) incra_ptd_docdiretivo__assinado-1_assinado_assinado-copia_tarjada.pdf: 20.2% (área tabelas/6515754 px²)
09:39:40 INFO     [11/15] ✓ INCRA     :    9 entregas | 66.0s | ETA ~2min
09:39:40 INFO     [12/15] → iti_anexo_de_entregas_assinado.pdf
09:39:40 INFO     detected formats: [<InputFormat.PDF: 'pdf'>]
09:39:40 INFO     Going to convert document batch...
09:39:40 INFO     Processing document iti_anexo_de_entregas_assinado.pdf
09:39:41 INFO     command: tesseract --psm 0 -l osd /tmp/tmpt9thx7p1.png stdout
09:39:42 INFO     command: tesseract -l por /tmp/tmpt9thx7p1.png stdout tsv
09:39:53 INFO     Finished converting document iti_anexo_de_entregas_assinado.pdf in 12.70 sec.
09:39:53 INFO       pixel_budget (Docling) iti_anexo_de_entregas_assinado.pdf: 57.2% (área tabelas/501212 px²)
09:39:53 INFO     [12/15] ✓ ITI       :   31 entregas | 12.7s | ETA ~2min
09:39:53 INFO     [13/15] → iti_doc_diretivo_assinado-1_tarjado.pdf
09:39:53 INFO     detected formats: [<InputFormat.PDF: 'pdf'>]
09:39:53 INFO     Going to convert document batch...
09:39:53 INFO     Processing document iti_doc_diretivo_assinado-1_tarjado.pdf
09:39:54 INFO     command: tesseract --psm 0 -l osd /tmp/tmpzpqka4mr.png stdout
09:39:54 INFO     command: tesseract -l por /tmp/tmpzpqka4mr.png stdout tsv
09:39:57 INFO     command: tesseract --psm 0 -l osd /tmp/tmpbkn1hwqy.png stdout
09:39:58 INFO     command: tesseract -l por /tmp/tmpbkn1hwqy.png stdout tsv
09:40:01 INFO     command: tesseract --psm 0 -l osd /tmp/tmp7mnf54iu.png stdout
09:40:02 INFO     command: tesseract -l por /tmp/tmp7mnf54iu.png stdout tsv
09:40:04 INFO     command: tesseract --psm 0 -l osd /tmp/tmpjgrrny2z.png stdout
09:40:04 INFO     command: tesseract -l por /tmp/tmpjgrrny2z.png stdout tsv
09:40:06 INFO     command: tesseract --psm 0 -l osd /tmp/tmp5s_vvcsu.png stdout
09:40:07 INFO     command: tesseract -l por /tmp/tmp5s_vvcsu.png stdout tsv
09:40:09 INFO     command: tesseract --psm 0 -l osd /tmp/tmpkpyumdv2.png stdout
09:40:11 INFO     command: tesseract -l por /tmp/tmpkpyumdv2.png stdout tsv
09:40:30 INFO     command: tesseract --psm 0 -l osd /tmp/tmpj55l93gu.png stdout
09:40:31 INFO     command: tesseract -l por /tmp/tmpj55l93gu.png stdout tsv
09:40:33 INFO     command: tesseract --psm 0 -l osd /tmp/tmpw13mu82u.png stdout
09:40:33 INFO     command: tesseract -l por /tmp/tmpw13mu82u.png stdout tsv
09:40:36 INFO     command: tesseract --psm 0 -l osd /tmp/tmp16t0808w.png stdout
09:40:37 INFO     command: tesseract -l por /tmp/tmp16t0808w.png stdout tsv
09:40:39 INFO     command: tesseract --psm 0 -l osd /tmp/tmpxy5omn4o.png stdout
09:40:40 INFO     command: tesseract -l por /tmp/tmpxy5omn4o.png stdout tsv
09:40:46 INFO     command: tesseract --psm 0 -l osd /tmp/tmpky2yh4b0.png stdout
09:40:48 INFO     command: tesseract -l por /tmp/tmpky2yh4b0.png stdout tsv
09:40:53 INFO     Finished converting document iti_doc_diretivo_assinado-1_tarjado.pdf in 60.14 sec.
09:40:53 INFO       pixel_budget (Docling) iti_doc_diretivo_assinado-1_tarjado.pdf: 8.0% (área tabelas/5516339 px²)
09:40:53 INFO     [13/15] ✓ ITI       :    6 entregas | 60.2s | ETA ~86s
09:40:53 INFO     [14/15] → sgpr_ptd_2025_2027_anexo_de_entregas_assinado-copia_tarjada.pdf
09:40:53 INFO     detected formats: [<InputFormat.PDF: 'pdf'>]
09:40:53 INFO     Going to convert document batch...
09:40:53 INFO     Processing document sgpr_ptd_2025_2027_anexo_de_entregas_assinado-copia_tarjada.pdf
09:40:54 INFO     command: tesseract --psm 0 -l osd /tmp/tmpm5udz3vd.png stdout
09:40:55 INFO     command: tesseract -l por /tmp/tmpm5udz3vd.png stdout tsv
09:40:58 INFO     command: tesseract --psm 0 -l osd /tmp/tmpy0si210s.png stdout
09:41:00 INFO     command: tesseract -l por /tmp/tmpy0si210s.png stdout tsv
09:41:07 INFO     Finished converting document sgpr_ptd_2025_2027_anexo_de_entregas_assinado-copia_tarjada.pdf in 14.07 sec.
09:41:07 INFO       pixel_budget (Docling) sgpr_ptd_2025_2027_anexo_de_entregas_assinado-copia_tarjada.pdf: 29.5% (área tabelas/1002424 px²)
09:41:07 INFO     [14/15] ✓ SGPR      :   18 entregas | 14.1s | ETA ~41s
09:41:07 INFO     [15/15] → sgpr_ptd_2026_2027_docdiretivo_assinado-copia_tarjada.pdf
09:41:07 INFO     detected formats: [<InputFormat.PDF: 'pdf'>]
09:41:07 INFO     Going to convert document batch...
09:41:07 INFO     Processing document sgpr_ptd_2026_2027_docdiretivo_assinado-copia_tarjada.pdf
09:41:23 INFO     Finished converting document sgpr_ptd_2026_2027_docdiretivo_assinado-copia_tarjada.pdf in 16.10 sec.
09:41:23 INFO       pixel_budget (Docling) sgpr_ptd_2026_2027_docdiretivo_assinado-copia_tarjada.pdf: 8.2% (área tabelas/5513330 px²)
09:41:23 WARNING  [15/15] ⚠ SGPR      :    0 entregas | 16.1s | ETA ~0s
09:41:23 INFO     261 registros | 7 órgãos
09:41:23 INFO     ╔══════════════════════════════════════════════════════════════╗
09:41:23 INFO     ║                  ENTREGAS — fase concluída                   ║
09:41:23 INFO     ║  Processados: 15    |  ✓ 11  ⚠ 4                             ║
09:41:23 INFO     ║  Duração: 9.8 min                                            ║
09:41:23 INFO     ║  261 registros | 7 órgãos                                    ║
09:41:23 INFO     ╚══════════════════════════════════════════════════════════════╝
09:41:23 INFO     [1/7] → agu_ptd_2025_2027_docdiretivo_assinado_assinado_assinado-copia_tarjada.pdf
09:41:23 INFO     detected formats: [<InputFormat.PDF: 'pdf'>]
09:41:23 INFO     Going to convert document batch...
09:41:23 INFO     Processing document agu_ptd_2025_2027_docdiretivo_assinado_assinado_assinado-copia_tarjada.pdf
09:41:24 INFO     command: tesseract --psm 0 -l osd /tmp/tmp7y6_90bq.png stdout
09:41:24 INFO     command: tesseract -l por /tmp/tmp7y6_90bq.png stdout tsv
09:41:26 INFO     command: tesseract --psm 0 -l osd /tmp/tmpgjmceer1.png stdout
09:41:28 INFO     command: tesseract -l por /tmp/tmpgjmceer1.png stdout tsv
09:41:29 INFO     command: tesseract --psm 0 -l osd /tmp/tmpkdtplv5t.png stdout
09:41:30 INFO     command: tesseract -l por /tmp/tmpkdtplv5t.png stdout tsv
09:41:32 INFO     command: tesseract --psm 0 -l osd /tmp/tmpl55gw1qb.png stdout
09:41:33 INFO     command: tesseract -l por /tmp/tmpl55gw1qb.png stdout tsv
09:41:35 INFO     command: tesseract --psm 0 -l osd /tmp/tmplh4wb8v3.png stdout
09:41:36 INFO     command: tesseract -l por /tmp/tmplh4wb8v3.png stdout tsv
09:41:38 INFO     command: tesseract --psm 0 -l osd /tmp/tmp0ab0uwj0.png stdout
09:41:40 INFO     command: tesseract -l por /tmp/tmp0ab0uwj0.png stdout tsv
09:41:50 INFO     command: tesseract --psm 0 -l osd /tmp/tmpu4yjbdw2.png stdout
09:41:51 INFO     command: tesseract -l por /tmp/tmpu4yjbdw2.png stdout tsv
09:41:53 INFO     command: tesseract --psm 0 -l osd /tmp/tmpp8gqaqyy.png stdout
09:41:54 INFO     command: tesseract -l por /tmp/tmpp8gqaqyy.png stdout tsv
09:41:56 INFO     command: tesseract --psm 0 -l osd /tmp/tmpj12vfuwi.png stdout
09:41:57 INFO     command: tesseract -l por /tmp/tmpj12vfuwi.png stdout tsv
09:41:59 INFO     command: tesseract --psm 0 -l osd /tmp/tmpffpbavhj.png stdout
09:42:01 INFO     command: tesseract -l por /tmp/tmpffpbavhj.png stdout tsv
09:42:14 INFO     command: tesseract --psm 0 -l osd /tmp/tmp7xmbk2al.png stdout
09:42:16 INFO     command: tesseract -l por /tmp/tmp7xmbk2al.png stdout tsv
09:42:18 INFO     Finished converting document agu_ptd_2025_2027_docdiretivo_assinado_assinado_assinado-copia_tarjada.pdf in 54.97 sec.
09:42:18 INFO     [1/7] ✓ AGU       :   7 riscos | 55.0s | ETA ~5min
09:42:18 INFO     [2/7] → documento-diretivo-mcom-_-ptd-25_27-copia_tarjada.pdf
09:42:18 INFO     detected formats: [<InputFormat.PDF: 'pdf'>]
09:42:18 INFO     Going to convert document batch...
09:42:18 INFO     Processing document documento-diretivo-mcom-_-ptd-25_27-copia_tarjada.pdf
09:42:19 INFO     command: tesseract --psm 0 -l osd /tmp/tmpg352gdzu.png stdout
09:42:20 INFO     command: tesseract -l por /tmp/tmpg352gdzu.png stdout tsv
09:42:22 INFO     command: tesseract --psm 0 -l osd /tmp/tmp8jwx3xnc.png stdout
09:42:23 INFO     command: tesseract -l por /tmp/tmp8jwx3xnc.png stdout tsv
09:42:29 INFO     command: tesseract --psm 0 -l osd /tmp/tmpj8gfzux3.png stdout
09:42:30 INFO     command: tesseract -l por /tmp/tmpj8gfzux3.png stdout tsv
09:42:31 INFO     command: tesseract --psm 0 -l osd /tmp/tmpju_amfqk.png stdout
09:42:32 INFO     command: tesseract -l por /tmp/tmpju_amfqk.png stdout tsv
09:42:33 INFO     command: tesseract --psm 0 -l osd /tmp/tmpti2r4f1m.png stdout
09:42:34 INFO     command: tesseract -l por /tmp/tmpti2r4f1m.png stdout tsv
09:42:37 INFO     command: tesseract --psm 0 -l osd /tmp/tmpsuvaxqeg.png stdout
09:42:38 INFO     command: tesseract -l por /tmp/tmpsuvaxqeg.png stdout tsv
09:42:51 INFO     command: tesseract --psm 0 -l osd /tmp/tmp534637j6.png stdout
09:42:53 INFO     command: tesseract -l por /tmp/tmp534637j6.png stdout tsv
09:42:55 INFO     command: tesseract --psm 0 -l osd /tmp/tmpld2hbm9w.png stdout
09:42:56 INFO     command: tesseract -l por /tmp/tmpld2hbm9w.png stdout tsv
09:42:59 INFO     command: tesseract --psm 0 -l osd /tmp/tmp6s9el7rh.png stdout
09:42:59 INFO     command: tesseract -l por /tmp/tmp6s9el7rh.png stdout tsv
09:43:01 INFO     command: tesseract --psm 0 -l osd /tmp/tmp3yog58ep.png stdout
09:43:03 INFO     command: tesseract -l por /tmp/tmp3yog58ep.png stdout tsv
09:43:08 INFO     command: tesseract --psm 0 -l osd /tmp/tmpx7sko20b.png stdout
09:43:10 INFO     command: tesseract -l por /tmp/tmpx7sko20b.png stdout tsv
09:43:14 INFO     command: tesseract --psm 0 -l osd /tmp/tmpcloi_k4_.png stdout
09:43:15 INFO     command: tesseract -l por /tmp/tmpcloi_k4_.png stdout tsv
09:43:16 INFO     command: tesseract --psm 0 -l osd /tmp/tmpkp02t1n7.png stdout
09:43:17 INFO     command: tesseract -l por /tmp/tmpkp02t1n7.png stdout tsv
09:43:19 INFO     command: tesseract --psm 0 -l osd /tmp/tmpbahbbf7z.png stdout
09:43:20 INFO     command: tesseract -l por /tmp/tmpbahbbf7z.png stdout tsv
09:43:25 INFO     Finished converting document documento-diretivo-mcom-_-ptd-25_27-copia_tarjada.pdf in 66.66 sec.
09:43:25 INFO     [2/7] ✓ MCOM      :  14 riscos | 66.7s | ETA ~5min
09:43:25 INFO     [3/7] → fiocruz_novo-ptd_2-1_docdiretivo_repactuacao_2024-2026_assinado_assinado-copia_tarjada.pdf
09:43:25 INFO     detected formats: [<InputFormat.PDF: 'pdf'>]
09:43:25 INFO     Going to convert document batch...
09:43:25 INFO     Processing document fiocruz_novo-ptd_2-1_docdiretivo_repactuacao_2024-2026_assinado_assinado-copia_tarjada.pdf
09:43:40 INFO     Finished converting document fiocruz_novo-ptd_2-1_docdiretivo_repactuacao_2024-2026_assinado_assinado-copia_tarjada.pdf in 14.67 sec.
09:43:40 INFO     [3/7] ✓ FIOCRUZ   :   6 riscos | 14.7s | ETA ~3min
09:43:40 INFO     [4/7] → funai_ptd_2025_2027_docdiretivo_assinado-1_tarjado.pdf
09:43:40 INFO     detected formats: [<InputFormat.PDF: 'pdf'>]
09:43:40 INFO     Going to convert document batch...
09:43:40 INFO     Processing document funai_ptd_2025_2027_docdiretivo_assinado-1_tarjado.pdf
09:43:41 INFO     command: tesseract --psm 0 -l osd /tmp/tmpl1hbr18w.png stdout
09:43:42 INFO     command: tesseract -l por /tmp/tmpl1hbr18w.png stdout tsv
09:43:43 INFO     command: tesseract --psm 0 -l osd /tmp/tmpphdcl2pc.png stdout
09:43:44 INFO     command: tesseract -l por /tmp/tmpphdcl2pc.png stdout tsv
09:43:48 INFO     command: tesseract --psm 0 -l osd /tmp/tmpnury_8ib.png stdout
09:43:48 INFO     command: tesseract -l por /tmp/tmpnury_8ib.png stdout tsv
09:43:50 INFO     command: tesseract --psm 0 -l osd /tmp/tmp0z37z3ar.png stdout
09:43:51 INFO     command: tesseract -l por /tmp/tmp0z37z3ar.png stdout tsv
09:43:53 INFO     command: tesseract --psm 0 -l osd /tmp/tmpznrlvicu.png stdout
09:43:54 INFO     command: tesseract -l por /tmp/tmpznrlvicu.png stdout tsv
09:43:56 INFO     command: tesseract --psm 0 -l osd /tmp/tmp2e0iapsp.png stdout
09:43:57 INFO     command: tesseract -l por /tmp/tmp2e0iapsp.png stdout tsv
09:44:09 INFO     command: tesseract --psm 0 -l osd /tmp/tmpq1_s1hft.png stdout
09:44:10 INFO     command: tesseract -l por /tmp/tmpq1_s1hft.png stdout tsv
09:44:11 INFO     command: tesseract --psm 0 -l osd /tmp/tmpmu8zdqa9.png stdout
09:44:12 INFO     command: tesseract -l por /tmp/tmpmu8zdqa9.png stdout tsv
09:44:14 INFO     command: tesseract --psm 0 -l osd /tmp/tmp41ay_58q.png stdout
09:44:14 INFO     command: tesseract -l por /tmp/tmp41ay_58q.png stdout tsv
09:44:16 INFO     command: tesseract --psm 0 -l osd /tmp/tmpraq0v6zj.png stdout
09:44:18 INFO     command: tesseract -l por /tmp/tmpraq0v6zj.png stdout tsv
09:44:33 INFO     command: tesseract --psm 0 -l osd /tmp/tmpagr65jl3.png stdout
09:44:35 INFO     command: tesseract -l por /tmp/tmpagr65jl3.png stdout tsv
09:44:41 INFO     command: tesseract --psm 0 -l osd /tmp/tmp4o9e163i.png stdout
09:44:42 INFO     command: tesseract -l por /tmp/tmp4o9e163i.png stdout tsv
09:44:43 INFO     command: tesseract --psm 0 -l osd /tmp/tmpnk8fphbs.png stdout
09:44:44 INFO     command: tesseract -l por /tmp/tmpnk8fphbs.png stdout tsv
09:44:49 INFO     Finished converting document funai_ptd_2025_2027_docdiretivo_assinado-1_tarjado.pdf in 69.46 sec.
09:44:49 INFO     [4/7] ✓ FUNAI     :  15 riscos | 69.5s | ETA ~2min
09:44:49 INFO     [5/7] → incra_ptd_docdiretivo__assinado-1_assinado_assinado-copia_tarjada.pdf
09:44:49 INFO     detected formats: [<InputFormat.PDF: 'pdf'>]
09:44:49 INFO     Going to convert document batch...
09:44:49 INFO     Processing document incra_ptd_docdiretivo__assinado-1_assinado_assinado-copia_tarjada.pdf
09:44:50 INFO     command: tesseract --psm 0 -l osd /tmp/tmptdr37f0w.png stdout
09:44:51 INFO     command: tesseract -l por /tmp/tmptdr37f0w.png stdout tsv
09:44:53 INFO     command: tesseract --psm 0 -l osd /tmp/tmpk5bb20vw.png stdout
09:44:55 INFO     command: tesseract -l por /tmp/tmpk5bb20vw.png stdout tsv
09:45:00 INFO     command: tesseract --psm 0 -l osd /tmp/tmp5o_4ey26.png stdout
09:45:01 INFO     command: tesseract -l por /tmp/tmp5o_4ey26.png stdout tsv
09:45:02 INFO     command: tesseract --psm 0 -l osd /tmp/tmphc8rbel2.png stdout
09:45:03 INFO     command: tesseract -l por /tmp/tmphc8rbel2.png stdout tsv
09:45:05 INFO     command: tesseract --psm 0 -l osd /tmp/tmpe4d26wu3.png stdout
09:45:06 INFO     command: tesseract -l por /tmp/tmpe4d26wu3.png stdout tsv
09:45:08 INFO     command: tesseract --psm 0 -l osd /tmp/tmpvawlzwl0.png stdout
09:45:10 INFO     command: tesseract -l por /tmp/tmpvawlzwl0.png stdout tsv
09:45:21 INFO     command: tesseract --psm 0 -l osd /tmp/tmp25mw25oh.png stdout
09:45:23 INFO     command: tesseract -l por /tmp/tmp25mw25oh.png stdout tsv
09:45:24 INFO     command: tesseract --psm 0 -l osd /tmp/tmpm0oe_1vy.png stdout
09:45:25 INFO     command: tesseract -l por /tmp/tmpm0oe_1vy.png stdout tsv
09:45:27 INFO     command: tesseract --psm 0 -l osd /tmp/tmpipwmrqqn.png stdout
09:45:28 INFO     command: tesseract -l por /tmp/tmpipwmrqqn.png stdout tsv
09:45:30 INFO     command: tesseract --psm 0 -l osd /tmp/tmpnalh04pt.png stdout
09:45:32 INFO     command: tesseract -l por /tmp/tmpnalh04pt.png stdout tsv
09:45:39 INFO     command: tesseract --psm 0 -l osd /tmp/tmpil7_sw2m.png stdout
09:45:41 INFO     command: tesseract -l por /tmp/tmpil7_sw2m.png stdout tsv
09:45:48 INFO     command: tesseract --psm 0 -l osd /tmp/tmpojxqt4w0.png stdout
09:45:49 INFO     command: tesseract -l por /tmp/tmpojxqt4w0.png stdout tsv
09:45:50 INFO     command: tesseract --psm 0 -l osd /tmp/tmp1sapnf8y.png stdout
09:45:51 INFO     command: tesseract -l por /tmp/tmp1sapnf8y.png stdout tsv
09:45:57 INFO     Finished converting document incra_ptd_docdiretivo__assinado-1_assinado_assinado-copia_tarjada.pdf in 68.14 sec.
09:45:57 INFO     [5/7] ✓ INCRA     :  15 riscos | 68.2s | ETA ~1min
09:45:57 INFO     [6/7] → iti_doc_diretivo_assinado-1_tarjado.pdf
09:45:57 INFO     detected formats: [<InputFormat.PDF: 'pdf'>]
09:45:57 INFO     Going to convert document batch...
09:45:57 INFO     Processing document iti_doc_diretivo_assinado-1_tarjado.pdf
09:45:58 INFO     command: tesseract --psm 0 -l osd /tmp/tmpn6xaxslx.png stdout
09:45:59 INFO     command: tesseract -l por /tmp/tmpn6xaxslx.png stdout tsv
09:46:01 INFO     command: tesseract --psm 0 -l osd /tmp/tmpiyj1ps9f.png stdout
09:46:03 INFO     command: tesseract -l por /tmp/tmpiyj1ps9f.png stdout tsv
09:46:04 INFO     command: tesseract --psm 0 -l osd /tmp/tmp67cm2q_y.png stdout
09:46:05 INFO     command: tesseract -l por /tmp/tmp67cm2q_y.png stdout tsv
09:46:07 INFO     command: tesseract --psm 0 -l osd /tmp/tmp8px1akwj.png stdout
09:46:08 INFO     command: tesseract -l por /tmp/tmp8px1akwj.png stdout tsv
09:46:10 INFO     command: tesseract --psm 0 -l osd /tmp/tmporxfshzh.png stdout
09:46:10 INFO     command: tesseract -l por /tmp/tmporxfshzh.png stdout tsv
09:46:12 INFO     command: tesseract --psm 0 -l osd /tmp/tmpwmma1fur.png stdout
09:46:14 INFO     command: tesseract -l por /tmp/tmpwmma1fur.png stdout tsv
09:46:32 INFO     command: tesseract --psm 0 -l osd /tmp/tmpfx593a4e.png stdout
09:46:33 INFO     command: tesseract -l por /tmp/tmpfx593a4e.png stdout tsv
09:46:35 INFO     command: tesseract --psm 0 -l osd /tmp/tmpwvrny2zu.png stdout
09:46:36 INFO     command: tesseract -l por /tmp/tmpwvrny2zu.png stdout tsv
09:46:38 INFO     command: tesseract --psm 0 -l osd /tmp/tmp0sspldrv.png stdout
09:46:39 INFO     command: tesseract -l por /tmp/tmp0sspldrv.png stdout tsv
09:46:41 INFO     command: tesseract --psm 0 -l osd /tmp/tmplrmde6e3.png stdout
09:46:43 INFO     command: tesseract -l por /tmp/tmplrmde6e3.png stdout tsv
09:46:52 INFO     command: tesseract --psm 0 -l osd /tmp/tmp30yjrwm1.png stdout
09:46:53 INFO     command: tesseract -l por /tmp/tmp30yjrwm1.png stdout tsv
09:46:57 INFO     Finished converting document iti_doc_diretivo_assinado-1_tarjado.pdf in 59.18 sec.
09:46:57 INFO     [6/7] ✓ ITI       :  14 riscos | 59.2s | ETA ~56s
09:46:57 INFO     [7/7] → sgpr_ptd_2026_2027_docdiretivo_assinado-copia_tarjada.pdf
09:46:57 INFO     detected formats: [<InputFormat.PDF: 'pdf'>]
09:46:57 INFO     Going to convert document batch...
09:46:57 INFO     Processing document sgpr_ptd_2026_2027_docdiretivo_assinado-copia_tarjada.pdf
09:47:13 INFO     Finished converting document sgpr_ptd_2026_2027_docdiretivo_assinado-copia_tarjada.pdf in 16.60 sec.
09:47:13 INFO     [7/7] ✓ SGPR      :  10 riscos | 16.6s | ETA ~0s
09:47:13 INFO     ╔══════════════════════════════════════════════════════════════╗
09:47:13 INFO     ║                   RISCOS — fase concluída                    ║
09:47:13 INFO     ║  Processados: 7     |  ✓ 7  ⚠ 0                              ║
09:47:13 INFO     ║  Duração: 5.8 min                                            ║
09:47:13 INFO     ║  81 riscos | 7 órgãos                                        ║
09:47:13 INFO     ╚══════════════════════════════════════════════════════════════╝
09:47:13 INFO     81 riscos | 0 ações | 135 relações
09:47:13 INFO     ptd_corpus_raw                     : 261 linhas
09:47:13 INFO     ptd_pivot_eixos                    : 7 linhas
09:47:16 INFO     ptd_datas_assinatura               : 132 linhas
09:47:16 INFO     ptd_riscos                         : 81 linhas
09:47:16 INFO     ptd_riscos_acoes                   : 135 linhas
09:47:16 INFO     Manifesto salvo: pipeline_manifest.json | SHA-256 de 132 PDFs
09:47:16 INFO     ==================================================
09:47:16 INFO     PTD-BR v3.0-melhorado — PIPELINE CONCLUÍDO
09:47:16 INFO     ==================================================
09:47:16 INFO     ptd_corpus_raw.csv                        160 KB
09:47:16 INFO     ptd_pivot_eixos.csv                         0 KB
09:47:16 INFO     ptd_datas_assinatura.csv                    9 KB
09:47:16 INFO     ptd_riscos.csv                             23 KB
09:47:16 INFO     ptd_riscos_acoes.csv                        2 KB
09:47:16 INFO     proveniencia.json                           0 KB
09:47:16 INFO     pipeline_manifest.json                     20 KB
09:47:16 INFO     📦 Artefatos: https://github.com/freirelucas/teste/actions/runs/23976039685
09:47:16 INFO     ==================================================
