00:05:14 INFO     Docling disponível
00:05:14 WARNING  OCR fallback indisponível (IndentationError: unexpected indent (ptd_ocr_fallback.py, line 45))
00:05:15 INFO     Ignorado (guia/template/norma): ABNT-NBR-17225-Acessibilidade-Digital.pdf
00:05:15 INFO     Ignorado (guia/template/norma): cgrep-guia10passos-ptd-orgao.pdf
00:05:15 INFO     Ignorado (guia/template/norma): ABNT-NBR-17225-Acessibilidade-Digital.pdf
00:05:15 INFO     Scraping: 132 PDFs únicos | entregas: 68 | diretivos: 61
00:05:15 INFO     Baixando 132 PDFs únicos...
00:05:17 INFO     ✓ [  1/132] abin_ptd_anexo_de_entregas_assinado_pelo_orgao_ass   293.3KB
00:05:21 INFO     ✓ [  2/132] aeb_ptd_2025_2027_docdiretivo_aprovado_assinado-1_  1033.7KB
00:05:23 INFO     ✓ [  3/132] aeb_ptd_2025_2027_anexo_de_entregas_aprovado_assin   154.5KB
00:05:28 INFO     ✓ [  4/132] agu_ptd_2025_2027_docdiretivo_assinado_assinado_as  2860.3KB
00:05:31 INFO     ✓ [  5/132] agu_ptd_2025_2027_anexo_de_entregas_assinado_assin   525.5KB
00:05:33 INFO     ✓ [  6/132] ana_ptd_2025_2027_docdiretivo_assinado_assinado_as   477.2KB
00:05:36 INFO     ✓ [  7/132] ana_ptd_2025_2027_anexoentregas_assinado_assinado_   170.9KB
00:05:39 INFO     ✓ [  8/132] anac_ptd_2025_2026_docdiretivo_se_assinado_tarjado  1036.3KB
00:05:41 INFO     ✓ [  9/132] anac_ptd_2025_2026_anexo_de_entregas_se_assinado.p   215.2KB
00:05:44 INFO     ✓ [ 10/132] anatel_ptd_docdiretivo_assinado_2025_2026_assinado  1006.0KB
00:05:46 INFO     ✓ [ 11/132] anatel_ptd_2025_2026_anexo_de_entregas_do_ptd_publ    71.9KB
00:05:49 INFO     ✓ [ 12/132] ancine_ptd_2024_2026_docdiretivo_assinado-2_assina   961.8KB
00:05:52 INFO     ✓ [ 13/132] ancine_ptd_2024_2026_-_anexo_de_entregas_aprovado_   613.2KB
00:05:55 INFO     ✓ [ 14/132] ptd_aneel_2025-2027_docdiretivo_assinado_tarjado.p   779.6KB
00:05:57 INFO     ✓ [ 15/132] ptd_aneel_2025-2027_anexo_de_entregas_assinado.pdf   111.9KB
00:06:00 INFO     ✓ [ 16/132] anm_ptd_2025_2027_docdiretivo_assinadopeloorgao_ta  1092.5KB
00:06:04 INFO     ✓ [ 17/132] anm_ptd_2025_2027_anexo_entregas_assinadopeloorgao  1140.4KB
00:06:07 INFO     ✓ [ 18/132] anpd_ptd_2025_2027_docdiretivo_assinado_assinado_a  1044.3KB
00:06:09 INFO     ✓ [ 19/132] anpd_ptd_2025_2027_anexo_de_entregas_assinado_assi   166.5KB
00:06:12 INFO     ✓ [ 20/132] ans-plano_de_transformacao_digital_assinado-copia_  1023.4KB
00:06:14 INFO     ✓ [ 21/132] ans_ptd_2025_2026_anexo_de_entregas_assinado_assin   124.1KB
00:06:17 INFO     ✓ [ 22/132] antaq_ptd_2025_2027_docdiretivo_assinado_assinado_  1039.8KB
00:06:19 INFO     ✓ [ 23/132] antaq_ptd_2025_2027_anexoentregas_assinado_assinad   145.1KB
00:06:22 INFO     ✓ [ 24/132] mt_anexo_de_entregas_-_assinado_assinado_assinado_   143.6KB
00:06:30 INFO     ✓ [ 25/132] anvisa_ptd_docdiretivo_2025-2026_assinado_assinado  5771.2KB
00:06:32 INFO     ✓ [ 26/132] anvisa_ptd_anexo_de_entregas_2025_2026_assinado_as   239.0KB
00:06:35 INFO     ✓ [ 27/132] bcb_documento_diretivo_assinado_assinado_assinado-   713.7KB
00:06:37 INFO     ✓ [ 28/132] bcb_anexo_de_entregas_ptd_25_26-1_assinado_assinad   134.8KB
00:06:40 INFO     ✓ [ 29/132] cade_ptd_docdiretivo_2025_2026_assinado-2_assinado   810.4KB
00:06:43 INFO     ✓ [ 30/132] cade_ptd_anexo_de_entregas_2025_2026_assinado_copi   504.0KB
00:06:46 INFO     ✓ [ 31/132] mec_ptd_docdiretivo_2025-2026_sei_mec-5566673_copi   863.1KB
00:06:49 INFO     ✓ [ 32/132] mec_ptd_anexo-de-entregas_sei_mec-5576401_copia_ta   495.7KB
00:06:53 INFO     ✓ [ 33/132] mec_ptd_docdiretivo-versao-comunicacao_copia_tarja  1616.5KB
00:06:55 INFO     ✓ [ 34/132] md_ptd_2026_2027_anexo_de_entregas_assinado_assina   579.4KB
00:06:58 INFO     ✓ [ 35/132] md_ptd_2026_2027_anexo_de_entregas_assinado_assina   186.8KB
00:07:01 INFO     ✓ [ 36/132] md_ptd_temp_copia_tarjada.pdf                        741.9KB
00:07:04 INFO     ✓ [ 37/132] cgu_ptd_docdiretivo_assinado_assinado_assinado-cop  1085.4KB
00:07:07 INFO     ✓ [ 38/132] cgu_ptd_anexo_de_entregas_pactuadas_assinado_assin   514.1KB
00:07:09 INFO     ✓ [ 39/132] cnpq_ptd_2025_2027_docdiretivo_assinado_assinado_a   342.9KB
00:07:11 INFO     ✓ [ 40/132] cnpq_ptd_2025_2027_anexo_de_entregas_assinado_assi   136.1KB
00:07:15 INFO     ✓ [ 41/132] coaf_ptd_2025_2026_documento_diretivo_assinado_ass  1068.0KB
00:07:20 INFO     ✓ [ 42/132] coaf_ptd_2025_2026_anexo_de_entregas-2_assinado_as  3184.5KB
00:07:26 INFO     ✓ [ 43/132] ptd_midr-docdiretivo_aprovado_assinado_tarjado.pdf  3864.1KB
00:07:29 INFO     ✓ [ 44/132] ptd_midr_-_anexo_de_entregas_-_aprovado_assinado.p  1122.0KB
00:07:32 INFO     ✓ [ 45/132] mda-documento-diretivo-assinado_ptd-2025-207-copia   955.8KB
00:07:35 INFO     ✓ [ 46/132] cvm_ptd_2025_2027_docdiretivo_assinado_assinado_as   270.5KB
00:07:37 INFO     ✓ [ 47/132] cvm_ptd_2025_2027_anexoentregas_assinado_assinado_   409.0KB
00:07:40 INFO     ✓ [ 48/132] dnocs_ptd_doc_diretivo_2025_2026_assinado_orgao-2_   891.1KB
00:07:43 INFO     ✓ [ 49/132] dnocs_anexo_de_entregas_repactuado_2025_2026_assin   272.3KB
00:07:48 INFO     ✓ [ 50/132] fbn_ptd_2025_2027_docdiretivo_assinado-1_tarjado.p  2921.6KB
00:07:50 INFO     ✓ [ 51/132] fbn_ptd_2025_2027_anexo_de_entregas_assinado-1.pdf   162.3KB
00:07:54 INFO     ✓ [ 52/132] fcp_ptd_2025_2027_docdiretivo_assinado-1_tarjado.p  1612.0KB
00:07:56 INFO     ✓ [ 53/132] fcp_ptd_2025_2027_anexo_de_entregas_assinado-1.pdf   118.8KB
00:07:59 INFO     ✓ [ 54/132] fcrb_ptd_2025_2026_docdiretivo_aprovado_assinado-1   998.2KB
00:08:01 INFO     ✓ [ 55/132] fcrb_ptd_2025_2026_anexo_de_entregas_aprovado_assi   313.5KB
00:08:05 INFO     ✓ [ 56/132] fiocruz_novo-ptd_2-1_docdiretivo_repactuacao_2024-  1318.1KB
00:08:07 INFO     ✓ [ 57/132] fiocruz_ptd_anexo_de_entregas_assinado_v1_assinado   257.1KB
00:08:11 INFO     ✓ [ 58/132] fiocruz-ptd-06_2024-copia_tarjada.pdf               1693.8KB
00:08:15 INFO     ✓ [ 59/132] funai_ptd_2025_2027_docdiretivo_assinado-1_tarjado  1842.1KB
00:08:17 INFO     ✓ [ 60/132] funai_anexo_de_entregas_repactuado_2026_2027_assin   435.7KB
00:08:20 INFO     ✓ [ 61/132] funarte_ptd_docdiretivo_assinado_21_01_2025_assina   965.7KB
00:08:23 INFO     ✓ [ 62/132] funarte_ptd_anexo_de_entregas_assinado_v1_assinado   683.6KB
00:08:26 INFO     ✓ [ 63/132] fundacentro_ptd_2025_2027_docdiretivo_assinado_ass   826.6KB
00:08:29 INFO     ✓ [ 64/132] fundacentro_ptd_2025_2027_anexo_de_entregas_assina   635.5KB
00:08:32 INFO     ✓ [ 65/132] mma_ptd_docdiretivo_assinado_2025_2026-1_assinado_   949.3KB
00:08:34 INFO     ✓ [ 66/132] mma_ptd_anexo_de_entregas_aprovado_final_assinado_   174.8KB
00:08:37 INFO     ✓ [ 67/132] ibge_docdiretivo_2025_assinado_assinado_assinado-c  1167.3KB
00:08:39 INFO     ✓ [ 68/132] ibge_ptd_25_26_anexo_de_entregas_modelo_v2-1_assin   143.7KB
00:08:49 INFO     ✓ [ 69/132] incra_ptd_docdiretivo__assinado-1_assinado_assinad  7182.0KB
00:08:53 INFO     ✓ [ 70/132] incra_anexo_de_entregas_assinado-1_assinado_assina  1818.6KB
00:08:58 INFO     ✓ [ 71/132] inpi_ptd_docdiretivo_assinado_2025_2026_assinado_a  3322.4KB
00:09:04 INFO     ✓ [ 72/132] inpi_ptd_anexo_de_entregas_assinado_v1_assinado_as  3078.1KB
00:09:07 INFO     ✓ [ 73/132] inss_ptd_2025_2027_docdiretivo-assinado-copia_tarj  1173.3KB
00:09:09 INFO     ✓ [ 74/132] inss_ptd_2025_2027_anexo_de_entregas-assinado-copi   110.8KB
00:09:12 INFO     ✓ [ 75/132] iphan_ptd_docdiretivo_assinado_2025_2026_assinado_   885.7KB
00:09:15 INFO     ✓ [ 76/132] iphan_ptd_anexo_de_entregas_assinado_v1_assinado_a   310.9KB
00:09:22 INFO     ✓ [ 77/132] iti_doc_diretivo_assinado-1_tarjado.pdf             4905.1KB
00:09:24 INFO     ✓ [ 78/132] iti_anexo_de_entregas_assinado.pdf                   556.4KB
00:09:28 INFO     ✓ [ 79/132] mapa_ptd_2025_2027_docdiretivo_assinado-1_tarjado.  1740.9KB
00:09:31 INFO     ✓ [ 80/132] mapa_ptd_2025_2027_anexo_de_entregas_assinado-1.pd   261.9KB
00:09:37 INFO     ✓ [ 81/132] documento-diretivo-mcom-_-ptd-25_27-copia_tarjada.  4451.9KB
00:09:41 INFO     ✓ [ 82/132] anexo-de-entregas-mcom_ptd-25_27-copia_tarjada.pdf  1213.8KB
00:09:46 INFO     ✓ [ 83/132] ptd_21_24_mcom-copia_tarjada.pdf                    3040.7KB
00:09:49 INFO     ✓ [ 84/132] mcti_ptd_2025-2027_docdiretivo_assinado-copia_tarj  1030.7KB
00:09:51 INFO     ✓ [ 85/132] mcti_ptd_2025-2027_anexo-de-entregas_assinado-copi   145.8KB
00:09:53 INFO     ✓ [ 86/132] mda-anexo-entregas-assinado_ptd-2025-2027-copia-ta   284.6KB
00:09:56 INFO     ✓ [ 87/132] mdhc_ptd_2025_2027_docdiretivo_assinado_assinado_a   753.4KB
00:09:58 INFO     ✓ [ 88/132] mdhc_ptd_2025_2027_anexoentregas_assinado_assinado   186.8KB
00:10:01 INFO     ✓ [ 89/132] mdic_ptd_anexo_de_entregas_assinado_v1_assinado_as   176.6KB
00:10:04 INFO     ✓ [ 90/132] memp_ptd_2025_2026_docdiretivo_assinado_assinado_a  1030.1KB
00:10:06 INFO     ✓ [ 91/132] memp_ptd_2025_2026_anexo_de_entregas_assinado_assi   161.5KB
00:10:09 INFO     ✓ [ 92/132] mesp_ptd_2025_2027_docdiretivo_assinado_assinado_2  1147.7KB
00:10:12 INFO     ✓ [ 93/132] mesp_ptd_2025_2027_anexo_de_entregas_assinado_assi   226.6KB
00:10:15 INFO     ✓ [ 94/132] mf_ptd_2026_2027_documentodiretivo_assinado_assina   955.1KB
00:10:17 INFO     ✓ [ 95/132] mf_ptd_2026_2027_anexo_de_entregas_1_mf_se_assinad   241.2KB
00:10:20 INFO     ✓ [ 96/132] mgi_ptd_2025_2027_docdiretivo_assinado_assinado_as   375.2KB
00:10:22 INFO     ✓ [ 97/132] mgi_ptd_2025_2027_anexo_de_entregas_assinado_assin   256.1KB
00:10:26 INFO     ✓ [ 98/132] minc_ptd_2025_2027_docdiretivo_assinado-1_assinado   863.6KB
00:10:28 INFO     ✓ [ 99/132] minc_ptd_2025_2027_anexo_de_entregas_assinado-1_as   276.7KB
00:10:31 INFO     ✓ [100/132] mjsp_ptd_docdiretivo_assinado_2025_2026_assinado_a   954.0KB
00:10:34 INFO     ✓ [101/132] mjsp_ptd_anexo_de_entregas_assinado_v1_assinado_as   253.9KB
00:10:37 INFO     ✓ [102/132] mme_ptd_2025_2027_docdiretivo_assinado-copia_tarja   664.5KB
00:10:39 INFO     ✓ [103/132] mme_ptd_2025_2027_anexo_de_entregas_assinado__1_-c   111.1KB
00:10:42 INFO     ✓ [104/132] mmulheres_ptd_2025_2027_docdiretivo_assinado_assin  1078.3KB
00:10:44 INFO     ✓ [105/132] mmulheres_ptd_2025_2027_anexo_de_entregas_assinado   216.9KB
00:10:47 INFO     ✓ [106/132] mpi_ptd_2025_2027_docdiretivo_ministerio_dos_povos   947.9KB
00:10:50 INFO     ✓ [107/132] mpi_ptd_anexo_de_entregas_do_plano_de_tranformacao   191.9KB
00:10:53 INFO     ✓ [108/132] mpo_ptd_docdiretivo_assinado_2025_2026_assinado_as   806.3KB
00:10:55 INFO     ✓ [109/132] mpo_ptd_anexo_de_entregas_assinado_v1_assinado_ass   323.2KB
00:10:58 INFO     ✓ [110/132] mpor_ptd_2025_2027_docdiretivo_assinado_assinado_a   876.5KB
00:11:00 INFO     ✓ [111/132] mpor_ptd_2025_2027_anexo_de_entregas_assinado_assi   175.1KB
00:11:04 INFO     ✓ [112/132] mps_ptd_2025-2026_docdiretivo_final_assinado-1_ass  1024.4KB
00:11:06 INFO     ✓ [113/132] mps_ptd_2025-2026_anexo_de_entregas_final_assinado   165.0KB
00:11:09 INFO     ✓ [114/132] mre_ptd_docdiretivo_assinado_2025_2026_assinado_as   760.9KB
00:11:11 INFO     ✓ [115/132] mre_ptd_anexo_de_entregas_assinado_v1_assinado_ass   233.2KB
00:11:14 INFO     ✓ [116/132] mte_ptd_2025_2026_docdiretivo_assinado_assinado_as   729.6KB
00:11:17 INFO     ✓ [117/132] mte_ptd_anexo_de_entregas_assinado_v1__281_29_assi   459.5KB
00:11:20 INFO     ✓ [118/132] mtur_ptd_docdiretiv_assinado_30_01_2025_assinado_a  1050.4KB
00:11:22 INFO     ✓ [119/132] mtur_ptd_anexo_de_entregas_assinado_30_01_2025_ass   118.8KB
00:11:25 INFO     ✓ [120/132] pf_ptd_docdiretivo_2025_2027_assinado-copia_tarjad   964.3KB
00:11:27 INFO     ✓ [121/132] pf_ptd_anexo_de_entregas_2025_2027_assinado-copia_    62.5KB
00:11:30 INFO     ✓ [122/132] mf_ptd_2026_2027_anexo_de_entregas_4_mf_pgfn_assin   466.8KB
00:11:39 INFO     ✓ [123/132] previc_plano_de_transformacao_digital_2025_2026_29  6652.7KB
00:11:41 INFO     ✓ [124/132] previc_ptd_repactuacao_2025-2026_assinado_assinado   182.9KB
00:11:44 INFO     ✓ [125/132] prf_documentodiretivo_ptd_2026-2027_assinado_tarja   535.9KB
00:11:46 INFO     ✓ [126/132] prf_anexo_de_entregas_do_ptd__2026_2027___ptd___en   157.7KB
00:11:48 INFO     ✓ [127/132] mf_ptd_2026_2027_anexo_de_entregas_2_mf_rfb_assina   253.7KB
00:11:51 INFO     ✓ [128/132] sgpr_ptd_2026_2027_docdiretivo_assinado-copia_tarj   791.2KB
00:11:54 INFO     ✓ [129/132] sgpr_ptd_2025_2027_anexo_de_entregas_assinado-copi   897.9KB
00:11:57 INFO     ✓ [130/132] mf_ptd_2026_2027_anexo_de_entregas_3_mf_stn_assina   467.8KB
00:12:00 INFO     ✓ [131/132] susep_ptd_2025_2027_docdiretivo-assinado-copia_tar  1030.1KB
00:12:02 INFO     ✓ [132/132] susep_ptd_2025-2026_anexo_de_entregas_final_assina   221.9KB
00:12:04 INFO     132 OK | 0 erros | 123.3 MB total
00:12:10 INFO     Sanity: 132 PDFs | 113 texto | 19 imagem/OCR | 0 duplicatas
00:12:10 INFO     --siglas (debug): 13 PDFs de ['AGU', 'FIOCRUZ', 'FUNAI', 'FUNDACENTRO', 'INCRA', 'ITI', 'MCOM', 'SGPR']
00:12:10 INFO     DocumentConverter instanciado (singleton × 2: plain + OCR)
00:12:10 INFO     [1/13] → agu_ptd_2025_2027_anexo_de_entregas_assinado_assinado_assinado-copia_tarjada.pdf
00:12:10 INFO     detected formats: [<InputFormat.PDF: 'pdf'>]
00:12:10 INFO     Going to convert document batch...
00:12:10 INFO     Initializing pipeline for StandardPdfPipeline with options hash bc6794697da537796efc497178f9263f
00:12:10 INFO     Loading plugin 'docling_defaults'
00:12:10 INFO     Registered picture descriptions: ['picture_description_vlm_engine', 'vlm', 'api']
00:12:10 INFO     Loading plugin 'docling_defaults'
00:12:10 INFO     Registered ocr engines: ['auto', 'easyocr', 'kserve_v2_ocr', 'ocrmac', 'rapidocr', 'tesserocr', 'tesseract']
00:12:10 INFO     command: tesseract --list-langs
00:12:10 INFO     Loading plugin 'docling_defaults'
00:12:10 INFO     Registered layout engines: ['layout_object_detection', 'docling_layout_default', 'docling_experimental_table_crops_layout']
00:12:10 INFO     Accelerator device: 'cpu'
00:12:10 INFO     HTTP Request: GET https://huggingface.co/api/models/docling-project/docling-layout-heron/revision/main "HTTP/1.1 200 OK"
00:12:10 INFO     HTTP Request: HEAD https://huggingface.co/docling-project/docling-layout-heron/resolve/8f39ad3c0b4c58e9c2d2c84a38465abf757272d8/.gitattributes "HTTP/1.1 307 Temporary Redirect"
00:12:10 WARNING  Warning: You are sending unauthenticated requests to the HF Hub. Please set a HF_TOKEN to enable higher rate limits and faster downloads.
00:12:10 INFO     HTTP Request: HEAD https://huggingface.co/docling-project/docling-layout-heron/resolve/8f39ad3c0b4c58e9c2d2c84a38465abf757272d8/config.json "HTTP/1.1 307 Temporary Redirect"
00:12:10 INFO     HTTP Request: HEAD https://huggingface.co/docling-project/docling-layout-heron/resolve/8f39ad3c0b4c58e9c2d2c84a38465abf757272d8/model.safetensors "HTTP/1.1 302 Found"
00:12:10 INFO     HTTP Request: HEAD https://huggingface.co/docling-project/docling-layout-heron/resolve/8f39ad3c0b4c58e9c2d2c84a38465abf757272d8/preprocessor_config.json "HTTP/1.1 307 Temporary Redirect"
00:12:10 INFO     HTTP Request: HEAD https://huggingface.co/api/resolve-cache/models/docling-project/docling-layout-heron/8f39ad3c0b4c58e9c2d2c84a38465abf757272d8/.gitattributes "HTTP/1.1 200 OK"
00:12:10 INFO     HTTP Request: HEAD https://huggingface.co/api/resolve-cache/models/docling-project/docling-layout-heron/8f39ad3c0b4c58e9c2d2c84a38465abf757272d8/preprocessor_config.json "HTTP/1.1 200 OK"
00:12:10 INFO     HTTP Request: HEAD https://huggingface.co/api/resolve-cache/models/docling-project/docling-layout-heron/8f39ad3c0b4c58e9c2d2c84a38465abf757272d8/config.json "HTTP/1.1 200 OK"
00:12:10 INFO     HTTP Request: HEAD https://huggingface.co/docling-project/docling-layout-heron/resolve/8f39ad3c0b4c58e9c2d2c84a38465abf757272d8/README.md "HTTP/1.1 307 Temporary Redirect"
00:12:10 INFO     HTTP Request: GET https://huggingface.co/api/resolve-cache/models/docling-project/docling-layout-heron/8f39ad3c0b4c58e9c2d2c84a38465abf757272d8/preprocessor_config.json "HTTP/1.1 200 OK"
00:12:10 INFO     HTTP Request: GET https://huggingface.co/api/resolve-cache/models/docling-project/docling-layout-heron/8f39ad3c0b4c58e9c2d2c84a38465abf757272d8/.gitattributes "HTTP/1.1 200 OK"
00:12:10 INFO     HTTP Request: HEAD https://huggingface.co/api/resolve-cache/models/docling-project/docling-layout-heron/8f39ad3c0b4c58e9c2d2c84a38465abf757272d8/README.md "HTTP/1.1 200 OK"
00:12:10 INFO     HTTP Request: GET https://huggingface.co/api/resolve-cache/models/docling-project/docling-layout-heron/8f39ad3c0b4c58e9c2d2c84a38465abf757272d8/config.json "HTTP/1.1 200 OK"
00:12:10 INFO     HTTP Request: GET https://huggingface.co/api/models/docling-project/docling-layout-heron/xet-read-token/8f39ad3c0b4c58e9c2d2c84a38465abf757272d8 "HTTP/1.1 200 OK"
00:12:10 INFO     HTTP Request: GET https://huggingface.co/api/resolve-cache/models/docling-project/docling-layout-heron/8f39ad3c0b4c58e9c2d2c84a38465abf757272d8/README.md "HTTP/1.1 200 OK"
00:12:10 INFO     HTTP Request: HEAD https://huggingface.co/docling-project/docling-layout-heron/resolve/8f39ad3c0b4c58e9c2d2c84a38465abf757272d8/docling_heron_400.png "HTTP/1.1 307 Temporary Redirect"
00:12:10 INFO     HTTP Request: HEAD https://huggingface.co/api/resolve-cache/models/docling-project/docling-layout-heron/8f39ad3c0b4c58e9c2d2c84a38465abf757272d8/docling_heron_400.png "HTTP/1.1 200 OK"
00:12:10 INFO     HTTP Request: GET https://huggingface.co/api/resolve-cache/models/docling-project/docling-layout-heron/8f39ad3c0b4c58e9c2d2c84a38465abf757272d8/docling_heron_400.png "HTTP/1.1 200 OK"
00:12:11 INFO     Loading plugin 'docling_defaults'
00:12:11 INFO     Registered table structure engines: ['docling_tableformer', 'docling_tableformer_v2']
00:12:11 INFO     HTTP Request: GET https://huggingface.co/api/models/docling-project/docling-models/revision/v2.3.0 "HTTP/1.1 200 OK"
00:12:11 INFO     HTTP Request: HEAD https://huggingface.co/docling-project/docling-models/resolve/fc0f2d45e2218ea24bce5045f58a389aed16dc23/.gitignore "HTTP/1.1 307 Temporary Redirect"
00:12:11 INFO     HTTP Request: HEAD https://huggingface.co/docling-project/docling-models/resolve/fc0f2d45e2218ea24bce5045f58a389aed16dc23/README.md "HTTP/1.1 307 Temporary Redirect"
00:12:11 INFO     HTTP Request: HEAD https://huggingface.co/docling-project/docling-models/resolve/fc0f2d45e2218ea24bce5045f58a389aed16dc23/config.json "HTTP/1.1 307 Temporary Redirect"
00:12:11 INFO     HTTP Request: HEAD https://huggingface.co/docling-project/docling-models/resolve/fc0f2d45e2218ea24bce5045f58a389aed16dc23/.gitattributes "HTTP/1.1 307 Temporary Redirect"
00:12:11 INFO     HTTP Request: HEAD https://huggingface.co/api/resolve-cache/models/docling-project/docling-models/fc0f2d45e2218ea24bce5045f58a389aed16dc23/.gitignore "HTTP/1.1 200 OK"
00:12:11 INFO     HTTP Request: HEAD https://huggingface.co/docling-project/docling-models/resolve/fc0f2d45e2218ea24bce5045f58a389aed16dc23/model_artifacts/tableformer/accurate/tm_config.json "HTTP/1.1 307 Temporary Redirect"
00:12:11 INFO     HTTP Request: HEAD https://huggingface.co/docling-project/docling-models/resolve/fc0f2d45e2218ea24bce5045f58a389aed16dc23/model_artifacts/tableformer/accurate/tableformer_accurate.safetensors "HTTP/1.1 302 Found"
00:12:11 INFO     HTTP Request: HEAD https://huggingface.co/api/resolve-cache/models/docling-project/docling-models/fc0f2d45e2218ea24bce5045f58a389aed16dc23/README.md "HTTP/1.1 200 OK"
00:12:11 INFO     HTTP Request: HEAD https://huggingface.co/api/resolve-cache/models/docling-project/docling-models/fc0f2d45e2218ea24bce5045f58a389aed16dc23/config.json "HTTP/1.1 200 OK"
00:12:11 INFO     HTTP Request: HEAD https://huggingface.co/api/resolve-cache/models/docling-project/docling-models/fc0f2d45e2218ea24bce5045f58a389aed16dc23/.gitattributes "HTTP/1.1 200 OK"
00:12:11 INFO     HTTP Request: HEAD https://huggingface.co/api/resolve-cache/models/docling-project/docling-models/fc0f2d45e2218ea24bce5045f58a389aed16dc23/model_artifacts%2Ftableformer%2Faccurate%2Ftm_config.json "HTTP/1.1 200 OK"
00:12:11 INFO     HTTP Request: HEAD https://huggingface.co/docling-project/docling-models/resolve/fc0f2d45e2218ea24bce5045f58a389aed16dc23/model_artifacts/tableformer/fast/tm_config.json "HTTP/1.1 307 Temporary Redirect"
00:12:11 INFO     HTTP Request: HEAD https://huggingface.co/api/resolve-cache/models/docling-project/docling-models/fc0f2d45e2218ea24bce5045f58a389aed16dc23/model_artifacts%2Ftableformer%2Ffast%2Ftm_config.json "HTTP/1.1 200 OK"
00:12:11 INFO     HTTP Request: GET https://huggingface.co/api/resolve-cache/models/docling-project/docling-models/fc0f2d45e2218ea24bce5045f58a389aed16dc23/.gitignore "HTTP/1.1 200 OK"
00:12:11 INFO     HTTP Request: GET https://huggingface.co/api/resolve-cache/models/docling-project/docling-models/fc0f2d45e2218ea24bce5045f58a389aed16dc23/config.json "HTTP/1.1 200 OK"
00:12:11 INFO     HTTP Request: HEAD https://huggingface.co/docling-project/docling-models/resolve/fc0f2d45e2218ea24bce5045f58a389aed16dc23/model_artifacts/tableformer/fast/tableformer_fast.safetensors "HTTP/1.1 302 Found"
00:12:11 INFO     HTTP Request: GET https://huggingface.co/api/resolve-cache/models/docling-project/docling-models/fc0f2d45e2218ea24bce5045f58a389aed16dc23/.gitattributes "HTTP/1.1 200 OK"
00:12:11 INFO     HTTP Request: GET https://huggingface.co/api/resolve-cache/models/docling-project/docling-models/fc0f2d45e2218ea24bce5045f58a389aed16dc23/model_artifacts%2Ftableformer%2Faccurate%2Ftm_config.json "HTTP/1.1 200 OK"
00:12:11 INFO     HTTP Request: GET https://huggingface.co/api/resolve-cache/models/docling-project/docling-models/fc0f2d45e2218ea24bce5045f58a389aed16dc23/README.md "HTTP/1.1 200 OK"
00:12:11 INFO     HTTP Request: GET https://huggingface.co/api/resolve-cache/models/docling-project/docling-models/fc0f2d45e2218ea24bce5045f58a389aed16dc23/model_artifacts%2Ftableformer%2Ffast%2Ftm_config.json "HTTP/1.1 200 OK"
00:12:11 INFO     HTTP Request: GET https://huggingface.co/api/models/docling-project/docling-models/xet-read-token/fc0f2d45e2218ea24bce5045f58a389aed16dc23 "HTTP/1.1 200 OK"
00:12:11 INFO     HTTP Request: GET https://huggingface.co/api/models/docling-project/docling-models/xet-read-token/fc0f2d45e2218ea24bce5045f58a389aed16dc23 "HTTP/1.1 200 OK"
00:12:13 INFO     Accelerator device: 'cpu'
00:12:13 INFO     Processing document agu_ptd_2025_2027_anexo_de_entregas_assinado_assinado_assinado-copia_tarjada.pdf
00:12:14 INFO     command: tesseract --psm 0 -l osd /tmp/tmp1ipc_b2c.png stdout
00:12:15 INFO     command: tesseract -l por /tmp/tmp1ipc_b2c.png stdout tsv
00:12:18 INFO     command: tesseract --psm 0 -l osd /tmp/tmp2bkrje1f.png stdout
00:12:19 INFO     command: tesseract -l por /tmp/tmp2bkrje1f.png stdout tsv
00:12:38 INFO     Finished converting document agu_ptd_2025_2027_anexo_de_entregas_assinado_assinado_assinado-copia_tarjada.pdf in 28.23 sec.
00:12:38 INFO       pixel_budget (Docling) agu_ptd_2025_2027_anexo_de_entregas_assinado_assinado_assinado-copia_tarjada.pdf: 45.8% (área tabelas/1001817 px²)
00:12:38 INFO     [1/13] ✓ AGU       :   33 entregas | 28.2s | ETA ~5min
00:12:38 INFO     [2/13] → agu_ptd_2025_2027_docdiretivo_assinado_assinado_assinado-copia_tarjada.pdf
00:12:38 INFO     detected formats: [<InputFormat.PDF: 'pdf'>]
00:12:38 INFO     Going to convert document batch...
00:12:38 INFO     Processing document agu_ptd_2025_2027_docdiretivo_assinado_assinado_assinado-copia_tarjada.pdf
00:12:38 INFO     command: tesseract --psm 0 -l osd /tmp/tmpvsg05q4v.png stdout
00:12:39 INFO     command: tesseract -l por /tmp/tmpvsg05q4v.png stdout tsv
00:12:41 INFO     command: tesseract --psm 0 -l osd /tmp/tmptiflc7qr.png stdout
00:12:42 INFO     command: tesseract -l por /tmp/tmptiflc7qr.png stdout tsv
00:12:46 INFO     command: tesseract --psm 0 -l osd /tmp/tmp79guc1pe.png stdout
00:12:47 INFO     command: tesseract -l por /tmp/tmp79guc1pe.png stdout tsv
00:12:49 INFO     command: tesseract --psm 0 -l osd /tmp/tmpnan_hp6s.png stdout
00:12:49 INFO     command: tesseract -l por /tmp/tmpnan_hp6s.png stdout tsv
00:12:52 INFO     command: tesseract --psm 0 -l osd /tmp/tmp_65hawa2.png stdout
00:12:52 INFO     command: tesseract -l por /tmp/tmp_65hawa2.png stdout tsv
00:12:55 INFO     command: tesseract --psm 0 -l osd /tmp/tmp5a2l60pd.png stdout
00:12:56 INFO     command: tesseract -l por /tmp/tmp5a2l60pd.png stdout tsv
00:13:07 INFO     command: tesseract --psm 0 -l osd /tmp/tmpluj21ox9.png stdout
00:13:07 INFO     command: tesseract -l por /tmp/tmpluj21ox9.png stdout tsv
00:13:10 INFO     command: tesseract --psm 0 -l osd /tmp/tmpje71na41.png stdout
00:13:10 INFO     command: tesseract -l por /tmp/tmpje71na41.png stdout tsv
00:13:13 INFO     command: tesseract --psm 0 -l osd /tmp/tmpqp93o81x.png stdout
00:13:13 INFO     command: tesseract -l por /tmp/tmpqp93o81x.png stdout tsv
00:13:16 INFO     command: tesseract --psm 0 -l osd /tmp/tmperf6xu74.png stdout
00:13:17 INFO     command: tesseract -l por /tmp/tmperf6xu74.png stdout tsv
00:13:30 INFO     command: tesseract --psm 0 -l osd /tmp/tmphyrzlyl5.png stdout
00:13:30 INFO     command: tesseract -l por /tmp/tmphyrzlyl5.png stdout tsv
00:13:34 INFO     Finished converting document agu_ptd_2025_2027_docdiretivo_assinado_assinado_assinado-copia_tarjada.pdf in 56.00 sec.
00:13:34 INFO       pixel_budget (Docling) agu_ptd_2025_2027_docdiretivo_assinado_assinado_assinado-copia_tarjada.pdf: 2.1% (área tabelas/5513330 px²)
00:13:34 INFO     [2/13] ✓ AGU       :    6 entregas | 56.0s | ETA ~7min
00:13:34 INFO     [3/13] → fiocruz-ptd-06_2024-copia_tarjada.pdf
00:13:34 INFO     detected formats: [<InputFormat.PDF: 'pdf'>]
00:13:34 INFO     Going to convert document batch...
00:13:34 INFO     Initializing pipeline for StandardPdfPipeline with options hash d18651824ca6fe56cf3ccb20424ac2c8
00:13:34 INFO     Accelerator device: 'cpu'
00:13:34 INFO     HTTP Request: GET https://huggingface.co/api/models/docling-project/docling-layout-heron/revision/main "HTTP/1.1 200 OK"
00:13:34 INFO     HTTP Request: GET https://huggingface.co/api/models/docling-project/docling-models/revision/v2.3.0 "HTTP/1.1 200 OK"
00:13:34 INFO     Accelerator device: 'cpu'
00:13:35 INFO     Processing document fiocruz-ptd-06_2024-copia_tarjada.pdf
00:14:43 INFO     Finished converting document fiocruz-ptd-06_2024-copia_tarjada.pdf in 68.77 sec.
00:14:43 INFO       pixel_budget (Docling) fiocruz-ptd-06_2024-copia_tarjada.pdf: 36.4% (área tabelas/7518178 px²)
00:14:43 WARNING  [3/13] ⚠ FIOCRUZ   :    0 entregas | 68.8s | ETA ~8min
00:14:43 INFO     [4/13] → fiocruz_novo-ptd_2-1_docdiretivo_repactuacao_2024-2026_assinado_assinado-copia_tarjada.pdf
00:14:43 INFO     detected formats: [<InputFormat.PDF: 'pdf'>]
00:14:43 INFO     Going to convert document batch...
00:14:43 INFO     Processing document fiocruz_novo-ptd_2-1_docdiretivo_repactuacao_2024-2026_assinado_assinado-copia_tarjada.pdf
00:15:00 INFO     Finished converting document fiocruz_novo-ptd_2-1_docdiretivo_repactuacao_2024-2026_assinado_assinado-copia_tarjada.pdf in 17.64 sec.
00:15:00 INFO       pixel_budget (Docling) fiocruz_novo-ptd_2-1_docdiretivo_repactuacao_2024-2026_assinado_assinado-copia_tarjada.pdf: 11.3% (área tabelas/5012118 px²)
00:15:00 WARNING  [4/13] ⚠ FIOCRUZ   :    0 entregas | 17.6s | ETA ~6min
00:15:00 INFO     [5/13] → fiocruz_ptd_anexo_de_entregas_assinado_v1_assinado_assinado-1-copia_tarjada.pdf
00:15:00 INFO     detected formats: [<InputFormat.PDF: 'pdf'>]
00:15:00 INFO     Going to convert document batch...
00:15:00 INFO     Processing document fiocruz_ptd_anexo_de_entregas_assinado_v1_assinado_assinado-1-copia_tarjada.pdf
00:15:33 INFO     Finished converting document fiocruz_ptd_anexo_de_entregas_assinado_v1_assinado_assinado-1-copia_tarjada.pdf in 32.65 sec.
00:15:33 INFO       pixel_budget (Docling) fiocruz_ptd_anexo_de_entregas_assinado_v1_assinado_assinado-1-copia_tarjada.pdf: 54.7% (área tabelas/2004847 px²)
00:15:33 INFO     [5/13] ✓ FIOCRUZ   :   61 entregas | 32.7s | ETA ~5min
00:15:33 INFO     [6/13] → funai_anexo_de_entregas_repactuado_2026_2027_assinado_assinado_assinado.pdf
00:15:33 INFO     detected formats: [<InputFormat.PDF: 'pdf'>]
00:15:33 INFO     Going to convert document batch...
00:15:33 INFO     Processing document funai_anexo_de_entregas_repactuado_2026_2027_assinado_assinado_assinado.pdf
00:15:34 INFO     command: tesseract --psm 0 -l osd /tmp/tmpmd6dpv9a.png stdout
00:15:35 INFO     command: tesseract -l por /tmp/tmpmd6dpv9a.png stdout tsv
00:15:48 INFO     Finished converting document funai_anexo_de_entregas_repactuado_2026_2027_assinado_assinado_assinado.pdf in 14.90 sec.
00:15:48 INFO       pixel_budget (Docling) funai_anexo_de_entregas_repactuado_2026_2027_assinado_assinado_assinado.pdf: 49.8% (área tabelas/501212 px²)
00:15:48 INFO     [6/13] ✓ FUNAI     :   21 entregas | 14.9s | ETA ~4min
00:15:48 INFO     [7/13] → funai_ptd_2025_2027_docdiretivo_assinado-1_tarjado.pdf
00:15:48 INFO     detected formats: [<InputFormat.PDF: 'pdf'>]
00:15:48 INFO     Going to convert document batch...
00:15:48 INFO     Processing document funai_ptd_2025_2027_docdiretivo_assinado-1_tarjado.pdf
00:15:49 INFO     command: tesseract --psm 0 -l osd /tmp/tmpoiorfo6i.png stdout
00:15:50 INFO     command: tesseract -l por /tmp/tmpoiorfo6i.png stdout tsv
00:15:51 INFO     command: tesseract --psm 0 -l osd /tmp/tmp_1t4bz5e.png stdout
00:15:52 INFO     command: tesseract -l por /tmp/tmp_1t4bz5e.png stdout tsv
00:15:55 INFO     command: tesseract --psm 0 -l osd /tmp/tmp38mncxo0.png stdout
00:15:56 INFO     command: tesseract -l por /tmp/tmp38mncxo0.png stdout tsv
00:15:58 INFO     command: tesseract --psm 0 -l osd /tmp/tmpv1z2b79a.png stdout
00:15:59 INFO     command: tesseract -l por /tmp/tmpv1z2b79a.png stdout tsv
00:16:00 INFO     command: tesseract --psm 0 -l osd /tmp/tmpwcfnhcnm.png stdout
00:16:01 INFO     command: tesseract -l por /tmp/tmpwcfnhcnm.png stdout tsv
00:16:03 INFO     command: tesseract --psm 0 -l osd /tmp/tmpej8b0y9k.png stdout
00:16:05 INFO     command: tesseract -l por /tmp/tmpej8b0y9k.png stdout tsv
00:16:15 INFO     command: tesseract --psm 0 -l osd /tmp/tmp46gnpbmb.png stdout
00:16:16 INFO     command: tesseract -l por /tmp/tmp46gnpbmb.png stdout tsv
00:16:17 INFO     command: tesseract --psm 0 -l osd /tmp/tmpe4repde6.png stdout
00:16:18 INFO     command: tesseract -l por /tmp/tmpe4repde6.png stdout tsv
00:16:19 INFO     command: tesseract --psm 0 -l osd /tmp/tmpaemdweus.png stdout
00:16:20 INFO     command: tesseract -l por /tmp/tmpaemdweus.png stdout tsv
00:16:22 INFO     command: tesseract --psm 0 -l osd /tmp/tmp7noqx3np.png stdout
00:16:23 INFO     command: tesseract -l por /tmp/tmp7noqx3np.png stdout tsv
00:16:44 INFO     command: tesseract --psm 0 -l osd /tmp/tmpr3rc1lsm.png stdout
00:16:45 INFO     command: tesseract -l por /tmp/tmpr3rc1lsm.png stdout tsv
00:16:47 INFO     command: tesseract --psm 0 -l osd /tmp/tmp08y6vex1.png stdout
00:16:47 INFO     command: tesseract -l por /tmp/tmp08y6vex1.png stdout tsv
00:16:49 INFO     command: tesseract --psm 0 -l osd /tmp/tmpufron8pp.png stdout
00:16:50 INFO     command: tesseract -l por /tmp/tmpufron8pp.png stdout tsv
00:16:56 INFO     Finished converting document funai_ptd_2025_2027_docdiretivo_assinado-1_tarjado.pdf in 68.46 sec.
00:16:56 INFO       pixel_budget (Docling) funai_ptd_2025_2027_docdiretivo_assinado-1_tarjado.pdf: 16.4% (área tabelas/6515754 px²)
00:16:56 INFO     [7/13] ✓ FUNAI     :    8 entregas | 68.5s | ETA ~4min
00:16:56 INFO     [8/13] → incra_anexo_de_entregas_assinado-1_assinado_assinado-copia_tarjada.pdf
00:16:56 INFO     detected formats: [<InputFormat.PDF: 'pdf'>]
00:16:56 INFO     Going to convert document batch...
00:16:56 INFO     Processing document incra_anexo_de_entregas_assinado-1_assinado_assinado-copia_tarjada.pdf
00:16:57 INFO     command: tesseract --psm 0 -l osd /tmp/tmpqzp4kgn4.png stdout
00:16:58 INFO     command: tesseract -l por /tmp/tmpqzp4kgn4.png stdout tsv
00:17:01 INFO     command: tesseract --psm 0 -l osd /tmp/tmplccxvqc6.png stdout
00:17:03 INFO     command: tesseract -l por /tmp/tmplccxvqc6.png stdout tsv
00:17:13 INFO     command: tesseract --psm 0 -l osd /tmp/tmpooyy44vu.png stdout
00:17:14 INFO     command: tesseract -l por /tmp/tmpooyy44vu.png stdout tsv
00:17:15 INFO     command: tesseract --psm 0 -l osd /tmp/tmpv6r5_9wj.png stdout
00:17:16 INFO     command: tesseract -l por /tmp/tmpv6r5_9wj.png stdout tsv
00:17:18 INFO     command: tesseract --psm 0 -l osd /tmp/tmp3gqjcm6u.png stdout
00:17:19 INFO     command: tesseract -l por /tmp/tmp3gqjcm6u.png stdout tsv
00:18:50 INFO     Finished converting document incra_anexo_de_entregas_assinado-1_assinado_assinado-copia_tarjada.pdf in 113.24 sec.
00:18:50 INFO       pixel_budget (Docling) incra_anexo_de_entregas_assinado-1_assinado_assinado-copia_tarjada.pdf: 30.0% (área tabelas/2423520 px²)
00:18:50 INFO     [8/13] ✓ INCRA     :   10 entregas | 113.3s | ETA ~4min
00:18:50 INFO     [9/13] → incra_ptd_docdiretivo__assinado-1_assinado_assinado-copia_tarjada.pdf
00:18:50 INFO     detected formats: [<InputFormat.PDF: 'pdf'>]
00:18:50 INFO     Going to convert document batch...
00:18:50 INFO     Processing document incra_ptd_docdiretivo__assinado-1_assinado_assinado-copia_tarjada.pdf
00:18:51 INFO     command: tesseract --psm 0 -l osd /tmp/tmp3wqq0eod.png stdout
00:18:51 INFO     command: tesseract -l por /tmp/tmp3wqq0eod.png stdout tsv
00:18:54 INFO     command: tesseract --psm 0 -l osd /tmp/tmp8du3jbh5.png stdout
00:18:55 INFO     command: tesseract -l por /tmp/tmp8du3jbh5.png stdout tsv
00:19:00 INFO     command: tesseract --psm 0 -l osd /tmp/tmpnbrrilkf.png stdout
00:19:01 INFO     command: tesseract -l por /tmp/tmpnbrrilkf.png stdout tsv
00:19:03 INFO     command: tesseract --psm 0 -l osd /tmp/tmp32ns8au4.png stdout
00:19:04 INFO     command: tesseract -l por /tmp/tmp32ns8au4.png stdout tsv
00:19:05 INFO     command: tesseract --psm 0 -l osd /tmp/tmpb_jt601i.png stdout
00:19:06 INFO     command: tesseract -l por /tmp/tmpb_jt601i.png stdout tsv
00:19:08 INFO     command: tesseract --psm 0 -l osd /tmp/tmpakhz8f9n.png stdout
00:19:10 INFO     command: tesseract -l por /tmp/tmpakhz8f9n.png stdout tsv
00:19:24 INFO     command: tesseract --psm 0 -l osd /tmp/tmp9e537ub0.png stdout
00:19:25 INFO     command: tesseract -l por /tmp/tmp9e537ub0.png stdout tsv
00:19:26 INFO     command: tesseract --psm 0 -l osd /tmp/tmphkwurfs5.png stdout
00:19:27 INFO     command: tesseract -l por /tmp/tmphkwurfs5.png stdout tsv
00:19:29 INFO     command: tesseract --psm 0 -l osd /tmp/tmpg0ob8ocd.png stdout
00:19:30 INFO     command: tesseract -l por /tmp/tmpg0ob8ocd.png stdout tsv
00:19:32 INFO     command: tesseract --psm 0 -l osd /tmp/tmpx0n726z1.png stdout
00:19:33 INFO     command: tesseract -l por /tmp/tmpx0n726z1.png stdout tsv
00:19:37 INFO     command: tesseract --psm 0 -l osd /tmp/tmpwvsktyom.png stdout
00:19:38 INFO     command: tesseract -l por /tmp/tmpwvsktyom.png stdout tsv
00:19:46 INFO     command: tesseract --psm 0 -l osd /tmp/tmp8uy1zprg.png stdout
00:19:47 INFO     command: tesseract -l por /tmp/tmp8uy1zprg.png stdout tsv
00:19:50 INFO     command: tesseract --psm 0 -l osd /tmp/tmpv3mvmuxo.png stdout
00:19:51 INFO     command: tesseract -l por /tmp/tmpv3mvmuxo.png stdout tsv
00:19:59 INFO     Finished converting document incra_ptd_docdiretivo__assinado-1_assinado_assinado-copia_tarjada.pdf in 68.91 sec.
00:19:59 INFO       pixel_budget (Docling) incra_ptd_docdiretivo__assinado-1_assinado_assinado-copia_tarjada.pdf: 20.2% (área tabelas/6515754 px²)
00:19:59 INFO     [9/13] ✓ INCRA     :    9 entregas | 68.9s | ETA ~3min
00:19:59 INFO     [10/13] → iti_anexo_de_entregas_assinado.pdf
00:19:59 INFO     detected formats: [<InputFormat.PDF: 'pdf'>]
00:19:59 INFO     Going to convert document batch...
00:19:59 INFO     Processing document iti_anexo_de_entregas_assinado.pdf
00:19:59 INFO     command: tesseract --psm 0 -l osd /tmp/tmpsd5cmyyc.png stdout
00:20:00 INFO     command: tesseract -l por /tmp/tmpsd5cmyyc.png stdout tsv
00:20:16 INFO     Finished converting document iti_anexo_de_entregas_assinado.pdf in 17.50 sec.
00:20:16 INFO       pixel_budget (Docling) iti_anexo_de_entregas_assinado.pdf: 57.2% (área tabelas/501212 px²)
00:20:16 INFO     [10/13] ✓ ITI       :   31 entregas | 17.5s | ETA ~2min
00:20:16 INFO     [11/13] → iti_doc_diretivo_assinado-1_tarjado.pdf
00:20:16 INFO     detected formats: [<InputFormat.PDF: 'pdf'>]
00:20:16 INFO     Going to convert document batch...
00:20:16 INFO     Processing document iti_doc_diretivo_assinado-1_tarjado.pdf
00:20:17 INFO     command: tesseract --psm 0 -l osd /tmp/tmpjjmindq7.png stdout
00:20:17 INFO     command: tesseract -l por /tmp/tmpjjmindq7.png stdout tsv
00:20:20 INFO     command: tesseract --psm 0 -l osd /tmp/tmpyhatdt0i.png stdout
00:20:21 INFO     command: tesseract -l por /tmp/tmpyhatdt0i.png stdout tsv
00:20:25 INFO     command: tesseract --psm 0 -l osd /tmp/tmpk44lxgwf.png stdout
00:20:26 INFO     command: tesseract -l por /tmp/tmpk44lxgwf.png stdout tsv
00:20:28 INFO     command: tesseract --psm 0 -l osd /tmp/tmpspnf3l5z.png stdout
00:20:28 INFO     command: tesseract -l por /tmp/tmpspnf3l5z.png stdout tsv
00:20:30 INFO     command: tesseract --psm 0 -l osd /tmp/tmpeb3qi6ox.png stdout
00:20:31 INFO     command: tesseract -l por /tmp/tmpeb3qi6ox.png stdout tsv
00:20:33 INFO     command: tesseract --psm 0 -l osd /tmp/tmp3gl8pizf.png stdout
00:20:34 INFO     command: tesseract -l por /tmp/tmp3gl8pizf.png stdout tsv
00:20:51 INFO     command: tesseract --psm 0 -l osd /tmp/tmpfp9khza0.png stdout
00:20:52 INFO     command: tesseract -l por /tmp/tmpfp9khza0.png stdout tsv
00:20:54 INFO     command: tesseract --psm 0 -l osd /tmp/tmp0wjsl8g7.png stdout
00:20:55 INFO     command: tesseract -l por /tmp/tmp0wjsl8g7.png stdout tsv
00:20:57 INFO     command: tesseract --psm 0 -l osd /tmp/tmp2sw9kcxv.png stdout
00:20:58 INFO     command: tesseract -l por /tmp/tmp2sw9kcxv.png stdout tsv
00:21:00 INFO     command: tesseract --psm 0 -l osd /tmp/tmplr2w11e8.png stdout
00:21:01 INFO     command: tesseract -l por /tmp/tmplr2w11e8.png stdout tsv
00:21:08 INFO     command: tesseract --psm 0 -l osd /tmp/tmpfxw_ld0b.png stdout
00:21:09 INFO     command: tesseract -l por /tmp/tmpfxw_ld0b.png stdout tsv
00:21:17 INFO     Finished converting document iti_doc_diretivo_assinado-1_tarjado.pdf in 60.48 sec.
00:21:17 INFO       pixel_budget (Docling) iti_doc_diretivo_assinado-1_tarjado.pdf: 8.0% (área tabelas/5516339 px²)
00:21:17 INFO     [11/13] ✓ ITI       :    6 entregas | 60.5s | ETA ~1min
00:21:17 INFO     [12/13] → sgpr_ptd_2025_2027_anexo_de_entregas_assinado-copia_tarjada.pdf
00:21:17 INFO     detected formats: [<InputFormat.PDF: 'pdf'>]
00:21:17 INFO     Going to convert document batch...
00:21:17 INFO     Processing document sgpr_ptd_2025_2027_anexo_de_entregas_assinado-copia_tarjada.pdf
00:21:17 INFO     command: tesseract --psm 0 -l osd /tmp/tmpgc21kf69.png stdout
00:21:18 INFO     command: tesseract -l por /tmp/tmpgc21kf69.png stdout tsv
00:21:21 INFO     command: tesseract --psm 0 -l osd /tmp/tmpk9tdp9ls.png stdout
00:21:22 INFO     command: tesseract -l por /tmp/tmpk9tdp9ls.png stdout tsv
00:21:33 INFO     Finished converting document sgpr_ptd_2025_2027_anexo_de_entregas_assinado-copia_tarjada.pdf in 16.73 sec.
00:21:33 INFO       pixel_budget (Docling) sgpr_ptd_2025_2027_anexo_de_entregas_assinado-copia_tarjada.pdf: 29.5% (área tabelas/1002424 px²)
00:21:33 INFO     [12/13] ✓ SGPR      :   15 entregas | 16.7s | ETA ~47s
00:21:33 INFO     [13/13] → sgpr_ptd_2026_2027_docdiretivo_assinado-copia_tarjada.pdf
00:21:33 INFO     detected formats: [<InputFormat.PDF: 'pdf'>]
00:21:33 INFO     Going to convert document batch...
00:21:33 INFO     Processing document sgpr_ptd_2026_2027_docdiretivo_assinado-copia_tarjada.pdf
00:21:53 INFO     Finished converting document sgpr_ptd_2026_2027_docdiretivo_assinado-copia_tarjada.pdf in 19.74 sec.
00:21:53 INFO       pixel_budget (Docling) sgpr_ptd_2026_2027_docdiretivo_assinado-copia_tarjada.pdf: 8.2% (área tabelas/5513330 px²)
00:21:53 WARNING  [13/13] ⚠ SGPR      :    0 entregas | 19.7s | ETA ~0s
00:21:53 INFO     200 registros | 6 órgãos
00:21:53 INFO     ╔══════════════════════════════════════════════════════════════╗
00:21:53 INFO     ║                  ENTREGAS — fase concluída                   ║
00:21:53 INFO     ║  Processados: 13    |  ✓ 10  ⚠ 3                             ║
00:21:53 INFO     ║  Duração: 9.7 min                                            ║
00:21:53 INFO     ║  200 registros | 6 órgãos                                    ║
00:21:53 INFO     ╚══════════════════════════════════════════════════════════════╝
00:21:53 INFO     [1/6] → agu_ptd_2025_2027_docdiretivo_assinado_assinado_assinado-copia_tarjada.pdf
00:21:53 INFO     detected formats: [<InputFormat.PDF: 'pdf'>]
00:21:53 INFO     Going to convert document batch...
00:21:53 INFO     Processing document agu_ptd_2025_2027_docdiretivo_assinado_assinado_assinado-copia_tarjada.pdf
00:21:54 INFO     command: tesseract --psm 0 -l osd /tmp/tmpl1b2pq50.png stdout
00:21:54 INFO     command: tesseract -l por /tmp/tmpl1b2pq50.png stdout tsv
00:21:56 INFO     command: tesseract --psm 0 -l osd /tmp/tmp59euksww.png stdout
00:21:57 INFO     command: tesseract -l por /tmp/tmp59euksww.png stdout tsv
00:22:01 INFO     command: tesseract --psm 0 -l osd /tmp/tmparj_dick.png stdout
00:22:02 INFO     command: tesseract -l por /tmp/tmparj_dick.png stdout tsv
00:22:04 INFO     command: tesseract --psm 0 -l osd /tmp/tmpcye5jcow.png stdout
00:22:05 INFO     command: tesseract -l por /tmp/tmpcye5jcow.png stdout tsv
00:22:07 INFO     command: tesseract --psm 0 -l osd /tmp/tmpwu2byn49.png stdout
00:22:08 INFO     command: tesseract -l por /tmp/tmpwu2byn49.png stdout tsv
00:22:10 INFO     command: tesseract --psm 0 -l osd /tmp/tmp7t89bb69.png stdout
00:22:11 INFO     command: tesseract -l por /tmp/tmp7t89bb69.png stdout tsv
00:22:23 INFO     command: tesseract --psm 0 -l osd /tmp/tmp1q4bb_91.png stdout
00:22:24 INFO     command: tesseract -l por /tmp/tmp1q4bb_91.png stdout tsv
00:22:26 INFO     command: tesseract --psm 0 -l osd /tmp/tmp2potinco.png stdout
00:22:27 INFO     command: tesseract -l por /tmp/tmp2potinco.png stdout tsv
00:22:29 INFO     command: tesseract --psm 0 -l osd /tmp/tmph5ynp06w.png stdout
00:22:30 INFO     command: tesseract -l por /tmp/tmph5ynp06w.png stdout tsv
00:22:32 INFO     command: tesseract --psm 0 -l osd /tmp/tmps70aaln3.png stdout
00:22:33 INFO     command: tesseract -l por /tmp/tmps70aaln3.png stdout tsv
00:22:49 INFO     command: tesseract --psm 0 -l osd /tmp/tmpjtkce8xr.png stdout
00:22:50 INFO     command: tesseract -l por /tmp/tmpjtkce8xr.png stdout tsv
00:22:53 INFO     Finished converting document agu_ptd_2025_2027_docdiretivo_assinado_assinado_assinado-copia_tarjada.pdf in 59.83 sec.
00:22:53 INFO     [1/6] ✓ AGU       :   7 riscos | 59.8s | ETA ~4min
00:22:53 INFO     [2/6] → fiocruz_novo-ptd_2-1_docdiretivo_repactuacao_2024-2026_assinado_assinado-copia_tarjada.pdf
00:22:53 INFO     detected formats: [<InputFormat.PDF: 'pdf'>]
00:22:53 INFO     Going to convert document batch...
00:22:53 INFO     Processing document fiocruz_novo-ptd_2-1_docdiretivo_repactuacao_2024-2026_assinado_assinado-copia_tarjada.pdf
00:23:11 INFO     Finished converting document fiocruz_novo-ptd_2-1_docdiretivo_repactuacao_2024-2026_assinado_assinado-copia_tarjada.pdf in 17.86 sec.
00:23:11 INFO     [2/6] ✓ FIOCRUZ   :   6 riscos | 17.9s | ETA ~2min
00:23:11 INFO     [3/6] → funai_ptd_2025_2027_docdiretivo_assinado-1_tarjado.pdf
00:23:11 INFO     detected formats: [<InputFormat.PDF: 'pdf'>]
00:23:11 INFO     Going to convert document batch...
00:23:11 INFO     Processing document funai_ptd_2025_2027_docdiretivo_assinado-1_tarjado.pdf
00:23:12 INFO     command: tesseract --psm 0 -l osd /tmp/tmpmjrlazxq.png stdout
00:23:13 INFO     command: tesseract -l por /tmp/tmpmjrlazxq.png stdout tsv
00:23:14 INFO     command: tesseract --psm 0 -l osd /tmp/tmppu2cykg6.png stdout
00:23:15 INFO     command: tesseract -l por /tmp/tmppu2cykg6.png stdout tsv
00:23:18 INFO     command: tesseract --psm 0 -l osd /tmp/tmpvdjwg090.png stdout
00:23:19 INFO     command: tesseract -l por /tmp/tmpvdjwg090.png stdout tsv
00:23:21 INFO     command: tesseract --psm 0 -l osd /tmp/tmpu317uuaf.png stdout
00:23:22 INFO     command: tesseract -l por /tmp/tmpu317uuaf.png stdout tsv
00:23:24 INFO     command: tesseract --psm 0 -l osd /tmp/tmp269zf1zz.png stdout
00:23:24 INFO     command: tesseract -l por /tmp/tmp269zf1zz.png stdout tsv
00:23:26 INFO     command: tesseract --psm 0 -l osd /tmp/tmpkbf7nlc4.png stdout
00:23:28 INFO     command: tesseract -l por /tmp/tmpkbf7nlc4.png stdout tsv
00:23:39 INFO     command: tesseract --psm 0 -l osd /tmp/tmpm4gtkjs6.png stdout
00:23:39 INFO     command: tesseract -l por /tmp/tmpm4gtkjs6.png stdout tsv
00:23:41 INFO     command: tesseract --psm 0 -l osd /tmp/tmpacvcf7ek.png stdout
00:23:41 INFO     command: tesseract -l por /tmp/tmpacvcf7ek.png stdout tsv
00:23:43 INFO     command: tesseract --psm 0 -l osd /tmp/tmpzrdbvlzi.png stdout
00:23:44 INFO     command: tesseract -l por /tmp/tmpzrdbvlzi.png stdout tsv
00:23:45 INFO     command: tesseract --psm 0 -l osd /tmp/tmp0vhh90fb.png stdout
00:23:47 INFO     command: tesseract -l por /tmp/tmp0vhh90fb.png stdout tsv
00:23:54 INFO     command: tesseract --psm 0 -l osd /tmp/tmp1_v3jmdb.png stdout
00:23:55 INFO     command: tesseract -l por /tmp/tmp1_v3jmdb.png stdout tsv
00:24:04 INFO     command: tesseract --psm 0 -l osd /tmp/tmpeg95hz7z.png stdout
00:24:05 INFO     command: tesseract -l por /tmp/tmpeg95hz7z.png stdout tsv
00:24:06 INFO     command: tesseract --psm 0 -l osd /tmp/tmp_f65259b.png stdout
00:24:07 INFO     command: tesseract -l por /tmp/tmp_f65259b.png stdout tsv
00:24:14 INFO     Finished converting document funai_ptd_2025_2027_docdiretivo_assinado-1_tarjado.pdf in 62.92 sec.
00:24:14 INFO     [3/6] ✓ FUNAI     :  15 riscos | 62.9s | ETA ~2min
00:24:14 INFO     [4/6] → incra_ptd_docdiretivo__assinado-1_assinado_assinado-copia_tarjada.pdf
00:24:14 INFO     detected formats: [<InputFormat.PDF: 'pdf'>]
00:24:14 INFO     Going to convert document batch...
00:24:14 INFO     Processing document incra_ptd_docdiretivo__assinado-1_assinado_assinado-copia_tarjada.pdf
00:24:15 INFO     command: tesseract --psm 0 -l osd /tmp/tmpms_m3pid.png stdout
00:24:15 INFO     command: tesseract -l por /tmp/tmpms_m3pid.png stdout tsv
00:24:18 INFO     command: tesseract --psm 0 -l osd /tmp/tmp1cr1brwt.png stdout
00:24:19 INFO     command: tesseract -l por /tmp/tmp1cr1brwt.png stdout tsv
00:24:26 INFO     command: tesseract --psm 0 -l osd /tmp/tmpwpqpn7rb.png stdout
00:24:27 INFO     command: tesseract -l por /tmp/tmpwpqpn7rb.png stdout tsv
00:24:29 INFO     command: tesseract --psm 0 -l osd /tmp/tmpj98q_06x.png stdout
00:24:30 INFO     command: tesseract -l por /tmp/tmpj98q_06x.png stdout tsv
00:24:32 INFO     command: tesseract --psm 0 -l osd /tmp/tmpi4ieonld.png stdout
00:24:32 INFO     command: tesseract -l por /tmp/tmpi4ieonld.png stdout tsv
00:24:34 INFO     command: tesseract --psm 0 -l osd /tmp/tmpllud7i75.png stdout
00:24:36 INFO     command: tesseract -l por /tmp/tmpllud7i75.png stdout tsv
00:24:52 INFO     command: tesseract --psm 0 -l osd /tmp/tmpikuvc3x8.png stdout
00:24:53 INFO     command: tesseract -l por /tmp/tmpikuvc3x8.png stdout tsv
00:24:55 INFO     command: tesseract --psm 0 -l osd /tmp/tmpouak4ck1.png stdout
00:24:56 INFO     command: tesseract -l por /tmp/tmpouak4ck1.png stdout tsv
00:24:57 INFO     command: tesseract --psm 0 -l osd /tmp/tmpaxsx02f0.png stdout
00:24:58 INFO     command: tesseract -l por /tmp/tmpaxsx02f0.png stdout tsv
00:25:00 INFO     command: tesseract --psm 0 -l osd /tmp/tmps8qhyr1f.png stdout
00:25:01 INFO     command: tesseract -l por /tmp/tmps8qhyr1f.png stdout tsv
00:25:06 INFO     command: tesseract --psm 0 -l osd /tmp/tmpy7qpw95u.png stdout
00:25:07 INFO     command: tesseract -l por /tmp/tmpy7qpw95u.png stdout tsv
00:25:18 INFO     command: tesseract --psm 0 -l osd /tmp/tmpe4hj4unl.png stdout
00:25:18 INFO     command: tesseract -l por /tmp/tmpe4hj4unl.png stdout tsv
00:25:20 INFO     command: tesseract --psm 0 -l osd /tmp/tmpdk77jhxg.png stdout
00:25:21 INFO     command: tesseract -l por /tmp/tmpdk77jhxg.png stdout tsv
00:25:28 INFO     Finished converting document incra_ptd_docdiretivo__assinado-1_assinado_assinado-copia_tarjada.pdf in 74.66 sec.
00:25:28 INFO     [4/6] ✓ INCRA     :  15 riscos | 74.7s | ETA ~1min
00:25:28 INFO     [5/6] → iti_doc_diretivo_assinado-1_tarjado.pdf
00:25:28 INFO     detected formats: [<InputFormat.PDF: 'pdf'>]
00:25:28 INFO     Going to convert document batch...
00:25:28 INFO     Processing document iti_doc_diretivo_assinado-1_tarjado.pdf
00:25:29 INFO     command: tesseract --psm 0 -l osd /tmp/tmp_u2jbcop.png stdout
00:25:29 INFO     command: tesseract -l por /tmp/tmp_u2jbcop.png stdout tsv
00:25:32 INFO     command: tesseract --psm 0 -l osd /tmp/tmpv1jnpcow.png stdout
00:25:33 INFO     command: tesseract -l por /tmp/tmpv1jnpcow.png stdout tsv
00:25:37 INFO     command: tesseract --psm 0 -l osd /tmp/tmpfqi2pg3g.png stdout
00:25:38 INFO     command: tesseract -l por /tmp/tmpfqi2pg3g.png stdout tsv
00:25:40 INFO     command: tesseract --psm 0 -l osd /tmp/tmpm7ciaj7f.png stdout
00:25:41 INFO     command: tesseract -l por /tmp/tmpm7ciaj7f.png stdout tsv
00:25:42 INFO     command: tesseract --psm 0 -l osd /tmp/tmpmh25clsw.png stdout
00:25:43 INFO     command: tesseract -l por /tmp/tmpmh25clsw.png stdout tsv
00:25:45 INFO     command: tesseract --psm 0 -l osd /tmp/tmpd4zz56ba.png stdout
00:25:46 INFO     command: tesseract -l por /tmp/tmpd4zz56ba.png stdout tsv
00:26:03 INFO     command: tesseract --psm 0 -l osd /tmp/tmphjd6fjnj.png stdout
00:26:04 INFO     command: tesseract -l por /tmp/tmphjd6fjnj.png stdout tsv
00:26:06 INFO     command: tesseract --psm 0 -l osd /tmp/tmpbw2qqm4v.png stdout
00:26:07 INFO     command: tesseract -l por /tmp/tmpbw2qqm4v.png stdout tsv
00:26:09 INFO     command: tesseract --psm 0 -l osd /tmp/tmprv_i9bav.png stdout
00:26:10 INFO     command: tesseract -l por /tmp/tmprv_i9bav.png stdout tsv
00:26:12 INFO     command: tesseract --psm 0 -l osd /tmp/tmp1zl8xj58.png stdout
00:26:13 INFO     command: tesseract -l por /tmp/tmp1zl8xj58.png stdout tsv
00:26:26 INFO     command: tesseract --psm 0 -l osd /tmp/tmpiuau_ujd.png stdout
00:26:27 INFO     command: tesseract -l por /tmp/tmpiuau_ujd.png stdout tsv
00:26:30 INFO     Finished converting document iti_doc_diretivo_assinado-1_tarjado.pdf in 61.53 sec.
00:26:30 INFO     [5/6] ✓ ITI       :  14 riscos | 61.5s | ETA ~55s
00:26:30 INFO     [6/6] → sgpr_ptd_2026_2027_docdiretivo_assinado-copia_tarjada.pdf
00:26:30 INFO     detected formats: [<InputFormat.PDF: 'pdf'>]
00:26:30 INFO     Going to convert document batch...
00:26:30 INFO     Processing document sgpr_ptd_2026_2027_docdiretivo_assinado-copia_tarjada.pdf
00:26:50 INFO     Finished converting document sgpr_ptd_2026_2027_docdiretivo_assinado-copia_tarjada.pdf in 19.84 sec.
00:26:50 INFO     [6/6] ✓ SGPR      :  10 riscos | 19.8s | ETA ~0s
00:26:50 INFO     ╔══════════════════════════════════════════════════════════════╗
00:26:50 INFO     ║                   RISCOS — fase concluída                    ║
00:26:50 INFO     ║  Processados: 6     |  ✓ 6  ⚠ 0                              ║
00:26:50 INFO     ║  Duração: 4.9 min                                            ║
00:26:50 INFO     ║  67 riscos | 6 órgãos                                        ║
00:26:50 INFO     ╚══════════════════════════════════════════════════════════════╝
00:26:50 INFO     67 riscos | 0 ações | 109 relações
00:26:50 INFO     ptd_corpus_raw                     : 200 linhas
00:26:50 INFO     ptd_pivot_eixos                    : 6 linhas
00:26:53 INFO     ptd_datas_assinatura               : 132 linhas
00:26:53 INFO     ptd_riscos                         : 67 linhas
00:26:53 INFO     ptd_riscos_acoes                   : 109 linhas
00:26:53 INFO     Manifesto salvo: pipeline_manifest.json | SHA-256 de 132 PDFs
00:26:53 INFO     ==================================================
00:26:53 INFO     PTD-BR v3.0-melhorado — PIPELINE CONCLUÍDO
00:26:53 INFO     ==================================================
00:26:53 INFO     ptd_corpus_raw.csv                        125 KB
00:26:53 INFO     ptd_pivot_eixos.csv                         0 KB
00:26:53 INFO     ptd_datas_assinatura.csv                    9 KB
00:26:53 INFO     ptd_riscos.csv                             19 KB
00:26:53 INFO     ptd_riscos_acoes.csv                        2 KB
00:26:53 INFO     proveniencia.json                           0 KB
00:26:53 INFO     pipeline_manifest.json                     20 KB
00:26:53 INFO     📦 Artefatos: https://github.com/freirelucas/teste/actions/runs/23927643290
00:26:53 INFO     ==================================================
