12:45:49 INFO     Docling disponível
12:45:49 WARNING  OCR fallback indisponível (IndentationError: unexpected indent (ptd_ocr_fallback.py, line 45))
12:45:50 INFO     Ignorado (guia/template/norma): ABNT-NBR-17225-Acessibilidade-Digital.pdf
12:45:50 INFO     Ignorado (guia/template/norma): cgrep-guia10passos-ptd-orgao.pdf
12:45:50 INFO     Ignorado (guia/template/norma): ABNT-NBR-17225-Acessibilidade-Digital.pdf
12:45:50 INFO     Scraping: 132 PDFs únicos | entregas: 68 | diretivos: 61
12:45:50 INFO     Baixando 132 PDFs únicos...
12:45:52 INFO     ✓ [  1/132] abin_ptd_anexo_de_entregas_assinado_pelo_orgao_ass   293.3KB
12:45:56 INFO     ✓ [  2/132] aeb_ptd_2025_2027_docdiretivo_aprovado_assinado-1_  1033.7KB
12:45:58 INFO     ✓ [  3/132] aeb_ptd_2025_2027_anexo_de_entregas_aprovado_assin   154.5KB
12:46:04 INFO     ✓ [  4/132] agu_ptd_2025_2027_docdiretivo_assinado_assinado_as  2860.3KB
12:46:07 INFO     ✓ [  5/132] agu_ptd_2025_2027_anexo_de_entregas_assinado_assin   525.5KB
12:46:10 INFO     ✓ [  6/132] ana_ptd_2025_2027_docdiretivo_assinado_assinado_as   477.2KB
12:46:12 INFO     ✓ [  7/132] ana_ptd_2025_2027_anexoentregas_assinado_assinado_   170.9KB
12:46:16 INFO     ✓ [  8/132] anac_ptd_2025_2026_docdiretivo_se_assinado_tarjado  1036.3KB
12:46:18 INFO     ✓ [  9/132] anac_ptd_2025_2026_anexo_de_entregas_se_assinado.p   215.2KB
12:46:22 INFO     ✓ [ 10/132] anatel_ptd_docdiretivo_assinado_2025_2026_assinado  1006.0KB
12:46:24 INFO     ✓ [ 11/132] anatel_ptd_2025_2026_anexo_de_entregas_do_ptd_publ    71.9KB
12:46:27 INFO     ✓ [ 12/132] ancine_ptd_2024_2026_docdiretivo_assinado-2_assina   961.8KB
12:46:30 INFO     ✓ [ 13/132] ancine_ptd_2024_2026_-_anexo_de_entregas_aprovado_   613.2KB
12:46:33 INFO     ✓ [ 14/132] ptd_aneel_2025-2027_docdiretivo_assinado_tarjado.p   779.6KB
12:46:35 INFO     ✓ [ 15/132] ptd_aneel_2025-2027_anexo_de_entregas_assinado.pdf   111.9KB
12:46:39 INFO     ✓ [ 16/132] anm_ptd_2025_2027_docdiretivo_assinadopeloorgao_ta  1092.5KB
12:46:43 INFO     ✓ [ 17/132] anm_ptd_2025_2027_anexo_entregas_assinadopeloorgao  1140.4KB
12:46:46 INFO     ✓ [ 18/132] anpd_ptd_2025_2027_docdiretivo_assinado_assinado_a  1044.3KB
12:46:48 INFO     ✓ [ 19/132] anpd_ptd_2025_2027_anexo_de_entregas_assinado_assi   166.5KB
12:46:52 INFO     ✓ [ 20/132] ans-plano_de_transformacao_digital_assinado-copia_  1023.4KB
12:46:54 INFO     ✓ [ 21/132] ans_ptd_2025_2026_anexo_de_entregas_assinado_assin   124.1KB
12:46:58 INFO     ✓ [ 22/132] antaq_ptd_2025_2027_docdiretivo_assinado_assinado_  1039.8KB
12:47:00 INFO     ✓ [ 23/132] antaq_ptd_2025_2027_anexoentregas_assinado_assinad   145.1KB
12:47:02 INFO     ✓ [ 24/132] mt_anexo_de_entregas_-_assinado_assinado_assinado_   143.6KB
12:47:12 INFO     ✓ [ 25/132] anvisa_ptd_docdiretivo_2025-2026_assinado_assinado  5771.2KB
12:47:15 INFO     ✓ [ 26/132] anvisa_ptd_anexo_de_entregas_2025_2026_assinado_as   239.0KB
12:47:18 INFO     ✓ [ 27/132] bcb_documento_diretivo_assinado_assinado_assinado-   713.7KB
12:47:20 INFO     ✓ [ 28/132] bcb_anexo_de_entregas_ptd_25_26-1_assinado_assinad   134.8KB
12:47:23 INFO     ✓ [ 29/132] cade_ptd_docdiretivo_2025_2026_assinado-2_assinado   810.4KB
12:47:26 INFO     ✓ [ 30/132] cade_ptd_anexo_de_entregas_2025_2026_assinado_copi   504.0KB
12:47:29 INFO     ✓ [ 31/132] mec_ptd_docdiretivo_2025-2026_sei_mec-5566673_copi   863.1KB
12:47:32 INFO     ✓ [ 32/132] mec_ptd_anexo-de-entregas_sei_mec-5576401_copia_ta   495.7KB
12:47:37 INFO     ✓ [ 33/132] mec_ptd_docdiretivo-versao-comunicacao_copia_tarja  1616.5KB
12:47:40 INFO     ✓ [ 34/132] md_ptd_2026_2027_anexo_de_entregas_assinado_assina   579.4KB
12:47:42 INFO     ✓ [ 35/132] md_ptd_2026_2027_anexo_de_entregas_assinado_assina   186.8KB
12:47:45 INFO     ✓ [ 36/132] md_ptd_temp_copia_tarjada.pdf                        741.9KB
12:47:49 INFO     ✓ [ 37/132] cgu_ptd_docdiretivo_assinado_assinado_assinado-cop  1085.4KB
12:47:52 INFO     ✓ [ 38/132] cgu_ptd_anexo_de_entregas_pactuadas_assinado_assin   514.1KB
12:47:54 INFO     ✓ [ 39/132] cnpq_ptd_2025_2027_docdiretivo_assinado_assinado_a   342.9KB
12:47:57 INFO     ✓ [ 40/132] cnpq_ptd_2025_2027_anexo_de_entregas_assinado_assi   136.1KB
12:48:00 INFO     ✓ [ 41/132] coaf_ptd_2025_2026_documento_diretivo_assinado_ass  1068.0KB
12:48:07 INFO     ✓ [ 42/132] coaf_ptd_2025_2026_anexo_de_entregas-2_assinado_as  3184.5KB
12:48:14 INFO     ✓ [ 43/132] ptd_midr-docdiretivo_aprovado_assinado_tarjado.pdf  3864.1KB
12:48:18 INFO     ✓ [ 44/132] ptd_midr_-_anexo_de_entregas_-_aprovado_assinado.p  1122.0KB
12:48:21 INFO     ✓ [ 45/132] mda-documento-diretivo-assinado_ptd-2025-207-copia   955.8KB
12:48:24 INFO     ✓ [ 46/132] cvm_ptd_2025_2027_docdiretivo_assinado_assinado_as   270.5KB
12:48:26 INFO     ✓ [ 47/132] cvm_ptd_2025_2027_anexoentregas_assinado_assinado_   409.0KB
12:48:30 INFO     ✓ [ 48/132] dnocs_ptd_doc_diretivo_2025_2026_assinado_orgao-2_   891.1KB
12:48:32 INFO     ✓ [ 49/132] dnocs_anexo_de_entregas_repactuado_2025_2026_assin   272.3KB
12:48:39 INFO     ✓ [ 50/132] fbn_ptd_2025_2027_docdiretivo_assinado-1_tarjado.p  2921.6KB
12:48:41 INFO     ✓ [ 51/132] fbn_ptd_2025_2027_anexo_de_entregas_assinado-1.pdf   162.3KB
12:48:45 INFO     ✓ [ 52/132] fcp_ptd_2025_2027_docdiretivo_assinado-1_tarjado.p  1612.0KB
12:48:48 INFO     ✓ [ 53/132] fcp_ptd_2025_2027_anexo_de_entregas_assinado-1.pdf   118.8KB
12:48:51 INFO     ✓ [ 54/132] fcrb_ptd_2025_2026_docdiretivo_aprovado_assinado-1   998.2KB
12:48:54 INFO     ✓ [ 55/132] fcrb_ptd_2025_2026_anexo_de_entregas_aprovado_assi   313.5KB
12:48:58 INFO     ✓ [ 56/132] fiocruz_novo-ptd_2-1_docdiretivo_repactuacao_2024-  1318.1KB
12:49:00 INFO     ✓ [ 57/132] fiocruz_ptd_anexo_de_entregas_assinado_v1_assinado   257.1KB
12:49:05 INFO     ✓ [ 58/132] fiocruz-ptd-06_2024-copia_tarjada.pdf               1693.8KB
12:49:10 INFO     ✓ [ 59/132] funai_ptd_2025_2027_docdiretivo_assinado-1_tarjado  1842.1KB
12:49:12 INFO     ✓ [ 60/132] funai_anexo_de_entregas_repactuado_2026_2027_assin   435.7KB
12:49:16 INFO     ✓ [ 61/132] funarte_ptd_docdiretivo_assinado_21_01_2025_assina   965.7KB
12:49:19 INFO     ✓ [ 62/132] funarte_ptd_anexo_de_entregas_assinado_v1_assinado   683.6KB
12:49:22 INFO     ✓ [ 63/132] fundacentro_ptd_2025_2027_docdiretivo_assinado_ass   826.6KB
12:49:25 INFO     ✓ [ 64/132] fundacentro_ptd_2025_2027_anexo_de_entregas_assina   635.5KB
12:49:29 INFO     ✓ [ 65/132] mma_ptd_docdiretivo_assinado_2025_2026-1_assinado_   949.3KB
12:49:31 INFO     ✓ [ 66/132] mma_ptd_anexo_de_entregas_aprovado_final_assinado_   174.8KB
12:49:35 INFO     ✓ [ 67/132] ibge_docdiretivo_2025_assinado_assinado_assinado-c  1167.3KB
12:49:37 INFO     ✓ [ 68/132] ibge_ptd_25_26_anexo_de_entregas_modelo_v2-1_assin   143.7KB
12:49:49 INFO     ✓ [ 69/132] incra_ptd_docdiretivo__assinado-1_assinado_assinad  7182.0KB
12:49:54 INFO     ✓ [ 70/132] incra_anexo_de_entregas_assinado-1_assinado_assina  1818.6KB
12:50:00 INFO     ✓ [ 71/132] inpi_ptd_docdiretivo_assinado_2025_2026_assinado_a  3322.4KB
12:50:06 INFO     ✓ [ 72/132] inpi_ptd_anexo_de_entregas_assinado_v1_assinado_as  3078.1KB
12:50:10 INFO     ✓ [ 73/132] inss_ptd_2025_2027_docdiretivo-assinado-copia_tarj  1173.3KB
12:50:13 INFO     ✓ [ 74/132] inss_ptd_2025_2027_anexo_de_entregas-assinado-copi   110.8KB
12:50:16 INFO     ✓ [ 75/132] iphan_ptd_docdiretivo_assinado_2025_2026_assinado_   885.7KB
12:50:19 INFO     ✓ [ 76/132] iphan_ptd_anexo_de_entregas_assinado_v1_assinado_a   310.9KB
12:50:27 INFO     ✓ [ 77/132] iti_doc_diretivo_assinado-1_tarjado.pdf             4905.1KB
12:50:30 INFO     ✓ [ 78/132] iti_anexo_de_entregas_assinado.pdf                   556.4KB
12:50:34 INFO     ✓ [ 79/132] mapa_ptd_2025_2027_docdiretivo_assinado-1_tarjado.  1740.9KB
12:50:37 INFO     ✓ [ 80/132] mapa_ptd_2025_2027_anexo_de_entregas_assinado-1.pd   261.9KB
12:50:44 INFO     ✓ [ 81/132] documento-diretivo-mcom-_-ptd-25_27-copia_tarjada.  4451.9KB
12:50:48 INFO     ✓ [ 82/132] anexo-de-entregas-mcom_ptd-25_27-copia_tarjada.pdf  1213.8KB
12:50:54 INFO     ✓ [ 83/132] ptd_21_24_mcom-copia_tarjada.pdf                    3040.7KB
12:50:58 INFO     ✓ [ 84/132] mcti_ptd_2025-2027_docdiretivo_assinado-copia_tarj  1030.7KB
12:51:00 INFO     ✓ [ 85/132] mcti_ptd_2025-2027_anexo-de-entregas_assinado-copi   145.8KB
12:51:03 INFO     ✓ [ 86/132] mda-anexo-entregas-assinado_ptd-2025-2027-copia-ta   284.6KB
12:51:06 INFO     ✓ [ 87/132] mdhc_ptd_2025_2027_docdiretivo_assinado_assinado_a   753.4KB
12:51:08 INFO     ✓ [ 88/132] mdhc_ptd_2025_2027_anexoentregas_assinado_assinado   186.8KB
12:51:11 INFO     ✓ [ 89/132] mdic_ptd_anexo_de_entregas_assinado_v1_assinado_as   176.6KB
12:51:14 INFO     ✓ [ 90/132] memp_ptd_2025_2026_docdiretivo_assinado_assinado_a  1030.1KB
12:51:17 INFO     ✓ [ 91/132] memp_ptd_2025_2026_anexo_de_entregas_assinado_assi   161.5KB
12:51:20 INFO     ✓ [ 92/132] mesp_ptd_2025_2027_docdiretivo_assinado_assinado_2  1147.7KB
12:51:23 INFO     ✓ [ 93/132] mesp_ptd_2025_2027_anexo_de_entregas_assinado_assi   226.6KB
12:51:26 INFO     ✓ [ 94/132] mf_ptd_2026_2027_documentodiretivo_assinado_assina   955.1KB
12:51:29 INFO     ✓ [ 95/132] mf_ptd_2026_2027_anexo_de_entregas_1_mf_se_assinad   241.2KB
12:51:32 INFO     ✓ [ 96/132] mgi_ptd_2025_2027_docdiretivo_assinado_assinado_as   375.2KB
12:51:34 INFO     ✓ [ 97/132] mgi_ptd_2025_2027_anexo_de_entregas_assinado_assin   256.1KB
12:51:38 INFO     ✓ [ 98/132] minc_ptd_2025_2027_docdiretivo_assinado-1_assinado   863.6KB
12:51:40 INFO     ✓ [ 99/132] minc_ptd_2025_2027_anexo_de_entregas_assinado-1_as   276.7KB
12:51:44 INFO     ✓ [100/132] mjsp_ptd_docdiretivo_assinado_2025_2026_assinado_a   954.0KB
12:51:46 INFO     ✓ [101/132] mjsp_ptd_anexo_de_entregas_assinado_v1_assinado_as   253.9KB
12:51:49 INFO     ✓ [102/132] mme_ptd_2025_2027_docdiretivo_assinado-copia_tarja   664.5KB
12:51:51 INFO     ✓ [103/132] mme_ptd_2025_2027_anexo_de_entregas_assinado__1_-c   111.1KB
12:51:55 INFO     ✓ [104/132] mmulheres_ptd_2025_2027_docdiretivo_assinado_assin  1078.3KB
12:51:58 INFO     ✓ [105/132] mmulheres_ptd_2025_2027_anexo_de_entregas_assinado   216.9KB
12:52:01 INFO     ✓ [106/132] mpi_ptd_2025_2027_docdiretivo_ministerio_dos_povos   947.9KB
12:52:03 INFO     ✓ [107/132] mpi_ptd_anexo_de_entregas_do_plano_de_tranformacao   191.9KB
12:52:07 INFO     ✓ [108/132] mpo_ptd_docdiretivo_assinado_2025_2026_assinado_as   806.3KB
12:52:10 INFO     ✓ [109/132] mpo_ptd_anexo_de_entregas_assinado_v1_assinado_ass   323.2KB
12:52:13 INFO     ✓ [110/132] mpor_ptd_2025_2027_docdiretivo_assinado_assinado_a   876.5KB
12:52:15 INFO     ✓ [111/132] mpor_ptd_2025_2027_anexo_de_entregas_assinado_assi   175.1KB
12:52:19 INFO     ✓ [112/132] mps_ptd_2025-2026_docdiretivo_final_assinado-1_ass  1024.4KB
12:52:21 INFO     ✓ [113/132] mps_ptd_2025-2026_anexo_de_entregas_final_assinado   165.0KB
12:52:25 INFO     ✓ [114/132] mre_ptd_docdiretivo_assinado_2025_2026_assinado_as   760.9KB
12:52:27 INFO     ✓ [115/132] mre_ptd_anexo_de_entregas_assinado_v1_assinado_ass   233.2KB
12:52:30 INFO     ✓ [116/132] mte_ptd_2025_2026_docdiretivo_assinado_assinado_as   729.6KB
12:52:33 INFO     ✓ [117/132] mte_ptd_anexo_de_entregas_assinado_v1__281_29_assi   459.5KB
12:52:36 INFO     ✓ [118/132] mtur_ptd_docdiretiv_assinado_30_01_2025_assinado_a  1050.4KB
12:52:39 INFO     ✓ [119/132] mtur_ptd_anexo_de_entregas_assinado_30_01_2025_ass   118.8KB
12:52:42 INFO     ✓ [120/132] pf_ptd_docdiretivo_2025_2027_assinado-copia_tarjad   964.3KB
12:52:44 INFO     ✓ [121/132] pf_ptd_anexo_de_entregas_2025_2027_assinado-copia_    62.5KB
12:52:47 INFO     ✓ [122/132] mf_ptd_2026_2027_anexo_de_entregas_4_mf_pgfn_assin   466.8KB
12:52:58 INFO     ✓ [123/132] previc_plano_de_transformacao_digital_2025_2026_29  6652.7KB
12:53:00 INFO     ✓ [124/132] previc_ptd_repactuacao_2025-2026_assinado_assinado   182.9KB
12:53:03 INFO     ✓ [125/132] prf_documentodiretivo_ptd_2026-2027_assinado_tarja   535.9KB
12:53:06 INFO     ✓ [126/132] prf_anexo_de_entregas_do_ptd__2026_2027___ptd___en   157.7KB
12:53:08 INFO     ✓ [127/132] mf_ptd_2026_2027_anexo_de_entregas_2_mf_rfb_assina   253.7KB
12:53:12 INFO     ✓ [128/132] sgpr_ptd_2026_2027_docdiretivo_assinado-copia_tarj   791.2KB
12:53:15 INFO     ✓ [129/132] sgpr_ptd_2025_2027_anexo_de_entregas_assinado-copi   897.9KB
12:53:18 INFO     ✓ [130/132] mf_ptd_2026_2027_anexo_de_entregas_3_mf_stn_assina   467.8KB
12:53:22 INFO     ✓ [131/132] susep_ptd_2025_2027_docdiretivo-assinado-copia_tar  1030.1KB
12:53:24 INFO     ✓ [132/132] susep_ptd_2025-2026_anexo_de_entregas_final_assina   221.9KB
12:53:26 INFO     132 OK | 0 erros | 123.3 MB total
12:53:31 INFO     Sanity: 132 PDFs | 113 texto | 19 imagem/OCR | 0 duplicatas
12:53:31 INFO     --siglas (debug): 13 PDFs de ['AGU', 'FIOCRUZ', 'FUNAI', 'FUNDACENTRO', 'INCRA', 'ITI', 'MCOM', 'SGPR']
12:53:31 INFO     DocumentConverter instanciado (singleton × 2: plain + OCR)
12:53:31 INFO     [1/13] → agu_ptd_2025_2027_anexo_de_entregas_assinado_assinado_assinado-copia_tarjada.pdf
12:53:31 INFO     detected formats: [<InputFormat.PDF: 'pdf'>]
12:53:31 INFO     Going to convert document batch...
12:53:31 INFO     Initializing pipeline for StandardPdfPipeline with options hash bc6794697da537796efc497178f9263f
12:53:31 INFO     Loading plugin 'docling_defaults'
12:53:31 INFO     Registered picture descriptions: ['picture_description_vlm_engine', 'vlm', 'api']
12:53:31 INFO     Loading plugin 'docling_defaults'
12:53:31 INFO     Registered ocr engines: ['auto', 'easyocr', 'kserve_v2_ocr', 'ocrmac', 'rapidocr', 'tesserocr', 'tesseract']
12:53:32 INFO     command: tesseract --list-langs
12:53:32 INFO     Loading plugin 'docling_defaults'
12:53:32 INFO     Registered layout engines: ['layout_object_detection', 'docling_layout_default', 'docling_experimental_table_crops_layout']
12:53:32 INFO     Accelerator device: 'cpu'
12:53:32 INFO     HTTP Request: GET https://huggingface.co/api/models/docling-project/docling-layout-heron/revision/main "HTTP/1.1 200 OK"
12:53:32 INFO     HTTP Request: HEAD https://huggingface.co/docling-project/docling-layout-heron/resolve/8f39ad3c0b4c58e9c2d2c84a38465abf757272d8/.gitattributes "HTTP/1.1 307 Temporary Redirect"
12:53:32 WARNING  Warning: You are sending unauthenticated requests to the HF Hub. Please set a HF_TOKEN to enable higher rate limits and faster downloads.
12:53:32 INFO     HTTP Request: HEAD https://huggingface.co/api/resolve-cache/models/docling-project/docling-layout-heron/8f39ad3c0b4c58e9c2d2c84a38465abf757272d8/.gitattributes "HTTP/1.1 200 OK"
12:53:32 INFO     HTTP Request: HEAD https://huggingface.co/docling-project/docling-layout-heron/resolve/8f39ad3c0b4c58e9c2d2c84a38465abf757272d8/README.md "HTTP/1.1 307 Temporary Redirect"
12:53:32 INFO     HTTP Request: HEAD https://huggingface.co/docling-project/docling-layout-heron/resolve/8f39ad3c0b4c58e9c2d2c84a38465abf757272d8/docling_heron_400.png "HTTP/1.1 307 Temporary Redirect"
12:53:32 INFO     HTTP Request: HEAD https://huggingface.co/docling-project/docling-layout-heron/resolve/8f39ad3c0b4c58e9c2d2c84a38465abf757272d8/preprocessor_config.json "HTTP/1.1 307 Temporary Redirect"
12:53:32 INFO     HTTP Request: HEAD https://huggingface.co/docling-project/docling-layout-heron/resolve/8f39ad3c0b4c58e9c2d2c84a38465abf757272d8/config.json "HTTP/1.1 307 Temporary Redirect"
12:53:32 INFO     HTTP Request: HEAD https://huggingface.co/docling-project/docling-layout-heron/resolve/8f39ad3c0b4c58e9c2d2c84a38465abf757272d8/model.safetensors "HTTP/1.1 302 Found"
12:53:32 INFO     HTTP Request: GET https://huggingface.co/api/resolve-cache/models/docling-project/docling-layout-heron/8f39ad3c0b4c58e9c2d2c84a38465abf757272d8/.gitattributes "HTTP/1.1 200 OK"
12:53:32 INFO     HTTP Request: HEAD https://huggingface.co/api/resolve-cache/models/docling-project/docling-layout-heron/8f39ad3c0b4c58e9c2d2c84a38465abf757272d8/docling_heron_400.png "HTTP/1.1 200 OK"
12:53:32 INFO     HTTP Request: HEAD https://huggingface.co/api/resolve-cache/models/docling-project/docling-layout-heron/8f39ad3c0b4c58e9c2d2c84a38465abf757272d8/README.md "HTTP/1.1 200 OK"
12:53:32 INFO     HTTP Request: HEAD https://huggingface.co/api/resolve-cache/models/docling-project/docling-layout-heron/8f39ad3c0b4c58e9c2d2c84a38465abf757272d8/preprocessor_config.json "HTTP/1.1 200 OK"
12:53:32 INFO     HTTP Request: HEAD https://huggingface.co/api/resolve-cache/models/docling-project/docling-layout-heron/8f39ad3c0b4c58e9c2d2c84a38465abf757272d8/config.json "HTTP/1.1 200 OK"
12:53:32 INFO     HTTP Request: GET https://huggingface.co/api/resolve-cache/models/docling-project/docling-layout-heron/8f39ad3c0b4c58e9c2d2c84a38465abf757272d8/docling_heron_400.png "HTTP/1.1 200 OK"
12:53:32 INFO     HTTP Request: GET https://huggingface.co/api/resolve-cache/models/docling-project/docling-layout-heron/8f39ad3c0b4c58e9c2d2c84a38465abf757272d8/README.md "HTTP/1.1 200 OK"
12:53:32 INFO     HTTP Request: GET https://huggingface.co/api/resolve-cache/models/docling-project/docling-layout-heron/8f39ad3c0b4c58e9c2d2c84a38465abf757272d8/preprocessor_config.json "HTTP/1.1 200 OK"
12:53:32 INFO     HTTP Request: GET https://huggingface.co/api/resolve-cache/models/docling-project/docling-layout-heron/8f39ad3c0b4c58e9c2d2c84a38465abf757272d8/config.json "HTTP/1.1 200 OK"
12:53:32 INFO     HTTP Request: GET https://huggingface.co/api/models/docling-project/docling-layout-heron/xet-read-token/8f39ad3c0b4c58e9c2d2c84a38465abf757272d8 "HTTP/1.1 200 OK"
12:53:34 INFO     Loading plugin 'docling_defaults'
12:53:34 INFO     Registered table structure engines: ['docling_tableformer', 'docling_tableformer_v2']
12:53:34 INFO     HTTP Request: GET https://huggingface.co/api/models/docling-project/docling-models/revision/v2.3.0 "HTTP/1.1 200 OK"
12:53:34 INFO     HTTP Request: HEAD https://huggingface.co/docling-project/docling-models/resolve/fc0f2d45e2218ea24bce5045f58a389aed16dc23/config.json "HTTP/1.1 307 Temporary Redirect"
12:53:34 INFO     HTTP Request: HEAD https://huggingface.co/docling-project/docling-models/resolve/fc0f2d45e2218ea24bce5045f58a389aed16dc23/README.md "HTTP/1.1 307 Temporary Redirect"
12:53:34 INFO     HTTP Request: HEAD https://huggingface.co/docling-project/docling-models/resolve/fc0f2d45e2218ea24bce5045f58a389aed16dc23/.gitattributes "HTTP/1.1 307 Temporary Redirect"
12:53:34 INFO     HTTP Request: HEAD https://huggingface.co/docling-project/docling-models/resolve/fc0f2d45e2218ea24bce5045f58a389aed16dc23/model_artifacts/tableformer/accurate/tm_config.json "HTTP/1.1 307 Temporary Redirect"
12:53:34 INFO     HTTP Request: HEAD https://huggingface.co/docling-project/docling-models/resolve/fc0f2d45e2218ea24bce5045f58a389aed16dc23/.gitignore "HTTP/1.1 307 Temporary Redirect"
12:53:34 INFO     HTTP Request: HEAD https://huggingface.co/docling-project/docling-models/resolve/fc0f2d45e2218ea24bce5045f58a389aed16dc23/model_artifacts/tableformer/accurate/tableformer_accurate.safetensors "HTTP/1.1 302 Found"
12:53:34 INFO     HTTP Request: HEAD https://huggingface.co/api/resolve-cache/models/docling-project/docling-models/fc0f2d45e2218ea24bce5045f58a389aed16dc23/config.json "HTTP/1.1 200 OK"
12:53:34 INFO     HTTP Request: HEAD https://huggingface.co/api/resolve-cache/models/docling-project/docling-models/fc0f2d45e2218ea24bce5045f58a389aed16dc23/README.md "HTTP/1.1 200 OK"
12:53:34 INFO     HTTP Request: HEAD https://huggingface.co/api/resolve-cache/models/docling-project/docling-models/fc0f2d45e2218ea24bce5045f58a389aed16dc23/.gitattributes "HTTP/1.1 200 OK"
12:53:34 INFO     HTTP Request: HEAD https://huggingface.co/api/resolve-cache/models/docling-project/docling-models/fc0f2d45e2218ea24bce5045f58a389aed16dc23/model_artifacts%2Ftableformer%2Faccurate%2Ftm_config.json "HTTP/1.1 200 OK"
12:53:34 INFO     HTTP Request: HEAD https://huggingface.co/api/resolve-cache/models/docling-project/docling-models/fc0f2d45e2218ea24bce5045f58a389aed16dc23/.gitignore "HTTP/1.1 200 OK"
12:53:34 INFO     HTTP Request: GET https://huggingface.co/api/resolve-cache/models/docling-project/docling-models/fc0f2d45e2218ea24bce5045f58a389aed16dc23/config.json "HTTP/1.1 200 OK"
12:53:34 INFO     HTTP Request: HEAD https://huggingface.co/docling-project/docling-models/resolve/fc0f2d45e2218ea24bce5045f58a389aed16dc23/model_artifacts/tableformer/fast/tm_config.json "HTTP/1.1 307 Temporary Redirect"
12:53:34 INFO     HTTP Request: GET https://huggingface.co/api/resolve-cache/models/docling-project/docling-models/fc0f2d45e2218ea24bce5045f58a389aed16dc23/README.md "HTTP/1.1 200 OK"
12:53:34 INFO     HTTP Request: GET https://huggingface.co/api/resolve-cache/models/docling-project/docling-models/fc0f2d45e2218ea24bce5045f58a389aed16dc23/.gitattributes "HTTP/1.1 200 OK"
12:53:34 INFO     HTTP Request: GET https://huggingface.co/api/resolve-cache/models/docling-project/docling-models/fc0f2d45e2218ea24bce5045f58a389aed16dc23/model_artifacts%2Ftableformer%2Faccurate%2Ftm_config.json "HTTP/1.1 200 OK"
12:53:34 INFO     HTTP Request: GET https://huggingface.co/api/resolve-cache/models/docling-project/docling-models/fc0f2d45e2218ea24bce5045f58a389aed16dc23/.gitignore "HTTP/1.1 200 OK"
12:53:34 INFO     HTTP Request: HEAD https://huggingface.co/docling-project/docling-models/resolve/fc0f2d45e2218ea24bce5045f58a389aed16dc23/model_artifacts/tableformer/fast/tableformer_fast.safetensors "HTTP/1.1 302 Found"
12:53:34 INFO     HTTP Request: HEAD https://huggingface.co/api/resolve-cache/models/docling-project/docling-models/fc0f2d45e2218ea24bce5045f58a389aed16dc23/model_artifacts%2Ftableformer%2Ffast%2Ftm_config.json "HTTP/1.1 200 OK"
12:53:34 INFO     HTTP Request: GET https://huggingface.co/api/models/docling-project/docling-models/xet-read-token/fc0f2d45e2218ea24bce5045f58a389aed16dc23 "HTTP/1.1 200 OK"
12:53:34 INFO     HTTP Request: GET https://huggingface.co/api/resolve-cache/models/docling-project/docling-models/fc0f2d45e2218ea24bce5045f58a389aed16dc23/model_artifacts%2Ftableformer%2Ffast%2Ftm_config.json "HTTP/1.1 200 OK"
12:53:34 INFO     HTTP Request: GET https://huggingface.co/api/models/docling-project/docling-models/xet-read-token/fc0f2d45e2218ea24bce5045f58a389aed16dc23 "HTTP/1.1 200 OK"
12:53:35 INFO     Accelerator device: 'cpu'
12:53:36 INFO     Processing document agu_ptd_2025_2027_anexo_de_entregas_assinado_assinado_assinado-copia_tarjada.pdf
12:53:36 INFO     command: tesseract --psm 0 -l osd /tmp/tmp8btf0dcv.png stdout
12:53:37 INFO     command: tesseract -l por /tmp/tmp8btf0dcv.png stdout tsv
12:53:40 INFO     command: tesseract --psm 0 -l osd /tmp/tmpthetdyv0.png stdout
12:53:41 INFO     command: tesseract -l por /tmp/tmpthetdyv0.png stdout tsv
12:54:01 INFO     Finished converting document agu_ptd_2025_2027_anexo_de_entregas_assinado_assinado_assinado-copia_tarjada.pdf in 29.47 sec.
12:54:01 INFO       pixel_budget (Docling) agu_ptd_2025_2027_anexo_de_entregas_assinado_assinado_assinado-copia_tarjada.pdf: 45.8% (área tabelas/1001817 px²)
12:54:01 INFO     [1/13] ✓ AGU       :   33 entregas | 29.5s | ETA ~5min
12:54:01 INFO     [2/13] → agu_ptd_2025_2027_docdiretivo_assinado_assinado_assinado-copia_tarjada.pdf
12:54:01 INFO     detected formats: [<InputFormat.PDF: 'pdf'>]
12:54:01 INFO     Going to convert document batch...
12:54:01 INFO     Processing document agu_ptd_2025_2027_docdiretivo_assinado_assinado_assinado-copia_tarjada.pdf
12:54:02 INFO     command: tesseract --psm 0 -l osd /tmp/tmp9522yh__.png stdout
12:54:02 INFO     command: tesseract -l por /tmp/tmp9522yh__.png stdout tsv
12:54:04 INFO     command: tesseract --psm 0 -l osd /tmp/tmpz5teto8a.png stdout
12:54:06 INFO     command: tesseract -l por /tmp/tmpz5teto8a.png stdout tsv
12:54:08 INFO     command: tesseract --psm 0 -l osd /tmp/tmpfvn0rhnx.png stdout
12:54:09 INFO     command: tesseract -l por /tmp/tmpfvn0rhnx.png stdout tsv
12:54:11 INFO     command: tesseract --psm 0 -l osd /tmp/tmpvyzw0mpm.png stdout
12:54:12 INFO     command: tesseract -l por /tmp/tmpvyzw0mpm.png stdout tsv
12:54:14 INFO     command: tesseract --psm 0 -l osd /tmp/tmp7v_btrl5.png stdout
12:54:15 INFO     command: tesseract -l por /tmp/tmp7v_btrl5.png stdout tsv
12:54:17 INFO     command: tesseract --psm 0 -l osd /tmp/tmpl89b5ikj.png stdout
12:54:18 INFO     command: tesseract -l por /tmp/tmpl89b5ikj.png stdout tsv
12:54:29 INFO     command: tesseract --psm 0 -l osd /tmp/tmphytof6si.png stdout
12:54:30 INFO     command: tesseract -l por /tmp/tmphytof6si.png stdout tsv
12:54:32 INFO     command: tesseract --psm 0 -l osd /tmp/tmp_qif0q3x.png stdout
12:54:33 INFO     command: tesseract -l por /tmp/tmp_qif0q3x.png stdout tsv
12:54:35 INFO     command: tesseract --psm 0 -l osd /tmp/tmpoqdb_eko.png stdout
12:54:36 INFO     command: tesseract -l por /tmp/tmpoqdb_eko.png stdout tsv
12:54:39 INFO     command: tesseract --psm 0 -l osd /tmp/tmpl1s7wz10.png stdout
12:54:40 INFO     command: tesseract -l por /tmp/tmpl1s7wz10.png stdout tsv
12:54:54 INFO     command: tesseract --psm 0 -l osd /tmp/tmp2bsy6mt7.png stdout
12:54:55 INFO     command: tesseract -l por /tmp/tmp2bsy6mt7.png stdout tsv
12:54:58 INFO     Finished converting document agu_ptd_2025_2027_docdiretivo_assinado_assinado_assinado-copia_tarjada.pdf in 56.91 sec.
12:54:58 INFO       pixel_budget (Docling) agu_ptd_2025_2027_docdiretivo_assinado_assinado_assinado-copia_tarjada.pdf: 2.1% (área tabelas/5513330 px²)
12:54:58 INFO     [2/13] ✓ AGU       :    6 entregas | 56.9s | ETA ~7min
12:54:58 INFO     [3/13] → fiocruz-ptd-06_2024-copia_tarjada.pdf
12:54:58 INFO     detected formats: [<InputFormat.PDF: 'pdf'>]
12:54:58 INFO     Going to convert document batch...
12:54:58 INFO     Initializing pipeline for StandardPdfPipeline with options hash d18651824ca6fe56cf3ccb20424ac2c8
12:54:58 INFO     Accelerator device: 'cpu'
12:54:58 INFO     HTTP Request: GET https://huggingface.co/api/models/docling-project/docling-layout-heron/revision/main "HTTP/1.1 200 OK"
12:54:58 INFO     HTTP Request: GET https://huggingface.co/api/models/docling-project/docling-models/revision/v2.3.0 "HTTP/1.1 200 OK"
12:54:58 INFO     Accelerator device: 'cpu'
12:54:59 INFO     Processing document fiocruz-ptd-06_2024-copia_tarjada.pdf
12:56:07 INFO     Finished converting document fiocruz-ptd-06_2024-copia_tarjada.pdf in 69.54 sec.
12:56:07 INFO       pixel_budget (Docling) fiocruz-ptd-06_2024-copia_tarjada.pdf: 36.4% (área tabelas/7518178 px²)
12:56:07 WARNING  [3/13] ⚠ FIOCRUZ   :    0 entregas | 69.6s | ETA ~8min
12:56:07 INFO     [4/13] → fiocruz_novo-ptd_2-1_docdiretivo_repactuacao_2024-2026_assinado_assinado-copia_tarjada.pdf
12:56:07 INFO     detected formats: [<InputFormat.PDF: 'pdf'>]
12:56:07 INFO     Going to convert document batch...
12:56:07 INFO     Processing document fiocruz_novo-ptd_2-1_docdiretivo_repactuacao_2024-2026_assinado_assinado-copia_tarjada.pdf
12:56:25 INFO     Finished converting document fiocruz_novo-ptd_2-1_docdiretivo_repactuacao_2024-2026_assinado_assinado-copia_tarjada.pdf in 17.84 sec.
12:56:25 INFO       pixel_budget (Docling) fiocruz_novo-ptd_2-1_docdiretivo_repactuacao_2024-2026_assinado_assinado-copia_tarjada.pdf: 11.3% (área tabelas/5012118 px²)
12:56:25 WARNING  [4/13] ⚠ FIOCRUZ   :    0 entregas | 17.9s | ETA ~6min
12:56:25 INFO     [5/13] → fiocruz_ptd_anexo_de_entregas_assinado_v1_assinado_assinado-1-copia_tarjada.pdf
12:56:25 INFO     detected formats: [<InputFormat.PDF: 'pdf'>]
12:56:25 INFO     Going to convert document batch...
12:56:25 INFO     Processing document fiocruz_ptd_anexo_de_entregas_assinado_v1_assinado_assinado-1-copia_tarjada.pdf
12:56:57 INFO     Finished converting document fiocruz_ptd_anexo_de_entregas_assinado_v1_assinado_assinado-1-copia_tarjada.pdf in 32.07 sec.
12:56:57 INFO       pixel_budget (Docling) fiocruz_ptd_anexo_de_entregas_assinado_v1_assinado_assinado-1-copia_tarjada.pdf: 54.7% (área tabelas/2004847 px²)
12:56:57 INFO     [5/13] ✓ FIOCRUZ   :   61 entregas | 32.1s | ETA ~5min
12:56:57 INFO     [6/13] → funai_anexo_de_entregas_repactuado_2026_2027_assinado_assinado_assinado.pdf
12:56:57 INFO     detected formats: [<InputFormat.PDF: 'pdf'>]
12:56:57 INFO     Going to convert document batch...
12:56:57 INFO     Processing document funai_anexo_de_entregas_repactuado_2026_2027_assinado_assinado_assinado.pdf
12:56:58 INFO     command: tesseract --psm 0 -l osd /tmp/tmpka5dsm6v.png stdout
12:56:59 INFO     command: tesseract -l por /tmp/tmpka5dsm6v.png stdout tsv
12:57:12 INFO     Finished converting document funai_anexo_de_entregas_repactuado_2026_2027_assinado_assinado_assinado.pdf in 15.01 sec.
12:57:12 INFO       pixel_budget (Docling) funai_anexo_de_entregas_repactuado_2026_2027_assinado_assinado_assinado.pdf: 49.8% (área tabelas/501212 px²)
12:57:12 INFO     [6/13] ✓ FUNAI     :   21 entregas | 15.0s | ETA ~4min
12:57:12 INFO     [7/13] → funai_ptd_2025_2027_docdiretivo_assinado-1_tarjado.pdf
12:57:12 INFO     detected formats: [<InputFormat.PDF: 'pdf'>]
12:57:12 INFO     Going to convert document batch...
12:57:12 INFO     Processing document funai_ptd_2025_2027_docdiretivo_assinado-1_tarjado.pdf
12:57:14 INFO     command: tesseract --psm 0 -l osd /tmp/tmpyz9fu33o.png stdout
12:57:14 INFO     command: tesseract -l por /tmp/tmpyz9fu33o.png stdout tsv
12:57:16 INFO     command: tesseract --psm 0 -l osd /tmp/tmpexszq55m.png stdout
12:57:17 INFO     command: tesseract -l por /tmp/tmpexszq55m.png stdout tsv
12:57:21 INFO     command: tesseract --psm 0 -l osd /tmp/tmp5nbfwx2j.png stdout
12:57:22 INFO     command: tesseract -l por /tmp/tmp5nbfwx2j.png stdout tsv
12:57:24 INFO     command: tesseract --psm 0 -l osd /tmp/tmpjm106ovz.png stdout
12:57:24 INFO     command: tesseract -l por /tmp/tmpjm106ovz.png stdout tsv
12:57:26 INFO     command: tesseract --psm 0 -l osd /tmp/tmpin1o69ge.png stdout
12:57:27 INFO     command: tesseract -l por /tmp/tmpin1o69ge.png stdout tsv
12:57:29 INFO     command: tesseract --psm 0 -l osd /tmp/tmpb2vmgkqe.png stdout
12:57:30 INFO     command: tesseract -l por /tmp/tmpb2vmgkqe.png stdout tsv
12:57:41 INFO     command: tesseract --psm 0 -l osd /tmp/tmpvj8juh5q.png stdout
12:57:42 INFO     command: tesseract -l por /tmp/tmpvj8juh5q.png stdout tsv
12:57:44 INFO     command: tesseract --psm 0 -l osd /tmp/tmpte4rl296.png stdout
12:57:44 INFO     command: tesseract -l por /tmp/tmpte4rl296.png stdout tsv
12:57:46 INFO     command: tesseract --psm 0 -l osd /tmp/tmp6ilwmzxn.png stdout
12:57:46 INFO     command: tesseract -l por /tmp/tmp6ilwmzxn.png stdout tsv
12:57:48 INFO     command: tesseract --psm 0 -l osd /tmp/tmp0brlzp2d.png stdout
12:57:49 INFO     command: tesseract -l por /tmp/tmp0brlzp2d.png stdout tsv
12:57:59 INFO     command: tesseract --psm 0 -l osd /tmp/tmplzhc7pzz.png stdout
12:58:00 INFO     command: tesseract -l por /tmp/tmplzhc7pzz.png stdout tsv
12:58:10 INFO     command: tesseract --psm 0 -l osd /tmp/tmp4vgb1nr4.png stdout
12:58:11 INFO     command: tesseract -l por /tmp/tmp4vgb1nr4.png stdout tsv
12:58:13 INFO     command: tesseract --psm 0 -l osd /tmp/tmpla55qxki.png stdout
12:58:14 INFO     command: tesseract -l por /tmp/tmpla55qxki.png stdout tsv
12:58:20 INFO     Finished converting document funai_ptd_2025_2027_docdiretivo_assinado-1_tarjado.pdf in 67.62 sec.
12:58:20 INFO       pixel_budget (Docling) funai_ptd_2025_2027_docdiretivo_assinado-1_tarjado.pdf: 16.4% (área tabelas/6515754 px²)
12:58:20 INFO     [7/13] ✓ FUNAI     :    8 entregas | 67.6s | ETA ~4min
12:58:20 INFO     [8/13] → incra_anexo_de_entregas_assinado-1_assinado_assinado-copia_tarjada.pdf
12:58:20 INFO     detected formats: [<InputFormat.PDF: 'pdf'>]
12:58:20 INFO     Going to convert document batch...
12:58:20 INFO     Processing document incra_anexo_de_entregas_assinado-1_assinado_assinado-copia_tarjada.pdf
12:58:21 INFO     command: tesseract --psm 0 -l osd /tmp/tmphz3fsjdd.png stdout
12:58:22 INFO     command: tesseract -l por /tmp/tmphz3fsjdd.png stdout tsv
12:58:25 INFO     command: tesseract --psm 0 -l osd /tmp/tmp2jwxu5pk.png stdout
12:58:26 INFO     command: tesseract -l por /tmp/tmp2jwxu5pk.png stdout tsv
12:58:35 INFO     command: tesseract --psm 0 -l osd /tmp/tmp36u8i6nc.png stdout
12:58:36 INFO     command: tesseract -l por /tmp/tmp36u8i6nc.png stdout tsv
12:58:38 INFO     command: tesseract --psm 0 -l osd /tmp/tmp_gt3bib4.png stdout
12:58:39 INFO     command: tesseract -l por /tmp/tmp_gt3bib4.png stdout tsv
12:58:41 INFO     command: tesseract --psm 0 -l osd /tmp/tmp4_vnyfnc.png stdout
12:58:41 INFO     command: tesseract -l por /tmp/tmp4_vnyfnc.png stdout tsv
13:00:12 INFO     Finished converting document incra_anexo_de_entregas_assinado-1_assinado_assinado-copia_tarjada.pdf in 112.07 sec.
13:00:12 INFO       pixel_budget (Docling) incra_anexo_de_entregas_assinado-1_assinado_assinado-copia_tarjada.pdf: 30.0% (área tabelas/2423520 px²)
13:00:12 INFO     [8/13] ✓ INCRA     :   10 entregas | 112.1s | ETA ~4min
13:00:12 INFO     [9/13] → incra_ptd_docdiretivo__assinado-1_assinado_assinado-copia_tarjada.pdf
13:00:12 INFO     detected formats: [<InputFormat.PDF: 'pdf'>]
13:00:12 INFO     Going to convert document batch...
13:00:12 INFO     Processing document incra_ptd_docdiretivo__assinado-1_assinado_assinado-copia_tarjada.pdf
13:00:13 INFO     command: tesseract --psm 0 -l osd /tmp/tmp5sqat2gw.png stdout
13:00:14 INFO     command: tesseract -l por /tmp/tmp5sqat2gw.png stdout tsv
13:00:16 INFO     command: tesseract --psm 0 -l osd /tmp/tmpecyj9p2l.png stdout
13:00:18 INFO     command: tesseract -l por /tmp/tmpecyj9p2l.png stdout tsv
13:00:23 INFO     command: tesseract --psm 0 -l osd /tmp/tmptyt5j1o2.png stdout
13:00:24 INFO     command: tesseract -l por /tmp/tmptyt5j1o2.png stdout tsv
13:00:26 INFO     command: tesseract --psm 0 -l osd /tmp/tmp4_mg8js9.png stdout
13:00:26 INFO     command: tesseract -l por /tmp/tmp4_mg8js9.png stdout tsv
13:00:28 INFO     command: tesseract --psm 0 -l osd /tmp/tmpktj7x3b2.png stdout
13:00:29 INFO     command: tesseract -l por /tmp/tmpktj7x3b2.png stdout tsv
13:00:31 INFO     command: tesseract --psm 0 -l osd /tmp/tmp_p8yhihu.png stdout
13:00:32 INFO     command: tesseract -l por /tmp/tmp_p8yhihu.png stdout tsv
13:00:44 INFO     command: tesseract --psm 0 -l osd /tmp/tmp53weahsv.png stdout
13:00:45 INFO     command: tesseract -l por /tmp/tmp53weahsv.png stdout tsv
13:00:48 INFO     command: tesseract --psm 0 -l osd /tmp/tmp8kv3uw38.png stdout
13:00:48 INFO     command: tesseract -l por /tmp/tmp8kv3uw38.png stdout tsv
13:00:50 INFO     command: tesseract --psm 0 -l osd /tmp/tmpap_b4adb.png stdout
13:00:51 INFO     command: tesseract -l por /tmp/tmpap_b4adb.png stdout tsv
13:00:53 INFO     command: tesseract --psm 0 -l osd /tmp/tmpxh9haz81.png stdout
13:00:54 INFO     command: tesseract -l por /tmp/tmpxh9haz81.png stdout tsv
13:00:59 INFO     command: tesseract --psm 0 -l osd /tmp/tmpnyt1p7l_.png stdout
13:01:00 INFO     command: tesseract -l por /tmp/tmpnyt1p7l_.png stdout tsv
13:01:09 INFO     command: tesseract --psm 0 -l osd /tmp/tmp9wvmbfh9.png stdout
13:01:10 INFO     command: tesseract -l por /tmp/tmp9wvmbfh9.png stdout tsv
13:01:12 INFO     command: tesseract --psm 0 -l osd /tmp/tmpu_n6z6gy.png stdout
13:01:13 INFO     command: tesseract -l por /tmp/tmpu_n6z6gy.png stdout tsv
13:01:21 INFO     Finished converting document incra_ptd_docdiretivo__assinado-1_assinado_assinado-copia_tarjada.pdf in 68.92 sec.
13:01:21 INFO       pixel_budget (Docling) incra_ptd_docdiretivo__assinado-1_assinado_assinado-copia_tarjada.pdf: 20.2% (área tabelas/6515754 px²)
13:01:21 INFO     [9/13] ✓ INCRA     :    9 entregas | 68.9s | ETA ~3min
13:01:21 INFO     [10/13] → iti_anexo_de_entregas_assinado.pdf
13:01:21 INFO     detected formats: [<InputFormat.PDF: 'pdf'>]
13:01:21 INFO     Going to convert document batch...
13:01:21 INFO     Processing document iti_anexo_de_entregas_assinado.pdf
13:01:22 INFO     command: tesseract --psm 0 -l osd /tmp/tmpiuvmari8.png stdout
13:01:23 INFO     command: tesseract -l por /tmp/tmpiuvmari8.png stdout tsv
13:01:39 INFO     Finished converting document iti_anexo_de_entregas_assinado.pdf in 17.67 sec.
13:01:39 INFO       pixel_budget (Docling) iti_anexo_de_entregas_assinado.pdf: 57.2% (área tabelas/501212 px²)
13:01:39 INFO     [10/13] ✓ ITI       :   31 entregas | 17.7s | ETA ~2min
13:01:39 INFO     [11/13] → iti_doc_diretivo_assinado-1_tarjado.pdf
13:01:39 INFO     detected formats: [<InputFormat.PDF: 'pdf'>]
13:01:39 INFO     Going to convert document batch...
13:01:39 INFO     Processing document iti_doc_diretivo_assinado-1_tarjado.pdf
13:01:39 INFO     command: tesseract --psm 0 -l osd /tmp/tmpe4u2feaf.png stdout
13:01:40 INFO     command: tesseract -l por /tmp/tmpe4u2feaf.png stdout tsv
13:01:42 INFO     command: tesseract --psm 0 -l osd /tmp/tmpzdlmf3ym.png stdout
13:01:44 INFO     command: tesseract -l por /tmp/tmpzdlmf3ym.png stdout tsv
13:01:48 INFO     command: tesseract --psm 0 -l osd /tmp/tmpiv683wbe.png stdout
13:01:48 INFO     command: tesseract -l por /tmp/tmpiv683wbe.png stdout tsv
13:01:50 INFO     command: tesseract --psm 0 -l osd /tmp/tmpa9fss53h.png stdout
13:01:51 INFO     command: tesseract -l por /tmp/tmpa9fss53h.png stdout tsv
13:01:53 INFO     command: tesseract --psm 0 -l osd /tmp/tmpraqu22cq.png stdout
13:01:54 INFO     command: tesseract -l por /tmp/tmpraqu22cq.png stdout tsv
13:01:56 INFO     command: tesseract --psm 0 -l osd /tmp/tmp2kc_jtle.png stdout
13:01:57 INFO     command: tesseract -l por /tmp/tmp2kc_jtle.png stdout tsv
13:02:15 INFO     command: tesseract --psm 0 -l osd /tmp/tmp3lwsm15s.png stdout
13:02:15 INFO     command: tesseract -l por /tmp/tmp3lwsm15s.png stdout tsv
13:02:18 INFO     command: tesseract --psm 0 -l osd /tmp/tmp8j51k6_m.png stdout
13:02:18 INFO     command: tesseract -l por /tmp/tmp8j51k6_m.png stdout tsv
13:02:21 INFO     command: tesseract --psm 0 -l osd /tmp/tmpac_qjh0p.png stdout
13:02:21 INFO     command: tesseract -l por /tmp/tmpac_qjh0p.png stdout tsv
13:02:23 INFO     command: tesseract --psm 0 -l osd /tmp/tmp4n1ldgsl.png stdout
13:02:25 INFO     command: tesseract -l por /tmp/tmp4n1ldgsl.png stdout tsv
13:02:31 INFO     command: tesseract --psm 0 -l osd /tmp/tmpbdrph7pd.png stdout
13:02:31 INFO     command: tesseract -l por /tmp/tmpbdrph7pd.png stdout tsv
13:02:40 INFO     Finished converting document iti_doc_diretivo_assinado-1_tarjado.pdf in 60.76 sec.
13:02:40 INFO       pixel_budget (Docling) iti_doc_diretivo_assinado-1_tarjado.pdf: 8.0% (área tabelas/5516339 px²)
13:02:40 INFO     [11/13] ✓ ITI       :    6 entregas | 60.8s | ETA ~1min
13:02:40 INFO     [12/13] → sgpr_ptd_2025_2027_anexo_de_entregas_assinado-copia_tarjada.pdf
13:02:40 INFO     detected formats: [<InputFormat.PDF: 'pdf'>]
13:02:40 INFO     Going to convert document batch...
13:02:40 INFO     Processing document sgpr_ptd_2025_2027_anexo_de_entregas_assinado-copia_tarjada.pdf
13:02:40 INFO     command: tesseract --psm 0 -l osd /tmp/tmprady6_9e.png stdout
13:02:41 INFO     command: tesseract -l por /tmp/tmprady6_9e.png stdout tsv
13:02:44 INFO     command: tesseract --psm 0 -l osd /tmp/tmp4wnmzgum.png stdout
13:02:46 INFO     command: tesseract -l por /tmp/tmp4wnmzgum.png stdout tsv
13:02:56 INFO     Finished converting document sgpr_ptd_2025_2027_anexo_de_entregas_assinado-copia_tarjada.pdf in 16.03 sec.
13:02:56 INFO       pixel_budget (Docling) sgpr_ptd_2025_2027_anexo_de_entregas_assinado-copia_tarjada.pdf: 29.5% (área tabelas/1002424 px²)
13:02:56 INFO     [12/13] ✓ SGPR      :   15 entregas | 16.0s | ETA ~47s
13:02:56 INFO     [13/13] → sgpr_ptd_2026_2027_docdiretivo_assinado-copia_tarjada.pdf
13:02:56 INFO     detected formats: [<InputFormat.PDF: 'pdf'>]
13:02:56 INFO     Going to convert document batch...
13:02:56 INFO     Processing document sgpr_ptd_2026_2027_docdiretivo_assinado-copia_tarjada.pdf
13:03:16 INFO     Finished converting document sgpr_ptd_2026_2027_docdiretivo_assinado-copia_tarjada.pdf in 20.11 sec.
13:03:16 INFO       pixel_budget (Docling) sgpr_ptd_2026_2027_docdiretivo_assinado-copia_tarjada.pdf: 8.2% (área tabelas/5513330 px²)
13:03:16 WARNING  [13/13] ⚠ SGPR      :    0 entregas | 20.1s | ETA ~0s
13:03:16 INFO     200 registros | 6 órgãos
13:03:16 INFO     ╔══════════════════════════════════════════════════════════════╗
13:03:16 INFO     ║                  ENTREGAS — fase concluída                   ║
13:03:16 INFO     ║  Processados: 13    |  ✓ 10  ⚠ 3                             ║
13:03:16 INFO     ║  Duração: 9.7 min                                            ║
13:03:16 INFO     ║  200 registros | 6 órgãos                                    ║
13:03:16 INFO     ╚══════════════════════════════════════════════════════════════╝
13:03:16 INFO     [1/6] → agu_ptd_2025_2027_docdiretivo_assinado_assinado_assinado-copia_tarjada.pdf
13:03:16 INFO     detected formats: [<InputFormat.PDF: 'pdf'>]
13:03:16 INFO     Going to convert document batch...
13:03:16 INFO     Processing document agu_ptd_2025_2027_docdiretivo_assinado_assinado_assinado-copia_tarjada.pdf
13:03:16 INFO     command: tesseract --psm 0 -l osd /tmp/tmp9rf8xd6x.png stdout
13:03:17 INFO     command: tesseract -l por /tmp/tmp9rf8xd6x.png stdout tsv
13:03:19 INFO     command: tesseract --psm 0 -l osd /tmp/tmps1r9599l.png stdout
13:03:20 INFO     command: tesseract -l por /tmp/tmps1r9599l.png stdout tsv
13:03:23 INFO     command: tesseract --psm 0 -l osd /tmp/tmpfyavh6vx.png stdout
13:03:24 INFO     command: tesseract -l por /tmp/tmpfyavh6vx.png stdout tsv
13:03:26 INFO     command: tesseract --psm 0 -l osd /tmp/tmppq83498l.png stdout
13:03:27 INFO     command: tesseract -l por /tmp/tmppq83498l.png stdout tsv
13:03:29 INFO     command: tesseract --psm 0 -l osd /tmp/tmp1prbci8y.png stdout
13:03:30 INFO     command: tesseract -l por /tmp/tmp1prbci8y.png stdout tsv
13:03:32 INFO     command: tesseract --psm 0 -l osd /tmp/tmpywfycaew.png stdout
13:03:34 INFO     command: tesseract -l por /tmp/tmpywfycaew.png stdout tsv
13:03:44 INFO     command: tesseract --psm 0 -l osd /tmp/tmp19f_08js.png stdout
13:03:45 INFO     command: tesseract -l por /tmp/tmp19f_08js.png stdout tsv
13:03:47 INFO     command: tesseract --psm 0 -l osd /tmp/tmp482jgvix.png stdout
13:03:48 INFO     command: tesseract -l por /tmp/tmp482jgvix.png stdout tsv
13:03:51 INFO     command: tesseract --psm 0 -l osd /tmp/tmph3zirov9.png stdout
13:03:51 INFO     command: tesseract -l por /tmp/tmph3zirov9.png stdout tsv
13:03:54 INFO     command: tesseract --psm 0 -l osd /tmp/tmpqomsqxdk.png stdout
13:03:55 INFO     command: tesseract -l por /tmp/tmpqomsqxdk.png stdout tsv
13:04:10 INFO     command: tesseract --psm 0 -l osd /tmp/tmpvd9oy2s0.png stdout
13:04:11 INFO     command: tesseract -l por /tmp/tmpvd9oy2s0.png stdout tsv
13:04:14 INFO     Finished converting document agu_ptd_2025_2027_docdiretivo_assinado_assinado_assinado-copia_tarjada.pdf in 58.32 sec.
13:04:14 INFO     [1/6] ✓ AGU       :   7 riscos | 58.3s | ETA ~4min
13:04:14 INFO     [2/6] → fiocruz_novo-ptd_2-1_docdiretivo_repactuacao_2024-2026_assinado_assinado-copia_tarjada.pdf
13:04:14 INFO     detected formats: [<InputFormat.PDF: 'pdf'>]
13:04:14 INFO     Going to convert document batch...
13:04:14 INFO     Processing document fiocruz_novo-ptd_2-1_docdiretivo_repactuacao_2024-2026_assinado_assinado-copia_tarjada.pdf
13:04:32 INFO     Finished converting document fiocruz_novo-ptd_2-1_docdiretivo_repactuacao_2024-2026_assinado_assinado-copia_tarjada.pdf in 18.06 sec.
13:04:32 INFO     [2/6] ✓ FIOCRUZ   :   6 riscos | 18.1s | ETA ~2min
13:04:32 INFO     [3/6] → funai_ptd_2025_2027_docdiretivo_assinado-1_tarjado.pdf
13:04:32 INFO     detected formats: [<InputFormat.PDF: 'pdf'>]
13:04:32 INFO     Going to convert document batch...
13:04:32 INFO     Processing document funai_ptd_2025_2027_docdiretivo_assinado-1_tarjado.pdf
13:04:33 INFO     command: tesseract --psm 0 -l osd /tmp/tmp983wscy3.png stdout
13:04:34 INFO     command: tesseract -l por /tmp/tmp983wscy3.png stdout tsv
13:04:35 INFO     command: tesseract --psm 0 -l osd /tmp/tmpipualf0n.png stdout
13:04:37 INFO     command: tesseract -l por /tmp/tmpipualf0n.png stdout tsv
13:04:40 INFO     command: tesseract --psm 0 -l osd /tmp/tmp18uh_2do.png stdout
13:04:41 INFO     command: tesseract -l por /tmp/tmp18uh_2do.png stdout tsv
13:04:43 INFO     command: tesseract --psm 0 -l osd /tmp/tmp3w82sj11.png stdout
13:04:44 INFO     command: tesseract -l por /tmp/tmp3w82sj11.png stdout tsv
13:04:46 INFO     command: tesseract --psm 0 -l osd /tmp/tmp3f68ahaa.png stdout
13:04:46 INFO     command: tesseract -l por /tmp/tmp3f68ahaa.png stdout tsv
13:04:48 INFO     command: tesseract --psm 0 -l osd /tmp/tmpuh_84xuc.png stdout
13:04:50 INFO     command: tesseract -l por /tmp/tmpuh_84xuc.png stdout tsv
13:05:00 INFO     command: tesseract --psm 0 -l osd /tmp/tmp6qtkpnia.png stdout
13:05:01 INFO     command: tesseract -l por /tmp/tmp6qtkpnia.png stdout tsv
13:05:02 INFO     command: tesseract --psm 0 -l osd /tmp/tmpsb1mc3gf.png stdout
13:05:03 INFO     command: tesseract -l por /tmp/tmpsb1mc3gf.png stdout tsv
13:05:04 INFO     command: tesseract --psm 0 -l osd /tmp/tmpvppztu17.png stdout
13:05:05 INFO     command: tesseract -l por /tmp/tmpvppztu17.png stdout tsv
13:05:07 INFO     command: tesseract --psm 0 -l osd /tmp/tmpb5kwokt0.png stdout
13:05:08 INFO     command: tesseract -l por /tmp/tmpb5kwokt0.png stdout tsv
13:05:21 INFO     command: tesseract --psm 0 -l osd /tmp/tmp540bjqw_.png stdout
13:05:22 INFO     command: tesseract -l por /tmp/tmp540bjqw_.png stdout tsv
13:05:28 INFO     command: tesseract --psm 0 -l osd /tmp/tmpjkmwphha.png stdout
13:05:29 INFO     command: tesseract -l por /tmp/tmpjkmwphha.png stdout tsv
13:05:31 INFO     command: tesseract --psm 0 -l osd /tmp/tmpjf_c4wqe.png stdout
13:05:32 INFO     command: tesseract -l por /tmp/tmpjf_c4wqe.png stdout tsv
13:05:38 INFO     Finished converting document funai_ptd_2025_2027_docdiretivo_assinado-1_tarjado.pdf in 65.90 sec.
13:05:38 INFO     [3/6] ✓ FUNAI     :  15 riscos | 65.9s | ETA ~2min
13:05:38 INFO     [4/6] → incra_ptd_docdiretivo__assinado-1_assinado_assinado-copia_tarjada.pdf
13:05:38 INFO     detected formats: [<InputFormat.PDF: 'pdf'>]
13:05:38 INFO     Going to convert document batch...
13:05:38 INFO     Processing document incra_ptd_docdiretivo__assinado-1_assinado_assinado-copia_tarjada.pdf
13:05:39 INFO     command: tesseract --psm 0 -l osd /tmp/tmpdcnjls9q.png stdout
13:05:40 INFO     command: tesseract -l por /tmp/tmpdcnjls9q.png stdout tsv
13:05:42 INFO     command: tesseract --psm 0 -l osd /tmp/tmpbxw2hlls.png stdout
13:05:43 INFO     command: tesseract -l por /tmp/tmpbxw2hlls.png stdout tsv
13:05:50 INFO     command: tesseract --psm 0 -l osd /tmp/tmpwar0ymko.png stdout
13:05:50 INFO     command: tesseract -l por /tmp/tmpwar0ymko.png stdout tsv
13:05:52 INFO     command: tesseract --psm 0 -l osd /tmp/tmpif3ozgv8.png stdout
13:05:53 INFO     command: tesseract -l por /tmp/tmpif3ozgv8.png stdout tsv
13:05:55 INFO     command: tesseract --psm 0 -l osd /tmp/tmpejey5tto.png stdout
13:05:56 INFO     command: tesseract -l por /tmp/tmpejey5tto.png stdout tsv
13:05:58 INFO     command: tesseract --psm 0 -l osd /tmp/tmpeqjctimt.png stdout
13:05:59 INFO     command: tesseract -l por /tmp/tmpeqjctimt.png stdout tsv
13:06:14 INFO     command: tesseract --psm 0 -l osd /tmp/tmpdvy4faum.png stdout
13:06:15 INFO     command: tesseract -l por /tmp/tmpdvy4faum.png stdout tsv
13:06:17 INFO     command: tesseract --psm 0 -l osd /tmp/tmpmde9_roe.png stdout
13:06:17 INFO     command: tesseract -l por /tmp/tmpmde9_roe.png stdout tsv
13:06:19 INFO     command: tesseract --psm 0 -l osd /tmp/tmpql_q62mj.png stdout
13:06:20 INFO     command: tesseract -l por /tmp/tmpql_q62mj.png stdout tsv
13:06:22 INFO     command: tesseract --psm 0 -l osd /tmp/tmpd9n8ixk3.png stdout
13:06:23 INFO     command: tesseract -l por /tmp/tmpd9n8ixk3.png stdout tsv
13:06:30 INFO     command: tesseract --psm 0 -l osd /tmp/tmp8dlmade_.png stdout
13:06:31 INFO     command: tesseract -l por /tmp/tmp8dlmade_.png stdout tsv
13:06:39 INFO     command: tesseract --psm 0 -l osd /tmp/tmp1i52nmrk.png stdout
13:06:39 INFO     command: tesseract -l por /tmp/tmp1i52nmrk.png stdout tsv
13:06:41 INFO     command: tesseract --psm 0 -l osd /tmp/tmpeabnl8pv.png stdout
13:06:42 INFO     command: tesseract -l por /tmp/tmpeabnl8pv.png stdout tsv
13:06:50 INFO     Finished converting document incra_ptd_docdiretivo__assinado-1_assinado_assinado-copia_tarjada.pdf in 71.68 sec.
13:06:50 INFO     [4/6] ✓ INCRA     :  15 riscos | 71.7s | ETA ~1min
13:06:50 INFO     [5/6] → iti_doc_diretivo_assinado-1_tarjado.pdf
13:06:50 INFO     detected formats: [<InputFormat.PDF: 'pdf'>]
13:06:50 INFO     Going to convert document batch...
13:06:50 INFO     Processing document iti_doc_diretivo_assinado-1_tarjado.pdf
13:06:50 INFO     command: tesseract --psm 0 -l osd /tmp/tmpg2ky9fn1.png stdout
13:06:51 INFO     command: tesseract -l por /tmp/tmpg2ky9fn1.png stdout tsv
13:06:53 INFO     command: tesseract --psm 0 -l osd /tmp/tmp3xxbfwks.png stdout
13:06:54 INFO     command: tesseract -l por /tmp/tmp3xxbfwks.png stdout tsv
13:07:00 INFO     command: tesseract --psm 0 -l osd /tmp/tmpsdnbk5jf.png stdout
13:07:00 INFO     command: tesseract -l por /tmp/tmpsdnbk5jf.png stdout tsv
13:07:02 INFO     command: tesseract --psm 0 -l osd /tmp/tmpvzk9rrrg.png stdout
13:07:03 INFO     command: tesseract -l por /tmp/tmpvzk9rrrg.png stdout tsv
13:07:05 INFO     command: tesseract --psm 0 -l osd /tmp/tmp_93e4k6q.png stdout
13:07:05 INFO     command: tesseract -l por /tmp/tmp_93e4k6q.png stdout tsv
13:07:07 INFO     command: tesseract --psm 0 -l osd /tmp/tmplaeww5gi.png stdout
13:07:09 INFO     command: tesseract -l por /tmp/tmplaeww5gi.png stdout tsv
13:07:21 INFO     command: tesseract --psm 0 -l osd /tmp/tmp3uir2d55.png stdout
13:07:22 INFO     command: tesseract -l por /tmp/tmp3uir2d55.png stdout tsv
13:07:25 INFO     command: tesseract --psm 0 -l osd /tmp/tmptbz2kqqt.png stdout
13:07:26 INFO     command: tesseract -l por /tmp/tmptbz2kqqt.png stdout tsv
13:07:28 INFO     command: tesseract --psm 0 -l osd /tmp/tmppqgsh3if.png stdout
13:07:29 INFO     command: tesseract -l por /tmp/tmppqgsh3if.png stdout tsv
13:07:31 INFO     command: tesseract --psm 0 -l osd /tmp/tmppj7eyb9t.png stdout
13:07:32 INFO     command: tesseract -l por /tmp/tmppj7eyb9t.png stdout tsv
13:07:37 INFO     command: tesseract --psm 0 -l osd /tmp/tmp7rpjxlut.png stdout
13:07:38 INFO     command: tesseract -l por /tmp/tmp7rpjxlut.png stdout tsv
13:07:46 INFO     Finished converting document iti_doc_diretivo_assinado-1_tarjado.pdf in 55.96 sec.
13:07:46 INFO     [5/6] ✓ ITI       :  14 riscos | 56.0s | ETA ~54s
13:07:46 INFO     [6/6] → sgpr_ptd_2026_2027_docdiretivo_assinado-copia_tarjada.pdf
13:07:46 INFO     detected formats: [<InputFormat.PDF: 'pdf'>]
13:07:46 INFO     Going to convert document batch...
13:07:46 INFO     Processing document sgpr_ptd_2026_2027_docdiretivo_assinado-copia_tarjada.pdf
13:08:06 INFO     Finished converting document sgpr_ptd_2026_2027_docdiretivo_assinado-copia_tarjada.pdf in 20.08 sec.
13:08:06 INFO     [6/6] ✓ SGPR      :  10 riscos | 20.1s | ETA ~0s
13:08:06 INFO     ╔══════════════════════════════════════════════════════════════╗
13:08:06 INFO     ║                   RISCOS — fase concluída                    ║
13:08:06 INFO     ║  Processados: 6     |  ✓ 6  ⚠ 0                              ║
13:08:06 INFO     ║  Duração: 4.8 min                                            ║
13:08:06 INFO     ║  67 riscos | 6 órgãos                                        ║
13:08:06 INFO     ╚══════════════════════════════════════════════════════════════╝
13:08:06 INFO     67 riscos | 0 ações | 109 relações
13:08:06 INFO     ptd_corpus_raw                     : 200 linhas
13:08:06 INFO     ptd_pivot_eixos                    : 6 linhas
13:08:09 INFO     ptd_datas_assinatura               : 132 linhas
13:08:09 INFO     ptd_riscos                         : 67 linhas
13:08:09 INFO     ptd_riscos_acoes                   : 109 linhas
13:08:09 INFO     Manifesto salvo: pipeline_manifest.json | SHA-256 de 132 PDFs
13:08:09 INFO     ==================================================
13:08:09 INFO     PTD-BR v3.0-melhorado — PIPELINE CONCLUÍDO
13:08:09 INFO     ==================================================
13:08:09 INFO     ptd_corpus_raw.csv                        125 KB
13:08:09 INFO     ptd_pivot_eixos.csv                         0 KB
13:08:09 INFO     ptd_datas_assinatura.csv                    9 KB
13:08:09 INFO     ptd_riscos.csv                             19 KB
13:08:09 INFO     ptd_riscos_acoes.csv                        2 KB
13:08:09 INFO     proveniencia.json                           0 KB
13:08:09 INFO     pipeline_manifest.json                     20 KB
13:08:09 INFO     📦 Artefatos: https://github.com/freirelucas/teste/actions/runs/23946588130
13:08:09 INFO     ==================================================
