21:23:58 INFO     Docling disponível
21:23:58 WARNING  OCR fallback indisponível (IndentationError: unexpected indent (ptd_ocr_fallback.py, line 45))
21:23:59 INFO     Ignorado (guia/template/norma): ABNT-NBR-17225-Acessibilidade-Digital.pdf
21:23:59 INFO     Ignorado (guia/template/norma): cgrep-guia10passos-ptd-orgao.pdf
21:23:59 INFO     Ignorado (guia/template/norma): ABNT-NBR-17225-Acessibilidade-Digital.pdf
21:23:59 INFO     Scraping: 132 PDFs únicos | entregas: 68 | diretivos: 61
21:23:59 INFO     Baixando 132 PDFs únicos...
21:24:00 INFO     ✓ [  1/132] abin_ptd_anexo_de_entregas_assinado_pelo_orgao_ass   293.3KB
21:24:04 INFO     ✓ [  2/132] aeb_ptd_2025_2027_docdiretivo_aprovado_assinado-1_  1033.7KB
21:24:06 INFO     ✓ [  3/132] aeb_ptd_2025_2027_anexo_de_entregas_aprovado_assin   154.5KB
21:24:11 INFO     ✓ [  4/132] agu_ptd_2025_2027_docdiretivo_assinado_assinado_as  2860.3KB
21:24:14 INFO     ✓ [  5/132] agu_ptd_2025_2027_anexo_de_entregas_assinado_assin   525.5KB
21:24:17 INFO     ✓ [  6/132] ana_ptd_2025_2027_docdiretivo_assinado_assinado_as   477.2KB
21:24:19 INFO     ✓ [  7/132] ana_ptd_2025_2027_anexoentregas_assinado_assinado_   170.9KB
21:24:22 INFO     ✓ [  8/132] anac_ptd_2025_2026_docdiretivo_se_assinado_tarjado  1036.3KB
21:24:25 INFO     ✓ [  9/132] anac_ptd_2025_2026_anexo_de_entregas_se_assinado.p   215.2KB
21:24:28 INFO     ✓ [ 10/132] anatel_ptd_docdiretivo_assinado_2025_2026_assinado  1006.0KB
21:24:30 INFO     ✓ [ 11/132] anatel_ptd_2025_2026_anexo_de_entregas_do_ptd_publ    71.9KB
21:24:33 INFO     ✓ [ 12/132] ancine_ptd_2024_2026_docdiretivo_assinado-2_assina   961.8KB
21:24:36 INFO     ✓ [ 13/132] ancine_ptd_2024_2026_-_anexo_de_entregas_aprovado_   613.2KB
21:24:39 INFO     ✓ [ 14/132] ptd_aneel_2025-2027_docdiretivo_assinado_tarjado.p   779.6KB
21:24:41 INFO     ✓ [ 15/132] ptd_aneel_2025-2027_anexo_de_entregas_assinado.pdf   111.9KB
21:24:44 INFO     ✓ [ 16/132] anm_ptd_2025_2027_docdiretivo_assinadopeloorgao_ta  1092.5KB
21:24:48 INFO     ✓ [ 17/132] anm_ptd_2025_2027_anexo_entregas_assinadopeloorgao  1140.4KB
21:24:51 INFO     ✓ [ 18/132] anpd_ptd_2025_2027_docdiretivo_assinado_assinado_a  1044.3KB
21:24:53 INFO     ✓ [ 19/132] anpd_ptd_2025_2027_anexo_de_entregas_assinado_assi   166.5KB
21:24:56 INFO     ✓ [ 20/132] ans-plano_de_transformacao_digital_assinado-copia_  1023.4KB
21:24:58 INFO     ✓ [ 21/132] ans_ptd_2025_2026_anexo_de_entregas_assinado_assin   124.1KB
21:25:02 INFO     ✓ [ 22/132] antaq_ptd_2025_2027_docdiretivo_assinado_assinado_  1039.8KB
21:25:04 INFO     ✓ [ 23/132] antaq_ptd_2025_2027_anexoentregas_assinado_assinad   145.1KB
21:25:06 INFO     ✓ [ 24/132] mt_anexo_de_entregas_-_assinado_assinado_assinado_   143.6KB
21:25:14 INFO     ✓ [ 25/132] anvisa_ptd_docdiretivo_2025-2026_assinado_assinado  5771.2KB
21:25:17 INFO     ✓ [ 26/132] anvisa_ptd_anexo_de_entregas_2025_2026_assinado_as   239.0KB
21:25:20 INFO     ✓ [ 27/132] bcb_documento_diretivo_assinado_assinado_assinado-   713.7KB
21:25:22 INFO     ✓ [ 28/132] bcb_anexo_de_entregas_ptd_25_26-1_assinado_assinad   134.8KB
21:25:25 INFO     ✓ [ 29/132] cade_ptd_docdiretivo_2025_2026_assinado-2_assinado   810.4KB
21:25:27 INFO     ✓ [ 30/132] cade_ptd_anexo_de_entregas_2025_2026_assinado_copi   504.0KB
21:25:30 INFO     ✓ [ 31/132] mec_ptd_docdiretivo_2025-2026_sei_mec-5566673_copi   863.1KB
21:25:33 INFO     ✓ [ 32/132] mec_ptd_anexo-de-entregas_sei_mec-5576401_copia_ta   495.7KB
21:25:37 INFO     ✓ [ 33/132] mec_ptd_docdiretivo-versao-comunicacao_copia_tarja  1616.5KB
21:25:40 INFO     ✓ [ 34/132] md_ptd_2026_2027_anexo_de_entregas_assinado_assina   579.4KB
21:25:42 INFO     ✓ [ 35/132] md_ptd_2026_2027_anexo_de_entregas_assinado_assina   186.8KB
21:25:45 INFO     ✓ [ 36/132] md_ptd_temp_copia_tarjada.pdf                        741.9KB
21:25:49 INFO     ✓ [ 37/132] cgu_ptd_docdiretivo_assinado_assinado_assinado-cop  1085.4KB
21:25:51 INFO     ✓ [ 38/132] cgu_ptd_anexo_de_entregas_pactuadas_assinado_assin   514.1KB
21:25:54 INFO     ✓ [ 39/132] cnpq_ptd_2025_2027_docdiretivo_assinado_assinado_a   342.9KB
21:25:56 INFO     ✓ [ 40/132] cnpq_ptd_2025_2027_anexo_de_entregas_assinado_assi   136.1KB
21:25:59 INFO     ✓ [ 41/132] coaf_ptd_2025_2026_documento_diretivo_assinado_ass  1068.0KB
21:26:04 INFO     ✓ [ 42/132] coaf_ptd_2025_2026_anexo_de_entregas-2_assinado_as  3184.5KB
21:26:11 INFO     ✓ [ 43/132] ptd_midr-docdiretivo_aprovado_assinado_tarjado.pdf  3864.1KB
21:26:14 INFO     ✓ [ 44/132] ptd_midr_-_anexo_de_entregas_-_aprovado_assinado.p  1122.0KB
21:26:17 INFO     ✓ [ 45/132] mda-documento-diretivo-assinado_ptd-2025-207-copia   955.8KB
21:26:19 INFO     ✓ [ 46/132] cvm_ptd_2025_2027_docdiretivo_assinado_assinado_as   270.5KB
21:26:22 INFO     ✓ [ 47/132] cvm_ptd_2025_2027_anexoentregas_assinado_assinado_   409.0KB
21:26:25 INFO     ✓ [ 48/132] dnocs_ptd_doc_diretivo_2025_2026_assinado_orgao-2_   891.1KB
21:26:27 INFO     ✓ [ 49/132] dnocs_anexo_de_entregas_repactuado_2025_2026_assin   272.3KB
21:26:33 INFO     ✓ [ 50/132] fbn_ptd_2025_2027_docdiretivo_assinado-1_tarjado.p  2921.6KB
21:26:35 INFO     ✓ [ 51/132] fbn_ptd_2025_2027_anexo_de_entregas_assinado-1.pdf   162.3KB
21:26:39 INFO     ✓ [ 52/132] fcp_ptd_2025_2027_docdiretivo_assinado-1_tarjado.p  1612.0KB
21:26:41 INFO     ✓ [ 53/132] fcp_ptd_2025_2027_anexo_de_entregas_assinado-1.pdf   118.8KB
21:26:44 INFO     ✓ [ 54/132] fcrb_ptd_2025_2026_docdiretivo_aprovado_assinado-1   998.2KB
21:26:46 INFO     ✓ [ 55/132] fcrb_ptd_2025_2026_anexo_de_entregas_aprovado_assi   313.5KB
21:26:50 INFO     ✓ [ 56/132] fiocruz_novo-ptd_2-1_docdiretivo_repactuacao_2024-  1318.1KB
21:26:52 INFO     ✓ [ 57/132] fiocruz_ptd_anexo_de_entregas_assinado_v1_assinado   257.1KB
21:26:56 INFO     ✓ [ 58/132] fiocruz-ptd-06_2024-copia_tarjada.pdf               1693.8KB
21:27:00 INFO     ✓ [ 59/132] funai_ptd_2025_2027_docdiretivo_assinado-1_tarjado  1842.1KB
21:27:02 INFO     ✓ [ 60/132] funai_anexo_de_entregas_repactuado_2026_2027_assin   435.7KB
21:27:06 INFO     ✓ [ 61/132] funarte_ptd_docdiretivo_assinado_21_01_2025_assina   965.7KB
21:27:08 INFO     ✓ [ 62/132] funarte_ptd_anexo_de_entregas_assinado_v1_assinado   683.6KB
21:27:11 INFO     ✓ [ 63/132] fundacentro_ptd_2025_2027_docdiretivo_assinado_ass   826.6KB
21:27:14 INFO     ✓ [ 64/132] fundacentro_ptd_2025_2027_anexo_de_entregas_assina   635.5KB
21:27:17 INFO     ✓ [ 65/132] mma_ptd_docdiretivo_assinado_2025_2026-1_assinado_   949.3KB
21:27:19 INFO     ✓ [ 66/132] mma_ptd_anexo_de_entregas_aprovado_final_assinado_   174.8KB
21:27:23 INFO     ✓ [ 67/132] ibge_docdiretivo_2025_assinado_assinado_assinado-c  1167.3KB
21:27:25 INFO     ✓ [ 68/132] ibge_ptd_25_26_anexo_de_entregas_modelo_v2-1_assin   143.7KB
21:27:35 INFO     ✓ [ 69/132] incra_ptd_docdiretivo__assinado-1_assinado_assinad  7182.0KB
21:27:39 INFO     ✓ [ 70/132] incra_anexo_de_entregas_assinado-1_assinado_assina  1818.6KB
21:27:44 INFO     ✓ [ 71/132] inpi_ptd_docdiretivo_assinado_2025_2026_assinado_a  3322.4KB
21:27:50 INFO     ✓ [ 72/132] inpi_ptd_anexo_de_entregas_assinado_v1_assinado_as  3078.1KB
21:27:53 INFO     ✓ [ 73/132] inss_ptd_2025_2027_docdiretivo-assinado-copia_tarj  1173.3KB
21:27:55 INFO     ✓ [ 74/132] inss_ptd_2025_2027_anexo_de_entregas-assinado-copi   110.8KB
21:27:58 INFO     ✓ [ 75/132] iphan_ptd_docdiretivo_assinado_2025_2026_assinado_   885.7KB
21:28:01 INFO     ✓ [ 76/132] iphan_ptd_anexo_de_entregas_assinado_v1_assinado_a   310.9KB
21:28:08 INFO     ✓ [ 77/132] iti_doc_diretivo_assinado-1_tarjado.pdf             4905.1KB
21:28:11 INFO     ✓ [ 78/132] iti_anexo_de_entregas_assinado.pdf                   556.4KB
21:28:15 INFO     ✓ [ 79/132] mapa_ptd_2025_2027_docdiretivo_assinado-1_tarjado.  1740.9KB
21:28:17 INFO     ✓ [ 80/132] mapa_ptd_2025_2027_anexo_de_entregas_assinado-1.pd   261.9KB
21:28:24 INFO     ✓ [ 81/132] documento-diretivo-mcom-_-ptd-25_27-copia_tarjada.  4451.9KB
21:28:27 INFO     ✓ [ 82/132] anexo-de-entregas-mcom_ptd-25_27-copia_tarjada.pdf  1213.8KB
21:28:33 INFO     ✓ [ 83/132] ptd_21_24_mcom-copia_tarjada.pdf                    3040.7KB
21:28:36 INFO     ✓ [ 84/132] mcti_ptd_2025-2027_docdiretivo_assinado-copia_tarj  1030.7KB
21:28:38 INFO     ✓ [ 85/132] mcti_ptd_2025-2027_anexo-de-entregas_assinado-copi   145.8KB
21:28:40 INFO     ✓ [ 86/132] mda-anexo-entregas-assinado_ptd-2025-2027-copia-ta   284.6KB
21:28:43 INFO     ✓ [ 87/132] mdhc_ptd_2025_2027_docdiretivo_assinado_assinado_a   753.4KB
21:28:45 INFO     ✓ [ 88/132] mdhc_ptd_2025_2027_anexoentregas_assinado_assinado   186.8KB
21:28:48 INFO     ✓ [ 89/132] mdic_ptd_anexo_de_entregas_assinado_v1_assinado_as   176.6KB
21:28:51 INFO     ✓ [ 90/132] memp_ptd_2025_2026_docdiretivo_assinado_assinado_a  1030.1KB
21:28:53 INFO     ✓ [ 91/132] memp_ptd_2025_2026_anexo_de_entregas_assinado_assi   161.5KB
21:28:57 INFO     ✓ [ 92/132] mesp_ptd_2025_2027_docdiretivo_assinado_assinado_2  1147.7KB
21:28:59 INFO     ✓ [ 93/132] mesp_ptd_2025_2027_anexo_de_entregas_assinado_assi   226.6KB
21:29:03 INFO     ✓ [ 94/132] mf_ptd_2026_2027_documentodiretivo_assinado_assina   955.1KB
21:29:05 INFO     ✓ [ 95/132] mf_ptd_2026_2027_anexo_de_entregas_1_mf_se_assinad   241.2KB
21:29:08 INFO     ✓ [ 96/132] mgi_ptd_2025_2027_docdiretivo_assinado_assinado_as   375.2KB
21:29:10 INFO     ✓ [ 97/132] mgi_ptd_2025_2027_anexo_de_entregas_assinado_assin   256.1KB
21:29:13 INFO     ✓ [ 98/132] minc_ptd_2025_2027_docdiretivo_assinado-1_assinado   863.6KB
21:29:15 INFO     ✓ [ 99/132] minc_ptd_2025_2027_anexo_de_entregas_assinado-1_as   276.7KB
21:29:19 INFO     ✓ [100/132] mjsp_ptd_docdiretivo_assinado_2025_2026_assinado_a   954.0KB
21:29:21 INFO     ✓ [101/132] mjsp_ptd_anexo_de_entregas_assinado_v1_assinado_as   253.9KB
21:29:24 INFO     ✓ [102/132] mme_ptd_2025_2027_docdiretivo_assinado-copia_tarja   664.5KB
21:29:26 INFO     ✓ [103/132] mme_ptd_2025_2027_anexo_de_entregas_assinado__1_-c   111.1KB
21:29:29 INFO     ✓ [104/132] mmulheres_ptd_2025_2027_docdiretivo_assinado_assin  1078.3KB
21:29:31 INFO     ✓ [105/132] mmulheres_ptd_2025_2027_anexo_de_entregas_assinado   216.9KB
21:29:34 INFO     ✓ [106/132] mpi_ptd_2025_2027_docdiretivo_ministerio_dos_povos   947.9KB
21:29:37 INFO     ✓ [107/132] mpi_ptd_anexo_de_entregas_do_plano_de_tranformacao   191.9KB
21:29:40 INFO     ✓ [108/132] mpo_ptd_docdiretivo_assinado_2025_2026_assinado_as   806.3KB
21:29:42 INFO     ✓ [109/132] mpo_ptd_anexo_de_entregas_assinado_v1_assinado_ass   323.2KB
21:29:45 INFO     ✓ [110/132] mpor_ptd_2025_2027_docdiretivo_assinado_assinado_a   876.5KB
21:29:47 INFO     ✓ [111/132] mpor_ptd_2025_2027_anexo_de_entregas_assinado_assi   175.1KB
21:29:51 INFO     ✓ [112/132] mps_ptd_2025-2026_docdiretivo_final_assinado-1_ass  1024.4KB
21:29:53 INFO     ✓ [113/132] mps_ptd_2025-2026_anexo_de_entregas_final_assinado   165.0KB
21:29:56 INFO     ✓ [114/132] mre_ptd_docdiretivo_assinado_2025_2026_assinado_as   760.9KB
21:29:58 INFO     ✓ [115/132] mre_ptd_anexo_de_entregas_assinado_v1_assinado_ass   233.2KB
21:30:01 INFO     ✓ [116/132] mte_ptd_2025_2026_docdiretivo_assinado_assinado_as   729.6KB
21:30:04 INFO     ✓ [117/132] mte_ptd_anexo_de_entregas_assinado_v1__281_29_assi   459.5KB
21:30:07 INFO     ✓ [118/132] mtur_ptd_docdiretiv_assinado_30_01_2025_assinado_a  1050.4KB
21:30:09 INFO     ✓ [119/132] mtur_ptd_anexo_de_entregas_assinado_30_01_2025_ass   118.8KB
21:30:12 INFO     ✓ [120/132] pf_ptd_docdiretivo_2025_2027_assinado-copia_tarjad   964.3KB
21:30:14 INFO     ✓ [121/132] pf_ptd_anexo_de_entregas_2025_2027_assinado-copia_    62.5KB
21:30:17 INFO     ✓ [122/132] mf_ptd_2026_2027_anexo_de_entregas_4_mf_pgfn_assin   466.8KB
21:30:26 INFO     ✓ [123/132] previc_plano_de_transformacao_digital_2025_2026_29  6652.7KB
21:30:29 INFO     ✓ [124/132] previc_ptd_repactuacao_2025-2026_assinado_assinado   182.9KB
21:30:31 INFO     ✓ [125/132] prf_documentodiretivo_ptd_2026-2027_assinado_tarja   535.9KB
21:30:34 INFO     ✓ [126/132] prf_anexo_de_entregas_do_ptd__2026_2027___ptd___en   157.7KB
21:30:36 INFO     ✓ [127/132] mf_ptd_2026_2027_anexo_de_entregas_2_mf_rfb_assina   253.7KB
21:30:39 INFO     ✓ [128/132] sgpr_ptd_2026_2027_docdiretivo_assinado-copia_tarj   791.2KB
21:30:42 INFO     ✓ [129/132] sgpr_ptd_2025_2027_anexo_de_entregas_assinado-copi   897.9KB
21:30:45 INFO     ✓ [130/132] mf_ptd_2026_2027_anexo_de_entregas_3_mf_stn_assina   467.8KB
21:30:48 INFO     ✓ [131/132] susep_ptd_2025_2027_docdiretivo-assinado-copia_tar  1030.1KB
21:30:50 INFO     ✓ [132/132] susep_ptd_2025-2026_anexo_de_entregas_final_assina   221.9KB
21:30:52 INFO     132 OK | 0 erros | 123.3 MB total
21:30:57 INFO     Sanity: 132 PDFs | 113 texto | 19 imagem/OCR | 0 duplicatas
21:30:57 INFO     --siglas (debug): 13 PDFs de ['AGU', 'FIOCRUZ', 'FUNAI', 'FUNDACENTRO', 'INCRA', 'ITI', 'MCOM', 'SGPR']
21:30:58 INFO     DocumentConverter instanciado (singleton × 2: plain + OCR)
21:30:58 INFO     [1/13] → agu_ptd_2025_2027_anexo_de_entregas_assinado_assinado_assinado-copia_tarjada.pdf
21:30:58 INFO     detected formats: [<InputFormat.PDF: 'pdf'>]
21:30:58 INFO     Going to convert document batch...
21:30:58 INFO     Initializing pipeline for StandardPdfPipeline with options hash bc6794697da537796efc497178f9263f
21:30:58 INFO     Loading plugin 'docling_defaults'
21:30:58 INFO     Registered picture descriptions: ['picture_description_vlm_engine', 'vlm', 'api']
21:30:58 INFO     Loading plugin 'docling_defaults'
21:30:58 INFO     Registered ocr engines: ['auto', 'easyocr', 'kserve_v2_ocr', 'ocrmac', 'rapidocr', 'tesserocr', 'tesseract']
21:30:58 INFO     command: tesseract --list-langs
21:30:58 INFO     Loading plugin 'docling_defaults'
21:30:58 INFO     Registered layout engines: ['layout_object_detection', 'docling_layout_default', 'docling_experimental_table_crops_layout']
21:30:58 INFO     Accelerator device: 'cpu'
21:30:58 INFO     HTTP Request: GET https://huggingface.co/api/models/docling-project/docling-layout-heron/revision/main "HTTP/1.1 200 OK"
21:30:58 INFO     HTTP Request: HEAD https://huggingface.co/docling-project/docling-layout-heron/resolve/8f39ad3c0b4c58e9c2d2c84a38465abf757272d8/.gitattributes "HTTP/1.1 307 Temporary Redirect"
21:30:58 WARNING  Warning: You are sending unauthenticated requests to the HF Hub. Please set a HF_TOKEN to enable higher rate limits and faster downloads.
21:30:58 INFO     HTTP Request: HEAD https://huggingface.co/api/resolve-cache/models/docling-project/docling-layout-heron/8f39ad3c0b4c58e9c2d2c84a38465abf757272d8/.gitattributes "HTTP/1.1 200 OK"
21:30:58 INFO     HTTP Request: HEAD https://huggingface.co/docling-project/docling-layout-heron/resolve/8f39ad3c0b4c58e9c2d2c84a38465abf757272d8/README.md "HTTP/1.1 307 Temporary Redirect"
21:30:58 INFO     HTTP Request: HEAD https://huggingface.co/docling-project/docling-layout-heron/resolve/8f39ad3c0b4c58e9c2d2c84a38465abf757272d8/model.safetensors "HTTP/1.1 302 Found"
21:30:58 INFO     HTTP Request: HEAD https://huggingface.co/docling-project/docling-layout-heron/resolve/8f39ad3c0b4c58e9c2d2c84a38465abf757272d8/preprocessor_config.json "HTTP/1.1 307 Temporary Redirect"
21:30:58 INFO     HTTP Request: HEAD https://huggingface.co/docling-project/docling-layout-heron/resolve/8f39ad3c0b4c58e9c2d2c84a38465abf757272d8/config.json "HTTP/1.1 307 Temporary Redirect"
21:30:58 INFO     HTTP Request: GET https://huggingface.co/api/resolve-cache/models/docling-project/docling-layout-heron/8f39ad3c0b4c58e9c2d2c84a38465abf757272d8/.gitattributes "HTTP/1.1 200 OK"
21:30:58 INFO     HTTP Request: HEAD https://huggingface.co/docling-project/docling-layout-heron/resolve/8f39ad3c0b4c58e9c2d2c84a38465abf757272d8/docling_heron_400.png "HTTP/1.1 307 Temporary Redirect"
21:30:58 INFO     HTTP Request: HEAD https://huggingface.co/api/resolve-cache/models/docling-project/docling-layout-heron/8f39ad3c0b4c58e9c2d2c84a38465abf757272d8/README.md "HTTP/1.1 200 OK"
21:30:58 INFO     HTTP Request: HEAD https://huggingface.co/api/resolve-cache/models/docling-project/docling-layout-heron/8f39ad3c0b4c58e9c2d2c84a38465abf757272d8/config.json "HTTP/1.1 200 OK"
21:30:58 INFO     HTTP Request: HEAD https://huggingface.co/api/resolve-cache/models/docling-project/docling-layout-heron/8f39ad3c0b4c58e9c2d2c84a38465abf757272d8/preprocessor_config.json "HTTP/1.1 200 OK"
21:30:58 INFO     HTTP Request: HEAD https://huggingface.co/api/resolve-cache/models/docling-project/docling-layout-heron/8f39ad3c0b4c58e9c2d2c84a38465abf757272d8/docling_heron_400.png "HTTP/1.1 200 OK"
21:30:58 INFO     HTTP Request: GET https://huggingface.co/api/resolve-cache/models/docling-project/docling-layout-heron/8f39ad3c0b4c58e9c2d2c84a38465abf757272d8/README.md "HTTP/1.1 200 OK"
21:30:58 INFO     HTTP Request: GET https://huggingface.co/api/resolve-cache/models/docling-project/docling-layout-heron/8f39ad3c0b4c58e9c2d2c84a38465abf757272d8/config.json "HTTP/1.1 200 OK"
21:30:58 INFO     HTTP Request: GET https://huggingface.co/api/resolve-cache/models/docling-project/docling-layout-heron/8f39ad3c0b4c58e9c2d2c84a38465abf757272d8/docling_heron_400.png "HTTP/1.1 200 OK"
21:30:58 INFO     HTTP Request: GET https://huggingface.co/api/resolve-cache/models/docling-project/docling-layout-heron/8f39ad3c0b4c58e9c2d2c84a38465abf757272d8/preprocessor_config.json "HTTP/1.1 200 OK"
21:30:58 INFO     HTTP Request: GET https://huggingface.co/api/models/docling-project/docling-layout-heron/xet-read-token/8f39ad3c0b4c58e9c2d2c84a38465abf757272d8 "HTTP/1.1 200 OK"
21:30:59 INFO     Loading plugin 'docling_defaults'
21:30:59 INFO     Registered table structure engines: ['docling_tableformer', 'docling_tableformer_v2']
21:30:59 INFO     HTTP Request: GET https://huggingface.co/api/models/docling-project/docling-models/revision/v2.3.0 "HTTP/1.1 200 OK"
21:30:59 INFO     HTTP Request: HEAD https://huggingface.co/docling-project/docling-models/resolve/fc0f2d45e2218ea24bce5045f58a389aed16dc23/.gitignore "HTTP/1.1 307 Temporary Redirect"
21:30:59 INFO     HTTP Request: HEAD https://huggingface.co/docling-project/docling-models/resolve/fc0f2d45e2218ea24bce5045f58a389aed16dc23/README.md "HTTP/1.1 307 Temporary Redirect"
21:30:59 INFO     HTTP Request: HEAD https://huggingface.co/docling-project/docling-models/resolve/fc0f2d45e2218ea24bce5045f58a389aed16dc23/config.json "HTTP/1.1 307 Temporary Redirect"
21:30:59 INFO     HTTP Request: HEAD https://huggingface.co/docling-project/docling-models/resolve/fc0f2d45e2218ea24bce5045f58a389aed16dc23/.gitattributes "HTTP/1.1 307 Temporary Redirect"
21:30:59 INFO     HTTP Request: HEAD https://huggingface.co/docling-project/docling-models/resolve/fc0f2d45e2218ea24bce5045f58a389aed16dc23/model_artifacts/tableformer/accurate/tableformer_accurate.safetensors "HTTP/1.1 302 Found"
21:30:59 INFO     HTTP Request: HEAD https://huggingface.co/docling-project/docling-models/resolve/fc0f2d45e2218ea24bce5045f58a389aed16dc23/model_artifacts/tableformer/accurate/tm_config.json "HTTP/1.1 307 Temporary Redirect"
21:30:59 INFO     HTTP Request: HEAD https://huggingface.co/api/resolve-cache/models/docling-project/docling-models/fc0f2d45e2218ea24bce5045f58a389aed16dc23/.gitignore "HTTP/1.1 200 OK"
21:30:59 INFO     HTTP Request: HEAD https://huggingface.co/api/resolve-cache/models/docling-project/docling-models/fc0f2d45e2218ea24bce5045f58a389aed16dc23/README.md "HTTP/1.1 200 OK"
21:30:59 INFO     HTTP Request: HEAD https://huggingface.co/api/resolve-cache/models/docling-project/docling-models/fc0f2d45e2218ea24bce5045f58a389aed16dc23/config.json "HTTP/1.1 200 OK"
21:30:59 INFO     HTTP Request: HEAD https://huggingface.co/api/resolve-cache/models/docling-project/docling-models/fc0f2d45e2218ea24bce5045f58a389aed16dc23/.gitattributes "HTTP/1.1 200 OK"
21:30:59 INFO     HTTP Request: HEAD https://huggingface.co/api/resolve-cache/models/docling-project/docling-models/fc0f2d45e2218ea24bce5045f58a389aed16dc23/model_artifacts%2Ftableformer%2Faccurate%2Ftm_config.json "HTTP/1.1 200 OK"
21:30:59 INFO     HTTP Request: GET https://huggingface.co/api/resolve-cache/models/docling-project/docling-models/fc0f2d45e2218ea24bce5045f58a389aed16dc23/.gitignore "HTTP/1.1 200 OK"
21:30:59 INFO     HTTP Request: HEAD https://huggingface.co/docling-project/docling-models/resolve/fc0f2d45e2218ea24bce5045f58a389aed16dc23/model_artifacts/tableformer/fast/tm_config.json "HTTP/1.1 307 Temporary Redirect"
21:30:59 INFO     HTTP Request: GET https://huggingface.co/api/resolve-cache/models/docling-project/docling-models/fc0f2d45e2218ea24bce5045f58a389aed16dc23/README.md "HTTP/1.1 200 OK"
21:30:59 INFO     HTTP Request: HEAD https://huggingface.co/docling-project/docling-models/resolve/fc0f2d45e2218ea24bce5045f58a389aed16dc23/model_artifacts/tableformer/fast/tableformer_fast.safetensors "HTTP/1.1 302 Found"
21:30:59 INFO     HTTP Request: GET https://huggingface.co/api/resolve-cache/models/docling-project/docling-models/fc0f2d45e2218ea24bce5045f58a389aed16dc23/.gitattributes "HTTP/1.1 200 OK"
21:30:59 INFO     HTTP Request: GET https://huggingface.co/api/resolve-cache/models/docling-project/docling-models/fc0f2d45e2218ea24bce5045f58a389aed16dc23/config.json "HTTP/1.1 200 OK"
21:30:59 INFO     HTTP Request: GET https://huggingface.co/api/resolve-cache/models/docling-project/docling-models/fc0f2d45e2218ea24bce5045f58a389aed16dc23/model_artifacts%2Ftableformer%2Faccurate%2Ftm_config.json "HTTP/1.1 200 OK"
21:30:59 INFO     HTTP Request: GET https://huggingface.co/api/models/docling-project/docling-models/xet-read-token/fc0f2d45e2218ea24bce5045f58a389aed16dc23 "HTTP/1.1 200 OK"
21:30:59 INFO     HTTP Request: HEAD https://huggingface.co/api/resolve-cache/models/docling-project/docling-models/fc0f2d45e2218ea24bce5045f58a389aed16dc23/model_artifacts%2Ftableformer%2Ffast%2Ftm_config.json "HTTP/1.1 200 OK"
21:30:59 INFO     HTTP Request: GET https://huggingface.co/api/resolve-cache/models/docling-project/docling-models/fc0f2d45e2218ea24bce5045f58a389aed16dc23/model_artifacts%2Ftableformer%2Ffast%2Ftm_config.json "HTTP/1.1 200 OK"
21:30:59 INFO     HTTP Request: GET https://huggingface.co/api/models/docling-project/docling-models/xet-read-token/fc0f2d45e2218ea24bce5045f58a389aed16dc23 "HTTP/1.1 200 OK"
21:31:01 INFO     Accelerator device: 'cpu'
21:31:01 INFO     Processing document agu_ptd_2025_2027_anexo_de_entregas_assinado_assinado_assinado-copia_tarjada.pdf
21:31:02 INFO     command: tesseract --psm 0 -l osd /tmp/tmpg0c6k45z.png stdout
21:31:03 INFO     command: tesseract -l por /tmp/tmpg0c6k45z.png stdout tsv
21:31:06 INFO     command: tesseract --psm 0 -l osd /tmp/tmp7sx8yist.png stdout
21:31:07 INFO     command: tesseract -l por /tmp/tmp7sx8yist.png stdout tsv
21:31:25 INFO     Finished converting document agu_ptd_2025_2027_anexo_de_entregas_assinado_assinado_assinado-copia_tarjada.pdf in 27.75 sec.
21:31:25 INFO       pixel_budget (Docling) agu_ptd_2025_2027_anexo_de_entregas_assinado_assinado_assinado-copia_tarjada.pdf: 45.8% (área tabelas/1001817 px²)
21:31:25 INFO     [1/13] ✓ AGU       :   33 entregas | 27.8s | ETA ~5min
21:31:25 INFO     [2/13] → agu_ptd_2025_2027_docdiretivo_assinado_assinado_assinado-copia_tarjada.pdf
21:31:25 INFO     detected formats: [<InputFormat.PDF: 'pdf'>]
21:31:25 INFO     Going to convert document batch...
21:31:25 INFO     Processing document agu_ptd_2025_2027_docdiretivo_assinado_assinado_assinado-copia_tarjada.pdf
21:31:26 INFO     command: tesseract --psm 0 -l osd /tmp/tmp8ho48abj.png stdout
21:31:26 INFO     command: tesseract -l por /tmp/tmp8ho48abj.png stdout tsv
21:31:29 INFO     command: tesseract --psm 0 -l osd /tmp/tmpxx79jm9j.png stdout
21:31:30 INFO     command: tesseract -l por /tmp/tmpxx79jm9j.png stdout tsv
21:31:33 INFO     command: tesseract --psm 0 -l osd /tmp/tmp4ylxco52.png stdout
21:31:34 INFO     command: tesseract -l por /tmp/tmp4ylxco52.png stdout tsv
21:31:36 INFO     command: tesseract --psm 0 -l osd /tmp/tmpnoki72y1.png stdout
21:31:37 INFO     command: tesseract -l por /tmp/tmpnoki72y1.png stdout tsv
21:31:39 INFO     command: tesseract --psm 0 -l osd /tmp/tmpwsl_3jau.png stdout
21:31:40 INFO     command: tesseract -l por /tmp/tmpwsl_3jau.png stdout tsv
21:31:42 INFO     command: tesseract --psm 0 -l osd /tmp/tmp9tu8o31n.png stdout
21:31:43 INFO     command: tesseract -l por /tmp/tmp9tu8o31n.png stdout tsv
21:31:53 INFO     command: tesseract --psm 0 -l osd /tmp/tmp82q4rg9a.png stdout
21:31:54 INFO     command: tesseract -l por /tmp/tmp82q4rg9a.png stdout tsv
21:31:56 INFO     command: tesseract --psm 0 -l osd /tmp/tmpws6fe4pu.png stdout
21:31:57 INFO     command: tesseract -l por /tmp/tmpws6fe4pu.png stdout tsv
21:31:59 INFO     command: tesseract --psm 0 -l osd /tmp/tmpns6hz3bc.png stdout
21:32:00 INFO     command: tesseract -l por /tmp/tmpns6hz3bc.png stdout tsv
21:32:02 INFO     command: tesseract --psm 0 -l osd /tmp/tmpyaejh8jn.png stdout
21:32:03 INFO     command: tesseract -l por /tmp/tmpyaejh8jn.png stdout tsv
21:32:18 INFO     command: tesseract --psm 0 -l osd /tmp/tmpiqjwirz9.png stdout
21:32:19 INFO     command: tesseract -l por /tmp/tmpiqjwirz9.png stdout tsv
21:32:22 INFO     Finished converting document agu_ptd_2025_2027_docdiretivo_assinado_assinado_assinado-copia_tarjada.pdf in 56.60 sec.
21:32:22 INFO       pixel_budget (Docling) agu_ptd_2025_2027_docdiretivo_assinado_assinado_assinado-copia_tarjada.pdf: 2.1% (área tabelas/5513330 px²)
21:32:22 INFO     [2/13] ✓ AGU       :    6 entregas | 56.6s | ETA ~7min
21:32:22 INFO     [3/13] → fiocruz-ptd-06_2024-copia_tarjada.pdf
21:32:22 INFO     detected formats: [<InputFormat.PDF: 'pdf'>]
21:32:22 INFO     Going to convert document batch...
21:32:22 INFO     Initializing pipeline for StandardPdfPipeline with options hash d18651824ca6fe56cf3ccb20424ac2c8
21:32:22 INFO     Accelerator device: 'cpu'
21:32:22 INFO     HTTP Request: GET https://huggingface.co/api/models/docling-project/docling-layout-heron/revision/main "HTTP/1.1 200 OK"
21:32:22 INFO     HTTP Request: GET https://huggingface.co/api/models/docling-project/docling-models/revision/v2.3.0 "HTTP/1.1 200 OK"
21:32:22 INFO     Accelerator device: 'cpu'
21:32:23 INFO     Processing document fiocruz-ptd-06_2024-copia_tarjada.pdf
21:33:30 INFO     Finished converting document fiocruz-ptd-06_2024-copia_tarjada.pdf in 68.24 sec.
21:33:30 INFO       pixel_budget (Docling) fiocruz-ptd-06_2024-copia_tarjada.pdf: 36.4% (área tabelas/7518178 px²)
21:33:30 WARNING  [3/13] ⚠ FIOCRUZ   :    0 entregas | 68.3s | ETA ~8min
21:33:30 INFO     [4/13] → fiocruz_novo-ptd_2-1_docdiretivo_repactuacao_2024-2026_assinado_assinado-copia_tarjada.pdf
21:33:30 INFO     detected formats: [<InputFormat.PDF: 'pdf'>]
21:33:30 INFO     Going to convert document batch...
21:33:30 INFO     Processing document fiocruz_novo-ptd_2-1_docdiretivo_repactuacao_2024-2026_assinado_assinado-copia_tarjada.pdf
21:33:48 INFO     Finished converting document fiocruz_novo-ptd_2-1_docdiretivo_repactuacao_2024-2026_assinado_assinado-copia_tarjada.pdf in 17.60 sec.
21:33:48 INFO       pixel_budget (Docling) fiocruz_novo-ptd_2-1_docdiretivo_repactuacao_2024-2026_assinado_assinado-copia_tarjada.pdf: 11.3% (área tabelas/5012118 px²)
21:33:48 WARNING  [4/13] ⚠ FIOCRUZ   :    0 entregas | 17.6s | ETA ~6min
21:33:48 INFO     [5/13] → fiocruz_ptd_anexo_de_entregas_assinado_v1_assinado_assinado-1-copia_tarjada.pdf
21:33:48 INFO     detected formats: [<InputFormat.PDF: 'pdf'>]
21:33:48 INFO     Going to convert document batch...
21:33:48 INFO     Processing document fiocruz_ptd_anexo_de_entregas_assinado_v1_assinado_assinado-1-copia_tarjada.pdf
21:34:19 INFO     Finished converting document fiocruz_ptd_anexo_de_entregas_assinado_v1_assinado_assinado-1-copia_tarjada.pdf in 31.37 sec.
21:34:19 INFO       pixel_budget (Docling) fiocruz_ptd_anexo_de_entregas_assinado_v1_assinado_assinado-1-copia_tarjada.pdf: 54.7% (área tabelas/2004847 px²)
21:34:19 INFO     [5/13] ✓ FIOCRUZ   :   61 entregas | 31.4s | ETA ~5min
21:34:19 INFO     [6/13] → funai_anexo_de_entregas_repactuado_2026_2027_assinado_assinado_assinado.pdf
21:34:19 INFO     detected formats: [<InputFormat.PDF: 'pdf'>]
21:34:19 INFO     Going to convert document batch...
21:34:19 INFO     Processing document funai_anexo_de_entregas_repactuado_2026_2027_assinado_assinado_assinado.pdf
21:34:20 INFO     command: tesseract --psm 0 -l osd /tmp/tmpv6sp78jn.png stdout
21:34:21 INFO     command: tesseract -l por /tmp/tmpv6sp78jn.png stdout tsv
21:34:34 INFO     Finished converting document funai_anexo_de_entregas_repactuado_2026_2027_assinado_assinado_assinado.pdf in 14.86 sec.
21:34:34 INFO       pixel_budget (Docling) funai_anexo_de_entregas_repactuado_2026_2027_assinado_assinado_assinado.pdf: 49.8% (área tabelas/501212 px²)
21:34:34 INFO     [6/13] ✓ FUNAI     :   21 entregas | 14.9s | ETA ~4min
21:34:34 INFO     [7/13] → funai_ptd_2025_2027_docdiretivo_assinado-1_tarjado.pdf
21:34:34 INFO     detected formats: [<InputFormat.PDF: 'pdf'>]
21:34:34 INFO     Going to convert document batch...
21:34:34 INFO     Processing document funai_ptd_2025_2027_docdiretivo_assinado-1_tarjado.pdf
21:34:35 INFO     command: tesseract --psm 0 -l osd /tmp/tmp9kno1b6e.png stdout
21:34:36 INFO     command: tesseract -l por /tmp/tmp9kno1b6e.png stdout tsv
21:34:37 INFO     command: tesseract --psm 0 -l osd /tmp/tmpdy32jpr5.png stdout
21:34:38 INFO     command: tesseract -l por /tmp/tmpdy32jpr5.png stdout tsv
21:34:42 INFO     command: tesseract --psm 0 -l osd /tmp/tmp_om3ewrc.png stdout
21:34:43 INFO     command: tesseract -l por /tmp/tmp_om3ewrc.png stdout tsv
21:34:45 INFO     command: tesseract --psm 0 -l osd /tmp/tmps3pgnx02.png stdout
21:34:46 INFO     command: tesseract -l por /tmp/tmps3pgnx02.png stdout tsv
21:34:48 INFO     command: tesseract --psm 0 -l osd /tmp/tmp1lym7g4n.png stdout
21:34:48 INFO     command: tesseract -l por /tmp/tmp1lym7g4n.png stdout tsv
21:34:50 INFO     command: tesseract --psm 0 -l osd /tmp/tmpum3ytcfq.png stdout
21:34:52 INFO     command: tesseract -l por /tmp/tmpum3ytcfq.png stdout tsv
21:35:03 INFO     command: tesseract --psm 0 -l osd /tmp/tmpajenzskj.png stdout
21:35:04 INFO     command: tesseract -l por /tmp/tmpajenzskj.png stdout tsv
21:35:05 INFO     command: tesseract --psm 0 -l osd /tmp/tmp4f7suhaf.png stdout
21:35:06 INFO     command: tesseract -l por /tmp/tmp4f7suhaf.png stdout tsv
21:35:07 INFO     command: tesseract --psm 0 -l osd /tmp/tmpfyamw5vy.png stdout
21:35:08 INFO     command: tesseract -l por /tmp/tmpfyamw5vy.png stdout tsv
21:35:09 INFO     command: tesseract --psm 0 -l osd /tmp/tmphez3tmkf.png stdout
21:35:11 INFO     command: tesseract -l por /tmp/tmphez3tmkf.png stdout tsv
21:35:22 INFO     command: tesseract --psm 0 -l osd /tmp/tmpbs5q13ev.png stdout
21:35:23 INFO     command: tesseract -l por /tmp/tmpbs5q13ev.png stdout tsv
21:35:31 INFO     command: tesseract --psm 0 -l osd /tmp/tmp5utet_39.png stdout
21:35:32 INFO     command: tesseract -l por /tmp/tmp5utet_39.png stdout tsv
21:35:34 INFO     command: tesseract --psm 0 -l osd /tmp/tmpa6qks_7v.png stdout
21:35:35 INFO     command: tesseract -l por /tmp/tmpa6qks_7v.png stdout tsv
21:35:41 INFO     Finished converting document funai_ptd_2025_2027_docdiretivo_assinado-1_tarjado.pdf in 67.01 sec.
21:35:41 INFO       pixel_budget (Docling) funai_ptd_2025_2027_docdiretivo_assinado-1_tarjado.pdf: 16.4% (área tabelas/6515754 px²)
21:35:41 INFO     [7/13] ✓ FUNAI     :    8 entregas | 67.0s | ETA ~4min
21:35:41 INFO     [8/13] → incra_anexo_de_entregas_assinado-1_assinado_assinado-copia_tarjada.pdf
21:35:41 INFO     detected formats: [<InputFormat.PDF: 'pdf'>]
21:35:41 INFO     Going to convert document batch...
21:35:41 INFO     Processing document incra_anexo_de_entregas_assinado-1_assinado_assinado-copia_tarjada.pdf
21:35:42 INFO     command: tesseract --psm 0 -l osd /tmp/tmp7zwh4ddh.png stdout
21:35:43 INFO     command: tesseract -l por /tmp/tmp7zwh4ddh.png stdout tsv
21:35:46 INFO     command: tesseract --psm 0 -l osd /tmp/tmp32ckys3_.png stdout
21:35:47 INFO     command: tesseract -l por /tmp/tmp32ckys3_.png stdout tsv
21:35:56 INFO     command: tesseract --psm 0 -l osd /tmp/tmp95kdmi3h.png stdout
21:35:57 INFO     command: tesseract -l por /tmp/tmp95kdmi3h.png stdout tsv
21:35:58 INFO     command: tesseract --psm 0 -l osd /tmp/tmpfjg6wlkr.png stdout
21:35:59 INFO     command: tesseract -l por /tmp/tmpfjg6wlkr.png stdout tsv
21:36:02 INFO     command: tesseract --psm 0 -l osd /tmp/tmp9wxsouvl.png stdout
21:36:02 INFO     command: tesseract -l por /tmp/tmp9wxsouvl.png stdout tsv
21:37:31 INFO     Finished converting document incra_anexo_de_entregas_assinado-1_assinado_assinado-copia_tarjada.pdf in 110.14 sec.
21:37:31 INFO       pixel_budget (Docling) incra_anexo_de_entregas_assinado-1_assinado_assinado-copia_tarjada.pdf: 30.0% (área tabelas/2423520 px²)
21:37:31 INFO     [8/13] ✓ INCRA     :   10 entregas | 110.2s | ETA ~4min
21:37:31 INFO     [9/13] → incra_ptd_docdiretivo__assinado-1_assinado_assinado-copia_tarjada.pdf
21:37:31 INFO     detected formats: [<InputFormat.PDF: 'pdf'>]
21:37:31 INFO     Going to convert document batch...
21:37:31 INFO     Processing document incra_ptd_docdiretivo__assinado-1_assinado_assinado-copia_tarjada.pdf
21:37:32 INFO     command: tesseract --psm 0 -l osd /tmp/tmplv9i61ag.png stdout
21:37:33 INFO     command: tesseract -l por /tmp/tmplv9i61ag.png stdout tsv
21:37:35 INFO     command: tesseract --psm 0 -l osd /tmp/tmpcd_ep6lo.png stdout
21:37:36 INFO     command: tesseract -l por /tmp/tmpcd_ep6lo.png stdout tsv
21:37:42 INFO     command: tesseract --psm 0 -l osd /tmp/tmprui9hewt.png stdout
21:37:43 INFO     command: tesseract -l por /tmp/tmprui9hewt.png stdout tsv
21:37:45 INFO     command: tesseract --psm 0 -l osd /tmp/tmpcbk4g27z.png stdout
21:37:46 INFO     command: tesseract -l por /tmp/tmpcbk4g27z.png stdout tsv
21:37:48 INFO     command: tesseract --psm 0 -l osd /tmp/tmpuhqrprsw.png stdout
21:37:48 INFO     command: tesseract -l por /tmp/tmpuhqrprsw.png stdout tsv
21:37:50 INFO     command: tesseract --psm 0 -l osd /tmp/tmp1xhf58w9.png stdout
21:37:52 INFO     command: tesseract -l por /tmp/tmp1xhf58w9.png stdout tsv
21:38:09 INFO     command: tesseract --psm 0 -l osd /tmp/tmpqsr4d7pr.png stdout
21:38:10 INFO     command: tesseract -l por /tmp/tmpqsr4d7pr.png stdout tsv
21:38:11 INFO     command: tesseract --psm 0 -l osd /tmp/tmpkdcwescj.png stdout
21:38:12 INFO     command: tesseract -l por /tmp/tmpkdcwescj.png stdout tsv
21:38:14 INFO     command: tesseract --psm 0 -l osd /tmp/tmpgft4gabk.png stdout
21:38:14 INFO     command: tesseract -l por /tmp/tmpgft4gabk.png stdout tsv
21:38:16 INFO     command: tesseract --psm 0 -l osd /tmp/tmpljlmek1q.png stdout
21:38:18 INFO     command: tesseract -l por /tmp/tmpljlmek1q.png stdout tsv
21:38:23 INFO     command: tesseract --psm 0 -l osd /tmp/tmp6o_yf_c_.png stdout
21:38:24 INFO     command: tesseract -l por /tmp/tmp6o_yf_c_.png stdout tsv
21:38:33 INFO     command: tesseract --psm 0 -l osd /tmp/tmpvjoban96.png stdout
21:38:34 INFO     command: tesseract -l por /tmp/tmpvjoban96.png stdout tsv
21:38:36 INFO     command: tesseract --psm 0 -l osd /tmp/tmpercpbxdw.png stdout
21:38:37 INFO     command: tesseract -l por /tmp/tmpercpbxdw.png stdout tsv
21:38:44 INFO     Finished converting document incra_ptd_docdiretivo__assinado-1_assinado_assinado-copia_tarjada.pdf in 73.09 sec.
21:38:44 INFO       pixel_budget (Docling) incra_ptd_docdiretivo__assinado-1_assinado_assinado-copia_tarjada.pdf: 20.2% (área tabelas/6515754 px²)
21:38:44 INFO     [9/13] ✓ INCRA     :    9 entregas | 73.1s | ETA ~3min
21:38:44 INFO     [10/13] → iti_anexo_de_entregas_assinado.pdf
21:38:44 INFO     detected formats: [<InputFormat.PDF: 'pdf'>]
21:38:44 INFO     Going to convert document batch...
21:38:44 INFO     Processing document iti_anexo_de_entregas_assinado.pdf
21:38:45 INFO     command: tesseract --psm 0 -l osd /tmp/tmpuqls7lq4.png stdout
21:38:46 INFO     command: tesseract -l por /tmp/tmpuqls7lq4.png stdout tsv
21:39:02 INFO     Finished converting document iti_anexo_de_entregas_assinado.pdf in 17.80 sec.
21:39:02 INFO       pixel_budget (Docling) iti_anexo_de_entregas_assinado.pdf: 57.2% (área tabelas/501212 px²)
21:39:02 INFO     [10/13] ✓ ITI       :   31 entregas | 17.8s | ETA ~2min
21:39:02 INFO     [11/13] → iti_doc_diretivo_assinado-1_tarjado.pdf
21:39:02 INFO     detected formats: [<InputFormat.PDF: 'pdf'>]
21:39:02 INFO     Going to convert document batch...
21:39:02 INFO     Processing document iti_doc_diretivo_assinado-1_tarjado.pdf
21:39:03 INFO     command: tesseract --psm 0 -l osd /tmp/tmp0y3xpy83.png stdout
21:39:03 INFO     command: tesseract -l por /tmp/tmp0y3xpy83.png stdout tsv
21:39:06 INFO     command: tesseract --psm 0 -l osd /tmp/tmp95lvrr8v.png stdout
21:39:08 INFO     command: tesseract -l por /tmp/tmp95lvrr8v.png stdout tsv
21:39:09 INFO     command: tesseract --psm 0 -l osd /tmp/tmp9e74iskk.png stdout
21:39:10 INFO     command: tesseract -l por /tmp/tmp9e74iskk.png stdout tsv
21:39:12 INFO     command: tesseract --psm 0 -l osd /tmp/tmp4jd5q8b3.png stdout
21:39:13 INFO     command: tesseract -l por /tmp/tmp4jd5q8b3.png stdout tsv
21:39:14 INFO     command: tesseract --psm 0 -l osd /tmp/tmpon7lnxhf.png stdout
21:39:15 INFO     command: tesseract -l por /tmp/tmpon7lnxhf.png stdout tsv
21:39:17 INFO     command: tesseract --psm 0 -l osd /tmp/tmp1p8rsg7b.png stdout
21:39:19 INFO     command: tesseract -l por /tmp/tmp1p8rsg7b.png stdout tsv
21:39:30 INFO     command: tesseract --psm 0 -l osd /tmp/tmp3cilto4c.png stdout
21:39:31 INFO     command: tesseract -l por /tmp/tmp3cilto4c.png stdout tsv
21:39:34 INFO     command: tesseract --psm 0 -l osd /tmp/tmpyli4ip4t.png stdout
21:39:35 INFO     command: tesseract -l por /tmp/tmpyli4ip4t.png stdout tsv
21:39:37 INFO     command: tesseract --psm 0 -l osd /tmp/tmp90tfyiik.png stdout
21:39:38 INFO     command: tesseract -l por /tmp/tmp90tfyiik.png stdout tsv
21:39:40 INFO     command: tesseract --psm 0 -l osd /tmp/tmpakxhmqm0.png stdout
21:39:42 INFO     command: tesseract -l por /tmp/tmpakxhmqm0.png stdout tsv
21:39:50 INFO     command: tesseract --psm 0 -l osd /tmp/tmp6ru9iuvq.png stdout
21:39:51 INFO     command: tesseract -l por /tmp/tmp6ru9iuvq.png stdout tsv
21:39:58 INFO     Finished converting document iti_doc_diretivo_assinado-1_tarjado.pdf in 55.52 sec.
21:39:58 INFO       pixel_budget (Docling) iti_doc_diretivo_assinado-1_tarjado.pdf: 8.0% (área tabelas/5516339 px²)
21:39:58 INFO     [11/13] ✓ ITI       :    6 entregas | 55.5s | ETA ~1min
21:39:58 INFO     [12/13] → sgpr_ptd_2025_2027_anexo_de_entregas_assinado-copia_tarjada.pdf
21:39:58 INFO     detected formats: [<InputFormat.PDF: 'pdf'>]
21:39:58 INFO     Going to convert document batch...
21:39:58 INFO     Processing document sgpr_ptd_2025_2027_anexo_de_entregas_assinado-copia_tarjada.pdf
21:39:59 INFO     command: tesseract --psm 0 -l osd /tmp/tmpk6_8krfj.png stdout
21:39:59 INFO     command: tesseract -l por /tmp/tmpk6_8krfj.png stdout tsv
21:40:02 INFO     command: tesseract --psm 0 -l osd /tmp/tmpq27cn2mm.png stdout
21:40:03 INFO     command: tesseract -l por /tmp/tmpq27cn2mm.png stdout tsv
21:40:16 INFO     Finished converting document sgpr_ptd_2025_2027_anexo_de_entregas_assinado-copia_tarjada.pdf in 18.10 sec.
21:40:16 INFO       pixel_budget (Docling) sgpr_ptd_2025_2027_anexo_de_entregas_assinado-copia_tarjada.pdf: 29.5% (área tabelas/1002424 px²)
21:40:16 INFO     [12/13] ✓ SGPR      :   15 entregas | 18.1s | ETA ~47s
21:40:16 INFO     [13/13] → sgpr_ptd_2026_2027_docdiretivo_assinado-copia_tarjada.pdf
21:40:16 INFO     detected formats: [<InputFormat.PDF: 'pdf'>]
21:40:16 INFO     Going to convert document batch...
21:40:16 INFO     Processing document sgpr_ptd_2026_2027_docdiretivo_assinado-copia_tarjada.pdf
21:40:36 INFO     Finished converting document sgpr_ptd_2026_2027_docdiretivo_assinado-copia_tarjada.pdf in 19.80 sec.
21:40:36 INFO       pixel_budget (Docling) sgpr_ptd_2026_2027_docdiretivo_assinado-copia_tarjada.pdf: 8.2% (área tabelas/5513330 px²)
21:40:36 WARNING  [13/13] ⚠ SGPR      :    0 entregas | 19.8s | ETA ~0s
21:40:36 INFO     200 registros | 6 órgãos
21:40:36 INFO     ╔══════════════════════════════════════════════════════════════╗
21:40:36 INFO     ║                  ENTREGAS — fase concluída                   ║
21:40:36 INFO     ║  Processados: 13    |  ✓ 10  ⚠ 3                             ║
21:40:36 INFO     ║  Duração: 9.6 min                                            ║
21:40:36 INFO     ║  200 registros | 6 órgãos                                    ║
21:40:36 INFO     ╚══════════════════════════════════════════════════════════════╝
21:40:36 INFO     [1/6] → agu_ptd_2025_2027_docdiretivo_assinado_assinado_assinado-copia_tarjada.pdf
21:40:36 INFO     detected formats: [<InputFormat.PDF: 'pdf'>]
21:40:36 INFO     Going to convert document batch...
21:40:36 INFO     Processing document agu_ptd_2025_2027_docdiretivo_assinado_assinado_assinado-copia_tarjada.pdf
21:40:36 INFO     command: tesseract --psm 0 -l osd /tmp/tmpuvd9oedj.png stdout
21:40:37 INFO     command: tesseract -l por /tmp/tmpuvd9oedj.png stdout tsv
21:40:39 INFO     command: tesseract --psm 0 -l osd /tmp/tmp8jg2tsjm.png stdout
21:40:40 INFO     command: tesseract -l por /tmp/tmp8jg2tsjm.png stdout tsv
21:40:43 INFO     command: tesseract --psm 0 -l osd /tmp/tmp01i7irh_.png stdout
21:40:44 INFO     command: tesseract -l por /tmp/tmp01i7irh_.png stdout tsv
21:40:46 INFO     command: tesseract --psm 0 -l osd /tmp/tmpsb6zgd01.png stdout
21:40:47 INFO     command: tesseract -l por /tmp/tmpsb6zgd01.png stdout tsv
21:40:49 INFO     command: tesseract --psm 0 -l osd /tmp/tmpd4ty3yr6.png stdout
21:40:50 INFO     command: tesseract -l por /tmp/tmpd4ty3yr6.png stdout tsv
21:40:52 INFO     command: tesseract --psm 0 -l osd /tmp/tmpt5d7tsxl.png stdout
21:40:53 INFO     command: tesseract -l por /tmp/tmpt5d7tsxl.png stdout tsv
21:41:04 INFO     command: tesseract --psm 0 -l osd /tmp/tmpx3otokzq.png stdout
21:41:05 INFO     command: tesseract -l por /tmp/tmpx3otokzq.png stdout tsv
21:41:07 INFO     command: tesseract --psm 0 -l osd /tmp/tmpogye_omu.png stdout
21:41:08 INFO     command: tesseract -l por /tmp/tmpogye_omu.png stdout tsv
21:41:10 INFO     command: tesseract --psm 0 -l osd /tmp/tmpxudn5m3z.png stdout
21:41:11 INFO     command: tesseract -l por /tmp/tmpxudn5m3z.png stdout tsv
21:41:13 INFO     command: tesseract --psm 0 -l osd /tmp/tmporbvzj9s.png stdout
21:41:14 INFO     command: tesseract -l por /tmp/tmporbvzj9s.png stdout tsv
21:41:30 INFO     command: tesseract --psm 0 -l osd /tmp/tmp48a2oank.png stdout
21:41:30 INFO     command: tesseract -l por /tmp/tmp48a2oank.png stdout tsv
21:41:34 INFO     Finished converting document agu_ptd_2025_2027_docdiretivo_assinado_assinado_assinado-copia_tarjada.pdf in 58.01 sec.
21:41:34 INFO     [1/6] ✓ AGU       :   7 riscos | 58.0s | ETA ~4min
21:41:34 INFO     [2/6] → fiocruz_novo-ptd_2-1_docdiretivo_repactuacao_2024-2026_assinado_assinado-copia_tarjada.pdf
21:41:34 INFO     detected formats: [<InputFormat.PDF: 'pdf'>]
21:41:34 INFO     Going to convert document batch...
21:41:34 INFO     Processing document fiocruz_novo-ptd_2-1_docdiretivo_repactuacao_2024-2026_assinado_assinado-copia_tarjada.pdf
21:41:51 INFO     Finished converting document fiocruz_novo-ptd_2-1_docdiretivo_repactuacao_2024-2026_assinado_assinado-copia_tarjada.pdf in 17.48 sec.
21:41:51 INFO     [2/6] ✓ FIOCRUZ   :   6 riscos | 17.5s | ETA ~2min
21:41:51 INFO     [3/6] → funai_ptd_2025_2027_docdiretivo_assinado-1_tarjado.pdf
21:41:51 INFO     detected formats: [<InputFormat.PDF: 'pdf'>]
21:41:51 INFO     Going to convert document batch...
21:41:51 INFO     Processing document funai_ptd_2025_2027_docdiretivo_assinado-1_tarjado.pdf
21:41:52 INFO     command: tesseract --psm 0 -l osd /tmp/tmpy_tuy67j.png stdout
21:41:53 INFO     command: tesseract -l por /tmp/tmpy_tuy67j.png stdout tsv
21:41:54 INFO     command: tesseract --psm 0 -l osd /tmp/tmp00br44jc.png stdout
21:41:56 INFO     command: tesseract -l por /tmp/tmp00br44jc.png stdout tsv
21:41:58 INFO     command: tesseract --psm 0 -l osd /tmp/tmplr3zlv5w.png stdout
21:41:59 INFO     command: tesseract -l por /tmp/tmplr3zlv5w.png stdout tsv
21:42:01 INFO     command: tesseract --psm 0 -l osd /tmp/tmprzo4i9ql.png stdout
21:42:02 INFO     command: tesseract -l por /tmp/tmprzo4i9ql.png stdout tsv
21:42:03 INFO     command: tesseract --psm 0 -l osd /tmp/tmptf8kq5ve.png stdout
21:42:04 INFO     command: tesseract -l por /tmp/tmptf8kq5ve.png stdout tsv
21:42:06 INFO     command: tesseract --psm 0 -l osd /tmp/tmpfddvo4cn.png stdout
21:42:08 INFO     command: tesseract -l por /tmp/tmpfddvo4cn.png stdout tsv
21:42:18 INFO     command: tesseract --psm 0 -l osd /tmp/tmp0n0j47lh.png stdout
21:42:19 INFO     command: tesseract -l por /tmp/tmp0n0j47lh.png stdout tsv
21:42:20 INFO     command: tesseract --psm 0 -l osd /tmp/tmpk7nyf2ei.png stdout
21:42:21 INFO     command: tesseract -l por /tmp/tmpk7nyf2ei.png stdout tsv
21:42:22 INFO     command: tesseract --psm 0 -l osd /tmp/tmp4sdug0cq.png stdout
21:42:23 INFO     command: tesseract -l por /tmp/tmp4sdug0cq.png stdout tsv
21:42:25 INFO     command: tesseract --psm 0 -l osd /tmp/tmp323ps389.png stdout
21:42:26 INFO     command: tesseract -l por /tmp/tmp323ps389.png stdout tsv
21:42:40 INFO     command: tesseract --psm 0 -l osd /tmp/tmpmw44dzyk.png stdout
21:42:41 INFO     command: tesseract -l por /tmp/tmpmw44dzyk.png stdout tsv
21:42:48 INFO     command: tesseract --psm 0 -l osd /tmp/tmpt5cmnqcd.png stdout
21:42:49 INFO     command: tesseract -l por /tmp/tmpt5cmnqcd.png stdout tsv
21:42:50 INFO     command: tesseract --psm 0 -l osd /tmp/tmpqkvykklg.png stdout
21:42:51 INFO     command: tesseract -l por /tmp/tmpqkvykklg.png stdout tsv
21:42:57 INFO     Finished converting document funai_ptd_2025_2027_docdiretivo_assinado-1_tarjado.pdf in 66.38 sec.
21:42:57 INFO     [3/6] ✓ FUNAI     :  15 riscos | 66.4s | ETA ~2min
21:42:57 INFO     [4/6] → incra_ptd_docdiretivo__assinado-1_assinado_assinado-copia_tarjada.pdf
21:42:57 INFO     detected formats: [<InputFormat.PDF: 'pdf'>]
21:42:57 INFO     Going to convert document batch...
21:42:57 INFO     Processing document incra_ptd_docdiretivo__assinado-1_assinado_assinado-copia_tarjada.pdf
21:42:59 INFO     command: tesseract --psm 0 -l osd /tmp/tmpjrzyrkvf.png stdout
21:42:59 INFO     command: tesseract -l por /tmp/tmpjrzyrkvf.png stdout tsv
21:43:01 INFO     command: tesseract --psm 0 -l osd /tmp/tmpw4ts97n3.png stdout
21:43:03 INFO     command: tesseract -l por /tmp/tmpw4ts97n3.png stdout tsv
21:43:08 INFO     command: tesseract --psm 0 -l osd /tmp/tmpv4a7qu4t.png stdout
21:43:09 INFO     command: tesseract -l por /tmp/tmpv4a7qu4t.png stdout tsv
21:43:11 INFO     command: tesseract --psm 0 -l osd /tmp/tmp03cl7_kh.png stdout
21:43:12 INFO     command: tesseract -l por /tmp/tmp03cl7_kh.png stdout tsv
21:43:13 INFO     command: tesseract --psm 0 -l osd /tmp/tmpzr40mkgi.png stdout
21:43:14 INFO     command: tesseract -l por /tmp/tmpzr40mkgi.png stdout tsv
21:43:16 INFO     command: tesseract --psm 0 -l osd /tmp/tmpq0y4ym6v.png stdout
21:43:18 INFO     command: tesseract -l por /tmp/tmpq0y4ym6v.png stdout tsv
21:43:31 INFO     command: tesseract --psm 0 -l osd /tmp/tmpba26gnpi.png stdout
21:43:32 INFO     command: tesseract -l por /tmp/tmpba26gnpi.png stdout tsv
21:43:34 INFO     command: tesseract --psm 0 -l osd /tmp/tmp7_k4859z.png stdout
21:43:35 INFO     command: tesseract -l por /tmp/tmp7_k4859z.png stdout tsv
21:43:36 INFO     command: tesseract --psm 0 -l osd /tmp/tmpqrxnzwmg.png stdout
21:43:37 INFO     command: tesseract -l por /tmp/tmpqrxnzwmg.png stdout tsv
21:43:39 INFO     command: tesseract --psm 0 -l osd /tmp/tmpws8uyz14.png stdout
21:43:40 INFO     command: tesseract -l por /tmp/tmpws8uyz14.png stdout tsv
21:43:44 INFO     command: tesseract --psm 0 -l osd /tmp/tmpa4x39sjv.png stdout
21:43:45 INFO     command: tesseract -l por /tmp/tmpa4x39sjv.png stdout tsv
21:43:56 INFO     command: tesseract --psm 0 -l osd /tmp/tmp5k3kp_j5.png stdout
21:43:57 INFO     command: tesseract -l por /tmp/tmp5k3kp_j5.png stdout tsv
21:43:58 INFO     command: tesseract --psm 0 -l osd /tmp/tmp1a67misr.png stdout
21:43:59 INFO     command: tesseract -l por /tmp/tmp1a67misr.png stdout tsv
21:44:07 INFO     Finished converting document incra_ptd_docdiretivo__assinado-1_assinado_assinado-copia_tarjada.pdf in 69.32 sec.
21:44:07 INFO     [4/6] ✓ INCRA     :  15 riscos | 69.3s | ETA ~1min
21:44:07 INFO     [5/6] → iti_doc_diretivo_assinado-1_tarjado.pdf
21:44:07 INFO     detected formats: [<InputFormat.PDF: 'pdf'>]
21:44:07 INFO     Going to convert document batch...
21:44:07 INFO     Processing document iti_doc_diretivo_assinado-1_tarjado.pdf
21:44:07 INFO     command: tesseract --psm 0 -l osd /tmp/tmppvrpm_mp.png stdout
21:44:08 INFO     command: tesseract -l por /tmp/tmppvrpm_mp.png stdout tsv
21:44:10 INFO     command: tesseract --psm 0 -l osd /tmp/tmpdfak804f.png stdout
21:44:12 INFO     command: tesseract -l por /tmp/tmpdfak804f.png stdout tsv
21:44:13 INFO     command: tesseract --psm 0 -l osd /tmp/tmppcdokx73.png stdout
21:44:14 INFO     command: tesseract -l por /tmp/tmppcdokx73.png stdout tsv
21:44:16 INFO     command: tesseract --psm 0 -l osd /tmp/tmp3yg2mhka.png stdout
21:44:17 INFO     command: tesseract -l por /tmp/tmp3yg2mhka.png stdout tsv
21:44:18 INFO     command: tesseract --psm 0 -l osd /tmp/tmppuqg4b9g.png stdout
21:44:19 INFO     command: tesseract -l por /tmp/tmppuqg4b9g.png stdout tsv
21:44:21 INFO     command: tesseract --psm 0 -l osd /tmp/tmpvea56x0e.png stdout
21:44:23 INFO     command: tesseract -l por /tmp/tmpvea56x0e.png stdout tsv
21:44:37 INFO     command: tesseract --psm 0 -l osd /tmp/tmpgwb4xxfn.png stdout
21:44:38 INFO     command: tesseract -l por /tmp/tmpgwb4xxfn.png stdout tsv
21:44:40 INFO     command: tesseract --psm 0 -l osd /tmp/tmp_rpgpgse.png stdout
21:44:41 INFO     command: tesseract -l por /tmp/tmp_rpgpgse.png stdout tsv
21:44:43 INFO     command: tesseract --psm 0 -l osd /tmp/tmp40qdknj3.png stdout
21:44:44 INFO     command: tesseract -l por /tmp/tmp40qdknj3.png stdout tsv
21:44:46 INFO     command: tesseract --psm 0 -l osd /tmp/tmp_cm7b8ub.png stdout
21:44:47 INFO     command: tesseract -l por /tmp/tmp_cm7b8ub.png stdout tsv
21:45:02 INFO     command: tesseract --psm 0 -l osd /tmp/tmpcdba_vsd.png stdout
21:45:03 INFO     command: tesseract -l por /tmp/tmpcdba_vsd.png stdout tsv
21:45:06 INFO     Finished converting document iti_doc_diretivo_assinado-1_tarjado.pdf in 59.21 sec.
21:45:06 INFO     [5/6] ✓ ITI       :  14 riscos | 59.2s | ETA ~54s
21:45:06 INFO     [6/6] → sgpr_ptd_2026_2027_docdiretivo_assinado-copia_tarjada.pdf
21:45:06 INFO     detected formats: [<InputFormat.PDF: 'pdf'>]
21:45:06 INFO     Going to convert document batch...
21:45:06 INFO     Processing document sgpr_ptd_2026_2027_docdiretivo_assinado-copia_tarjada.pdf
21:45:26 INFO     Finished converting document sgpr_ptd_2026_2027_docdiretivo_assinado-copia_tarjada.pdf in 19.60 sec.
21:45:26 INFO     [6/6] ✓ SGPR      :  10 riscos | 19.6s | ETA ~0s
21:45:26 INFO     ╔══════════════════════════════════════════════════════════════╗
21:45:26 INFO     ║                   RISCOS — fase concluída                    ║
21:45:26 INFO     ║  Processados: 6     |  ✓ 6  ⚠ 0                              ║
21:45:26 INFO     ║  Duração: 4.8 min                                            ║
21:45:26 INFO     ║  67 riscos | 6 órgãos                                        ║
21:45:26 INFO     ╚══════════════════════════════════════════════════════════════╝
21:45:26 INFO     67 riscos | 0 ações | 109 relações
21:45:26 INFO     ptd_corpus_raw                     : 200 linhas
21:45:26 INFO     ptd_pivot_eixos                    : 6 linhas
21:45:29 INFO     ptd_datas_assinatura               : 132 linhas
21:45:29 INFO     ptd_riscos                         : 67 linhas
21:45:29 INFO     ptd_riscos_acoes                   : 109 linhas
21:45:29 INFO     Manifesto salvo: pipeline_manifest.json | SHA-256 de 132 PDFs
21:45:29 INFO     ==================================================
21:45:29 INFO     PTD-BR v3.0-melhorado — PIPELINE CONCLUÍDO
21:45:29 INFO     ==================================================
21:45:29 INFO     ptd_corpus_raw.csv                        125 KB
21:45:29 INFO     ptd_pivot_eixos.csv                         0 KB
21:45:29 INFO     ptd_datas_assinatura.csv                    9 KB
21:45:29 INFO     ptd_riscos.csv                             19 KB
21:45:29 INFO     ptd_riscos_acoes.csv                        2 KB
21:45:29 INFO     proveniencia.json                           0 KB
21:45:29 INFO     pipeline_manifest.json                     20 KB
21:45:29 INFO     📦 Artefatos: https://github.com/freirelucas/teste/actions/runs/23922609745
21:45:29 INFO     ==================================================
