18:21:02 INFO     Docling disponível
18:21:02 WARNING  OCR fallback indisponível (IndentationError: unexpected indent (ptd_ocr_fallback.py, line 45))
18:21:03 INFO     Ignorado (guia/template/norma): ABNT-NBR-17225-Acessibilidade-Digital.pdf
18:21:03 INFO     Ignorado (guia/template/norma): cgrep-guia10passos-ptd-orgao.pdf
18:21:03 INFO     Ignorado (guia/template/norma): ABNT-NBR-17225-Acessibilidade-Digital.pdf
18:21:03 INFO     Scraping: 132 PDFs únicos | entregas: 68 | diretivos: 61
18:21:03 INFO     Baixando 132 PDFs únicos...
18:21:05 INFO     ✓ [  1/132] abin_ptd_anexo_de_entregas_assinado_pelo_orgao_ass   293.3KB
18:21:09 INFO     ✓ [  2/132] aeb_ptd_2025_2027_docdiretivo_aprovado_assinado-1_  1033.7KB
18:21:11 INFO     ✓ [  3/132] aeb_ptd_2025_2027_anexo_de_entregas_aprovado_assin   154.5KB
18:21:16 INFO     ✓ [  4/132] agu_ptd_2025_2027_docdiretivo_assinado_assinado_as  2860.3KB
18:21:19 INFO     ✓ [  5/132] agu_ptd_2025_2027_anexo_de_entregas_assinado_assin   525.5KB
18:21:22 INFO     ✓ [  6/132] ana_ptd_2025_2027_docdiretivo_assinado_assinado_as   477.2KB
18:21:24 INFO     ✓ [  7/132] ana_ptd_2025_2027_anexoentregas_assinado_assinado_   170.9KB
18:21:27 INFO     ✓ [  8/132] anac_ptd_2025_2026_docdiretivo_se_assinado_tarjado  1036.3KB
18:21:29 INFO     ✓ [  9/132] anac_ptd_2025_2026_anexo_de_entregas_se_assinado.p   215.2KB
18:21:32 INFO     ✓ [ 10/132] anatel_ptd_docdiretivo_assinado_2025_2026_assinado  1006.0KB
18:21:34 INFO     ✓ [ 11/132] anatel_ptd_2025_2026_anexo_de_entregas_do_ptd_publ    71.9KB
18:21:37 INFO     ✓ [ 12/132] ancine_ptd_2024_2026_docdiretivo_assinado-2_assina   961.8KB
18:21:40 INFO     ✓ [ 13/132] ancine_ptd_2024_2026_-_anexo_de_entregas_aprovado_   613.2KB
18:21:43 INFO     ✓ [ 14/132] ptd_aneel_2025-2027_docdiretivo_assinado_tarjado.p   779.6KB
18:21:45 INFO     ✓ [ 15/132] ptd_aneel_2025-2027_anexo_de_entregas_assinado.pdf   111.9KB
18:21:49 INFO     ✓ [ 16/132] anm_ptd_2025_2027_docdiretivo_assinadopeloorgao_ta  1092.5KB
18:21:52 INFO     ✓ [ 17/132] anm_ptd_2025_2027_anexo_entregas_assinadopeloorgao  1140.4KB
18:21:55 INFO     ✓ [ 18/132] anpd_ptd_2025_2027_docdiretivo_assinado_assinado_a  1044.3KB
18:21:57 INFO     ✓ [ 19/132] anpd_ptd_2025_2027_anexo_de_entregas_assinado_assi   166.5KB
18:22:00 INFO     ✓ [ 20/132] ans-plano_de_transformacao_digital_assinado-copia_  1023.4KB
18:22:02 INFO     ✓ [ 21/132] ans_ptd_2025_2026_anexo_de_entregas_assinado_assin   124.1KB
18:22:06 INFO     ✓ [ 22/132] antaq_ptd_2025_2027_docdiretivo_assinado_assinado_  1039.8KB
18:22:08 INFO     ✓ [ 23/132] antaq_ptd_2025_2027_anexoentregas_assinado_assinad   145.1KB
18:22:10 INFO     ✓ [ 24/132] mt_anexo_de_entregas_-_assinado_assinado_assinado_   143.6KB
18:22:18 INFO     ✓ [ 25/132] anvisa_ptd_docdiretivo_2025-2026_assinado_assinado  5771.2KB
18:22:21 INFO     ✓ [ 26/132] anvisa_ptd_anexo_de_entregas_2025_2026_assinado_as   239.0KB
18:22:24 INFO     ✓ [ 27/132] bcb_documento_diretivo_assinado_assinado_assinado-   713.7KB
18:22:26 INFO     ✓ [ 28/132] bcb_anexo_de_entregas_ptd_25_26-1_assinado_assinad   134.8KB
18:22:29 INFO     ✓ [ 29/132] cade_ptd_docdiretivo_2025_2026_assinado-2_assinado   810.4KB
18:22:31 INFO     ✓ [ 30/132] cade_ptd_anexo_de_entregas_2025_2026_assinado_copi   504.0KB
18:22:34 INFO     ✓ [ 31/132] mec_ptd_docdiretivo_2025-2026_sei_mec-5566673_copi   863.1KB
18:22:37 INFO     ✓ [ 32/132] mec_ptd_anexo-de-entregas_sei_mec-5576401_copia_ta   495.7KB
18:22:41 INFO     ✓ [ 33/132] mec_ptd_docdiretivo-versao-comunicacao_copia_tarja  1616.5KB
18:22:43 INFO     ✓ [ 34/132] md_ptd_2026_2027_anexo_de_entregas_assinado_assina   579.4KB
18:22:46 INFO     ✓ [ 35/132] md_ptd_2026_2027_anexo_de_entregas_assinado_assina   186.8KB
18:22:49 INFO     ✓ [ 36/132] md_ptd_temp_copia_tarjada.pdf                        741.9KB
18:22:52 INFO     ✓ [ 37/132] cgu_ptd_docdiretivo_assinado_assinado_assinado-cop  1085.4KB
18:22:54 INFO     ✓ [ 38/132] cgu_ptd_anexo_de_entregas_pactuadas_assinado_assin   514.1KB
18:22:57 INFO     ✓ [ 39/132] cnpq_ptd_2025_2027_docdiretivo_assinado_assinado_a   342.9KB
18:22:59 INFO     ✓ [ 40/132] cnpq_ptd_2025_2027_anexo_de_entregas_assinado_assi   136.1KB
18:23:02 INFO     ✓ [ 41/132] coaf_ptd_2025_2026_documento_diretivo_assinado_ass  1068.0KB
18:23:08 INFO     ✓ [ 42/132] coaf_ptd_2025_2026_anexo_de_entregas-2_assinado_as  3184.5KB
18:23:14 INFO     ✓ [ 43/132] ptd_midr-docdiretivo_aprovado_assinado_tarjado.pdf  3864.1KB
18:23:17 INFO     ✓ [ 44/132] ptd_midr_-_anexo_de_entregas_-_aprovado_assinado.p  1122.0KB
18:23:20 INFO     ✓ [ 45/132] mda-documento-diretivo-assinado_ptd-2025-207-copia   955.8KB
18:23:22 INFO     ✓ [ 46/132] cvm_ptd_2025_2027_docdiretivo_assinado_assinado_as   270.5KB
18:23:25 INFO     ✓ [ 47/132] cvm_ptd_2025_2027_anexoentregas_assinado_assinado_   409.0KB
18:23:28 INFO     ✓ [ 48/132] dnocs_ptd_doc_diretivo_2025_2026_assinado_orgao-2_   891.1KB
18:23:30 INFO     ✓ [ 49/132] dnocs_anexo_de_entregas_repactuado_2025_2026_assin   272.3KB
18:23:35 INFO     ✓ [ 50/132] fbn_ptd_2025_2027_docdiretivo_assinado-1_tarjado.p  2921.6KB
18:23:38 INFO     ✓ [ 51/132] fbn_ptd_2025_2027_anexo_de_entregas_assinado-1.pdf   162.3KB
18:23:41 INFO     ✓ [ 52/132] fcp_ptd_2025_2027_docdiretivo_assinado-1_tarjado.p  1612.0KB
18:23:43 INFO     ✓ [ 53/132] fcp_ptd_2025_2027_anexo_de_entregas_assinado-1.pdf   118.8KB
18:23:47 INFO     ✓ [ 54/132] fcrb_ptd_2025_2026_docdiretivo_aprovado_assinado-1   998.2KB
18:23:49 INFO     ✓ [ 55/132] fcrb_ptd_2025_2026_anexo_de_entregas_aprovado_assi   313.5KB
18:23:53 INFO     ✓ [ 56/132] fiocruz_novo-ptd_2-1_docdiretivo_repactuacao_2024-  1318.1KB
18:23:55 INFO     ✓ [ 57/132] fiocruz_ptd_anexo_de_entregas_assinado_v1_assinado   257.1KB
18:23:59 INFO     ✓ [ 58/132] fiocruz-ptd-06_2024-copia_tarjada.pdf               1693.8KB
18:24:03 INFO     ✓ [ 59/132] funai_ptd_2025_2027_docdiretivo_assinado-1_tarjado  1842.1KB
18:24:05 INFO     ✓ [ 60/132] funai_anexo_de_entregas_repactuado_2026_2027_assin   435.7KB
18:24:08 INFO     ✓ [ 61/132] funarte_ptd_docdiretivo_assinado_21_01_2025_assina   965.7KB
18:24:11 INFO     ✓ [ 62/132] funarte_ptd_anexo_de_entregas_assinado_v1_assinado   683.6KB
18:24:14 INFO     ✓ [ 63/132] fundacentro_ptd_2025_2027_docdiretivo_assinado_ass   826.6KB
18:24:17 INFO     ✓ [ 64/132] fundacentro_ptd_2025_2027_anexo_de_entregas_assina   635.5KB
18:24:20 INFO     ✓ [ 65/132] mma_ptd_docdiretivo_assinado_2025_2026-1_assinado_   949.3KB
18:24:22 INFO     ✓ [ 66/132] mma_ptd_anexo_de_entregas_aprovado_final_assinado_   174.8KB
18:24:26 INFO     ✓ [ 67/132] ibge_docdiretivo_2025_assinado_assinado_assinado-c  1167.3KB
18:24:28 INFO     ✓ [ 68/132] ibge_ptd_25_26_anexo_de_entregas_modelo_v2-1_assin   143.7KB
18:24:37 INFO     ✓ [ 69/132] incra_ptd_docdiretivo__assinado-1_assinado_assinad  7182.0KB
18:24:41 INFO     ✓ [ 70/132] incra_anexo_de_entregas_assinado-1_assinado_assina  1818.6KB
18:24:47 INFO     ✓ [ 71/132] inpi_ptd_docdiretivo_assinado_2025_2026_assinado_a  3322.4KB
18:24:52 INFO     ✓ [ 72/132] inpi_ptd_anexo_de_entregas_assinado_v1_assinado_as  3078.1KB
18:24:55 INFO     ✓ [ 73/132] inss_ptd_2025_2027_docdiretivo-assinado-copia_tarj  1173.3KB
18:24:58 INFO     ✓ [ 74/132] inss_ptd_2025_2027_anexo_de_entregas-assinado-copi   110.8KB
18:25:01 INFO     ✓ [ 75/132] iphan_ptd_docdiretivo_assinado_2025_2026_assinado_   885.7KB
18:25:03 INFO     ✓ [ 76/132] iphan_ptd_anexo_de_entregas_assinado_v1_assinado_a   310.9KB
18:25:10 INFO     ✓ [ 77/132] iti_doc_diretivo_assinado-1_tarjado.pdf             4905.1KB
18:25:13 INFO     ✓ [ 78/132] iti_anexo_de_entregas_assinado.pdf                   556.4KB
18:25:17 INFO     ✓ [ 79/132] mapa_ptd_2025_2027_docdiretivo_assinado-1_tarjado.  1740.9KB
18:25:19 INFO     ✓ [ 80/132] mapa_ptd_2025_2027_anexo_de_entregas_assinado-1.pd   261.9KB
18:25:26 INFO     ✓ [ 81/132] documento-diretivo-mcom-_-ptd-25_27-copia_tarjada.  4451.9KB
18:25:29 INFO     ✓ [ 82/132] anexo-de-entregas-mcom_ptd-25_27-copia_tarjada.pdf  1213.8KB
18:25:34 INFO     ✓ [ 83/132] ptd_21_24_mcom-copia_tarjada.pdf                    3040.7KB
18:25:37 INFO     ✓ [ 84/132] mcti_ptd_2025-2027_docdiretivo_assinado-copia_tarj  1030.7KB
18:25:40 INFO     ✓ [ 85/132] mcti_ptd_2025-2027_anexo-de-entregas_assinado-copi   145.8KB
18:25:42 INFO     ✓ [ 86/132] mda-anexo-entregas-assinado_ptd-2025-2027-copia-ta   284.6KB
18:25:45 INFO     ✓ [ 87/132] mdhc_ptd_2025_2027_docdiretivo_assinado_assinado_a   753.4KB
18:25:47 INFO     ✓ [ 88/132] mdhc_ptd_2025_2027_anexoentregas_assinado_assinado   186.8KB
18:25:49 INFO     ✓ [ 89/132] mdic_ptd_anexo_de_entregas_assinado_v1_assinado_as   176.6KB
18:25:53 INFO     ✓ [ 90/132] memp_ptd_2025_2026_docdiretivo_assinado_assinado_a  1030.1KB
18:25:55 INFO     ✓ [ 91/132] memp_ptd_2025_2026_anexo_de_entregas_assinado_assi   161.5KB
18:25:58 INFO     ✓ [ 92/132] mesp_ptd_2025_2027_docdiretivo_assinado_assinado_2  1147.7KB
18:26:01 INFO     ✓ [ 93/132] mesp_ptd_2025_2027_anexo_de_entregas_assinado_assi   226.6KB
18:26:04 INFO     ✓ [ 94/132] mf_ptd_2026_2027_documentodiretivo_assinado_assina   955.1KB
18:26:06 INFO     ✓ [ 95/132] mf_ptd_2026_2027_anexo_de_entregas_1_mf_se_assinad   241.2KB
18:26:09 INFO     ✓ [ 96/132] mgi_ptd_2025_2027_docdiretivo_assinado_assinado_as   375.2KB
18:26:11 INFO     ✓ [ 97/132] mgi_ptd_2025_2027_anexo_de_entregas_assinado_assin   256.1KB
18:26:14 INFO     ✓ [ 98/132] minc_ptd_2025_2027_docdiretivo_assinado-1_assinado   863.6KB
18:26:17 INFO     ✓ [ 99/132] minc_ptd_2025_2027_anexo_de_entregas_assinado-1_as   276.7KB
18:26:20 INFO     ✓ [100/132] mjsp_ptd_docdiretivo_assinado_2025_2026_assinado_a   954.0KB
18:26:22 INFO     ✓ [101/132] mjsp_ptd_anexo_de_entregas_assinado_v1_assinado_as   253.9KB
18:26:25 INFO     ✓ [102/132] mme_ptd_2025_2027_docdiretivo_assinado-copia_tarja   664.5KB
18:26:27 INFO     ✓ [103/132] mme_ptd_2025_2027_anexo_de_entregas_assinado__1_-c   111.1KB
18:26:31 INFO     ✓ [104/132] mmulheres_ptd_2025_2027_docdiretivo_assinado_assin  1078.3KB
18:26:33 INFO     ✓ [105/132] mmulheres_ptd_2025_2027_anexo_de_entregas_assinado   216.9KB
18:26:36 INFO     ✓ [106/132] mpi_ptd_2025_2027_docdiretivo_ministerio_dos_povos   947.9KB
18:26:38 INFO     ✓ [107/132] mpi_ptd_anexo_de_entregas_do_plano_de_tranformacao   191.9KB
18:26:41 INFO     ✓ [108/132] mpo_ptd_docdiretivo_assinado_2025_2026_assinado_as   806.3KB
18:26:44 INFO     ✓ [109/132] mpo_ptd_anexo_de_entregas_assinado_v1_assinado_ass   323.2KB
18:26:47 INFO     ✓ [110/132] mpor_ptd_2025_2027_docdiretivo_assinado_assinado_a   876.5KB
18:26:49 INFO     ✓ [111/132] mpor_ptd_2025_2027_anexo_de_entregas_assinado_assi   175.1KB
18:26:53 INFO     ✓ [112/132] mps_ptd_2025-2026_docdiretivo_final_assinado-1_ass  1024.4KB
18:26:55 INFO     ✓ [113/132] mps_ptd_2025-2026_anexo_de_entregas_final_assinado   165.0KB
18:26:58 INFO     ✓ [114/132] mre_ptd_docdiretivo_assinado_2025_2026_assinado_as   760.9KB
18:27:00 INFO     ✓ [115/132] mre_ptd_anexo_de_entregas_assinado_v1_assinado_ass   233.2KB
18:27:03 INFO     ✓ [116/132] mte_ptd_2025_2026_docdiretivo_assinado_assinado_as   729.6KB
18:27:05 INFO     ✓ [117/132] mte_ptd_anexo_de_entregas_assinado_v1__281_29_assi   459.5KB
18:27:09 INFO     ✓ [118/132] mtur_ptd_docdiretiv_assinado_30_01_2025_assinado_a  1050.4KB
18:27:11 INFO     ✓ [119/132] mtur_ptd_anexo_de_entregas_assinado_30_01_2025_ass   118.8KB
18:27:14 INFO     ✓ [120/132] pf_ptd_docdiretivo_2025_2027_assinado-copia_tarjad   964.3KB
18:27:16 INFO     ✓ [121/132] pf_ptd_anexo_de_entregas_2025_2027_assinado-copia_    62.5KB
18:27:19 INFO     ✓ [122/132] mf_ptd_2026_2027_anexo_de_entregas_4_mf_pgfn_assin   466.8KB
18:27:28 INFO     ✓ [123/132] previc_plano_de_transformacao_digital_2025_2026_29  6652.7KB
18:27:30 INFO     ✓ [124/132] previc_ptd_repactuacao_2025-2026_assinado_assinado   182.9KB
18:27:33 INFO     ✓ [125/132] prf_documentodiretivo_ptd_2026-2027_assinado_tarja   535.9KB
18:27:35 INFO     ✓ [126/132] prf_anexo_de_entregas_do_ptd__2026_2027___ptd___en   157.7KB
18:27:37 INFO     ✓ [127/132] mf_ptd_2026_2027_anexo_de_entregas_2_mf_rfb_assina   253.7KB
18:27:40 INFO     ✓ [128/132] sgpr_ptd_2026_2027_docdiretivo_assinado-copia_tarj   791.2KB
18:27:44 INFO     ✓ [129/132] sgpr_ptd_2025_2027_anexo_de_entregas_assinado-copi   897.9KB
18:27:46 INFO     ✓ [130/132] mf_ptd_2026_2027_anexo_de_entregas_3_mf_stn_assina   467.8KB
18:27:49 INFO     ✓ [131/132] susep_ptd_2025_2027_docdiretivo-assinado-copia_tar  1030.1KB
18:27:51 INFO     ✓ [132/132] susep_ptd_2025-2026_anexo_de_entregas_final_assina   221.9KB
18:27:53 INFO     132 OK | 0 erros | 123.3 MB total
18:27:59 INFO     Sanity: 132 PDFs | 113 texto | 19 imagem/OCR | 0 duplicatas
18:27:59 INFO     --siglas (debug): 15 PDFs de ['AGU', 'FIOCRUZ', 'FUNAI', 'FUNDACENTRO', 'INCRA', 'ITI', 'MCOM', 'SGPR']
18:27:59 INFO     DocumentConverter instanciado (singleton × 2: plain + OCR)
18:27:59 INFO     [1/15] → agu_ptd_2025_2027_anexo_de_entregas_assinado_assinado_assinado-copia_tarjada.pdf
18:27:59 INFO     detected formats: [<InputFormat.PDF: 'pdf'>]
18:27:59 INFO     Going to convert document batch...
18:27:59 INFO     Initializing pipeline for StandardPdfPipeline with options hash bc6794697da537796efc497178f9263f
18:27:59 INFO     Loading plugin 'docling_defaults'
18:27:59 INFO     Registered picture descriptions: ['picture_description_vlm_engine', 'vlm', 'api']
18:27:59 INFO     Loading plugin 'docling_defaults'
18:27:59 INFO     Registered ocr engines: ['auto', 'easyocr', 'kserve_v2_ocr', 'ocrmac', 'rapidocr', 'tesserocr', 'tesseract']
18:27:59 INFO     command: tesseract --list-langs
18:27:59 INFO     Loading plugin 'docling_defaults'
18:27:59 INFO     Registered layout engines: ['layout_object_detection', 'docling_layout_default', 'docling_experimental_table_crops_layout']
18:27:59 INFO     Accelerator device: 'cpu'
18:27:59 INFO     HTTP Request: GET https://huggingface.co/api/models/docling-project/docling-layout-heron/revision/main "HTTP/1.1 200 OK"
18:27:59 INFO     HTTP Request: HEAD https://huggingface.co/docling-project/docling-layout-heron/resolve/8f39ad3c0b4c58e9c2d2c84a38465abf757272d8/.gitattributes "HTTP/1.1 307 Temporary Redirect"
18:27:59 INFO     HTTP Request: HEAD https://huggingface.co/api/resolve-cache/models/docling-project/docling-layout-heron/8f39ad3c0b4c58e9c2d2c84a38465abf757272d8/.gitattributes "HTTP/1.1 200 OK"
18:27:59 INFO     HTTP Request: HEAD https://huggingface.co/docling-project/docling-layout-heron/resolve/8f39ad3c0b4c58e9c2d2c84a38465abf757272d8/README.md "HTTP/1.1 307 Temporary Redirect"
18:27:59 INFO     HTTP Request: HEAD https://huggingface.co/docling-project/docling-layout-heron/resolve/8f39ad3c0b4c58e9c2d2c84a38465abf757272d8/model.safetensors "HTTP/1.1 302 Found"
18:27:59 WARNING  Warning: You are sending unauthenticated requests to the HF Hub. Please set a HF_TOKEN to enable higher rate limits and faster downloads.
18:27:59 INFO     HTTP Request: HEAD https://huggingface.co/docling-project/docling-layout-heron/resolve/8f39ad3c0b4c58e9c2d2c84a38465abf757272d8/docling_heron_400.png "HTTP/1.1 307 Temporary Redirect"
18:27:59 INFO     HTTP Request: GET https://huggingface.co/api/resolve-cache/models/docling-project/docling-layout-heron/8f39ad3c0b4c58e9c2d2c84a38465abf757272d8/.gitattributes "HTTP/1.1 200 OK"
18:27:59 INFO     HTTP Request: HEAD https://huggingface.co/docling-project/docling-layout-heron/resolve/8f39ad3c0b4c58e9c2d2c84a38465abf757272d8/preprocessor_config.json "HTTP/1.1 307 Temporary Redirect"
18:27:59 INFO     HTTP Request: HEAD https://huggingface.co/api/resolve-cache/models/docling-project/docling-layout-heron/8f39ad3c0b4c58e9c2d2c84a38465abf757272d8/README.md "HTTP/1.1 200 OK"
18:27:59 INFO     HTTP Request: HEAD https://huggingface.co/docling-project/docling-layout-heron/resolve/8f39ad3c0b4c58e9c2d2c84a38465abf757272d8/config.json "HTTP/1.1 307 Temporary Redirect"
18:27:59 INFO     HTTP Request: HEAD https://huggingface.co/api/resolve-cache/models/docling-project/docling-layout-heron/8f39ad3c0b4c58e9c2d2c84a38465abf757272d8/docling_heron_400.png "HTTP/1.1 200 OK"
18:27:59 INFO     HTTP Request: HEAD https://huggingface.co/api/resolve-cache/models/docling-project/docling-layout-heron/8f39ad3c0b4c58e9c2d2c84a38465abf757272d8/preprocessor_config.json "HTTP/1.1 200 OK"
18:27:59 INFO     HTTP Request: HEAD https://huggingface.co/api/resolve-cache/models/docling-project/docling-layout-heron/8f39ad3c0b4c58e9c2d2c84a38465abf757272d8/config.json "HTTP/1.1 200 OK"
18:27:59 INFO     HTTP Request: GET https://huggingface.co/api/resolve-cache/models/docling-project/docling-layout-heron/8f39ad3c0b4c58e9c2d2c84a38465abf757272d8/README.md "HTTP/1.1 200 OK"
18:27:59 INFO     HTTP Request: GET https://huggingface.co/api/resolve-cache/models/docling-project/docling-layout-heron/8f39ad3c0b4c58e9c2d2c84a38465abf757272d8/docling_heron_400.png "HTTP/1.1 200 OK"
18:27:59 INFO     HTTP Request: GET https://huggingface.co/api/resolve-cache/models/docling-project/docling-layout-heron/8f39ad3c0b4c58e9c2d2c84a38465abf757272d8/preprocessor_config.json "HTTP/1.1 200 OK"
18:27:59 INFO     HTTP Request: GET https://huggingface.co/api/resolve-cache/models/docling-project/docling-layout-heron/8f39ad3c0b4c58e9c2d2c84a38465abf757272d8/config.json "HTTP/1.1 200 OK"
18:27:59 INFO     HTTP Request: GET https://huggingface.co/api/models/docling-project/docling-layout-heron/xet-read-token/8f39ad3c0b4c58e9c2d2c84a38465abf757272d8 "HTTP/1.1 200 OK"
18:28:00 INFO     Loading plugin 'docling_defaults'
18:28:00 INFO     Registered table structure engines: ['docling_tableformer', 'docling_tableformer_v2']
18:28:00 INFO     HTTP Request: GET https://huggingface.co/api/models/docling-project/docling-models/revision/v2.3.0 "HTTP/1.1 200 OK"
18:28:00 INFO     HTTP Request: HEAD https://huggingface.co/docling-project/docling-models/resolve/fc0f2d45e2218ea24bce5045f58a389aed16dc23/README.md "HTTP/1.1 307 Temporary Redirect"
18:28:00 INFO     HTTP Request: HEAD https://huggingface.co/docling-project/docling-models/resolve/fc0f2d45e2218ea24bce5045f58a389aed16dc23/config.json "HTTP/1.1 307 Temporary Redirect"
18:28:00 INFO     HTTP Request: HEAD https://huggingface.co/docling-project/docling-models/resolve/fc0f2d45e2218ea24bce5045f58a389aed16dc23/.gitattributes "HTTP/1.1 307 Temporary Redirect"
18:28:00 INFO     HTTP Request: HEAD https://huggingface.co/docling-project/docling-models/resolve/fc0f2d45e2218ea24bce5045f58a389aed16dc23/model_artifacts/tableformer/accurate/tm_config.json "HTTP/1.1 307 Temporary Redirect"
18:28:00 INFO     HTTP Request: HEAD https://huggingface.co/docling-project/docling-models/resolve/fc0f2d45e2218ea24bce5045f58a389aed16dc23/.gitignore "HTTP/1.1 307 Temporary Redirect"
18:28:00 INFO     HTTP Request: HEAD https://huggingface.co/api/resolve-cache/models/docling-project/docling-models/fc0f2d45e2218ea24bce5045f58a389aed16dc23/README.md "HTTP/1.1 200 OK"
18:28:00 INFO     HTTP Request: HEAD https://huggingface.co/api/resolve-cache/models/docling-project/docling-models/fc0f2d45e2218ea24bce5045f58a389aed16dc23/.gitattributes "HTTP/1.1 200 OK"
18:28:00 INFO     HTTP Request: HEAD https://huggingface.co/api/resolve-cache/models/docling-project/docling-models/fc0f2d45e2218ea24bce5045f58a389aed16dc23/config.json "HTTP/1.1 200 OK"
18:28:00 INFO     HTTP Request: HEAD https://huggingface.co/docling-project/docling-models/resolve/fc0f2d45e2218ea24bce5045f58a389aed16dc23/model_artifacts/tableformer/accurate/tableformer_accurate.safetensors "HTTP/1.1 302 Found"
18:28:00 INFO     HTTP Request: HEAD https://huggingface.co/api/resolve-cache/models/docling-project/docling-models/fc0f2d45e2218ea24bce5045f58a389aed16dc23/model_artifacts%2Ftableformer%2Faccurate%2Ftm_config.json "HTTP/1.1 200 OK"
18:28:00 INFO     HTTP Request: HEAD https://huggingface.co/docling-project/docling-models/resolve/fc0f2d45e2218ea24bce5045f58a389aed16dc23/model_artifacts/tableformer/fast/tm_config.json "HTTP/1.1 307 Temporary Redirect"
18:28:00 INFO     HTTP Request: GET https://huggingface.co/api/resolve-cache/models/docling-project/docling-models/fc0f2d45e2218ea24bce5045f58a389aed16dc23/README.md "HTTP/1.1 200 OK"
18:28:00 INFO     HTTP Request: HEAD https://huggingface.co/api/resolve-cache/models/docling-project/docling-models/fc0f2d45e2218ea24bce5045f58a389aed16dc23/.gitignore "HTTP/1.1 200 OK"
18:28:00 INFO     HTTP Request: HEAD https://huggingface.co/docling-project/docling-models/resolve/fc0f2d45e2218ea24bce5045f58a389aed16dc23/model_artifacts/tableformer/fast/tableformer_fast.safetensors "HTTP/1.1 302 Found"
18:28:00 INFO     HTTP Request: HEAD https://huggingface.co/api/resolve-cache/models/docling-project/docling-models/fc0f2d45e2218ea24bce5045f58a389aed16dc23/model_artifacts%2Ftableformer%2Ffast%2Ftm_config.json "HTTP/1.1 200 OK"
18:28:00 INFO     HTTP Request: GET https://huggingface.co/api/resolve-cache/models/docling-project/docling-models/fc0f2d45e2218ea24bce5045f58a389aed16dc23/config.json "HTTP/1.1 200 OK"
18:28:00 INFO     HTTP Request: GET https://huggingface.co/api/resolve-cache/models/docling-project/docling-models/fc0f2d45e2218ea24bce5045f58a389aed16dc23/.gitattributes "HTTP/1.1 200 OK"
18:28:00 INFO     HTTP Request: GET https://huggingface.co/api/resolve-cache/models/docling-project/docling-models/fc0f2d45e2218ea24bce5045f58a389aed16dc23/model_artifacts%2Ftableformer%2Faccurate%2Ftm_config.json "HTTP/1.1 200 OK"
18:28:00 INFO     HTTP Request: GET https://huggingface.co/api/resolve-cache/models/docling-project/docling-models/fc0f2d45e2218ea24bce5045f58a389aed16dc23/.gitignore "HTTP/1.1 200 OK"
18:28:00 INFO     HTTP Request: GET https://huggingface.co/api/resolve-cache/models/docling-project/docling-models/fc0f2d45e2218ea24bce5045f58a389aed16dc23/model_artifacts%2Ftableformer%2Ffast%2Ftm_config.json "HTTP/1.1 200 OK"
18:28:00 INFO     HTTP Request: GET https://huggingface.co/api/models/docling-project/docling-models/xet-read-token/fc0f2d45e2218ea24bce5045f58a389aed16dc23 "HTTP/1.1 200 OK"
18:28:00 INFO     HTTP Request: GET https://huggingface.co/api/models/docling-project/docling-models/xet-read-token/fc0f2d45e2218ea24bce5045f58a389aed16dc23 "HTTP/1.1 200 OK"
18:28:02 INFO     Accelerator device: 'cpu'
18:28:02 INFO     Processing document agu_ptd_2025_2027_anexo_de_entregas_assinado_assinado_assinado-copia_tarjada.pdf
18:28:03 INFO     command: tesseract --psm 0 -l osd /tmp/tmprm1l7mlw.png stdout
18:28:03 INFO     command: tesseract -l por /tmp/tmprm1l7mlw.png stdout tsv
18:28:07 INFO     command: tesseract --psm 0 -l osd /tmp/tmpop4ncx7a.png stdout
18:28:08 INFO     command: tesseract -l por /tmp/tmpop4ncx7a.png stdout tsv
18:28:24 INFO     Finished converting document agu_ptd_2025_2027_anexo_de_entregas_assinado_assinado_assinado-copia_tarjada.pdf in 25.88 sec.
18:28:24 INFO       pixel_budget (Docling) agu_ptd_2025_2027_anexo_de_entregas_assinado_assinado_assinado-copia_tarjada.pdf: 45.8% (área tabelas/1001817 px²)
18:28:24 INFO     [1/15] ✓ AGU       :   33 entregas | 25.9s | ETA ~6min
18:28:24 INFO     [2/15] → agu_ptd_2025_2027_docdiretivo_assinado_assinado_assinado-copia_tarjada.pdf
18:28:24 INFO     detected formats: [<InputFormat.PDF: 'pdf'>]
18:28:24 INFO     Going to convert document batch...
18:28:24 INFO     Processing document agu_ptd_2025_2027_docdiretivo_assinado_assinado_assinado-copia_tarjada.pdf
18:28:25 INFO     command: tesseract --psm 0 -l osd /tmp/tmpaq_8j5w9.png stdout
18:28:25 INFO     command: tesseract -l por /tmp/tmpaq_8j5w9.png stdout tsv
18:28:28 INFO     command: tesseract --psm 0 -l osd /tmp/tmpjq6cv5g1.png stdout
18:28:29 INFO     command: tesseract -l por /tmp/tmpjq6cv5g1.png stdout tsv
18:28:32 INFO     command: tesseract --psm 0 -l osd /tmp/tmpi4jw9q1o.png stdout
18:28:33 INFO     command: tesseract -l por /tmp/tmpi4jw9q1o.png stdout tsv
18:28:35 INFO     command: tesseract --psm 0 -l osd /tmp/tmpe8spsgm_.png stdout
18:28:36 INFO     command: tesseract -l por /tmp/tmpe8spsgm_.png stdout tsv
18:28:38 INFO     command: tesseract --psm 0 -l osd /tmp/tmpvdif71jr.png stdout
18:28:39 INFO     command: tesseract -l por /tmp/tmpvdif71jr.png stdout tsv
18:28:41 INFO     command: tesseract --psm 0 -l osd /tmp/tmpy3ct4fy2.png stdout
18:28:42 INFO     command: tesseract -l por /tmp/tmpy3ct4fy2.png stdout tsv
18:28:52 INFO     command: tesseract --psm 0 -l osd /tmp/tmpfccq4_my.png stdout
18:28:53 INFO     command: tesseract -l por /tmp/tmpfccq4_my.png stdout tsv
18:28:55 INFO     command: tesseract --psm 0 -l osd /tmp/tmplc0v6l4o.png stdout
18:28:56 INFO     command: tesseract -l por /tmp/tmplc0v6l4o.png stdout tsv
18:28:58 INFO     command: tesseract --psm 0 -l osd /tmp/tmpxw3_gh0d.png stdout
18:28:59 INFO     command: tesseract -l por /tmp/tmpxw3_gh0d.png stdout tsv
18:29:01 INFO     command: tesseract --psm 0 -l osd /tmp/tmptttfw05a.png stdout
18:29:03 INFO     command: tesseract -l por /tmp/tmptttfw05a.png stdout tsv
18:29:18 INFO     command: tesseract --psm 0 -l osd /tmp/tmpdwsfd05i.png stdout
18:29:19 INFO     command: tesseract -l por /tmp/tmpdwsfd05i.png stdout tsv
18:29:22 INFO     Finished converting document agu_ptd_2025_2027_docdiretivo_assinado_assinado_assinado-copia_tarjada.pdf in 57.91 sec.
18:29:22 INFO       pixel_budget (Docling) agu_ptd_2025_2027_docdiretivo_assinado_assinado_assinado-copia_tarjada.pdf: 2.1% (área tabelas/5513330 px²)
18:29:22 INFO     [2/15] ✓ AGU       :    6 entregas | 57.9s | ETA ~9min
18:29:22 INFO     [3/15] → anexo-de-entregas-mcom_ptd-25_27-copia_tarjada.pdf
18:29:22 INFO     detected formats: [<InputFormat.PDF: 'pdf'>]
18:29:22 INFO     Going to convert document batch...
18:29:22 INFO     Processing document anexo-de-entregas-mcom_ptd-25_27-copia_tarjada.pdf
18:29:23 INFO     command: tesseract --psm 0 -l osd /tmp/tmpf_dwxi76.png stdout
18:29:24 INFO     command: tesseract -l por /tmp/tmpf_dwxi76.png stdout tsv
18:29:27 INFO     command: tesseract --psm 0 -l osd /tmp/tmpg2t8i68o.png stdout
18:29:28 INFO     command: tesseract -l por /tmp/tmpg2t8i68o.png stdout tsv
18:29:40 INFO     command: tesseract --psm 0 -l osd /tmp/tmp4l1r58bi.png stdout
18:29:41 INFO     command: tesseract -l por /tmp/tmp4l1r58bi.png stdout tsv
18:30:01 INFO     Finished converting document anexo-de-entregas-mcom_ptd-25_27-copia_tarjada.pdf in 38.49 sec.
18:30:01 INFO       pixel_budget (Docling) anexo-de-entregas-mcom_ptd-25_27-copia_tarjada.pdf: 55.2% (área tabelas/1503636 px²)
18:30:01 INFO     [3/15] ✓ MCOM      :   55 entregas | 38.5s | ETA ~8min
18:30:01 INFO     [4/15] → documento-diretivo-mcom-_-ptd-25_27-copia_tarjada.pdf
18:30:01 INFO     detected formats: [<InputFormat.PDF: 'pdf'>]
18:30:01 INFO     Going to convert document batch...
18:30:01 INFO     Processing document documento-diretivo-mcom-_-ptd-25_27-copia_tarjada.pdf
18:30:01 INFO     command: tesseract --psm 0 -l osd /tmp/tmp060lpjuo.png stdout
18:30:02 INFO     command: tesseract -l por /tmp/tmp060lpjuo.png stdout tsv
18:30:04 INFO     command: tesseract --psm 0 -l osd /tmp/tmpf47j3tf6.png stdout
18:30:05 INFO     command: tesseract -l por /tmp/tmpf47j3tf6.png stdout tsv
18:30:12 INFO     command: tesseract --psm 0 -l osd /tmp/tmpoh1013tm.png stdout
18:30:13 INFO     command: tesseract -l por /tmp/tmpoh1013tm.png stdout tsv
18:30:14 INFO     command: tesseract --psm 0 -l osd /tmp/tmpfup_op9k.png stdout
18:30:15 INFO     command: tesseract -l por /tmp/tmpfup_op9k.png stdout tsv
18:30:16 INFO     command: tesseract --psm 0 -l osd /tmp/tmpl2xp6z0x.png stdout
18:30:17 INFO     command: tesseract -l por /tmp/tmpl2xp6z0x.png stdout tsv
18:30:20 INFO     command: tesseract --psm 0 -l osd /tmp/tmpgewvs5y9.png stdout
18:30:21 INFO     command: tesseract -l por /tmp/tmpgewvs5y9.png stdout tsv
18:30:34 INFO     command: tesseract --psm 0 -l osd /tmp/tmp4rkdwe3d.png stdout
18:30:35 INFO     command: tesseract -l por /tmp/tmp4rkdwe3d.png stdout tsv
18:30:38 INFO     command: tesseract --psm 0 -l osd /tmp/tmpdpcadzli.png stdout
18:30:39 INFO     command: tesseract -l por /tmp/tmpdpcadzli.png stdout tsv
18:30:41 INFO     command: tesseract --psm 0 -l osd /tmp/tmpsfll2_fd.png stdout
18:30:42 INFO     command: tesseract -l por /tmp/tmpsfll2_fd.png stdout tsv
18:30:44 INFO     command: tesseract --psm 0 -l osd /tmp/tmporg6mum1.png stdout
18:30:45 INFO     command: tesseract -l por /tmp/tmporg6mum1.png stdout tsv
18:30:50 INFO     command: tesseract --psm 0 -l osd /tmp/tmpt7idjdeu.png stdout
18:30:51 INFO     command: tesseract -l por /tmp/tmpt7idjdeu.png stdout tsv
18:30:57 INFO     command: tesseract --psm 0 -l osd /tmp/tmppiuxmzm1.png stdout
18:30:57 INFO     command: tesseract -l por /tmp/tmppiuxmzm1.png stdout tsv
18:30:59 INFO     command: tesseract --psm 0 -l osd /tmp/tmp1qbggt06.png stdout
18:31:00 INFO     command: tesseract -l por /tmp/tmp1qbggt06.png stdout tsv
18:31:02 INFO     command: tesseract --psm 0 -l osd /tmp/tmpj0_aqueo.png stdout
18:31:03 INFO     command: tesseract -l por /tmp/tmpj0_aqueo.png stdout tsv
18:31:09 INFO     Finished converting document documento-diretivo-mcom-_-ptd-25_27-copia_tarjada.pdf in 67.70 sec.
18:31:09 INFO       pixel_budget (Docling) documento-diretivo-mcom-_-ptd-25_27-copia_tarjada.pdf: 10.8% (área tabelas/7016966 px²)
18:31:09 WARNING  [4/15] ⚠ MCOM      :    0 entregas | 67.7s | ETA ~8min
18:31:09 INFO     [5/15] → fiocruz-ptd-06_2024-copia_tarjada.pdf
18:31:09 INFO     detected formats: [<InputFormat.PDF: 'pdf'>]
18:31:09 INFO     Going to convert document batch...
18:31:09 INFO     Initializing pipeline for StandardPdfPipeline with options hash d18651824ca6fe56cf3ccb20424ac2c8
18:31:09 INFO     Accelerator device: 'cpu'
18:31:09 INFO     HTTP Request: GET https://huggingface.co/api/models/docling-project/docling-layout-heron/revision/main "HTTP/1.1 200 OK"
18:31:09 INFO     HTTP Request: GET https://huggingface.co/api/models/docling-project/docling-models/revision/v2.3.0 "HTTP/1.1 200 OK"
18:31:09 INFO     Accelerator device: 'cpu'
18:31:10 INFO     Processing document fiocruz-ptd-06_2024-copia_tarjada.pdf
18:32:17 INFO     Finished converting document fiocruz-ptd-06_2024-copia_tarjada.pdf in 68.37 sec.
18:32:17 INFO       pixel_budget (Docling) fiocruz-ptd-06_2024-copia_tarjada.pdf: 36.4% (área tabelas/7518178 px²)
18:32:17 WARNING  [5/15] ⚠ FIOCRUZ   :    0 entregas | 68.4s | ETA ~8min
18:32:17 INFO     [6/15] → fiocruz_novo-ptd_2-1_docdiretivo_repactuacao_2024-2026_assinado_assinado-copia_tarjada.pdf
18:32:17 INFO     detected formats: [<InputFormat.PDF: 'pdf'>]
18:32:17 INFO     Going to convert document batch...
18:32:17 INFO     Processing document fiocruz_novo-ptd_2-1_docdiretivo_repactuacao_2024-2026_assinado_assinado-copia_tarjada.pdf
18:32:35 INFO     Finished converting document fiocruz_novo-ptd_2-1_docdiretivo_repactuacao_2024-2026_assinado_assinado-copia_tarjada.pdf in 17.86 sec.
18:32:35 INFO       pixel_budget (Docling) fiocruz_novo-ptd_2-1_docdiretivo_repactuacao_2024-2026_assinado_assinado-copia_tarjada.pdf: 11.3% (área tabelas/5012118 px²)
18:32:35 WARNING  [6/15] ⚠ FIOCRUZ   :    0 entregas | 17.9s | ETA ~6min
18:32:35 INFO     [7/15] → fiocruz_ptd_anexo_de_entregas_assinado_v1_assinado_assinado-1-copia_tarjada.pdf
18:32:35 INFO     detected formats: [<InputFormat.PDF: 'pdf'>]
18:32:35 INFO     Going to convert document batch...
18:32:35 INFO     Processing document fiocruz_ptd_anexo_de_entregas_assinado_v1_assinado_assinado-1-copia_tarjada.pdf
18:33:07 INFO     Finished converting document fiocruz_ptd_anexo_de_entregas_assinado_v1_assinado_assinado-1-copia_tarjada.pdf in 32.21 sec.
18:33:07 INFO       pixel_budget (Docling) fiocruz_ptd_anexo_de_entregas_assinado_v1_assinado_assinado-1-copia_tarjada.pdf: 54.7% (área tabelas/2004847 px²)
18:33:07 INFO     [7/15] ✓ FIOCRUZ   :   62 entregas | 32.2s | ETA ~5min
18:33:07 INFO     [8/15] → funai_anexo_de_entregas_repactuado_2026_2027_assinado_assinado_assinado.pdf
18:33:07 INFO     detected formats: [<InputFormat.PDF: 'pdf'>]
18:33:07 INFO     Going to convert document batch...
18:33:07 INFO     Processing document funai_anexo_de_entregas_repactuado_2026_2027_assinado_assinado_assinado.pdf
18:33:08 INFO     command: tesseract --psm 0 -l osd /tmp/tmp42bclef9.png stdout
18:33:09 INFO     command: tesseract -l por /tmp/tmp42bclef9.png stdout tsv
18:33:22 INFO     Finished converting document funai_anexo_de_entregas_repactuado_2026_2027_assinado_assinado_assinado.pdf in 14.85 sec.
18:33:22 INFO       pixel_budget (Docling) funai_anexo_de_entregas_repactuado_2026_2027_assinado_assinado_assinado.pdf: 49.8% (área tabelas/501212 px²)
18:33:22 INFO     [8/15] ✓ FUNAI     :   22 entregas | 14.9s | ETA ~4min
18:33:22 INFO     [9/15] → funai_ptd_2025_2027_docdiretivo_assinado-1_tarjado.pdf
18:33:22 INFO     detected formats: [<InputFormat.PDF: 'pdf'>]
18:33:22 INFO     Going to convert document batch...
18:33:22 INFO     Processing document funai_ptd_2025_2027_docdiretivo_assinado-1_tarjado.pdf
18:33:23 INFO     command: tesseract --psm 0 -l osd /tmp/tmpgpitedv4.png stdout
18:33:24 INFO     command: tesseract -l por /tmp/tmpgpitedv4.png stdout tsv
18:33:25 INFO     command: tesseract --psm 0 -l osd /tmp/tmpz6b3ii77.png stdout
18:33:26 INFO     command: tesseract -l por /tmp/tmpz6b3ii77.png stdout tsv
18:33:30 INFO     command: tesseract --psm 0 -l osd /tmp/tmp2p7zctqp.png stdout
18:33:31 INFO     command: tesseract -l por /tmp/tmp2p7zctqp.png stdout tsv
18:33:33 INFO     command: tesseract --psm 0 -l osd /tmp/tmp4uduxfhl.png stdout
18:33:34 INFO     command: tesseract -l por /tmp/tmp4uduxfhl.png stdout tsv
18:33:35 INFO     command: tesseract --psm 0 -l osd /tmp/tmpetdz14gf.png stdout
18:33:36 INFO     command: tesseract -l por /tmp/tmpetdz14gf.png stdout tsv
18:33:38 INFO     command: tesseract --psm 0 -l osd /tmp/tmpxcymwq4c.png stdout
18:33:40 INFO     command: tesseract -l por /tmp/tmpxcymwq4c.png stdout tsv
18:33:50 INFO     command: tesseract --psm 0 -l osd /tmp/tmpz37ter2k.png stdout
18:33:50 INFO     command: tesseract -l por /tmp/tmpz37ter2k.png stdout tsv
18:33:52 INFO     command: tesseract --psm 0 -l osd /tmp/tmpfgr_4a3p.png stdout
18:33:52 INFO     command: tesseract -l por /tmp/tmpfgr_4a3p.png stdout tsv
18:33:54 INFO     command: tesseract --psm 0 -l osd /tmp/tmps6_d9nqz.png stdout
18:33:55 INFO     command: tesseract -l por /tmp/tmps6_d9nqz.png stdout tsv
18:33:56 INFO     command: tesseract --psm 0 -l osd /tmp/tmp49y440ri.png stdout
18:33:58 INFO     command: tesseract -l por /tmp/tmp49y440ri.png stdout tsv
18:34:10 INFO     command: tesseract --psm 0 -l osd /tmp/tmpn5_vyzoz.png stdout
18:34:11 INFO     command: tesseract -l por /tmp/tmpn5_vyzoz.png stdout tsv
18:34:17 INFO     command: tesseract --psm 0 -l osd /tmp/tmpucjh2e9k.png stdout
18:34:18 INFO     command: tesseract -l por /tmp/tmpucjh2e9k.png stdout tsv
18:34:20 INFO     command: tesseract --psm 0 -l osd /tmp/tmp6qttvy6k.png stdout
18:34:20 INFO     command: tesseract -l por /tmp/tmp6qttvy6k.png stdout tsv
18:34:27 INFO     Finished converting document funai_ptd_2025_2027_docdiretivo_assinado-1_tarjado.pdf in 64.78 sec.
18:34:27 INFO       pixel_budget (Docling) funai_ptd_2025_2027_docdiretivo_assinado-1_tarjado.pdf: 16.4% (área tabelas/6515754 px²)
18:34:27 INFO     [9/15] ✓ FUNAI     :    8 entregas | 64.8s | ETA ~4min
18:34:27 INFO     [10/15] → incra_anexo_de_entregas_assinado-1_assinado_assinado-copia_tarjada.pdf
18:34:27 INFO     detected formats: [<InputFormat.PDF: 'pdf'>]
18:34:27 INFO     Going to convert document batch...
18:34:27 INFO     Processing document incra_anexo_de_entregas_assinado-1_assinado_assinado-copia_tarjada.pdf
18:34:28 INFO     command: tesseract --psm 0 -l osd /tmp/tmpw6t0ysum.png stdout
18:34:29 INFO     command: tesseract -l por /tmp/tmpw6t0ysum.png stdout tsv
18:34:32 INFO     command: tesseract --psm 0 -l osd /tmp/tmpbuhnlind.png stdout
18:34:33 INFO     command: tesseract -l por /tmp/tmpbuhnlind.png stdout tsv
18:34:38 INFO     command: tesseract --psm 0 -l osd /tmp/tmp0hx1f3sc.png stdout
18:34:39 INFO     command: tesseract -l por /tmp/tmp0hx1f3sc.png stdout tsv
18:34:41 INFO     command: tesseract --psm 0 -l osd /tmp/tmpk7je999q.png stdout
18:34:42 INFO     command: tesseract -l por /tmp/tmpk7je999q.png stdout tsv
18:34:44 INFO     command: tesseract --psm 0 -l osd /tmp/tmpn2hqufrm.png stdout
18:34:45 INFO     command: tesseract -l por /tmp/tmpn2hqufrm.png stdout tsv
18:36:14 INFO     Finished converting document incra_anexo_de_entregas_assinado-1_assinado_assinado-copia_tarjada.pdf in 107.61 sec.
18:36:14 INFO       pixel_budget (Docling) incra_anexo_de_entregas_assinado-1_assinado_assinado-copia_tarjada.pdf: 30.0% (área tabelas/2423520 px²)
18:36:14 INFO     [10/15] ✓ INCRA     :   11 entregas | 107.6s | ETA ~4min
18:36:14 INFO     [11/15] → incra_ptd_docdiretivo__assinado-1_assinado_assinado-copia_tarjada.pdf
18:36:14 INFO     detected formats: [<InputFormat.PDF: 'pdf'>]
18:36:14 INFO     Going to convert document batch...
18:36:14 INFO     Processing document incra_ptd_docdiretivo__assinado-1_assinado_assinado-copia_tarjada.pdf
18:36:16 INFO     command: tesseract --psm 0 -l osd /tmp/tmpqbmzo55f.png stdout
18:36:16 INFO     command: tesseract -l por /tmp/tmpqbmzo55f.png stdout tsv
18:36:18 INFO     command: tesseract --psm 0 -l osd /tmp/tmp6pgd01pt.png stdout
18:36:19 INFO     command: tesseract -l por /tmp/tmp6pgd01pt.png stdout tsv
18:36:26 INFO     command: tesseract --psm 0 -l osd /tmp/tmpn8_2f8iy.png stdout
18:36:27 INFO     command: tesseract -l por /tmp/tmpn8_2f8iy.png stdout tsv
18:36:29 INFO     command: tesseract --psm 0 -l osd /tmp/tmpixpr3u7b.png stdout
18:36:29 INFO     command: tesseract -l por /tmp/tmpixpr3u7b.png stdout tsv
18:36:31 INFO     command: tesseract --psm 0 -l osd /tmp/tmp66_8uzp5.png stdout
18:36:32 INFO     command: tesseract -l por /tmp/tmp66_8uzp5.png stdout tsv
18:36:34 INFO     command: tesseract --psm 0 -l osd /tmp/tmpdjwzm3n0.png stdout
18:36:35 INFO     command: tesseract -l por /tmp/tmpdjwzm3n0.png stdout tsv
18:36:52 INFO     command: tesseract --psm 0 -l osd /tmp/tmpe8zartm8.png stdout
18:36:52 INFO     command: tesseract -l por /tmp/tmpe8zartm8.png stdout tsv
18:36:54 INFO     command: tesseract --psm 0 -l osd /tmp/tmp17dyoshs.png stdout
18:36:55 INFO     command: tesseract -l por /tmp/tmp17dyoshs.png stdout tsv
18:36:56 INFO     command: tesseract --psm 0 -l osd /tmp/tmp4z735e4g.png stdout
18:36:57 INFO     command: tesseract -l por /tmp/tmp4z735e4g.png stdout tsv
18:36:59 INFO     command: tesseract --psm 0 -l osd /tmp/tmpcvdew48u.png stdout
18:37:00 INFO     command: tesseract -l por /tmp/tmpcvdew48u.png stdout tsv
18:37:05 INFO     command: tesseract --psm 0 -l osd /tmp/tmpjr9nn7x5.png stdout
18:37:05 INFO     command: tesseract -l por /tmp/tmpjr9nn7x5.png stdout tsv
18:37:19 INFO     command: tesseract --psm 0 -l osd /tmp/tmp0xc74_uc.png stdout
18:37:19 INFO     command: tesseract -l por /tmp/tmp0xc74_uc.png stdout tsv
18:37:21 INFO     command: tesseract --psm 0 -l osd /tmp/tmpyn5uv2vn.png stdout
18:37:22 INFO     command: tesseract -l por /tmp/tmpyn5uv2vn.png stdout tsv
18:37:30 INFO     Finished converting document incra_ptd_docdiretivo__assinado-1_assinado_assinado-copia_tarjada.pdf in 75.13 sec.
18:37:30 INFO       pixel_budget (Docling) incra_ptd_docdiretivo__assinado-1_assinado_assinado-copia_tarjada.pdf: 20.2% (área tabelas/6515754 px²)
18:37:30 INFO     [11/15] ✓ INCRA     :    9 entregas | 75.1s | ETA ~3min
18:37:30 INFO     [12/15] → iti_anexo_de_entregas_assinado.pdf
18:37:30 INFO     detected formats: [<InputFormat.PDF: 'pdf'>]
18:37:30 INFO     Going to convert document batch...
18:37:30 INFO     Processing document iti_anexo_de_entregas_assinado.pdf
18:37:30 INFO     command: tesseract --psm 0 -l osd /tmp/tmpdv7w5r3r.png stdout
18:37:31 INFO     command: tesseract -l por /tmp/tmpdv7w5r3r.png stdout tsv
18:37:47 INFO     Finished converting document iti_anexo_de_entregas_assinado.pdf in 17.29 sec.
18:37:47 INFO       pixel_budget (Docling) iti_anexo_de_entregas_assinado.pdf: 57.2% (área tabelas/501212 px²)
18:37:47 INFO     [12/15] ✓ ITI       :   31 entregas | 17.3s | ETA ~2min
18:37:47 INFO     [13/15] → iti_doc_diretivo_assinado-1_tarjado.pdf
18:37:47 INFO     detected formats: [<InputFormat.PDF: 'pdf'>]
18:37:47 INFO     Going to convert document batch...
18:37:47 INFO     Processing document iti_doc_diretivo_assinado-1_tarjado.pdf
18:37:48 INFO     command: tesseract --psm 0 -l osd /tmp/tmpstc0ld1n.png stdout
18:37:48 INFO     command: tesseract -l por /tmp/tmpstc0ld1n.png stdout tsv
18:37:51 INFO     command: tesseract --psm 0 -l osd /tmp/tmpxj0_id0e.png stdout
18:37:52 INFO     command: tesseract -l por /tmp/tmpxj0_id0e.png stdout tsv
18:37:56 INFO     command: tesseract --psm 0 -l osd /tmp/tmp1n4d0u9_.png stdout
18:37:57 INFO     command: tesseract -l por /tmp/tmp1n4d0u9_.png stdout tsv
18:37:59 INFO     command: tesseract --psm 0 -l osd /tmp/tmphl87v0ay.png stdout
18:37:59 INFO     command: tesseract -l por /tmp/tmphl87v0ay.png stdout tsv
18:38:01 INFO     command: tesseract --psm 0 -l osd /tmp/tmpcpu_7sxw.png stdout
18:38:02 INFO     command: tesseract -l por /tmp/tmpcpu_7sxw.png stdout tsv
18:38:04 INFO     command: tesseract --psm 0 -l osd /tmp/tmpig1n0qpo.png stdout
18:38:05 INFO     command: tesseract -l por /tmp/tmpig1n0qpo.png stdout tsv
18:38:18 INFO     command: tesseract --psm 0 -l osd /tmp/tmp5scf1e63.png stdout
18:38:19 INFO     command: tesseract -l por /tmp/tmp5scf1e63.png stdout tsv
18:38:22 INFO     command: tesseract --psm 0 -l osd /tmp/tmpbwkw3737.png stdout
18:38:22 INFO     command: tesseract -l por /tmp/tmpbwkw3737.png stdout tsv
18:38:25 INFO     command: tesseract --psm 0 -l osd /tmp/tmp8wovkz28.png stdout
18:38:25 INFO     command: tesseract -l por /tmp/tmp8wovkz28.png stdout tsv
18:38:27 INFO     command: tesseract --psm 0 -l osd /tmp/tmp3n1bzwhy.png stdout
18:38:29 INFO     command: tesseract -l por /tmp/tmp3n1bzwhy.png stdout tsv
18:38:34 INFO     command: tesseract --psm 0 -l osd /tmp/tmpyd1iz4ts.png stdout
18:38:35 INFO     command: tesseract -l por /tmp/tmpyd1iz4ts.png stdout tsv
18:38:44 INFO     Finished converting document iti_doc_diretivo_assinado-1_tarjado.pdf in 56.81 sec.
18:38:44 INFO       pixel_budget (Docling) iti_doc_diretivo_assinado-1_tarjado.pdf: 8.0% (área tabelas/5516339 px²)
18:38:44 INFO     [13/15] ✓ ITI       :    6 entregas | 56.8s | ETA ~1min
18:38:44 INFO     [14/15] → sgpr_ptd_2025_2027_anexo_de_entregas_assinado-copia_tarjada.pdf
18:38:44 INFO     detected formats: [<InputFormat.PDF: 'pdf'>]
18:38:44 INFO     Going to convert document batch...
18:38:44 INFO     Processing document sgpr_ptd_2025_2027_anexo_de_entregas_assinado-copia_tarjada.pdf
18:38:45 INFO     command: tesseract --psm 0 -l osd /tmp/tmpd50ljgru.png stdout
18:38:45 INFO     command: tesseract -l por /tmp/tmpd50ljgru.png stdout tsv
18:38:48 INFO     command: tesseract --psm 0 -l osd /tmp/tmpfspbid2r.png stdout
18:38:49 INFO     command: tesseract -l por /tmp/tmpfspbid2r.png stdout tsv
18:39:03 INFO     Finished converting document sgpr_ptd_2025_2027_anexo_de_entregas_assinado-copia_tarjada.pdf in 19.73 sec.
18:39:03 INFO       pixel_budget (Docling) sgpr_ptd_2025_2027_anexo_de_entregas_assinado-copia_tarjada.pdf: 29.5% (área tabelas/1002424 px²)
18:39:03 INFO     [14/15] ✓ SGPR      :   18 entregas | 19.7s | ETA ~47s
18:39:03 INFO     [15/15] → sgpr_ptd_2026_2027_docdiretivo_assinado-copia_tarjada.pdf
18:39:03 INFO     detected formats: [<InputFormat.PDF: 'pdf'>]
18:39:03 INFO     Going to convert document batch...
18:39:03 INFO     Processing document sgpr_ptd_2026_2027_docdiretivo_assinado-copia_tarjada.pdf
18:39:23 INFO     Finished converting document sgpr_ptd_2026_2027_docdiretivo_assinado-copia_tarjada.pdf in 20.07 sec.
18:39:23 INFO       pixel_budget (Docling) sgpr_ptd_2026_2027_docdiretivo_assinado-copia_tarjada.pdf: 8.2% (área tabelas/5513330 px²)
18:39:23 WARNING  [15/15] ⚠ SGPR      :    0 entregas | 20.1s | ETA ~0s
18:39:23 INFO     261 registros | 7 órgãos
18:39:23 INFO     ╔══════════════════════════════════════════════════════════════╗
18:39:23 INFO     ║                  ENTREGAS — fase concluída                   ║
18:39:23 INFO     ║  Processados: 15    |  ✓ 11  ⚠ 4                             ║
18:39:23 INFO     ║  Duração: 11.4 min                                           ║
18:39:23 INFO     ║  261 registros | 7 órgãos                                    ║
18:39:23 INFO     ╚══════════════════════════════════════════════════════════════╝
18:39:23 INFO     [1/7] → agu_ptd_2025_2027_docdiretivo_assinado_assinado_assinado-copia_tarjada.pdf
18:39:23 INFO     detected formats: [<InputFormat.PDF: 'pdf'>]
18:39:23 INFO     Going to convert document batch...
18:39:23 INFO     Processing document agu_ptd_2025_2027_docdiretivo_assinado_assinado_assinado-copia_tarjada.pdf
18:39:24 INFO     command: tesseract --psm 0 -l osd /tmp/tmpis5w9bgp.png stdout
18:39:24 INFO     command: tesseract -l por /tmp/tmpis5w9bgp.png stdout tsv
18:39:27 INFO     command: tesseract --psm 0 -l osd /tmp/tmppo_jo44s.png stdout
18:39:29 INFO     command: tesseract -l por /tmp/tmppo_jo44s.png stdout tsv
18:39:31 INFO     command: tesseract --psm 0 -l osd /tmp/tmpd4j95vtm.png stdout
18:39:32 INFO     command: tesseract -l por /tmp/tmpd4j95vtm.png stdout tsv
18:39:34 INFO     command: tesseract --psm 0 -l osd /tmp/tmpchg3aoka.png stdout
18:39:35 INFO     command: tesseract -l por /tmp/tmpchg3aoka.png stdout tsv
18:39:37 INFO     command: tesseract --psm 0 -l osd /tmp/tmp5bc10izl.png stdout
18:39:38 INFO     command: tesseract -l por /tmp/tmp5bc10izl.png stdout tsv
18:39:40 INFO     command: tesseract --psm 0 -l osd /tmp/tmpy7620045.png stdout
18:39:42 INFO     command: tesseract -l por /tmp/tmpy7620045.png stdout tsv
18:39:52 INFO     command: tesseract --psm 0 -l osd /tmp/tmpbbz7wmp3.png stdout
18:39:53 INFO     command: tesseract -l por /tmp/tmpbbz7wmp3.png stdout tsv
18:39:55 INFO     command: tesseract --psm 0 -l osd /tmp/tmp3p5t6xaf.png stdout
18:39:56 INFO     command: tesseract -l por /tmp/tmp3p5t6xaf.png stdout tsv
18:39:58 INFO     command: tesseract --psm 0 -l osd /tmp/tmp65vj0_44.png stdout
18:39:59 INFO     command: tesseract -l por /tmp/tmp65vj0_44.png stdout tsv
18:40:02 INFO     command: tesseract --psm 0 -l osd /tmp/tmpejqlzkvg.png stdout
18:40:03 INFO     command: tesseract -l por /tmp/tmpejqlzkvg.png stdout tsv
18:40:18 INFO     command: tesseract --psm 0 -l osd /tmp/tmpyirwcfd3.png stdout
18:40:19 INFO     command: tesseract -l por /tmp/tmpyirwcfd3.png stdout tsv
18:40:22 INFO     Finished converting document agu_ptd_2025_2027_docdiretivo_assinado_assinado_assinado-copia_tarjada.pdf in 58.62 sec.
18:40:22 INFO     [1/7] ✓ AGU       :   7 riscos | 58.6s | ETA ~5min
18:40:22 INFO     [2/7] → documento-diretivo-mcom-_-ptd-25_27-copia_tarjada.pdf
18:40:22 INFO     detected formats: [<InputFormat.PDF: 'pdf'>]
18:40:22 INFO     Going to convert document batch...
18:40:22 INFO     Processing document documento-diretivo-mcom-_-ptd-25_27-copia_tarjada.pdf
18:40:23 INFO     command: tesseract --psm 0 -l osd /tmp/tmp1ce_0fmg.png stdout
18:40:23 INFO     command: tesseract -l por /tmp/tmp1ce_0fmg.png stdout tsv
18:40:26 INFO     command: tesseract --psm 0 -l osd /tmp/tmpurd0vwtb.png stdout
18:40:27 INFO     command: tesseract -l por /tmp/tmpurd0vwtb.png stdout tsv
18:40:33 INFO     command: tesseract --psm 0 -l osd /tmp/tmp_gn_pu1m.png stdout
18:40:34 INFO     command: tesseract -l por /tmp/tmp_gn_pu1m.png stdout tsv
18:40:35 INFO     command: tesseract --psm 0 -l osd /tmp/tmpogbwlg4x.png stdout
18:40:36 INFO     command: tesseract -l por /tmp/tmpogbwlg4x.png stdout tsv
18:40:38 INFO     command: tesseract --psm 0 -l osd /tmp/tmpcl3bxxfq.png stdout
18:40:38 INFO     command: tesseract -l por /tmp/tmpcl3bxxfq.png stdout tsv
18:40:41 INFO     command: tesseract --psm 0 -l osd /tmp/tmpv9wur6yh.png stdout
18:40:42 INFO     command: tesseract -l por /tmp/tmpv9wur6yh.png stdout tsv
18:40:54 INFO     command: tesseract --psm 0 -l osd /tmp/tmp0r_2vizg.png stdout
18:40:55 INFO     command: tesseract -l por /tmp/tmp0r_2vizg.png stdout tsv
18:40:59 INFO     command: tesseract --psm 0 -l osd /tmp/tmp4cemqhnu.png stdout
18:41:00 INFO     command: tesseract -l por /tmp/tmp4cemqhnu.png stdout tsv
18:41:02 INFO     command: tesseract --psm 0 -l osd /tmp/tmp7nea1nyu.png stdout
18:41:03 INFO     command: tesseract -l por /tmp/tmp7nea1nyu.png stdout tsv
18:41:05 INFO     command: tesseract --psm 0 -l osd /tmp/tmpz6mkzcpk.png stdout
18:41:06 INFO     command: tesseract -l por /tmp/tmpz6mkzcpk.png stdout tsv
18:41:14 INFO     command: tesseract --psm 0 -l osd /tmp/tmpzhl1esee.png stdout
18:41:15 INFO     command: tesseract -l por /tmp/tmpzhl1esee.png stdout tsv
18:41:18 INFO     command: tesseract --psm 0 -l osd /tmp/tmp0y0db5qc.png stdout
18:41:19 INFO     command: tesseract -l por /tmp/tmp0y0db5qc.png stdout tsv
18:41:21 INFO     command: tesseract --psm 0 -l osd /tmp/tmp7h85xku3.png stdout
18:41:22 INFO     command: tesseract -l por /tmp/tmp7h85xku3.png stdout tsv
18:41:24 INFO     command: tesseract --psm 0 -l osd /tmp/tmpipr6r120.png stdout
18:41:24 INFO     command: tesseract -l por /tmp/tmpipr6r120.png stdout tsv
18:41:31 INFO     Finished converting document documento-diretivo-mcom-_-ptd-25_27-copia_tarjada.pdf in 68.45 sec.
18:41:31 INFO     [2/7] ✓ MCOM      :  14 riscos | 68.5s | ETA ~5min
18:41:31 INFO     [3/7] → fiocruz_novo-ptd_2-1_docdiretivo_repactuacao_2024-2026_assinado_assinado-copia_tarjada.pdf
18:41:31 INFO     detected formats: [<InputFormat.PDF: 'pdf'>]
18:41:31 INFO     Going to convert document batch...
18:41:31 INFO     Processing document fiocruz_novo-ptd_2-1_docdiretivo_repactuacao_2024-2026_assinado_assinado-copia_tarjada.pdf
18:41:48 INFO     Finished converting document fiocruz_novo-ptd_2-1_docdiretivo_repactuacao_2024-2026_assinado_assinado-copia_tarjada.pdf in 17.71 sec.
18:41:48 INFO     [3/7] ✓ FIOCRUZ   :   6 riscos | 17.7s | ETA ~3min
18:41:48 INFO     [4/7] → funai_ptd_2025_2027_docdiretivo_assinado-1_tarjado.pdf
18:41:48 INFO     detected formats: [<InputFormat.PDF: 'pdf'>]
18:41:48 INFO     Going to convert document batch...
18:41:48 INFO     Processing document funai_ptd_2025_2027_docdiretivo_assinado-1_tarjado.pdf
18:41:50 INFO     command: tesseract --psm 0 -l osd /tmp/tmptkfn3_7y.png stdout
18:41:50 INFO     command: tesseract -l por /tmp/tmptkfn3_7y.png stdout tsv
18:41:52 INFO     command: tesseract --psm 0 -l osd /tmp/tmpvjzkfc21.png stdout
18:41:53 INFO     command: tesseract -l por /tmp/tmpvjzkfc21.png stdout tsv
18:41:57 INFO     command: tesseract --psm 0 -l osd /tmp/tmp3odp45qz.png stdout
18:41:57 INFO     command: tesseract -l por /tmp/tmp3odp45qz.png stdout tsv
18:41:59 INFO     command: tesseract --psm 0 -l osd /tmp/tmp4l_yocwp.png stdout
18:42:00 INFO     command: tesseract -l por /tmp/tmp4l_yocwp.png stdout tsv
18:42:02 INFO     command: tesseract --psm 0 -l osd /tmp/tmpm21ap9ba.png stdout
18:42:02 INFO     command: tesseract -l por /tmp/tmpm21ap9ba.png stdout tsv
18:42:05 INFO     command: tesseract --psm 0 -l osd /tmp/tmpm_0xoc2x.png stdout
18:42:06 INFO     command: tesseract -l por /tmp/tmpm_0xoc2x.png stdout tsv
18:42:17 INFO     command: tesseract --psm 0 -l osd /tmp/tmpbrt1inr9.png stdout
18:42:18 INFO     command: tesseract -l por /tmp/tmpbrt1inr9.png stdout tsv
18:42:19 INFO     command: tesseract --psm 0 -l osd /tmp/tmpdln0opbe.png stdout
18:42:20 INFO     command: tesseract -l por /tmp/tmpdln0opbe.png stdout tsv
18:42:21 INFO     command: tesseract --psm 0 -l osd /tmp/tmpbwk56dt_.png stdout
18:42:22 INFO     command: tesseract -l por /tmp/tmpbwk56dt_.png stdout tsv
18:42:24 INFO     command: tesseract --psm 0 -l osd /tmp/tmpt8d8121m.png stdout
18:42:25 INFO     command: tesseract -l por /tmp/tmpt8d8121m.png stdout tsv
18:42:35 INFO     command: tesseract --psm 0 -l osd /tmp/tmps2d8sio3.png stdout
18:42:36 INFO     command: tesseract -l por /tmp/tmps2d8sio3.png stdout tsv
18:42:42 INFO     command: tesseract --psm 0 -l osd /tmp/tmpzp_loi5y.png stdout
18:42:43 INFO     command: tesseract -l por /tmp/tmpzp_loi5y.png stdout tsv
18:42:45 INFO     command: tesseract --psm 0 -l osd /tmp/tmpu9l70sii.png stdout
18:42:46 INFO     command: tesseract -l por /tmp/tmpu9l70sii.png stdout tsv
18:42:52 INFO     Finished converting document funai_ptd_2025_2027_docdiretivo_assinado-1_tarjado.pdf in 64.02 sec.
18:42:52 INFO     [4/7] ✓ FUNAI     :  15 riscos | 64.0s | ETA ~2min
18:42:52 INFO     [5/7] → incra_ptd_docdiretivo__assinado-1_assinado_assinado-copia_tarjada.pdf
18:42:52 INFO     detected formats: [<InputFormat.PDF: 'pdf'>]
18:42:52 INFO     Going to convert document batch...
18:42:52 INFO     Processing document incra_ptd_docdiretivo__assinado-1_assinado_assinado-copia_tarjada.pdf
18:42:54 INFO     command: tesseract --psm 0 -l osd /tmp/tmp9tk0lvr_.png stdout
18:42:54 INFO     command: tesseract -l por /tmp/tmp9tk0lvr_.png stdout tsv
18:42:56 INFO     command: tesseract --psm 0 -l osd /tmp/tmp_r6_d1oj.png stdout
18:42:57 INFO     command: tesseract -l por /tmp/tmp_r6_d1oj.png stdout tsv
18:43:04 INFO     command: tesseract --psm 0 -l osd /tmp/tmpy6i3p2ss.png stdout
18:43:05 INFO     command: tesseract -l por /tmp/tmpy6i3p2ss.png stdout tsv
18:43:07 INFO     command: tesseract --psm 0 -l osd /tmp/tmp1387qweg.png stdout
18:43:07 INFO     command: tesseract -l por /tmp/tmp1387qweg.png stdout tsv
18:43:09 INFO     command: tesseract --psm 0 -l osd /tmp/tmp0opjhnil.png stdout
18:43:10 INFO     command: tesseract -l por /tmp/tmp0opjhnil.png stdout tsv
18:43:12 INFO     command: tesseract --psm 0 -l osd /tmp/tmp5v49_xrz.png stdout
18:43:13 INFO     command: tesseract -l por /tmp/tmp5v49_xrz.png stdout tsv
18:43:30 INFO     command: tesseract --psm 0 -l osd /tmp/tmpmwqdj1np.png stdout
18:43:31 INFO     command: tesseract -l por /tmp/tmpmwqdj1np.png stdout tsv
18:43:32 INFO     command: tesseract --psm 0 -l osd /tmp/tmp8m_z557g.png stdout
18:43:33 INFO     command: tesseract -l por /tmp/tmp8m_z557g.png stdout tsv
18:43:35 INFO     command: tesseract --psm 0 -l osd /tmp/tmpoebbl_d7.png stdout
18:43:36 INFO     command: tesseract -l por /tmp/tmpoebbl_d7.png stdout tsv
18:43:38 INFO     command: tesseract --psm 0 -l osd /tmp/tmpzti_3btk.png stdout
18:43:39 INFO     command: tesseract -l por /tmp/tmpzti_3btk.png stdout tsv
18:43:44 INFO     command: tesseract --psm 0 -l osd /tmp/tmpg18706hv.png stdout
18:43:45 INFO     command: tesseract -l por /tmp/tmpg18706hv.png stdout tsv
18:43:53 INFO     command: tesseract --psm 0 -l osd /tmp/tmptyqz8ksd.png stdout
18:43:54 INFO     command: tesseract -l por /tmp/tmptyqz8ksd.png stdout tsv
18:43:56 INFO     command: tesseract --psm 0 -l osd /tmp/tmpr6hfyutm.png stdout
18:43:57 INFO     command: tesseract -l por /tmp/tmpr6hfyutm.png stdout tsv
18:44:05 INFO     Finished converting document incra_ptd_docdiretivo__assinado-1_assinado_assinado-copia_tarjada.pdf in 72.34 sec.
18:44:05 INFO     [5/7] ✓ INCRA     :  15 riscos | 72.4s | ETA ~1min
18:44:05 INFO     [6/7] → iti_doc_diretivo_assinado-1_tarjado.pdf
18:44:05 INFO     detected formats: [<InputFormat.PDF: 'pdf'>]
18:44:05 INFO     Going to convert document batch...
18:44:05 INFO     Processing document iti_doc_diretivo_assinado-1_tarjado.pdf
18:44:05 INFO     command: tesseract --psm 0 -l osd /tmp/tmpw9s37fxw.png stdout
18:44:06 INFO     command: tesseract -l por /tmp/tmpw9s37fxw.png stdout tsv
18:44:08 INFO     command: tesseract --psm 0 -l osd /tmp/tmpobbpg4i9.png stdout
18:44:10 INFO     command: tesseract -l por /tmp/tmpobbpg4i9.png stdout tsv
18:44:12 INFO     command: tesseract --psm 0 -l osd /tmp/tmpyk1d1nqk.png stdout
18:44:12 INFO     command: tesseract -l por /tmp/tmpyk1d1nqk.png stdout tsv
18:44:14 INFO     command: tesseract --psm 0 -l osd /tmp/tmpatmgcmws.png stdout
18:44:15 INFO     command: tesseract -l por /tmp/tmpatmgcmws.png stdout tsv
18:44:17 INFO     command: tesseract --psm 0 -l osd /tmp/tmp5ur_lz3y.png stdout
18:44:17 INFO     command: tesseract -l por /tmp/tmp5ur_lz3y.png stdout tsv
18:44:20 INFO     command: tesseract --psm 0 -l osd /tmp/tmpu0yduxcx.png stdout
18:44:21 INFO     command: tesseract -l por /tmp/tmpu0yduxcx.png stdout tsv
18:44:38 INFO     command: tesseract --psm 0 -l osd /tmp/tmpnfnsmupe.png stdout
18:44:39 INFO     command: tesseract -l por /tmp/tmpnfnsmupe.png stdout tsv
18:44:41 INFO     command: tesseract --psm 0 -l osd /tmp/tmpasviwnpx.png stdout
18:44:42 INFO     command: tesseract -l por /tmp/tmpasviwnpx.png stdout tsv
18:44:44 INFO     command: tesseract --psm 0 -l osd /tmp/tmpvrc10ehl.png stdout
18:44:45 INFO     command: tesseract -l por /tmp/tmpvrc10ehl.png stdout tsv
18:44:47 INFO     command: tesseract --psm 0 -l osd /tmp/tmpouifzyn8.png stdout
18:44:48 INFO     command: tesseract -l por /tmp/tmpouifzyn8.png stdout tsv
18:44:55 INFO     command: tesseract --psm 0 -l osd /tmp/tmp5fbenqsu.png stdout
18:44:56 INFO     command: tesseract -l por /tmp/tmp5fbenqsu.png stdout tsv
18:45:02 INFO     Finished converting document iti_doc_diretivo_assinado-1_tarjado.pdf in 57.53 sec.
18:45:02 INFO     [6/7] ✓ ITI       :  14 riscos | 57.5s | ETA ~56s
18:45:02 INFO     [7/7] → sgpr_ptd_2026_2027_docdiretivo_assinado-copia_tarjada.pdf
18:45:02 INFO     detected formats: [<InputFormat.PDF: 'pdf'>]
18:45:02 INFO     Going to convert document batch...
18:45:02 INFO     Processing document sgpr_ptd_2026_2027_docdiretivo_assinado-copia_tarjada.pdf
18:45:22 INFO     Finished converting document sgpr_ptd_2026_2027_docdiretivo_assinado-copia_tarjada.pdf in 20.08 sec.
18:45:22 INFO     [7/7] ✓ SGPR      :  10 riscos | 20.1s | ETA ~0s
18:45:22 INFO     ╔══════════════════════════════════════════════════════════════╗
18:45:22 INFO     ║                   RISCOS — fase concluída                    ║
18:45:22 INFO     ║  Processados: 7     |  ✓ 7  ⚠ 0                              ║
18:45:22 INFO     ║  Duração: 6.0 min                                            ║
18:45:22 INFO     ║  81 riscos | 7 órgãos                                        ║
18:45:22 INFO     ╚══════════════════════════════════════════════════════════════╝
18:45:22 INFO     81 riscos | 0 ações | 135 relações
18:45:22 INFO     ptd_corpus_raw                     : 261 linhas
18:45:22 INFO     ptd_pivot_eixos                    : 7 linhas
18:45:26 INFO     ptd_datas_assinatura               : 132 linhas
18:45:26 INFO     ptd_riscos                         : 81 linhas
18:45:26 INFO     ptd_riscos_acoes                   : 135 linhas
18:45:26 INFO     Manifesto salvo: pipeline_manifest.json | SHA-256 de 132 PDFs
18:45:26 INFO     ==================================================
18:45:26 INFO     PTD-BR v3.0-melhorado — PIPELINE CONCLUÍDO
18:45:26 INFO     ==================================================
18:45:26 INFO     ptd_corpus_raw.csv                        160 KB
18:45:26 INFO     ptd_pivot_eixos.csv                         0 KB
18:45:26 INFO     ptd_datas_assinatura.csv                    9 KB
18:45:26 INFO     ptd_riscos.csv                             23 KB
18:45:26 INFO     ptd_riscos_acoes.csv                        2 KB
18:45:26 INFO     proveniencia.json                           0 KB
18:45:26 INFO     pipeline_manifest.json                     20 KB
18:45:26 INFO     📦 Artefatos: https://github.com/freirelucas/teste/actions/runs/23984780808
18:45:26 INFO     ==================================================
