20:15:07 INFO     Docling disponível
20:15:07 WARNING  OCR fallback indisponível (IndentationError: unexpected indent (ptd_ocr_fallback.py, line 45))
20:15:08 INFO     Ignorado (guia/template/norma): ABNT-NBR-17225-Acessibilidade-Digital.pdf
20:15:08 INFO     Ignorado (guia/template/norma): cgrep-guia10passos-ptd-orgao.pdf
20:15:08 INFO     Ignorado (guia/template/norma): ABNT-NBR-17225-Acessibilidade-Digital.pdf
20:15:08 INFO     Scraping: 132 PDFs únicos | entregas: 68 | diretivos: 61
20:15:08 INFO     Baixando 132 PDFs únicos...
20:15:10 INFO     ✓ [  1/132] abin_ptd_anexo_de_entregas_assinado_pelo_orgao_ass   293.3KB
20:15:15 INFO     ✓ [  2/132] aeb_ptd_2025_2027_docdiretivo_aprovado_assinado-1_  1033.7KB
20:15:17 INFO     ✓ [  3/132] aeb_ptd_2025_2027_anexo_de_entregas_aprovado_assin   154.5KB
20:15:23 INFO     ✓ [  4/132] agu_ptd_2025_2027_docdiretivo_assinado_assinado_as  2860.3KB
20:15:26 INFO     ✓ [  5/132] agu_ptd_2025_2027_anexo_de_entregas_assinado_assin   525.5KB
20:15:29 INFO     ✓ [  6/132] ana_ptd_2025_2027_docdiretivo_assinado_assinado_as   477.2KB
20:15:31 INFO     ✓ [  7/132] ana_ptd_2025_2027_anexoentregas_assinado_assinado_   170.9KB
20:15:35 INFO     ✓ [  8/132] anac_ptd_2025_2026_docdiretivo_se_assinado_tarjado  1036.3KB
20:15:38 INFO     ✓ [  9/132] anac_ptd_2025_2026_anexo_de_entregas_se_assinado.p   215.2KB
20:15:41 INFO     ✓ [ 10/132] anatel_ptd_docdiretivo_assinado_2025_2026_assinado  1006.0KB
20:15:44 INFO     ✓ [ 11/132] anatel_ptd_2025_2026_anexo_de_entregas_do_ptd_publ    71.9KB
20:15:47 INFO     ✓ [ 12/132] ancine_ptd_2024_2026_docdiretivo_assinado-2_assina   961.8KB
20:15:50 INFO     ✓ [ 13/132] ancine_ptd_2024_2026_-_anexo_de_entregas_aprovado_   613.2KB
20:15:54 INFO     ✓ [ 14/132] ptd_aneel_2025-2027_docdiretivo_assinado_tarjado.p   779.6KB
20:15:56 INFO     ✓ [ 15/132] ptd_aneel_2025-2027_anexo_de_entregas_assinado.pdf   111.9KB
20:16:00 INFO     ✓ [ 16/132] anm_ptd_2025_2027_docdiretivo_assinadopeloorgao_ta  1092.5KB
20:16:03 INFO     ✓ [ 17/132] anm_ptd_2025_2027_anexo_entregas_assinadopeloorgao  1140.4KB
20:16:07 INFO     ✓ [ 18/132] anpd_ptd_2025_2027_docdiretivo_assinado_assinado_a  1044.3KB
20:16:10 INFO     ✓ [ 19/132] anpd_ptd_2025_2027_anexo_de_entregas_assinado_assi   166.5KB
20:16:13 INFO     ✓ [ 20/132] ans-plano_de_transformacao_digital_assinado-copia_  1023.4KB
20:16:15 INFO     ✓ [ 21/132] ans_ptd_2025_2026_anexo_de_entregas_assinado_assin   124.1KB
20:16:19 INFO     ✓ [ 22/132] antaq_ptd_2025_2027_docdiretivo_assinado_assinado_  1039.8KB
20:16:21 INFO     ✓ [ 23/132] antaq_ptd_2025_2027_anexoentregas_assinado_assinad   145.1KB
20:16:24 INFO     ✓ [ 24/132] mt_anexo_de_entregas_-_assinado_assinado_assinado_   143.6KB
20:16:34 INFO     ✓ [ 25/132] anvisa_ptd_docdiretivo_2025-2026_assinado_assinado  5771.2KB
20:16:36 INFO     ✓ [ 26/132] anvisa_ptd_anexo_de_entregas_2025_2026_assinado_as   239.0KB
20:16:39 INFO     ✓ [ 27/132] bcb_documento_diretivo_assinado_assinado_assinado-   713.7KB
20:16:42 INFO     ✓ [ 28/132] bcb_anexo_de_entregas_ptd_25_26-1_assinado_assinad   134.8KB
20:16:45 INFO     ✓ [ 29/132] cade_ptd_docdiretivo_2025_2026_assinado-2_assinado   810.4KB
20:16:48 INFO     ✓ [ 30/132] cade_ptd_anexo_de_entregas_2025_2026_assinado_copi   504.0KB
20:16:52 INFO     ✓ [ 31/132] mec_ptd_docdiretivo_2025-2026_sei_mec-5566673_copi   863.1KB
20:16:55 INFO     ✓ [ 32/132] mec_ptd_anexo-de-entregas_sei_mec-5576401_copia_ta   495.7KB
20:16:59 INFO     ✓ [ 33/132] mec_ptd_docdiretivo-versao-comunicacao_copia_tarja  1616.5KB
20:17:02 INFO     ✓ [ 34/132] md_ptd_2026_2027_anexo_de_entregas_assinado_assina   579.4KB
20:17:05 INFO     ✓ [ 35/132] md_ptd_2026_2027_anexo_de_entregas_assinado_assina   186.8KB
20:17:08 INFO     ✓ [ 36/132] md_ptd_temp_copia_tarjada.pdf                        741.9KB
20:17:12 INFO     ✓ [ 37/132] cgu_ptd_docdiretivo_assinado_assinado_assinado-cop  1085.4KB
20:17:15 INFO     ✓ [ 38/132] cgu_ptd_anexo_de_entregas_pactuadas_assinado_assin   514.1KB
20:17:17 INFO     ✓ [ 39/132] cnpq_ptd_2025_2027_docdiretivo_assinado_assinado_a   342.9KB
20:17:20 INFO     ✓ [ 40/132] cnpq_ptd_2025_2027_anexo_de_entregas_assinado_assi   136.1KB
20:17:24 INFO     ✓ [ 41/132] coaf_ptd_2025_2026_documento_diretivo_assinado_ass  1068.0KB
20:17:30 INFO     ✓ [ 42/132] coaf_ptd_2025_2026_anexo_de_entregas-2_assinado_as  3184.5KB
20:17:38 INFO     ✓ [ 43/132] ptd_midr-docdiretivo_aprovado_assinado_tarjado.pdf  3864.1KB
20:17:42 INFO     ✓ [ 44/132] ptd_midr_-_anexo_de_entregas_-_aprovado_assinado.p  1122.0KB
20:17:45 INFO     ✓ [ 45/132] mda-documento-diretivo-assinado_ptd-2025-207-copia   955.8KB
20:17:48 INFO     ✓ [ 46/132] cvm_ptd_2025_2027_docdiretivo_assinado_assinado_as   270.5KB
20:17:51 INFO     ✓ [ 47/132] cvm_ptd_2025_2027_anexoentregas_assinado_assinado_   409.0KB
20:17:54 INFO     ✓ [ 48/132] dnocs_ptd_doc_diretivo_2025_2026_assinado_orgao-2_   891.1KB
20:17:57 INFO     ✓ [ 49/132] dnocs_anexo_de_entregas_repactuado_2025_2026_assin   272.3KB
20:18:03 INFO     ✓ [ 50/132] fbn_ptd_2025_2027_docdiretivo_assinado-1_tarjado.p  2921.6KB
20:18:06 INFO     ✓ [ 51/132] fbn_ptd_2025_2027_anexo_de_entregas_assinado-1.pdf   162.3KB
20:18:10 INFO     ✓ [ 52/132] fcp_ptd_2025_2027_docdiretivo_assinado-1_tarjado.p  1612.0KB
20:18:13 INFO     ✓ [ 53/132] fcp_ptd_2025_2027_anexo_de_entregas_assinado-1.pdf   118.8KB
20:18:16 INFO     ✓ [ 54/132] fcrb_ptd_2025_2026_docdiretivo_aprovado_assinado-1   998.2KB
20:18:19 INFO     ✓ [ 55/132] fcrb_ptd_2025_2026_anexo_de_entregas_aprovado_assi   313.5KB
20:18:23 INFO     ✓ [ 56/132] fiocruz_novo-ptd_2-1_docdiretivo_repactuacao_2024-  1318.1KB
20:18:25 INFO     ✓ [ 57/132] fiocruz_ptd_anexo_de_entregas_assinado_v1_assinado   257.1KB
20:18:29 INFO     ✓ [ 58/132] fiocruz-ptd-06_2024-copia_tarjada.pdf               1693.8KB
20:18:34 INFO     ✓ [ 59/132] funai_ptd_2025_2027_docdiretivo_assinado-1_tarjado  1842.1KB
20:18:37 INFO     ✓ [ 60/132] funai_anexo_de_entregas_repactuado_2026_2027_assin   435.7KB
20:18:40 INFO     ✓ [ 61/132] funarte_ptd_docdiretivo_assinado_21_01_2025_assina   965.7KB
20:18:43 INFO     ✓ [ 62/132] funarte_ptd_anexo_de_entregas_assinado_v1_assinado   683.6KB
20:18:47 INFO     ✓ [ 63/132] fundacentro_ptd_2025_2027_docdiretivo_assinado_ass   826.6KB
20:18:50 INFO     ✓ [ 64/132] fundacentro_ptd_2025_2027_anexo_de_entregas_assina   635.5KB
20:18:53 INFO     ✓ [ 65/132] mma_ptd_docdiretivo_assinado_2025_2026-1_assinado_   949.3KB
20:18:56 INFO     ✓ [ 66/132] mma_ptd_anexo_de_entregas_aprovado_final_assinado_   174.8KB
20:19:00 INFO     ✓ [ 67/132] ibge_docdiretivo_2025_assinado_assinado_assinado-c  1167.3KB
20:19:02 INFO     ✓ [ 68/132] ibge_ptd_25_26_anexo_de_entregas_modelo_v2-1_assin   143.7KB
20:19:14 INFO     ✓ [ 69/132] incra_ptd_docdiretivo__assinado-1_assinado_assinad  7182.0KB
20:19:19 INFO     ✓ [ 70/132] incra_anexo_de_entregas_assinado-1_assinado_assina  1818.6KB
20:19:26 INFO     ✓ [ 71/132] inpi_ptd_docdiretivo_assinado_2025_2026_assinado_a  3322.4KB
20:19:32 INFO     ✓ [ 72/132] inpi_ptd_anexo_de_entregas_assinado_v1_assinado_as  3078.1KB
20:19:36 INFO     ✓ [ 73/132] inss_ptd_2025_2027_docdiretivo-assinado-copia_tarj  1173.3KB
20:19:38 INFO     ✓ [ 74/132] inss_ptd_2025_2027_anexo_de_entregas-assinado-copi   110.8KB
20:19:42 INFO     ✓ [ 75/132] iphan_ptd_docdiretivo_assinado_2025_2026_assinado_   885.7KB
20:19:44 INFO     ✓ [ 76/132] iphan_ptd_anexo_de_entregas_assinado_v1_assinado_a   310.9KB
20:19:53 INFO     ✓ [ 77/132] iti_doc_diretivo_assinado-1_tarjado.pdf             4905.1KB
20:19:56 INFO     ✓ [ 78/132] iti_anexo_de_entregas_assinado.pdf                   556.4KB
20:20:01 INFO     ✓ [ 79/132] mapa_ptd_2025_2027_docdiretivo_assinado-1_tarjado.  1740.9KB
20:20:03 INFO     ✓ [ 80/132] mapa_ptd_2025_2027_anexo_de_entregas_assinado-1.pd   261.9KB
20:20:12 INFO     ✓ [ 81/132] documento-diretivo-mcom-_-ptd-25_27-copia_tarjada.  4451.9KB
20:20:15 INFO     ✓ [ 82/132] anexo-de-entregas-mcom_ptd-25_27-copia_tarjada.pdf  1213.8KB
20:20:22 INFO     ✓ [ 83/132] ptd_21_24_mcom-copia_tarjada.pdf                    3040.7KB
20:20:25 INFO     ✓ [ 84/132] mcti_ptd_2025-2027_docdiretivo_assinado-copia_tarj  1030.7KB
20:20:28 INFO     ✓ [ 85/132] mcti_ptd_2025-2027_anexo-de-entregas_assinado-copi   145.8KB
20:20:30 INFO     ✓ [ 86/132] mda-anexo-entregas-assinado_ptd-2025-2027-copia-ta   284.6KB
20:20:34 INFO     ✓ [ 87/132] mdhc_ptd_2025_2027_docdiretivo_assinado_assinado_a   753.4KB
20:20:36 INFO     ✓ [ 88/132] mdhc_ptd_2025_2027_anexoentregas_assinado_assinado   186.8KB
20:20:38 INFO     ✓ [ 89/132] mdic_ptd_anexo_de_entregas_assinado_v1_assinado_as   176.6KB
20:20:42 INFO     ✓ [ 90/132] memp_ptd_2025_2026_docdiretivo_assinado_assinado_a  1030.1KB
20:20:45 INFO     ✓ [ 91/132] memp_ptd_2025_2026_anexo_de_entregas_assinado_assi   161.5KB
20:20:48 INFO     ✓ [ 92/132] mesp_ptd_2025_2027_docdiretivo_assinado_assinado_2  1147.7KB
20:20:51 INFO     ✓ [ 93/132] mesp_ptd_2025_2027_anexo_de_entregas_assinado_assi   226.6KB
20:20:55 INFO     ✓ [ 94/132] mf_ptd_2026_2027_documentodiretivo_assinado_assina   955.1KB
20:20:57 INFO     ✓ [ 95/132] mf_ptd_2026_2027_anexo_de_entregas_1_mf_se_assinad   241.2KB
20:21:00 INFO     ✓ [ 96/132] mgi_ptd_2025_2027_docdiretivo_assinado_assinado_as   375.2KB
20:21:02 INFO     ✓ [ 97/132] mgi_ptd_2025_2027_anexo_de_entregas_assinado_assin   256.1KB
20:21:06 INFO     ✓ [ 98/132] minc_ptd_2025_2027_docdiretivo_assinado-1_assinado   863.6KB
20:21:09 INFO     ✓ [ 99/132] minc_ptd_2025_2027_anexo_de_entregas_assinado-1_as   276.7KB
20:21:12 INFO     ✓ [100/132] mjsp_ptd_docdiretivo_assinado_2025_2026_assinado_a   954.0KB
20:21:15 INFO     ✓ [101/132] mjsp_ptd_anexo_de_entregas_assinado_v1_assinado_as   253.9KB
20:21:18 INFO     ✓ [102/132] mme_ptd_2025_2027_docdiretivo_assinado-copia_tarja   664.5KB
20:21:20 INFO     ✓ [103/132] mme_ptd_2025_2027_anexo_de_entregas_assinado__1_-c   111.1KB
20:21:24 INFO     ✓ [104/132] mmulheres_ptd_2025_2027_docdiretivo_assinado_assin  1078.3KB
20:21:27 INFO     ✓ [105/132] mmulheres_ptd_2025_2027_anexo_de_entregas_assinado   216.9KB
20:21:30 INFO     ✓ [106/132] mpi_ptd_2025_2027_docdiretivo_ministerio_dos_povos   947.9KB
20:21:33 INFO     ✓ [107/132] mpi_ptd_anexo_de_entregas_do_plano_de_tranformacao   191.9KB
20:21:36 INFO     ✓ [108/132] mpo_ptd_docdiretivo_assinado_2025_2026_assinado_as   806.3KB
20:21:38 INFO     ✓ [109/132] mpo_ptd_anexo_de_entregas_assinado_v1_assinado_ass   323.2KB
20:21:42 INFO     ✓ [110/132] mpor_ptd_2025_2027_docdiretivo_assinado_assinado_a   876.5KB
20:21:44 INFO     ✓ [111/132] mpor_ptd_2025_2027_anexo_de_entregas_assinado_assi   175.1KB
20:21:48 INFO     ✓ [112/132] mps_ptd_2025-2026_docdiretivo_final_assinado-1_ass  1024.4KB
20:21:50 INFO     ✓ [113/132] mps_ptd_2025-2026_anexo_de_entregas_final_assinado   165.0KB
20:21:54 INFO     ✓ [114/132] mre_ptd_docdiretivo_assinado_2025_2026_assinado_as   760.9KB
20:21:56 INFO     ✓ [115/132] mre_ptd_anexo_de_entregas_assinado_v1_assinado_ass   233.2KB
20:21:59 INFO     ✓ [116/132] mte_ptd_2025_2026_docdiretivo_assinado_assinado_as   729.6KB
20:22:02 INFO     ✓ [117/132] mte_ptd_anexo_de_entregas_assinado_v1__281_29_assi   459.5KB
20:22:06 INFO     ✓ [118/132] mtur_ptd_docdiretiv_assinado_30_01_2025_assinado_a  1050.4KB
20:22:08 INFO     ✓ [119/132] mtur_ptd_anexo_de_entregas_assinado_30_01_2025_ass   118.8KB
20:22:12 INFO     ✓ [120/132] pf_ptd_docdiretivo_2025_2027_assinado-copia_tarjad   964.3KB
20:22:14 INFO     ✓ [121/132] pf_ptd_anexo_de_entregas_2025_2027_assinado-copia_    62.5KB
20:22:17 INFO     ✓ [122/132] mf_ptd_2026_2027_anexo_de_entregas_4_mf_pgfn_assin   466.8KB
20:22:28 INFO     ✓ [123/132] previc_plano_de_transformacao_digital_2025_2026_29  6652.7KB
20:22:30 INFO     ✓ [124/132] previc_ptd_repactuacao_2025-2026_assinado_assinado   182.9KB
20:22:33 INFO     ✓ [125/132] prf_documentodiretivo_ptd_2026-2027_assinado_tarja   535.9KB
20:22:36 INFO     ✓ [126/132] prf_anexo_de_entregas_do_ptd__2026_2027___ptd___en   157.7KB
20:22:38 INFO     ✓ [127/132] mf_ptd_2026_2027_anexo_de_entregas_2_mf_rfb_assina   253.7KB
20:22:42 INFO     ✓ [128/132] sgpr_ptd_2026_2027_docdiretivo_assinado-copia_tarj   791.2KB
20:22:45 INFO     ✓ [129/132] sgpr_ptd_2025_2027_anexo_de_entregas_assinado-copi   897.9KB
20:22:48 INFO     ✓ [130/132] mf_ptd_2026_2027_anexo_de_entregas_3_mf_stn_assina   467.8KB
20:22:52 INFO     ✓ [131/132] susep_ptd_2025_2027_docdiretivo-assinado-copia_tar  1030.1KB
20:22:54 INFO     ✓ [132/132] susep_ptd_2025-2026_anexo_de_entregas_final_assina   221.9KB
20:22:56 INFO     132 OK | 0 erros | 123.3 MB total
20:23:01 INFO     Sanity: 132 PDFs | 113 texto | 19 imagem/OCR | 0 duplicatas
20:23:01 INFO     --siglas (debug): 15 PDFs de ['AGU', 'FIOCRUZ', 'FUNAI', 'FUNDACENTRO', 'INCRA', 'ITI', 'MCOM', 'SGPR']
20:23:01 INFO     DocumentConverter instanciado (singleton × 2: plain + OCR)
20:23:01 INFO     [1/15] → agu_ptd_2025_2027_anexo_de_entregas_assinado_assinado_assinado-copia_tarjada.pdf
20:23:01 INFO     detected formats: [<InputFormat.PDF: 'pdf'>]
20:23:01 INFO     Going to convert document batch...
20:23:01 INFO     Initializing pipeline for StandardPdfPipeline with options hash bc6794697da537796efc497178f9263f
20:23:01 INFO     Loading plugin 'docling_defaults'
20:23:01 INFO     Registered picture descriptions: ['picture_description_vlm_engine', 'vlm', 'api']
20:23:01 INFO     Loading plugin 'docling_defaults'
20:23:01 INFO     Registered ocr engines: ['auto', 'easyocr', 'kserve_v2_ocr', 'ocrmac', 'rapidocr', 'tesserocr', 'tesseract']
20:23:01 INFO     command: tesseract --list-langs
20:23:01 INFO     Loading plugin 'docling_defaults'
20:23:01 INFO     Registered layout engines: ['layout_object_detection', 'docling_layout_default', 'docling_experimental_table_crops_layout']
20:23:01 INFO     Accelerator device: 'cpu'
20:23:02 INFO     HTTP Request: GET https://huggingface.co/api/models/docling-project/docling-layout-heron/revision/main "HTTP/1.1 200 OK"
20:23:02 INFO     HTTP Request: HEAD https://huggingface.co/docling-project/docling-layout-heron/resolve/8f39ad3c0b4c58e9c2d2c84a38465abf757272d8/.gitattributes "HTTP/1.1 307 Temporary Redirect"
20:23:02 INFO     HTTP Request: HEAD https://huggingface.co/api/resolve-cache/models/docling-project/docling-layout-heron/8f39ad3c0b4c58e9c2d2c84a38465abf757272d8/.gitattributes "HTTP/1.1 200 OK"
20:23:02 INFO     HTTP Request: HEAD https://huggingface.co/docling-project/docling-layout-heron/resolve/8f39ad3c0b4c58e9c2d2c84a38465abf757272d8/README.md "HTTP/1.1 307 Temporary Redirect"
20:23:02 INFO     HTTP Request: HEAD https://huggingface.co/docling-project/docling-layout-heron/resolve/8f39ad3c0b4c58e9c2d2c84a38465abf757272d8/docling_heron_400.png "HTTP/1.1 307 Temporary Redirect"
20:23:02 WARNING  Warning: You are sending unauthenticated requests to the HF Hub. Please set a HF_TOKEN to enable higher rate limits and faster downloads.
20:23:02 INFO     HTTP Request: HEAD https://huggingface.co/docling-project/docling-layout-heron/resolve/8f39ad3c0b4c58e9c2d2c84a38465abf757272d8/model.safetensors "HTTP/1.1 302 Found"
20:23:02 INFO     HTTP Request: HEAD https://huggingface.co/docling-project/docling-layout-heron/resolve/8f39ad3c0b4c58e9c2d2c84a38465abf757272d8/config.json "HTTP/1.1 307 Temporary Redirect"
20:23:02 INFO     HTTP Request: HEAD https://huggingface.co/docling-project/docling-layout-heron/resolve/8f39ad3c0b4c58e9c2d2c84a38465abf757272d8/preprocessor_config.json "HTTP/1.1 307 Temporary Redirect"
20:23:02 INFO     HTTP Request: HEAD https://huggingface.co/api/resolve-cache/models/docling-project/docling-layout-heron/8f39ad3c0b4c58e9c2d2c84a38465abf757272d8/README.md "HTTP/1.1 200 OK"
20:23:02 INFO     HTTP Request: GET https://huggingface.co/api/resolve-cache/models/docling-project/docling-layout-heron/8f39ad3c0b4c58e9c2d2c84a38465abf757272d8/.gitattributes "HTTP/1.1 200 OK"
20:23:02 INFO     HTTP Request: HEAD https://huggingface.co/api/resolve-cache/models/docling-project/docling-layout-heron/8f39ad3c0b4c58e9c2d2c84a38465abf757272d8/docling_heron_400.png "HTTP/1.1 200 OK"
20:23:02 INFO     HTTP Request: HEAD https://huggingface.co/api/resolve-cache/models/docling-project/docling-layout-heron/8f39ad3c0b4c58e9c2d2c84a38465abf757272d8/config.json "HTTP/1.1 200 OK"
20:23:02 INFO     HTTP Request: HEAD https://huggingface.co/api/resolve-cache/models/docling-project/docling-layout-heron/8f39ad3c0b4c58e9c2d2c84a38465abf757272d8/preprocessor_config.json "HTTP/1.1 200 OK"
20:23:02 INFO     HTTP Request: GET https://huggingface.co/api/resolve-cache/models/docling-project/docling-layout-heron/8f39ad3c0b4c58e9c2d2c84a38465abf757272d8/README.md "HTTP/1.1 200 OK"
20:23:02 INFO     HTTP Request: GET https://huggingface.co/api/resolve-cache/models/docling-project/docling-layout-heron/8f39ad3c0b4c58e9c2d2c84a38465abf757272d8/preprocessor_config.json "HTTP/1.1 200 OK"
20:23:02 INFO     HTTP Request: GET https://huggingface.co/api/resolve-cache/models/docling-project/docling-layout-heron/8f39ad3c0b4c58e9c2d2c84a38465abf757272d8/docling_heron_400.png "HTTP/1.1 200 OK"
20:23:02 INFO     HTTP Request: GET https://huggingface.co/api/resolve-cache/models/docling-project/docling-layout-heron/8f39ad3c0b4c58e9c2d2c84a38465abf757272d8/config.json "HTTP/1.1 200 OK"
20:23:02 INFO     HTTP Request: GET https://huggingface.co/api/models/docling-project/docling-layout-heron/xet-read-token/8f39ad3c0b4c58e9c2d2c84a38465abf757272d8 "HTTP/1.1 200 OK"
20:23:04 INFO     Loading plugin 'docling_defaults'
20:23:04 INFO     Registered table structure engines: ['docling_tableformer', 'docling_tableformer_v2']
20:23:04 INFO     HTTP Request: GET https://huggingface.co/api/models/docling-project/docling-models/revision/v2.3.0 "HTTP/1.1 200 OK"
20:23:04 INFO     HTTP Request: HEAD https://huggingface.co/docling-project/docling-models/resolve/fc0f2d45e2218ea24bce5045f58a389aed16dc23/config.json "HTTP/1.1 307 Temporary Redirect"
20:23:04 INFO     HTTP Request: HEAD https://huggingface.co/docling-project/docling-models/resolve/fc0f2d45e2218ea24bce5045f58a389aed16dc23/README.md "HTTP/1.1 307 Temporary Redirect"
20:23:04 INFO     HTTP Request: HEAD https://huggingface.co/docling-project/docling-models/resolve/fc0f2d45e2218ea24bce5045f58a389aed16dc23/model_artifacts/tableformer/accurate/tm_config.json "HTTP/1.1 307 Temporary Redirect"
20:23:04 INFO     HTTP Request: HEAD https://huggingface.co/docling-project/docling-models/resolve/fc0f2d45e2218ea24bce5045f58a389aed16dc23/model_artifacts/tableformer/accurate/tableformer_accurate.safetensors "HTTP/1.1 302 Found"
20:23:04 INFO     HTTP Request: HEAD https://huggingface.co/docling-project/docling-models/resolve/fc0f2d45e2218ea24bce5045f58a389aed16dc23/.gitignore "HTTP/1.1 307 Temporary Redirect"
20:23:04 INFO     HTTP Request: HEAD https://huggingface.co/docling-project/docling-models/resolve/fc0f2d45e2218ea24bce5045f58a389aed16dc23/.gitattributes "HTTP/1.1 307 Temporary Redirect"
20:23:04 INFO     HTTP Request: HEAD https://huggingface.co/api/resolve-cache/models/docling-project/docling-models/fc0f2d45e2218ea24bce5045f58a389aed16dc23/config.json "HTTP/1.1 200 OK"
20:23:04 INFO     HTTP Request: HEAD https://huggingface.co/api/resolve-cache/models/docling-project/docling-models/fc0f2d45e2218ea24bce5045f58a389aed16dc23/README.md "HTTP/1.1 200 OK"
20:23:04 INFO     HTTP Request: HEAD https://huggingface.co/api/resolve-cache/models/docling-project/docling-models/fc0f2d45e2218ea24bce5045f58a389aed16dc23/model_artifacts%2Ftableformer%2Faccurate%2Ftm_config.json "HTTP/1.1 200 OK"
20:23:04 INFO     HTTP Request: HEAD https://huggingface.co/api/resolve-cache/models/docling-project/docling-models/fc0f2d45e2218ea24bce5045f58a389aed16dc23/.gitignore "HTTP/1.1 200 OK"
20:23:04 INFO     HTTP Request: HEAD https://huggingface.co/api/resolve-cache/models/docling-project/docling-models/fc0f2d45e2218ea24bce5045f58a389aed16dc23/.gitattributes "HTTP/1.1 200 OK"
20:23:04 INFO     HTTP Request: HEAD https://huggingface.co/docling-project/docling-models/resolve/fc0f2d45e2218ea24bce5045f58a389aed16dc23/model_artifacts/tableformer/fast/tm_config.json "HTTP/1.1 307 Temporary Redirect"
20:23:04 INFO     HTTP Request: HEAD https://huggingface.co/docling-project/docling-models/resolve/fc0f2d45e2218ea24bce5045f58a389aed16dc23/model_artifacts/tableformer/fast/tableformer_fast.safetensors "HTTP/1.1 302 Found"
20:23:04 INFO     HTTP Request: GET https://huggingface.co/api/resolve-cache/models/docling-project/docling-models/fc0f2d45e2218ea24bce5045f58a389aed16dc23/config.json "HTTP/1.1 200 OK"
20:23:04 INFO     HTTP Request: GET https://huggingface.co/api/resolve-cache/models/docling-project/docling-models/fc0f2d45e2218ea24bce5045f58a389aed16dc23/model_artifacts%2Ftableformer%2Faccurate%2Ftm_config.json "HTTP/1.1 200 OK"
20:23:04 INFO     HTTP Request: GET https://huggingface.co/api/resolve-cache/models/docling-project/docling-models/fc0f2d45e2218ea24bce5045f58a389aed16dc23/README.md "HTTP/1.1 200 OK"
20:23:04 INFO     HTTP Request: GET https://huggingface.co/api/resolve-cache/models/docling-project/docling-models/fc0f2d45e2218ea24bce5045f58a389aed16dc23/.gitignore "HTTP/1.1 200 OK"
20:23:04 INFO     HTTP Request: GET https://huggingface.co/api/resolve-cache/models/docling-project/docling-models/fc0f2d45e2218ea24bce5045f58a389aed16dc23/.gitattributes "HTTP/1.1 200 OK"
20:23:04 INFO     HTTP Request: HEAD https://huggingface.co/api/resolve-cache/models/docling-project/docling-models/fc0f2d45e2218ea24bce5045f58a389aed16dc23/model_artifacts%2Ftableformer%2Ffast%2Ftm_config.json "HTTP/1.1 200 OK"
20:23:04 INFO     HTTP Request: GET https://huggingface.co/api/models/docling-project/docling-models/xet-read-token/fc0f2d45e2218ea24bce5045f58a389aed16dc23 "HTTP/1.1 200 OK"
20:23:04 INFO     HTTP Request: GET https://huggingface.co/api/resolve-cache/models/docling-project/docling-models/fc0f2d45e2218ea24bce5045f58a389aed16dc23/model_artifacts%2Ftableformer%2Ffast%2Ftm_config.json "HTTP/1.1 200 OK"
20:23:04 INFO     HTTP Request: GET https://huggingface.co/api/models/docling-project/docling-models/xet-read-token/fc0f2d45e2218ea24bce5045f58a389aed16dc23 "HTTP/1.1 200 OK"
20:23:06 INFO     Accelerator device: 'cpu'
20:23:06 INFO     Processing document agu_ptd_2025_2027_anexo_de_entregas_assinado_assinado_assinado-copia_tarjada.pdf
20:23:07 INFO     command: tesseract --psm 0 -l osd /tmp/tmpy035t_v2.png stdout
20:23:07 INFO     command: tesseract -l por /tmp/tmpy035t_v2.png stdout tsv
20:23:10 INFO     command: tesseract --psm 0 -l osd /tmp/tmp7kqd2hd4.png stdout
20:23:11 INFO     command: tesseract -l por /tmp/tmp7kqd2hd4.png stdout tsv
20:23:29 INFO     Finished converting document agu_ptd_2025_2027_anexo_de_entregas_assinado_assinado_assinado-copia_tarjada.pdf in 27.59 sec.
20:23:29 INFO       pixel_budget (Docling) agu_ptd_2025_2027_anexo_de_entregas_assinado_assinado_assinado-copia_tarjada.pdf: 45.8% (área tabelas/1001817 px²)
20:23:29 INFO     [1/15] ✓ AGU       :   33 entregas | 27.6s | ETA ~6min
20:23:29 INFO     [2/15] → agu_ptd_2025_2027_docdiretivo_assinado_assinado_assinado-copia_tarjada.pdf
20:23:29 INFO     detected formats: [<InputFormat.PDF: 'pdf'>]
20:23:29 INFO     Going to convert document batch...
20:23:29 INFO     Processing document agu_ptd_2025_2027_docdiretivo_assinado_assinado_assinado-copia_tarjada.pdf
20:23:30 INFO     command: tesseract --psm 0 -l osd /tmp/tmp9_7ndhty.png stdout
20:23:30 INFO     command: tesseract -l por /tmp/tmp9_7ndhty.png stdout tsv
20:23:32 INFO     command: tesseract --psm 0 -l osd /tmp/tmpxej1vjhc.png stdout
20:23:33 INFO     command: tesseract -l por /tmp/tmpxej1vjhc.png stdout tsv
20:23:37 INFO     command: tesseract --psm 0 -l osd /tmp/tmped4_qu1f.png stdout
20:23:37 INFO     command: tesseract -l por /tmp/tmped4_qu1f.png stdout tsv
20:23:40 INFO     command: tesseract --psm 0 -l osd /tmp/tmpgsaykyck.png stdout
20:23:40 INFO     command: tesseract -l por /tmp/tmpgsaykyck.png stdout tsv
20:23:43 INFO     command: tesseract --psm 0 -l osd /tmp/tmpwo5h4iqn.png stdout
20:23:43 INFO     command: tesseract -l por /tmp/tmpwo5h4iqn.png stdout tsv
20:23:45 INFO     command: tesseract --psm 0 -l osd /tmp/tmp4vp91p29.png stdout
20:23:47 INFO     command: tesseract -l por /tmp/tmp4vp91p29.png stdout tsv
20:23:55 INFO     command: tesseract --psm 0 -l osd /tmp/tmpjdei2_fn.png stdout
20:23:56 INFO     command: tesseract -l por /tmp/tmpjdei2_fn.png stdout tsv
20:23:58 INFO     command: tesseract --psm 0 -l osd /tmp/tmprmbnogvb.png stdout
20:23:59 INFO     command: tesseract -l por /tmp/tmprmbnogvb.png stdout tsv
20:24:01 INFO     command: tesseract --psm 0 -l osd /tmp/tmphm753cf9.png stdout
20:24:02 INFO     command: tesseract -l por /tmp/tmphm753cf9.png stdout tsv
20:24:04 INFO     command: tesseract --psm 0 -l osd /tmp/tmp0pi4xcoy.png stdout
20:24:06 INFO     command: tesseract -l por /tmp/tmp0pi4xcoy.png stdout tsv
20:24:19 INFO     command: tesseract --psm 0 -l osd /tmp/tmpuwp7ti6p.png stdout
20:24:20 INFO     command: tesseract -l por /tmp/tmpuwp7ti6p.png stdout tsv
20:24:23 INFO     Finished converting document agu_ptd_2025_2027_docdiretivo_assinado_assinado_assinado-copia_tarjada.pdf in 53.90 sec.
20:24:23 INFO       pixel_budget (Docling) agu_ptd_2025_2027_docdiretivo_assinado_assinado_assinado-copia_tarjada.pdf: 2.1% (área tabelas/5513330 px²)
20:24:23 INFO     [2/15] ✓ AGU       :    6 entregas | 53.9s | ETA ~8min
20:24:23 INFO     [3/15] → anexo-de-entregas-mcom_ptd-25_27-copia_tarjada.pdf
20:24:23 INFO     detected formats: [<InputFormat.PDF: 'pdf'>]
20:24:23 INFO     Going to convert document batch...
20:24:23 INFO     Processing document anexo-de-entregas-mcom_ptd-25_27-copia_tarjada.pdf
20:24:24 INFO     command: tesseract --psm 0 -l osd /tmp/tmpv1xjmpxc.png stdout
20:24:25 INFO     command: tesseract -l por /tmp/tmpv1xjmpxc.png stdout tsv
20:24:28 INFO     command: tesseract --psm 0 -l osd /tmp/tmpws1pj15r.png stdout
20:24:29 INFO     command: tesseract -l por /tmp/tmpws1pj15r.png stdout tsv
20:24:42 INFO     command: tesseract --psm 0 -l osd /tmp/tmp61y42jiz.png stdout
20:24:43 INFO     command: tesseract -l por /tmp/tmp61y42jiz.png stdout tsv
20:25:03 INFO     Finished converting document anexo-de-entregas-mcom_ptd-25_27-copia_tarjada.pdf in 39.90 sec.
20:25:03 INFO       pixel_budget (Docling) anexo-de-entregas-mcom_ptd-25_27-copia_tarjada.pdf: 55.2% (área tabelas/1503636 px²)
20:25:03 INFO     [3/15] ✓ MCOM      :   55 entregas | 39.9s | ETA ~8min
20:25:03 INFO     [4/15] → documento-diretivo-mcom-_-ptd-25_27-copia_tarjada.pdf
20:25:03 INFO     detected formats: [<InputFormat.PDF: 'pdf'>]
20:25:03 INFO     Going to convert document batch...
20:25:03 INFO     Processing document documento-diretivo-mcom-_-ptd-25_27-copia_tarjada.pdf
20:25:03 INFO     command: tesseract --psm 0 -l osd /tmp/tmp9gw6c46p.png stdout
20:25:04 INFO     command: tesseract -l por /tmp/tmp9gw6c46p.png stdout tsv
20:25:06 INFO     command: tesseract --psm 0 -l osd /tmp/tmpjidkeqjb.png stdout
20:25:07 INFO     command: tesseract -l por /tmp/tmpjidkeqjb.png stdout tsv
20:25:14 INFO     command: tesseract --psm 0 -l osd /tmp/tmpwney3ct0.png stdout
20:25:15 INFO     command: tesseract -l por /tmp/tmpwney3ct0.png stdout tsv
20:25:16 INFO     command: tesseract --psm 0 -l osd /tmp/tmp0kbiumuh.png stdout
20:25:17 INFO     command: tesseract -l por /tmp/tmp0kbiumuh.png stdout tsv
20:25:19 INFO     command: tesseract --psm 0 -l osd /tmp/tmp5h9by87z.png stdout
20:25:19 INFO     command: tesseract -l por /tmp/tmp5h9by87z.png stdout tsv
20:25:22 INFO     command: tesseract --psm 0 -l osd /tmp/tmpzwf8mxp6.png stdout
20:25:23 INFO     command: tesseract -l por /tmp/tmpzwf8mxp6.png stdout tsv
20:25:41 INFO     command: tesseract --psm 0 -l osd /tmp/tmpb1g3_rc5.png stdout
20:25:42 INFO     command: tesseract -l por /tmp/tmpb1g3_rc5.png stdout tsv
20:25:44 INFO     command: tesseract --psm 0 -l osd /tmp/tmpqgx5cik3.png stdout
20:25:45 INFO     command: tesseract -l por /tmp/tmpqgx5cik3.png stdout tsv
20:25:47 INFO     command: tesseract --psm 0 -l osd /tmp/tmpbcr2knxj.png stdout
20:25:48 INFO     command: tesseract -l por /tmp/tmpbcr2knxj.png stdout tsv
20:25:50 INFO     command: tesseract --psm 0 -l osd /tmp/tmpx3oe_v8x.png stdout
20:25:51 INFO     command: tesseract -l por /tmp/tmpx3oe_v8x.png stdout tsv
20:25:58 INFO     command: tesseract --psm 0 -l osd /tmp/tmpxdvsbi33.png stdout
20:25:59 INFO     command: tesseract -l por /tmp/tmpxdvsbi33.png stdout tsv
20:26:03 INFO     command: tesseract --psm 0 -l osd /tmp/tmpfscftevr.png stdout
20:26:04 INFO     command: tesseract -l por /tmp/tmpfscftevr.png stdout tsv
20:26:06 INFO     command: tesseract --psm 0 -l osd /tmp/tmpuc9npgjs.png stdout
20:26:07 INFO     command: tesseract -l por /tmp/tmpuc9npgjs.png stdout tsv
20:26:09 INFO     command: tesseract --psm 0 -l osd /tmp/tmpo1qqx8yx.png stdout
20:26:09 INFO     command: tesseract -l por /tmp/tmpo1qqx8yx.png stdout tsv
20:26:15 INFO     Finished converting document documento-diretivo-mcom-_-ptd-25_27-copia_tarjada.pdf in 72.41 sec.
20:26:15 INFO       pixel_budget (Docling) documento-diretivo-mcom-_-ptd-25_27-copia_tarjada.pdf: 10.8% (área tabelas/7016966 px²)
20:26:15 WARNING  [4/15] ⚠ MCOM      :    0 entregas | 72.4s | ETA ~8min
20:26:15 INFO     [5/15] → fiocruz-ptd-06_2024-copia_tarjada.pdf
20:26:15 INFO     detected formats: [<InputFormat.PDF: 'pdf'>]
20:26:15 INFO     Going to convert document batch...
20:26:15 INFO     Initializing pipeline for StandardPdfPipeline with options hash d18651824ca6fe56cf3ccb20424ac2c8
20:26:15 INFO     Accelerator device: 'cpu'
20:26:15 INFO     HTTP Request: GET https://huggingface.co/api/models/docling-project/docling-layout-heron/revision/main "HTTP/1.1 200 OK"
20:26:16 INFO     HTTP Request: GET https://huggingface.co/api/models/docling-project/docling-models/revision/v2.3.0 "HTTP/1.1 200 OK"
20:26:16 INFO     Accelerator device: 'cpu'
20:26:16 INFO     Processing document fiocruz-ptd-06_2024-copia_tarjada.pdf
20:27:24 INFO     Finished converting document fiocruz-ptd-06_2024-copia_tarjada.pdf in 68.97 sec.
20:27:24 INFO       pixel_budget (Docling) fiocruz-ptd-06_2024-copia_tarjada.pdf: 36.4% (área tabelas/7518178 px²)
20:27:24 WARNING  [5/15] ⚠ FIOCRUZ   :    0 entregas | 69.0s | ETA ~8min
20:27:24 INFO     [6/15] → fiocruz_novo-ptd_2-1_docdiretivo_repactuacao_2024-2026_assinado_assinado-copia_tarjada.pdf
20:27:24 INFO     detected formats: [<InputFormat.PDF: 'pdf'>]
20:27:24 INFO     Going to convert document batch...
20:27:24 INFO     Processing document fiocruz_novo-ptd_2-1_docdiretivo_repactuacao_2024-2026_assinado_assinado-copia_tarjada.pdf
20:27:42 INFO     Finished converting document fiocruz_novo-ptd_2-1_docdiretivo_repactuacao_2024-2026_assinado_assinado-copia_tarjada.pdf in 17.99 sec.
20:27:42 INFO       pixel_budget (Docling) fiocruz_novo-ptd_2-1_docdiretivo_repactuacao_2024-2026_assinado_assinado-copia_tarjada.pdf: 11.3% (área tabelas/5012118 px²)
20:27:42 WARNING  [6/15] ⚠ FIOCRUZ   :    0 entregas | 18.0s | ETA ~7min
20:27:42 INFO     [7/15] → fiocruz_ptd_anexo_de_entregas_assinado_v1_assinado_assinado-1-copia_tarjada.pdf
20:27:42 INFO     detected formats: [<InputFormat.PDF: 'pdf'>]
20:27:42 INFO     Going to convert document batch...
20:27:42 INFO     Processing document fiocruz_ptd_anexo_de_entregas_assinado_v1_assinado_assinado-1-copia_tarjada.pdf
20:28:14 INFO     Finished converting document fiocruz_ptd_anexo_de_entregas_assinado_v1_assinado_assinado-1-copia_tarjada.pdf in 31.74 sec.
20:28:14 INFO       pixel_budget (Docling) fiocruz_ptd_anexo_de_entregas_assinado_v1_assinado_assinado-1-copia_tarjada.pdf: 54.7% (área tabelas/2004847 px²)
20:28:14 INFO     [7/15] ✓ FIOCRUZ   :   62 entregas | 31.8s | ETA ~5min
20:28:14 INFO     [8/15] → funai_anexo_de_entregas_repactuado_2026_2027_assinado_assinado_assinado.pdf
20:28:14 INFO     detected formats: [<InputFormat.PDF: 'pdf'>]
20:28:14 INFO     Going to convert document batch...
20:28:14 INFO     Processing document funai_anexo_de_entregas_repactuado_2026_2027_assinado_assinado_assinado.pdf
20:28:15 INFO     command: tesseract --psm 0 -l osd /tmp/tmpxh2m82gj.png stdout
20:28:16 INFO     command: tesseract -l por /tmp/tmpxh2m82gj.png stdout tsv
20:28:29 INFO     Finished converting document funai_anexo_de_entregas_repactuado_2026_2027_assinado_assinado_assinado.pdf in 14.97 sec.
20:28:29 INFO       pixel_budget (Docling) funai_anexo_de_entregas_repactuado_2026_2027_assinado_assinado_assinado.pdf: 49.8% (área tabelas/501212 px²)
20:28:29 INFO     [8/15] ✓ FUNAI     :   22 entregas | 15.0s | ETA ~4min
20:28:29 INFO     [9/15] → funai_ptd_2025_2027_docdiretivo_assinado-1_tarjado.pdf
20:28:29 INFO     detected formats: [<InputFormat.PDF: 'pdf'>]
20:28:29 INFO     Going to convert document batch...
20:28:29 INFO     Processing document funai_ptd_2025_2027_docdiretivo_assinado-1_tarjado.pdf
20:28:30 INFO     command: tesseract --psm 0 -l osd /tmp/tmpsr6wih07.png stdout
20:28:31 INFO     command: tesseract -l por /tmp/tmpsr6wih07.png stdout tsv
20:28:32 INFO     command: tesseract --psm 0 -l osd /tmp/tmplqwjfoxe.png stdout
20:28:34 INFO     command: tesseract -l por /tmp/tmplqwjfoxe.png stdout tsv
20:28:36 INFO     command: tesseract --psm 0 -l osd /tmp/tmp6_nxsbe7.png stdout
20:28:36 INFO     command: tesseract -l por /tmp/tmp6_nxsbe7.png stdout tsv
20:28:38 INFO     command: tesseract --psm 0 -l osd /tmp/tmpgib0gxfh.png stdout
20:28:39 INFO     command: tesseract -l por /tmp/tmpgib0gxfh.png stdout tsv
20:28:41 INFO     command: tesseract --psm 0 -l osd /tmp/tmpfhifbwhy.png stdout
20:28:41 INFO     command: tesseract -l por /tmp/tmpfhifbwhy.png stdout tsv
20:28:44 INFO     command: tesseract --psm 0 -l osd /tmp/tmp1j52dbap.png stdout
20:28:45 INFO     command: tesseract -l por /tmp/tmp1j52dbap.png stdout tsv
20:28:55 INFO     command: tesseract --psm 0 -l osd /tmp/tmpv5hluq4t.png stdout
20:28:56 INFO     command: tesseract -l por /tmp/tmpv5hluq4t.png stdout tsv
20:28:57 INFO     command: tesseract --psm 0 -l osd /tmp/tmpkt52tg28.png stdout
20:28:58 INFO     command: tesseract -l por /tmp/tmpkt52tg28.png stdout tsv
20:28:59 INFO     command: tesseract --psm 0 -l osd /tmp/tmp0xr6txoa.png stdout
20:29:00 INFO     command: tesseract -l por /tmp/tmp0xr6txoa.png stdout tsv
20:29:02 INFO     command: tesseract --psm 0 -l osd /tmp/tmpm0gehmqo.png stdout
20:29:03 INFO     command: tesseract -l por /tmp/tmpm0gehmqo.png stdout tsv
20:29:16 INFO     command: tesseract --psm 0 -l osd /tmp/tmpuikseu42.png stdout
20:29:17 INFO     command: tesseract -l por /tmp/tmpuikseu42.png stdout tsv
20:29:23 INFO     command: tesseract --psm 0 -l osd /tmp/tmp7__42t6v.png stdout
20:29:24 INFO     command: tesseract -l por /tmp/tmp7__42t6v.png stdout tsv
20:29:26 INFO     command: tesseract --psm 0 -l osd /tmp/tmpzjvlfmrw.png stdout
20:29:26 INFO     command: tesseract -l por /tmp/tmpzjvlfmrw.png stdout tsv
20:29:33 INFO     Finished converting document funai_ptd_2025_2027_docdiretivo_assinado-1_tarjado.pdf in 63.78 sec.
20:29:33 INFO       pixel_budget (Docling) funai_ptd_2025_2027_docdiretivo_assinado-1_tarjado.pdf: 16.4% (área tabelas/6515754 px²)
20:29:33 INFO     [9/15] ✓ FUNAI     :    8 entregas | 63.8s | ETA ~4min
20:29:33 INFO     [10/15] → incra_anexo_de_entregas_assinado-1_assinado_assinado-copia_tarjada.pdf
20:29:33 INFO     detected formats: [<InputFormat.PDF: 'pdf'>]
20:29:33 INFO     Going to convert document batch...
20:29:33 INFO     Processing document incra_anexo_de_entregas_assinado-1_assinado_assinado-copia_tarjada.pdf
20:29:34 INFO     command: tesseract --psm 0 -l osd /tmp/tmp8xwiuql9.png stdout
20:29:35 INFO     command: tesseract -l por /tmp/tmp8xwiuql9.png stdout tsv
20:29:37 INFO     command: tesseract --psm 0 -l osd /tmp/tmptd63j3ol.png stdout
20:29:39 INFO     command: tesseract -l por /tmp/tmptd63j3ol.png stdout tsv
20:29:44 INFO     command: tesseract --psm 0 -l osd /tmp/tmpzx5idhya.png stdout
20:29:45 INFO     command: tesseract -l por /tmp/tmpzx5idhya.png stdout tsv
20:29:50 INFO     command: tesseract --psm 0 -l osd /tmp/tmp5w_pjb1q.png stdout
20:29:51 INFO     command: tesseract -l por /tmp/tmp5w_pjb1q.png stdout tsv
20:29:53 INFO     command: tesseract --psm 0 -l osd /tmp/tmprtnjzpc6.png stdout
20:29:54 INFO     command: tesseract -l por /tmp/tmprtnjzpc6.png stdout tsv
20:31:26 INFO     Finished converting document incra_anexo_de_entregas_assinado-1_assinado_assinado-copia_tarjada.pdf in 113.64 sec.
20:31:26 INFO       pixel_budget (Docling) incra_anexo_de_entregas_assinado-1_assinado_assinado-copia_tarjada.pdf: 30.0% (área tabelas/2423520 px²)
20:31:26 INFO     [10/15] ✓ INCRA     :   11 entregas | 113.6s | ETA ~4min
20:31:26 INFO     [11/15] → incra_ptd_docdiretivo__assinado-1_assinado_assinado-copia_tarjada.pdf
20:31:26 INFO     detected formats: [<InputFormat.PDF: 'pdf'>]
20:31:26 INFO     Going to convert document batch...
20:31:26 INFO     Processing document incra_ptd_docdiretivo__assinado-1_assinado_assinado-copia_tarjada.pdf
20:31:28 INFO     command: tesseract --psm 0 -l osd /tmp/tmp3mlwb5uy.png stdout
20:31:28 INFO     command: tesseract -l por /tmp/tmp3mlwb5uy.png stdout tsv
20:31:31 INFO     command: tesseract --psm 0 -l osd /tmp/tmpzxx0_haq.png stdout
20:31:32 INFO     command: tesseract -l por /tmp/tmpzxx0_haq.png stdout tsv
20:31:38 INFO     command: tesseract --psm 0 -l osd /tmp/tmppy4ars8_.png stdout
20:31:39 INFO     command: tesseract -l por /tmp/tmppy4ars8_.png stdout tsv
20:31:41 INFO     command: tesseract --psm 0 -l osd /tmp/tmp4t3vdout.png stdout
20:31:41 INFO     command: tesseract -l por /tmp/tmp4t3vdout.png stdout tsv
20:31:43 INFO     command: tesseract --psm 0 -l osd /tmp/tmpin7si487.png stdout
20:31:44 INFO     command: tesseract -l por /tmp/tmpin7si487.png stdout tsv
20:31:46 INFO     command: tesseract --psm 0 -l osd /tmp/tmp_qb37ztd.png stdout
20:31:47 INFO     command: tesseract -l por /tmp/tmp_qb37ztd.png stdout tsv
20:31:59 INFO     command: tesseract --psm 0 -l osd /tmp/tmpg91jxwij.png stdout
20:32:00 INFO     command: tesseract -l por /tmp/tmpg91jxwij.png stdout tsv
20:32:02 INFO     command: tesseract --psm 0 -l osd /tmp/tmpc2_z2gy6.png stdout
20:32:03 INFO     command: tesseract -l por /tmp/tmpc2_z2gy6.png stdout tsv
20:32:05 INFO     command: tesseract --psm 0 -l osd /tmp/tmpkhlc7zdp.png stdout
20:32:05 INFO     command: tesseract -l por /tmp/tmpkhlc7zdp.png stdout tsv
20:32:07 INFO     command: tesseract --psm 0 -l osd /tmp/tmpmuuums_o.png stdout
20:32:09 INFO     command: tesseract -l por /tmp/tmpmuuums_o.png stdout tsv
20:32:13 INFO     command: tesseract --psm 0 -l osd /tmp/tmpxlriz1aa.png stdout
20:32:14 INFO     command: tesseract -l por /tmp/tmpxlriz1aa.png stdout tsv
20:32:27 INFO     command: tesseract --psm 0 -l osd /tmp/tmpuk7zzwh5.png stdout
20:32:28 INFO     command: tesseract -l por /tmp/tmpuk7zzwh5.png stdout tsv
20:32:29 INFO     command: tesseract --psm 0 -l osd /tmp/tmps16989tc.png stdout
20:32:30 INFO     command: tesseract -l por /tmp/tmps16989tc.png stdout tsv
20:32:38 INFO     Finished converting document incra_ptd_docdiretivo__assinado-1_assinado_assinado-copia_tarjada.pdf in 71.18 sec.
20:32:38 INFO       pixel_budget (Docling) incra_ptd_docdiretivo__assinado-1_assinado_assinado-copia_tarjada.pdf: 20.2% (área tabelas/6515754 px²)
20:32:38 INFO     [11/15] ✓ INCRA     :    9 entregas | 71.2s | ETA ~3min
20:32:38 INFO     [12/15] → iti_anexo_de_entregas_assinado.pdf
20:32:38 INFO     detected formats: [<InputFormat.PDF: 'pdf'>]
20:32:38 INFO     Going to convert document batch...
20:32:38 INFO     Processing document iti_anexo_de_entregas_assinado.pdf
20:32:38 INFO     command: tesseract --psm 0 -l osd /tmp/tmpsemlh9yx.png stdout
20:32:39 INFO     command: tesseract -l por /tmp/tmpsemlh9yx.png stdout tsv
20:32:55 INFO     Finished converting document iti_anexo_de_entregas_assinado.pdf in 17.46 sec.
20:32:55 INFO       pixel_budget (Docling) iti_anexo_de_entregas_assinado.pdf: 57.2% (área tabelas/501212 px²)
20:32:55 INFO     [12/15] ✓ ITI       :   31 entregas | 17.5s | ETA ~2min
20:32:55 INFO     [13/15] → iti_doc_diretivo_assinado-1_tarjado.pdf
20:32:55 INFO     detected formats: [<InputFormat.PDF: 'pdf'>]
20:32:55 INFO     Going to convert document batch...
20:32:55 INFO     Processing document iti_doc_diretivo_assinado-1_tarjado.pdf
20:32:56 INFO     command: tesseract --psm 0 -l osd /tmp/tmpuegx9_am.png stdout
20:32:57 INFO     command: tesseract -l por /tmp/tmpuegx9_am.png stdout tsv
20:32:59 INFO     command: tesseract --psm 0 -l osd /tmp/tmpp_nkjn9v.png stdout
20:33:00 INFO     command: tesseract -l por /tmp/tmpp_nkjn9v.png stdout tsv
20:33:05 INFO     command: tesseract --psm 0 -l osd /tmp/tmpmg8b496a.png stdout
20:33:05 INFO     command: tesseract -l por /tmp/tmpmg8b496a.png stdout tsv
20:33:07 INFO     command: tesseract --psm 0 -l osd /tmp/tmppz8tsrwl.png stdout
20:33:08 INFO     command: tesseract -l por /tmp/tmppz8tsrwl.png stdout tsv
20:33:10 INFO     command: tesseract --psm 0 -l osd /tmp/tmp1n30u_pi.png stdout
20:33:10 INFO     command: tesseract -l por /tmp/tmp1n30u_pi.png stdout tsv
20:33:13 INFO     command: tesseract --psm 0 -l osd /tmp/tmplqh9g009.png stdout
20:33:14 INFO     command: tesseract -l por /tmp/tmplqh9g009.png stdout tsv
20:33:29 INFO     command: tesseract --psm 0 -l osd /tmp/tmpjgqguw3s.png stdout
20:33:30 INFO     command: tesseract -l por /tmp/tmpjgqguw3s.png stdout tsv
20:33:32 INFO     command: tesseract --psm 0 -l osd /tmp/tmpvyi80xbk.png stdout
20:33:33 INFO     command: tesseract -l por /tmp/tmpvyi80xbk.png stdout tsv
20:33:35 INFO     command: tesseract --psm 0 -l osd /tmp/tmpzz18ztwq.png stdout
20:33:35 INFO     command: tesseract -l por /tmp/tmpzz18ztwq.png stdout tsv
20:33:38 INFO     command: tesseract --psm 0 -l osd /tmp/tmp9i4wrjfa.png stdout
20:33:39 INFO     command: tesseract -l por /tmp/tmp9i4wrjfa.png stdout tsv
20:33:47 INFO     command: tesseract --psm 0 -l osd /tmp/tmpdy6z2u9q.png stdout
20:33:48 INFO     command: tesseract -l por /tmp/tmpdy6z2u9q.png stdout tsv
20:33:56 INFO     Finished converting document iti_doc_diretivo_assinado-1_tarjado.pdf in 60.66 sec.
20:33:56 INFO       pixel_budget (Docling) iti_doc_diretivo_assinado-1_tarjado.pdf: 8.0% (área tabelas/5516339 px²)
20:33:56 INFO     [13/15] ✓ ITI       :    6 entregas | 60.7s | ETA ~1min
20:33:56 INFO     [14/15] → sgpr_ptd_2025_2027_anexo_de_entregas_assinado-copia_tarjada.pdf
20:33:56 INFO     detected formats: [<InputFormat.PDF: 'pdf'>]
20:33:56 INFO     Going to convert document batch...
20:33:56 INFO     Processing document sgpr_ptd_2025_2027_anexo_de_entregas_assinado-copia_tarjada.pdf
20:33:57 INFO     command: tesseract --psm 0 -l osd /tmp/tmpsyt5mh7t.png stdout
20:33:57 INFO     command: tesseract -l por /tmp/tmpsyt5mh7t.png stdout tsv
20:34:00 INFO     command: tesseract --psm 0 -l osd /tmp/tmpb0u2clg9.png stdout
20:34:02 INFO     command: tesseract -l por /tmp/tmpb0u2clg9.png stdout tsv
20:34:16 INFO     Finished converting document sgpr_ptd_2025_2027_anexo_de_entregas_assinado-copia_tarjada.pdf in 20.32 sec.
20:34:16 INFO       pixel_budget (Docling) sgpr_ptd_2025_2027_anexo_de_entregas_assinado-copia_tarjada.pdf: 29.5% (área tabelas/1002424 px²)
20:34:16 INFO     [14/15] ✓ SGPR      :   18 entregas | 20.3s | ETA ~48s
20:34:16 INFO     [15/15] → sgpr_ptd_2026_2027_docdiretivo_assinado-copia_tarjada.pdf
20:34:16 INFO     detected formats: [<InputFormat.PDF: 'pdf'>]
20:34:16 INFO     Going to convert document batch...
20:34:16 INFO     Processing document sgpr_ptd_2026_2027_docdiretivo_assinado-copia_tarjada.pdf
20:34:36 INFO     Finished converting document sgpr_ptd_2026_2027_docdiretivo_assinado-copia_tarjada.pdf in 20.07 sec.
20:34:36 INFO       pixel_budget (Docling) sgpr_ptd_2026_2027_docdiretivo_assinado-copia_tarjada.pdf: 8.2% (área tabelas/5513330 px²)
20:34:36 WARNING  [15/15] ⚠ SGPR      :    0 entregas | 20.1s | ETA ~0s
20:34:36 INFO     261 registros | 7 órgãos
20:34:36 INFO     ╔══════════════════════════════════════════════════════════════╗
20:34:36 INFO     ║                  ENTREGAS — fase concluída                   ║
20:34:36 INFO     ║  Processados: 15    |  ✓ 11  ⚠ 4                             ║
20:34:36 INFO     ║  Duração: 11.6 min                                           ║
20:34:36 INFO     ║  261 registros | 7 órgãos                                    ║
20:34:36 INFO     ╚══════════════════════════════════════════════════════════════╝
20:34:36 INFO     [1/7] → agu_ptd_2025_2027_docdiretivo_assinado_assinado_assinado-copia_tarjada.pdf
20:34:36 INFO     detected formats: [<InputFormat.PDF: 'pdf'>]
20:34:36 INFO     Going to convert document batch...
20:34:36 INFO     Processing document agu_ptd_2025_2027_docdiretivo_assinado_assinado_assinado-copia_tarjada.pdf
20:34:37 INFO     command: tesseract --psm 0 -l osd /tmp/tmpze8ko85z.png stdout
20:34:37 INFO     command: tesseract -l por /tmp/tmpze8ko85z.png stdout tsv
20:34:39 INFO     command: tesseract --psm 0 -l osd /tmp/tmpb57isk4g.png stdout
20:34:40 INFO     command: tesseract -l por /tmp/tmpb57isk4g.png stdout tsv
20:34:45 INFO     command: tesseract --psm 0 -l osd /tmp/tmppb2fo10a.png stdout
20:34:46 INFO     command: tesseract -l por /tmp/tmppb2fo10a.png stdout tsv
20:34:48 INFO     command: tesseract --psm 0 -l osd /tmp/tmpvbyzmvi9.png stdout
20:34:49 INFO     command: tesseract -l por /tmp/tmpvbyzmvi9.png stdout tsv
20:34:51 INFO     command: tesseract --psm 0 -l osd /tmp/tmp52gzaw56.png stdout
20:34:52 INFO     command: tesseract -l por /tmp/tmp52gzaw56.png stdout tsv
20:34:54 INFO     command: tesseract --psm 0 -l osd /tmp/tmpsvrujmfh.png stdout
20:34:55 INFO     command: tesseract -l por /tmp/tmpsvrujmfh.png stdout tsv
20:35:06 INFO     command: tesseract --psm 0 -l osd /tmp/tmpisvwj0qg.png stdout
20:35:07 INFO     command: tesseract -l por /tmp/tmpisvwj0qg.png stdout tsv
20:35:09 INFO     command: tesseract --psm 0 -l osd /tmp/tmp92pd3a68.png stdout
20:35:10 INFO     command: tesseract -l por /tmp/tmp92pd3a68.png stdout tsv
20:35:12 INFO     command: tesseract --psm 0 -l osd /tmp/tmpdrlfwk7r.png stdout
20:35:13 INFO     command: tesseract -l por /tmp/tmpdrlfwk7r.png stdout tsv
20:35:15 INFO     command: tesseract --psm 0 -l osd /tmp/tmppldyrm_2.png stdout
20:35:17 INFO     command: tesseract -l por /tmp/tmppldyrm_2.png stdout tsv
20:35:30 INFO     command: tesseract --psm 0 -l osd /tmp/tmp8cr4_zri.png stdout
20:35:30 INFO     command: tesseract -l por /tmp/tmp8cr4_zri.png stdout tsv
20:35:34 INFO     Finished converting document agu_ptd_2025_2027_docdiretivo_assinado_assinado_assinado-copia_tarjada.pdf in 57.88 sec.
20:35:34 INFO     [1/7] ✓ AGU       :   7 riscos | 57.9s | ETA ~5min
20:35:34 INFO     [2/7] → documento-diretivo-mcom-_-ptd-25_27-copia_tarjada.pdf
20:35:34 INFO     detected formats: [<InputFormat.PDF: 'pdf'>]
20:35:34 INFO     Going to convert document batch...
20:35:34 INFO     Processing document documento-diretivo-mcom-_-ptd-25_27-copia_tarjada.pdf
20:35:35 INFO     command: tesseract --psm 0 -l osd /tmp/tmpdhjfffbd.png stdout
20:35:35 INFO     command: tesseract -l por /tmp/tmpdhjfffbd.png stdout tsv
20:35:37 INFO     command: tesseract --psm 0 -l osd /tmp/tmp94h60l4s.png stdout
20:35:38 INFO     command: tesseract -l por /tmp/tmp94h60l4s.png stdout tsv
20:35:46 INFO     command: tesseract --psm 0 -l osd /tmp/tmpz2rn4hds.png stdout
20:35:47 INFO     command: tesseract -l por /tmp/tmpz2rn4hds.png stdout tsv
20:35:48 INFO     command: tesseract --psm 0 -l osd /tmp/tmpz6skuuj0.png stdout
20:35:48 INFO     command: tesseract -l por /tmp/tmpz6skuuj0.png stdout tsv
20:35:50 INFO     command: tesseract --psm 0 -l osd /tmp/tmpdgnp35rf.png stdout
20:35:51 INFO     command: tesseract -l por /tmp/tmpdgnp35rf.png stdout tsv
20:35:54 INFO     command: tesseract --psm 0 -l osd /tmp/tmp3xl8_mwg.png stdout
20:35:55 INFO     command: tesseract -l por /tmp/tmp3xl8_mwg.png stdout tsv
20:36:12 INFO     command: tesseract --psm 0 -l osd /tmp/tmp0ir0uora.png stdout
20:36:13 INFO     command: tesseract -l por /tmp/tmp0ir0uora.png stdout tsv
20:36:15 INFO     command: tesseract --psm 0 -l osd /tmp/tmph251b82r.png stdout
20:36:16 INFO     command: tesseract -l por /tmp/tmph251b82r.png stdout tsv
20:36:18 INFO     command: tesseract --psm 0 -l osd /tmp/tmp4t35o25e.png stdout
20:36:19 INFO     command: tesseract -l por /tmp/tmp4t35o25e.png stdout tsv
20:36:21 INFO     command: tesseract --psm 0 -l osd /tmp/tmpoxn800vc.png stdout
20:36:22 INFO     command: tesseract -l por /tmp/tmpoxn800vc.png stdout tsv
20:36:29 INFO     command: tesseract --psm 0 -l osd /tmp/tmp4hri7w1a.png stdout
20:36:30 INFO     command: tesseract -l por /tmp/tmp4hri7w1a.png stdout tsv
20:36:34 INFO     command: tesseract --psm 0 -l osd /tmp/tmprdtwsh13.png stdout
20:36:35 INFO     command: tesseract -l por /tmp/tmprdtwsh13.png stdout tsv
20:36:37 INFO     command: tesseract --psm 0 -l osd /tmp/tmp8oh58e2t.png stdout
20:36:38 INFO     command: tesseract -l por /tmp/tmp8oh58e2t.png stdout tsv
20:36:40 INFO     command: tesseract --psm 0 -l osd /tmp/tmp19_1fdth.png stdout
20:36:40 INFO     command: tesseract -l por /tmp/tmp19_1fdth.png stdout tsv
20:36:47 INFO     Finished converting document documento-diretivo-mcom-_-ptd-25_27-copia_tarjada.pdf in 73.23 sec.
20:36:47 INFO     [2/7] ✓ MCOM      :  14 riscos | 73.2s | ETA ~5min
20:36:47 INFO     [3/7] → fiocruz_novo-ptd_2-1_docdiretivo_repactuacao_2024-2026_assinado_assinado-copia_tarjada.pdf
20:36:47 INFO     detected formats: [<InputFormat.PDF: 'pdf'>]
20:36:47 INFO     Going to convert document batch...
20:36:47 INFO     Processing document fiocruz_novo-ptd_2-1_docdiretivo_repactuacao_2024-2026_assinado_assinado-copia_tarjada.pdf
20:37:05 INFO     Finished converting document fiocruz_novo-ptd_2-1_docdiretivo_repactuacao_2024-2026_assinado_assinado-copia_tarjada.pdf in 18.12 sec.
20:37:05 INFO     [3/7] ✓ FIOCRUZ   :   6 riscos | 18.1s | ETA ~3min
20:37:05 INFO     [4/7] → funai_ptd_2025_2027_docdiretivo_assinado-1_tarjado.pdf
20:37:05 INFO     detected formats: [<InputFormat.PDF: 'pdf'>]
20:37:05 INFO     Going to convert document batch...
20:37:05 INFO     Processing document funai_ptd_2025_2027_docdiretivo_assinado-1_tarjado.pdf
20:37:07 INFO     command: tesseract --psm 0 -l osd /tmp/tmpsijb7qx6.png stdout
20:37:07 INFO     command: tesseract -l por /tmp/tmpsijb7qx6.png stdout tsv
20:37:09 INFO     command: tesseract --psm 0 -l osd /tmp/tmpq1k94nr0.png stdout
20:37:10 INFO     command: tesseract -l por /tmp/tmpq1k94nr0.png stdout tsv
20:37:12 INFO     command: tesseract --psm 0 -l osd /tmp/tmpjobnm4xb.png stdout
20:37:13 INFO     command: tesseract -l por /tmp/tmpjobnm4xb.png stdout tsv
20:37:15 INFO     command: tesseract --psm 0 -l osd /tmp/tmpgens2g59.png stdout
20:37:16 INFO     command: tesseract -l por /tmp/tmpgens2g59.png stdout tsv
20:37:18 INFO     command: tesseract --psm 0 -l osd /tmp/tmpz5u3grh1.png stdout
20:37:18 INFO     command: tesseract -l por /tmp/tmpz5u3grh1.png stdout tsv
20:37:20 INFO     command: tesseract --psm 0 -l osd /tmp/tmp0zh1rvvk.png stdout
20:37:22 INFO     command: tesseract -l por /tmp/tmp0zh1rvvk.png stdout tsv
20:37:33 INFO     command: tesseract --psm 0 -l osd /tmp/tmpdbekjy7q.png stdout
20:37:34 INFO     command: tesseract -l por /tmp/tmpdbekjy7q.png stdout tsv
20:37:35 INFO     command: tesseract --psm 0 -l osd /tmp/tmp_3dt7hhl.png stdout
20:37:36 INFO     command: tesseract -l por /tmp/tmp_3dt7hhl.png stdout tsv
20:37:37 INFO     command: tesseract --psm 0 -l osd /tmp/tmp8hl4bkxe.png stdout
20:37:38 INFO     command: tesseract -l por /tmp/tmp8hl4bkxe.png stdout tsv
20:37:40 INFO     command: tesseract --psm 0 -l osd /tmp/tmpcc0ssq_1.png stdout
20:37:41 INFO     command: tesseract -l por /tmp/tmpcc0ssq_1.png stdout tsv
20:37:58 INFO     command: tesseract --psm 0 -l osd /tmp/tmpk01nh3jl.png stdout
20:37:59 INFO     command: tesseract -l por /tmp/tmpk01nh3jl.png stdout tsv
20:38:02 INFO     command: tesseract --psm 0 -l osd /tmp/tmpks3ysqr6.png stdout
20:38:03 INFO     command: tesseract -l por /tmp/tmpks3ysqr6.png stdout tsv
20:38:05 INFO     command: tesseract --psm 0 -l osd /tmp/tmpqb5mdhsv.png stdout
20:38:05 INFO     command: tesseract -l por /tmp/tmpqb5mdhsv.png stdout tsv
20:38:12 INFO     Finished converting document funai_ptd_2025_2027_docdiretivo_assinado-1_tarjado.pdf in 66.42 sec.
20:38:12 INFO     [4/7] ✓ FUNAI     :  15 riscos | 66.4s | ETA ~2min
20:38:12 INFO     [5/7] → incra_ptd_docdiretivo__assinado-1_assinado_assinado-copia_tarjada.pdf
20:38:12 INFO     detected formats: [<InputFormat.PDF: 'pdf'>]
20:38:12 INFO     Going to convert document batch...
20:38:12 INFO     Processing document incra_ptd_docdiretivo__assinado-1_assinado_assinado-copia_tarjada.pdf
20:38:13 INFO     command: tesseract --psm 0 -l osd /tmp/tmp_idl7twh.png stdout
20:38:14 INFO     command: tesseract -l por /tmp/tmp_idl7twh.png stdout tsv
20:38:16 INFO     command: tesseract --psm 0 -l osd /tmp/tmpp78sy8v7.png stdout
20:38:17 INFO     command: tesseract -l por /tmp/tmpp78sy8v7.png stdout tsv
20:38:24 INFO     command: tesseract --psm 0 -l osd /tmp/tmp5bji8mwy.png stdout
20:38:25 INFO     command: tesseract -l por /tmp/tmp5bji8mwy.png stdout tsv
20:38:27 INFO     command: tesseract --psm 0 -l osd /tmp/tmp98700he9.png stdout
20:38:27 INFO     command: tesseract -l por /tmp/tmp98700he9.png stdout tsv
20:38:29 INFO     command: tesseract --psm 0 -l osd /tmp/tmp97svd479.png stdout
20:38:30 INFO     command: tesseract -l por /tmp/tmp97svd479.png stdout tsv
20:38:32 INFO     command: tesseract --psm 0 -l osd /tmp/tmpvnql3bqb.png stdout
20:38:33 INFO     command: tesseract -l por /tmp/tmpvnql3bqb.png stdout tsv
20:38:48 INFO     command: tesseract --psm 0 -l osd /tmp/tmpmayw5w94.png stdout
20:38:49 INFO     command: tesseract -l por /tmp/tmpmayw5w94.png stdout tsv
20:38:50 INFO     command: tesseract --psm 0 -l osd /tmp/tmp4gcmtxqt.png stdout
20:38:51 INFO     command: tesseract -l por /tmp/tmp4gcmtxqt.png stdout tsv
20:38:53 INFO     command: tesseract --psm 0 -l osd /tmp/tmp8256dxig.png stdout
20:38:53 INFO     command: tesseract -l por /tmp/tmp8256dxig.png stdout tsv
20:38:55 INFO     command: tesseract --psm 0 -l osd /tmp/tmp1blu7pz2.png stdout
20:38:56 INFO     command: tesseract -l por /tmp/tmp1blu7pz2.png stdout tsv
20:39:01 INFO     command: tesseract --psm 0 -l osd /tmp/tmpcr9upj1x.png stdout
20:39:02 INFO     command: tesseract -l por /tmp/tmpcr9upj1x.png stdout tsv
20:39:08 INFO     command: tesseract --psm 0 -l osd /tmp/tmpx68jwj3u.png stdout
20:39:09 INFO     command: tesseract -l por /tmp/tmpx68jwj3u.png stdout tsv
20:39:15 INFO     command: tesseract --psm 0 -l osd /tmp/tmprp4yosdk.png stdout
20:39:15 INFO     command: tesseract -l por /tmp/tmprp4yosdk.png stdout tsv
20:39:23 INFO     Finished converting document incra_ptd_docdiretivo__assinado-1_assinado_assinado-copia_tarjada.pdf in 71.30 sec.
20:39:23 INFO     [5/7] ✓ INCRA     :  15 riscos | 71.3s | ETA ~1min
20:39:23 INFO     [6/7] → iti_doc_diretivo_assinado-1_tarjado.pdf
20:39:23 INFO     detected formats: [<InputFormat.PDF: 'pdf'>]
20:39:23 INFO     Going to convert document batch...
20:39:23 INFO     Processing document iti_doc_diretivo_assinado-1_tarjado.pdf
20:39:24 INFO     command: tesseract --psm 0 -l osd /tmp/tmpx5v4yulr.png stdout
20:39:24 INFO     command: tesseract -l por /tmp/tmpx5v4yulr.png stdout tsv
20:39:27 INFO     command: tesseract --psm 0 -l osd /tmp/tmpqa48axu2.png stdout
20:39:28 INFO     command: tesseract -l por /tmp/tmpqa48axu2.png stdout tsv
20:39:31 INFO     command: tesseract --psm 0 -l osd /tmp/tmpoqk38z83.png stdout
20:39:32 INFO     command: tesseract -l por /tmp/tmpoqk38z83.png stdout tsv
20:39:34 INFO     command: tesseract --psm 0 -l osd /tmp/tmpd6luh__t.png stdout
20:39:35 INFO     command: tesseract -l por /tmp/tmpd6luh__t.png stdout tsv
20:39:36 INFO     command: tesseract --psm 0 -l osd /tmp/tmpj8m1ecgu.png stdout
20:39:37 INFO     command: tesseract -l por /tmp/tmpj8m1ecgu.png stdout tsv
20:39:39 INFO     command: tesseract --psm 0 -l osd /tmp/tmpp4zundlq.png stdout
20:39:41 INFO     command: tesseract -l por /tmp/tmpp4zundlq.png stdout tsv
20:39:55 INFO     command: tesseract --psm 0 -l osd /tmp/tmpxvxhvl1e.png stdout
20:39:56 INFO     command: tesseract -l por /tmp/tmpxvxhvl1e.png stdout tsv
20:39:58 INFO     command: tesseract --psm 0 -l osd /tmp/tmpluf388hv.png stdout
20:39:59 INFO     command: tesseract -l por /tmp/tmpluf388hv.png stdout tsv
20:40:01 INFO     command: tesseract --psm 0 -l osd /tmp/tmp5ivklhow.png stdout
20:40:02 INFO     command: tesseract -l por /tmp/tmp5ivklhow.png stdout tsv
20:40:04 INFO     command: tesseract --psm 0 -l osd /tmp/tmp7wd57f3g.png stdout
20:40:05 INFO     command: tesseract -l por /tmp/tmp7wd57f3g.png stdout tsv
20:40:22 INFO     command: tesseract --psm 0 -l osd /tmp/tmp9y86zwbw.png stdout
20:40:23 INFO     command: tesseract -l por /tmp/tmp9y86zwbw.png stdout tsv
20:40:26 INFO     Finished converting document iti_doc_diretivo_assinado-1_tarjado.pdf in 62.79 sec.
20:40:26 INFO     [6/7] ✓ ITI       :  14 riscos | 62.8s | ETA ~58s
20:40:26 INFO     [7/7] → sgpr_ptd_2026_2027_docdiretivo_assinado-copia_tarjada.pdf
20:40:26 INFO     detected formats: [<InputFormat.PDF: 'pdf'>]
20:40:26 INFO     Going to convert document batch...
20:40:26 INFO     Processing document sgpr_ptd_2026_2027_docdiretivo_assinado-copia_tarjada.pdf
20:40:46 INFO     Finished converting document sgpr_ptd_2026_2027_docdiretivo_assinado-copia_tarjada.pdf in 20.27 sec.
20:40:46 INFO     [7/7] ✓ SGPR      :  10 riscos | 20.3s | ETA ~0s
20:40:46 INFO     ╔══════════════════════════════════════════════════════════════╗
20:40:46 INFO     ║                   RISCOS — fase concluída                    ║
20:40:46 INFO     ║  Processados: 7     |  ✓ 7  ⚠ 0                              ║
20:40:46 INFO     ║  Duração: 6.2 min                                            ║
20:40:46 INFO     ║  81 riscos | 7 órgãos                                        ║
20:40:46 INFO     ╚══════════════════════════════════════════════════════════════╝
20:40:46 INFO     81 riscos | 0 ações | 135 relações
20:40:46 INFO     ptd_corpus_raw                     : 261 linhas
20:40:46 INFO     ptd_pivot_eixos                    : 7 linhas
20:40:50 INFO     ptd_datas_assinatura               : 132 linhas
20:40:50 INFO     ptd_riscos                         : 81 linhas
20:40:50 INFO     ptd_riscos_acoes                   : 135 linhas
20:40:50 INFO     Manifesto salvo: pipeline_manifest.json | SHA-256 de 132 PDFs
20:40:50 INFO     ==================================================
20:40:50 INFO     PTD-BR v3.0-melhorado — PIPELINE CONCLUÍDO
20:40:50 INFO     ==================================================
20:40:50 INFO     ptd_corpus_raw.csv                        160 KB
20:40:50 INFO     ptd_pivot_eixos.csv                         0 KB
20:40:50 INFO     ptd_datas_assinatura.csv                    9 KB
20:40:50 INFO     ptd_riscos.csv                             23 KB
20:40:50 INFO     ptd_riscos_acoes.csv                        2 KB
20:40:50 INFO     proveniencia.json                           0 KB
20:40:50 INFO     pipeline_manifest.json                     20 KB
20:40:50 INFO     📦 Artefatos: https://github.com/freirelucas/teste/actions/runs/23986706855
20:40:50 INFO     ==================================================
