04:28:53 INFO     Docling disponível
04:28:53 WARNING  OCR fallback indisponível (IndentationError: unexpected indent (ptd_ocr_fallback.py, line 45))
04:28:53 INFO     Ignorado (guia/template/norma): ABNT-NBR-17225-Acessibilidade-Digital.pdf
04:28:53 INFO     Ignorado (guia/template/norma): cgrep-guia10passos-ptd-orgao.pdf
04:28:53 INFO     Ignorado (guia/template/norma): ABNT-NBR-17225-Acessibilidade-Digital.pdf
04:28:53 INFO     Scraping: 132 PDFs únicos | entregas: 68 | diretivos: 61
04:28:53 INFO     Baixando 132 PDFs únicos...
04:28:55 INFO     ✓ [  1/132] abin_ptd_anexo_de_entregas_assinado_pelo_orgao_ass   293.3KB
04:28:59 INFO     ✓ [  2/132] aeb_ptd_2025_2027_docdiretivo_aprovado_assinado-1_  1033.7KB
04:29:01 INFO     ✓ [  3/132] aeb_ptd_2025_2027_anexo_de_entregas_aprovado_assin   154.5KB
04:29:06 INFO     ✓ [  4/132] agu_ptd_2025_2027_docdiretivo_assinado_assinado_as  2860.3KB
04:29:09 INFO     ✓ [  5/132] agu_ptd_2025_2027_anexo_de_entregas_assinado_assin   525.5KB
04:29:11 INFO     ✓ [  6/132] ana_ptd_2025_2027_docdiretivo_assinado_assinado_as   477.2KB
04:29:14 INFO     ✓ [  7/132] ana_ptd_2025_2027_anexoentregas_assinado_assinado_   170.9KB
04:29:17 INFO     ✓ [  8/132] anac_ptd_2025_2026_docdiretivo_se_assinado_tarjado  1036.3KB
04:29:19 INFO     ✓ [  9/132] anac_ptd_2025_2026_anexo_de_entregas_se_assinado.p   215.2KB
04:29:22 INFO     ✓ [ 10/132] anatel_ptd_docdiretivo_assinado_2025_2026_assinado  1006.0KB
04:29:24 INFO     ✓ [ 11/132] anatel_ptd_2025_2026_anexo_de_entregas_do_ptd_publ    71.9KB
04:29:27 INFO     ✓ [ 12/132] ancine_ptd_2024_2026_docdiretivo_assinado-2_assina   961.8KB
04:29:30 INFO     ✓ [ 13/132] ancine_ptd_2024_2026_-_anexo_de_entregas_aprovado_   613.2KB
04:29:33 INFO     ✓ [ 14/132] ptd_aneel_2025-2027_docdiretivo_assinado_tarjado.p   779.6KB
04:29:35 INFO     ✓ [ 15/132] ptd_aneel_2025-2027_anexo_de_entregas_assinado.pdf   111.9KB
04:29:38 INFO     ✓ [ 16/132] anm_ptd_2025_2027_docdiretivo_assinadopeloorgao_ta  1092.5KB
04:29:42 INFO     ✓ [ 17/132] anm_ptd_2025_2027_anexo_entregas_assinadopeloorgao  1140.4KB
04:29:45 INFO     ✓ [ 18/132] anpd_ptd_2025_2027_docdiretivo_assinado_assinado_a  1044.3KB
04:29:47 INFO     ✓ [ 19/132] anpd_ptd_2025_2027_anexo_de_entregas_assinado_assi   166.5KB
04:29:50 INFO     ✓ [ 20/132] ans-plano_de_transformacao_digital_assinado-copia_  1023.4KB
04:29:52 INFO     ✓ [ 21/132] ans_ptd_2025_2026_anexo_de_entregas_assinado_assin   124.1KB
04:29:55 INFO     ✓ [ 22/132] antaq_ptd_2025_2027_docdiretivo_assinado_assinado_  1039.8KB
04:29:58 INFO     ✓ [ 23/132] antaq_ptd_2025_2027_anexoentregas_assinado_assinad   145.1KB
04:30:00 INFO     ✓ [ 24/132] mt_anexo_de_entregas_-_assinado_assinado_assinado_   143.6KB
04:30:08 INFO     ✓ [ 25/132] anvisa_ptd_docdiretivo_2025-2026_assinado_assinado  5771.2KB
04:30:10 INFO     ✓ [ 26/132] anvisa_ptd_anexo_de_entregas_2025_2026_assinado_as   239.0KB
04:30:13 INFO     ✓ [ 27/132] bcb_documento_diretivo_assinado_assinado_assinado-   713.7KB
04:30:15 INFO     ✓ [ 28/132] bcb_anexo_de_entregas_ptd_25_26-1_assinado_assinad   134.8KB
04:30:19 INFO     ✓ [ 29/132] cade_ptd_docdiretivo_2025_2026_assinado-2_assinado   810.4KB
04:30:21 INFO     ✓ [ 30/132] cade_ptd_anexo_de_entregas_2025_2026_assinado_copi   504.0KB
04:30:24 INFO     ✓ [ 31/132] mec_ptd_docdiretivo_2025-2026_sei_mec-5566673_copi   863.1KB
04:30:27 INFO     ✓ [ 32/132] mec_ptd_anexo-de-entregas_sei_mec-5576401_copia_ta   495.7KB
04:30:31 INFO     ✓ [ 33/132] mec_ptd_docdiretivo-versao-comunicacao_copia_tarja  1616.5KB
04:30:33 INFO     ✓ [ 34/132] md_ptd_2026_2027_anexo_de_entregas_assinado_assina   579.4KB
04:30:36 INFO     ✓ [ 35/132] md_ptd_2026_2027_anexo_de_entregas_assinado_assina   186.8KB
04:30:39 INFO     ✓ [ 36/132] md_ptd_temp_copia_tarjada.pdf                        741.9KB
04:30:42 INFO     ✓ [ 37/132] cgu_ptd_docdiretivo_assinado_assinado_assinado-cop  1085.4KB
04:30:44 INFO     ✓ [ 38/132] cgu_ptd_anexo_de_entregas_pactuadas_assinado_assin   514.1KB
04:30:47 INFO     ✓ [ 39/132] cnpq_ptd_2025_2027_docdiretivo_assinado_assinado_a   342.9KB
04:30:49 INFO     ✓ [ 40/132] cnpq_ptd_2025_2027_anexo_de_entregas_assinado_assi   136.1KB
04:30:52 INFO     ✓ [ 41/132] coaf_ptd_2025_2026_documento_diretivo_assinado_ass  1068.0KB
04:30:58 INFO     ✓ [ 42/132] coaf_ptd_2025_2026_anexo_de_entregas-2_assinado_as  3184.5KB
04:31:04 INFO     ✓ [ 43/132] ptd_midr-docdiretivo_aprovado_assinado_tarjado.pdf  3864.1KB
04:31:07 INFO     ✓ [ 44/132] ptd_midr_-_anexo_de_entregas_-_aprovado_assinado.p  1122.0KB
04:31:10 INFO     ✓ [ 45/132] mda-documento-diretivo-assinado_ptd-2025-207-copia   955.8KB
04:31:13 INFO     ✓ [ 46/132] cvm_ptd_2025_2027_docdiretivo_assinado_assinado_as   270.5KB
04:31:15 INFO     ✓ [ 47/132] cvm_ptd_2025_2027_anexoentregas_assinado_assinado_   409.0KB
04:31:18 INFO     ✓ [ 48/132] dnocs_ptd_doc_diretivo_2025_2026_assinado_orgao-2_   891.1KB
04:31:20 INFO     ✓ [ 49/132] dnocs_anexo_de_entregas_repactuado_2025_2026_assin   272.3KB
04:31:26 INFO     ✓ [ 50/132] fbn_ptd_2025_2027_docdiretivo_assinado-1_tarjado.p  2921.6KB
04:31:28 INFO     ✓ [ 51/132] fbn_ptd_2025_2027_anexo_de_entregas_assinado-1.pdf   162.3KB
04:31:32 INFO     ✓ [ 52/132] fcp_ptd_2025_2027_docdiretivo_assinado-1_tarjado.p  1612.0KB
04:31:34 INFO     ✓ [ 53/132] fcp_ptd_2025_2027_anexo_de_entregas_assinado-1.pdf   118.8KB
04:31:37 INFO     ✓ [ 54/132] fcrb_ptd_2025_2026_docdiretivo_aprovado_assinado-1   998.2KB
04:31:39 INFO     ✓ [ 55/132] fcrb_ptd_2025_2026_anexo_de_entregas_aprovado_assi   313.5KB
04:31:43 INFO     ✓ [ 56/132] fiocruz_novo-ptd_2-1_docdiretivo_repactuacao_2024-  1318.1KB
04:31:45 INFO     ✓ [ 57/132] fiocruz_ptd_anexo_de_entregas_assinado_v1_assinado   257.1KB
04:31:50 INFO     ✓ [ 58/132] fiocruz-ptd-06_2024-copia_tarjada.pdf               1693.8KB
04:31:54 INFO     ✓ [ 59/132] funai_ptd_2025_2027_docdiretivo_assinado-1_tarjado  1842.1KB
04:31:57 INFO     ✓ [ 60/132] funai_anexo_de_entregas_repactuado_2026_2027_assin   435.7KB
04:32:00 INFO     ✓ [ 61/132] funarte_ptd_docdiretivo_assinado_21_01_2025_assina   965.7KB
04:32:03 INFO     ✓ [ 62/132] funarte_ptd_anexo_de_entregas_assinado_v1_assinado   683.6KB
04:32:06 INFO     ✓ [ 63/132] fundacentro_ptd_2025_2027_docdiretivo_assinado_ass   826.6KB
04:32:08 INFO     ✓ [ 64/132] fundacentro_ptd_2025_2027_anexo_de_entregas_assina   635.5KB
04:32:11 INFO     ✓ [ 65/132] mma_ptd_docdiretivo_assinado_2025_2026-1_assinado_   949.3KB
04:32:13 INFO     ✓ [ 66/132] mma_ptd_anexo_de_entregas_aprovado_final_assinado_   174.8KB
04:32:17 INFO     ✓ [ 67/132] ibge_docdiretivo_2025_assinado_assinado_assinado-c  1167.3KB
04:32:19 INFO     ✓ [ 68/132] ibge_ptd_25_26_anexo_de_entregas_modelo_v2-1_assin   143.7KB
04:32:29 INFO     ✓ [ 69/132] incra_ptd_docdiretivo__assinado-1_assinado_assinad  7182.0KB
04:32:33 INFO     ✓ [ 70/132] incra_anexo_de_entregas_assinado-1_assinado_assina  1818.6KB
04:32:38 INFO     ✓ [ 71/132] inpi_ptd_docdiretivo_assinado_2025_2026_assinado_a  3322.4KB
04:32:43 INFO     ✓ [ 72/132] inpi_ptd_anexo_de_entregas_assinado_v1_assinado_as  3078.1KB
04:32:47 INFO     ✓ [ 73/132] inss_ptd_2025_2027_docdiretivo-assinado-copia_tarj  1173.3KB
04:32:49 INFO     ✓ [ 74/132] inss_ptd_2025_2027_anexo_de_entregas-assinado-copi   110.8KB
04:32:52 INFO     ✓ [ 75/132] iphan_ptd_docdiretivo_assinado_2025_2026_assinado_   885.7KB
04:32:54 INFO     ✓ [ 76/132] iphan_ptd_anexo_de_entregas_assinado_v1_assinado_a   310.9KB
04:33:01 INFO     ✓ [ 77/132] iti_doc_diretivo_assinado-1_tarjado.pdf             4905.1KB
04:33:04 INFO     ✓ [ 78/132] iti_anexo_de_entregas_assinado.pdf                   556.4KB
04:33:08 INFO     ✓ [ 79/132] mapa_ptd_2025_2027_docdiretivo_assinado-1_tarjado.  1740.9KB
04:33:10 INFO     ✓ [ 80/132] mapa_ptd_2025_2027_anexo_de_entregas_assinado-1.pd   261.9KB
04:33:17 INFO     ✓ [ 81/132] documento-diretivo-mcom-_-ptd-25_27-copia_tarjada.  4451.9KB
04:33:20 INFO     ✓ [ 82/132] anexo-de-entregas-mcom_ptd-25_27-copia_tarjada.pdf  1213.8KB
04:33:26 INFO     ✓ [ 83/132] ptd_21_24_mcom-copia_tarjada.pdf                    3040.7KB
04:33:29 INFO     ✓ [ 84/132] mcti_ptd_2025-2027_docdiretivo_assinado-copia_tarj  1030.7KB
04:33:31 INFO     ✓ [ 85/132] mcti_ptd_2025-2027_anexo-de-entregas_assinado-copi   145.8KB
04:33:33 INFO     ✓ [ 86/132] mda-anexo-entregas-assinado_ptd-2025-2027-copia-ta   284.6KB
04:33:36 INFO     ✓ [ 87/132] mdhc_ptd_2025_2027_docdiretivo_assinado_assinado_a   753.4KB
04:33:38 INFO     ✓ [ 88/132] mdhc_ptd_2025_2027_anexoentregas_assinado_assinado   186.8KB
04:33:41 INFO     ✓ [ 89/132] mdic_ptd_anexo_de_entregas_assinado_v1_assinado_as   176.6KB
04:33:44 INFO     ✓ [ 90/132] memp_ptd_2025_2026_docdiretivo_assinado_assinado_a  1030.1KB
04:33:46 INFO     ✓ [ 91/132] memp_ptd_2025_2026_anexo_de_entregas_assinado_assi   161.5KB
04:33:49 INFO     ✓ [ 92/132] mesp_ptd_2025_2027_docdiretivo_assinado_assinado_2  1147.7KB
04:33:52 INFO     ✓ [ 93/132] mesp_ptd_2025_2027_anexo_de_entregas_assinado_assi   226.6KB
04:33:55 INFO     ✓ [ 94/132] mf_ptd_2026_2027_documentodiretivo_assinado_assina   955.1KB
04:33:57 INFO     ✓ [ 95/132] mf_ptd_2026_2027_anexo_de_entregas_1_mf_se_assinad   241.2KB
04:34:00 INFO     ✓ [ 96/132] mgi_ptd_2025_2027_docdiretivo_assinado_assinado_as   375.2KB
04:34:02 INFO     ✓ [ 97/132] mgi_ptd_2025_2027_anexo_de_entregas_assinado_assin   256.1KB
04:34:05 INFO     ✓ [ 98/132] minc_ptd_2025_2027_docdiretivo_assinado-1_assinado   863.6KB
04:34:07 INFO     ✓ [ 99/132] minc_ptd_2025_2027_anexo_de_entregas_assinado-1_as   276.7KB
04:34:11 INFO     ✓ [100/132] mjsp_ptd_docdiretivo_assinado_2025_2026_assinado_a   954.0KB
04:34:13 INFO     ✓ [101/132] mjsp_ptd_anexo_de_entregas_assinado_v1_assinado_as   253.9KB
04:34:17 INFO     ✓ [102/132] mme_ptd_2025_2027_docdiretivo_assinado-copia_tarja   664.5KB
04:34:19 INFO     ✓ [103/132] mme_ptd_2025_2027_anexo_de_entregas_assinado__1_-c   111.1KB
04:34:23 INFO     ✓ [104/132] mmulheres_ptd_2025_2027_docdiretivo_assinado_assin  1078.3KB
04:34:25 INFO     ✓ [105/132] mmulheres_ptd_2025_2027_anexo_de_entregas_assinado   216.9KB
04:34:28 INFO     ✓ [106/132] mpi_ptd_2025_2027_docdiretivo_ministerio_dos_povos   947.9KB
04:34:30 INFO     ✓ [107/132] mpi_ptd_anexo_de_entregas_do_plano_de_tranformacao   191.9KB
04:34:33 INFO     ✓ [108/132] mpo_ptd_docdiretivo_assinado_2025_2026_assinado_as   806.3KB
04:34:36 INFO     ✓ [109/132] mpo_ptd_anexo_de_entregas_assinado_v1_assinado_ass   323.2KB
04:34:39 INFO     ✓ [110/132] mpor_ptd_2025_2027_docdiretivo_assinado_assinado_a   876.5KB
04:34:41 INFO     ✓ [111/132] mpor_ptd_2025_2027_anexo_de_entregas_assinado_assi   175.1KB
04:34:44 INFO     ✓ [112/132] mps_ptd_2025-2026_docdiretivo_final_assinado-1_ass  1024.4KB
04:34:46 INFO     ✓ [113/132] mps_ptd_2025-2026_anexo_de_entregas_final_assinado   165.0KB
04:34:49 INFO     ✓ [114/132] mre_ptd_docdiretivo_assinado_2025_2026_assinado_as   760.9KB
04:34:52 INFO     ✓ [115/132] mre_ptd_anexo_de_entregas_assinado_v1_assinado_ass   233.2KB
04:34:54 INFO     ✓ [116/132] mte_ptd_2025_2026_docdiretivo_assinado_assinado_as   729.6KB
04:34:57 INFO     ✓ [117/132] mte_ptd_anexo_de_entregas_assinado_v1__281_29_assi   459.5KB
04:35:01 INFO     ✓ [118/132] mtur_ptd_docdiretiv_assinado_30_01_2025_assinado_a  1050.4KB
04:35:03 INFO     ✓ [119/132] mtur_ptd_anexo_de_entregas_assinado_30_01_2025_ass   118.8KB
04:35:06 INFO     ✓ [120/132] pf_ptd_docdiretivo_2025_2027_assinado-copia_tarjad   964.3KB
04:35:08 INFO     ✓ [121/132] pf_ptd_anexo_de_entregas_2025_2027_assinado-copia_    62.5KB
04:35:10 INFO     ✓ [122/132] mf_ptd_2026_2027_anexo_de_entregas_4_mf_pgfn_assin   466.8KB
04:35:20 INFO     ✓ [123/132] previc_plano_de_transformacao_digital_2025_2026_29  6652.7KB
04:35:22 INFO     ✓ [124/132] previc_ptd_repactuacao_2025-2026_assinado_assinado   182.9KB
04:35:24 INFO     ✓ [125/132] prf_documentodiretivo_ptd_2026-2027_assinado_tarja   535.9KB
04:35:27 INFO     ✓ [126/132] prf_anexo_de_entregas_do_ptd__2026_2027___ptd___en   157.7KB
04:35:29 INFO     ✓ [127/132] mf_ptd_2026_2027_anexo_de_entregas_2_mf_rfb_assina   253.7KB
04:35:32 INFO     ✓ [128/132] sgpr_ptd_2026_2027_docdiretivo_assinado-copia_tarj   791.2KB
04:35:35 INFO     ✓ [129/132] sgpr_ptd_2025_2027_anexo_de_entregas_assinado-copi   897.9KB
04:35:38 INFO     ✓ [130/132] mf_ptd_2026_2027_anexo_de_entregas_3_mf_stn_assina   467.8KB
04:35:41 INFO     ✓ [131/132] susep_ptd_2025_2027_docdiretivo-assinado-copia_tar  1030.1KB
04:35:44 INFO     ✓ [132/132] susep_ptd_2025-2026_anexo_de_entregas_final_assina   221.9KB
04:35:45 INFO     132 OK | 0 erros | 123.3 MB total
04:35:51 INFO     Sanity: 132 PDFs | 113 texto | 19 imagem/OCR | 0 duplicatas
04:35:51 INFO     --siglas (debug): 13 PDFs de ['AGU', 'FIOCRUZ', 'FUNAI', 'FUNDACENTRO', 'INCRA', 'ITI', 'MCOM', 'SGPR']
04:35:51 INFO     DocumentConverter instanciado (singleton × 2: plain + OCR)
04:35:51 INFO     [1/13] → agu_ptd_2025_2027_anexo_de_entregas_assinado_assinado_assinado-copia_tarjada.pdf
04:35:51 INFO     detected formats: [<InputFormat.PDF: 'pdf'>]
04:35:51 INFO     Going to convert document batch...
04:35:51 INFO     Initializing pipeline for StandardPdfPipeline with options hash bc6794697da537796efc497178f9263f
04:35:51 INFO     Loading plugin 'docling_defaults'
04:35:51 INFO     Registered picture descriptions: ['picture_description_vlm_engine', 'vlm', 'api']
04:35:51 INFO     Loading plugin 'docling_defaults'
04:35:51 INFO     Registered ocr engines: ['auto', 'easyocr', 'kserve_v2_ocr', 'ocrmac', 'rapidocr', 'tesserocr', 'tesseract']
04:35:51 INFO     command: tesseract --list-langs
04:35:51 INFO     Loading plugin 'docling_defaults'
04:35:51 INFO     Registered layout engines: ['layout_object_detection', 'docling_layout_default', 'docling_experimental_table_crops_layout']
04:35:51 INFO     Accelerator device: 'cpu'
04:35:51 INFO     HTTP Request: GET https://huggingface.co/api/models/docling-project/docling-layout-heron/revision/main "HTTP/1.1 200 OK"
04:35:51 INFO     HTTP Request: HEAD https://huggingface.co/docling-project/docling-layout-heron/resolve/8f39ad3c0b4c58e9c2d2c84a38465abf757272d8/README.md "HTTP/1.1 307 Temporary Redirect"
04:35:51 INFO     HTTP Request: HEAD https://huggingface.co/api/resolve-cache/models/docling-project/docling-layout-heron/8f39ad3c0b4c58e9c2d2c84a38465abf757272d8/README.md "HTTP/1.1 200 OK"
04:35:51 INFO     HTTP Request: HEAD https://huggingface.co/docling-project/docling-layout-heron/resolve/8f39ad3c0b4c58e9c2d2c84a38465abf757272d8/config.json "HTTP/1.1 307 Temporary Redirect"
04:35:51 WARNING  Warning: You are sending unauthenticated requests to the HF Hub. Please set a HF_TOKEN to enable higher rate limits and faster downloads.
04:35:51 INFO     HTTP Request: GET https://huggingface.co/api/resolve-cache/models/docling-project/docling-layout-heron/8f39ad3c0b4c58e9c2d2c84a38465abf757272d8/README.md "HTTP/1.1 200 OK"
04:35:51 INFO     HTTP Request: HEAD https://huggingface.co/docling-project/docling-layout-heron/resolve/8f39ad3c0b4c58e9c2d2c84a38465abf757272d8/preprocessor_config.json "HTTP/1.1 307 Temporary Redirect"
04:35:51 INFO     HTTP Request: HEAD https://huggingface.co/docling-project/docling-layout-heron/resolve/8f39ad3c0b4c58e9c2d2c84a38465abf757272d8/docling_heron_400.png "HTTP/1.1 307 Temporary Redirect"
04:35:51 INFO     HTTP Request: HEAD https://huggingface.co/docling-project/docling-layout-heron/resolve/8f39ad3c0b4c58e9c2d2c84a38465abf757272d8/model.safetensors "HTTP/1.1 302 Found"
04:35:51 INFO     HTTP Request: HEAD https://huggingface.co/docling-project/docling-layout-heron/resolve/8f39ad3c0b4c58e9c2d2c84a38465abf757272d8/.gitattributes "HTTP/1.1 307 Temporary Redirect"
04:35:51 INFO     HTTP Request: HEAD https://huggingface.co/api/resolve-cache/models/docling-project/docling-layout-heron/8f39ad3c0b4c58e9c2d2c84a38465abf757272d8/config.json "HTTP/1.1 200 OK"
04:35:51 INFO     HTTP Request: HEAD https://huggingface.co/api/resolve-cache/models/docling-project/docling-layout-heron/8f39ad3c0b4c58e9c2d2c84a38465abf757272d8/preprocessor_config.json "HTTP/1.1 200 OK"
04:35:51 INFO     HTTP Request: HEAD https://huggingface.co/api/resolve-cache/models/docling-project/docling-layout-heron/8f39ad3c0b4c58e9c2d2c84a38465abf757272d8/docling_heron_400.png "HTTP/1.1 200 OK"
04:35:51 INFO     HTTP Request: HEAD https://huggingface.co/api/resolve-cache/models/docling-project/docling-layout-heron/8f39ad3c0b4c58e9c2d2c84a38465abf757272d8/.gitattributes "HTTP/1.1 200 OK"
04:35:51 INFO     HTTP Request: GET https://huggingface.co/api/resolve-cache/models/docling-project/docling-layout-heron/8f39ad3c0b4c58e9c2d2c84a38465abf757272d8/docling_heron_400.png "HTTP/1.1 200 OK"
04:35:51 INFO     HTTP Request: GET https://huggingface.co/api/resolve-cache/models/docling-project/docling-layout-heron/8f39ad3c0b4c58e9c2d2c84a38465abf757272d8/preprocessor_config.json "HTTP/1.1 200 OK"
04:35:51 INFO     HTTP Request: GET https://huggingface.co/api/resolve-cache/models/docling-project/docling-layout-heron/8f39ad3c0b4c58e9c2d2c84a38465abf757272d8/config.json "HTTP/1.1 200 OK"
04:35:51 INFO     HTTP Request: GET https://huggingface.co/api/resolve-cache/models/docling-project/docling-layout-heron/8f39ad3c0b4c58e9c2d2c84a38465abf757272d8/.gitattributes "HTTP/1.1 200 OK"
04:35:51 INFO     HTTP Request: GET https://huggingface.co/api/models/docling-project/docling-layout-heron/xet-read-token/8f39ad3c0b4c58e9c2d2c84a38465abf757272d8 "HTTP/1.1 200 OK"
04:35:53 INFO     Loading plugin 'docling_defaults'
04:35:53 INFO     Registered table structure engines: ['docling_tableformer', 'docling_tableformer_v2']
04:35:53 INFO     HTTP Request: GET https://huggingface.co/api/models/docling-project/docling-models/revision/v2.3.0 "HTTP/1.1 200 OK"
04:35:53 INFO     HTTP Request: HEAD https://huggingface.co/docling-project/docling-models/resolve/fc0f2d45e2218ea24bce5045f58a389aed16dc23/.gitignore "HTTP/1.1 307 Temporary Redirect"
04:35:53 INFO     HTTP Request: HEAD https://huggingface.co/docling-project/docling-models/resolve/fc0f2d45e2218ea24bce5045f58a389aed16dc23/config.json "HTTP/1.1 307 Temporary Redirect"
04:35:53 INFO     HTTP Request: HEAD https://huggingface.co/docling-project/docling-models/resolve/fc0f2d45e2218ea24bce5045f58a389aed16dc23/.gitattributes "HTTP/1.1 307 Temporary Redirect"
04:35:53 INFO     HTTP Request: HEAD https://huggingface.co/docling-project/docling-models/resolve/fc0f2d45e2218ea24bce5045f58a389aed16dc23/model_artifacts/tableformer/accurate/tm_config.json "HTTP/1.1 307 Temporary Redirect"
04:35:53 INFO     HTTP Request: HEAD https://huggingface.co/docling-project/docling-models/resolve/fc0f2d45e2218ea24bce5045f58a389aed16dc23/model_artifacts/tableformer/accurate/tableformer_accurate.safetensors "HTTP/1.1 302 Found"
04:35:53 INFO     HTTP Request: HEAD https://huggingface.co/api/resolve-cache/models/docling-project/docling-models/fc0f2d45e2218ea24bce5045f58a389aed16dc23/.gitignore "HTTP/1.1 200 OK"
04:35:53 INFO     HTTP Request: HEAD https://huggingface.co/docling-project/docling-models/resolve/fc0f2d45e2218ea24bce5045f58a389aed16dc23/README.md "HTTP/1.1 307 Temporary Redirect"
04:35:53 INFO     HTTP Request: HEAD https://huggingface.co/api/resolve-cache/models/docling-project/docling-models/fc0f2d45e2218ea24bce5045f58a389aed16dc23/config.json "HTTP/1.1 200 OK"
04:35:53 INFO     HTTP Request: HEAD https://huggingface.co/api/resolve-cache/models/docling-project/docling-models/fc0f2d45e2218ea24bce5045f58a389aed16dc23/.gitattributes "HTTP/1.1 200 OK"
04:35:53 INFO     HTTP Request: HEAD https://huggingface.co/docling-project/docling-models/resolve/fc0f2d45e2218ea24bce5045f58a389aed16dc23/model_artifacts/tableformer/fast/tableformer_fast.safetensors "HTTP/1.1 302 Found"
04:35:53 INFO     HTTP Request: HEAD https://huggingface.co/api/resolve-cache/models/docling-project/docling-models/fc0f2d45e2218ea24bce5045f58a389aed16dc23/model_artifacts%2Ftableformer%2Faccurate%2Ftm_config.json "HTTP/1.1 200 OK"
04:35:53 INFO     HTTP Request: HEAD https://huggingface.co/docling-project/docling-models/resolve/fc0f2d45e2218ea24bce5045f58a389aed16dc23/model_artifacts/tableformer/fast/tm_config.json "HTTP/1.1 307 Temporary Redirect"
04:35:53 INFO     HTTP Request: HEAD https://huggingface.co/api/resolve-cache/models/docling-project/docling-models/fc0f2d45e2218ea24bce5045f58a389aed16dc23/README.md "HTTP/1.1 200 OK"
04:35:53 INFO     HTTP Request: GET https://huggingface.co/api/resolve-cache/models/docling-project/docling-models/fc0f2d45e2218ea24bce5045f58a389aed16dc23/.gitignore "HTTP/1.1 200 OK"
04:35:53 INFO     HTTP Request: GET https://huggingface.co/api/resolve-cache/models/docling-project/docling-models/fc0f2d45e2218ea24bce5045f58a389aed16dc23/config.json "HTTP/1.1 200 OK"
04:35:53 INFO     HTTP Request: HEAD https://huggingface.co/api/resolve-cache/models/docling-project/docling-models/fc0f2d45e2218ea24bce5045f58a389aed16dc23/model_artifacts%2Ftableformer%2Ffast%2Ftm_config.json "HTTP/1.1 200 OK"
04:35:53 INFO     HTTP Request: GET https://huggingface.co/api/resolve-cache/models/docling-project/docling-models/fc0f2d45e2218ea24bce5045f58a389aed16dc23/model_artifacts%2Ftableformer%2Faccurate%2Ftm_config.json "HTTP/1.1 200 OK"
04:35:53 INFO     HTTP Request: GET https://huggingface.co/api/resolve-cache/models/docling-project/docling-models/fc0f2d45e2218ea24bce5045f58a389aed16dc23/.gitattributes "HTTP/1.1 200 OK"
04:35:53 INFO     HTTP Request: GET https://huggingface.co/api/models/docling-project/docling-models/xet-read-token/fc0f2d45e2218ea24bce5045f58a389aed16dc23 "HTTP/1.1 200 OK"
04:35:53 INFO     HTTP Request: GET https://huggingface.co/api/resolve-cache/models/docling-project/docling-models/fc0f2d45e2218ea24bce5045f58a389aed16dc23/README.md "HTTP/1.1 200 OK"
04:35:53 INFO     HTTP Request: GET https://huggingface.co/api/resolve-cache/models/docling-project/docling-models/fc0f2d45e2218ea24bce5045f58a389aed16dc23/model_artifacts%2Ftableformer%2Ffast%2Ftm_config.json "HTTP/1.1 200 OK"
04:35:53 INFO     HTTP Request: GET https://huggingface.co/api/models/docling-project/docling-models/xet-read-token/fc0f2d45e2218ea24bce5045f58a389aed16dc23 "HTTP/1.1 200 OK"
04:35:54 INFO     Accelerator device: 'cpu'
04:35:54 INFO     Processing document agu_ptd_2025_2027_anexo_de_entregas_assinado_assinado_assinado-copia_tarjada.pdf
04:35:55 INFO     command: tesseract --psm 0 -l osd /tmp/tmpq2isj3su.png stdout
04:35:56 INFO     command: tesseract -l por /tmp/tmpq2isj3su.png stdout tsv
04:35:59 INFO     command: tesseract --psm 0 -l osd /tmp/tmpqs97ph3e.png stdout
04:36:00 INFO     command: tesseract -l por /tmp/tmpqs97ph3e.png stdout tsv
04:36:19 INFO     Finished converting document agu_ptd_2025_2027_anexo_de_entregas_assinado_assinado_assinado-copia_tarjada.pdf in 28.41 sec.
04:36:19 INFO       pixel_budget (Docling) agu_ptd_2025_2027_anexo_de_entregas_assinado_assinado_assinado-copia_tarjada.pdf: 45.8% (área tabelas/1001817 px²)
04:36:19 INFO     [1/13] ✓ AGU       :   33 entregas | 28.4s | ETA ~5min
04:36:19 INFO     [2/13] → agu_ptd_2025_2027_docdiretivo_assinado_assinado_assinado-copia_tarjada.pdf
04:36:19 INFO     detected formats: [<InputFormat.PDF: 'pdf'>]
04:36:19 INFO     Going to convert document batch...
04:36:19 INFO     Processing document agu_ptd_2025_2027_docdiretivo_assinado_assinado_assinado-copia_tarjada.pdf
04:36:20 INFO     command: tesseract --psm 0 -l osd /tmp/tmp3iqs8urn.png stdout
04:36:20 INFO     command: tesseract -l por /tmp/tmp3iqs8urn.png stdout tsv
04:36:22 INFO     command: tesseract --psm 0 -l osd /tmp/tmp7736f_by.png stdout
04:36:24 INFO     command: tesseract -l por /tmp/tmp7736f_by.png stdout tsv
04:36:28 INFO     command: tesseract --psm 0 -l osd /tmp/tmpro4ub8j6.png stdout
04:36:28 INFO     command: tesseract -l por /tmp/tmpro4ub8j6.png stdout tsv
04:36:30 INFO     command: tesseract --psm 0 -l osd /tmp/tmpd_18wkiu.png stdout
04:36:31 INFO     command: tesseract -l por /tmp/tmpd_18wkiu.png stdout tsv
04:36:33 INFO     command: tesseract --psm 0 -l osd /tmp/tmpwzm0v3v2.png stdout
04:36:34 INFO     command: tesseract -l por /tmp/tmpwzm0v3v2.png stdout tsv
04:36:36 INFO     command: tesseract --psm 0 -l osd /tmp/tmp7dozcqyg.png stdout
04:36:38 INFO     command: tesseract -l por /tmp/tmp7dozcqyg.png stdout tsv
04:36:48 INFO     command: tesseract --psm 0 -l osd /tmp/tmpjz0h7_mr.png stdout
04:36:49 INFO     command: tesseract -l por /tmp/tmpjz0h7_mr.png stdout tsv
04:36:51 INFO     command: tesseract --psm 0 -l osd /tmp/tmpjnu3_foq.png stdout
04:36:52 INFO     command: tesseract -l por /tmp/tmpjnu3_foq.png stdout tsv
04:36:54 INFO     command: tesseract --psm 0 -l osd /tmp/tmp1i456h61.png stdout
04:36:55 INFO     command: tesseract -l por /tmp/tmp1i456h61.png stdout tsv
04:36:57 INFO     command: tesseract --psm 0 -l osd /tmp/tmp2xt5pak6.png stdout
04:36:58 INFO     command: tesseract -l por /tmp/tmp2xt5pak6.png stdout tsv
04:37:13 INFO     command: tesseract --psm 0 -l osd /tmp/tmpldyqjdaj.png stdout
04:37:14 INFO     command: tesseract -l por /tmp/tmpldyqjdaj.png stdout tsv
04:37:17 INFO     Finished converting document agu_ptd_2025_2027_docdiretivo_assinado_assinado_assinado-copia_tarjada.pdf in 58.11 sec.
04:37:17 INFO       pixel_budget (Docling) agu_ptd_2025_2027_docdiretivo_assinado_assinado_assinado-copia_tarjada.pdf: 2.1% (área tabelas/5513330 px²)
04:37:17 INFO     [2/13] ✓ AGU       :    6 entregas | 58.1s | ETA ~7min
04:37:17 INFO     [3/13] → fiocruz-ptd-06_2024-copia_tarjada.pdf
04:37:17 INFO     detected formats: [<InputFormat.PDF: 'pdf'>]
04:37:17 INFO     Going to convert document batch...
04:37:17 INFO     Initializing pipeline for StandardPdfPipeline with options hash d18651824ca6fe56cf3ccb20424ac2c8
04:37:17 INFO     Accelerator device: 'cpu'
04:37:17 INFO     HTTP Request: GET https://huggingface.co/api/models/docling-project/docling-layout-heron/revision/main "HTTP/1.1 200 OK"
04:37:18 INFO     HTTP Request: GET https://huggingface.co/api/models/docling-project/docling-models/revision/v2.3.0 "HTTP/1.1 200 OK"
04:37:18 INFO     Accelerator device: 'cpu'
04:37:18 INFO     Processing document fiocruz-ptd-06_2024-copia_tarjada.pdf
04:38:26 INFO     Finished converting document fiocruz-ptd-06_2024-copia_tarjada.pdf in 68.91 sec.
04:38:26 INFO       pixel_budget (Docling) fiocruz-ptd-06_2024-copia_tarjada.pdf: 36.4% (área tabelas/7518178 px²)
04:38:26 WARNING  [3/13] ⚠ FIOCRUZ   :    0 entregas | 69.0s | ETA ~8min
04:38:26 INFO     [4/13] → fiocruz_novo-ptd_2-1_docdiretivo_repactuacao_2024-2026_assinado_assinado-copia_tarjada.pdf
04:38:26 INFO     detected formats: [<InputFormat.PDF: 'pdf'>]
04:38:26 INFO     Going to convert document batch...
04:38:26 INFO     Processing document fiocruz_novo-ptd_2-1_docdiretivo_repactuacao_2024-2026_assinado_assinado-copia_tarjada.pdf
04:38:44 INFO     Finished converting document fiocruz_novo-ptd_2-1_docdiretivo_repactuacao_2024-2026_assinado_assinado-copia_tarjada.pdf in 17.82 sec.
04:38:44 INFO       pixel_budget (Docling) fiocruz_novo-ptd_2-1_docdiretivo_repactuacao_2024-2026_assinado_assinado-copia_tarjada.pdf: 11.3% (área tabelas/5012118 px²)
04:38:44 WARNING  [4/13] ⚠ FIOCRUZ   :    0 entregas | 17.8s | ETA ~6min
04:38:44 INFO     [5/13] → fiocruz_ptd_anexo_de_entregas_assinado_v1_assinado_assinado-1-copia_tarjada.pdf
04:38:44 INFO     detected formats: [<InputFormat.PDF: 'pdf'>]
04:38:44 INFO     Going to convert document batch...
04:38:44 INFO     Processing document fiocruz_ptd_anexo_de_entregas_assinado_v1_assinado_assinado-1-copia_tarjada.pdf
04:39:17 INFO     Finished converting document fiocruz_ptd_anexo_de_entregas_assinado_v1_assinado_assinado-1-copia_tarjada.pdf in 32.76 sec.
04:39:17 INFO       pixel_budget (Docling) fiocruz_ptd_anexo_de_entregas_assinado_v1_assinado_assinado-1-copia_tarjada.pdf: 54.7% (área tabelas/2004847 px²)
04:39:17 INFO     [5/13] ✓ FIOCRUZ   :   61 entregas | 32.8s | ETA ~5min
04:39:17 INFO     [6/13] → funai_anexo_de_entregas_repactuado_2026_2027_assinado_assinado_assinado.pdf
04:39:17 INFO     detected formats: [<InputFormat.PDF: 'pdf'>]
04:39:17 INFO     Going to convert document batch...
04:39:17 INFO     Processing document funai_anexo_de_entregas_repactuado_2026_2027_assinado_assinado_assinado.pdf
04:39:18 INFO     command: tesseract --psm 0 -l osd /tmp/tmpuc3h6n3_.png stdout
04:39:19 INFO     command: tesseract -l por /tmp/tmpuc3h6n3_.png stdout tsv
04:39:33 INFO     Finished converting document funai_anexo_de_entregas_repactuado_2026_2027_assinado_assinado_assinado.pdf in 16.12 sec.
04:39:33 INFO       pixel_budget (Docling) funai_anexo_de_entregas_repactuado_2026_2027_assinado_assinado_assinado.pdf: 49.8% (área tabelas/501212 px²)
04:39:33 INFO     [6/13] ✓ FUNAI     :   21 entregas | 16.1s | ETA ~4min
04:39:33 INFO     [7/13] → funai_ptd_2025_2027_docdiretivo_assinado-1_tarjado.pdf
04:39:33 INFO     detected formats: [<InputFormat.PDF: 'pdf'>]
04:39:33 INFO     Going to convert document batch...
04:39:33 INFO     Processing document funai_ptd_2025_2027_docdiretivo_assinado-1_tarjado.pdf
04:39:34 INFO     command: tesseract --psm 0 -l osd /tmp/tmp64z5126p.png stdout
04:39:35 INFO     command: tesseract -l por /tmp/tmp64z5126p.png stdout tsv
04:39:36 INFO     command: tesseract --psm 0 -l osd /tmp/tmpzt7xwejx.png stdout
04:39:37 INFO     command: tesseract -l por /tmp/tmpzt7xwejx.png stdout tsv
04:39:40 INFO     command: tesseract --psm 0 -l osd /tmp/tmp0xl7h2x_.png stdout
04:39:40 INFO     command: tesseract -l por /tmp/tmp0xl7h2x_.png stdout tsv
04:39:42 INFO     command: tesseract --psm 0 -l osd /tmp/tmp39hyhhly.png stdout
04:39:43 INFO     command: tesseract -l por /tmp/tmp39hyhhly.png stdout tsv
04:39:45 INFO     command: tesseract --psm 0 -l osd /tmp/tmp822fyezr.png stdout
04:39:46 INFO     command: tesseract -l por /tmp/tmp822fyezr.png stdout tsv
04:39:48 INFO     command: tesseract --psm 0 -l osd /tmp/tmp0yhif4y7.png stdout
04:39:49 INFO     command: tesseract -l por /tmp/tmp0yhif4y7.png stdout tsv
04:40:00 INFO     command: tesseract --psm 0 -l osd /tmp/tmpqeerfqq8.png stdout
04:40:01 INFO     command: tesseract -l por /tmp/tmpqeerfqq8.png stdout tsv
04:40:02 INFO     command: tesseract --psm 0 -l osd /tmp/tmpyxyo97u9.png stdout
04:40:03 INFO     command: tesseract -l por /tmp/tmpyxyo97u9.png stdout tsv
04:40:04 INFO     command: tesseract --psm 0 -l osd /tmp/tmpm4yp_o76.png stdout
04:40:05 INFO     command: tesseract -l por /tmp/tmpm4yp_o76.png stdout tsv
04:40:07 INFO     command: tesseract --psm 0 -l osd /tmp/tmpmoympquo.png stdout
04:40:08 INFO     command: tesseract -l por /tmp/tmpmoympquo.png stdout tsv
04:40:19 INFO     command: tesseract --psm 0 -l osd /tmp/tmp0s7287us.png stdout
04:40:20 INFO     command: tesseract -l por /tmp/tmp0s7287us.png stdout tsv
04:40:24 INFO     command: tesseract --psm 0 -l osd /tmp/tmpazf6u0ps.png stdout
04:40:25 INFO     command: tesseract -l por /tmp/tmpazf6u0ps.png stdout tsv
04:40:28 INFO     command: tesseract --psm 0 -l osd /tmp/tmpfhys2fzg.png stdout
04:40:29 INFO     command: tesseract -l por /tmp/tmpfhys2fzg.png stdout tsv
04:40:35 INFO     Finished converting document funai_ptd_2025_2027_docdiretivo_assinado-1_tarjado.pdf in 62.40 sec.
04:40:35 INFO       pixel_budget (Docling) funai_ptd_2025_2027_docdiretivo_assinado-1_tarjado.pdf: 16.4% (área tabelas/6515754 px²)
04:40:35 INFO     [7/13] ✓ FUNAI     :    8 entregas | 62.4s | ETA ~4min
04:40:35 INFO     [8/13] → incra_anexo_de_entregas_assinado-1_assinado_assinado-copia_tarjada.pdf
04:40:35 INFO     detected formats: [<InputFormat.PDF: 'pdf'>]
04:40:35 INFO     Going to convert document batch...
04:40:35 INFO     Processing document incra_anexo_de_entregas_assinado-1_assinado_assinado-copia_tarjada.pdf
04:40:37 INFO     command: tesseract --psm 0 -l osd /tmp/tmp1pyokzlo.png stdout
04:40:37 INFO     command: tesseract -l por /tmp/tmp1pyokzlo.png stdout tsv
04:40:40 INFO     command: tesseract --psm 0 -l osd /tmp/tmpyoemthht.png stdout
04:40:42 INFO     command: tesseract -l por /tmp/tmpyoemthht.png stdout tsv
04:40:49 INFO     command: tesseract --psm 0 -l osd /tmp/tmpjck3gvhb.png stdout
04:40:50 INFO     command: tesseract -l por /tmp/tmpjck3gvhb.png stdout tsv
04:40:51 INFO     command: tesseract --psm 0 -l osd /tmp/tmpvn6ixrhw.png stdout
04:40:53 INFO     command: tesseract -l por /tmp/tmpvn6ixrhw.png stdout tsv
04:40:55 INFO     command: tesseract --psm 0 -l osd /tmp/tmpsfo96jzy.png stdout
04:40:55 INFO     command: tesseract -l por /tmp/tmpsfo96jzy.png stdout tsv
04:42:28 INFO     Finished converting document incra_anexo_de_entregas_assinado-1_assinado_assinado-copia_tarjada.pdf in 112.24 sec.
04:42:28 INFO       pixel_budget (Docling) incra_anexo_de_entregas_assinado-1_assinado_assinado-copia_tarjada.pdf: 30.0% (área tabelas/2423520 px²)
04:42:28 INFO     [8/13] ✓ INCRA     :   10 entregas | 112.2s | ETA ~4min
04:42:28 INFO     [9/13] → incra_ptd_docdiretivo__assinado-1_assinado_assinado-copia_tarjada.pdf
04:42:28 INFO     detected formats: [<InputFormat.PDF: 'pdf'>]
04:42:28 INFO     Going to convert document batch...
04:42:28 INFO     Processing document incra_ptd_docdiretivo__assinado-1_assinado_assinado-copia_tarjada.pdf
04:42:29 INFO     command: tesseract --psm 0 -l osd /tmp/tmplp_ar9fr.png stdout
04:42:29 INFO     command: tesseract -l por /tmp/tmplp_ar9fr.png stdout tsv
04:42:31 INFO     command: tesseract --psm 0 -l osd /tmp/tmpcoyswob9.png stdout
04:42:33 INFO     command: tesseract -l por /tmp/tmpcoyswob9.png stdout tsv
04:42:39 INFO     command: tesseract --psm 0 -l osd /tmp/tmpmo65ejip.png stdout
04:42:40 INFO     command: tesseract -l por /tmp/tmpmo65ejip.png stdout tsv
04:42:42 INFO     command: tesseract --psm 0 -l osd /tmp/tmprqdz903g.png stdout
04:42:43 INFO     command: tesseract -l por /tmp/tmprqdz903g.png stdout tsv
04:42:44 INFO     command: tesseract --psm 0 -l osd /tmp/tmpciox0dek.png stdout
04:42:45 INFO     command: tesseract -l por /tmp/tmpciox0dek.png stdout tsv
04:42:47 INFO     command: tesseract --psm 0 -l osd /tmp/tmpzl_m779b.png stdout
04:42:49 INFO     command: tesseract -l por /tmp/tmpzl_m779b.png stdout tsv
04:43:05 INFO     command: tesseract --psm 0 -l osd /tmp/tmp0iq_bmd9.png stdout
04:43:06 INFO     command: tesseract -l por /tmp/tmp0iq_bmd9.png stdout tsv
04:43:07 INFO     command: tesseract --psm 0 -l osd /tmp/tmp4aui3dxp.png stdout
04:43:08 INFO     command: tesseract -l por /tmp/tmp4aui3dxp.png stdout tsv
04:43:10 INFO     command: tesseract --psm 0 -l osd /tmp/tmp9cdv9nbq.png stdout
04:43:10 INFO     command: tesseract -l por /tmp/tmp9cdv9nbq.png stdout tsv
04:43:12 INFO     command: tesseract --psm 0 -l osd /tmp/tmp5je8hy8r.png stdout
04:43:14 INFO     command: tesseract -l por /tmp/tmp5je8hy8r.png stdout tsv
04:43:19 INFO     command: tesseract --psm 0 -l osd /tmp/tmp40bq_sfi.png stdout
04:43:20 INFO     command: tesseract -l por /tmp/tmp40bq_sfi.png stdout tsv
04:43:29 INFO     command: tesseract --psm 0 -l osd /tmp/tmpvx019cqm.png stdout
04:43:30 INFO     command: tesseract -l por /tmp/tmpvx019cqm.png stdout tsv
04:43:32 INFO     command: tesseract --psm 0 -l osd /tmp/tmpw3mqqjhx.png stdout
04:43:33 INFO     command: tesseract -l por /tmp/tmpw3mqqjhx.png stdout tsv
04:43:41 INFO     Finished converting document incra_ptd_docdiretivo__assinado-1_assinado_assinado-copia_tarjada.pdf in 73.25 sec.
04:43:41 INFO       pixel_budget (Docling) incra_ptd_docdiretivo__assinado-1_assinado_assinado-copia_tarjada.pdf: 20.2% (área tabelas/6515754 px²)
04:43:41 INFO     [9/13] ✓ INCRA     :    9 entregas | 73.3s | ETA ~3min
04:43:41 INFO     [10/13] → iti_anexo_de_entregas_assinado.pdf
04:43:41 INFO     detected formats: [<InputFormat.PDF: 'pdf'>]
04:43:41 INFO     Going to convert document batch...
04:43:41 INFO     Processing document iti_anexo_de_entregas_assinado.pdf
04:43:42 INFO     command: tesseract --psm 0 -l osd /tmp/tmpgr7jcs95.png stdout
04:43:43 INFO     command: tesseract -l por /tmp/tmpgr7jcs95.png stdout tsv
04:43:59 INFO     Finished converting document iti_anexo_de_entregas_assinado.pdf in 17.72 sec.
04:43:59 INFO       pixel_budget (Docling) iti_anexo_de_entregas_assinado.pdf: 57.2% (área tabelas/501212 px²)
04:43:59 INFO     [10/13] ✓ ITI       :   31 entregas | 17.7s | ETA ~2min
04:43:59 INFO     [11/13] → iti_doc_diretivo_assinado-1_tarjado.pdf
04:43:59 INFO     detected formats: [<InputFormat.PDF: 'pdf'>]
04:43:59 INFO     Going to convert document batch...
04:43:59 INFO     Processing document iti_doc_diretivo_assinado-1_tarjado.pdf
04:43:59 INFO     command: tesseract --psm 0 -l osd /tmp/tmpkys0cgkb.png stdout
04:44:00 INFO     command: tesseract -l por /tmp/tmpkys0cgkb.png stdout tsv
04:44:02 INFO     command: tesseract --psm 0 -l osd /tmp/tmp4flbecej.png stdout
04:44:04 INFO     command: tesseract -l por /tmp/tmp4flbecej.png stdout tsv
04:44:07 INFO     command: tesseract --psm 0 -l osd /tmp/tmpsamtx4io.png stdout
04:44:07 INFO     command: tesseract -l por /tmp/tmpsamtx4io.png stdout tsv
04:44:09 INFO     command: tesseract --psm 0 -l osd /tmp/tmplbm0dvf2.png stdout
04:44:10 INFO     command: tesseract -l por /tmp/tmplbm0dvf2.png stdout tsv
04:44:12 INFO     command: tesseract --psm 0 -l osd /tmp/tmpya6iy722.png stdout
04:44:12 INFO     command: tesseract -l por /tmp/tmpya6iy722.png stdout tsv
04:44:14 INFO     command: tesseract --psm 0 -l osd /tmp/tmpby28w_rk.png stdout
04:44:16 INFO     command: tesseract -l por /tmp/tmpby28w_rk.png stdout tsv
04:44:30 INFO     command: tesseract --psm 0 -l osd /tmp/tmpslw0ehto.png stdout
04:44:31 INFO     command: tesseract -l por /tmp/tmpslw0ehto.png stdout tsv
04:44:33 INFO     command: tesseract --psm 0 -l osd /tmp/tmp8sftddg1.png stdout
04:44:34 INFO     command: tesseract -l por /tmp/tmp8sftddg1.png stdout tsv
04:44:36 INFO     command: tesseract --psm 0 -l osd /tmp/tmpsktu_mzk.png stdout
04:44:37 INFO     command: tesseract -l por /tmp/tmpsktu_mzk.png stdout tsv
04:44:39 INFO     command: tesseract --psm 0 -l osd /tmp/tmpymb7hkwn.png stdout
04:44:40 INFO     command: tesseract -l por /tmp/tmpymb7hkwn.png stdout tsv
04:44:52 INFO     command: tesseract --psm 0 -l osd /tmp/tmpgldzl2x_.png stdout
04:44:53 INFO     command: tesseract -l por /tmp/tmpgldzl2x_.png stdout tsv
04:44:57 INFO     Finished converting document iti_doc_diretivo_assinado-1_tarjado.pdf in 58.05 sec.
04:44:57 INFO       pixel_budget (Docling) iti_doc_diretivo_assinado-1_tarjado.pdf: 8.0% (área tabelas/5516339 px²)
04:44:57 INFO     [11/13] ✓ ITI       :    6 entregas | 58.1s | ETA ~1min
04:44:57 INFO     [12/13] → sgpr_ptd_2025_2027_anexo_de_entregas_assinado-copia_tarjada.pdf
04:44:57 INFO     detected formats: [<InputFormat.PDF: 'pdf'>]
04:44:57 INFO     Going to convert document batch...
04:44:57 INFO     Processing document sgpr_ptd_2025_2027_anexo_de_entregas_assinado-copia_tarjada.pdf
04:44:58 INFO     command: tesseract --psm 0 -l osd /tmp/tmpmcm44mq9.png stdout
04:44:58 INFO     command: tesseract -l por /tmp/tmpmcm44mq9.png stdout tsv
04:45:02 INFO     command: tesseract --psm 0 -l osd /tmp/tmpydkql31y.png stdout
04:45:03 INFO     command: tesseract -l por /tmp/tmpydkql31y.png stdout tsv
04:45:13 INFO     Finished converting document sgpr_ptd_2025_2027_anexo_de_entregas_assinado-copia_tarjada.pdf in 15.98 sec.
04:45:13 INFO       pixel_budget (Docling) sgpr_ptd_2025_2027_anexo_de_entregas_assinado-copia_tarjada.pdf: 29.5% (área tabelas/1002424 px²)
04:45:13 INFO     [12/13] ✓ SGPR      :   15 entregas | 16.0s | ETA ~47s
04:45:13 INFO     [13/13] → sgpr_ptd_2026_2027_docdiretivo_assinado-copia_tarjada.pdf
04:45:13 INFO     detected formats: [<InputFormat.PDF: 'pdf'>]
04:45:13 INFO     Going to convert document batch...
04:45:13 INFO     Processing document sgpr_ptd_2026_2027_docdiretivo_assinado-copia_tarjada.pdf
04:45:33 INFO     Finished converting document sgpr_ptd_2026_2027_docdiretivo_assinado-copia_tarjada.pdf in 20.32 sec.
04:45:33 INFO       pixel_budget (Docling) sgpr_ptd_2026_2027_docdiretivo_assinado-copia_tarjada.pdf: 8.2% (área tabelas/5513330 px²)
04:45:33 WARNING  [13/13] ⚠ SGPR      :    0 entregas | 20.3s | ETA ~0s
04:45:33 INFO     200 registros | 6 órgãos
04:45:33 INFO     ╔══════════════════════════════════════════════════════════════╗
04:45:33 INFO     ║                  ENTREGAS — fase concluída                   ║
04:45:33 INFO     ║  Processados: 13    |  ✓ 10  ⚠ 3                             ║
04:45:33 INFO     ║  Duração: 9.7 min                                            ║
04:45:33 INFO     ║  200 registros | 6 órgãos                                    ║
04:45:33 INFO     ╚══════════════════════════════════════════════════════════════╝
04:45:33 INFO     [1/6] → agu_ptd_2025_2027_docdiretivo_assinado_assinado_assinado-copia_tarjada.pdf
04:45:33 INFO     detected formats: [<InputFormat.PDF: 'pdf'>]
04:45:33 INFO     Going to convert document batch...
04:45:33 INFO     Processing document agu_ptd_2025_2027_docdiretivo_assinado_assinado_assinado-copia_tarjada.pdf
04:45:34 INFO     command: tesseract --psm 0 -l osd /tmp/tmpyferkozb.png stdout
04:45:34 INFO     command: tesseract -l por /tmp/tmpyferkozb.png stdout tsv
04:45:36 INFO     command: tesseract --psm 0 -l osd /tmp/tmp3xws6s5y.png stdout
04:45:37 INFO     command: tesseract -l por /tmp/tmp3xws6s5y.png stdout tsv
04:45:41 INFO     command: tesseract --psm 0 -l osd /tmp/tmp7y76katt.png stdout
04:45:42 INFO     command: tesseract -l por /tmp/tmp7y76katt.png stdout tsv
04:45:44 INFO     command: tesseract --psm 0 -l osd /tmp/tmp2631yma9.png stdout
04:45:45 INFO     command: tesseract -l por /tmp/tmp2631yma9.png stdout tsv
04:45:47 INFO     command: tesseract --psm 0 -l osd /tmp/tmpc71bs9sa.png stdout
04:45:48 INFO     command: tesseract -l por /tmp/tmpc71bs9sa.png stdout tsv
04:45:50 INFO     command: tesseract --psm 0 -l osd /tmp/tmpxrbm0cf2.png stdout
04:45:51 INFO     command: tesseract -l por /tmp/tmpxrbm0cf2.png stdout tsv
04:46:01 INFO     command: tesseract --psm 0 -l osd /tmp/tmpvqnofeht.png stdout
04:46:01 INFO     command: tesseract -l por /tmp/tmpvqnofeht.png stdout tsv
04:46:04 INFO     command: tesseract --psm 0 -l osd /tmp/tmp96lsgxav.png stdout
04:46:04 INFO     command: tesseract -l por /tmp/tmp96lsgxav.png stdout tsv
04:46:07 INFO     command: tesseract --psm 0 -l osd /tmp/tmperkpvk30.png stdout
04:46:07 INFO     command: tesseract -l por /tmp/tmperkpvk30.png stdout tsv
04:46:10 INFO     command: tesseract --psm 0 -l osd /tmp/tmp7pjzil03.png stdout
04:46:11 INFO     command: tesseract -l por /tmp/tmp7pjzil03.png stdout tsv
04:46:25 INFO     command: tesseract --psm 0 -l osd /tmp/tmpkn1o81dc.png stdout
04:46:26 INFO     command: tesseract -l por /tmp/tmpkn1o81dc.png stdout tsv
04:46:29 INFO     Finished converting document agu_ptd_2025_2027_docdiretivo_assinado_assinado_assinado-copia_tarjada.pdf in 56.06 sec.
04:46:29 INFO     [1/6] ✓ AGU       :   7 riscos | 56.1s | ETA ~4min
04:46:29 INFO     [2/6] → fiocruz_novo-ptd_2-1_docdiretivo_repactuacao_2024-2026_assinado_assinado-copia_tarjada.pdf
04:46:29 INFO     detected formats: [<InputFormat.PDF: 'pdf'>]
04:46:29 INFO     Going to convert document batch...
04:46:29 INFO     Processing document fiocruz_novo-ptd_2-1_docdiretivo_repactuacao_2024-2026_assinado_assinado-copia_tarjada.pdf
04:46:48 INFO     Finished converting document fiocruz_novo-ptd_2-1_docdiretivo_repactuacao_2024-2026_assinado_assinado-copia_tarjada.pdf in 18.78 sec.
04:46:48 INFO     [2/6] ✓ FIOCRUZ   :   6 riscos | 18.8s | ETA ~2min
04:46:48 INFO     [3/6] → funai_ptd_2025_2027_docdiretivo_assinado-1_tarjado.pdf
04:46:48 INFO     detected formats: [<InputFormat.PDF: 'pdf'>]
04:46:48 INFO     Going to convert document batch...
04:46:48 INFO     Processing document funai_ptd_2025_2027_docdiretivo_assinado-1_tarjado.pdf
04:46:49 INFO     command: tesseract --psm 0 -l osd /tmp/tmpzbkoyb84.png stdout
04:46:50 INFO     command: tesseract -l por /tmp/tmpzbkoyb84.png stdout tsv
04:46:51 INFO     command: tesseract --psm 0 -l osd /tmp/tmpzixx9ziy.png stdout
04:46:53 INFO     command: tesseract -l por /tmp/tmpzixx9ziy.png stdout tsv
04:46:54 INFO     command: tesseract --psm 0 -l osd /tmp/tmpmdcr9a89.png stdout
04:46:55 INFO     command: tesseract -l por /tmp/tmpmdcr9a89.png stdout tsv
04:46:57 INFO     command: tesseract --psm 0 -l osd /tmp/tmpo0var60z.png stdout
04:46:58 INFO     command: tesseract -l por /tmp/tmpo0var60z.png stdout tsv
04:46:59 INFO     command: tesseract --psm 0 -l osd /tmp/tmp9efrpute.png stdout
04:47:00 INFO     command: tesseract -l por /tmp/tmp9efrpute.png stdout tsv
04:47:02 INFO     command: tesseract --psm 0 -l osd /tmp/tmpi4u4qcf3.png stdout
04:47:04 INFO     command: tesseract -l por /tmp/tmpi4u4qcf3.png stdout tsv
04:47:14 INFO     command: tesseract --psm 0 -l osd /tmp/tmptcyo7sw4.png stdout
04:47:15 INFO     command: tesseract -l por /tmp/tmptcyo7sw4.png stdout tsv
04:47:16 INFO     command: tesseract --psm 0 -l osd /tmp/tmp9k2vgha2.png stdout
04:47:17 INFO     command: tesseract -l por /tmp/tmp9k2vgha2.png stdout tsv
04:47:18 INFO     command: tesseract --psm 0 -l osd /tmp/tmpjnq9ah8d.png stdout
04:47:19 INFO     command: tesseract -l por /tmp/tmpjnq9ah8d.png stdout tsv
04:47:21 INFO     command: tesseract --psm 0 -l osd /tmp/tmpo81kpedp.png stdout
04:47:22 INFO     command: tesseract -l por /tmp/tmpo81kpedp.png stdout tsv
04:47:32 INFO     command: tesseract --psm 0 -l osd /tmp/tmpt51opiw9.png stdout
04:47:33 INFO     command: tesseract -l por /tmp/tmpt51opiw9.png stdout tsv
04:47:42 INFO     command: tesseract --psm 0 -l osd /tmp/tmpb1a7c4nz.png stdout
04:47:43 INFO     command: tesseract -l por /tmp/tmpb1a7c4nz.png stdout tsv
04:47:44 INFO     command: tesseract --psm 0 -l osd /tmp/tmp1iiyqc93.png stdout
04:47:45 INFO     command: tesseract -l por /tmp/tmp1iiyqc93.png stdout tsv
04:47:52 INFO     Finished converting document funai_ptd_2025_2027_docdiretivo_assinado-1_tarjado.pdf in 63.76 sec.
04:47:52 INFO     [3/6] ✓ FUNAI     :  15 riscos | 63.8s | ETA ~2min
04:47:52 INFO     [4/6] → incra_ptd_docdiretivo__assinado-1_assinado_assinado-copia_tarjada.pdf
04:47:52 INFO     detected formats: [<InputFormat.PDF: 'pdf'>]
04:47:52 INFO     Going to convert document batch...
04:47:52 INFO     Processing document incra_ptd_docdiretivo__assinado-1_assinado_assinado-copia_tarjada.pdf
04:47:53 INFO     command: tesseract --psm 0 -l osd /tmp/tmpw8vaet59.png stdout
04:47:53 INFO     command: tesseract -l por /tmp/tmpw8vaet59.png stdout tsv
04:47:56 INFO     command: tesseract --psm 0 -l osd /tmp/tmphft53qyv.png stdout
04:47:57 INFO     command: tesseract -l por /tmp/tmphft53qyv.png stdout tsv
04:48:03 INFO     command: tesseract --psm 0 -l osd /tmp/tmps291c_o7.png stdout
04:48:04 INFO     command: tesseract -l por /tmp/tmps291c_o7.png stdout tsv
04:48:06 INFO     command: tesseract --psm 0 -l osd /tmp/tmp8p_7rxz9.png stdout
04:48:06 INFO     command: tesseract -l por /tmp/tmp8p_7rxz9.png stdout tsv
04:48:08 INFO     command: tesseract --psm 0 -l osd /tmp/tmp1cep7ldl.png stdout
04:48:09 INFO     command: tesseract -l por /tmp/tmp1cep7ldl.png stdout tsv
04:48:11 INFO     command: tesseract --psm 0 -l osd /tmp/tmpj_3bpxym.png stdout
04:48:12 INFO     command: tesseract -l por /tmp/tmpj_3bpxym.png stdout tsv
04:48:29 INFO     command: tesseract --psm 0 -l osd /tmp/tmpsdbzxft6.png stdout
04:48:29 INFO     command: tesseract -l por /tmp/tmpsdbzxft6.png stdout tsv
04:48:31 INFO     command: tesseract --psm 0 -l osd /tmp/tmplraixpcy.png stdout
04:48:32 INFO     command: tesseract -l por /tmp/tmplraixpcy.png stdout tsv
04:48:33 INFO     command: tesseract --psm 0 -l osd /tmp/tmprxbrb2j1.png stdout
04:48:34 INFO     command: tesseract -l por /tmp/tmprxbrb2j1.png stdout tsv
04:48:36 INFO     command: tesseract --psm 0 -l osd /tmp/tmp6icxaklr.png stdout
04:48:37 INFO     command: tesseract -l por /tmp/tmp6icxaklr.png stdout tsv
04:48:41 INFO     command: tesseract --psm 0 -l osd /tmp/tmpqxmhb731.png stdout
04:48:42 INFO     command: tesseract -l por /tmp/tmpqxmhb731.png stdout tsv
04:48:53 INFO     command: tesseract --psm 0 -l osd /tmp/tmpj288jtqf.png stdout
04:48:54 INFO     command: tesseract -l por /tmp/tmpj288jtqf.png stdout tsv
04:48:56 INFO     command: tesseract --psm 0 -l osd /tmp/tmp76n6q6g_.png stdout
04:48:57 INFO     command: tesseract -l por /tmp/tmp76n6q6g_.png stdout tsv
04:49:05 INFO     Finished converting document incra_ptd_docdiretivo__assinado-1_assinado_assinado-copia_tarjada.pdf in 73.09 sec.
04:49:05 INFO     [4/6] ✓ INCRA     :  15 riscos | 73.1s | ETA ~1min
04:49:05 INFO     [5/6] → iti_doc_diretivo_assinado-1_tarjado.pdf
04:49:05 INFO     detected formats: [<InputFormat.PDF: 'pdf'>]
04:49:05 INFO     Going to convert document batch...
04:49:05 INFO     Processing document iti_doc_diretivo_assinado-1_tarjado.pdf
04:49:05 INFO     command: tesseract --psm 0 -l osd /tmp/tmphwu_id24.png stdout
04:49:06 INFO     command: tesseract -l por /tmp/tmphwu_id24.png stdout tsv
04:49:08 INFO     command: tesseract --psm 0 -l osd /tmp/tmph5g07qlf.png stdout
04:49:09 INFO     command: tesseract -l por /tmp/tmph5g07qlf.png stdout tsv
04:49:12 INFO     command: tesseract --psm 0 -l osd /tmp/tmpvnka0ofb.png stdout
04:49:13 INFO     command: tesseract -l por /tmp/tmpvnka0ofb.png stdout tsv
04:49:15 INFO     command: tesseract --psm 0 -l osd /tmp/tmprlr9je72.png stdout
04:49:16 INFO     command: tesseract -l por /tmp/tmprlr9je72.png stdout tsv
04:49:17 INFO     command: tesseract --psm 0 -l osd /tmp/tmp9evx30d3.png stdout
04:49:18 INFO     command: tesseract -l por /tmp/tmp9evx30d3.png stdout tsv
04:49:20 INFO     command: tesseract --psm 0 -l osd /tmp/tmpunh5_e2c.png stdout
04:49:22 INFO     command: tesseract -l por /tmp/tmpunh5_e2c.png stdout tsv
04:49:37 INFO     command: tesseract --psm 0 -l osd /tmp/tmpn4t3njxu.png stdout
04:49:38 INFO     command: tesseract -l por /tmp/tmpn4t3njxu.png stdout tsv
04:49:40 INFO     command: tesseract --psm 0 -l osd /tmp/tmpo0j_ow24.png stdout
04:49:41 INFO     command: tesseract -l por /tmp/tmpo0j_ow24.png stdout tsv
04:49:43 INFO     command: tesseract --psm 0 -l osd /tmp/tmppegf57_9.png stdout
04:49:44 INFO     command: tesseract -l por /tmp/tmppegf57_9.png stdout tsv
04:49:46 INFO     command: tesseract --psm 0 -l osd /tmp/tmpvjb24nht.png stdout
04:49:47 INFO     command: tesseract -l por /tmp/tmpvjb24nht.png stdout tsv
04:49:52 INFO     command: tesseract --psm 0 -l osd /tmp/tmpuwbmjed6.png stdout
04:49:53 INFO     command: tesseract -l por /tmp/tmpuwbmjed6.png stdout tsv
04:50:02 INFO     Finished converting document iti_doc_diretivo_assinado-1_tarjado.pdf in 57.63 sec.
04:50:02 INFO     [5/6] ✓ ITI       :  14 riscos | 57.6s | ETA ~54s
04:50:02 INFO     [6/6] → sgpr_ptd_2026_2027_docdiretivo_assinado-copia_tarjada.pdf
04:50:02 INFO     detected formats: [<InputFormat.PDF: 'pdf'>]
04:50:02 INFO     Going to convert document batch...
04:50:02 INFO     Processing document sgpr_ptd_2026_2027_docdiretivo_assinado-copia_tarjada.pdf
04:50:22 INFO     Finished converting document sgpr_ptd_2026_2027_docdiretivo_assinado-copia_tarjada.pdf in 19.67 sec.
04:50:22 INFO     [6/6] ✓ SGPR      :  10 riscos | 19.7s | ETA ~0s
04:50:22 INFO     ╔══════════════════════════════════════════════════════════════╗
04:50:22 INFO     ║                   RISCOS — fase concluída                    ║
04:50:22 INFO     ║  Processados: 6     |  ✓ 6  ⚠ 0                              ║
04:50:22 INFO     ║  Duração: 4.8 min                                            ║
04:50:22 INFO     ║  67 riscos | 6 órgãos                                        ║
04:50:22 INFO     ╚══════════════════════════════════════════════════════════════╝
04:50:22 INFO     67 riscos | 0 ações | 109 relações
04:50:22 INFO     ptd_corpus_raw                     : 200 linhas
04:50:22 INFO     ptd_pivot_eixos                    : 6 linhas
04:50:25 INFO     ptd_datas_assinatura               : 132 linhas
04:50:25 INFO     ptd_riscos                         : 67 linhas
04:50:25 INFO     ptd_riscos_acoes                   : 109 linhas
04:50:25 INFO     Manifesto salvo: pipeline_manifest.json | SHA-256 de 132 PDFs
04:50:25 INFO     ==================================================
04:50:25 INFO     PTD-BR v3.0-melhorado — PIPELINE CONCLUÍDO
04:50:25 INFO     ==================================================
04:50:25 INFO     ptd_corpus_raw.csv                        125 KB
04:50:25 INFO     ptd_pivot_eixos.csv                         0 KB
04:50:25 INFO     ptd_datas_assinatura.csv                    9 KB
04:50:25 INFO     ptd_riscos.csv                             19 KB
04:50:25 INFO     ptd_riscos_acoes.csv                        2 KB
04:50:25 INFO     proveniencia.json                           0 KB
04:50:25 INFO     pipeline_manifest.json                     20 KB
04:50:25 INFO     📦 Artefatos: https://github.com/freirelucas/teste/actions/runs/23933761297
04:50:25 INFO     ==================================================
