23:34:56 INFO     Docling disponível
23:34:56 WARNING  OCR fallback indisponível (IndentationError: unexpected indent (ptd_ocr_fallback.py, line 45))
23:34:57 INFO     Ignorado (guia/template/norma): ABNT-NBR-17225-Acessibilidade-Digital.pdf
23:34:57 INFO     Ignorado (guia/template/norma): cgrep-guia10passos-ptd-orgao.pdf
23:34:57 INFO     Ignorado (guia/template/norma): ABNT-NBR-17225-Acessibilidade-Digital.pdf
23:34:57 INFO     Scraping: 132 PDFs únicos | entregas: 68 | diretivos: 61
23:34:57 INFO     Baixando 132 PDFs únicos...
23:34:59 INFO     ✓ [  1/132] abin_ptd_anexo_de_entregas_assinado_pelo_orgao_ass   293.3KB
23:35:04 INFO     ✓ [  2/132] aeb_ptd_2025_2027_docdiretivo_aprovado_assinado-1_  1033.7KB
23:35:07 INFO     ✓ [  3/132] aeb_ptd_2025_2027_anexo_de_entregas_aprovado_assin   154.5KB
23:35:15 INFO     ✓ [  4/132] agu_ptd_2025_2027_docdiretivo_assinado_assinado_as  2860.3KB
23:35:18 INFO     ✓ [  5/132] agu_ptd_2025_2027_anexo_de_entregas_assinado_assin   525.5KB
23:35:21 INFO     ✓ [  6/132] ana_ptd_2025_2027_docdiretivo_assinado_assinado_as   477.2KB
23:35:23 INFO     ✓ [  7/132] ana_ptd_2025_2027_anexoentregas_assinado_assinado_   170.9KB
23:35:28 INFO     ✓ [  8/132] anac_ptd_2025_2026_docdiretivo_se_assinado_tarjado  1036.3KB
23:35:30 INFO     ✓ [  9/132] anac_ptd_2025_2026_anexo_de_entregas_se_assinado.p   215.2KB
23:35:34 INFO     ✓ [ 10/132] anatel_ptd_docdiretivo_assinado_2025_2026_assinado  1006.0KB
23:35:36 INFO     ✓ [ 11/132] anatel_ptd_2025_2026_anexo_de_entregas_do_ptd_publ    71.9KB
23:35:40 INFO     ✓ [ 12/132] ancine_ptd_2024_2026_docdiretivo_assinado-2_assina   961.8KB
23:35:44 INFO     ✓ [ 13/132] ancine_ptd_2024_2026_-_anexo_de_entregas_aprovado_   613.2KB
23:35:48 INFO     ✓ [ 14/132] ptd_aneel_2025-2027_docdiretivo_assinado_tarjado.p   779.6KB
23:35:50 INFO     ✓ [ 15/132] ptd_aneel_2025-2027_anexo_de_entregas_assinado.pdf   111.9KB
23:35:54 INFO     ✓ [ 16/132] anm_ptd_2025_2027_docdiretivo_assinadopeloorgao_ta  1092.5KB
23:35:59 INFO     ✓ [ 17/132] anm_ptd_2025_2027_anexo_entregas_assinadopeloorgao  1140.4KB
23:36:03 INFO     ✓ [ 18/132] anpd_ptd_2025_2027_docdiretivo_assinado_assinado_a  1044.3KB
23:36:05 INFO     ✓ [ 19/132] anpd_ptd_2025_2027_anexo_de_entregas_assinado_assi   166.5KB
23:36:09 INFO     ✓ [ 20/132] ans-plano_de_transformacao_digital_assinado-copia_  1023.4KB
23:36:12 INFO     ✓ [ 21/132] ans_ptd_2025_2026_anexo_de_entregas_assinado_assin   124.1KB
23:36:16 INFO     ✓ [ 22/132] antaq_ptd_2025_2027_docdiretivo_assinado_assinado_  1039.8KB
23:36:18 INFO     ✓ [ 23/132] antaq_ptd_2025_2027_anexoentregas_assinado_assinad   145.1KB
23:36:21 INFO     ✓ [ 24/132] mt_anexo_de_entregas_-_assinado_assinado_assinado_   143.6KB
23:36:33 INFO     ✓ [ 25/132] anvisa_ptd_docdiretivo_2025-2026_assinado_assinado  5771.2KB
23:36:35 INFO     ✓ [ 26/132] anvisa_ptd_anexo_de_entregas_2025_2026_assinado_as   239.0KB
23:36:39 INFO     ✓ [ 27/132] bcb_documento_diretivo_assinado_assinado_assinado-   713.7KB
23:36:41 INFO     ✓ [ 28/132] bcb_anexo_de_entregas_ptd_25_26-1_assinado_assinad   134.8KB
23:36:45 INFO     ✓ [ 29/132] cade_ptd_docdiretivo_2025_2026_assinado-2_assinado   810.4KB
23:36:48 INFO     ✓ [ 30/132] cade_ptd_anexo_de_entregas_2025_2026_assinado_copi   504.0KB
23:36:52 INFO     ✓ [ 31/132] mec_ptd_docdiretivo_2025-2026_sei_mec-5566673_copi   863.1KB
23:36:55 INFO     ✓ [ 32/132] mec_ptd_anexo-de-entregas_sei_mec-5576401_copia_ta   495.7KB
23:37:00 INFO     ✓ [ 33/132] mec_ptd_docdiretivo-versao-comunicacao_copia_tarja  1616.5KB
23:37:04 INFO     ✓ [ 34/132] md_ptd_2026_2027_anexo_de_entregas_assinado_assina   579.4KB
23:37:06 INFO     ✓ [ 35/132] md_ptd_2026_2027_anexo_de_entregas_assinado_assina   186.8KB
23:37:10 INFO     ✓ [ 36/132] md_ptd_temp_copia_tarjada.pdf                        741.9KB
23:37:14 INFO     ✓ [ 37/132] cgu_ptd_docdiretivo_assinado_assinado_assinado-cop  1085.4KB
23:37:17 INFO     ✓ [ 38/132] cgu_ptd_anexo_de_entregas_pactuadas_assinado_assin   514.1KB
23:37:20 INFO     ✓ [ 39/132] cnpq_ptd_2025_2027_docdiretivo_assinado_assinado_a   342.9KB
23:37:23 INFO     ✓ [ 40/132] cnpq_ptd_2025_2027_anexo_de_entregas_assinado_assi   136.1KB
23:37:27 INFO     ✓ [ 41/132] coaf_ptd_2025_2026_documento_diretivo_assinado_ass  1068.0KB
23:37:35 INFO     ✓ [ 42/132] coaf_ptd_2025_2026_anexo_de_entregas-2_assinado_as  3184.5KB
23:37:43 INFO     ✓ [ 43/132] ptd_midr-docdiretivo_aprovado_assinado_tarjado.pdf  3864.1KB
23:37:47 INFO     ✓ [ 44/132] ptd_midr_-_anexo_de_entregas_-_aprovado_assinado.p  1122.0KB
23:37:51 INFO     ✓ [ 45/132] mda-documento-diretivo-assinado_ptd-2025-207-copia   955.8KB
23:37:54 INFO     ✓ [ 46/132] cvm_ptd_2025_2027_docdiretivo_assinado_assinado_as   270.5KB
23:37:57 INFO     ✓ [ 47/132] cvm_ptd_2025_2027_anexoentregas_assinado_assinado_   409.0KB
23:38:01 INFO     ✓ [ 48/132] dnocs_ptd_doc_diretivo_2025_2026_assinado_orgao-2_   891.1KB
23:38:04 INFO     ✓ [ 49/132] dnocs_anexo_de_entregas_repactuado_2025_2026_assin   272.3KB
23:38:11 INFO     ✓ [ 50/132] fbn_ptd_2025_2027_docdiretivo_assinado-1_tarjado.p  2921.6KB
23:38:13 INFO     ✓ [ 51/132] fbn_ptd_2025_2027_anexo_de_entregas_assinado-1.pdf   162.3KB
23:38:18 INFO     ✓ [ 52/132] fcp_ptd_2025_2027_docdiretivo_assinado-1_tarjado.p  1612.0KB
23:38:21 INFO     ✓ [ 53/132] fcp_ptd_2025_2027_anexo_de_entregas_assinado-1.pdf   118.8KB
23:38:25 INFO     ✓ [ 54/132] fcrb_ptd_2025_2026_docdiretivo_aprovado_assinado-1   998.2KB
23:38:27 INFO     ✓ [ 55/132] fcrb_ptd_2025_2026_anexo_de_entregas_aprovado_assi   313.5KB
23:38:32 INFO     ✓ [ 56/132] fiocruz_novo-ptd_2-1_docdiretivo_repactuacao_2024-  1318.1KB
23:38:35 INFO     ✓ [ 57/132] fiocruz_ptd_anexo_de_entregas_assinado_v1_assinado   257.1KB
23:38:40 INFO     ✓ [ 58/132] fiocruz-ptd-06_2024-copia_tarjada.pdf               1693.8KB
23:38:45 INFO     ✓ [ 59/132] funai_ptd_2025_2027_docdiretivo_assinado-1_tarjado  1842.1KB
23:38:48 INFO     ✓ [ 60/132] funai_anexo_de_entregas_repactuado_2026_2027_assin   435.7KB
23:38:52 INFO     ✓ [ 61/132] funarte_ptd_docdiretivo_assinado_21_01_2025_assina   965.7KB
23:38:55 INFO     ✓ [ 62/132] funarte_ptd_anexo_de_entregas_assinado_v1_assinado   683.6KB
23:38:59 INFO     ✓ [ 63/132] fundacentro_ptd_2025_2027_docdiretivo_assinado_ass   826.6KB
23:39:02 INFO     ✓ [ 64/132] fundacentro_ptd_2025_2027_anexo_de_entregas_assina   635.5KB
23:39:06 INFO     ✓ [ 65/132] mma_ptd_docdiretivo_assinado_2025_2026-1_assinado_   949.3KB
23:39:09 INFO     ✓ [ 66/132] mma_ptd_anexo_de_entregas_aprovado_final_assinado_   174.8KB
23:39:13 INFO     ✓ [ 67/132] ibge_docdiretivo_2025_assinado_assinado_assinado-c  1167.3KB
23:39:16 INFO     ✓ [ 68/132] ibge_ptd_25_26_anexo_de_entregas_modelo_v2-1_assin   143.7KB
23:39:30 INFO     ✓ [ 69/132] incra_ptd_docdiretivo__assinado-1_assinado_assinad  7182.0KB
23:39:35 INFO     ✓ [ 70/132] incra_anexo_de_entregas_assinado-1_assinado_assina  1818.6KB
23:39:43 INFO     ✓ [ 71/132] inpi_ptd_docdiretivo_assinado_2025_2026_assinado_a  3322.4KB
23:39:50 INFO     ✓ [ 72/132] inpi_ptd_anexo_de_entregas_assinado_v1_assinado_as  3078.1KB
23:39:54 INFO     ✓ [ 73/132] inss_ptd_2025_2027_docdiretivo-assinado-copia_tarj  1173.3KB
23:39:56 INFO     ✓ [ 74/132] inss_ptd_2025_2027_anexo_de_entregas-assinado-copi   110.8KB
23:40:00 INFO     ✓ [ 75/132] iphan_ptd_docdiretivo_assinado_2025_2026_assinado_   885.7KB
23:40:03 INFO     ✓ [ 76/132] iphan_ptd_anexo_de_entregas_assinado_v1_assinado_a   310.9KB
23:40:14 INFO     ✓ [ 77/132] iti_doc_diretivo_assinado-1_tarjado.pdf             4905.1KB
23:40:17 INFO     ✓ [ 78/132] iti_anexo_de_entregas_assinado.pdf                   556.4KB
23:40:22 INFO     ✓ [ 79/132] mapa_ptd_2025_2027_docdiretivo_assinado-1_tarjado.  1740.9KB
23:40:25 INFO     ✓ [ 80/132] mapa_ptd_2025_2027_anexo_de_entregas_assinado-1.pd   261.9KB
23:40:34 INFO     ✓ [ 81/132] documento-diretivo-mcom-_-ptd-25_27-copia_tarjada.  4451.9KB
23:40:39 INFO     ✓ [ 82/132] anexo-de-entregas-mcom_ptd-25_27-copia_tarjada.pdf  1213.8KB
23:40:46 INFO     ✓ [ 83/132] ptd_21_24_mcom-copia_tarjada.pdf                    3040.7KB
23:40:50 INFO     ✓ [ 84/132] mcti_ptd_2025-2027_docdiretivo_assinado-copia_tarj  1030.7KB
23:40:52 INFO     ✓ [ 85/132] mcti_ptd_2025-2027_anexo-de-entregas_assinado-copi   145.8KB
23:40:55 INFO     ✓ [ 86/132] mda-anexo-entregas-assinado_ptd-2025-2027-copia-ta   284.6KB
23:40:59 INFO     ✓ [ 87/132] mdhc_ptd_2025_2027_docdiretivo_assinado_assinado_a   753.4KB
23:41:02 INFO     ✓ [ 88/132] mdhc_ptd_2025_2027_anexoentregas_assinado_assinado   186.8KB
23:41:04 INFO     ✓ [ 89/132] mdic_ptd_anexo_de_entregas_assinado_v1_assinado_as   176.6KB
23:41:09 INFO     ✓ [ 90/132] memp_ptd_2025_2026_docdiretivo_assinado_assinado_a  1030.1KB
23:41:11 INFO     ✓ [ 91/132] memp_ptd_2025_2026_anexo_de_entregas_assinado_assi   161.5KB
23:41:16 INFO     ✓ [ 92/132] mesp_ptd_2025_2027_docdiretivo_assinado_assinado_2  1147.7KB
23:41:19 INFO     ✓ [ 93/132] mesp_ptd_2025_2027_anexo_de_entregas_assinado_assi   226.6KB
23:41:22 INFO     ✓ [ 94/132] mf_ptd_2026_2027_documentodiretivo_assinado_assina   955.1KB
23:41:25 INFO     ✓ [ 95/132] mf_ptd_2026_2027_anexo_de_entregas_1_mf_se_assinad   241.2KB
23:41:28 INFO     ✓ [ 96/132] mgi_ptd_2025_2027_docdiretivo_assinado_assinado_as   375.2KB
23:41:31 INFO     ✓ [ 97/132] mgi_ptd_2025_2027_anexo_de_entregas_assinado_assin   256.1KB
23:41:35 INFO     ✓ [ 98/132] minc_ptd_2025_2027_docdiretivo_assinado-1_assinado   863.6KB
23:41:37 INFO     ✓ [ 99/132] minc_ptd_2025_2027_anexo_de_entregas_assinado-1_as   276.7KB
23:41:41 INFO     ✓ [100/132] mjsp_ptd_docdiretivo_assinado_2025_2026_assinado_a   954.0KB
23:41:44 INFO     ✓ [101/132] mjsp_ptd_anexo_de_entregas_assinado_v1_assinado_as   253.9KB
23:41:48 INFO     ✓ [102/132] mme_ptd_2025_2027_docdiretivo_assinado-copia_tarja   664.5KB
23:41:50 INFO     ✓ [103/132] mme_ptd_2025_2027_anexo_de_entregas_assinado__1_-c   111.1KB
23:41:54 INFO     ✓ [104/132] mmulheres_ptd_2025_2027_docdiretivo_assinado_assin  1078.3KB
23:41:57 INFO     ✓ [105/132] mmulheres_ptd_2025_2027_anexo_de_entregas_assinado   216.9KB
23:42:01 INFO     ✓ [106/132] mpi_ptd_2025_2027_docdiretivo_ministerio_dos_povos   947.9KB
23:42:03 INFO     ✓ [107/132] mpi_ptd_anexo_de_entregas_do_plano_de_tranformacao   191.9KB
23:42:07 INFO     ✓ [108/132] mpo_ptd_docdiretivo_assinado_2025_2026_assinado_as   806.3KB
23:42:10 INFO     ✓ [109/132] mpo_ptd_anexo_de_entregas_assinado_v1_assinado_ass   323.2KB
23:42:14 INFO     ✓ [110/132] mpor_ptd_2025_2027_docdiretivo_assinado_assinado_a   876.5KB
23:42:16 INFO     ✓ [111/132] mpor_ptd_2025_2027_anexo_de_entregas_assinado_assi   175.1KB
23:42:20 INFO     ✓ [112/132] mps_ptd_2025-2026_docdiretivo_final_assinado-1_ass  1024.4KB
23:42:23 INFO     ✓ [113/132] mps_ptd_2025-2026_anexo_de_entregas_final_assinado   165.0KB
23:42:27 INFO     ✓ [114/132] mre_ptd_docdiretivo_assinado_2025_2026_assinado_as   760.9KB
23:42:29 INFO     ✓ [115/132] mre_ptd_anexo_de_entregas_assinado_v1_assinado_ass   233.2KB
23:42:33 INFO     ✓ [116/132] mte_ptd_2025_2026_docdiretivo_assinado_assinado_as   729.6KB
23:42:36 INFO     ✓ [117/132] mte_ptd_anexo_de_entregas_assinado_v1__281_29_assi   459.5KB
23:42:40 INFO     ✓ [118/132] mtur_ptd_docdiretiv_assinado_30_01_2025_assinado_a  1050.4KB
23:42:43 INFO     ✓ [119/132] mtur_ptd_anexo_de_entregas_assinado_30_01_2025_ass   118.8KB
23:42:47 INFO     ✓ [120/132] pf_ptd_docdiretivo_2025_2027_assinado-copia_tarjad   964.3KB
23:42:49 INFO     ✓ [121/132] pf_ptd_anexo_de_entregas_2025_2027_assinado-copia_    62.5KB
23:42:52 INFO     ✓ [122/132] mf_ptd_2026_2027_anexo_de_entregas_4_mf_pgfn_assin   466.8KB
23:43:05 INFO     ✓ [123/132] previc_plano_de_transformacao_digital_2025_2026_29  6652.7KB
23:43:08 INFO     ✓ [124/132] previc_ptd_repactuacao_2025-2026_assinado_assinado   182.9KB
23:43:11 INFO     ✓ [125/132] prf_documentodiretivo_ptd_2026-2027_assinado_tarja   535.9KB
23:43:14 INFO     ✓ [126/132] prf_anexo_de_entregas_do_ptd__2026_2027___ptd___en   157.7KB
23:43:16 INFO     ✓ [127/132] mf_ptd_2026_2027_anexo_de_entregas_2_mf_rfb_assina   253.7KB
23:43:20 INFO     ✓ [128/132] sgpr_ptd_2026_2027_docdiretivo_assinado-copia_tarj   791.2KB
23:43:24 INFO     ✓ [129/132] sgpr_ptd_2025_2027_anexo_de_entregas_assinado-copi   897.9KB
23:43:27 INFO     ✓ [130/132] mf_ptd_2026_2027_anexo_de_entregas_3_mf_stn_assina   467.8KB
23:43:32 INFO     ✓ [131/132] susep_ptd_2025_2027_docdiretivo-assinado-copia_tar  1030.1KB
23:43:34 INFO     ✓ [132/132] susep_ptd_2025-2026_anexo_de_entregas_final_assina   221.9KB
23:43:36 INFO     132 OK | 0 erros | 123.3 MB total
23:43:42 INFO     Sanity: 132 PDFs | 113 texto | 19 imagem/OCR | 0 duplicatas
23:43:42 INFO     --siglas (debug): 13 PDFs de ['AGU', 'FIOCRUZ', 'FUNAI', 'FUNDACENTRO', 'INCRA', 'ITI', 'MCOM', 'SGPR']
23:43:42 INFO     DocumentConverter instanciado (singleton × 2: plain + OCR)
23:43:42 INFO     [1/13] → agu_ptd_2025_2027_anexo_de_entregas_assinado_assinado_assinado-copia_tarjada.pdf
23:43:42 INFO     detected formats: [<InputFormat.PDF: 'pdf'>]
23:43:42 INFO     Going to convert document batch...
23:43:42 INFO     Initializing pipeline for StandardPdfPipeline with options hash bc6794697da537796efc497178f9263f
23:43:42 INFO     Loading plugin 'docling_defaults'
23:43:42 INFO     Registered picture descriptions: ['picture_description_vlm_engine', 'vlm', 'api']
23:43:42 INFO     Loading plugin 'docling_defaults'
23:43:42 INFO     Registered ocr engines: ['auto', 'easyocr', 'kserve_v2_ocr', 'ocrmac', 'rapidocr', 'tesserocr', 'tesseract']
23:43:42 INFO     command: tesseract --list-langs
23:43:42 INFO     Loading plugin 'docling_defaults'
23:43:42 INFO     Registered layout engines: ['layout_object_detection', 'docling_layout_default', 'docling_experimental_table_crops_layout']
23:43:42 INFO     Accelerator device: 'cpu'
23:43:42 INFO     HTTP Request: GET https://huggingface.co/api/models/docling-project/docling-layout-heron/revision/main "HTTP/1.1 200 OK"
23:43:42 INFO     HTTP Request: HEAD https://huggingface.co/docling-project/docling-layout-heron/resolve/8f39ad3c0b4c58e9c2d2c84a38465abf757272d8/README.md "HTTP/1.1 307 Temporary Redirect"
23:43:42 INFO     HTTP Request: HEAD https://huggingface.co/api/resolve-cache/models/docling-project/docling-layout-heron/8f39ad3c0b4c58e9c2d2c84a38465abf757272d8/README.md "HTTP/1.1 200 OK"
23:43:42 INFO     HTTP Request: HEAD https://huggingface.co/docling-project/docling-layout-heron/resolve/8f39ad3c0b4c58e9c2d2c84a38465abf757272d8/config.json "HTTP/1.1 307 Temporary Redirect"
23:43:42 WARNING  Warning: You are sending unauthenticated requests to the HF Hub. Please set a HF_TOKEN to enable higher rate limits and faster downloads.
23:43:42 INFO     HTTP Request: GET https://huggingface.co/api/resolve-cache/models/docling-project/docling-layout-heron/8f39ad3c0b4c58e9c2d2c84a38465abf757272d8/README.md "HTTP/1.1 200 OK"
23:43:42 INFO     HTTP Request: HEAD https://huggingface.co/docling-project/docling-layout-heron/resolve/8f39ad3c0b4c58e9c2d2c84a38465abf757272d8/preprocessor_config.json "HTTP/1.1 307 Temporary Redirect"
23:43:42 INFO     HTTP Request: HEAD https://huggingface.co/docling-project/docling-layout-heron/resolve/8f39ad3c0b4c58e9c2d2c84a38465abf757272d8/docling_heron_400.png "HTTP/1.1 307 Temporary Redirect"
23:43:42 INFO     HTTP Request: HEAD https://huggingface.co/docling-project/docling-layout-heron/resolve/8f39ad3c0b4c58e9c2d2c84a38465abf757272d8/model.safetensors "HTTP/1.1 302 Found"
23:43:42 INFO     HTTP Request: HEAD https://huggingface.co/docling-project/docling-layout-heron/resolve/8f39ad3c0b4c58e9c2d2c84a38465abf757272d8/.gitattributes "HTTP/1.1 307 Temporary Redirect"
23:43:42 INFO     HTTP Request: HEAD https://huggingface.co/api/resolve-cache/models/docling-project/docling-layout-heron/8f39ad3c0b4c58e9c2d2c84a38465abf757272d8/config.json "HTTP/1.1 200 OK"
23:43:42 INFO     HTTP Request: HEAD https://huggingface.co/api/resolve-cache/models/docling-project/docling-layout-heron/8f39ad3c0b4c58e9c2d2c84a38465abf757272d8/docling_heron_400.png "HTTP/1.1 200 OK"
23:43:42 INFO     HTTP Request: HEAD https://huggingface.co/api/resolve-cache/models/docling-project/docling-layout-heron/8f39ad3c0b4c58e9c2d2c84a38465abf757272d8/preprocessor_config.json "HTTP/1.1 200 OK"
23:43:42 INFO     HTTP Request: HEAD https://huggingface.co/api/resolve-cache/models/docling-project/docling-layout-heron/8f39ad3c0b4c58e9c2d2c84a38465abf757272d8/.gitattributes "HTTP/1.1 200 OK"
23:43:42 INFO     HTTP Request: GET https://huggingface.co/api/resolve-cache/models/docling-project/docling-layout-heron/8f39ad3c0b4c58e9c2d2c84a38465abf757272d8/config.json "HTTP/1.1 200 OK"
23:43:42 INFO     HTTP Request: GET https://huggingface.co/api/resolve-cache/models/docling-project/docling-layout-heron/8f39ad3c0b4c58e9c2d2c84a38465abf757272d8/preprocessor_config.json "HTTP/1.1 200 OK"
23:43:42 INFO     HTTP Request: GET https://huggingface.co/api/resolve-cache/models/docling-project/docling-layout-heron/8f39ad3c0b4c58e9c2d2c84a38465abf757272d8/docling_heron_400.png "HTTP/1.1 200 OK"
23:43:42 INFO     HTTP Request: GET https://huggingface.co/api/resolve-cache/models/docling-project/docling-layout-heron/8f39ad3c0b4c58e9c2d2c84a38465abf757272d8/.gitattributes "HTTP/1.1 200 OK"
23:43:42 INFO     HTTP Request: GET https://huggingface.co/api/models/docling-project/docling-layout-heron/xet-read-token/8f39ad3c0b4c58e9c2d2c84a38465abf757272d8 "HTTP/1.1 200 OK"
23:43:44 INFO     Loading plugin 'docling_defaults'
23:43:44 INFO     Registered table structure engines: ['docling_tableformer', 'docling_tableformer_v2']
23:43:44 INFO     HTTP Request: GET https://huggingface.co/api/models/docling-project/docling-models/revision/v2.3.0 "HTTP/1.1 200 OK"
23:43:44 INFO     HTTP Request: HEAD https://huggingface.co/docling-project/docling-models/resolve/fc0f2d45e2218ea24bce5045f58a389aed16dc23/.gitignore "HTTP/1.1 307 Temporary Redirect"
23:43:44 INFO     HTTP Request: HEAD https://huggingface.co/docling-project/docling-models/resolve/fc0f2d45e2218ea24bce5045f58a389aed16dc23/README.md "HTTP/1.1 307 Temporary Redirect"
23:43:44 INFO     HTTP Request: HEAD https://huggingface.co/docling-project/docling-models/resolve/fc0f2d45e2218ea24bce5045f58a389aed16dc23/.gitattributes "HTTP/1.1 307 Temporary Redirect"
23:43:44 INFO     HTTP Request: HEAD https://huggingface.co/docling-project/docling-models/resolve/fc0f2d45e2218ea24bce5045f58a389aed16dc23/config.json "HTTP/1.1 307 Temporary Redirect"
23:43:44 INFO     HTTP Request: HEAD https://huggingface.co/docling-project/docling-models/resolve/fc0f2d45e2218ea24bce5045f58a389aed16dc23/model_artifacts/tableformer/accurate/tableformer_accurate.safetensors "HTTP/1.1 302 Found"
23:43:44 INFO     HTTP Request: HEAD https://huggingface.co/api/resolve-cache/models/docling-project/docling-models/fc0f2d45e2218ea24bce5045f58a389aed16dc23/.gitignore "HTTP/1.1 200 OK"
23:43:44 INFO     HTTP Request: HEAD https://huggingface.co/api/resolve-cache/models/docling-project/docling-models/fc0f2d45e2218ea24bce5045f58a389aed16dc23/README.md "HTTP/1.1 200 OK"
23:43:44 INFO     HTTP Request: HEAD https://huggingface.co/api/resolve-cache/models/docling-project/docling-models/fc0f2d45e2218ea24bce5045f58a389aed16dc23/.gitattributes "HTTP/1.1 200 OK"
23:43:44 INFO     HTTP Request: HEAD https://huggingface.co/docling-project/docling-models/resolve/fc0f2d45e2218ea24bce5045f58a389aed16dc23/model_artifacts/tableformer/accurate/tm_config.json "HTTP/1.1 307 Temporary Redirect"
23:43:44 INFO     HTTP Request: HEAD https://huggingface.co/api/resolve-cache/models/docling-project/docling-models/fc0f2d45e2218ea24bce5045f58a389aed16dc23/config.json "HTTP/1.1 200 OK"
23:43:44 INFO     HTTP Request: HEAD https://huggingface.co/docling-project/docling-models/resolve/fc0f2d45e2218ea24bce5045f58a389aed16dc23/model_artifacts/tableformer/fast/tm_config.json "HTTP/1.1 307 Temporary Redirect"
23:43:44 INFO     HTTP Request: HEAD https://huggingface.co/docling-project/docling-models/resolve/fc0f2d45e2218ea24bce5045f58a389aed16dc23/model_artifacts/tableformer/fast/tableformer_fast.safetensors "HTTP/1.1 302 Found"
23:43:44 INFO     HTTP Request: HEAD https://huggingface.co/api/resolve-cache/models/docling-project/docling-models/fc0f2d45e2218ea24bce5045f58a389aed16dc23/model_artifacts%2Ftableformer%2Faccurate%2Ftm_config.json "HTTP/1.1 200 OK"
23:43:44 INFO     HTTP Request: HEAD https://huggingface.co/api/resolve-cache/models/docling-project/docling-models/fc0f2d45e2218ea24bce5045f58a389aed16dc23/model_artifacts%2Ftableformer%2Ffast%2Ftm_config.json "HTTP/1.1 200 OK"
23:43:44 INFO     HTTP Request: GET https://huggingface.co/api/resolve-cache/models/docling-project/docling-models/fc0f2d45e2218ea24bce5045f58a389aed16dc23/README.md "HTTP/1.1 200 OK"
23:43:44 INFO     HTTP Request: GET https://huggingface.co/api/resolve-cache/models/docling-project/docling-models/fc0f2d45e2218ea24bce5045f58a389aed16dc23/config.json "HTTP/1.1 200 OK"
23:43:44 INFO     HTTP Request: GET https://huggingface.co/api/resolve-cache/models/docling-project/docling-models/fc0f2d45e2218ea24bce5045f58a389aed16dc23/.gitignore "HTTP/1.1 200 OK"
23:43:44 INFO     HTTP Request: GET https://huggingface.co/api/resolve-cache/models/docling-project/docling-models/fc0f2d45e2218ea24bce5045f58a389aed16dc23/model_artifacts%2Ftableformer%2Faccurate%2Ftm_config.json "HTTP/1.1 200 OK"
23:43:44 INFO     HTTP Request: GET https://huggingface.co/api/resolve-cache/models/docling-project/docling-models/fc0f2d45e2218ea24bce5045f58a389aed16dc23/model_artifacts%2Ftableformer%2Ffast%2Ftm_config.json "HTTP/1.1 200 OK"
23:43:44 INFO     HTTP Request: GET https://huggingface.co/api/resolve-cache/models/docling-project/docling-models/fc0f2d45e2218ea24bce5045f58a389aed16dc23/.gitattributes "HTTP/1.1 200 OK"
23:43:44 INFO     HTTP Request: GET https://huggingface.co/api/models/docling-project/docling-models/xet-read-token/fc0f2d45e2218ea24bce5045f58a389aed16dc23 "HTTP/1.1 200 OK"
23:43:44 INFO     HTTP Request: GET https://huggingface.co/api/models/docling-project/docling-models/xet-read-token/fc0f2d45e2218ea24bce5045f58a389aed16dc23 "HTTP/1.1 200 OK"
23:43:46 INFO     Accelerator device: 'cpu'
23:43:46 INFO     Processing document agu_ptd_2025_2027_anexo_de_entregas_assinado_assinado_assinado-copia_tarjada.pdf
23:43:47 INFO     command: tesseract --psm 0 -l osd /tmp/tmpazvi9mu7.png stdout
23:43:47 INFO     command: tesseract -l por /tmp/tmpazvi9mu7.png stdout tsv
23:43:51 INFO     command: tesseract --psm 0 -l osd /tmp/tmphz8rqsc5.png stdout
23:43:52 INFO     command: tesseract -l por /tmp/tmphz8rqsc5.png stdout tsv
23:44:11 INFO     Finished converting document agu_ptd_2025_2027_anexo_de_entregas_assinado_assinado_assinado-copia_tarjada.pdf in 28.97 sec.
23:44:11 INFO       pixel_budget (Docling) agu_ptd_2025_2027_anexo_de_entregas_assinado_assinado_assinado-copia_tarjada.pdf: 45.8% (área tabelas/1001817 px²)
23:44:11 INFO     [1/13] ✓ AGU       :   33 entregas | 29.0s | ETA ~5min
23:44:11 INFO     [2/13] → agu_ptd_2025_2027_docdiretivo_assinado_assinado_assinado-copia_tarjada.pdf
23:44:11 INFO     detected formats: [<InputFormat.PDF: 'pdf'>]
23:44:11 INFO     Going to convert document batch...
23:44:11 INFO     Processing document agu_ptd_2025_2027_docdiretivo_assinado_assinado_assinado-copia_tarjada.pdf
23:44:11 INFO     command: tesseract --psm 0 -l osd /tmp/tmp0u52s5oe.png stdout
23:44:12 INFO     command: tesseract -l por /tmp/tmp0u52s5oe.png stdout tsv
23:44:14 INFO     command: tesseract --psm 0 -l osd /tmp/tmp2phuy122.png stdout
23:44:15 INFO     command: tesseract -l por /tmp/tmp2phuy122.png stdout tsv
23:44:17 INFO     command: tesseract --psm 0 -l osd /tmp/tmpiqj6kn9n.png stdout
23:44:18 INFO     command: tesseract -l por /tmp/tmpiqj6kn9n.png stdout tsv
23:44:20 INFO     command: tesseract --psm 0 -l osd /tmp/tmpyiac_66i.png stdout
23:44:21 INFO     command: tesseract -l por /tmp/tmpyiac_66i.png stdout tsv
23:44:23 INFO     command: tesseract --psm 0 -l osd /tmp/tmpmx1o3kbn.png stdout
23:44:24 INFO     command: tesseract -l por /tmp/tmpmx1o3kbn.png stdout tsv
23:44:26 INFO     command: tesseract --psm 0 -l osd /tmp/tmp2dyi2qwe.png stdout
23:44:27 INFO     command: tesseract -l por /tmp/tmp2dyi2qwe.png stdout tsv
23:44:38 INFO     command: tesseract --psm 0 -l osd /tmp/tmp73vvj39y.png stdout
23:44:39 INFO     command: tesseract -l por /tmp/tmp73vvj39y.png stdout tsv
23:44:41 INFO     command: tesseract --psm 0 -l osd /tmp/tmpq9n8qsnv.png stdout
23:44:42 INFO     command: tesseract -l por /tmp/tmpq9n8qsnv.png stdout tsv
23:44:44 INFO     command: tesseract --psm 0 -l osd /tmp/tmprvl767ny.png stdout
23:44:45 INFO     command: tesseract -l por /tmp/tmprvl767ny.png stdout tsv
23:44:47 INFO     command: tesseract --psm 0 -l osd /tmp/tmpy0w47rf_.png stdout
23:44:48 INFO     command: tesseract -l por /tmp/tmpy0w47rf_.png stdout tsv
23:45:04 INFO     command: tesseract --psm 0 -l osd /tmp/tmp2crc2p31.png stdout
23:45:04 INFO     command: tesseract -l por /tmp/tmp2crc2p31.png stdout tsv
23:45:07 INFO     Finished converting document agu_ptd_2025_2027_docdiretivo_assinado_assinado_assinado-copia_tarjada.pdf in 56.78 sec.
23:45:07 INFO       pixel_budget (Docling) agu_ptd_2025_2027_docdiretivo_assinado_assinado_assinado-copia_tarjada.pdf: 2.1% (área tabelas/5513330 px²)
23:45:07 INFO     [2/13] ✓ AGU       :    6 entregas | 56.8s | ETA ~7min
23:45:07 INFO     [3/13] → fiocruz-ptd-06_2024-copia_tarjada.pdf
23:45:07 INFO     detected formats: [<InputFormat.PDF: 'pdf'>]
23:45:07 INFO     Going to convert document batch...
23:45:07 INFO     Initializing pipeline for StandardPdfPipeline with options hash d18651824ca6fe56cf3ccb20424ac2c8
23:45:07 INFO     Accelerator device: 'cpu'
23:45:08 INFO     HTTP Request: GET https://huggingface.co/api/models/docling-project/docling-layout-heron/revision/main "HTTP/1.1 200 OK"
23:45:08 INFO     HTTP Request: GET https://huggingface.co/api/models/docling-project/docling-models/revision/v2.3.0 "HTTP/1.1 200 OK"
23:45:08 INFO     Accelerator device: 'cpu'
23:45:08 INFO     Processing document fiocruz-ptd-06_2024-copia_tarjada.pdf
23:46:16 INFO     Finished converting document fiocruz-ptd-06_2024-copia_tarjada.pdf in 68.99 sec.
23:46:17 INFO       pixel_budget (Docling) fiocruz-ptd-06_2024-copia_tarjada.pdf: 36.4% (área tabelas/7518178 px²)
23:46:17 WARNING  [3/13] ⚠ FIOCRUZ   :    0 entregas | 69.0s | ETA ~8min
23:46:17 INFO     [4/13] → fiocruz_novo-ptd_2-1_docdiretivo_repactuacao_2024-2026_assinado_assinado-copia_tarjada.pdf
23:46:17 INFO     detected formats: [<InputFormat.PDF: 'pdf'>]
23:46:17 INFO     Going to convert document batch...
23:46:17 INFO     Processing document fiocruz_novo-ptd_2-1_docdiretivo_repactuacao_2024-2026_assinado_assinado-copia_tarjada.pdf
23:46:34 INFO     Finished converting document fiocruz_novo-ptd_2-1_docdiretivo_repactuacao_2024-2026_assinado_assinado-copia_tarjada.pdf in 17.64 sec.
23:46:34 INFO       pixel_budget (Docling) fiocruz_novo-ptd_2-1_docdiretivo_repactuacao_2024-2026_assinado_assinado-copia_tarjada.pdf: 11.3% (área tabelas/5012118 px²)
23:46:34 WARNING  [4/13] ⚠ FIOCRUZ   :    0 entregas | 17.6s | ETA ~6min
23:46:34 INFO     [5/13] → fiocruz_ptd_anexo_de_entregas_assinado_v1_assinado_assinado-1-copia_tarjada.pdf
23:46:34 INFO     detected formats: [<InputFormat.PDF: 'pdf'>]
23:46:34 INFO     Going to convert document batch...
23:46:34 INFO     Processing document fiocruz_ptd_anexo_de_entregas_assinado_v1_assinado_assinado-1-copia_tarjada.pdf
23:47:06 INFO     Finished converting document fiocruz_ptd_anexo_de_entregas_assinado_v1_assinado_assinado-1-copia_tarjada.pdf in 32.12 sec.
23:47:06 INFO       pixel_budget (Docling) fiocruz_ptd_anexo_de_entregas_assinado_v1_assinado_assinado-1-copia_tarjada.pdf: 54.7% (área tabelas/2004847 px²)
23:47:06 INFO     [5/13] ✓ FIOCRUZ   :   61 entregas | 32.1s | ETA ~5min
23:47:06 INFO     [6/13] → funai_anexo_de_entregas_repactuado_2026_2027_assinado_assinado_assinado.pdf
23:47:06 INFO     detected formats: [<InputFormat.PDF: 'pdf'>]
23:47:06 INFO     Going to convert document batch...
23:47:06 INFO     Processing document funai_anexo_de_entregas_repactuado_2026_2027_assinado_assinado_assinado.pdf
23:47:07 INFO     command: tesseract --psm 0 -l osd /tmp/tmpybyb7tk0.png stdout
23:47:08 INFO     command: tesseract -l por /tmp/tmpybyb7tk0.png stdout tsv
23:47:21 INFO     Finished converting document funai_anexo_de_entregas_repactuado_2026_2027_assinado_assinado_assinado.pdf in 14.91 sec.
23:47:21 INFO       pixel_budget (Docling) funai_anexo_de_entregas_repactuado_2026_2027_assinado_assinado_assinado.pdf: 49.8% (área tabelas/501212 px²)
23:47:21 INFO     [6/13] ✓ FUNAI     :   21 entregas | 14.9s | ETA ~4min
23:47:21 INFO     [7/13] → funai_ptd_2025_2027_docdiretivo_assinado-1_tarjado.pdf
23:47:21 INFO     detected formats: [<InputFormat.PDF: 'pdf'>]
23:47:21 INFO     Going to convert document batch...
23:47:21 INFO     Processing document funai_ptd_2025_2027_docdiretivo_assinado-1_tarjado.pdf
23:47:23 INFO     command: tesseract --psm 0 -l osd /tmp/tmp452c1rc5.png stdout
23:47:23 INFO     command: tesseract -l por /tmp/tmp452c1rc5.png stdout tsv
23:47:24 INFO     command: tesseract --psm 0 -l osd /tmp/tmp0lc7z2vk.png stdout
23:47:26 INFO     command: tesseract -l por /tmp/tmp0lc7z2vk.png stdout tsv
23:47:29 INFO     command: tesseract --psm 0 -l osd /tmp/tmpj3xtdfpl.png stdout
23:47:30 INFO     command: tesseract -l por /tmp/tmpj3xtdfpl.png stdout tsv
23:47:31 INFO     command: tesseract --psm 0 -l osd /tmp/tmpoh_1xvlk.png stdout
23:47:32 INFO     command: tesseract -l por /tmp/tmpoh_1xvlk.png stdout tsv
23:47:34 INFO     command: tesseract --psm 0 -l osd /tmp/tmpyipzmjai.png stdout
23:47:35 INFO     command: tesseract -l por /tmp/tmpyipzmjai.png stdout tsv
23:47:37 INFO     command: tesseract --psm 0 -l osd /tmp/tmpz0dd0ps5.png stdout
23:47:38 INFO     command: tesseract -l por /tmp/tmpz0dd0ps5.png stdout tsv
23:47:49 INFO     command: tesseract --psm 0 -l osd /tmp/tmpy3g5hgxs.png stdout
23:47:50 INFO     command: tesseract -l por /tmp/tmpy3g5hgxs.png stdout tsv
23:47:51 INFO     command: tesseract --psm 0 -l osd /tmp/tmpum2iini1.png stdout
23:47:52 INFO     command: tesseract -l por /tmp/tmpum2iini1.png stdout tsv
23:47:53 INFO     command: tesseract --psm 0 -l osd /tmp/tmpter951o5.png stdout
23:47:54 INFO     command: tesseract -l por /tmp/tmpter951o5.png stdout tsv
23:47:56 INFO     command: tesseract --psm 0 -l osd /tmp/tmpk973_58r.png stdout
23:47:57 INFO     command: tesseract -l por /tmp/tmpk973_58r.png stdout tsv
23:48:13 INFO     command: tesseract --psm 0 -l osd /tmp/tmpvd688onq.png stdout
23:48:14 INFO     command: tesseract -l por /tmp/tmpvd688onq.png stdout tsv
23:48:19 INFO     command: tesseract --psm 0 -l osd /tmp/tmpdy2h8_ae.png stdout
23:48:20 INFO     command: tesseract -l por /tmp/tmpdy2h8_ae.png stdout tsv
23:48:21 INFO     command: tesseract --psm 0 -l osd /tmp/tmpc8sw0hfb.png stdout
23:48:22 INFO     command: tesseract -l por /tmp/tmpc8sw0hfb.png stdout tsv
23:48:28 INFO     Finished converting document funai_ptd_2025_2027_docdiretivo_assinado-1_tarjado.pdf in 67.18 sec.
23:48:28 INFO       pixel_budget (Docling) funai_ptd_2025_2027_docdiretivo_assinado-1_tarjado.pdf: 16.4% (área tabelas/6515754 px²)
23:48:28 INFO     [7/13] ✓ FUNAI     :    8 entregas | 67.2s | ETA ~4min
23:48:28 INFO     [8/13] → incra_anexo_de_entregas_assinado-1_assinado_assinado-copia_tarjada.pdf
23:48:28 INFO     detected formats: [<InputFormat.PDF: 'pdf'>]
23:48:28 INFO     Going to convert document batch...
23:48:28 INFO     Processing document incra_anexo_de_entregas_assinado-1_assinado_assinado-copia_tarjada.pdf
23:48:30 INFO     command: tesseract --psm 0 -l osd /tmp/tmpb7ykn_ni.png stdout
23:48:30 INFO     command: tesseract -l por /tmp/tmpb7ykn_ni.png stdout tsv
23:48:33 INFO     command: tesseract --psm 0 -l osd /tmp/tmphaage_ft.png stdout
23:48:35 INFO     command: tesseract -l por /tmp/tmphaage_ft.png stdout tsv
23:48:40 INFO     command: tesseract --psm 0 -l osd /tmp/tmpy2x8n760.png stdout
23:48:41 INFO     command: tesseract -l por /tmp/tmpy2x8n760.png stdout tsv
23:48:43 INFO     command: tesseract --psm 0 -l osd /tmp/tmpn085wx0k.png stdout
23:48:44 INFO     command: tesseract -l por /tmp/tmpn085wx0k.png stdout tsv
23:48:46 INFO     command: tesseract --psm 0 -l osd /tmp/tmpb2vlwtey.png stdout
23:48:47 INFO     command: tesseract -l por /tmp/tmpb2vlwtey.png stdout tsv
23:50:18 INFO     Finished converting document incra_anexo_de_entregas_assinado-1_assinado_assinado-copia_tarjada.pdf in 109.96 sec.
23:50:18 INFO       pixel_budget (Docling) incra_anexo_de_entregas_assinado-1_assinado_assinado-copia_tarjada.pdf: 30.0% (área tabelas/2423520 px²)
23:50:18 INFO     [8/13] ✓ INCRA     :   10 entregas | 110.0s | ETA ~4min
23:50:18 INFO     [9/13] → incra_ptd_docdiretivo__assinado-1_assinado_assinado-copia_tarjada.pdf
23:50:18 INFO     detected formats: [<InputFormat.PDF: 'pdf'>]
23:50:18 INFO     Going to convert document batch...
23:50:18 INFO     Processing document incra_ptd_docdiretivo__assinado-1_assinado_assinado-copia_tarjada.pdf
23:50:20 INFO     command: tesseract --psm 0 -l osd /tmp/tmpgk3893l2.png stdout
23:50:20 INFO     command: tesseract -l por /tmp/tmpgk3893l2.png stdout tsv
23:50:22 INFO     command: tesseract --psm 0 -l osd /tmp/tmp7e6myd1g.png stdout
23:50:23 INFO     command: tesseract -l por /tmp/tmp7e6myd1g.png stdout tsv
23:50:29 INFO     command: tesseract --psm 0 -l osd /tmp/tmp8_5fzkwp.png stdout
23:50:29 INFO     command: tesseract -l por /tmp/tmp8_5fzkwp.png stdout tsv
23:50:31 INFO     command: tesseract --psm 0 -l osd /tmp/tmpc3rac0lh.png stdout
23:50:32 INFO     command: tesseract -l por /tmp/tmpc3rac0lh.png stdout tsv
23:50:34 INFO     command: tesseract --psm 0 -l osd /tmp/tmpct938o_i.png stdout
23:50:35 INFO     command: tesseract -l por /tmp/tmpct938o_i.png stdout tsv
23:50:37 INFO     command: tesseract --psm 0 -l osd /tmp/tmpx0zzse7n.png stdout
23:50:38 INFO     command: tesseract -l por /tmp/tmpx0zzse7n.png stdout tsv
23:50:54 INFO     command: tesseract --psm 0 -l osd /tmp/tmphcdlh4ad.png stdout
23:50:55 INFO     command: tesseract -l por /tmp/tmphcdlh4ad.png stdout tsv
23:50:56 INFO     command: tesseract --psm 0 -l osd /tmp/tmp0rhe9uv0.png stdout
23:50:57 INFO     command: tesseract -l por /tmp/tmp0rhe9uv0.png stdout tsv
23:50:59 INFO     command: tesseract --psm 0 -l osd /tmp/tmpc4jo_gpg.png stdout
23:51:00 INFO     command: tesseract -l por /tmp/tmpc4jo_gpg.png stdout tsv
23:51:01 INFO     command: tesseract --psm 0 -l osd /tmp/tmp8alb_c7q.png stdout
23:51:03 INFO     command: tesseract -l por /tmp/tmp8alb_c7q.png stdout tsv
23:51:08 INFO     command: tesseract --psm 0 -l osd /tmp/tmpqiofwor7.png stdout
23:51:09 INFO     command: tesseract -l por /tmp/tmpqiofwor7.png stdout tsv
23:51:13 INFO     command: tesseract --psm 0 -l osd /tmp/tmp6dabze50.png stdout
23:51:14 INFO     command: tesseract -l por /tmp/tmp6dabze50.png stdout tsv
23:51:20 INFO     command: tesseract --psm 0 -l osd /tmp/tmpqi18gse5.png stdout
23:51:20 INFO     command: tesseract -l por /tmp/tmpqi18gse5.png stdout tsv
23:51:28 INFO     Finished converting document incra_ptd_docdiretivo__assinado-1_assinado_assinado-copia_tarjada.pdf in 69.69 sec.
23:51:28 INFO       pixel_budget (Docling) incra_ptd_docdiretivo__assinado-1_assinado_assinado-copia_tarjada.pdf: 20.2% (área tabelas/6515754 px²)
23:51:28 INFO     [9/13] ✓ INCRA     :    9 entregas | 69.7s | ETA ~3min
23:51:28 INFO     [10/13] → iti_anexo_de_entregas_assinado.pdf
23:51:28 INFO     detected formats: [<InputFormat.PDF: 'pdf'>]
23:51:28 INFO     Going to convert document batch...
23:51:28 INFO     Processing document iti_anexo_de_entregas_assinado.pdf
23:51:29 INFO     command: tesseract --psm 0 -l osd /tmp/tmpgujmhajs.png stdout
23:51:30 INFO     command: tesseract -l por /tmp/tmpgujmhajs.png stdout tsv
23:51:46 INFO     Finished converting document iti_anexo_de_entregas_assinado.pdf in 17.67 sec.
23:51:46 INFO       pixel_budget (Docling) iti_anexo_de_entregas_assinado.pdf: 57.2% (área tabelas/501212 px²)
23:51:46 INFO     [10/13] ✓ ITI       :   31 entregas | 17.7s | ETA ~2min
23:51:46 INFO     [11/13] → iti_doc_diretivo_assinado-1_tarjado.pdf
23:51:46 INFO     detected formats: [<InputFormat.PDF: 'pdf'>]
23:51:46 INFO     Going to convert document batch...
23:51:46 INFO     Processing document iti_doc_diretivo_assinado-1_tarjado.pdf
23:51:47 INFO     command: tesseract --psm 0 -l osd /tmp/tmprcbl6cpa.png stdout
23:51:47 INFO     command: tesseract -l por /tmp/tmprcbl6cpa.png stdout tsv
23:51:50 INFO     command: tesseract --psm 0 -l osd /tmp/tmpyp5x9dx1.png stdout
23:51:51 INFO     command: tesseract -l por /tmp/tmpyp5x9dx1.png stdout tsv
23:51:53 INFO     command: tesseract --psm 0 -l osd /tmp/tmpe6slt2ke.png stdout
23:51:54 INFO     command: tesseract -l por /tmp/tmpe6slt2ke.png stdout tsv
23:51:56 INFO     command: tesseract --psm 0 -l osd /tmp/tmpl52dn8ph.png stdout
23:51:57 INFO     command: tesseract -l por /tmp/tmpl52dn8ph.png stdout tsv
23:51:58 INFO     command: tesseract --psm 0 -l osd /tmp/tmpi75motk6.png stdout
23:51:59 INFO     command: tesseract -l por /tmp/tmpi75motk6.png stdout tsv
23:52:01 INFO     command: tesseract --psm 0 -l osd /tmp/tmpwzwojfzb.png stdout
23:52:03 INFO     command: tesseract -l por /tmp/tmpwzwojfzb.png stdout tsv
23:52:20 INFO     command: tesseract --psm 0 -l osd /tmp/tmpwb86iz2g.png stdout
23:52:21 INFO     command: tesseract -l por /tmp/tmpwb86iz2g.png stdout tsv
23:52:23 INFO     command: tesseract --psm 0 -l osd /tmp/tmpss6cr_vg.png stdout
23:52:24 INFO     command: tesseract -l por /tmp/tmpss6cr_vg.png stdout tsv
23:52:26 INFO     command: tesseract --psm 0 -l osd /tmp/tmpjm3hfuwo.png stdout
23:52:27 INFO     command: tesseract -l por /tmp/tmpjm3hfuwo.png stdout tsv
23:52:29 INFO     command: tesseract --psm 0 -l osd /tmp/tmpji9oaj4q.png stdout
23:52:30 INFO     command: tesseract -l por /tmp/tmpji9oaj4q.png stdout tsv
23:52:37 INFO     command: tesseract --psm 0 -l osd /tmp/tmpk_thjiup.png stdout
23:52:38 INFO     command: tesseract -l por /tmp/tmpk_thjiup.png stdout tsv
23:52:44 INFO     Finished converting document iti_doc_diretivo_assinado-1_tarjado.pdf in 58.07 sec.
23:52:44 INFO       pixel_budget (Docling) iti_doc_diretivo_assinado-1_tarjado.pdf: 8.0% (área tabelas/5516339 px²)
23:52:44 INFO     [11/13] ✓ ITI       :    6 entregas | 58.1s | ETA ~1min
23:52:44 INFO     [12/13] → sgpr_ptd_2025_2027_anexo_de_entregas_assinado-copia_tarjada.pdf
23:52:44 INFO     detected formats: [<InputFormat.PDF: 'pdf'>]
23:52:44 INFO     Going to convert document batch...
23:52:44 INFO     Processing document sgpr_ptd_2025_2027_anexo_de_entregas_assinado-copia_tarjada.pdf
23:52:45 INFO     command: tesseract --psm 0 -l osd /tmp/tmp029dve33.png stdout
23:52:46 INFO     command: tesseract -l por /tmp/tmp029dve33.png stdout tsv
23:52:49 INFO     command: tesseract --psm 0 -l osd /tmp/tmp61bmw5pm.png stdout
23:52:50 INFO     command: tesseract -l por /tmp/tmp61bmw5pm.png stdout tsv
23:53:02 INFO     Finished converting document sgpr_ptd_2025_2027_anexo_de_entregas_assinado-copia_tarjada.pdf in 17.98 sec.
23:53:02 INFO       pixel_budget (Docling) sgpr_ptd_2025_2027_anexo_de_entregas_assinado-copia_tarjada.pdf: 29.5% (área tabelas/1002424 px²)
23:53:02 INFO     [12/13] ✓ SGPR      :   15 entregas | 18.0s | ETA ~47s
23:53:02 INFO     [13/13] → sgpr_ptd_2026_2027_docdiretivo_assinado-copia_tarjada.pdf
23:53:02 INFO     detected formats: [<InputFormat.PDF: 'pdf'>]
23:53:02 INFO     Going to convert document batch...
23:53:02 INFO     Processing document sgpr_ptd_2026_2027_docdiretivo_assinado-copia_tarjada.pdf
23:53:22 INFO     Finished converting document sgpr_ptd_2026_2027_docdiretivo_assinado-copia_tarjada.pdf in 19.85 sec.
23:53:22 INFO       pixel_budget (Docling) sgpr_ptd_2026_2027_docdiretivo_assinado-copia_tarjada.pdf: 8.2% (área tabelas/5513330 px²)
23:53:22 WARNING  [13/13] ⚠ SGPR      :    0 entregas | 19.9s | ETA ~0s
23:53:22 INFO     200 registros | 6 órgãos
23:53:22 INFO     ╔══════════════════════════════════════════════════════════════╗
23:53:22 INFO     ║                  ENTREGAS — fase concluída                   ║
23:53:22 INFO     ║  Processados: 13    |  ✓ 10  ⚠ 3                             ║
23:53:22 INFO     ║  Duração: 9.7 min                                            ║
23:53:22 INFO     ║  200 registros | 6 órgãos                                    ║
23:53:22 INFO     ╚══════════════════════════════════════════════════════════════╝
23:53:22 INFO     [1/6] → agu_ptd_2025_2027_docdiretivo_assinado_assinado_assinado-copia_tarjada.pdf
23:53:22 INFO     detected formats: [<InputFormat.PDF: 'pdf'>]
23:53:22 INFO     Going to convert document batch...
23:53:22 INFO     Processing document agu_ptd_2025_2027_docdiretivo_assinado_assinado_assinado-copia_tarjada.pdf
23:53:22 INFO     command: tesseract --psm 0 -l osd /tmp/tmpawpq8a70.png stdout
23:53:23 INFO     command: tesseract -l por /tmp/tmpawpq8a70.png stdout tsv
23:53:25 INFO     command: tesseract --psm 0 -l osd /tmp/tmptvggnnp9.png stdout
23:53:26 INFO     command: tesseract -l por /tmp/tmptvggnnp9.png stdout tsv
23:53:28 INFO     command: tesseract --psm 0 -l osd /tmp/tmp15irfzsp.png stdout
23:53:29 INFO     command: tesseract -l por /tmp/tmp15irfzsp.png stdout tsv
23:53:31 INFO     command: tesseract --psm 0 -l osd /tmp/tmp48qz91im.png stdout
23:53:32 INFO     command: tesseract -l por /tmp/tmp48qz91im.png stdout tsv
23:53:34 INFO     command: tesseract --psm 0 -l osd /tmp/tmpmkzwitpu.png stdout
23:53:35 INFO     command: tesseract -l por /tmp/tmpmkzwitpu.png stdout tsv
23:53:37 INFO     command: tesseract --psm 0 -l osd /tmp/tmpcgzeiygn.png stdout
23:53:38 INFO     command: tesseract -l por /tmp/tmpcgzeiygn.png stdout tsv
23:53:48 INFO     command: tesseract --psm 0 -l osd /tmp/tmptqsi80vr.png stdout
23:53:49 INFO     command: tesseract -l por /tmp/tmptqsi80vr.png stdout tsv
23:53:51 INFO     command: tesseract --psm 0 -l osd /tmp/tmp6zmc_aw1.png stdout
23:53:52 INFO     command: tesseract -l por /tmp/tmp6zmc_aw1.png stdout tsv
23:53:54 INFO     command: tesseract --psm 0 -l osd /tmp/tmpiahk4zz7.png stdout
23:53:55 INFO     command: tesseract -l por /tmp/tmpiahk4zz7.png stdout tsv
23:53:57 INFO     command: tesseract --psm 0 -l osd /tmp/tmp3o6h6wpe.png stdout
23:53:59 INFO     command: tesseract -l por /tmp/tmp3o6h6wpe.png stdout tsv
23:54:15 INFO     command: tesseract --psm 0 -l osd /tmp/tmpq_6ju2vq.png stdout
23:54:15 INFO     command: tesseract -l por /tmp/tmpq_6ju2vq.png stdout tsv
23:54:19 INFO     Finished converting document agu_ptd_2025_2027_docdiretivo_assinado_assinado_assinado-copia_tarjada.pdf in 56.79 sec.
23:54:19 INFO     [1/6] ✓ AGU       :   7 riscos | 56.8s | ETA ~4min
23:54:19 INFO     [2/6] → fiocruz_novo-ptd_2-1_docdiretivo_repactuacao_2024-2026_assinado_assinado-copia_tarjada.pdf
23:54:19 INFO     detected formats: [<InputFormat.PDF: 'pdf'>]
23:54:19 INFO     Going to convert document batch...
23:54:19 INFO     Processing document fiocruz_novo-ptd_2-1_docdiretivo_repactuacao_2024-2026_assinado_assinado-copia_tarjada.pdf
23:54:36 INFO     Finished converting document fiocruz_novo-ptd_2-1_docdiretivo_repactuacao_2024-2026_assinado_assinado-copia_tarjada.pdf in 17.79 sec.
23:54:36 INFO     [2/6] ✓ FIOCRUZ   :   6 riscos | 17.8s | ETA ~2min
23:54:36 INFO     [3/6] → funai_ptd_2025_2027_docdiretivo_assinado-1_tarjado.pdf
23:54:36 INFO     detected formats: [<InputFormat.PDF: 'pdf'>]
23:54:36 INFO     Going to convert document batch...
23:54:36 INFO     Processing document funai_ptd_2025_2027_docdiretivo_assinado-1_tarjado.pdf
23:54:38 INFO     command: tesseract --psm 0 -l osd /tmp/tmpjzfmnsbt.png stdout
23:54:38 INFO     command: tesseract -l por /tmp/tmpjzfmnsbt.png stdout tsv
23:54:40 INFO     command: tesseract --psm 0 -l osd /tmp/tmp124tiv8n.png stdout
23:54:41 INFO     command: tesseract -l por /tmp/tmp124tiv8n.png stdout tsv
23:54:45 INFO     command: tesseract --psm 0 -l osd /tmp/tmpi9h_lvow.png stdout
23:54:45 INFO     command: tesseract -l por /tmp/tmpi9h_lvow.png stdout tsv
23:54:47 INFO     command: tesseract --psm 0 -l osd /tmp/tmpbzvkehiq.png stdout
23:54:48 INFO     command: tesseract -l por /tmp/tmpbzvkehiq.png stdout tsv
23:54:50 INFO     command: tesseract --psm 0 -l osd /tmp/tmpkzz9jnac.png stdout
23:54:51 INFO     command: tesseract -l por /tmp/tmpkzz9jnac.png stdout tsv
23:54:53 INFO     command: tesseract --psm 0 -l osd /tmp/tmpq07fuo_1.png stdout
23:54:54 INFO     command: tesseract -l por /tmp/tmpq07fuo_1.png stdout tsv
23:55:04 INFO     command: tesseract --psm 0 -l osd /tmp/tmp_f49zos0.png stdout
23:55:05 INFO     command: tesseract -l por /tmp/tmp_f49zos0.png stdout tsv
23:55:06 INFO     command: tesseract --psm 0 -l osd /tmp/tmptviaysg9.png stdout
23:55:07 INFO     command: tesseract -l por /tmp/tmptviaysg9.png stdout tsv
23:55:08 INFO     command: tesseract --psm 0 -l osd /tmp/tmpvt_ekejw.png stdout
23:55:09 INFO     command: tesseract -l por /tmp/tmpvt_ekejw.png stdout tsv
23:55:11 INFO     command: tesseract --psm 0 -l osd /tmp/tmp39kgob7f.png stdout
23:55:12 INFO     command: tesseract -l por /tmp/tmp39kgob7f.png stdout tsv
23:55:26 INFO     command: tesseract --psm 0 -l osd /tmp/tmp4ph0wot7.png stdout
23:55:27 INFO     command: tesseract -l por /tmp/tmp4ph0wot7.png stdout tsv
23:55:33 INFO     command: tesseract --psm 0 -l osd /tmp/tmp23hpfx27.png stdout
23:55:33 INFO     command: tesseract -l por /tmp/tmp23hpfx27.png stdout tsv
23:55:35 INFO     command: tesseract --psm 0 -l osd /tmp/tmpa3mbqcv7.png stdout
23:55:36 INFO     command: tesseract -l por /tmp/tmpa3mbqcv7.png stdout tsv
23:55:42 INFO     Finished converting document funai_ptd_2025_2027_docdiretivo_assinado-1_tarjado.pdf in 66.05 sec.
23:55:42 INFO     [3/6] ✓ FUNAI     :  15 riscos | 66.1s | ETA ~2min
23:55:42 INFO     [4/6] → incra_ptd_docdiretivo__assinado-1_assinado_assinado-copia_tarjada.pdf
23:55:42 INFO     detected formats: [<InputFormat.PDF: 'pdf'>]
23:55:42 INFO     Going to convert document batch...
23:55:42 INFO     Processing document incra_ptd_docdiretivo__assinado-1_assinado_assinado-copia_tarjada.pdf
23:55:44 INFO     command: tesseract --psm 0 -l osd /tmp/tmpe62pibu5.png stdout
23:55:44 INFO     command: tesseract -l por /tmp/tmpe62pibu5.png stdout tsv
23:55:47 INFO     command: tesseract --psm 0 -l osd /tmp/tmplelmdocw.png stdout
23:55:48 INFO     command: tesseract -l por /tmp/tmplelmdocw.png stdout tsv
23:55:54 INFO     command: tesseract --psm 0 -l osd /tmp/tmp1rlu6vuh.png stdout
23:55:54 INFO     command: tesseract -l por /tmp/tmp1rlu6vuh.png stdout tsv
23:55:56 INFO     command: tesseract --psm 0 -l osd /tmp/tmpfhbb903z.png stdout
23:55:57 INFO     command: tesseract -l por /tmp/tmpfhbb903z.png stdout tsv
23:55:59 INFO     command: tesseract --psm 0 -l osd /tmp/tmpou1qyyot.png stdout
23:55:59 INFO     command: tesseract -l por /tmp/tmpou1qyyot.png stdout tsv
23:56:02 INFO     command: tesseract --psm 0 -l osd /tmp/tmpecnwq8qk.png stdout
23:56:03 INFO     command: tesseract -l por /tmp/tmpecnwq8qk.png stdout tsv
23:56:17 INFO     command: tesseract --psm 0 -l osd /tmp/tmpokm_4nhj.png stdout
23:56:18 INFO     command: tesseract -l por /tmp/tmpokm_4nhj.png stdout tsv
23:56:20 INFO     command: tesseract --psm 0 -l osd /tmp/tmparl8pmtv.png stdout
23:56:21 INFO     command: tesseract -l por /tmp/tmparl8pmtv.png stdout tsv
23:56:22 INFO     command: tesseract --psm 0 -l osd /tmp/tmprdpk7s3x.png stdout
23:56:23 INFO     command: tesseract -l por /tmp/tmprdpk7s3x.png stdout tsv
23:56:25 INFO     command: tesseract --psm 0 -l osd /tmp/tmpfs4i5b5l.png stdout
23:56:26 INFO     command: tesseract -l por /tmp/tmpfs4i5b5l.png stdout tsv
23:56:31 INFO     command: tesseract --psm 0 -l osd /tmp/tmp132guj_b.png stdout
23:56:32 INFO     command: tesseract -l por /tmp/tmp132guj_b.png stdout tsv
23:56:39 INFO     command: tesseract --psm 0 -l osd /tmp/tmpk3ldb16s.png stdout
23:56:40 INFO     command: tesseract -l por /tmp/tmpk3ldb16s.png stdout tsv
23:56:43 INFO     command: tesseract --psm 0 -l osd /tmp/tmp2go5l4rz.png stdout
23:56:44 INFO     command: tesseract -l por /tmp/tmp2go5l4rz.png stdout tsv
23:56:52 INFO     Finished converting document incra_ptd_docdiretivo__assinado-1_assinado_assinado-copia_tarjada.pdf in 69.46 sec.
23:56:52 INFO     [4/6] ✓ INCRA     :  15 riscos | 69.5s | ETA ~1min
23:56:52 INFO     [5/6] → iti_doc_diretivo_assinado-1_tarjado.pdf
23:56:52 INFO     detected formats: [<InputFormat.PDF: 'pdf'>]
23:56:52 INFO     Going to convert document batch...
23:56:52 INFO     Processing document iti_doc_diretivo_assinado-1_tarjado.pdf
23:56:52 INFO     command: tesseract --psm 0 -l osd /tmp/tmpnrq01_au.png stdout
23:56:53 INFO     command: tesseract -l por /tmp/tmpnrq01_au.png stdout tsv
23:56:55 INFO     command: tesseract --psm 0 -l osd /tmp/tmpoo3gpcfx.png stdout
23:56:57 INFO     command: tesseract -l por /tmp/tmpoo3gpcfx.png stdout tsv
23:57:01 INFO     command: tesseract --psm 0 -l osd /tmp/tmpeps7x83i.png stdout
23:57:01 INFO     command: tesseract -l por /tmp/tmpeps7x83i.png stdout tsv
23:57:03 INFO     command: tesseract --psm 0 -l osd /tmp/tmp6b_quji_.png stdout
23:57:04 INFO     command: tesseract -l por /tmp/tmp6b_quji_.png stdout tsv
23:57:06 INFO     command: tesseract --psm 0 -l osd /tmp/tmp_irhb2pb.png stdout
23:57:06 INFO     command: tesseract -l por /tmp/tmp_irhb2pb.png stdout tsv
23:57:09 INFO     command: tesseract --psm 0 -l osd /tmp/tmpi6z5sy3_.png stdout
23:57:10 INFO     command: tesseract -l por /tmp/tmpi6z5sy3_.png stdout tsv
23:57:24 INFO     command: tesseract --psm 0 -l osd /tmp/tmpke_e482v.png stdout
23:57:25 INFO     command: tesseract -l por /tmp/tmpke_e482v.png stdout tsv
23:57:27 INFO     command: tesseract --psm 0 -l osd /tmp/tmpse33i2bl.png stdout
23:57:28 INFO     command: tesseract -l por /tmp/tmpse33i2bl.png stdout tsv
23:57:30 INFO     command: tesseract --psm 0 -l osd /tmp/tmpa234prbc.png stdout
23:57:31 INFO     command: tesseract -l por /tmp/tmpa234prbc.png stdout tsv
23:57:33 INFO     command: tesseract --psm 0 -l osd /tmp/tmpqxvic_55.png stdout
23:57:34 INFO     command: tesseract -l por /tmp/tmpqxvic_55.png stdout tsv
23:57:42 INFO     command: tesseract --psm 0 -l osd /tmp/tmp7xaxpzmt.png stdout
23:57:43 INFO     command: tesseract -l por /tmp/tmp7xaxpzmt.png stdout tsv
23:57:48 INFO     Finished converting document iti_doc_diretivo_assinado-1_tarjado.pdf in 56.40 sec.
23:57:48 INFO     [5/6] ✓ ITI       :  14 riscos | 56.4s | ETA ~53s
23:57:48 INFO     [6/6] → sgpr_ptd_2026_2027_docdiretivo_assinado-copia_tarjada.pdf
23:57:48 INFO     detected formats: [<InputFormat.PDF: 'pdf'>]
23:57:48 INFO     Going to convert document batch...
23:57:48 INFO     Processing document sgpr_ptd_2026_2027_docdiretivo_assinado-copia_tarjada.pdf
23:58:08 INFO     Finished converting document sgpr_ptd_2026_2027_docdiretivo_assinado-copia_tarjada.pdf in 19.95 sec.
23:58:08 INFO     [6/6] ✓ SGPR      :  10 riscos | 20.0s | ETA ~0s
23:58:08 INFO     ╔══════════════════════════════════════════════════════════════╗
23:58:08 INFO     ║                   RISCOS — fase concluída                    ║
23:58:08 INFO     ║  Processados: 6     |  ✓ 6  ⚠ 0                              ║
23:58:08 INFO     ║  Duração: 4.8 min                                            ║
23:58:08 INFO     ║  67 riscos | 6 órgãos                                        ║
23:58:08 INFO     ╚══════════════════════════════════════════════════════════════╝
23:58:08 INFO     67 riscos | 0 ações | 109 relações
23:58:08 INFO     ptd_corpus_raw                     : 200 linhas
23:58:08 INFO     ptd_pivot_eixos                    : 6 linhas
23:58:12 INFO     ptd_datas_assinatura               : 132 linhas
23:58:12 INFO     ptd_riscos                         : 67 linhas
23:58:12 INFO     ptd_riscos_acoes                   : 109 linhas
23:58:12 INFO     Manifesto salvo: pipeline_manifest.json | SHA-256 de 132 PDFs
23:58:12 INFO     ==================================================
23:58:12 INFO     PTD-BR v3.0-melhorado — PIPELINE CONCLUÍDO
23:58:12 INFO     ==================================================
23:58:12 INFO     ptd_corpus_raw.csv                        125 KB
23:58:12 INFO     ptd_pivot_eixos.csv                         0 KB
23:58:12 INFO     ptd_datas_assinatura.csv                    9 KB
23:58:12 INFO     ptd_riscos.csv                             19 KB
23:58:12 INFO     ptd_riscos_acoes.csv                        2 KB
23:58:12 INFO     proveniencia.json                           0 KB
23:58:12 INFO     pipeline_manifest.json                     20 KB
23:58:12 INFO     📦 Artefatos: https://github.com/freirelucas/teste/actions/runs/23926845708
23:58:12 INFO     ==================================================
