05:16:08 INFO     Docling disponível
05:16:08 WARNING  OCR fallback indisponível (IndentationError: unexpected indent (ptd_ocr_fallback.py, line 45))
05:16:09 INFO     Ignorado (guia/template/norma): ABNT-NBR-17225-Acessibilidade-Digital.pdf
05:16:09 INFO     Ignorado (guia/template/norma): cgrep-guia10passos-ptd-orgao.pdf
05:16:09 INFO     Ignorado (guia/template/norma): ABNT-NBR-17225-Acessibilidade-Digital.pdf
05:16:09 INFO     Scraping: 132 PDFs únicos | entregas: 68 | diretivos: 61
05:16:09 INFO     Baixando 132 PDFs únicos...
05:16:10 INFO     ✓ [  1/132] abin_ptd_anexo_de_entregas_assinado_pelo_orgao_ass   293.3KB
05:16:15 INFO     ✓ [  2/132] aeb_ptd_2025_2027_docdiretivo_aprovado_assinado-1_  1033.7KB
05:16:27 INFO     ✓ [  3/132] aeb_ptd_2025_2027_anexo_de_entregas_aprovado_assin   154.5KB
05:16:34 INFO     ✓ [  4/132] agu_ptd_2025_2027_docdiretivo_assinado_assinado_as  2860.3KB
05:16:37 INFO     ✓ [  5/132] agu_ptd_2025_2027_anexo_de_entregas_assinado_assin   525.5KB
05:16:43 INFO     ✓ [  6/132] ana_ptd_2025_2027_docdiretivo_assinado_assinado_as   477.2KB
05:16:57 INFO     ✓ [  7/132] ana_ptd_2025_2027_anexoentregas_assinado_assinado_   170.9KB
05:17:01 INFO     ✓ [  8/132] anac_ptd_2025_2026_docdiretivo_se_assinado_tarjado  1036.3KB
05:17:04 INFO     ✓ [  9/132] anac_ptd_2025_2026_anexo_de_entregas_se_assinado.p   215.2KB
05:17:08 INFO     ✓ [ 10/132] anatel_ptd_docdiretivo_assinado_2025_2026_assinado  1006.0KB
05:17:10 INFO     ✓ [ 11/132] anatel_ptd_2025_2026_anexo_de_entregas_do_ptd_publ    71.9KB
05:17:14 INFO     ✓ [ 12/132] ancine_ptd_2024_2026_docdiretivo_assinado-2_assina   961.8KB
05:17:17 INFO     ✓ [ 13/132] ancine_ptd_2024_2026_-_anexo_de_entregas_aprovado_   613.2KB
05:17:20 INFO     ✓ [ 14/132] ptd_aneel_2025-2027_docdiretivo_assinado_tarjado.p   779.6KB
05:17:22 INFO     ✓ [ 15/132] ptd_aneel_2025-2027_anexo_de_entregas_assinado.pdf   111.9KB
05:17:26 INFO     ✓ [ 16/132] anm_ptd_2025_2027_docdiretivo_assinadopeloorgao_ta  1092.5KB
05:17:30 INFO     ✓ [ 17/132] anm_ptd_2025_2027_anexo_entregas_assinadopeloorgao  1140.4KB
05:17:33 INFO     ✓ [ 18/132] anpd_ptd_2025_2027_docdiretivo_assinado_assinado_a  1044.3KB
05:17:36 INFO     ✓ [ 19/132] anpd_ptd_2025_2027_anexo_de_entregas_assinado_assi   166.5KB
05:17:39 INFO     ✓ [ 20/132] ans-plano_de_transformacao_digital_assinado-copia_  1023.4KB
05:17:42 INFO     ✓ [ 21/132] ans_ptd_2025_2026_anexo_de_entregas_assinado_assin   124.1KB
05:17:45 INFO     ✓ [ 22/132] antaq_ptd_2025_2027_docdiretivo_assinado_assinado_  1039.8KB
05:17:48 INFO     ✓ [ 23/132] antaq_ptd_2025_2027_anexoentregas_assinado_assinad   145.1KB
05:17:50 INFO     ✓ [ 24/132] mt_anexo_de_entregas_-_assinado_assinado_assinado_   143.6KB
05:18:00 INFO     ✓ [ 25/132] anvisa_ptd_docdiretivo_2025-2026_assinado_assinado  5771.2KB
05:18:03 INFO     ✓ [ 26/132] anvisa_ptd_anexo_de_entregas_2025_2026_assinado_as   239.0KB
05:18:06 INFO     ✓ [ 27/132] bcb_documento_diretivo_assinado_assinado_assinado-   713.7KB
05:18:09 INFO     ✓ [ 28/132] bcb_anexo_de_entregas_ptd_25_26-1_assinado_assinad   134.8KB
05:18:12 INFO     ✓ [ 29/132] cade_ptd_docdiretivo_2025_2026_assinado-2_assinado   810.4KB
05:18:15 INFO     ✓ [ 30/132] cade_ptd_anexo_de_entregas_2025_2026_assinado_copi   504.0KB
05:18:19 INFO     ✓ [ 31/132] mec_ptd_docdiretivo_2025-2026_sei_mec-5566673_copi   863.1KB
05:18:22 INFO     ✓ [ 32/132] mec_ptd_anexo-de-entregas_sei_mec-5576401_copia_ta   495.7KB
05:18:26 INFO     ✓ [ 33/132] mec_ptd_docdiretivo-versao-comunicacao_copia_tarja  1616.5KB
05:18:29 INFO     ✓ [ 34/132] md_ptd_2026_2027_anexo_de_entregas_assinado_assina   579.4KB
05:18:32 INFO     ✓ [ 35/132] md_ptd_2026_2027_anexo_de_entregas_assinado_assina   186.8KB
05:18:35 INFO     ✓ [ 36/132] md_ptd_temp_copia_tarjada.pdf                        741.9KB
05:18:39 INFO     ✓ [ 37/132] cgu_ptd_docdiretivo_assinado_assinado_assinado-cop  1085.4KB
05:18:41 INFO     ✓ [ 38/132] cgu_ptd_anexo_de_entregas_pactuadas_assinado_assin   514.1KB
05:18:44 INFO     ✓ [ 39/132] cnpq_ptd_2025_2027_docdiretivo_assinado_assinado_a   342.9KB
05:18:47 INFO     ✓ [ 40/132] cnpq_ptd_2025_2027_anexo_de_entregas_assinado_assi   136.1KB
05:18:50 INFO     ✓ [ 41/132] coaf_ptd_2025_2026_documento_diretivo_assinado_ass  1068.0KB
05:18:57 INFO     ✓ [ 42/132] coaf_ptd_2025_2026_anexo_de_entregas-2_assinado_as  3184.5KB
05:19:04 INFO     ✓ [ 43/132] ptd_midr-docdiretivo_aprovado_assinado_tarjado.pdf  3864.1KB
05:19:08 INFO     ✓ [ 44/132] ptd_midr_-_anexo_de_entregas_-_aprovado_assinado.p  1122.0KB
05:19:12 INFO     ✓ [ 45/132] mda-documento-diretivo-assinado_ptd-2025-207-copia   955.8KB
05:19:14 INFO     ✓ [ 46/132] cvm_ptd_2025_2027_docdiretivo_assinado_assinado_as   270.5KB
05:19:17 INFO     ✓ [ 47/132] cvm_ptd_2025_2027_anexoentregas_assinado_assinado_   409.0KB
05:19:20 INFO     ✓ [ 48/132] dnocs_ptd_doc_diretivo_2025_2026_assinado_orgao-2_   891.1KB
05:19:23 INFO     ✓ [ 49/132] dnocs_anexo_de_entregas_repactuado_2025_2026_assin   272.3KB
05:19:29 INFO     ✓ [ 50/132] fbn_ptd_2025_2027_docdiretivo_assinado-1_tarjado.p  2921.6KB
05:19:32 INFO     ✓ [ 51/132] fbn_ptd_2025_2027_anexo_de_entregas_assinado-1.pdf   162.3KB
05:19:36 INFO     ✓ [ 52/132] fcp_ptd_2025_2027_docdiretivo_assinado-1_tarjado.p  1612.0KB
05:19:38 INFO     ✓ [ 53/132] fcp_ptd_2025_2027_anexo_de_entregas_assinado-1.pdf   118.8KB
05:19:42 INFO     ✓ [ 54/132] fcrb_ptd_2025_2026_docdiretivo_aprovado_assinado-1   998.2KB
05:19:45 INFO     ✓ [ 55/132] fcrb_ptd_2025_2026_anexo_de_entregas_aprovado_assi   313.5KB
05:19:49 INFO     ✓ [ 56/132] fiocruz_novo-ptd_2-1_docdiretivo_repactuacao_2024-  1318.1KB
05:19:51 INFO     ✓ [ 57/132] fiocruz_ptd_anexo_de_entregas_assinado_v1_assinado   257.1KB
05:19:56 INFO     ✓ [ 58/132] fiocruz-ptd-06_2024-copia_tarjada.pdf               1693.8KB
05:20:01 INFO     ✓ [ 59/132] funai_ptd_2025_2027_docdiretivo_assinado-1_tarjado  1842.1KB
05:20:04 INFO     ✓ [ 60/132] funai_anexo_de_entregas_repactuado_2026_2027_assin   435.7KB
05:20:07 INFO     ✓ [ 61/132] funarte_ptd_docdiretivo_assinado_21_01_2025_assina   965.7KB
05:20:10 INFO     ✓ [ 62/132] funarte_ptd_anexo_de_entregas_assinado_v1_assinado   683.6KB
05:20:14 INFO     ✓ [ 63/132] fundacentro_ptd_2025_2027_docdiretivo_assinado_ass   826.6KB
05:20:17 INFO     ✓ [ 64/132] fundacentro_ptd_2025_2027_anexo_de_entregas_assina   635.5KB
05:20:20 INFO     ✓ [ 65/132] mma_ptd_docdiretivo_assinado_2025_2026-1_assinado_   949.3KB
05:20:23 INFO     ✓ [ 66/132] mma_ptd_anexo_de_entregas_aprovado_final_assinado_   174.8KB
05:20:27 INFO     ✓ [ 67/132] ibge_docdiretivo_2025_assinado_assinado_assinado-c  1167.3KB
05:20:29 INFO     ✓ [ 68/132] ibge_ptd_25_26_anexo_de_entregas_modelo_v2-1_assin   143.7KB
05:20:41 INFO     ✓ [ 69/132] incra_ptd_docdiretivo__assinado-1_assinado_assinad  7182.0KB
05:20:46 INFO     ✓ [ 70/132] incra_anexo_de_entregas_assinado-1_assinado_assina  1818.6KB
05:20:52 INFO     ✓ [ 71/132] inpi_ptd_docdiretivo_assinado_2025_2026_assinado_a  3322.4KB
05:20:59 INFO     ✓ [ 72/132] inpi_ptd_anexo_de_entregas_assinado_v1_assinado_as  3078.1KB
05:21:03 INFO     ✓ [ 73/132] inss_ptd_2025_2027_docdiretivo-assinado-copia_tarj  1173.3KB
05:21:05 INFO     ✓ [ 74/132] inss_ptd_2025_2027_anexo_de_entregas-assinado-copi   110.8KB
05:21:08 INFO     ✓ [ 75/132] iphan_ptd_docdiretivo_assinado_2025_2026_assinado_   885.7KB
05:21:11 INFO     ✓ [ 76/132] iphan_ptd_anexo_de_entregas_assinado_v1_assinado_a   310.9KB
05:21:20 INFO     ✓ [ 77/132] iti_doc_diretivo_assinado-1_tarjado.pdf             4905.1KB
05:21:23 INFO     ✓ [ 78/132] iti_anexo_de_entregas_assinado.pdf                   556.4KB
05:21:28 INFO     ✓ [ 79/132] mapa_ptd_2025_2027_docdiretivo_assinado-1_tarjado.  1740.9KB
05:21:30 INFO     ✓ [ 80/132] mapa_ptd_2025_2027_anexo_de_entregas_assinado-1.pd   261.9KB
05:21:38 INFO     ✓ [ 81/132] documento-diretivo-mcom-_-ptd-25_27-copia_tarjada.  4451.9KB
05:21:42 INFO     ✓ [ 82/132] anexo-de-entregas-mcom_ptd-25_27-copia_tarjada.pdf  1213.8KB
05:21:49 INFO     ✓ [ 83/132] ptd_21_24_mcom-copia_tarjada.pdf                    3040.7KB
05:21:52 INFO     ✓ [ 84/132] mcti_ptd_2025-2027_docdiretivo_assinado-copia_tarj  1030.7KB
05:21:55 INFO     ✓ [ 85/132] mcti_ptd_2025-2027_anexo-de-entregas_assinado-copi   145.8KB
05:21:57 INFO     ✓ [ 86/132] mda-anexo-entregas-assinado_ptd-2025-2027-copia-ta   284.6KB
05:22:01 INFO     ✓ [ 87/132] mdhc_ptd_2025_2027_docdiretivo_assinado_assinado_a   753.4KB
05:22:03 INFO     ✓ [ 88/132] mdhc_ptd_2025_2027_anexoentregas_assinado_assinado   186.8KB
05:22:05 INFO     ✓ [ 89/132] mdic_ptd_anexo_de_entregas_assinado_v1_assinado_as   176.6KB
05:22:09 INFO     ✓ [ 90/132] memp_ptd_2025_2026_docdiretivo_assinado_assinado_a  1030.1KB
05:22:12 INFO     ✓ [ 91/132] memp_ptd_2025_2026_anexo_de_entregas_assinado_assi   161.5KB
05:22:16 INFO     ✓ [ 92/132] mesp_ptd_2025_2027_docdiretivo_assinado_assinado_2  1147.7KB
05:22:18 INFO     ✓ [ 93/132] mesp_ptd_2025_2027_anexo_de_entregas_assinado_assi   226.6KB
05:22:22 INFO     ✓ [ 94/132] mf_ptd_2026_2027_documentodiretivo_assinado_assina   955.1KB
05:22:24 INFO     ✓ [ 95/132] mf_ptd_2026_2027_anexo_de_entregas_1_mf_se_assinad   241.2KB
05:22:27 INFO     ✓ [ 96/132] mgi_ptd_2025_2027_docdiretivo_assinado_assinado_as   375.2KB
05:22:30 INFO     ✓ [ 97/132] mgi_ptd_2025_2027_anexo_de_entregas_assinado_assin   256.1KB
05:22:33 INFO     ✓ [ 98/132] minc_ptd_2025_2027_docdiretivo_assinado-1_assinado   863.6KB
05:22:36 INFO     ✓ [ 99/132] minc_ptd_2025_2027_anexo_de_entregas_assinado-1_as   276.7KB
05:22:39 INFO     ✓ [100/132] mjsp_ptd_docdiretivo_assinado_2025_2026_assinado_a   954.0KB
05:22:42 INFO     ✓ [101/132] mjsp_ptd_anexo_de_entregas_assinado_v1_assinado_as   253.9KB
05:22:45 INFO     ✓ [102/132] mme_ptd_2025_2027_docdiretivo_assinado-copia_tarja   664.5KB
05:22:48 INFO     ✓ [103/132] mme_ptd_2025_2027_anexo_de_entregas_assinado__1_-c   111.1KB
05:22:52 INFO     ✓ [104/132] mmulheres_ptd_2025_2027_docdiretivo_assinado_assin  1078.3KB
05:22:54 INFO     ✓ [105/132] mmulheres_ptd_2025_2027_anexo_de_entregas_assinado   216.9KB
05:22:58 INFO     ✓ [106/132] mpi_ptd_2025_2027_docdiretivo_ministerio_dos_povos   947.9KB
05:23:00 INFO     ✓ [107/132] mpi_ptd_anexo_de_entregas_do_plano_de_tranformacao   191.9KB
05:23:04 INFO     ✓ [108/132] mpo_ptd_docdiretivo_assinado_2025_2026_assinado_as   806.3KB
05:23:06 INFO     ✓ [109/132] mpo_ptd_anexo_de_entregas_assinado_v1_assinado_ass   323.2KB
05:23:10 INFO     ✓ [110/132] mpor_ptd_2025_2027_docdiretivo_assinado_assinado_a   876.5KB
05:23:12 INFO     ✓ [111/132] mpor_ptd_2025_2027_anexo_de_entregas_assinado_assi   175.1KB
05:23:16 INFO     ✓ [112/132] mps_ptd_2025-2026_docdiretivo_final_assinado-1_ass  1024.4KB
05:23:18 INFO     ✓ [113/132] mps_ptd_2025-2026_anexo_de_entregas_final_assinado   165.0KB
05:23:22 INFO     ✓ [114/132] mre_ptd_docdiretivo_assinado_2025_2026_assinado_as   760.9KB
05:23:24 INFO     ✓ [115/132] mre_ptd_anexo_de_entregas_assinado_v1_assinado_ass   233.2KB
05:23:27 INFO     ✓ [116/132] mte_ptd_2025_2026_docdiretivo_assinado_assinado_as   729.6KB
05:23:30 INFO     ✓ [117/132] mte_ptd_anexo_de_entregas_assinado_v1__281_29_assi   459.5KB
05:23:34 INFO     ✓ [118/132] mtur_ptd_docdiretiv_assinado_30_01_2025_assinado_a  1050.4KB
05:23:36 INFO     ✓ [119/132] mtur_ptd_anexo_de_entregas_assinado_30_01_2025_ass   118.8KB
05:23:40 INFO     ✓ [120/132] pf_ptd_docdiretivo_2025_2027_assinado-copia_tarjad   964.3KB
05:23:42 INFO     ✓ [121/132] pf_ptd_anexo_de_entregas_2025_2027_assinado-copia_    62.5KB
05:23:45 INFO     ✓ [122/132] mf_ptd_2026_2027_anexo_de_entregas_4_mf_pgfn_assin   466.8KB
05:23:56 INFO     ✓ [123/132] previc_plano_de_transformacao_digital_2025_2026_29  6652.7KB
05:23:58 INFO     ✓ [124/132] previc_ptd_repactuacao_2025-2026_assinado_assinado   182.9KB
05:24:01 INFO     ✓ [125/132] prf_documentodiretivo_ptd_2026-2027_assinado_tarja   535.9KB
05:24:04 INFO     ✓ [126/132] prf_anexo_de_entregas_do_ptd__2026_2027___ptd___en   157.7KB
05:24:07 INFO     ✓ [127/132] mf_ptd_2026_2027_anexo_de_entregas_2_mf_rfb_assina   253.7KB
05:24:10 INFO     ✓ [128/132] sgpr_ptd_2026_2027_docdiretivo_assinado-copia_tarj   791.2KB
05:24:14 INFO     ✓ [129/132] sgpr_ptd_2025_2027_anexo_de_entregas_assinado-copi   897.9KB
05:24:17 INFO     ✓ [130/132] mf_ptd_2026_2027_anexo_de_entregas_3_mf_stn_assina   467.8KB
05:24:20 INFO     ✓ [131/132] susep_ptd_2025_2027_docdiretivo-assinado-copia_tar  1030.1KB
05:24:23 INFO     ✓ [132/132] susep_ptd_2025-2026_anexo_de_entregas_final_assina   221.9KB
05:24:24 INFO     132 OK | 0 erros | 123.3 MB total
05:24:30 INFO     Sanity: 132 PDFs | 113 texto | 19 imagem/OCR | 0 duplicatas
05:24:30 INFO     --siglas (debug): 13 PDFs de ['AGU', 'FIOCRUZ', 'FUNAI', 'FUNDACENTRO', 'INCRA', 'ITI', 'MCOM', 'SGPR']
05:24:30 INFO     DocumentConverter instanciado (singleton × 2: plain + OCR)
05:24:30 INFO     [1/13] → agu_ptd_2025_2027_anexo_de_entregas_assinado_assinado_assinado-copia_tarjada.pdf
05:24:30 INFO     detected formats: [<InputFormat.PDF: 'pdf'>]
05:24:30 INFO     Going to convert document batch...
05:24:30 INFO     Initializing pipeline for StandardPdfPipeline with options hash bc6794697da537796efc497178f9263f
05:24:30 INFO     Loading plugin 'docling_defaults'
05:24:30 INFO     Registered picture descriptions: ['picture_description_vlm_engine', 'vlm', 'api']
05:24:30 INFO     Loading plugin 'docling_defaults'
05:24:30 INFO     Registered ocr engines: ['auto', 'easyocr', 'kserve_v2_ocr', 'ocrmac', 'rapidocr', 'tesserocr', 'tesseract']
05:24:30 INFO     command: tesseract --list-langs
05:24:30 INFO     Loading plugin 'docling_defaults'
05:24:30 INFO     Registered layout engines: ['layout_object_detection', 'docling_layout_default', 'docling_experimental_table_crops_layout']
05:24:30 INFO     Accelerator device: 'cpu'
05:24:30 INFO     HTTP Request: GET https://huggingface.co/api/models/docling-project/docling-layout-heron/revision/main "HTTP/1.1 200 OK"
05:24:31 INFO     HTTP Request: HEAD https://huggingface.co/docling-project/docling-layout-heron/resolve/8f39ad3c0b4c58e9c2d2c84a38465abf757272d8/README.md "HTTP/1.1 307 Temporary Redirect"
05:24:31 INFO     HTTP Request: HEAD https://huggingface.co/api/resolve-cache/models/docling-project/docling-layout-heron/8f39ad3c0b4c58e9c2d2c84a38465abf757272d8/README.md "HTTP/1.1 200 OK"
05:24:31 INFO     HTTP Request: HEAD https://huggingface.co/docling-project/docling-layout-heron/resolve/8f39ad3c0b4c58e9c2d2c84a38465abf757272d8/.gitattributes "HTTP/1.1 307 Temporary Redirect"
05:24:31 WARNING  Warning: You are sending unauthenticated requests to the HF Hub. Please set a HF_TOKEN to enable higher rate limits and faster downloads.
05:24:31 INFO     HTTP Request: HEAD https://huggingface.co/docling-project/docling-layout-heron/resolve/8f39ad3c0b4c58e9c2d2c84a38465abf757272d8/config.json "HTTP/1.1 307 Temporary Redirect"
05:24:31 INFO     HTTP Request: HEAD https://huggingface.co/docling-project/docling-layout-heron/resolve/8f39ad3c0b4c58e9c2d2c84a38465abf757272d8/docling_heron_400.png "HTTP/1.1 307 Temporary Redirect"
05:24:31 INFO     HTTP Request: GET https://huggingface.co/api/resolve-cache/models/docling-project/docling-layout-heron/8f39ad3c0b4c58e9c2d2c84a38465abf757272d8/README.md "HTTP/1.1 200 OK"
05:24:31 INFO     HTTP Request: HEAD https://huggingface.co/docling-project/docling-layout-heron/resolve/8f39ad3c0b4c58e9c2d2c84a38465abf757272d8/preprocessor_config.json "HTTP/1.1 307 Temporary Redirect"
05:24:31 INFO     HTTP Request: HEAD https://huggingface.co/docling-project/docling-layout-heron/resolve/8f39ad3c0b4c58e9c2d2c84a38465abf757272d8/model.safetensors "HTTP/1.1 302 Found"
05:24:31 INFO     HTTP Request: HEAD https://huggingface.co/api/resolve-cache/models/docling-project/docling-layout-heron/8f39ad3c0b4c58e9c2d2c84a38465abf757272d8/.gitattributes "HTTP/1.1 200 OK"
05:24:31 INFO     HTTP Request: HEAD https://huggingface.co/api/resolve-cache/models/docling-project/docling-layout-heron/8f39ad3c0b4c58e9c2d2c84a38465abf757272d8/config.json "HTTP/1.1 200 OK"
05:24:31 INFO     HTTP Request: HEAD https://huggingface.co/api/resolve-cache/models/docling-project/docling-layout-heron/8f39ad3c0b4c58e9c2d2c84a38465abf757272d8/docling_heron_400.png "HTTP/1.1 200 OK"
05:24:31 INFO     HTTP Request: HEAD https://huggingface.co/api/resolve-cache/models/docling-project/docling-layout-heron/8f39ad3c0b4c58e9c2d2c84a38465abf757272d8/preprocessor_config.json "HTTP/1.1 200 OK"
05:24:31 INFO     HTTP Request: GET https://huggingface.co/api/resolve-cache/models/docling-project/docling-layout-heron/8f39ad3c0b4c58e9c2d2c84a38465abf757272d8/.gitattributes "HTTP/1.1 200 OK"
05:24:31 INFO     HTTP Request: GET https://huggingface.co/api/resolve-cache/models/docling-project/docling-layout-heron/8f39ad3c0b4c58e9c2d2c84a38465abf757272d8/config.json "HTTP/1.1 200 OK"
05:24:31 INFO     HTTP Request: GET https://huggingface.co/api/resolve-cache/models/docling-project/docling-layout-heron/8f39ad3c0b4c58e9c2d2c84a38465abf757272d8/preprocessor_config.json "HTTP/1.1 200 OK"
05:24:31 INFO     HTTP Request: GET https://huggingface.co/api/resolve-cache/models/docling-project/docling-layout-heron/8f39ad3c0b4c58e9c2d2c84a38465abf757272d8/docling_heron_400.png "HTTP/1.1 200 OK"
05:24:31 INFO     HTTP Request: GET https://huggingface.co/api/models/docling-project/docling-layout-heron/xet-read-token/8f39ad3c0b4c58e9c2d2c84a38465abf757272d8 "HTTP/1.1 200 OK"
05:24:33 INFO     Loading plugin 'docling_defaults'
05:24:33 INFO     Registered table structure engines: ['docling_tableformer', 'docling_tableformer_v2']
05:24:33 INFO     HTTP Request: GET https://huggingface.co/api/models/docling-project/docling-models/revision/v2.3.0 "HTTP/1.1 200 OK"
05:24:33 INFO     HTTP Request: HEAD https://huggingface.co/docling-project/docling-models/resolve/fc0f2d45e2218ea24bce5045f58a389aed16dc23/.gitignore "HTTP/1.1 307 Temporary Redirect"
05:24:33 INFO     HTTP Request: HEAD https://huggingface.co/docling-project/docling-models/resolve/fc0f2d45e2218ea24bce5045f58a389aed16dc23/model_artifacts/tableformer/accurate/tm_config.json "HTTP/1.1 307 Temporary Redirect"
05:24:33 INFO     HTTP Request: HEAD https://huggingface.co/docling-project/docling-models/resolve/fc0f2d45e2218ea24bce5045f58a389aed16dc23/README.md "HTTP/1.1 307 Temporary Redirect"
05:24:33 INFO     HTTP Request: HEAD https://huggingface.co/docling-project/docling-models/resolve/fc0f2d45e2218ea24bce5045f58a389aed16dc23/.gitattributes "HTTP/1.1 307 Temporary Redirect"
05:24:33 INFO     HTTP Request: HEAD https://huggingface.co/docling-project/docling-models/resolve/fc0f2d45e2218ea24bce5045f58a389aed16dc23/model_artifacts/tableformer/accurate/tableformer_accurate.safetensors "HTTP/1.1 302 Found"
05:24:33 INFO     HTTP Request: HEAD https://huggingface.co/docling-project/docling-models/resolve/fc0f2d45e2218ea24bce5045f58a389aed16dc23/config.json "HTTP/1.1 307 Temporary Redirect"
05:24:33 INFO     HTTP Request: HEAD https://huggingface.co/api/resolve-cache/models/docling-project/docling-models/fc0f2d45e2218ea24bce5045f58a389aed16dc23/.gitignore "HTTP/1.1 200 OK"
05:24:33 INFO     HTTP Request: HEAD https://huggingface.co/api/resolve-cache/models/docling-project/docling-models/fc0f2d45e2218ea24bce5045f58a389aed16dc23/model_artifacts%2Ftableformer%2Faccurate%2Ftm_config.json "HTTP/1.1 200 OK"
05:24:33 INFO     HTTP Request: HEAD https://huggingface.co/api/resolve-cache/models/docling-project/docling-models/fc0f2d45e2218ea24bce5045f58a389aed16dc23/README.md "HTTP/1.1 200 OK"
05:24:33 INFO     HTTP Request: HEAD https://huggingface.co/api/resolve-cache/models/docling-project/docling-models/fc0f2d45e2218ea24bce5045f58a389aed16dc23/.gitattributes "HTTP/1.1 200 OK"
05:24:33 INFO     HTTP Request: HEAD https://huggingface.co/api/resolve-cache/models/docling-project/docling-models/fc0f2d45e2218ea24bce5045f58a389aed16dc23/config.json "HTTP/1.1 200 OK"
05:24:33 INFO     HTTP Request: GET https://huggingface.co/api/resolve-cache/models/docling-project/docling-models/fc0f2d45e2218ea24bce5045f58a389aed16dc23/.gitignore "HTTP/1.1 200 OK"
05:24:33 INFO     HTTP Request: HEAD https://huggingface.co/docling-project/docling-models/resolve/fc0f2d45e2218ea24bce5045f58a389aed16dc23/model_artifacts/tableformer/fast/tableformer_fast.safetensors "HTTP/1.1 302 Found"
05:24:33 INFO     HTTP Request: HEAD https://huggingface.co/docling-project/docling-models/resolve/fc0f2d45e2218ea24bce5045f58a389aed16dc23/model_artifacts/tableformer/fast/tm_config.json "HTTP/1.1 307 Temporary Redirect"
05:24:33 INFO     HTTP Request: GET https://huggingface.co/api/resolve-cache/models/docling-project/docling-models/fc0f2d45e2218ea24bce5045f58a389aed16dc23/.gitattributes "HTTP/1.1 200 OK"
05:24:33 INFO     HTTP Request: GET https://huggingface.co/api/resolve-cache/models/docling-project/docling-models/fc0f2d45e2218ea24bce5045f58a389aed16dc23/README.md "HTTP/1.1 200 OK"
05:24:33 INFO     HTTP Request: GET https://huggingface.co/api/resolve-cache/models/docling-project/docling-models/fc0f2d45e2218ea24bce5045f58a389aed16dc23/model_artifacts%2Ftableformer%2Faccurate%2Ftm_config.json "HTTP/1.1 200 OK"
05:24:33 INFO     HTTP Request: GET https://huggingface.co/api/resolve-cache/models/docling-project/docling-models/fc0f2d45e2218ea24bce5045f58a389aed16dc23/config.json "HTTP/1.1 200 OK"
05:24:33 INFO     HTTP Request: HEAD https://huggingface.co/api/resolve-cache/models/docling-project/docling-models/fc0f2d45e2218ea24bce5045f58a389aed16dc23/model_artifacts%2Ftableformer%2Ffast%2Ftm_config.json "HTTP/1.1 200 OK"
05:24:33 INFO     HTTP Request: GET https://huggingface.co/api/models/docling-project/docling-models/xet-read-token/fc0f2d45e2218ea24bce5045f58a389aed16dc23 "HTTP/1.1 200 OK"
05:24:33 INFO     HTTP Request: GET https://huggingface.co/api/resolve-cache/models/docling-project/docling-models/fc0f2d45e2218ea24bce5045f58a389aed16dc23/model_artifacts%2Ftableformer%2Ffast%2Ftm_config.json "HTTP/1.1 200 OK"
05:24:33 INFO     HTTP Request: GET https://huggingface.co/api/models/docling-project/docling-models/xet-read-token/fc0f2d45e2218ea24bce5045f58a389aed16dc23 "HTTP/1.1 200 OK"
05:24:34 INFO     Accelerator device: 'cpu'
05:24:35 INFO     Processing document agu_ptd_2025_2027_anexo_de_entregas_assinado_assinado_assinado-copia_tarjada.pdf
05:24:35 INFO     command: tesseract --psm 0 -l osd /tmp/tmpaaashqn9.png stdout
05:24:36 INFO     command: tesseract -l por /tmp/tmpaaashqn9.png stdout tsv
05:24:39 INFO     command: tesseract --psm 0 -l osd /tmp/tmp2r59te3w.png stdout
05:24:40 INFO     command: tesseract -l por /tmp/tmp2r59te3w.png stdout tsv
05:25:00 INFO     Finished converting document agu_ptd_2025_2027_anexo_de_entregas_assinado_assinado_assinado-copia_tarjada.pdf in 29.60 sec.
05:25:00 INFO       pixel_budget (Docling) agu_ptd_2025_2027_anexo_de_entregas_assinado_assinado_assinado-copia_tarjada.pdf: 45.8% (área tabelas/1001817 px²)
05:25:00 INFO     [1/13] ✓ AGU       :   33 entregas | 29.6s | ETA ~5min
05:25:00 INFO     [2/13] → agu_ptd_2025_2027_docdiretivo_assinado_assinado_assinado-copia_tarjada.pdf
05:25:00 INFO     detected formats: [<InputFormat.PDF: 'pdf'>]
05:25:00 INFO     Going to convert document batch...
05:25:00 INFO     Processing document agu_ptd_2025_2027_docdiretivo_assinado_assinado_assinado-copia_tarjada.pdf
05:25:00 INFO     command: tesseract --psm 0 -l osd /tmp/tmpagmc1jay.png stdout
05:25:01 INFO     command: tesseract -l por /tmp/tmpagmc1jay.png stdout tsv
05:25:03 INFO     command: tesseract --psm 0 -l osd /tmp/tmpyu9st2ho.png stdout
05:25:04 INFO     command: tesseract -l por /tmp/tmpyu9st2ho.png stdout tsv
05:25:08 INFO     command: tesseract --psm 0 -l osd /tmp/tmp_u3wt8cu.png stdout
05:25:09 INFO     command: tesseract -l por /tmp/tmp_u3wt8cu.png stdout tsv
05:25:11 INFO     command: tesseract --psm 0 -l osd /tmp/tmp6venqtnl.png stdout
05:25:12 INFO     command: tesseract -l por /tmp/tmp6venqtnl.png stdout tsv
05:25:14 INFO     command: tesseract --psm 0 -l osd /tmp/tmp9usq6bpb.png stdout
05:25:15 INFO     command: tesseract -l por /tmp/tmp9usq6bpb.png stdout tsv
05:25:17 INFO     command: tesseract --psm 0 -l osd /tmp/tmprjvt81vs.png stdout
05:25:18 INFO     command: tesseract -l por /tmp/tmprjvt81vs.png stdout tsv
05:25:28 INFO     command: tesseract --psm 0 -l osd /tmp/tmp05k8qiuh.png stdout
05:25:29 INFO     command: tesseract -l por /tmp/tmp05k8qiuh.png stdout tsv
05:25:31 INFO     command: tesseract --psm 0 -l osd /tmp/tmpy58ivkn0.png stdout
05:25:32 INFO     command: tesseract -l por /tmp/tmpy58ivkn0.png stdout tsv
05:25:34 INFO     command: tesseract --psm 0 -l osd /tmp/tmpidm6k2ff.png stdout
05:25:35 INFO     command: tesseract -l por /tmp/tmpidm6k2ff.png stdout tsv
05:25:37 INFO     command: tesseract --psm 0 -l osd /tmp/tmpnz1vk8le.png stdout
05:25:38 INFO     command: tesseract -l por /tmp/tmpnz1vk8le.png stdout tsv
05:25:55 INFO     command: tesseract --psm 0 -l osd /tmp/tmpa_za7ecb.png stdout
05:25:56 INFO     command: tesseract -l por /tmp/tmpa_za7ecb.png stdout tsv
05:25:59 INFO     Finished converting document agu_ptd_2025_2027_docdiretivo_assinado_assinado_assinado-copia_tarjada.pdf in 59.02 sec.
05:25:59 INFO       pixel_budget (Docling) agu_ptd_2025_2027_docdiretivo_assinado_assinado_assinado-copia_tarjada.pdf: 2.1% (área tabelas/5513330 px²)
05:25:59 INFO     [2/13] ✓ AGU       :    6 entregas | 59.0s | ETA ~8min
05:25:59 INFO     [3/13] → fiocruz-ptd-06_2024-copia_tarjada.pdf
05:25:59 INFO     detected formats: [<InputFormat.PDF: 'pdf'>]
05:25:59 INFO     Going to convert document batch...
05:25:59 INFO     Initializing pipeline for StandardPdfPipeline with options hash d18651824ca6fe56cf3ccb20424ac2c8
05:25:59 INFO     Accelerator device: 'cpu'
05:25:59 INFO     HTTP Request: GET https://huggingface.co/api/models/docling-project/docling-layout-heron/revision/main "HTTP/1.1 200 OK"
05:25:59 INFO     HTTP Request: GET https://huggingface.co/api/models/docling-project/docling-models/revision/v2.3.0 "HTTP/1.1 200 OK"
05:25:59 INFO     Accelerator device: 'cpu'
05:26:00 INFO     Processing document fiocruz-ptd-06_2024-copia_tarjada.pdf
05:27:08 INFO     Finished converting document fiocruz-ptd-06_2024-copia_tarjada.pdf in 69.31 sec.
05:27:08 INFO       pixel_budget (Docling) fiocruz-ptd-06_2024-copia_tarjada.pdf: 36.4% (área tabelas/7518178 px²)
05:27:08 WARNING  [3/13] ⚠ FIOCRUZ   :    0 entregas | 69.3s | ETA ~8min
05:27:08 INFO     [4/13] → fiocruz_novo-ptd_2-1_docdiretivo_repactuacao_2024-2026_assinado_assinado-copia_tarjada.pdf
05:27:08 INFO     detected formats: [<InputFormat.PDF: 'pdf'>]
05:27:08 INFO     Going to convert document batch...
05:27:08 INFO     Processing document fiocruz_novo-ptd_2-1_docdiretivo_repactuacao_2024-2026_assinado_assinado-copia_tarjada.pdf
05:27:26 INFO     Finished converting document fiocruz_novo-ptd_2-1_docdiretivo_repactuacao_2024-2026_assinado_assinado-copia_tarjada.pdf in 17.83 sec.
05:27:26 INFO       pixel_budget (Docling) fiocruz_novo-ptd_2-1_docdiretivo_repactuacao_2024-2026_assinado_assinado-copia_tarjada.pdf: 11.3% (área tabelas/5012118 px²)
05:27:26 WARNING  [4/13] ⚠ FIOCRUZ   :    0 entregas | 17.8s | ETA ~6min
05:27:26 INFO     [5/13] → fiocruz_ptd_anexo_de_entregas_assinado_v1_assinado_assinado-1-copia_tarjada.pdf
05:27:26 INFO     detected formats: [<InputFormat.PDF: 'pdf'>]
05:27:26 INFO     Going to convert document batch...
05:27:26 INFO     Processing document fiocruz_ptd_anexo_de_entregas_assinado_v1_assinado_assinado-1-copia_tarjada.pdf
05:27:59 INFO     Finished converting document fiocruz_ptd_anexo_de_entregas_assinado_v1_assinado_assinado-1-copia_tarjada.pdf in 32.70 sec.
05:27:59 INFO       pixel_budget (Docling) fiocruz_ptd_anexo_de_entregas_assinado_v1_assinado_assinado-1-copia_tarjada.pdf: 54.7% (área tabelas/2004847 px²)
05:27:59 INFO     [5/13] ✓ FIOCRUZ   :   61 entregas | 32.7s | ETA ~5min
05:27:59 INFO     [6/13] → funai_anexo_de_entregas_repactuado_2026_2027_assinado_assinado_assinado.pdf
05:27:59 INFO     detected formats: [<InputFormat.PDF: 'pdf'>]
05:27:59 INFO     Going to convert document batch...
05:27:59 INFO     Processing document funai_anexo_de_entregas_repactuado_2026_2027_assinado_assinado_assinado.pdf
05:28:00 INFO     command: tesseract --psm 0 -l osd /tmp/tmprsk1z55b.png stdout
05:28:00 INFO     command: tesseract -l por /tmp/tmprsk1z55b.png stdout tsv
05:28:14 INFO     Finished converting document funai_anexo_de_entregas_repactuado_2026_2027_assinado_assinado_assinado.pdf in 14.90 sec.
05:28:14 INFO       pixel_budget (Docling) funai_anexo_de_entregas_repactuado_2026_2027_assinado_assinado_assinado.pdf: 49.8% (área tabelas/501212 px²)
05:28:14 INFO     [6/13] ✓ FUNAI     :   21 entregas | 14.9s | ETA ~4min
05:28:14 INFO     [7/13] → funai_ptd_2025_2027_docdiretivo_assinado-1_tarjado.pdf
05:28:14 INFO     detected formats: [<InputFormat.PDF: 'pdf'>]
05:28:14 INFO     Going to convert document batch...
05:28:14 INFO     Processing document funai_ptd_2025_2027_docdiretivo_assinado-1_tarjado.pdf
05:28:15 INFO     command: tesseract --psm 0 -l osd /tmp/tmp8vpuy43c.png stdout
05:28:16 INFO     command: tesseract -l por /tmp/tmp8vpuy43c.png stdout tsv
05:28:17 INFO     command: tesseract --psm 0 -l osd /tmp/tmpjri2b3xt.png stdout
05:28:18 INFO     command: tesseract -l por /tmp/tmpjri2b3xt.png stdout tsv
05:28:21 INFO     command: tesseract --psm 0 -l osd /tmp/tmpdott9l37.png stdout
05:28:22 INFO     command: tesseract -l por /tmp/tmpdott9l37.png stdout tsv
05:28:24 INFO     command: tesseract --psm 0 -l osd /tmp/tmp5j03r8pf.png stdout
05:28:24 INFO     command: tesseract -l por /tmp/tmp5j03r8pf.png stdout tsv
05:28:26 INFO     command: tesseract --psm 0 -l osd /tmp/tmplpachytd.png stdout
05:28:27 INFO     command: tesseract -l por /tmp/tmplpachytd.png stdout tsv
05:28:29 INFO     command: tesseract --psm 0 -l osd /tmp/tmpj796khnn.png stdout
05:28:30 INFO     command: tesseract -l por /tmp/tmpj796khnn.png stdout tsv
05:28:40 INFO     command: tesseract --psm 0 -l osd /tmp/tmp5w63yjkj.png stdout
05:28:41 INFO     command: tesseract -l por /tmp/tmp5w63yjkj.png stdout tsv
05:28:42 INFO     command: tesseract --psm 0 -l osd /tmp/tmp1mcomabe.png stdout
05:28:43 INFO     command: tesseract -l por /tmp/tmp1mcomabe.png stdout tsv
05:28:44 INFO     command: tesseract --psm 0 -l osd /tmp/tmp2uviigd3.png stdout
05:28:45 INFO     command: tesseract -l por /tmp/tmp2uviigd3.png stdout tsv
05:28:47 INFO     command: tesseract --psm 0 -l osd /tmp/tmpnxps_533.png stdout
05:28:48 INFO     command: tesseract -l por /tmp/tmpnxps_533.png stdout tsv
05:28:58 INFO     command: tesseract --psm 0 -l osd /tmp/tmpj5ep2hmj.png stdout
05:28:59 INFO     command: tesseract -l por /tmp/tmpj5ep2hmj.png stdout tsv
05:29:05 INFO     command: tesseract --psm 0 -l osd /tmp/tmpx9ksha46.png stdout
05:29:06 INFO     command: tesseract -l por /tmp/tmpx9ksha46.png stdout tsv
05:29:08 INFO     command: tesseract --psm 0 -l osd /tmp/tmp4dg2j0ot.png stdout
05:29:09 INFO     command: tesseract -l por /tmp/tmp4dg2j0ot.png stdout tsv
05:29:15 INFO     Finished converting document funai_ptd_2025_2027_docdiretivo_assinado-1_tarjado.pdf in 61.37 sec.
05:29:15 INFO       pixel_budget (Docling) funai_ptd_2025_2027_docdiretivo_assinado-1_tarjado.pdf: 16.4% (área tabelas/6515754 px²)
05:29:15 INFO     [7/13] ✓ FUNAI     :    8 entregas | 61.4s | ETA ~4min
05:29:15 INFO     [8/13] → incra_anexo_de_entregas_assinado-1_assinado_assinado-copia_tarjada.pdf
05:29:15 INFO     detected formats: [<InputFormat.PDF: 'pdf'>]
05:29:15 INFO     Going to convert document batch...
05:29:15 INFO     Processing document incra_anexo_de_entregas_assinado-1_assinado_assinado-copia_tarjada.pdf
05:29:16 INFO     command: tesseract --psm 0 -l osd /tmp/tmp6u_ji579.png stdout
05:29:17 INFO     command: tesseract -l por /tmp/tmp6u_ji579.png stdout tsv
05:29:20 INFO     command: tesseract --psm 0 -l osd /tmp/tmpxcxtfnag.png stdout
05:29:21 INFO     command: tesseract -l por /tmp/tmpxcxtfnag.png stdout tsv
05:29:32 INFO     command: tesseract --psm 0 -l osd /tmp/tmp4q_ozrrn.png stdout
05:29:32 INFO     command: tesseract -l por /tmp/tmp4q_ozrrn.png stdout tsv
05:29:34 INFO     command: tesseract --psm 0 -l osd /tmp/tmpv3izjcs0.png stdout
05:29:35 INFO     command: tesseract -l por /tmp/tmpv3izjcs0.png stdout tsv
05:29:37 INFO     command: tesseract --psm 0 -l osd /tmp/tmpvq19o3fs.png stdout
05:29:37 INFO     command: tesseract -l por /tmp/tmpvq19o3fs.png stdout tsv
05:31:05 INFO     Finished converting document incra_anexo_de_entregas_assinado-1_assinado_assinado-copia_tarjada.pdf in 110.23 sec.
05:31:05 INFO       pixel_budget (Docling) incra_anexo_de_entregas_assinado-1_assinado_assinado-copia_tarjada.pdf: 30.0% (área tabelas/2423520 px²)
05:31:05 INFO     [8/13] ✓ INCRA     :   10 entregas | 110.2s | ETA ~4min
05:31:05 INFO     [9/13] → incra_ptd_docdiretivo__assinado-1_assinado_assinado-copia_tarjada.pdf
05:31:05 INFO     detected formats: [<InputFormat.PDF: 'pdf'>]
05:31:05 INFO     Going to convert document batch...
05:31:05 INFO     Processing document incra_ptd_docdiretivo__assinado-1_assinado_assinado-copia_tarjada.pdf
05:31:07 INFO     command: tesseract --psm 0 -l osd /tmp/tmpnxaoy0fk.png stdout
05:31:07 INFO     command: tesseract -l por /tmp/tmpnxaoy0fk.png stdout tsv
05:31:10 INFO     command: tesseract --psm 0 -l osd /tmp/tmpxo4tc0z0.png stdout
05:31:11 INFO     command: tesseract -l por /tmp/tmpxo4tc0z0.png stdout tsv
05:31:17 INFO     command: tesseract --psm 0 -l osd /tmp/tmpe7dn50vo.png stdout
05:31:17 INFO     command: tesseract -l por /tmp/tmpe7dn50vo.png stdout tsv
05:31:19 INFO     command: tesseract --psm 0 -l osd /tmp/tmpp__goxbg.png stdout
05:31:20 INFO     command: tesseract -l por /tmp/tmpp__goxbg.png stdout tsv
05:31:22 INFO     command: tesseract --psm 0 -l osd /tmp/tmpiqxonr7r.png stdout
05:31:22 INFO     command: tesseract -l por /tmp/tmpiqxonr7r.png stdout tsv
05:31:24 INFO     command: tesseract --psm 0 -l osd /tmp/tmp09cg_00l.png stdout
05:31:26 INFO     command: tesseract -l por /tmp/tmp09cg_00l.png stdout tsv
05:31:43 INFO     command: tesseract --psm 0 -l osd /tmp/tmpmz3a8qmr.png stdout
05:31:44 INFO     command: tesseract -l por /tmp/tmpmz3a8qmr.png stdout tsv
05:31:45 INFO     command: tesseract --psm 0 -l osd /tmp/tmpj794cyq5.png stdout
05:31:46 INFO     command: tesseract -l por /tmp/tmpj794cyq5.png stdout tsv
05:31:47 INFO     command: tesseract --psm 0 -l osd /tmp/tmpkflrd_ak.png stdout
05:31:48 INFO     command: tesseract -l por /tmp/tmpkflrd_ak.png stdout tsv
05:31:50 INFO     command: tesseract --psm 0 -l osd /tmp/tmpzosiqhsz.png stdout
05:31:51 INFO     command: tesseract -l por /tmp/tmpzosiqhsz.png stdout tsv
05:31:56 INFO     command: tesseract --psm 0 -l osd /tmp/tmphzqkhihn.png stdout
05:31:57 INFO     command: tesseract -l por /tmp/tmphzqkhihn.png stdout tsv
05:32:04 INFO     command: tesseract --psm 0 -l osd /tmp/tmp8ftdyhbm.png stdout
05:32:05 INFO     command: tesseract -l por /tmp/tmp8ftdyhbm.png stdout tsv
05:32:08 INFO     command: tesseract --psm 0 -l osd /tmp/tmp9jtwkj7m.png stdout
05:32:09 INFO     command: tesseract -l por /tmp/tmp9jtwkj7m.png stdout tsv
05:32:17 INFO     Finished converting document incra_ptd_docdiretivo__assinado-1_assinado_assinado-copia_tarjada.pdf in 71.28 sec.
05:32:17 INFO       pixel_budget (Docling) incra_ptd_docdiretivo__assinado-1_assinado_assinado-copia_tarjada.pdf: 20.2% (área tabelas/6515754 px²)
05:32:17 INFO     [9/13] ✓ INCRA     :    9 entregas | 71.3s | ETA ~3min
05:32:17 INFO     [10/13] → iti_anexo_de_entregas_assinado.pdf
05:32:17 INFO     detected formats: [<InputFormat.PDF: 'pdf'>]
05:32:17 INFO     Going to convert document batch...
05:32:17 INFO     Processing document iti_anexo_de_entregas_assinado.pdf
05:32:17 INFO     command: tesseract --psm 0 -l osd /tmp/tmp5op7qcfv.png stdout
05:32:18 INFO     command: tesseract -l por /tmp/tmp5op7qcfv.png stdout tsv
05:32:34 INFO     Finished converting document iti_anexo_de_entregas_assinado.pdf in 17.46 sec.
05:32:34 INFO       pixel_budget (Docling) iti_anexo_de_entregas_assinado.pdf: 57.2% (área tabelas/501212 px²)
05:32:34 INFO     [10/13] ✓ ITI       :   31 entregas | 17.5s | ETA ~2min
05:32:34 INFO     [11/13] → iti_doc_diretivo_assinado-1_tarjado.pdf
05:32:34 INFO     detected formats: [<InputFormat.PDF: 'pdf'>]
05:32:34 INFO     Going to convert document batch...
05:32:34 INFO     Processing document iti_doc_diretivo_assinado-1_tarjado.pdf
05:32:35 INFO     command: tesseract --psm 0 -l osd /tmp/tmpubtthr1y.png stdout
05:32:35 INFO     command: tesseract -l por /tmp/tmpubtthr1y.png stdout tsv
05:32:38 INFO     command: tesseract --psm 0 -l osd /tmp/tmpy6qtsh1v.png stdout
05:32:40 INFO     command: tesseract -l por /tmp/tmpy6qtsh1v.png stdout tsv
05:32:43 INFO     command: tesseract --psm 0 -l osd /tmp/tmp_ga7nfaj.png stdout
05:32:44 INFO     command: tesseract -l por /tmp/tmp_ga7nfaj.png stdout tsv
05:32:46 INFO     command: tesseract --psm 0 -l osd /tmp/tmp3ja6d21x.png stdout
05:32:46 INFO     command: tesseract -l por /tmp/tmp3ja6d21x.png stdout tsv
05:32:48 INFO     command: tesseract --psm 0 -l osd /tmp/tmprft2i02y.png stdout
05:32:49 INFO     command: tesseract -l por /tmp/tmprft2i02y.png stdout tsv
05:32:51 INFO     command: tesseract --psm 0 -l osd /tmp/tmpbncwx_dq.png stdout
05:32:52 INFO     command: tesseract -l por /tmp/tmpbncwx_dq.png stdout tsv
05:33:09 INFO     command: tesseract --psm 0 -l osd /tmp/tmpud96gyjj.png stdout
05:33:10 INFO     command: tesseract -l por /tmp/tmpud96gyjj.png stdout tsv
05:33:12 INFO     command: tesseract --psm 0 -l osd /tmp/tmp1x40hzu0.png stdout
05:33:13 INFO     command: tesseract -l por /tmp/tmp1x40hzu0.png stdout tsv
05:33:15 INFO     command: tesseract --psm 0 -l osd /tmp/tmpjnshqli2.png stdout
05:33:16 INFO     command: tesseract -l por /tmp/tmpjnshqli2.png stdout tsv
05:33:18 INFO     command: tesseract --psm 0 -l osd /tmp/tmp7_c3ik8n.png stdout
05:33:19 INFO     command: tesseract -l por /tmp/tmp7_c3ik8n.png stdout tsv
05:33:26 INFO     command: tesseract --psm 0 -l osd /tmp/tmpa5f6ne7r.png stdout
05:33:27 INFO     command: tesseract -l por /tmp/tmpa5f6ne7r.png stdout tsv
05:33:35 INFO     Finished converting document iti_doc_diretivo_assinado-1_tarjado.pdf in 61.37 sec.
05:33:35 INFO       pixel_budget (Docling) iti_doc_diretivo_assinado-1_tarjado.pdf: 8.0% (área tabelas/5516339 px²)
05:33:35 INFO     [11/13] ✓ ITI       :    6 entregas | 61.4s | ETA ~1min
05:33:35 INFO     [12/13] → sgpr_ptd_2025_2027_anexo_de_entregas_assinado-copia_tarjada.pdf
05:33:35 INFO     detected formats: [<InputFormat.PDF: 'pdf'>]
05:33:35 INFO     Going to convert document batch...
05:33:35 INFO     Processing document sgpr_ptd_2025_2027_anexo_de_entregas_assinado-copia_tarjada.pdf
05:33:36 INFO     command: tesseract --psm 0 -l osd /tmp/tmp033w941d.png stdout
05:33:37 INFO     command: tesseract -l por /tmp/tmp033w941d.png stdout tsv
05:33:40 INFO     command: tesseract --psm 0 -l osd /tmp/tmpn44aqnri.png stdout
05:33:41 INFO     command: tesseract -l por /tmp/tmpn44aqnri.png stdout tsv
05:33:53 INFO     Finished converting document sgpr_ptd_2025_2027_anexo_de_entregas_assinado-copia_tarjada.pdf in 17.59 sec.
05:33:53 INFO       pixel_budget (Docling) sgpr_ptd_2025_2027_anexo_de_entregas_assinado-copia_tarjada.pdf: 29.5% (área tabelas/1002424 px²)
05:33:53 INFO     [12/13] ✓ SGPR      :   15 entregas | 17.6s | ETA ~47s
05:33:53 INFO     [13/13] → sgpr_ptd_2026_2027_docdiretivo_assinado-copia_tarjada.pdf
05:33:53 INFO     detected formats: [<InputFormat.PDF: 'pdf'>]
05:33:53 INFO     Going to convert document batch...
05:33:53 INFO     Processing document sgpr_ptd_2026_2027_docdiretivo_assinado-copia_tarjada.pdf
05:34:13 INFO     Finished converting document sgpr_ptd_2026_2027_docdiretivo_assinado-copia_tarjada.pdf in 20.04 sec.
05:34:13 INFO       pixel_budget (Docling) sgpr_ptd_2026_2027_docdiretivo_assinado-copia_tarjada.pdf: 8.2% (área tabelas/5513330 px²)
05:34:13 WARNING  [13/13] ⚠ SGPR      :    0 entregas | 20.1s | ETA ~0s
05:34:13 INFO     200 registros | 6 órgãos
05:34:13 INFO     ╔══════════════════════════════════════════════════════════════╗
05:34:13 INFO     ║                  ENTREGAS — fase concluída                   ║
05:34:13 INFO     ║  Processados: 13    |  ✓ 10  ⚠ 3                             ║
05:34:13 INFO     ║  Duração: 9.7 min                                            ║
05:34:13 INFO     ║  200 registros | 6 órgãos                                    ║
05:34:13 INFO     ╚══════════════════════════════════════════════════════════════╝
05:34:13 INFO     [1/6] → agu_ptd_2025_2027_docdiretivo_assinado_assinado_assinado-copia_tarjada.pdf
05:34:13 INFO     detected formats: [<InputFormat.PDF: 'pdf'>]
05:34:13 INFO     Going to convert document batch...
05:34:13 INFO     Processing document agu_ptd_2025_2027_docdiretivo_assinado_assinado_assinado-copia_tarjada.pdf
05:34:14 INFO     command: tesseract --psm 0 -l osd /tmp/tmp85y5hzt3.png stdout
05:34:14 INFO     command: tesseract -l por /tmp/tmp85y5hzt3.png stdout tsv
05:34:16 INFO     command: tesseract --psm 0 -l osd /tmp/tmpp8k8eu3e.png stdout
05:34:17 INFO     command: tesseract -l por /tmp/tmpp8k8eu3e.png stdout tsv
05:34:21 INFO     command: tesseract --psm 0 -l osd /tmp/tmplhmgxjo3.png stdout
05:34:22 INFO     command: tesseract -l por /tmp/tmplhmgxjo3.png stdout tsv
05:34:24 INFO     command: tesseract --psm 0 -l osd /tmp/tmps4j1i806.png stdout
05:34:25 INFO     command: tesseract -l por /tmp/tmps4j1i806.png stdout tsv
05:34:27 INFO     command: tesseract --psm 0 -l osd /tmp/tmpo3i7mo42.png stdout
05:34:28 INFO     command: tesseract -l por /tmp/tmpo3i7mo42.png stdout tsv
05:34:30 INFO     command: tesseract --psm 0 -l osd /tmp/tmpcpzp1akw.png stdout
05:34:32 INFO     command: tesseract -l por /tmp/tmpcpzp1akw.png stdout tsv
05:34:40 INFO     command: tesseract --psm 0 -l osd /tmp/tmpym0h9rw5.png stdout
05:34:41 INFO     command: tesseract -l por /tmp/tmpym0h9rw5.png stdout tsv
05:34:43 INFO     command: tesseract --psm 0 -l osd /tmp/tmpllr03kvd.png stdout
05:34:44 INFO     command: tesseract -l por /tmp/tmpllr03kvd.png stdout tsv
05:34:47 INFO     command: tesseract --psm 0 -l osd /tmp/tmp_we5jl9s.png stdout
05:34:47 INFO     command: tesseract -l por /tmp/tmp_we5jl9s.png stdout tsv
05:34:50 INFO     command: tesseract --psm 0 -l osd /tmp/tmpb4m4o9op.png stdout
05:34:51 INFO     command: tesseract -l por /tmp/tmpb4m4o9op.png stdout tsv
05:35:07 INFO     command: tesseract --psm 0 -l osd /tmp/tmpdaupxdxy.png stdout
05:35:08 INFO     command: tesseract -l por /tmp/tmpdaupxdxy.png stdout tsv
05:35:12 INFO     Finished converting document agu_ptd_2025_2027_docdiretivo_assinado_assinado_assinado-copia_tarjada.pdf in 58.53 sec.
05:35:12 INFO     [1/6] ✓ AGU       :   7 riscos | 58.5s | ETA ~4min
05:35:12 INFO     [2/6] → fiocruz_novo-ptd_2-1_docdiretivo_repactuacao_2024-2026_assinado_assinado-copia_tarjada.pdf
05:35:12 INFO     detected formats: [<InputFormat.PDF: 'pdf'>]
05:35:12 INFO     Going to convert document batch...
05:35:12 INFO     Processing document fiocruz_novo-ptd_2-1_docdiretivo_repactuacao_2024-2026_assinado_assinado-copia_tarjada.pdf
05:35:30 INFO     Finished converting document fiocruz_novo-ptd_2-1_docdiretivo_repactuacao_2024-2026_assinado_assinado-copia_tarjada.pdf in 18.05 sec.
05:35:30 INFO     [2/6] ✓ FIOCRUZ   :   6 riscos | 18.1s | ETA ~2min
05:35:30 INFO     [3/6] → funai_ptd_2025_2027_docdiretivo_assinado-1_tarjado.pdf
05:35:30 INFO     detected formats: [<InputFormat.PDF: 'pdf'>]
05:35:30 INFO     Going to convert document batch...
05:35:30 INFO     Processing document funai_ptd_2025_2027_docdiretivo_assinado-1_tarjado.pdf
05:35:31 INFO     command: tesseract --psm 0 -l osd /tmp/tmpl7m91dze.png stdout
05:35:32 INFO     command: tesseract -l por /tmp/tmpl7m91dze.png stdout tsv
05:35:33 INFO     command: tesseract --psm 0 -l osd /tmp/tmpy3wso88l.png stdout
05:35:34 INFO     command: tesseract -l por /tmp/tmpy3wso88l.png stdout tsv
05:35:37 INFO     command: tesseract --psm 0 -l osd /tmp/tmpes_wdew5.png stdout
05:35:38 INFO     command: tesseract -l por /tmp/tmpes_wdew5.png stdout tsv
05:35:40 INFO     command: tesseract --psm 0 -l osd /tmp/tmpcg865jdc.png stdout
05:35:40 INFO     command: tesseract -l por /tmp/tmpcg865jdc.png stdout tsv
05:35:42 INFO     command: tesseract --psm 0 -l osd /tmp/tmp0f5bhan1.png stdout
05:35:43 INFO     command: tesseract -l por /tmp/tmp0f5bhan1.png stdout tsv
05:35:45 INFO     command: tesseract --psm 0 -l osd /tmp/tmpnsw83wa3.png stdout
05:35:46 INFO     command: tesseract -l por /tmp/tmpnsw83wa3.png stdout tsv
05:35:57 INFO     command: tesseract --psm 0 -l osd /tmp/tmprjxe45om.png stdout
05:35:58 INFO     command: tesseract -l por /tmp/tmprjxe45om.png stdout tsv
05:35:59 INFO     command: tesseract --psm 0 -l osd /tmp/tmp38o5dzrh.png stdout
05:36:00 INFO     command: tesseract -l por /tmp/tmp38o5dzrh.png stdout tsv
05:36:01 INFO     command: tesseract --psm 0 -l osd /tmp/tmpyf_jds8t.png stdout
05:36:02 INFO     command: tesseract -l por /tmp/tmpyf_jds8t.png stdout tsv
05:36:04 INFO     command: tesseract --psm 0 -l osd /tmp/tmpt248jdgz.png stdout
05:36:05 INFO     command: tesseract -l por /tmp/tmpt248jdgz.png stdout tsv
05:36:20 INFO     command: tesseract --psm 0 -l osd /tmp/tmpe4j3v9zq.png stdout
05:36:21 INFO     command: tesseract -l por /tmp/tmpe4j3v9zq.png stdout tsv
05:36:26 INFO     command: tesseract --psm 0 -l osd /tmp/tmptona0zz3.png stdout
05:36:27 INFO     command: tesseract -l por /tmp/tmptona0zz3.png stdout tsv
05:36:28 INFO     command: tesseract --psm 0 -l osd /tmp/tmpgu60rr6s.png stdout
05:36:29 INFO     command: tesseract -l por /tmp/tmpgu60rr6s.png stdout tsv
05:36:36 INFO     Finished converting document funai_ptd_2025_2027_docdiretivo_assinado-1_tarjado.pdf in 65.97 sec.
05:36:36 INFO     [3/6] ✓ FUNAI     :  15 riscos | 66.0s | ETA ~2min
05:36:36 INFO     [4/6] → incra_ptd_docdiretivo__assinado-1_assinado_assinado-copia_tarjada.pdf
05:36:36 INFO     detected formats: [<InputFormat.PDF: 'pdf'>]
05:36:36 INFO     Going to convert document batch...
05:36:36 INFO     Processing document incra_ptd_docdiretivo__assinado-1_assinado_assinado-copia_tarjada.pdf
05:36:37 INFO     command: tesseract --psm 0 -l osd /tmp/tmp9njcg3ie.png stdout
05:36:37 INFO     command: tesseract -l por /tmp/tmp9njcg3ie.png stdout tsv
05:36:40 INFO     command: tesseract --psm 0 -l osd /tmp/tmph6h2728b.png stdout
05:36:41 INFO     command: tesseract -l por /tmp/tmph6h2728b.png stdout tsv
05:36:45 INFO     command: tesseract --psm 0 -l osd /tmp/tmp9l3p25si.png stdout
05:36:46 INFO     command: tesseract -l por /tmp/tmp9l3p25si.png stdout tsv
05:36:48 INFO     command: tesseract --psm 0 -l osd /tmp/tmpm9x81odg.png stdout
05:36:49 INFO     command: tesseract -l por /tmp/tmpm9x81odg.png stdout tsv
05:36:51 INFO     command: tesseract --psm 0 -l osd /tmp/tmpcx5dtohu.png stdout
05:36:51 INFO     command: tesseract -l por /tmp/tmpcx5dtohu.png stdout tsv
05:36:53 INFO     command: tesseract --psm 0 -l osd /tmp/tmpq_xg3wom.png stdout
05:36:55 INFO     command: tesseract -l por /tmp/tmpq_xg3wom.png stdout tsv
05:37:10 INFO     command: tesseract --psm 0 -l osd /tmp/tmpygx0fjze.png stdout
05:37:11 INFO     command: tesseract -l por /tmp/tmpygx0fjze.png stdout tsv
05:37:12 INFO     command: tesseract --psm 0 -l osd /tmp/tmpzvnhvhn3.png stdout
05:37:13 INFO     command: tesseract -l por /tmp/tmpzvnhvhn3.png stdout tsv
05:37:14 INFO     command: tesseract --psm 0 -l osd /tmp/tmp_jua3_37.png stdout
05:37:15 INFO     command: tesseract -l por /tmp/tmp_jua3_37.png stdout tsv
05:37:17 INFO     command: tesseract --psm 0 -l osd /tmp/tmp9cejcexf.png stdout
05:37:18 INFO     command: tesseract -l por /tmp/tmp9cejcexf.png stdout tsv
05:37:27 INFO     command: tesseract --psm 0 -l osd /tmp/tmp4n9nhnji.png stdout
05:37:28 INFO     command: tesseract -l por /tmp/tmp4n9nhnji.png stdout tsv
05:37:37 INFO     command: tesseract --psm 0 -l osd /tmp/tmpow52w0_k.png stdout
05:37:38 INFO     command: tesseract -l por /tmp/tmpow52w0_k.png stdout tsv
05:37:39 INFO     command: tesseract --psm 0 -l osd /tmp/tmppxm8xvb2.png stdout
05:37:40 INFO     command: tesseract -l por /tmp/tmppxm8xvb2.png stdout tsv
05:37:48 INFO     Finished converting document incra_ptd_docdiretivo__assinado-1_assinado_assinado-copia_tarjada.pdf in 72.13 sec.
05:37:48 INFO     [4/6] ✓ INCRA     :  15 riscos | 72.1s | ETA ~1min
05:37:48 INFO     [5/6] → iti_doc_diretivo_assinado-1_tarjado.pdf
05:37:48 INFO     detected formats: [<InputFormat.PDF: 'pdf'>]
05:37:48 INFO     Going to convert document batch...
05:37:48 INFO     Processing document iti_doc_diretivo_assinado-1_tarjado.pdf
05:37:48 INFO     command: tesseract --psm 0 -l osd /tmp/tmpsmvt9lrd.png stdout
05:37:49 INFO     command: tesseract -l por /tmp/tmpsmvt9lrd.png stdout tsv
05:37:52 INFO     command: tesseract --psm 0 -l osd /tmp/tmpa59o4qpr.png stdout
05:37:53 INFO     command: tesseract -l por /tmp/tmpa59o4qpr.png stdout tsv
05:37:57 INFO     command: tesseract --psm 0 -l osd /tmp/tmpsf23zzxd.png stdout
05:37:58 INFO     command: tesseract -l por /tmp/tmpsf23zzxd.png stdout tsv
05:38:00 INFO     command: tesseract --psm 0 -l osd /tmp/tmp26rgab03.png stdout
05:38:00 INFO     command: tesseract -l por /tmp/tmp26rgab03.png stdout tsv
05:38:02 INFO     command: tesseract --psm 0 -l osd /tmp/tmphm7ezbt7.png stdout
05:38:03 INFO     command: tesseract -l por /tmp/tmphm7ezbt7.png stdout tsv
05:38:05 INFO     command: tesseract --psm 0 -l osd /tmp/tmpf876qgqc.png stdout
05:38:06 INFO     command: tesseract -l por /tmp/tmpf876qgqc.png stdout tsv
05:38:21 INFO     command: tesseract --psm 0 -l osd /tmp/tmp_uf0a56i.png stdout
05:38:22 INFO     command: tesseract -l por /tmp/tmp_uf0a56i.png stdout tsv
05:38:24 INFO     command: tesseract --psm 0 -l osd /tmp/tmp2aer1uk3.png stdout
05:38:24 INFO     command: tesseract -l por /tmp/tmp2aer1uk3.png stdout tsv
05:38:27 INFO     command: tesseract --psm 0 -l osd /tmp/tmplqt6pjd7.png stdout
05:38:27 INFO     command: tesseract -l por /tmp/tmplqt6pjd7.png stdout tsv
05:38:30 INFO     command: tesseract --psm 0 -l osd /tmp/tmppgdzappq.png stdout
05:38:31 INFO     command: tesseract -l por /tmp/tmppgdzappq.png stdout tsv
05:38:46 INFO     command: tesseract --psm 0 -l osd /tmp/tmpyjg_7ony.png stdout
05:38:47 INFO     command: tesseract -l por /tmp/tmpyjg_7ony.png stdout tsv
05:38:50 INFO     Finished converting document iti_doc_diretivo_assinado-1_tarjado.pdf in 62.28 sec.
05:38:50 INFO     [5/6] ✓ ITI       :  14 riscos | 62.3s | ETA ~55s
05:38:50 INFO     [6/6] → sgpr_ptd_2026_2027_docdiretivo_assinado-copia_tarjada.pdf
05:38:50 INFO     detected formats: [<InputFormat.PDF: 'pdf'>]
05:38:50 INFO     Going to convert document batch...
05:38:50 INFO     Processing document sgpr_ptd_2026_2027_docdiretivo_assinado-copia_tarjada.pdf
05:39:10 INFO     Finished converting document sgpr_ptd_2026_2027_docdiretivo_assinado-copia_tarjada.pdf in 20.03 sec.
05:39:10 INFO     [6/6] ✓ SGPR      :  10 riscos | 20.0s | ETA ~0s
05:39:10 INFO     ╔══════════════════════════════════════════════════════════════╗
05:39:10 INFO     ║                   RISCOS — fase concluída                    ║
05:39:10 INFO     ║  Processados: 6     |  ✓ 6  ⚠ 0                              ║
05:39:10 INFO     ║  Duração: 5.0 min                                            ║
05:39:10 INFO     ║  67 riscos | 6 órgãos                                        ║
05:39:10 INFO     ╚══════════════════════════════════════════════════════════════╝
05:39:10 INFO     67 riscos | 0 ações | 109 relações
05:39:10 INFO     ptd_corpus_raw                     : 200 linhas
05:39:10 INFO     ptd_pivot_eixos                    : 6 linhas
05:39:13 INFO     ptd_datas_assinatura               : 132 linhas
05:39:13 INFO     ptd_riscos                         : 67 linhas
05:39:13 INFO     ptd_riscos_acoes                   : 109 linhas
05:39:13 INFO     Manifesto salvo: pipeline_manifest.json | SHA-256 de 132 PDFs
05:39:13 INFO     ==================================================
05:39:13 INFO     PTD-BR v3.0-melhorado — PIPELINE CONCLUÍDO
05:39:13 INFO     ==================================================
05:39:13 INFO     ptd_corpus_raw.csv                        125 KB
05:39:13 INFO     ptd_pivot_eixos.csv                         0 KB
05:39:13 INFO     ptd_datas_assinatura.csv                    9 KB
05:39:13 INFO     ptd_riscos.csv                             19 KB
05:39:13 INFO     ptd_riscos_acoes.csv                        2 KB
05:39:13 INFO     proveniencia.json                           0 KB
05:39:13 INFO     pipeline_manifest.json                     20 KB
05:39:13 INFO     📦 Artefatos: https://github.com/freirelucas/teste/actions/runs/23934847623
05:39:13 INFO     ==================================================
