11:17:18 INFO     Docling disponível
11:17:18 WARNING  OCR fallback indisponível (IndentationError: unexpected indent (ptd_ocr_fallback.py, line 45))
11:17:20 INFO     Ignorado (guia/template/norma): ABNT-NBR-17225-Acessibilidade-Digital.pdf
11:17:20 INFO     Ignorado (guia/template/norma): cgrep-guia10passos-ptd-orgao.pdf
11:17:20 INFO     Ignorado (guia/template/norma): ABNT-NBR-17225-Acessibilidade-Digital.pdf
11:17:20 INFO     Scraping: 132 PDFs únicos | entregas: 68 | diretivos: 61
11:17:20 INFO     Baixando 132 PDFs únicos...
11:17:22 INFO     ✓ [  1/132] abin_ptd_anexo_de_entregas_assinado_pelo_orgao_ass   293.3KB
11:17:27 INFO     ✓ [  2/132] aeb_ptd_2025_2027_docdiretivo_aprovado_assinado-1_  1033.7KB
11:17:29 INFO     ✓ [  3/132] aeb_ptd_2025_2027_anexo_de_entregas_aprovado_assin   154.5KB
11:17:37 INFO     ✓ [  4/132] agu_ptd_2025_2027_docdiretivo_assinado_assinado_as  2860.3KB
11:17:40 INFO     ✓ [  5/132] agu_ptd_2025_2027_anexo_de_entregas_assinado_assin   525.5KB
11:17:43 INFO     ✓ [  6/132] ana_ptd_2025_2027_docdiretivo_assinado_assinado_as   477.2KB
11:17:46 INFO     ✓ [  7/132] ana_ptd_2025_2027_anexoentregas_assinado_assinado_   170.9KB
11:17:50 INFO     ✓ [  8/132] anac_ptd_2025_2026_docdiretivo_se_assinado_tarjado  1036.3KB
11:17:52 INFO     ✓ [  9/132] anac_ptd_2025_2026_anexo_de_entregas_se_assinado.p   215.2KB
11:17:56 INFO     ✓ [ 10/132] anatel_ptd_docdiretivo_assinado_2025_2026_assinado  1006.0KB
11:17:59 INFO     ✓ [ 11/132] anatel_ptd_2025_2026_anexo_de_entregas_do_ptd_publ    71.9KB
11:18:02 INFO     ✓ [ 12/132] ancine_ptd_2024_2026_docdiretivo_assinado-2_assina   961.8KB
11:18:06 INFO     ✓ [ 13/132] ancine_ptd_2024_2026_-_anexo_de_entregas_aprovado_   613.2KB
11:18:09 INFO     ✓ [ 14/132] ptd_aneel_2025-2027_docdiretivo_assinado_tarjado.p   779.6KB
11:18:12 INFO     ✓ [ 15/132] ptd_aneel_2025-2027_anexo_de_entregas_assinado.pdf   111.9KB
11:18:16 INFO     ✓ [ 16/132] anm_ptd_2025_2027_docdiretivo_assinadopeloorgao_ta  1092.5KB
11:18:20 INFO     ✓ [ 17/132] anm_ptd_2025_2027_anexo_entregas_assinadopeloorgao  1140.4KB
11:18:24 INFO     ✓ [ 18/132] anpd_ptd_2025_2027_docdiretivo_assinado_assinado_a  1044.3KB
11:18:26 INFO     ✓ [ 19/132] anpd_ptd_2025_2027_anexo_de_entregas_assinado_assi   166.5KB
11:18:30 INFO     ✓ [ 20/132] ans-plano_de_transformacao_digital_assinado-copia_  1023.4KB
11:18:33 INFO     ✓ [ 21/132] ans_ptd_2025_2026_anexo_de_entregas_assinado_assin   124.1KB
11:18:37 INFO     ✓ [ 22/132] antaq_ptd_2025_2027_docdiretivo_assinado_assinado_  1039.8KB
11:18:39 INFO     ✓ [ 23/132] antaq_ptd_2025_2027_anexoentregas_assinado_assinad   145.1KB
11:18:42 INFO     ✓ [ 24/132] mt_anexo_de_entregas_-_assinado_assinado_assinado_   143.6KB
11:18:53 INFO     ✓ [ 25/132] anvisa_ptd_docdiretivo_2025-2026_assinado_assinado  5771.2KB
11:18:56 INFO     ✓ [ 26/132] anvisa_ptd_anexo_de_entregas_2025_2026_assinado_as   239.0KB
11:18:59 INFO     ✓ [ 27/132] bcb_documento_diretivo_assinado_assinado_assinado-   713.7KB
11:19:02 INFO     ✓ [ 28/132] bcb_anexo_de_entregas_ptd_25_26-1_assinado_assinad   134.8KB
11:19:05 INFO     ✓ [ 29/132] cade_ptd_docdiretivo_2025_2026_assinado-2_assinado   810.4KB
11:19:09 INFO     ✓ [ 30/132] cade_ptd_anexo_de_entregas_2025_2026_assinado_copi   504.0KB
11:19:12 INFO     ✓ [ 31/132] mec_ptd_docdiretivo_2025-2026_sei_mec-5566673_copi   863.1KB
11:19:15 INFO     ✓ [ 32/132] mec_ptd_anexo-de-entregas_sei_mec-5576401_copia_ta   495.7KB
11:19:20 INFO     ✓ [ 33/132] mec_ptd_docdiretivo-versao-comunicacao_copia_tarja  1616.5KB
11:19:23 INFO     ✓ [ 34/132] md_ptd_2026_2027_anexo_de_entregas_assinado_assina   579.4KB
11:19:26 INFO     ✓ [ 35/132] md_ptd_2026_2027_anexo_de_entregas_assinado_assina   186.8KB
11:19:29 INFO     ✓ [ 36/132] md_ptd_temp_copia_tarjada.pdf                        741.9KB
11:19:34 INFO     ✓ [ 37/132] cgu_ptd_docdiretivo_assinado_assinado_assinado-cop  1085.4KB
11:19:37 INFO     ✓ [ 38/132] cgu_ptd_anexo_de_entregas_pactuadas_assinado_assin   514.1KB
11:19:40 INFO     ✓ [ 39/132] cnpq_ptd_2025_2027_docdiretivo_assinado_assinado_a   342.9KB
11:19:42 INFO     ✓ [ 40/132] cnpq_ptd_2025_2027_anexo_de_entregas_assinado_assi   136.1KB
11:19:46 INFO     ✓ [ 41/132] coaf_ptd_2025_2026_documento_diretivo_assinado_ass  1068.0KB
11:19:54 INFO     ✓ [ 42/132] coaf_ptd_2025_2026_anexo_de_entregas-2_assinado_as  3184.5KB
11:20:02 INFO     ✓ [ 43/132] ptd_midr-docdiretivo_aprovado_assinado_tarjado.pdf  3864.1KB
11:20:06 INFO     ✓ [ 44/132] ptd_midr_-_anexo_de_entregas_-_aprovado_assinado.p  1122.0KB
11:20:10 INFO     ✓ [ 45/132] mda-documento-diretivo-assinado_ptd-2025-207-copia   955.8KB
11:20:12 INFO     ✓ [ 46/132] cvm_ptd_2025_2027_docdiretivo_assinado_assinado_as   270.5KB
11:20:16 INFO     ✓ [ 47/132] cvm_ptd_2025_2027_anexoentregas_assinado_assinado_   409.0KB
11:20:19 INFO     ✓ [ 48/132] dnocs_ptd_doc_diretivo_2025_2026_assinado_orgao-2_   891.1KB
11:20:22 INFO     ✓ [ 49/132] dnocs_anexo_de_entregas_repactuado_2025_2026_assin   272.3KB
11:20:29 INFO     ✓ [ 50/132] fbn_ptd_2025_2027_docdiretivo_assinado-1_tarjado.p  2921.6KB
11:20:32 INFO     ✓ [ 51/132] fbn_ptd_2025_2027_anexo_de_entregas_assinado-1.pdf   162.3KB
11:20:37 INFO     ✓ [ 52/132] fcp_ptd_2025_2027_docdiretivo_assinado-1_tarjado.p  1612.0KB
11:20:39 INFO     ✓ [ 53/132] fcp_ptd_2025_2027_anexo_de_entregas_assinado-1.pdf   118.8KB
11:20:43 INFO     ✓ [ 54/132] fcrb_ptd_2025_2026_docdiretivo_aprovado_assinado-1   998.2KB
11:20:46 INFO     ✓ [ 55/132] fcrb_ptd_2025_2026_anexo_de_entregas_aprovado_assi   313.5KB
11:20:51 INFO     ✓ [ 56/132] fiocruz_novo-ptd_2-1_docdiretivo_repactuacao_2024-  1318.1KB
11:20:53 INFO     ✓ [ 57/132] fiocruz_ptd_anexo_de_entregas_assinado_v1_assinado   257.1KB
11:20:59 INFO     ✓ [ 58/132] fiocruz-ptd-06_2024-copia_tarjada.pdf               1693.8KB
11:21:04 INFO     ✓ [ 59/132] funai_ptd_2025_2027_docdiretivo_assinado-1_tarjado  1842.1KB
11:21:07 INFO     ✓ [ 60/132] funai_anexo_de_entregas_repactuado_2026_2027_assin   435.7KB
11:21:11 INFO     ✓ [ 61/132] funarte_ptd_docdiretivo_assinado_21_01_2025_assina   965.7KB
11:21:14 INFO     ✓ [ 62/132] funarte_ptd_anexo_de_entregas_assinado_v1_assinado   683.6KB
11:21:18 INFO     ✓ [ 63/132] fundacentro_ptd_2025_2027_docdiretivo_assinado_ass   826.6KB
11:21:21 INFO     ✓ [ 64/132] fundacentro_ptd_2025_2027_anexo_de_entregas_assina   635.5KB
11:21:25 INFO     ✓ [ 65/132] mma_ptd_docdiretivo_assinado_2025_2026-1_assinado_   949.3KB
11:21:27 INFO     ✓ [ 66/132] mma_ptd_anexo_de_entregas_aprovado_final_assinado_   174.8KB
11:21:32 INFO     ✓ [ 67/132] ibge_docdiretivo_2025_assinado_assinado_assinado-c  1167.3KB
11:21:34 INFO     ✓ [ 68/132] ibge_ptd_25_26_anexo_de_entregas_modelo_v2-1_assin   143.7KB
11:21:48 INFO     ✓ [ 69/132] incra_ptd_docdiretivo__assinado-1_assinado_assinad  7182.0KB
11:21:53 INFO     ✓ [ 70/132] incra_anexo_de_entregas_assinado-1_assinado_assina  1818.6KB
11:22:01 INFO     ✓ [ 71/132] inpi_ptd_docdiretivo_assinado_2025_2026_assinado_a  3322.4KB
11:22:08 INFO     ✓ [ 72/132] inpi_ptd_anexo_de_entregas_assinado_v1_assinado_as  3078.1KB
11:22:12 INFO     ✓ [ 73/132] inss_ptd_2025_2027_docdiretivo-assinado-copia_tarj  1173.3KB
11:22:15 INFO     ✓ [ 74/132] inss_ptd_2025_2027_anexo_de_entregas-assinado-copi   110.8KB
11:22:18 INFO     ✓ [ 75/132] iphan_ptd_docdiretivo_assinado_2025_2026_assinado_   885.7KB
11:22:21 INFO     ✓ [ 76/132] iphan_ptd_anexo_de_entregas_assinado_v1_assinado_a   310.9KB
11:22:32 INFO     ✓ [ 77/132] iti_doc_diretivo_assinado-1_tarjado.pdf             4905.1KB
11:22:35 INFO     ✓ [ 78/132] iti_anexo_de_entregas_assinado.pdf                   556.4KB
11:22:40 INFO     ✓ [ 79/132] mapa_ptd_2025_2027_docdiretivo_assinado-1_tarjado.  1740.9KB
11:22:43 INFO     ✓ [ 80/132] mapa_ptd_2025_2027_anexo_de_entregas_assinado-1.pd   261.9KB
11:22:52 INFO     ✓ [ 81/132] documento-diretivo-mcom-_-ptd-25_27-copia_tarjada.  4451.9KB
11:22:56 INFO     ✓ [ 82/132] anexo-de-entregas-mcom_ptd-25_27-copia_tarjada.pdf  1213.8KB
11:23:03 INFO     ✓ [ 83/132] ptd_21_24_mcom-copia_tarjada.pdf                    3040.7KB
11:23:07 INFO     ✓ [ 84/132] mcti_ptd_2025-2027_docdiretivo_assinado-copia_tarj  1030.7KB
11:23:10 INFO     ✓ [ 85/132] mcti_ptd_2025-2027_anexo-de-entregas_assinado-copi   145.8KB
11:23:12 INFO     ✓ [ 86/132] mda-anexo-entregas-assinado_ptd-2025-2027-copia-ta   284.6KB
11:23:16 INFO     ✓ [ 87/132] mdhc_ptd_2025_2027_docdiretivo_assinado_assinado_a   753.4KB
11:23:19 INFO     ✓ [ 88/132] mdhc_ptd_2025_2027_anexoentregas_assinado_assinado   186.8KB
11:23:21 INFO     ✓ [ 89/132] mdic_ptd_anexo_de_entregas_assinado_v1_assinado_as   176.6KB
11:23:25 INFO     ✓ [ 90/132] memp_ptd_2025_2026_docdiretivo_assinado_assinado_a  1030.1KB
11:23:28 INFO     ✓ [ 91/132] memp_ptd_2025_2026_anexo_de_entregas_assinado_assi   161.5KB
11:23:32 INFO     ✓ [ 92/132] mesp_ptd_2025_2027_docdiretivo_assinado_assinado_2  1147.7KB
11:23:35 INFO     ✓ [ 93/132] mesp_ptd_2025_2027_anexo_de_entregas_assinado_assi   226.6KB
11:23:39 INFO     ✓ [ 94/132] mf_ptd_2026_2027_documentodiretivo_assinado_assina   955.1KB
11:23:42 INFO     ✓ [ 95/132] mf_ptd_2026_2027_anexo_de_entregas_1_mf_se_assinad   241.2KB
11:23:45 INFO     ✓ [ 96/132] mgi_ptd_2025_2027_docdiretivo_assinado_assinado_as   375.2KB
11:23:48 INFO     ✓ [ 97/132] mgi_ptd_2025_2027_anexo_de_entregas_assinado_assin   256.1KB
11:23:51 INFO     ✓ [ 98/132] minc_ptd_2025_2027_docdiretivo_assinado-1_assinado   863.6KB
11:23:54 INFO     ✓ [ 99/132] minc_ptd_2025_2027_anexo_de_entregas_assinado-1_as   276.7KB
11:23:58 INFO     ✓ [100/132] mjsp_ptd_docdiretivo_assinado_2025_2026_assinado_a   954.0KB
11:24:01 INFO     ✓ [101/132] mjsp_ptd_anexo_de_entregas_assinado_v1_assinado_as   253.9KB
11:24:05 INFO     ✓ [102/132] mme_ptd_2025_2027_docdiretivo_assinado-copia_tarja   664.5KB
11:24:07 INFO     ✓ [103/132] mme_ptd_2025_2027_anexo_de_entregas_assinado__1_-c   111.1KB
11:24:12 INFO     ✓ [104/132] mmulheres_ptd_2025_2027_docdiretivo_assinado_assin  1078.3KB
11:24:14 INFO     ✓ [105/132] mmulheres_ptd_2025_2027_anexo_de_entregas_assinado   216.9KB
11:24:18 INFO     ✓ [106/132] mpi_ptd_2025_2027_docdiretivo_ministerio_dos_povos   947.9KB
11:24:21 INFO     ✓ [107/132] mpi_ptd_anexo_de_entregas_do_plano_de_tranformacao   191.9KB
11:24:25 INFO     ✓ [108/132] mpo_ptd_docdiretivo_assinado_2025_2026_assinado_as   806.3KB
11:24:28 INFO     ✓ [109/132] mpo_ptd_anexo_de_entregas_assinado_v1_assinado_ass   323.2KB
11:24:32 INFO     ✓ [110/132] mpor_ptd_2025_2027_docdiretivo_assinado_assinado_a   876.5KB
11:24:34 INFO     ✓ [111/132] mpor_ptd_2025_2027_anexo_de_entregas_assinado_assi   175.1KB
11:24:38 INFO     ✓ [112/132] mps_ptd_2025-2026_docdiretivo_final_assinado-1_ass  1024.4KB
11:24:41 INFO     ✓ [113/132] mps_ptd_2025-2026_anexo_de_entregas_final_assinado   165.0KB
11:24:45 INFO     ✓ [114/132] mre_ptd_docdiretivo_assinado_2025_2026_assinado_as   760.9KB
11:24:47 INFO     ✓ [115/132] mre_ptd_anexo_de_entregas_assinado_v1_assinado_ass   233.2KB
11:24:51 INFO     ✓ [116/132] mte_ptd_2025_2026_docdiretivo_assinado_assinado_as   729.6KB
11:24:55 INFO     ✓ [117/132] mte_ptd_anexo_de_entregas_assinado_v1__281_29_assi   459.5KB
11:24:59 INFO     ✓ [118/132] mtur_ptd_docdiretiv_assinado_30_01_2025_assinado_a  1050.4KB
11:25:01 INFO     ✓ [119/132] mtur_ptd_anexo_de_entregas_assinado_30_01_2025_ass   118.8KB
11:25:05 INFO     ✓ [120/132] pf_ptd_docdiretivo_2025_2027_assinado-copia_tarjad   964.3KB
11:25:07 INFO     ✓ [121/132] pf_ptd_anexo_de_entregas_2025_2027_assinado-copia_    62.5KB
11:25:11 INFO     ✓ [122/132] mf_ptd_2026_2027_anexo_de_entregas_4_mf_pgfn_assin   466.8KB
11:25:24 INFO     ✓ [123/132] previc_plano_de_transformacao_digital_2025_2026_29  6652.7KB
11:25:26 INFO     ✓ [124/132] previc_ptd_repactuacao_2025-2026_assinado_assinado   182.9KB
11:25:29 INFO     ✓ [125/132] prf_documentodiretivo_ptd_2026-2027_assinado_tarja   535.9KB
11:25:32 INFO     ✓ [126/132] prf_anexo_de_entregas_do_ptd__2026_2027___ptd___en   157.7KB
11:25:35 INFO     ✓ [127/132] mf_ptd_2026_2027_anexo_de_entregas_2_mf_rfb_assina   253.7KB
11:25:39 INFO     ✓ [128/132] sgpr_ptd_2026_2027_docdiretivo_assinado-copia_tarj   791.2KB
11:25:43 INFO     ✓ [129/132] sgpr_ptd_2025_2027_anexo_de_entregas_assinado-copi   897.9KB
11:25:46 INFO     ✓ [130/132] mf_ptd_2026_2027_anexo_de_entregas_3_mf_stn_assina   467.8KB
11:25:50 INFO     ✓ [131/132] susep_ptd_2025_2027_docdiretivo-assinado-copia_tar  1030.1KB
11:25:53 INFO     ✓ [132/132] susep_ptd_2025-2026_anexo_de_entregas_final_assina   221.9KB
11:25:54 INFO     132 OK | 0 erros | 123.3 MB total
11:26:00 INFO     Sanity: 132 PDFs | 113 texto | 19 imagem/OCR | 0 duplicatas
11:26:00 INFO     --siglas (debug): 15 PDFs de ['AGU', 'FIOCRUZ', 'FUNAI', 'FUNDACENTRO', 'INCRA', 'ITI', 'MCOM', 'SGPR']
11:26:00 INFO     DocumentConverter instanciado (singleton × 2: plain + OCR)
11:26:00 INFO     [1/15] → agu_ptd_2025_2027_anexo_de_entregas_assinado_assinado_assinado-copia_tarjada.pdf
11:26:00 INFO     detected formats: [<InputFormat.PDF: 'pdf'>]
11:26:00 INFO     Going to convert document batch...
11:26:00 INFO     Initializing pipeline for StandardPdfPipeline with options hash bc6794697da537796efc497178f9263f
11:26:00 INFO     Loading plugin 'docling_defaults'
11:26:00 INFO     Registered picture descriptions: ['picture_description_vlm_engine', 'vlm', 'api']
11:26:00 INFO     Loading plugin 'docling_defaults'
11:26:00 INFO     Registered ocr engines: ['auto', 'easyocr', 'kserve_v2_ocr', 'ocrmac', 'rapidocr', 'tesserocr', 'tesseract']
11:26:00 INFO     command: tesseract --list-langs
11:26:00 INFO     Loading plugin 'docling_defaults'
11:26:00 INFO     Registered layout engines: ['layout_object_detection', 'docling_layout_default', 'docling_experimental_table_crops_layout']
11:26:00 INFO     Accelerator device: 'cpu'
11:26:00 INFO     HTTP Request: GET https://huggingface.co/api/models/docling-project/docling-layout-heron/revision/main "HTTP/1.1 200 OK"
11:26:00 INFO     HTTP Request: HEAD https://huggingface.co/docling-project/docling-layout-heron/resolve/8f39ad3c0b4c58e9c2d2c84a38465abf757272d8/README.md "HTTP/1.1 307 Temporary Redirect"
11:26:00 INFO     HTTP Request: HEAD https://huggingface.co/api/resolve-cache/models/docling-project/docling-layout-heron/8f39ad3c0b4c58e9c2d2c84a38465abf757272d8/README.md "HTTP/1.1 200 OK"
11:26:00 INFO     HTTP Request: HEAD https://huggingface.co/docling-project/docling-layout-heron/resolve/8f39ad3c0b4c58e9c2d2c84a38465abf757272d8/.gitattributes "HTTP/1.1 307 Temporary Redirect"
11:26:00 WARNING  Warning: You are sending unauthenticated requests to the HF Hub. Please set a HF_TOKEN to enable higher rate limits and faster downloads.
11:26:00 INFO     HTTP Request: HEAD https://huggingface.co/docling-project/docling-layout-heron/resolve/8f39ad3c0b4c58e9c2d2c84a38465abf757272d8/model.safetensors "HTTP/1.1 302 Found"
11:26:00 INFO     HTTP Request: HEAD https://huggingface.co/docling-project/docling-layout-heron/resolve/8f39ad3c0b4c58e9c2d2c84a38465abf757272d8/config.json "HTTP/1.1 307 Temporary Redirect"
11:26:00 INFO     HTTP Request: GET https://huggingface.co/api/resolve-cache/models/docling-project/docling-layout-heron/8f39ad3c0b4c58e9c2d2c84a38465abf757272d8/README.md "HTTP/1.1 200 OK"
11:26:00 INFO     HTTP Request: HEAD https://huggingface.co/api/resolve-cache/models/docling-project/docling-layout-heron/8f39ad3c0b4c58e9c2d2c84a38465abf757272d8/.gitattributes "HTTP/1.1 200 OK"
11:26:00 INFO     HTTP Request: HEAD https://huggingface.co/api/resolve-cache/models/docling-project/docling-layout-heron/8f39ad3c0b4c58e9c2d2c84a38465abf757272d8/config.json "HTTP/1.1 200 OK"
11:26:00 INFO     HTTP Request: GET https://huggingface.co/api/resolve-cache/models/docling-project/docling-layout-heron/8f39ad3c0b4c58e9c2d2c84a38465abf757272d8/.gitattributes "HTTP/1.1 200 OK"
11:26:00 INFO     HTTP Request: HEAD https://huggingface.co/docling-project/docling-layout-heron/resolve/8f39ad3c0b4c58e9c2d2c84a38465abf757272d8/preprocessor_config.json "HTTP/1.1 307 Temporary Redirect"
11:26:00 INFO     HTTP Request: GET https://huggingface.co/api/resolve-cache/models/docling-project/docling-layout-heron/8f39ad3c0b4c58e9c2d2c84a38465abf757272d8/config.json "HTTP/1.1 200 OK"
11:26:00 INFO     HTTP Request: HEAD https://huggingface.co/api/resolve-cache/models/docling-project/docling-layout-heron/8f39ad3c0b4c58e9c2d2c84a38465abf757272d8/preprocessor_config.json "HTTP/1.1 200 OK"
11:26:00 INFO     HTTP Request: GET https://huggingface.co/api/resolve-cache/models/docling-project/docling-layout-heron/8f39ad3c0b4c58e9c2d2c84a38465abf757272d8/preprocessor_config.json "HTTP/1.1 200 OK"
11:26:00 INFO     HTTP Request: HEAD https://huggingface.co/docling-project/docling-layout-heron/resolve/8f39ad3c0b4c58e9c2d2c84a38465abf757272d8/docling_heron_400.png "HTTP/1.1 307 Temporary Redirect"
11:26:00 INFO     HTTP Request: HEAD https://huggingface.co/api/resolve-cache/models/docling-project/docling-layout-heron/8f39ad3c0b4c58e9c2d2c84a38465abf757272d8/docling_heron_400.png "HTTP/1.1 200 OK"
11:26:00 INFO     HTTP Request: GET https://huggingface.co/api/resolve-cache/models/docling-project/docling-layout-heron/8f39ad3c0b4c58e9c2d2c84a38465abf757272d8/docling_heron_400.png "HTTP/1.1 200 OK"
11:26:00 INFO     HTTP Request: GET https://huggingface.co/api/models/docling-project/docling-layout-heron/xet-read-token/8f39ad3c0b4c58e9c2d2c84a38465abf757272d8 "HTTP/1.1 200 OK"
11:26:02 INFO     Loading plugin 'docling_defaults'
11:26:02 INFO     Registered table structure engines: ['docling_tableformer', 'docling_tableformer_v2']
11:26:02 INFO     HTTP Request: GET https://huggingface.co/api/models/docling-project/docling-models/revision/v2.3.0 "HTTP/1.1 200 OK"
11:26:02 INFO     HTTP Request: HEAD https://huggingface.co/docling-project/docling-models/resolve/fc0f2d45e2218ea24bce5045f58a389aed16dc23/.gitattributes "HTTP/1.1 307 Temporary Redirect"
11:26:02 INFO     HTTP Request: HEAD https://huggingface.co/docling-project/docling-models/resolve/fc0f2d45e2218ea24bce5045f58a389aed16dc23/README.md "HTTP/1.1 307 Temporary Redirect"
11:26:02 INFO     HTTP Request: HEAD https://huggingface.co/docling-project/docling-models/resolve/fc0f2d45e2218ea24bce5045f58a389aed16dc23/model_artifacts/tableformer/accurate/tm_config.json "HTTP/1.1 307 Temporary Redirect"
11:26:02 INFO     HTTP Request: HEAD https://huggingface.co/docling-project/docling-models/resolve/fc0f2d45e2218ea24bce5045f58a389aed16dc23/config.json "HTTP/1.1 307 Temporary Redirect"
11:26:02 INFO     HTTP Request: HEAD https://huggingface.co/docling-project/docling-models/resolve/fc0f2d45e2218ea24bce5045f58a389aed16dc23/.gitignore "HTTP/1.1 307 Temporary Redirect"
11:26:02 INFO     HTTP Request: HEAD https://huggingface.co/api/resolve-cache/models/docling-project/docling-models/fc0f2d45e2218ea24bce5045f58a389aed16dc23/.gitattributes "HTTP/1.1 200 OK"
11:26:02 INFO     HTTP Request: HEAD https://huggingface.co/docling-project/docling-models/resolve/fc0f2d45e2218ea24bce5045f58a389aed16dc23/model_artifacts/tableformer/accurate/tableformer_accurate.safetensors "HTTP/1.1 302 Found"
11:26:02 INFO     HTTP Request: HEAD https://huggingface.co/api/resolve-cache/models/docling-project/docling-models/fc0f2d45e2218ea24bce5045f58a389aed16dc23/model_artifacts%2Ftableformer%2Faccurate%2Ftm_config.json "HTTP/1.1 200 OK"
11:26:02 INFO     HTTP Request: HEAD https://huggingface.co/api/resolve-cache/models/docling-project/docling-models/fc0f2d45e2218ea24bce5045f58a389aed16dc23/README.md "HTTP/1.1 200 OK"
11:26:02 INFO     HTTP Request: HEAD https://huggingface.co/api/resolve-cache/models/docling-project/docling-models/fc0f2d45e2218ea24bce5045f58a389aed16dc23/config.json "HTTP/1.1 200 OK"
11:26:02 INFO     HTTP Request: HEAD https://huggingface.co/api/resolve-cache/models/docling-project/docling-models/fc0f2d45e2218ea24bce5045f58a389aed16dc23/.gitignore "HTTP/1.1 200 OK"
11:26:02 INFO     HTTP Request: HEAD https://huggingface.co/docling-project/docling-models/resolve/fc0f2d45e2218ea24bce5045f58a389aed16dc23/model_artifacts/tableformer/fast/tableformer_fast.safetensors "HTTP/1.1 302 Found"
11:26:02 INFO     HTTP Request: GET https://huggingface.co/api/resolve-cache/models/docling-project/docling-models/fc0f2d45e2218ea24bce5045f58a389aed16dc23/.gitattributes "HTTP/1.1 200 OK"
11:26:02 INFO     HTTP Request: GET https://huggingface.co/api/resolve-cache/models/docling-project/docling-models/fc0f2d45e2218ea24bce5045f58a389aed16dc23/model_artifacts%2Ftableformer%2Faccurate%2Ftm_config.json "HTTP/1.1 200 OK"
11:26:02 INFO     HTTP Request: GET https://huggingface.co/api/resolve-cache/models/docling-project/docling-models/fc0f2d45e2218ea24bce5045f58a389aed16dc23/README.md "HTTP/1.1 200 OK"
11:26:02 INFO     HTTP Request: GET https://huggingface.co/api/resolve-cache/models/docling-project/docling-models/fc0f2d45e2218ea24bce5045f58a389aed16dc23/.gitignore "HTTP/1.1 200 OK"
11:26:02 INFO     HTTP Request: GET https://huggingface.co/api/resolve-cache/models/docling-project/docling-models/fc0f2d45e2218ea24bce5045f58a389aed16dc23/config.json "HTTP/1.1 200 OK"
11:26:02 INFO     HTTP Request: HEAD https://huggingface.co/docling-project/docling-models/resolve/fc0f2d45e2218ea24bce5045f58a389aed16dc23/model_artifacts/tableformer/fast/tm_config.json "HTTP/1.1 307 Temporary Redirect"
11:26:02 INFO     HTTP Request: HEAD https://huggingface.co/api/resolve-cache/models/docling-project/docling-models/fc0f2d45e2218ea24bce5045f58a389aed16dc23/model_artifacts%2Ftableformer%2Ffast%2Ftm_config.json "HTTP/1.1 200 OK"
11:26:02 INFO     HTTP Request: GET https://huggingface.co/api/resolve-cache/models/docling-project/docling-models/fc0f2d45e2218ea24bce5045f58a389aed16dc23/model_artifacts%2Ftableformer%2Ffast%2Ftm_config.json "HTTP/1.1 200 OK"
11:26:02 INFO     HTTP Request: GET https://huggingface.co/api/models/docling-project/docling-models/xet-read-token/fc0f2d45e2218ea24bce5045f58a389aed16dc23 "HTTP/1.1 200 OK"
11:26:02 INFO     HTTP Request: GET https://huggingface.co/api/models/docling-project/docling-models/xet-read-token/fc0f2d45e2218ea24bce5045f58a389aed16dc23 "HTTP/1.1 200 OK"
11:26:03 INFO     Accelerator device: 'cpu'
11:26:04 INFO     Processing document agu_ptd_2025_2027_anexo_de_entregas_assinado_assinado_assinado-copia_tarjada.pdf
11:26:04 INFO     command: tesseract --psm 0 -l osd /tmp/tmpl0y_rhbb.png stdout
11:26:05 INFO     command: tesseract -l por /tmp/tmpl0y_rhbb.png stdout tsv
11:26:08 INFO     command: tesseract --psm 0 -l osd /tmp/tmpau161qz5.png stdout
11:26:09 INFO     command: tesseract -l por /tmp/tmpau161qz5.png stdout tsv
11:26:26 INFO     Finished converting document agu_ptd_2025_2027_anexo_de_entregas_assinado_assinado_assinado-copia_tarjada.pdf in 26.10 sec.
11:26:26 INFO       pixel_budget (Docling) agu_ptd_2025_2027_anexo_de_entregas_assinado_assinado_assinado-copia_tarjada.pdf: 45.8% (área tabelas/1001817 px²)
11:26:26 INFO     [1/15] ✓ AGU       :   33 entregas | 26.1s | ETA ~6min
11:26:26 INFO     [2/15] → agu_ptd_2025_2027_docdiretivo_assinado_assinado_assinado-copia_tarjada.pdf
11:26:26 INFO     detected formats: [<InputFormat.PDF: 'pdf'>]
11:26:26 INFO     Going to convert document batch...
11:26:26 INFO     Processing document agu_ptd_2025_2027_docdiretivo_assinado_assinado_assinado-copia_tarjada.pdf
11:26:27 INFO     command: tesseract --psm 0 -l osd /tmp/tmpir069_mg.png stdout
11:26:27 INFO     command: tesseract -l por /tmp/tmpir069_mg.png stdout tsv
11:26:29 INFO     command: tesseract --psm 0 -l osd /tmp/tmp02qoa9jb.png stdout
11:26:30 INFO     command: tesseract -l por /tmp/tmp02qoa9jb.png stdout tsv
11:26:33 INFO     command: tesseract --psm 0 -l osd /tmp/tmp2u672qcx.png stdout
11:26:34 INFO     command: tesseract -l por /tmp/tmp2u672qcx.png stdout tsv
11:26:36 INFO     command: tesseract --psm 0 -l osd /tmp/tmp5nh_dcxd.png stdout
11:26:37 INFO     command: tesseract -l por /tmp/tmp5nh_dcxd.png stdout tsv
11:26:39 INFO     command: tesseract --psm 0 -l osd /tmp/tmpg00fbd84.png stdout
11:26:39 INFO     command: tesseract -l por /tmp/tmpg00fbd84.png stdout tsv
11:26:42 INFO     command: tesseract --psm 0 -l osd /tmp/tmpa7g4moug.png stdout
11:26:43 INFO     command: tesseract -l por /tmp/tmpa7g4moug.png stdout tsv
11:26:54 INFO     command: tesseract --psm 0 -l osd /tmp/tmp9lro1t61.png stdout
11:26:55 INFO     command: tesseract -l por /tmp/tmp9lro1t61.png stdout tsv
11:26:57 INFO     command: tesseract --psm 0 -l osd /tmp/tmpw1oloqxx.png stdout
11:26:58 INFO     command: tesseract -l por /tmp/tmpw1oloqxx.png stdout tsv
11:27:00 INFO     command: tesseract --psm 0 -l osd /tmp/tmp8xgf1gz2.png stdout
11:27:01 INFO     command: tesseract -l por /tmp/tmp8xgf1gz2.png stdout tsv
11:27:03 INFO     command: tesseract --psm 0 -l osd /tmp/tmp3ny07u0i.png stdout
11:27:04 INFO     command: tesseract -l por /tmp/tmp3ny07u0i.png stdout tsv
11:27:21 INFO     command: tesseract --psm 0 -l osd /tmp/tmpgssz6zao.png stdout
11:27:22 INFO     command: tesseract -l por /tmp/tmpgssz6zao.png stdout tsv
11:27:25 INFO     Finished converting document agu_ptd_2025_2027_docdiretivo_assinado_assinado_assinado-copia_tarjada.pdf in 58.86 sec.
11:27:25 INFO       pixel_budget (Docling) agu_ptd_2025_2027_docdiretivo_assinado_assinado_assinado-copia_tarjada.pdf: 2.1% (área tabelas/5513330 px²)
11:27:25 INFO     [2/15] ✓ AGU       :    6 entregas | 58.9s | ETA ~9min
11:27:25 INFO     [3/15] → anexo-de-entregas-mcom_ptd-25_27-copia_tarjada.pdf
11:27:25 INFO     detected formats: [<InputFormat.PDF: 'pdf'>]
11:27:25 INFO     Going to convert document batch...
11:27:25 INFO     Processing document anexo-de-entregas-mcom_ptd-25_27-copia_tarjada.pdf
11:27:26 INFO     command: tesseract --psm 0 -l osd /tmp/tmp1hh3igqg.png stdout
11:27:27 INFO     command: tesseract -l por /tmp/tmp1hh3igqg.png stdout tsv
11:27:29 INFO     command: tesseract --psm 0 -l osd /tmp/tmpg_3lwr8k.png stdout
11:27:31 INFO     command: tesseract -l por /tmp/tmpg_3lwr8k.png stdout tsv
11:27:42 INFO     command: tesseract --psm 0 -l osd /tmp/tmpy397myka.png stdout
11:27:43 INFO     command: tesseract -l por /tmp/tmpy397myka.png stdout tsv
11:28:03 INFO     Finished converting document anexo-de-entregas-mcom_ptd-25_27-copia_tarjada.pdf in 37.76 sec.
11:28:03 INFO       pixel_budget (Docling) anexo-de-entregas-mcom_ptd-25_27-copia_tarjada.pdf: 55.2% (área tabelas/1503636 px²)
11:28:03 INFO     [3/15] ✓ MCOM      :   55 entregas | 37.8s | ETA ~8min
11:28:03 INFO     [4/15] → documento-diretivo-mcom-_-ptd-25_27-copia_tarjada.pdf
11:28:03 INFO     detected formats: [<InputFormat.PDF: 'pdf'>]
11:28:03 INFO     Going to convert document batch...
11:28:03 INFO     Processing document documento-diretivo-mcom-_-ptd-25_27-copia_tarjada.pdf
11:28:03 INFO     command: tesseract --psm 0 -l osd /tmp/tmpz2_5qtv6.png stdout
11:28:04 INFO     command: tesseract -l por /tmp/tmpz2_5qtv6.png stdout tsv
11:28:06 INFO     command: tesseract --psm 0 -l osd /tmp/tmpcbxjdiwz.png stdout
11:28:07 INFO     command: tesseract -l por /tmp/tmpcbxjdiwz.png stdout tsv
11:28:14 INFO     command: tesseract --psm 0 -l osd /tmp/tmps8r4lqx_.png stdout
11:28:15 INFO     command: tesseract -l por /tmp/tmps8r4lqx_.png stdout tsv
11:28:16 INFO     command: tesseract --psm 0 -l osd /tmp/tmp0tdx18ej.png stdout
11:28:17 INFO     command: tesseract -l por /tmp/tmp0tdx18ej.png stdout tsv
11:28:19 INFO     command: tesseract --psm 0 -l osd /tmp/tmpw73yskgg.png stdout
11:28:20 INFO     command: tesseract -l por /tmp/tmpw73yskgg.png stdout tsv
11:28:22 INFO     command: tesseract --psm 0 -l osd /tmp/tmpsec488eh.png stdout
11:28:24 INFO     command: tesseract -l por /tmp/tmpsec488eh.png stdout tsv
11:28:39 INFO     command: tesseract --psm 0 -l osd /tmp/tmp9oe2t6q3.png stdout
11:28:40 INFO     command: tesseract -l por /tmp/tmp9oe2t6q3.png stdout tsv
11:28:42 INFO     command: tesseract --psm 0 -l osd /tmp/tmpeenkn9ik.png stdout
11:28:42 INFO     command: tesseract -l por /tmp/tmpeenkn9ik.png stdout tsv
11:28:45 INFO     command: tesseract --psm 0 -l osd /tmp/tmpg_xcafvj.png stdout
11:28:46 INFO     command: tesseract -l por /tmp/tmpg_xcafvj.png stdout tsv
11:28:48 INFO     command: tesseract --psm 0 -l osd /tmp/tmpyqp1qy07.png stdout
11:28:49 INFO     command: tesseract -l por /tmp/tmpyqp1qy07.png stdout tsv
11:28:53 INFO     command: tesseract --psm 0 -l osd /tmp/tmpk9btaxyd.png stdout
11:28:54 INFO     command: tesseract -l por /tmp/tmpk9btaxyd.png stdout tsv
11:29:01 INFO     command: tesseract --psm 0 -l osd /tmp/tmpjukymc34.png stdout
11:29:01 INFO     command: tesseract -l por /tmp/tmpjukymc34.png stdout tsv
11:29:03 INFO     command: tesseract --psm 0 -l osd /tmp/tmptptvo4xm.png stdout
11:29:04 INFO     command: tesseract -l por /tmp/tmptptvo4xm.png stdout tsv
11:29:06 INFO     command: tesseract --psm 0 -l osd /tmp/tmpl8necm7q.png stdout
11:29:07 INFO     command: tesseract -l por /tmp/tmpl8necm7q.png stdout tsv
11:29:13 INFO     Finished converting document documento-diretivo-mcom-_-ptd-25_27-copia_tarjada.pdf in 70.03 sec.
11:29:13 INFO       pixel_budget (Docling) documento-diretivo-mcom-_-ptd-25_27-copia_tarjada.pdf: 10.8% (área tabelas/7016966 px²)
11:29:13 WARNING  [4/15] ⚠ MCOM      :    0 entregas | 70.0s | ETA ~8min
11:29:13 INFO     [5/15] → fiocruz-ptd-06_2024-copia_tarjada.pdf
11:29:13 INFO     detected formats: [<InputFormat.PDF: 'pdf'>]
11:29:13 INFO     Going to convert document batch...
11:29:13 INFO     Initializing pipeline for StandardPdfPipeline with options hash d18651824ca6fe56cf3ccb20424ac2c8
11:29:13 INFO     Accelerator device: 'cpu'
11:29:13 INFO     HTTP Request: GET https://huggingface.co/api/models/docling-project/docling-layout-heron/revision/main "HTTP/1.1 200 OK"
11:29:13 INFO     HTTP Request: GET https://huggingface.co/api/models/docling-project/docling-models/revision/v2.3.0 "HTTP/1.1 200 OK"
11:29:13 INFO     Accelerator device: 'cpu'
11:29:14 INFO     Processing document fiocruz-ptd-06_2024-copia_tarjada.pdf
11:30:21 INFO     Finished converting document fiocruz-ptd-06_2024-copia_tarjada.pdf in 68.62 sec.
11:30:21 INFO       pixel_budget (Docling) fiocruz-ptd-06_2024-copia_tarjada.pdf: 36.4% (área tabelas/7518178 px²)
11:30:21 WARNING  [5/15] ⚠ FIOCRUZ   :    0 entregas | 68.7s | ETA ~8min
11:30:21 INFO     [6/15] → fiocruz_novo-ptd_2-1_docdiretivo_repactuacao_2024-2026_assinado_assinado-copia_tarjada.pdf
11:30:21 INFO     detected formats: [<InputFormat.PDF: 'pdf'>]
11:30:21 INFO     Going to convert document batch...
11:30:21 INFO     Processing document fiocruz_novo-ptd_2-1_docdiretivo_repactuacao_2024-2026_assinado_assinado-copia_tarjada.pdf
11:30:39 INFO     Finished converting document fiocruz_novo-ptd_2-1_docdiretivo_repactuacao_2024-2026_assinado_assinado-copia_tarjada.pdf in 17.79 sec.
11:30:39 INFO       pixel_budget (Docling) fiocruz_novo-ptd_2-1_docdiretivo_repactuacao_2024-2026_assinado_assinado-copia_tarjada.pdf: 11.3% (área tabelas/5012118 px²)
11:30:39 WARNING  [6/15] ⚠ FIOCRUZ   :    0 entregas | 17.8s | ETA ~6min
11:30:39 INFO     [7/15] → fiocruz_ptd_anexo_de_entregas_assinado_v1_assinado_assinado-1-copia_tarjada.pdf
11:30:39 INFO     detected formats: [<InputFormat.PDF: 'pdf'>]
11:30:39 INFO     Going to convert document batch...
11:30:39 INFO     Processing document fiocruz_ptd_anexo_de_entregas_assinado_v1_assinado_assinado-1-copia_tarjada.pdf
11:31:11 INFO     Finished converting document fiocruz_ptd_anexo_de_entregas_assinado_v1_assinado_assinado-1-copia_tarjada.pdf in 31.78 sec.
11:31:11 INFO       pixel_budget (Docling) fiocruz_ptd_anexo_de_entregas_assinado_v1_assinado_assinado-1-copia_tarjada.pdf: 54.7% (área tabelas/2004847 px²)
11:31:11 INFO     [7/15] ✓ FIOCRUZ   :   62 entregas | 31.8s | ETA ~5min
11:31:11 INFO     [8/15] → funai_anexo_de_entregas_repactuado_2026_2027_assinado_assinado_assinado.pdf
11:31:11 INFO     detected formats: [<InputFormat.PDF: 'pdf'>]
11:31:11 INFO     Going to convert document batch...
11:31:11 INFO     Processing document funai_anexo_de_entregas_repactuado_2026_2027_assinado_assinado_assinado.pdf
11:31:12 INFO     command: tesseract --psm 0 -l osd /tmp/tmpd6u8qpuj.png stdout
11:31:13 INFO     command: tesseract -l por /tmp/tmpd6u8qpuj.png stdout tsv
11:31:26 INFO     Finished converting document funai_anexo_de_entregas_repactuado_2026_2027_assinado_assinado_assinado.pdf in 14.93 sec.
11:31:26 INFO       pixel_budget (Docling) funai_anexo_de_entregas_repactuado_2026_2027_assinado_assinado_assinado.pdf: 49.8% (área tabelas/501212 px²)
11:31:26 INFO     [8/15] ✓ FUNAI     :   22 entregas | 14.9s | ETA ~4min
11:31:26 INFO     [9/15] → funai_ptd_2025_2027_docdiretivo_assinado-1_tarjado.pdf
11:31:26 INFO     detected formats: [<InputFormat.PDF: 'pdf'>]
11:31:26 INFO     Going to convert document batch...
11:31:26 INFO     Processing document funai_ptd_2025_2027_docdiretivo_assinado-1_tarjado.pdf
11:31:27 INFO     command: tesseract --psm 0 -l osd /tmp/tmpudnyf4e0.png stdout
11:31:28 INFO     command: tesseract -l por /tmp/tmpudnyf4e0.png stdout tsv
11:31:29 INFO     command: tesseract --psm 0 -l osd /tmp/tmp0qd905et.png stdout
11:31:30 INFO     command: tesseract -l por /tmp/tmp0qd905et.png stdout tsv
11:31:34 INFO     command: tesseract --psm 0 -l osd /tmp/tmpvbs424ny.png stdout
11:31:35 INFO     command: tesseract -l por /tmp/tmpvbs424ny.png stdout tsv
11:31:37 INFO     command: tesseract --psm 0 -l osd /tmp/tmpadbwcadm.png stdout
11:31:38 INFO     command: tesseract -l por /tmp/tmpadbwcadm.png stdout tsv
11:31:39 INFO     command: tesseract --psm 0 -l osd /tmp/tmpai812xuc.png stdout
11:31:40 INFO     command: tesseract -l por /tmp/tmpai812xuc.png stdout tsv
11:31:42 INFO     command: tesseract --psm 0 -l osd /tmp/tmpka7u22b2.png stdout
11:31:44 INFO     command: tesseract -l por /tmp/tmpka7u22b2.png stdout tsv
11:31:54 INFO     command: tesseract --psm 0 -l osd /tmp/tmpwd_ip0gc.png stdout
11:31:55 INFO     command: tesseract -l por /tmp/tmpwd_ip0gc.png stdout tsv
11:31:56 INFO     command: tesseract --psm 0 -l osd /tmp/tmpvjdy9p_u.png stdout
11:31:57 INFO     command: tesseract -l por /tmp/tmpvjdy9p_u.png stdout tsv
11:31:58 INFO     command: tesseract --psm 0 -l osd /tmp/tmpz8_xk8t1.png stdout
11:31:59 INFO     command: tesseract -l por /tmp/tmpz8_xk8t1.png stdout tsv
11:32:01 INFO     command: tesseract --psm 0 -l osd /tmp/tmpi21uld5z.png stdout
11:32:02 INFO     command: tesseract -l por /tmp/tmpi21uld5z.png stdout tsv
11:32:18 INFO     command: tesseract --psm 0 -l osd /tmp/tmpvr9o5kf0.png stdout
11:32:19 INFO     command: tesseract -l por /tmp/tmpvr9o5kf0.png stdout tsv
11:32:24 INFO     command: tesseract --psm 0 -l osd /tmp/tmp0nt21ona.png stdout
11:32:24 INFO     command: tesseract -l por /tmp/tmp0nt21ona.png stdout tsv
11:32:26 INFO     command: tesseract --psm 0 -l osd /tmp/tmpys9d0xt9.png stdout
11:32:27 INFO     command: tesseract -l por /tmp/tmpys9d0xt9.png stdout tsv
11:32:33 INFO     Finished converting document funai_ptd_2025_2027_docdiretivo_assinado-1_tarjado.pdf in 67.31 sec.
11:32:33 INFO       pixel_budget (Docling) funai_ptd_2025_2027_docdiretivo_assinado-1_tarjado.pdf: 16.4% (área tabelas/6515754 px²)
11:32:33 INFO     [9/15] ✓ FUNAI     :    8 entregas | 67.3s | ETA ~4min
11:32:33 INFO     [10/15] → incra_anexo_de_entregas_assinado-1_assinado_assinado-copia_tarjada.pdf
11:32:33 INFO     detected formats: [<InputFormat.PDF: 'pdf'>]
11:32:33 INFO     Going to convert document batch...
11:32:33 INFO     Processing document incra_anexo_de_entregas_assinado-1_assinado_assinado-copia_tarjada.pdf
11:32:34 INFO     command: tesseract --psm 0 -l osd /tmp/tmpetom_e1r.png stdout
11:32:35 INFO     command: tesseract -l por /tmp/tmpetom_e1r.png stdout tsv
11:32:38 INFO     command: tesseract --psm 0 -l osd /tmp/tmpg2vkg3ek.png stdout
11:32:39 INFO     command: tesseract -l por /tmp/tmpg2vkg3ek.png stdout tsv
11:32:44 INFO     command: tesseract --psm 0 -l osd /tmp/tmp5g37lp94.png stdout
11:32:46 INFO     command: tesseract -l por /tmp/tmp5g37lp94.png stdout tsv
11:32:48 INFO     command: tesseract --psm 0 -l osd /tmp/tmpjmtq7ies.png stdout
11:32:49 INFO     command: tesseract -l por /tmp/tmpjmtq7ies.png stdout tsv
11:32:51 INFO     command: tesseract --psm 0 -l osd /tmp/tmpj1gmssbr.png stdout
11:32:52 INFO     command: tesseract -l por /tmp/tmpj1gmssbr.png stdout tsv
11:34:24 INFO     Finished converting document incra_anexo_de_entregas_assinado-1_assinado_assinado-copia_tarjada.pdf in 110.87 sec.
11:34:24 INFO       pixel_budget (Docling) incra_anexo_de_entregas_assinado-1_assinado_assinado-copia_tarjada.pdf: 30.0% (área tabelas/2423520 px²)
11:34:24 INFO     [10/15] ✓ INCRA     :   11 entregas | 110.9s | ETA ~4min
11:34:24 INFO     [11/15] → incra_ptd_docdiretivo__assinado-1_assinado_assinado-copia_tarjada.pdf
11:34:24 INFO     detected formats: [<InputFormat.PDF: 'pdf'>]
11:34:24 INFO     Going to convert document batch...
11:34:24 INFO     Processing document incra_ptd_docdiretivo__assinado-1_assinado_assinado-copia_tarjada.pdf
11:34:25 INFO     command: tesseract --psm 0 -l osd /tmp/tmpzg9y59p6.png stdout
11:34:26 INFO     command: tesseract -l por /tmp/tmpzg9y59p6.png stdout tsv
11:34:29 INFO     command: tesseract --psm 0 -l osd /tmp/tmp5n42djr9.png stdout
11:34:30 INFO     command: tesseract -l por /tmp/tmp5n42djr9.png stdout tsv
11:34:34 INFO     command: tesseract --psm 0 -l osd /tmp/tmp4dcds0ez.png stdout
11:34:35 INFO     command: tesseract -l por /tmp/tmp4dcds0ez.png stdout tsv
11:34:37 INFO     command: tesseract --psm 0 -l osd /tmp/tmpotr_8vrk.png stdout
11:34:38 INFO     command: tesseract -l por /tmp/tmpotr_8vrk.png stdout tsv
11:34:40 INFO     command: tesseract --psm 0 -l osd /tmp/tmpezmn3rwa.png stdout
11:34:40 INFO     command: tesseract -l por /tmp/tmpezmn3rwa.png stdout tsv
11:34:42 INFO     command: tesseract --psm 0 -l osd /tmp/tmp2q1_f0rx.png stdout
11:34:44 INFO     command: tesseract -l por /tmp/tmp2q1_f0rx.png stdout tsv
11:35:00 INFO     command: tesseract --psm 0 -l osd /tmp/tmppbqmkffq.png stdout
11:35:01 INFO     command: tesseract -l por /tmp/tmppbqmkffq.png stdout tsv
11:35:02 INFO     command: tesseract --psm 0 -l osd /tmp/tmpyj6120sk.png stdout
11:35:03 INFO     command: tesseract -l por /tmp/tmpyj6120sk.png stdout tsv
11:35:05 INFO     command: tesseract --psm 0 -l osd /tmp/tmptc93q7ql.png stdout
11:35:06 INFO     command: tesseract -l por /tmp/tmptc93q7ql.png stdout tsv
11:35:08 INFO     command: tesseract --psm 0 -l osd /tmp/tmprw003c8d.png stdout
11:35:09 INFO     command: tesseract -l por /tmp/tmprw003c8d.png stdout tsv
11:35:14 INFO     command: tesseract --psm 0 -l osd /tmp/tmpw6thst3n.png stdout
11:35:15 INFO     command: tesseract -l por /tmp/tmpw6thst3n.png stdout tsv
11:35:27 INFO     command: tesseract --psm 0 -l osd /tmp/tmpyviyyr5x.png stdout
11:35:27 INFO     command: tesseract -l por /tmp/tmpyviyyr5x.png stdout tsv
11:35:29 INFO     command: tesseract --psm 0 -l osd /tmp/tmp70b708v3.png stdout
11:35:30 INFO     command: tesseract -l por /tmp/tmp70b708v3.png stdout tsv
11:35:37 INFO     Finished converting document incra_ptd_docdiretivo__assinado-1_assinado_assinado-copia_tarjada.pdf in 73.34 sec.
11:35:37 INFO       pixel_budget (Docling) incra_ptd_docdiretivo__assinado-1_assinado_assinado-copia_tarjada.pdf: 20.2% (área tabelas/6515754 px²)
11:35:37 INFO     [11/15] ✓ INCRA     :    9 entregas | 73.4s | ETA ~3min
11:35:37 INFO     [12/15] → iti_anexo_de_entregas_assinado.pdf
11:35:37 INFO     detected formats: [<InputFormat.PDF: 'pdf'>]
11:35:37 INFO     Going to convert document batch...
11:35:37 INFO     Processing document iti_anexo_de_entregas_assinado.pdf
11:35:38 INFO     command: tesseract --psm 0 -l osd /tmp/tmpwn8l3rky.png stdout
11:35:39 INFO     command: tesseract -l por /tmp/tmpwn8l3rky.png stdout tsv
11:35:55 INFO     Finished converting document iti_anexo_de_entregas_assinado.pdf in 17.31 sec.
11:35:55 INFO       pixel_budget (Docling) iti_anexo_de_entregas_assinado.pdf: 57.2% (área tabelas/501212 px²)
11:35:55 INFO     [12/15] ✓ ITI       :   31 entregas | 17.3s | ETA ~2min
11:35:55 INFO     [13/15] → iti_doc_diretivo_assinado-1_tarjado.pdf
11:35:55 INFO     detected formats: [<InputFormat.PDF: 'pdf'>]
11:35:55 INFO     Going to convert document batch...
11:35:55 INFO     Processing document iti_doc_diretivo_assinado-1_tarjado.pdf
11:35:55 INFO     command: tesseract --psm 0 -l osd /tmp/tmpowr51urn.png stdout
11:35:56 INFO     command: tesseract -l por /tmp/tmpowr51urn.png stdout tsv
11:35:59 INFO     command: tesseract --psm 0 -l osd /tmp/tmp95jsginc.png stdout
11:36:00 INFO     command: tesseract -l por /tmp/tmp95jsginc.png stdout tsv
11:36:02 INFO     command: tesseract --psm 0 -l osd /tmp/tmpizbkgjne.png stdout
11:36:03 INFO     command: tesseract -l por /tmp/tmpizbkgjne.png stdout tsv
11:36:05 INFO     command: tesseract --psm 0 -l osd /tmp/tmpjsdufar1.png stdout
11:36:06 INFO     command: tesseract -l por /tmp/tmpjsdufar1.png stdout tsv
11:36:07 INFO     command: tesseract --psm 0 -l osd /tmp/tmp0gxq8oio.png stdout
11:36:08 INFO     command: tesseract -l por /tmp/tmp0gxq8oio.png stdout tsv
11:36:10 INFO     command: tesseract --psm 0 -l osd /tmp/tmppb9sjfk0.png stdout
11:36:12 INFO     command: tesseract -l por /tmp/tmppb9sjfk0.png stdout tsv
11:36:28 INFO     command: tesseract --psm 0 -l osd /tmp/tmpq5z76au0.png stdout
11:36:29 INFO     command: tesseract -l por /tmp/tmpq5z76au0.png stdout tsv
11:36:31 INFO     command: tesseract --psm 0 -l osd /tmp/tmpkds3jvbd.png stdout
11:36:32 INFO     command: tesseract -l por /tmp/tmpkds3jvbd.png stdout tsv
11:36:34 INFO     command: tesseract --psm 0 -l osd /tmp/tmp6f36r7ta.png stdout
11:36:35 INFO     command: tesseract -l por /tmp/tmp6f36r7ta.png stdout tsv
11:36:37 INFO     command: tesseract --psm 0 -l osd /tmp/tmp4xduait9.png stdout
11:36:38 INFO     command: tesseract -l por /tmp/tmp4xduait9.png stdout tsv
11:36:53 INFO     command: tesseract --psm 0 -l osd /tmp/tmpf4594pjx.png stdout
11:36:54 INFO     command: tesseract -l por /tmp/tmpf4594pjx.png stdout tsv
11:36:57 INFO     Finished converting document iti_doc_diretivo_assinado-1_tarjado.pdf in 62.39 sec.
11:36:57 INFO       pixel_budget (Docling) iti_doc_diretivo_assinado-1_tarjado.pdf: 8.0% (área tabelas/5516339 px²)
11:36:57 INFO     [13/15] ✓ ITI       :    6 entregas | 62.4s | ETA ~1min
11:36:57 INFO     [14/15] → sgpr_ptd_2025_2027_anexo_de_entregas_assinado-copia_tarjada.pdf
11:36:57 INFO     detected formats: [<InputFormat.PDF: 'pdf'>]
11:36:57 INFO     Going to convert document batch...
11:36:57 INFO     Processing document sgpr_ptd_2025_2027_anexo_de_entregas_assinado-copia_tarjada.pdf
11:36:58 INFO     command: tesseract --psm 0 -l osd /tmp/tmpg85cuexq.png stdout
11:36:59 INFO     command: tesseract -l por /tmp/tmpg85cuexq.png stdout tsv
11:37:02 INFO     command: tesseract --psm 0 -l osd /tmp/tmpfyg26o2a.png stdout
11:37:03 INFO     command: tesseract -l por /tmp/tmpfyg26o2a.png stdout tsv
11:37:15 INFO     Finished converting document sgpr_ptd_2025_2027_anexo_de_entregas_assinado-copia_tarjada.pdf in 17.59 sec.
11:37:15 INFO       pixel_budget (Docling) sgpr_ptd_2025_2027_anexo_de_entregas_assinado-copia_tarjada.pdf: 29.5% (área tabelas/1002424 px²)
11:37:15 INFO     [14/15] ✓ SGPR      :   18 entregas | 17.6s | ETA ~48s
11:37:15 INFO     [15/15] → sgpr_ptd_2026_2027_docdiretivo_assinado-copia_tarjada.pdf
11:37:15 INFO     detected formats: [<InputFormat.PDF: 'pdf'>]
11:37:15 INFO     Going to convert document batch...
11:37:15 INFO     Processing document sgpr_ptd_2026_2027_docdiretivo_assinado-copia_tarjada.pdf
11:37:34 INFO     Finished converting document sgpr_ptd_2026_2027_docdiretivo_assinado-copia_tarjada.pdf in 19.73 sec.
11:37:35 INFO       pixel_budget (Docling) sgpr_ptd_2026_2027_docdiretivo_assinado-copia_tarjada.pdf: 8.2% (área tabelas/5513330 px²)
11:37:35 WARNING  [15/15] ⚠ SGPR      :    0 entregas | 19.7s | ETA ~0s
11:37:35 INFO     261 registros | 7 órgãos
11:37:35 INFO     ╔══════════════════════════════════════════════════════════════╗
11:37:35 INFO     ║                  ENTREGAS — fase concluída                   ║
11:37:35 INFO     ║  Processados: 15    |  ✓ 11  ⚠ 4                             ║
11:37:35 INFO     ║  Duração: 11.6 min                                           ║
11:37:35 INFO     ║  261 registros | 7 órgãos                                    ║
11:37:35 INFO     ╚══════════════════════════════════════════════════════════════╝
11:37:35 INFO     [1/7] → agu_ptd_2025_2027_docdiretivo_assinado_assinado_assinado-copia_tarjada.pdf
11:37:35 INFO     detected formats: [<InputFormat.PDF: 'pdf'>]
11:37:35 INFO     Going to convert document batch...
11:37:35 INFO     Processing document agu_ptd_2025_2027_docdiretivo_assinado_assinado_assinado-copia_tarjada.pdf
11:37:35 INFO     command: tesseract --psm 0 -l osd /tmp/tmpt2dmm1xy.png stdout
11:37:35 INFO     command: tesseract -l por /tmp/tmpt2dmm1xy.png stdout tsv
11:37:37 INFO     command: tesseract --psm 0 -l osd /tmp/tmp7kpjpcrj.png stdout
11:37:39 INFO     command: tesseract -l por /tmp/tmp7kpjpcrj.png stdout tsv
11:37:42 INFO     command: tesseract --psm 0 -l osd /tmp/tmpk77lpphi.png stdout
11:37:43 INFO     command: tesseract -l por /tmp/tmpk77lpphi.png stdout tsv
11:37:45 INFO     command: tesseract --psm 0 -l osd /tmp/tmplmj5p7l9.png stdout
11:37:46 INFO     command: tesseract -l por /tmp/tmplmj5p7l9.png stdout tsv
11:37:48 INFO     command: tesseract --psm 0 -l osd /tmp/tmp7bdcxn1v.png stdout
11:37:49 INFO     command: tesseract -l por /tmp/tmp7bdcxn1v.png stdout tsv
11:37:51 INFO     command: tesseract --psm 0 -l osd /tmp/tmp3t2i9o7t.png stdout
11:37:53 INFO     command: tesseract -l por /tmp/tmp3t2i9o7t.png stdout tsv
11:38:03 INFO     command: tesseract --psm 0 -l osd /tmp/tmpzgj8s71r.png stdout
11:38:04 INFO     command: tesseract -l por /tmp/tmpzgj8s71r.png stdout tsv
11:38:06 INFO     command: tesseract --psm 0 -l osd /tmp/tmplrzsum0m.png stdout
11:38:07 INFO     command: tesseract -l por /tmp/tmplrzsum0m.png stdout tsv
11:38:09 INFO     command: tesseract --psm 0 -l osd /tmp/tmpcgpszg4r.png stdout
11:38:10 INFO     command: tesseract -l por /tmp/tmpcgpszg4r.png stdout tsv
11:38:12 INFO     command: tesseract --psm 0 -l osd /tmp/tmpi4hv5jw8.png stdout
11:38:13 INFO     command: tesseract -l por /tmp/tmpi4hv5jw8.png stdout tsv
11:38:27 INFO     command: tesseract --psm 0 -l osd /tmp/tmp0g8qdzvi.png stdout
11:38:28 INFO     command: tesseract -l por /tmp/tmp0g8qdzvi.png stdout tsv
11:38:31 INFO     Finished converting document agu_ptd_2025_2027_docdiretivo_assinado_assinado_assinado-copia_tarjada.pdf in 56.60 sec.
11:38:31 INFO     [1/7] ✓ AGU       :   7 riscos | 56.6s | ETA ~5min
11:38:31 INFO     [2/7] → documento-diretivo-mcom-_-ptd-25_27-copia_tarjada.pdf
11:38:31 INFO     detected formats: [<InputFormat.PDF: 'pdf'>]
11:38:31 INFO     Going to convert document batch...
11:38:31 INFO     Processing document documento-diretivo-mcom-_-ptd-25_27-copia_tarjada.pdf
11:38:32 INFO     command: tesseract --psm 0 -l osd /tmp/tmpo_tpgu4b.png stdout
11:38:32 INFO     command: tesseract -l por /tmp/tmpo_tpgu4b.png stdout tsv
11:38:35 INFO     command: tesseract --psm 0 -l osd /tmp/tmpdvm6pg6d.png stdout
11:38:36 INFO     command: tesseract -l por /tmp/tmpdvm6pg6d.png stdout tsv
11:38:39 INFO     command: tesseract --psm 0 -l osd /tmp/tmpklpmag7p.png stdout
11:38:40 INFO     command: tesseract -l por /tmp/tmpklpmag7p.png stdout tsv
11:38:41 INFO     command: tesseract --psm 0 -l osd /tmp/tmpvwly06wv.png stdout
11:38:42 INFO     command: tesseract -l por /tmp/tmpvwly06wv.png stdout tsv
11:38:44 INFO     command: tesseract --psm 0 -l osd /tmp/tmp1vtt5loq.png stdout
11:38:45 INFO     command: tesseract -l por /tmp/tmp1vtt5loq.png stdout tsv
11:38:47 INFO     command: tesseract --psm 0 -l osd /tmp/tmpc8uu92sn.png stdout
11:38:48 INFO     command: tesseract -l por /tmp/tmpc8uu92sn.png stdout tsv
11:39:03 INFO     command: tesseract --psm 0 -l osd /tmp/tmpuevqysid.png stdout
11:39:04 INFO     command: tesseract -l por /tmp/tmpuevqysid.png stdout tsv
11:39:06 INFO     command: tesseract --psm 0 -l osd /tmp/tmp_ekzalk3.png stdout
11:39:06 INFO     command: tesseract -l por /tmp/tmp_ekzalk3.png stdout tsv
11:39:09 INFO     command: tesseract --psm 0 -l osd /tmp/tmpol2ffz9v.png stdout
11:39:10 INFO     command: tesseract -l por /tmp/tmpol2ffz9v.png stdout tsv
11:39:12 INFO     command: tesseract --psm 0 -l osd /tmp/tmpcq_j6d7o.png stdout
11:39:13 INFO     command: tesseract -l por /tmp/tmpcq_j6d7o.png stdout tsv
11:39:17 INFO     command: tesseract --psm 0 -l osd /tmp/tmpi50c12eg.png stdout
11:39:18 INFO     command: tesseract -l por /tmp/tmpi50c12eg.png stdout tsv
11:39:25 INFO     command: tesseract --psm 0 -l osd /tmp/tmp5h6uslrl.png stdout
11:39:25 INFO     command: tesseract -l por /tmp/tmp5h6uslrl.png stdout tsv
11:39:27 INFO     command: tesseract --psm 0 -l osd /tmp/tmpug3yoiae.png stdout
11:39:28 INFO     command: tesseract -l por /tmp/tmpug3yoiae.png stdout tsv
11:39:30 INFO     command: tesseract --psm 0 -l osd /tmp/tmp0njmz9k_.png stdout
11:39:31 INFO     command: tesseract -l por /tmp/tmp0njmz9k_.png stdout tsv
11:39:37 INFO     Finished converting document documento-diretivo-mcom-_-ptd-25_27-copia_tarjada.pdf in 65.62 sec.
11:39:37 INFO     [2/7] ✓ MCOM      :  14 riscos | 65.6s | ETA ~5min
11:39:37 INFO     [3/7] → fiocruz_novo-ptd_2-1_docdiretivo_repactuacao_2024-2026_assinado_assinado-copia_tarjada.pdf
11:39:37 INFO     detected formats: [<InputFormat.PDF: 'pdf'>]
11:39:37 INFO     Going to convert document batch...
11:39:37 INFO     Processing document fiocruz_novo-ptd_2-1_docdiretivo_repactuacao_2024-2026_assinado_assinado-copia_tarjada.pdf
11:39:54 INFO     Finished converting document fiocruz_novo-ptd_2-1_docdiretivo_repactuacao_2024-2026_assinado_assinado-copia_tarjada.pdf in 17.58 sec.
11:39:54 INFO     [3/7] ✓ FIOCRUZ   :   6 riscos | 17.6s | ETA ~3min
11:39:54 INFO     [4/7] → funai_ptd_2025_2027_docdiretivo_assinado-1_tarjado.pdf
11:39:54 INFO     detected formats: [<InputFormat.PDF: 'pdf'>]
11:39:54 INFO     Going to convert document batch...
11:39:54 INFO     Processing document funai_ptd_2025_2027_docdiretivo_assinado-1_tarjado.pdf
11:39:56 INFO     command: tesseract --psm 0 -l osd /tmp/tmp97do9ymt.png stdout
11:39:56 INFO     command: tesseract -l por /tmp/tmp97do9ymt.png stdout tsv
11:39:58 INFO     command: tesseract --psm 0 -l osd /tmp/tmpwlvoerdq.png stdout
11:39:59 INFO     command: tesseract -l por /tmp/tmpwlvoerdq.png stdout tsv
11:40:02 INFO     command: tesseract --psm 0 -l osd /tmp/tmpyt6zsxi3.png stdout
11:40:02 INFO     command: tesseract -l por /tmp/tmpyt6zsxi3.png stdout tsv
11:40:04 INFO     command: tesseract --psm 0 -l osd /tmp/tmph1ap0lgy.png stdout
11:40:05 INFO     command: tesseract -l por /tmp/tmph1ap0lgy.png stdout tsv
11:40:07 INFO     command: tesseract --psm 0 -l osd /tmp/tmp55yiwlrp.png stdout
11:40:08 INFO     command: tesseract -l por /tmp/tmp55yiwlrp.png stdout tsv
11:40:10 INFO     command: tesseract --psm 0 -l osd /tmp/tmp1l1rnwfs.png stdout
11:40:11 INFO     command: tesseract -l por /tmp/tmp1l1rnwfs.png stdout tsv
11:40:22 INFO     command: tesseract --psm 0 -l osd /tmp/tmpcm_hh3yz.png stdout
11:40:23 INFO     command: tesseract -l por /tmp/tmpcm_hh3yz.png stdout tsv
11:40:24 INFO     command: tesseract --psm 0 -l osd /tmp/tmpj5mkadtw.png stdout
11:40:25 INFO     command: tesseract -l por /tmp/tmpj5mkadtw.png stdout tsv
11:40:26 INFO     command: tesseract --psm 0 -l osd /tmp/tmpqn0bdlwx.png stdout
11:40:27 INFO     command: tesseract -l por /tmp/tmpqn0bdlwx.png stdout tsv
11:40:29 INFO     command: tesseract --psm 0 -l osd /tmp/tmpx2nk94l7.png stdout
11:40:30 INFO     command: tesseract -l por /tmp/tmpx2nk94l7.png stdout tsv
11:40:47 INFO     command: tesseract --psm 0 -l osd /tmp/tmpzwnkxy_c.png stdout
11:40:48 INFO     command: tesseract -l por /tmp/tmpzwnkxy_c.png stdout tsv
11:40:52 INFO     command: tesseract --psm 0 -l osd /tmp/tmpm8kusw_k.png stdout
11:40:52 INFO     command: tesseract -l por /tmp/tmpm8kusw_k.png stdout tsv
11:40:54 INFO     command: tesseract --psm 0 -l osd /tmp/tmp00vcklvu.png stdout
11:40:55 INFO     command: tesseract -l por /tmp/tmp00vcklvu.png stdout tsv
11:41:01 INFO     Finished converting document funai_ptd_2025_2027_docdiretivo_assinado-1_tarjado.pdf in 67.06 sec.
11:41:01 INFO     [4/7] ✓ FUNAI     :  15 riscos | 67.1s | ETA ~2min
11:41:01 INFO     [5/7] → incra_ptd_docdiretivo__assinado-1_assinado_assinado-copia_tarjada.pdf
11:41:01 INFO     detected formats: [<InputFormat.PDF: 'pdf'>]
11:41:01 INFO     Going to convert document batch...
11:41:01 INFO     Processing document incra_ptd_docdiretivo__assinado-1_assinado_assinado-copia_tarjada.pdf
11:41:03 INFO     command: tesseract --psm 0 -l osd /tmp/tmpgqqmugjg.png stdout
11:41:03 INFO     command: tesseract -l por /tmp/tmpgqqmugjg.png stdout tsv
11:41:05 INFO     command: tesseract --psm 0 -l osd /tmp/tmp0brcep6r.png stdout
11:41:07 INFO     command: tesseract -l por /tmp/tmp0brcep6r.png stdout tsv
11:41:12 INFO     command: tesseract --psm 0 -l osd /tmp/tmp7gumgapx.png stdout
11:41:12 INFO     command: tesseract -l por /tmp/tmp7gumgapx.png stdout tsv
11:41:14 INFO     command: tesseract --psm 0 -l osd /tmp/tmpe5ki_b70.png stdout
11:41:15 INFO     command: tesseract -l por /tmp/tmpe5ki_b70.png stdout tsv
11:41:17 INFO     command: tesseract --psm 0 -l osd /tmp/tmpean3dymw.png stdout
11:41:17 INFO     command: tesseract -l por /tmp/tmpean3dymw.png stdout tsv
11:41:20 INFO     command: tesseract --psm 0 -l osd /tmp/tmp7o69wt5z.png stdout
11:41:21 INFO     command: tesseract -l por /tmp/tmp7o69wt5z.png stdout tsv
11:41:33 INFO     command: tesseract --psm 0 -l osd /tmp/tmprfcgbexh.png stdout
11:41:34 INFO     command: tesseract -l por /tmp/tmprfcgbexh.png stdout tsv
11:41:36 INFO     command: tesseract --psm 0 -l osd /tmp/tmpzdo826c3.png stdout
11:41:37 INFO     command: tesseract -l por /tmp/tmpzdo826c3.png stdout tsv
11:41:39 INFO     command: tesseract --psm 0 -l osd /tmp/tmp00mkav_j.png stdout
11:41:40 INFO     command: tesseract -l por /tmp/tmp00mkav_j.png stdout tsv
11:41:41 INFO     command: tesseract --psm 0 -l osd /tmp/tmpu9hqb2bu.png stdout
11:41:43 INFO     command: tesseract -l por /tmp/tmpu9hqb2bu.png stdout tsv
11:41:48 INFO     command: tesseract --psm 0 -l osd /tmp/tmpb8citerw.png stdout
11:41:49 INFO     command: tesseract -l por /tmp/tmpb8citerw.png stdout tsv
11:41:57 INFO     command: tesseract --psm 0 -l osd /tmp/tmp99rihv58.png stdout
11:41:58 INFO     command: tesseract -l por /tmp/tmp99rihv58.png stdout tsv
11:42:00 INFO     command: tesseract --psm 0 -l osd /tmp/tmpt7p3vvsu.png stdout
11:42:01 INFO     command: tesseract -l por /tmp/tmpt7p3vvsu.png stdout tsv
11:42:09 INFO     Finished converting document incra_ptd_docdiretivo__assinado-1_assinado_assinado-copia_tarjada.pdf in 67.23 sec.
11:42:09 INFO     [5/7] ✓ INCRA     :  15 riscos | 67.2s | ETA ~1min
11:42:09 INFO     [6/7] → iti_doc_diretivo_assinado-1_tarjado.pdf
11:42:09 INFO     detected formats: [<InputFormat.PDF: 'pdf'>]
11:42:09 INFO     Going to convert document batch...
11:42:09 INFO     Processing document iti_doc_diretivo_assinado-1_tarjado.pdf
11:42:09 INFO     command: tesseract --psm 0 -l osd /tmp/tmpy2qx1d6a.png stdout
11:42:10 INFO     command: tesseract -l por /tmp/tmpy2qx1d6a.png stdout tsv
11:42:12 INFO     command: tesseract --psm 0 -l osd /tmp/tmp7vcfw178.png stdout
11:42:14 INFO     command: tesseract -l por /tmp/tmp7vcfw178.png stdout tsv
11:42:18 INFO     command: tesseract --psm 0 -l osd /tmp/tmp9ki1_scg.png stdout
11:42:18 INFO     command: tesseract -l por /tmp/tmp9ki1_scg.png stdout tsv
11:42:20 INFO     command: tesseract --psm 0 -l osd /tmp/tmp9b8n3a89.png stdout
11:42:21 INFO     command: tesseract -l por /tmp/tmp9b8n3a89.png stdout tsv
11:42:23 INFO     command: tesseract --psm 0 -l osd /tmp/tmptkqlw87e.png stdout
11:42:23 INFO     command: tesseract -l por /tmp/tmptkqlw87e.png stdout tsv
11:42:26 INFO     command: tesseract --psm 0 -l osd /tmp/tmpy522rwdk.png stdout
11:42:27 INFO     command: tesseract -l por /tmp/tmpy522rwdk.png stdout tsv
11:42:41 INFO     command: tesseract --psm 0 -l osd /tmp/tmpcpe8spe9.png stdout
11:42:42 INFO     command: tesseract -l por /tmp/tmpcpe8spe9.png stdout tsv
11:42:44 INFO     command: tesseract --psm 0 -l osd /tmp/tmplowjtism.png stdout
11:42:45 INFO     command: tesseract -l por /tmp/tmplowjtism.png stdout tsv
11:42:47 INFO     command: tesseract --psm 0 -l osd /tmp/tmpl9xouec2.png stdout
11:42:48 INFO     command: tesseract -l por /tmp/tmpl9xouec2.png stdout tsv
11:42:50 INFO     command: tesseract --psm 0 -l osd /tmp/tmp2kspmky1.png stdout
11:42:51 INFO     command: tesseract -l por /tmp/tmp2kspmky1.png stdout tsv
11:43:04 INFO     command: tesseract --psm 0 -l osd /tmp/tmp_edwa40i.png stdout
11:43:05 INFO     command: tesseract -l por /tmp/tmp_edwa40i.png stdout tsv
11:43:08 INFO     Finished converting document iti_doc_diretivo_assinado-1_tarjado.pdf in 59.16 sec.
11:43:08 INFO     [6/7] ✓ ITI       :  14 riscos | 59.2s | ETA ~56s
11:43:08 INFO     [7/7] → sgpr_ptd_2026_2027_docdiretivo_assinado-copia_tarjada.pdf
11:43:08 INFO     detected formats: [<InputFormat.PDF: 'pdf'>]
11:43:08 INFO     Going to convert document batch...
11:43:08 INFO     Processing document sgpr_ptd_2026_2027_docdiretivo_assinado-copia_tarjada.pdf
11:43:27 INFO     Finished converting document sgpr_ptd_2026_2027_docdiretivo_assinado-copia_tarjada.pdf in 19.59 sec.
11:43:27 INFO     [7/7] ✓ SGPR      :  10 riscos | 19.6s | ETA ~0s
11:43:27 INFO     ╔══════════════════════════════════════════════════════════════╗
11:43:27 INFO     ║                   RISCOS — fase concluída                    ║
11:43:27 INFO     ║  Processados: 7     |  ✓ 7  ⚠ 0                              ║
11:43:27 INFO     ║  Duração: 5.9 min                                            ║
11:43:27 INFO     ║  81 riscos | 7 órgãos                                        ║
11:43:27 INFO     ╚══════════════════════════════════════════════════════════════╝
11:43:27 INFO     81 riscos | 0 ações | 135 relações
11:43:27 INFO     ptd_corpus_raw                     : 261 linhas
11:43:27 INFO     ptd_pivot_eixos                    : 7 linhas
11:43:31 INFO     ptd_datas_assinatura               : 132 linhas
11:43:31 INFO     ptd_riscos                         : 81 linhas
11:43:31 INFO     ptd_riscos_acoes                   : 135 linhas
11:43:31 INFO     Manifesto salvo: pipeline_manifest.json | SHA-256 de 132 PDFs
11:43:31 INFO     ==================================================
11:43:31 INFO     PTD-BR v3.0-melhorado — PIPELINE CONCLUÍDO
11:43:31 INFO     ==================================================
11:43:31 INFO     ptd_corpus_raw.csv                        160 KB
11:43:31 INFO     ptd_pivot_eixos.csv                         0 KB
11:43:31 INFO     ptd_datas_assinatura.csv                    9 KB
11:43:31 INFO     ptd_riscos.csv                             23 KB
11:43:31 INFO     ptd_riscos_acoes.csv                        2 KB
11:43:31 INFO     proveniencia.json                           0 KB
11:43:31 INFO     pipeline_manifest.json                     20 KB
11:43:31 INFO     📦 Artefatos: https://github.com/freirelucas/teste/actions/runs/23977761896
11:43:31 INFO     ==================================================
